[2023-12-01T17:41:49.036+0000] {processor.py:157} INFO - Started process (PID=42) to work on /opt/airflow/dags/ml_pipeline.py
[2023-12-01T17:41:49.037+0000] {processor.py:829} INFO - Processing file /opt/airflow/dags/ml_pipeline.py for tasks to queue
[2023-12-01T17:41:49.041+0000] {logging_mixin.py:154} INFO - [2023-12-01T17:41:49.041+0000] {dagbag.py:536} INFO - Filling up the DagBag from /opt/airflow/dags/ml_pipeline.py
[2023-12-01T17:41:50.655+0000] {logging_mixin.py:154} INFO - [2023-12-01T17:41:50.651+0000] {dagbag.py:346} ERROR - Failed to import: /opt/airflow/dags/ml_pipeline.py
Traceback (most recent call last):
  File "/home/airflow/.local/lib/python3.8/site-packages/airflow/models/dagbag.py", line 342, in parse
    loader.exec_module(new_module)
  File "<frozen importlib._bootstrap_external>", line 843, in exec_module
  File "<frozen importlib._bootstrap>", line 219, in _call_with_frames_removed
  File "/opt/airflow/dags/ml_pipeline.py", line 86, in <module>
    dag = DAG(
  File "/home/airflow/.local/lib/python3.8/site-packages/airflow/models/dag.py", line 493, in __init__
    validate_key(dag_id)
  File "/home/airflow/.local/lib/python3.8/site-packages/airflow/utils/helpers.py", line 57, in validate_key
    raise AirflowException(
airflow.exceptions.AirflowException: The key 'heart attack classification' has to be made of alphanumeric characters, dashes, dots and underscores exclusively
[2023-12-01T17:41:50.656+0000] {processor.py:841} WARNING - No viable dags retrieved from /opt/airflow/dags/ml_pipeline.py
[2023-12-01T17:41:50.667+0000] {processor.py:179} INFO - Processing /opt/airflow/dags/ml_pipeline.py took 1.636 seconds
[2023-12-01T17:42:20.938+0000] {processor.py:157} INFO - Started process (PID=132) to work on /opt/airflow/dags/ml_pipeline.py
[2023-12-01T17:42:20.938+0000] {processor.py:829} INFO - Processing file /opt/airflow/dags/ml_pipeline.py for tasks to queue
[2023-12-01T17:42:20.940+0000] {logging_mixin.py:154} INFO - [2023-12-01T17:42:20.940+0000] {dagbag.py:536} INFO - Filling up the DagBag from /opt/airflow/dags/ml_pipeline.py
[2023-12-01T17:42:21.590+0000] {logging_mixin.py:154} INFO - [2023-12-01T17:42:21.587+0000] {dagbag.py:346} ERROR - Failed to import: /opt/airflow/dags/ml_pipeline.py
Traceback (most recent call last):
  File "/home/airflow/.local/lib/python3.8/site-packages/airflow/models/dagbag.py", line 342, in parse
    loader.exec_module(new_module)
  File "<frozen importlib._bootstrap_external>", line 843, in exec_module
  File "<frozen importlib._bootstrap>", line 219, in _call_with_frames_removed
  File "/opt/airflow/dags/ml_pipeline.py", line 86, in <module>
    dag = DAG(
  File "/home/airflow/.local/lib/python3.8/site-packages/airflow/models/dag.py", line 493, in __init__
    validate_key(dag_id)
  File "/home/airflow/.local/lib/python3.8/site-packages/airflow/utils/helpers.py", line 57, in validate_key
    raise AirflowException(
airflow.exceptions.AirflowException: The key 'heart attack classification' has to be made of alphanumeric characters, dashes, dots and underscores exclusively
[2023-12-01T17:42:21.590+0000] {processor.py:841} WARNING - No viable dags retrieved from /opt/airflow/dags/ml_pipeline.py
[2023-12-01T17:42:21.601+0000] {processor.py:179} INFO - Processing /opt/airflow/dags/ml_pipeline.py took 0.665 seconds
[2023-12-01T17:42:51.703+0000] {processor.py:157} INFO - Started process (PID=222) to work on /opt/airflow/dags/ml_pipeline.py
[2023-12-01T17:42:51.704+0000] {processor.py:829} INFO - Processing file /opt/airflow/dags/ml_pipeline.py for tasks to queue
[2023-12-01T17:42:51.705+0000] {logging_mixin.py:154} INFO - [2023-12-01T17:42:51.705+0000] {dagbag.py:536} INFO - Filling up the DagBag from /opt/airflow/dags/ml_pipeline.py
[2023-12-01T17:42:52.388+0000] {logging_mixin.py:154} INFO - [2023-12-01T17:42:52.385+0000] {dagbag.py:346} ERROR - Failed to import: /opt/airflow/dags/ml_pipeline.py
Traceback (most recent call last):
  File "/home/airflow/.local/lib/python3.8/site-packages/airflow/models/dagbag.py", line 342, in parse
    loader.exec_module(new_module)
  File "<frozen importlib._bootstrap_external>", line 843, in exec_module
  File "<frozen importlib._bootstrap>", line 219, in _call_with_frames_removed
  File "/opt/airflow/dags/ml_pipeline.py", line 86, in <module>
    dag = DAG(
  File "/home/airflow/.local/lib/python3.8/site-packages/airflow/models/dag.py", line 493, in __init__
    validate_key(dag_id)
  File "/home/airflow/.local/lib/python3.8/site-packages/airflow/utils/helpers.py", line 57, in validate_key
    raise AirflowException(
airflow.exceptions.AirflowException: The key 'heart attack classification' has to be made of alphanumeric characters, dashes, dots and underscores exclusively
[2023-12-01T17:42:52.389+0000] {processor.py:841} WARNING - No viable dags retrieved from /opt/airflow/dags/ml_pipeline.py
[2023-12-01T17:42:52.399+0000] {processor.py:179} INFO - Processing /opt/airflow/dags/ml_pipeline.py took 0.698 seconds
[2023-12-01T17:43:22.536+0000] {processor.py:157} INFO - Started process (PID=312) to work on /opt/airflow/dags/ml_pipeline.py
[2023-12-01T17:43:22.537+0000] {processor.py:829} INFO - Processing file /opt/airflow/dags/ml_pipeline.py for tasks to queue
[2023-12-01T17:43:22.538+0000] {logging_mixin.py:154} INFO - [2023-12-01T17:43:22.538+0000] {dagbag.py:536} INFO - Filling up the DagBag from /opt/airflow/dags/ml_pipeline.py
[2023-12-01T17:43:23.174+0000] {logging_mixin.py:154} INFO - [2023-12-01T17:43:23.171+0000] {dagbag.py:346} ERROR - Failed to import: /opt/airflow/dags/ml_pipeline.py
Traceback (most recent call last):
  File "/home/airflow/.local/lib/python3.8/site-packages/airflow/models/dagbag.py", line 342, in parse
    loader.exec_module(new_module)
  File "<frozen importlib._bootstrap_external>", line 843, in exec_module
  File "<frozen importlib._bootstrap>", line 219, in _call_with_frames_removed
  File "/opt/airflow/dags/ml_pipeline.py", line 86, in <module>
    dag = DAG(
  File "/home/airflow/.local/lib/python3.8/site-packages/airflow/models/dag.py", line 493, in __init__
    validate_key(dag_id)
  File "/home/airflow/.local/lib/python3.8/site-packages/airflow/utils/helpers.py", line 57, in validate_key
    raise AirflowException(
airflow.exceptions.AirflowException: The key 'heart attack classification' has to be made of alphanumeric characters, dashes, dots and underscores exclusively
[2023-12-01T17:43:23.174+0000] {processor.py:841} WARNING - No viable dags retrieved from /opt/airflow/dags/ml_pipeline.py
[2023-12-01T17:43:23.184+0000] {processor.py:179} INFO - Processing /opt/airflow/dags/ml_pipeline.py took 0.650 seconds
[2023-12-01T17:43:53.498+0000] {processor.py:157} INFO - Started process (PID=402) to work on /opt/airflow/dags/ml_pipeline.py
[2023-12-01T17:43:53.499+0000] {processor.py:829} INFO - Processing file /opt/airflow/dags/ml_pipeline.py for tasks to queue
[2023-12-01T17:43:53.500+0000] {logging_mixin.py:154} INFO - [2023-12-01T17:43:53.500+0000] {dagbag.py:536} INFO - Filling up the DagBag from /opt/airflow/dags/ml_pipeline.py
[2023-12-01T17:43:54.177+0000] {logging_mixin.py:154} INFO - [2023-12-01T17:43:54.174+0000] {dagbag.py:346} ERROR - Failed to import: /opt/airflow/dags/ml_pipeline.py
Traceback (most recent call last):
  File "/home/airflow/.local/lib/python3.8/site-packages/airflow/models/dagbag.py", line 342, in parse
    loader.exec_module(new_module)
  File "<frozen importlib._bootstrap_external>", line 843, in exec_module
  File "<frozen importlib._bootstrap>", line 219, in _call_with_frames_removed
  File "/opt/airflow/dags/ml_pipeline.py", line 86, in <module>
    dag = DAG(
  File "/home/airflow/.local/lib/python3.8/site-packages/airflow/models/dag.py", line 493, in __init__
    validate_key(dag_id)
  File "/home/airflow/.local/lib/python3.8/site-packages/airflow/utils/helpers.py", line 57, in validate_key
    raise AirflowException(
airflow.exceptions.AirflowException: The key 'heart attack classification' has to be made of alphanumeric characters, dashes, dots and underscores exclusively
[2023-12-01T17:43:54.178+0000] {processor.py:841} WARNING - No viable dags retrieved from /opt/airflow/dags/ml_pipeline.py
[2023-12-01T17:43:54.190+0000] {processor.py:179} INFO - Processing /opt/airflow/dags/ml_pipeline.py took 0.694 seconds
[2023-12-01T17:44:24.574+0000] {processor.py:157} INFO - Started process (PID=492) to work on /opt/airflow/dags/ml_pipeline.py
[2023-12-01T17:44:24.575+0000] {processor.py:829} INFO - Processing file /opt/airflow/dags/ml_pipeline.py for tasks to queue
[2023-12-01T17:44:24.576+0000] {logging_mixin.py:154} INFO - [2023-12-01T17:44:24.576+0000] {dagbag.py:536} INFO - Filling up the DagBag from /opt/airflow/dags/ml_pipeline.py
[2023-12-01T17:44:25.229+0000] {logging_mixin.py:154} INFO - [2023-12-01T17:44:25.226+0000] {dagbag.py:346} ERROR - Failed to import: /opt/airflow/dags/ml_pipeline.py
Traceback (most recent call last):
  File "/home/airflow/.local/lib/python3.8/site-packages/airflow/models/dagbag.py", line 342, in parse
    loader.exec_module(new_module)
  File "<frozen importlib._bootstrap_external>", line 843, in exec_module
  File "<frozen importlib._bootstrap>", line 219, in _call_with_frames_removed
  File "/opt/airflow/dags/ml_pipeline.py", line 86, in <module>
    dag = DAG(
  File "/home/airflow/.local/lib/python3.8/site-packages/airflow/models/dag.py", line 493, in __init__
    validate_key(dag_id)
  File "/home/airflow/.local/lib/python3.8/site-packages/airflow/utils/helpers.py", line 57, in validate_key
    raise AirflowException(
airflow.exceptions.AirflowException: The key 'heart attack classification' has to be made of alphanumeric characters, dashes, dots and underscores exclusively
[2023-12-01T17:44:25.229+0000] {processor.py:841} WARNING - No viable dags retrieved from /opt/airflow/dags/ml_pipeline.py
[2023-12-01T17:44:25.240+0000] {processor.py:179} INFO - Processing /opt/airflow/dags/ml_pipeline.py took 0.667 seconds
[2023-12-01T17:44:30.279+0000] {processor.py:157} INFO - Started process (PID=575) to work on /opt/airflow/dags/ml_pipeline.py
[2023-12-01T17:44:30.279+0000] {processor.py:829} INFO - Processing file /opt/airflow/dags/ml_pipeline.py for tasks to queue
[2023-12-01T17:44:30.280+0000] {logging_mixin.py:154} INFO - [2023-12-01T17:44:30.280+0000] {dagbag.py:536} INFO - Filling up the DagBag from /opt/airflow/dags/ml_pipeline.py
[2023-12-01T17:44:30.874+0000] {logging_mixin.py:154} INFO - [2023-12-01T17:44:30.870+0000] {dagbag.py:346} ERROR - Failed to import: /opt/airflow/dags/ml_pipeline.py
Traceback (most recent call last):
  File "/home/airflow/.local/lib/python3.8/site-packages/airflow/models/dagbag.py", line 342, in parse
    loader.exec_module(new_module)
  File "<frozen importlib._bootstrap_external>", line 843, in exec_module
  File "<frozen importlib._bootstrap>", line 219, in _call_with_frames_removed
  File "/opt/airflow/dags/ml_pipeline.py", line 86, in <module>
    dag = DAG(
  File "/home/airflow/.local/lib/python3.8/site-packages/airflow/models/dag.py", line 493, in __init__
    validate_key(dag_id)
  File "/home/airflow/.local/lib/python3.8/site-packages/airflow/utils/helpers.py", line 57, in validate_key
    raise AirflowException(
airflow.exceptions.AirflowException: The key 'heart_attack classification' has to be made of alphanumeric characters, dashes, dots and underscores exclusively
[2023-12-01T17:44:30.875+0000] {processor.py:841} WARNING - No viable dags retrieved from /opt/airflow/dags/ml_pipeline.py
[2023-12-01T17:44:30.886+0000] {processor.py:179} INFO - Processing /opt/airflow/dags/ml_pipeline.py took 0.609 seconds
[2023-12-01T17:44:31.928+0000] {processor.py:157} INFO - Started process (PID=592) to work on /opt/airflow/dags/ml_pipeline.py
[2023-12-01T17:44:31.929+0000] {processor.py:829} INFO - Processing file /opt/airflow/dags/ml_pipeline.py for tasks to queue
[2023-12-01T17:44:31.930+0000] {logging_mixin.py:154} INFO - [2023-12-01T17:44:31.930+0000] {dagbag.py:536} INFO - Filling up the DagBag from /opt/airflow/dags/ml_pipeline.py
[2023-12-01T17:44:32.533+0000] {processor.py:839} INFO - DAG(s) dict_keys(['heart_attack_classification']) retrieved from /opt/airflow/dags/ml_pipeline.py
[2023-12-01T17:44:32.597+0000] {logging_mixin.py:154} INFO - [2023-12-01T17:44:32.597+0000] {manager.py:499} INFO - Created Permission View: %s
[2023-12-01T17:44:32.603+0000] {logging_mixin.py:154} INFO - [2023-12-01T17:44:32.603+0000] {manager.py:499} INFO - Created Permission View: %s
[2023-12-01T17:44:32.607+0000] {logging_mixin.py:154} INFO - [2023-12-01T17:44:32.607+0000] {manager.py:499} INFO - Created Permission View: %s
[2023-12-01T17:44:32.608+0000] {logging_mixin.py:154} INFO - [2023-12-01T17:44:32.608+0000] {dag.py:2941} INFO - Sync 1 DAGs
[2023-12-01T17:44:32.615+0000] {logging_mixin.py:154} INFO - [2023-12-01T17:44:32.615+0000] {dag.py:2963} INFO - Creating ORM DAG for heart_attack_classification
[2023-12-01T17:44:32.621+0000] {logging_mixin.py:154} INFO - [2023-12-01T17:44:32.621+0000] {dag.py:3722} INFO - Setting next_dagrun for heart_attack_classification to 2023-12-01T00:00:00+00:00, run_after=2023-12-02T00:00:00+00:00
[2023-12-01T17:44:32.727+0000] {processor.py:179} INFO - Processing /opt/airflow/dags/ml_pipeline.py took 0.801 seconds
[2023-12-01T17:45:20.696+0000] {processor.py:157} INFO - Started process (PID=42) to work on /opt/airflow/dags/ml_pipeline.py
[2023-12-01T17:45:20.697+0000] {processor.py:829} INFO - Processing file /opt/airflow/dags/ml_pipeline.py for tasks to queue
[2023-12-01T17:45:20.699+0000] {logging_mixin.py:154} INFO - [2023-12-01T17:45:20.698+0000] {dagbag.py:536} INFO - Filling up the DagBag from /opt/airflow/dags/ml_pipeline.py
[2023-12-01T17:45:21.929+0000] {processor.py:839} INFO - DAG(s) dict_keys(['heart_attack_classification']) retrieved from /opt/airflow/dags/ml_pipeline.py
[2023-12-01T17:45:22.049+0000] {logging_mixin.py:154} INFO - [2023-12-01T17:45:22.048+0000] {dag.py:2941} INFO - Sync 1 DAGs
[2023-12-01T17:45:22.062+0000] {logging_mixin.py:154} INFO - [2023-12-01T17:45:22.062+0000] {dag.py:3722} INFO - Setting next_dagrun for heart_attack_classification to 2023-12-01T00:00:00+00:00, run_after=2023-12-02T00:00:00+00:00
[2023-12-01T17:45:22.075+0000] {processor.py:179} INFO - Processing /opt/airflow/dags/ml_pipeline.py took 1.381 seconds
[2023-12-01T17:45:52.360+0000] {processor.py:157} INFO - Started process (PID=132) to work on /opt/airflow/dags/ml_pipeline.py
[2023-12-01T17:45:52.360+0000] {processor.py:829} INFO - Processing file /opt/airflow/dags/ml_pipeline.py for tasks to queue
[2023-12-01T17:45:52.361+0000] {logging_mixin.py:154} INFO - [2023-12-01T17:45:52.361+0000] {dagbag.py:536} INFO - Filling up the DagBag from /opt/airflow/dags/ml_pipeline.py
[2023-12-01T17:45:53.074+0000] {processor.py:839} INFO - DAG(s) dict_keys(['heart_attack_classification']) retrieved from /opt/airflow/dags/ml_pipeline.py
[2023-12-01T17:45:53.088+0000] {logging_mixin.py:154} INFO - [2023-12-01T17:45:53.087+0000] {dag.py:2941} INFO - Sync 1 DAGs
[2023-12-01T17:45:53.106+0000] {logging_mixin.py:154} INFO - [2023-12-01T17:45:53.105+0000] {dag.py:3722} INFO - Setting next_dagrun for heart_attack_classification to 2023-12-01T00:00:00+00:00, run_after=2023-12-02T00:00:00+00:00
[2023-12-01T17:45:53.118+0000] {processor.py:179} INFO - Processing /opt/airflow/dags/ml_pipeline.py took 0.760 seconds
[2023-12-01T17:46:23.671+0000] {processor.py:157} INFO - Started process (PID=222) to work on /opt/airflow/dags/ml_pipeline.py
[2023-12-01T17:46:23.672+0000] {processor.py:829} INFO - Processing file /opt/airflow/dags/ml_pipeline.py for tasks to queue
[2023-12-01T17:46:23.673+0000] {logging_mixin.py:154} INFO - [2023-12-01T17:46:23.673+0000] {dagbag.py:536} INFO - Filling up the DagBag from /opt/airflow/dags/ml_pipeline.py
[2023-12-01T17:46:24.319+0000] {processor.py:839} INFO - DAG(s) dict_keys(['heart_attack_classification']) retrieved from /opt/airflow/dags/ml_pipeline.py
[2023-12-01T17:46:24.332+0000] {logging_mixin.py:154} INFO - [2023-12-01T17:46:24.331+0000] {dag.py:2941} INFO - Sync 1 DAGs
[2023-12-01T17:46:24.347+0000] {logging_mixin.py:154} INFO - [2023-12-01T17:46:24.347+0000] {dag.py:3722} INFO - Setting next_dagrun for heart_attack_classification to 2023-12-01T00:00:00+00:00, run_after=2023-12-02T00:00:00+00:00
[2023-12-01T17:46:24.358+0000] {processor.py:179} INFO - Processing /opt/airflow/dags/ml_pipeline.py took 0.689 seconds
[2023-12-01T17:46:54.546+0000] {processor.py:157} INFO - Started process (PID=312) to work on /opt/airflow/dags/ml_pipeline.py
[2023-12-01T17:46:54.547+0000] {processor.py:829} INFO - Processing file /opt/airflow/dags/ml_pipeline.py for tasks to queue
[2023-12-01T17:46:54.548+0000] {logging_mixin.py:154} INFO - [2023-12-01T17:46:54.548+0000] {dagbag.py:536} INFO - Filling up the DagBag from /opt/airflow/dags/ml_pipeline.py
[2023-12-01T17:46:55.185+0000] {processor.py:839} INFO - DAG(s) dict_keys(['heart_attack_classification']) retrieved from /opt/airflow/dags/ml_pipeline.py
[2023-12-01T17:46:55.197+0000] {logging_mixin.py:154} INFO - [2023-12-01T17:46:55.197+0000] {dag.py:2941} INFO - Sync 1 DAGs
[2023-12-01T17:46:55.212+0000] {logging_mixin.py:154} INFO - [2023-12-01T17:46:55.212+0000] {dag.py:3722} INFO - Setting next_dagrun for heart_attack_classification to 2023-12-01T00:00:00+00:00, run_after=2023-12-02T00:00:00+00:00
[2023-12-01T17:46:55.224+0000] {processor.py:179} INFO - Processing /opt/airflow/dags/ml_pipeline.py took 0.680 seconds
[2023-12-01T17:47:00.154+0000] {processor.py:157} INFO - Started process (PID=395) to work on /opt/airflow/dags/ml_pipeline.py
[2023-12-01T17:47:00.155+0000] {processor.py:829} INFO - Processing file /opt/airflow/dags/ml_pipeline.py for tasks to queue
[2023-12-01T17:47:00.156+0000] {logging_mixin.py:154} INFO - [2023-12-01T17:47:00.156+0000] {dagbag.py:536} INFO - Filling up the DagBag from /opt/airflow/dags/ml_pipeline.py
[2023-12-01T17:47:00.780+0000] {processor.py:839} INFO - DAG(s) dict_keys(['heart_attack_classification']) retrieved from /opt/airflow/dags/ml_pipeline.py
[2023-12-01T17:47:00.844+0000] {logging_mixin.py:154} INFO - [2023-12-01T17:47:00.844+0000] {dag.py:2941} INFO - Sync 1 DAGs
[2023-12-01T17:47:00.857+0000] {logging_mixin.py:154} INFO - [2023-12-01T17:47:00.857+0000] {dag.py:3722} INFO - Setting next_dagrun for heart_attack_classification to 2023-12-01T00:00:00+00:00, run_after=2023-12-02T00:00:00+00:00
[2023-12-01T17:47:00.980+0000] {processor.py:179} INFO - Processing /opt/airflow/dags/ml_pipeline.py took 0.828 seconds
[2023-12-01T17:47:52.163+0000] {processor.py:157} INFO - Started process (PID=42) to work on /opt/airflow/dags/ml_pipeline.py
[2023-12-01T17:47:52.164+0000] {processor.py:829} INFO - Processing file /opt/airflow/dags/ml_pipeline.py for tasks to queue
[2023-12-01T17:47:52.166+0000] {logging_mixin.py:154} INFO - [2023-12-01T17:47:52.165+0000] {dagbag.py:536} INFO - Filling up the DagBag from /opt/airflow/dags/ml_pipeline.py
[2023-12-01T17:47:53.357+0000] {processor.py:839} INFO - DAG(s) dict_keys(['heart_attack_classification']) retrieved from /opt/airflow/dags/ml_pipeline.py
[2023-12-01T17:47:53.490+0000] {logging_mixin.py:154} INFO - [2023-12-01T17:47:53.489+0000] {dag.py:2941} INFO - Sync 1 DAGs
[2023-12-01T17:47:53.503+0000] {logging_mixin.py:154} INFO - [2023-12-01T17:47:53.503+0000] {dag.py:3722} INFO - Setting next_dagrun for heart_attack_classification to 2023-12-01T00:00:00+00:00, run_after=2023-12-02T00:00:00+00:00
[2023-12-01T17:47:53.516+0000] {processor.py:179} INFO - Processing /opt/airflow/dags/ml_pipeline.py took 1.355 seconds
[2023-12-01T17:48:23.815+0000] {processor.py:157} INFO - Started process (PID=132) to work on /opt/airflow/dags/ml_pipeline.py
[2023-12-01T17:48:23.815+0000] {processor.py:829} INFO - Processing file /opt/airflow/dags/ml_pipeline.py for tasks to queue
[2023-12-01T17:48:23.816+0000] {logging_mixin.py:154} INFO - [2023-12-01T17:48:23.816+0000] {dagbag.py:536} INFO - Filling up the DagBag from /opt/airflow/dags/ml_pipeline.py
[2023-12-01T17:48:24.556+0000] {processor.py:839} INFO - DAG(s) dict_keys(['heart_attack_classification']) retrieved from /opt/airflow/dags/ml_pipeline.py
[2023-12-01T17:48:24.568+0000] {logging_mixin.py:154} INFO - [2023-12-01T17:48:24.568+0000] {dag.py:2941} INFO - Sync 1 DAGs
[2023-12-01T17:48:24.583+0000] {logging_mixin.py:154} INFO - [2023-12-01T17:48:24.583+0000] {dag.py:3722} INFO - Setting next_dagrun for heart_attack_classification to 2023-12-01T00:00:00+00:00, run_after=2023-12-02T00:00:00+00:00
[2023-12-01T17:48:24.597+0000] {processor.py:179} INFO - Processing /opt/airflow/dags/ml_pipeline.py took 0.784 seconds
[2023-12-01T17:48:54.669+0000] {processor.py:157} INFO - Started process (PID=222) to work on /opt/airflow/dags/ml_pipeline.py
[2023-12-01T17:48:54.669+0000] {processor.py:829} INFO - Processing file /opt/airflow/dags/ml_pipeline.py for tasks to queue
[2023-12-01T17:48:54.671+0000] {logging_mixin.py:154} INFO - [2023-12-01T17:48:54.670+0000] {dagbag.py:536} INFO - Filling up the DagBag from /opt/airflow/dags/ml_pipeline.py
[2023-12-01T17:48:55.333+0000] {processor.py:839} INFO - DAG(s) dict_keys(['heart_attack_classification']) retrieved from /opt/airflow/dags/ml_pipeline.py
[2023-12-01T17:48:55.345+0000] {logging_mixin.py:154} INFO - [2023-12-01T17:48:55.345+0000] {dag.py:2941} INFO - Sync 1 DAGs
[2023-12-01T17:48:55.360+0000] {logging_mixin.py:154} INFO - [2023-12-01T17:48:55.360+0000] {dag.py:3722} INFO - Setting next_dagrun for heart_attack_classification to 2023-12-01T00:00:00+00:00, run_after=2023-12-02T00:00:00+00:00
[2023-12-01T17:48:55.372+0000] {processor.py:179} INFO - Processing /opt/airflow/dags/ml_pipeline.py took 0.705 seconds
[2023-12-01T17:49:25.537+0000] {processor.py:157} INFO - Started process (PID=312) to work on /opt/airflow/dags/ml_pipeline.py
[2023-12-01T17:49:25.537+0000] {processor.py:829} INFO - Processing file /opt/airflow/dags/ml_pipeline.py for tasks to queue
[2023-12-01T17:49:25.538+0000] {logging_mixin.py:154} INFO - [2023-12-01T17:49:25.538+0000] {dagbag.py:536} INFO - Filling up the DagBag from /opt/airflow/dags/ml_pipeline.py
[2023-12-01T17:49:26.172+0000] {processor.py:839} INFO - DAG(s) dict_keys(['heart_attack_classification']) retrieved from /opt/airflow/dags/ml_pipeline.py
[2023-12-01T17:49:26.183+0000] {logging_mixin.py:154} INFO - [2023-12-01T17:49:26.183+0000] {dag.py:2941} INFO - Sync 1 DAGs
[2023-12-01T17:49:26.198+0000] {logging_mixin.py:154} INFO - [2023-12-01T17:49:26.198+0000] {dag.py:3722} INFO - Setting next_dagrun for heart_attack_classification to 2023-12-01T00:00:00+00:00, run_after=2023-12-02T00:00:00+00:00
[2023-12-01T17:49:26.209+0000] {processor.py:179} INFO - Processing /opt/airflow/dags/ml_pipeline.py took 0.675 seconds
[2023-12-01T17:49:56.473+0000] {processor.py:157} INFO - Started process (PID=402) to work on /opt/airflow/dags/ml_pipeline.py
[2023-12-01T17:49:56.474+0000] {processor.py:829} INFO - Processing file /opt/airflow/dags/ml_pipeline.py for tasks to queue
[2023-12-01T17:49:56.475+0000] {logging_mixin.py:154} INFO - [2023-12-01T17:49:56.475+0000] {dagbag.py:536} INFO - Filling up the DagBag from /opt/airflow/dags/ml_pipeline.py
[2023-12-01T17:49:57.184+0000] {processor.py:839} INFO - DAG(s) dict_keys(['heart_attack_classification']) retrieved from /opt/airflow/dags/ml_pipeline.py
[2023-12-01T17:49:57.196+0000] {logging_mixin.py:154} INFO - [2023-12-01T17:49:57.196+0000] {dag.py:2941} INFO - Sync 1 DAGs
[2023-12-01T17:49:57.211+0000] {logging_mixin.py:154} INFO - [2023-12-01T17:49:57.211+0000] {dag.py:3722} INFO - Setting next_dagrun for heart_attack_classification to 2023-12-01T00:00:00+00:00, run_after=2023-12-02T00:00:00+00:00
[2023-12-01T17:49:57.222+0000] {processor.py:179} INFO - Processing /opt/airflow/dags/ml_pipeline.py took 0.751 seconds
[2023-12-01T17:50:27.423+0000] {processor.py:157} INFO - Started process (PID=492) to work on /opt/airflow/dags/ml_pipeline.py
[2023-12-01T17:50:27.423+0000] {processor.py:829} INFO - Processing file /opt/airflow/dags/ml_pipeline.py for tasks to queue
[2023-12-01T17:50:27.424+0000] {logging_mixin.py:154} INFO - [2023-12-01T17:50:27.424+0000] {dagbag.py:536} INFO - Filling up the DagBag from /opt/airflow/dags/ml_pipeline.py
[2023-12-01T17:50:28.055+0000] {processor.py:839} INFO - DAG(s) dict_keys(['heart_attack_classification']) retrieved from /opt/airflow/dags/ml_pipeline.py
[2023-12-01T17:50:28.067+0000] {logging_mixin.py:154} INFO - [2023-12-01T17:50:28.066+0000] {dag.py:2941} INFO - Sync 1 DAGs
[2023-12-01T17:50:28.081+0000] {logging_mixin.py:154} INFO - [2023-12-01T17:50:28.081+0000] {dag.py:3722} INFO - Setting next_dagrun for heart_attack_classification to 2023-12-01T00:00:00+00:00, run_after=2023-12-02T00:00:00+00:00
[2023-12-01T17:50:28.092+0000] {processor.py:179} INFO - Processing /opt/airflow/dags/ml_pipeline.py took 0.671 seconds
[2023-12-01T17:50:58.302+0000] {processor.py:157} INFO - Started process (PID=582) to work on /opt/airflow/dags/ml_pipeline.py
[2023-12-01T17:50:58.303+0000] {processor.py:829} INFO - Processing file /opt/airflow/dags/ml_pipeline.py for tasks to queue
[2023-12-01T17:50:58.304+0000] {logging_mixin.py:154} INFO - [2023-12-01T17:50:58.304+0000] {dagbag.py:536} INFO - Filling up the DagBag from /opt/airflow/dags/ml_pipeline.py
[2023-12-01T17:50:58.958+0000] {processor.py:839} INFO - DAG(s) dict_keys(['heart_attack_classification']) retrieved from /opt/airflow/dags/ml_pipeline.py
[2023-12-01T17:50:58.971+0000] {logging_mixin.py:154} INFO - [2023-12-01T17:50:58.970+0000] {dag.py:2941} INFO - Sync 1 DAGs
[2023-12-01T17:50:58.985+0000] {logging_mixin.py:154} INFO - [2023-12-01T17:50:58.985+0000] {dag.py:3722} INFO - Setting next_dagrun for heart_attack_classification to 2023-12-01T00:00:00+00:00, run_after=2023-12-02T00:00:00+00:00
[2023-12-01T17:50:58.997+0000] {processor.py:179} INFO - Processing /opt/airflow/dags/ml_pipeline.py took 0.696 seconds
[2023-12-01T17:51:29.312+0000] {processor.py:157} INFO - Started process (PID=674) to work on /opt/airflow/dags/ml_pipeline.py
[2023-12-01T17:51:29.313+0000] {processor.py:829} INFO - Processing file /opt/airflow/dags/ml_pipeline.py for tasks to queue
[2023-12-01T17:51:29.314+0000] {logging_mixin.py:154} INFO - [2023-12-01T17:51:29.314+0000] {dagbag.py:536} INFO - Filling up the DagBag from /opt/airflow/dags/ml_pipeline.py
[2023-12-01T17:51:30.005+0000] {processor.py:839} INFO - DAG(s) dict_keys(['heart_attack_classification']) retrieved from /opt/airflow/dags/ml_pipeline.py
[2023-12-01T17:51:30.017+0000] {logging_mixin.py:154} INFO - [2023-12-01T17:51:30.017+0000] {dag.py:2941} INFO - Sync 1 DAGs
[2023-12-01T17:51:30.032+0000] {logging_mixin.py:154} INFO - [2023-12-01T17:51:30.031+0000] {dag.py:3722} INFO - Setting next_dagrun for heart_attack_classification to 2023-12-01T00:00:00+00:00, run_after=2023-12-02T00:00:00+00:00
[2023-12-01T17:51:30.044+0000] {processor.py:179} INFO - Processing /opt/airflow/dags/ml_pipeline.py took 0.734 seconds
[2023-12-01T17:54:16.934+0000] {processor.py:157} INFO - Started process (PID=42) to work on /opt/airflow/dags/ml_pipeline.py
[2023-12-01T17:54:16.934+0000] {processor.py:829} INFO - Processing file /opt/airflow/dags/ml_pipeline.py for tasks to queue
[2023-12-01T17:54:16.936+0000] {logging_mixin.py:154} INFO - [2023-12-01T17:54:16.936+0000] {dagbag.py:536} INFO - Filling up the DagBag from /opt/airflow/dags/ml_pipeline.py
[2023-12-01T17:54:18.178+0000] {processor.py:839} INFO - DAG(s) dict_keys(['heart_attack_classification']) retrieved from /opt/airflow/dags/ml_pipeline.py
[2023-12-01T17:54:18.309+0000] {logging_mixin.py:154} INFO - [2023-12-01T17:54:18.308+0000] {dag.py:2941} INFO - Sync 1 DAGs
[2023-12-01T17:54:18.322+0000] {logging_mixin.py:154} INFO - [2023-12-01T17:54:18.322+0000] {dag.py:3722} INFO - Setting next_dagrun for heart_attack_classification to 2023-12-01T00:00:00+00:00, run_after=2023-12-02T00:00:00+00:00
[2023-12-01T17:54:18.338+0000] {processor.py:179} INFO - Processing /opt/airflow/dags/ml_pipeline.py took 1.406 seconds
[2023-12-01T17:54:48.552+0000] {processor.py:157} INFO - Started process (PID=132) to work on /opt/airflow/dags/ml_pipeline.py
[2023-12-01T17:54:48.553+0000] {processor.py:829} INFO - Processing file /opt/airflow/dags/ml_pipeline.py for tasks to queue
[2023-12-01T17:54:48.554+0000] {logging_mixin.py:154} INFO - [2023-12-01T17:54:48.554+0000] {dagbag.py:536} INFO - Filling up the DagBag from /opt/airflow/dags/ml_pipeline.py
[2023-12-01T17:54:49.174+0000] {processor.py:839} INFO - DAG(s) dict_keys(['heart_attack_classification']) retrieved from /opt/airflow/dags/ml_pipeline.py
[2023-12-01T17:54:49.187+0000] {logging_mixin.py:154} INFO - [2023-12-01T17:54:49.187+0000] {dag.py:2941} INFO - Sync 1 DAGs
[2023-12-01T17:54:49.202+0000] {logging_mixin.py:154} INFO - [2023-12-01T17:54:49.202+0000] {dag.py:3722} INFO - Setting next_dagrun for heart_attack_classification to 2023-12-01T00:00:00+00:00, run_after=2023-12-02T00:00:00+00:00
[2023-12-01T17:54:49.215+0000] {processor.py:179} INFO - Processing /opt/airflow/dags/ml_pipeline.py took 0.665 seconds
[2023-12-01T17:55:19.495+0000] {processor.py:157} INFO - Started process (PID=222) to work on /opt/airflow/dags/ml_pipeline.py
[2023-12-01T17:55:19.495+0000] {processor.py:829} INFO - Processing file /opt/airflow/dags/ml_pipeline.py for tasks to queue
[2023-12-01T17:55:19.497+0000] {logging_mixin.py:154} INFO - [2023-12-01T17:55:19.496+0000] {dagbag.py:536} INFO - Filling up the DagBag from /opt/airflow/dags/ml_pipeline.py
[2023-12-01T17:55:20.137+0000] {processor.py:839} INFO - DAG(s) dict_keys(['heart_attack_classification']) retrieved from /opt/airflow/dags/ml_pipeline.py
[2023-12-01T17:55:20.149+0000] {logging_mixin.py:154} INFO - [2023-12-01T17:55:20.148+0000] {dag.py:2941} INFO - Sync 1 DAGs
[2023-12-01T17:55:20.167+0000] {logging_mixin.py:154} INFO - [2023-12-01T17:55:20.166+0000] {dag.py:3722} INFO - Setting next_dagrun for heart_attack_classification to 2023-12-01T00:00:00+00:00, run_after=2023-12-02T00:00:00+00:00
[2023-12-01T17:55:20.178+0000] {processor.py:179} INFO - Processing /opt/airflow/dags/ml_pipeline.py took 0.685 seconds
[2023-12-01T17:55:50.460+0000] {processor.py:157} INFO - Started process (PID=314) to work on /opt/airflow/dags/ml_pipeline.py
[2023-12-01T17:55:50.461+0000] {processor.py:829} INFO - Processing file /opt/airflow/dags/ml_pipeline.py for tasks to queue
[2023-12-01T17:55:50.462+0000] {logging_mixin.py:154} INFO - [2023-12-01T17:55:50.462+0000] {dagbag.py:536} INFO - Filling up the DagBag from /opt/airflow/dags/ml_pipeline.py
[2023-12-01T17:55:51.112+0000] {processor.py:839} INFO - DAG(s) dict_keys(['heart_attack_classification']) retrieved from /opt/airflow/dags/ml_pipeline.py
[2023-12-01T17:55:51.125+0000] {logging_mixin.py:154} INFO - [2023-12-01T17:55:51.124+0000] {dag.py:2941} INFO - Sync 1 DAGs
[2023-12-01T17:55:51.140+0000] {logging_mixin.py:154} INFO - [2023-12-01T17:55:51.139+0000] {dag.py:3722} INFO - Setting next_dagrun for heart_attack_classification to 2023-12-01T00:00:00+00:00, run_after=2023-12-02T00:00:00+00:00
[2023-12-01T17:55:51.151+0000] {processor.py:179} INFO - Processing /opt/airflow/dags/ml_pipeline.py took 0.693 seconds
[2023-12-01T17:56:21.628+0000] {processor.py:157} INFO - Started process (PID=421) to work on /opt/airflow/dags/ml_pipeline.py
[2023-12-01T17:56:21.629+0000] {processor.py:829} INFO - Processing file /opt/airflow/dags/ml_pipeline.py for tasks to queue
[2023-12-01T17:56:21.630+0000] {logging_mixin.py:154} INFO - [2023-12-01T17:56:21.630+0000] {dagbag.py:536} INFO - Filling up the DagBag from /opt/airflow/dags/ml_pipeline.py
[2023-12-01T17:56:22.262+0000] {processor.py:839} INFO - DAG(s) dict_keys(['heart_attack_classification']) retrieved from /opt/airflow/dags/ml_pipeline.py
[2023-12-01T17:56:22.274+0000] {logging_mixin.py:154} INFO - [2023-12-01T17:56:22.274+0000] {dag.py:2941} INFO - Sync 1 DAGs
[2023-12-01T17:56:22.290+0000] {logging_mixin.py:154} INFO - [2023-12-01T17:56:22.290+0000] {dag.py:3722} INFO - Setting next_dagrun for heart_attack_classification to 2023-12-01T00:00:00+00:00, run_after=2023-12-02T00:00:00+00:00
[2023-12-01T17:56:22.302+0000] {processor.py:179} INFO - Processing /opt/airflow/dags/ml_pipeline.py took 0.676 seconds
[2023-12-01T17:56:46.862+0000] {processor.py:157} INFO - Started process (PID=492) to work on /opt/airflow/dags/ml_pipeline.py
[2023-12-01T17:56:46.863+0000] {processor.py:829} INFO - Processing file /opt/airflow/dags/ml_pipeline.py for tasks to queue
[2023-12-01T17:56:46.864+0000] {logging_mixin.py:154} INFO - [2023-12-01T17:56:46.864+0000] {dagbag.py:536} INFO - Filling up the DagBag from /opt/airflow/dags/ml_pipeline.py
[2023-12-01T17:56:47.475+0000] {processor.py:839} INFO - DAG(s) dict_keys(['heart_attack_classification']) retrieved from /opt/airflow/dags/ml_pipeline.py
[2023-12-01T17:56:47.539+0000] {logging_mixin.py:154} INFO - [2023-12-01T17:56:47.538+0000] {dag.py:2941} INFO - Sync 1 DAGs
[2023-12-01T17:56:47.551+0000] {logging_mixin.py:154} INFO - [2023-12-01T17:56:47.551+0000] {dag.py:3722} INFO - Setting next_dagrun for heart_attack_classification to 2023-12-01T00:00:00+00:00, run_after=2023-12-02T00:00:00+00:00
[2023-12-01T17:56:47.659+0000] {processor.py:179} INFO - Processing /opt/airflow/dags/ml_pipeline.py took 0.798 seconds
[2023-12-01T17:57:52.176+0000] {processor.py:157} INFO - Started process (PID=42) to work on /opt/airflow/dags/ml_pipeline.py
[2023-12-01T17:57:52.177+0000] {processor.py:829} INFO - Processing file /opt/airflow/dags/ml_pipeline.py for tasks to queue
[2023-12-01T17:57:52.178+0000] {logging_mixin.py:154} INFO - [2023-12-01T17:57:52.178+0000] {dagbag.py:536} INFO - Filling up the DagBag from /opt/airflow/dags/ml_pipeline.py
[2023-12-01T17:57:53.470+0000] {processor.py:839} INFO - DAG(s) dict_keys(['heart_attack_classification']) retrieved from /opt/airflow/dags/ml_pipeline.py
[2023-12-01T17:57:53.613+0000] {logging_mixin.py:154} INFO - [2023-12-01T17:57:53.613+0000] {dag.py:2941} INFO - Sync 1 DAGs
[2023-12-01T17:57:53.630+0000] {logging_mixin.py:154} INFO - [2023-12-01T17:57:53.629+0000] {dag.py:3722} INFO - Setting next_dagrun for heart_attack_classification to 2023-12-01T00:00:00+00:00, run_after=2023-12-02T00:00:00+00:00
[2023-12-01T17:57:53.646+0000] {processor.py:179} INFO - Processing /opt/airflow/dags/ml_pipeline.py took 1.472 seconds
[2023-12-01T17:58:24.021+0000] {processor.py:157} INFO - Started process (PID=132) to work on /opt/airflow/dags/ml_pipeline.py
[2023-12-01T17:58:24.021+0000] {processor.py:829} INFO - Processing file /opt/airflow/dags/ml_pipeline.py for tasks to queue
[2023-12-01T17:58:24.023+0000] {logging_mixin.py:154} INFO - [2023-12-01T17:58:24.022+0000] {dagbag.py:536} INFO - Filling up the DagBag from /opt/airflow/dags/ml_pipeline.py
[2023-12-01T17:58:24.672+0000] {processor.py:839} INFO - DAG(s) dict_keys(['heart_attack_classification']) retrieved from /opt/airflow/dags/ml_pipeline.py
[2023-12-01T17:58:24.684+0000] {logging_mixin.py:154} INFO - [2023-12-01T17:58:24.684+0000] {dag.py:2941} INFO - Sync 1 DAGs
[2023-12-01T17:58:24.700+0000] {logging_mixin.py:154} INFO - [2023-12-01T17:58:24.700+0000] {dag.py:3722} INFO - Setting next_dagrun for heart_attack_classification to 2023-12-01T00:00:00+00:00, run_after=2023-12-02T00:00:00+00:00
[2023-12-01T17:58:24.712+0000] {processor.py:179} INFO - Processing /opt/airflow/dags/ml_pipeline.py took 0.693 seconds
[2023-12-01T17:58:55.022+0000] {processor.py:157} INFO - Started process (PID=224) to work on /opt/airflow/dags/ml_pipeline.py
[2023-12-01T17:58:55.023+0000] {processor.py:829} INFO - Processing file /opt/airflow/dags/ml_pipeline.py for tasks to queue
[2023-12-01T17:58:55.024+0000] {logging_mixin.py:154} INFO - [2023-12-01T17:58:55.024+0000] {dagbag.py:536} INFO - Filling up the DagBag from /opt/airflow/dags/ml_pipeline.py
[2023-12-01T17:58:55.648+0000] {processor.py:839} INFO - DAG(s) dict_keys(['heart_attack_classification']) retrieved from /opt/airflow/dags/ml_pipeline.py
[2023-12-01T17:58:55.661+0000] {logging_mixin.py:154} INFO - [2023-12-01T17:58:55.661+0000] {dag.py:2941} INFO - Sync 1 DAGs
[2023-12-01T17:58:55.677+0000] {logging_mixin.py:154} INFO - [2023-12-01T17:58:55.677+0000] {dag.py:3722} INFO - Setting next_dagrun for heart_attack_classification to 2023-12-01T00:00:00+00:00, run_after=2023-12-02T00:00:00+00:00
[2023-12-01T17:58:55.690+0000] {processor.py:179} INFO - Processing /opt/airflow/dags/ml_pipeline.py took 0.669 seconds
[2023-12-01T17:59:25.809+0000] {processor.py:157} INFO - Started process (PID=329) to work on /opt/airflow/dags/ml_pipeline.py
[2023-12-01T17:59:25.812+0000] {processor.py:829} INFO - Processing file /opt/airflow/dags/ml_pipeline.py for tasks to queue
[2023-12-01T17:59:25.815+0000] {logging_mixin.py:154} INFO - [2023-12-01T17:59:25.815+0000] {dagbag.py:536} INFO - Filling up the DagBag from /opt/airflow/dags/ml_pipeline.py
[2023-12-01T17:59:26.414+0000] {processor.py:839} INFO - DAG(s) dict_keys(['heart_attack_classification']) retrieved from /opt/airflow/dags/ml_pipeline.py
[2023-12-01T17:59:26.426+0000] {logging_mixin.py:154} INFO - [2023-12-01T17:59:26.426+0000] {dag.py:2941} INFO - Sync 1 DAGs
[2023-12-01T17:59:26.440+0000] {logging_mixin.py:154} INFO - [2023-12-01T17:59:26.440+0000] {dag.py:3722} INFO - Setting next_dagrun for heart_attack_classification to 2023-12-01T00:00:00+00:00, run_after=2023-12-02T00:00:00+00:00
[2023-12-01T17:59:26.451+0000] {processor.py:179} INFO - Processing /opt/airflow/dags/ml_pipeline.py took 0.644 seconds
