[2023-11-23T11:22:20.968+0000] {processor.py:157} INFO - Started process (PID=74) to work on /home/airflow/.local/lib/python3.8/site-packages/airflow/example_dags/example_branch_python_dop_operator_3.py
[2023-11-23T11:22:20.969+0000] {processor.py:829} INFO - Processing file /home/airflow/.local/lib/python3.8/site-packages/airflow/example_dags/example_branch_python_dop_operator_3.py for tasks to queue
[2023-11-23T11:22:20.970+0000] {logging_mixin.py:154} INFO - [2023-11-23T11:22:20.970+0000] {dagbag.py:536} INFO - Filling up the DagBag from /home/airflow/.local/lib/python3.8/site-packages/airflow/example_dags/example_branch_python_dop_operator_3.py
[2023-11-23T11:22:21.016+0000] {processor.py:839} INFO - DAG(s) dict_keys(['example_branch_dop_operator_v3']) retrieved from /home/airflow/.local/lib/python3.8/site-packages/airflow/example_dags/example_branch_python_dop_operator_3.py
[2023-11-23T11:22:21.024+0000] {logging_mixin.py:154} INFO - [2023-11-23T11:22:21.023+0000] {dag.py:2941} INFO - Sync 1 DAGs
[2023-11-23T11:22:21.042+0000] {logging_mixin.py:154} INFO - [2023-11-23T11:22:21.042+0000] {dag.py:3722} INFO - Setting next_dagrun for example_branch_dop_operator_v3 to 2023-11-23T11:21:00+00:00, run_after=2023-11-23T11:22:00+00:00
[2023-11-23T11:22:21.053+0000] {processor.py:179} INFO - Processing /home/airflow/.local/lib/python3.8/site-packages/airflow/example_dags/example_branch_python_dop_operator_3.py took 0.087 seconds
[2023-11-23T11:22:51.295+0000] {processor.py:157} INFO - Started process (PID=129) to work on /home/airflow/.local/lib/python3.8/site-packages/airflow/example_dags/example_branch_python_dop_operator_3.py
[2023-11-23T11:22:51.295+0000] {processor.py:829} INFO - Processing file /home/airflow/.local/lib/python3.8/site-packages/airflow/example_dags/example_branch_python_dop_operator_3.py for tasks to queue
[2023-11-23T11:22:51.296+0000] {logging_mixin.py:154} INFO - [2023-11-23T11:22:51.296+0000] {dagbag.py:536} INFO - Filling up the DagBag from /home/airflow/.local/lib/python3.8/site-packages/airflow/example_dags/example_branch_python_dop_operator_3.py
[2023-11-23T11:22:51.301+0000] {processor.py:839} INFO - DAG(s) dict_keys(['example_branch_dop_operator_v3']) retrieved from /home/airflow/.local/lib/python3.8/site-packages/airflow/example_dags/example_branch_python_dop_operator_3.py
[2023-11-23T11:22:51.313+0000] {logging_mixin.py:154} INFO - [2023-11-23T11:22:51.313+0000] {dag.py:2941} INFO - Sync 1 DAGs
[2023-11-23T11:22:51.330+0000] {logging_mixin.py:154} INFO - [2023-11-23T11:22:51.330+0000] {dag.py:3722} INFO - Setting next_dagrun for example_branch_dop_operator_v3 to 2023-11-23T11:21:00+00:00, run_after=2023-11-23T11:22:00+00:00
[2023-11-23T11:22:51.341+0000] {processor.py:179} INFO - Processing /home/airflow/.local/lib/python3.8/site-packages/airflow/example_dags/example_branch_python_dop_operator_3.py took 0.048 seconds
[2023-11-23T11:23:22.201+0000] {processor.py:157} INFO - Started process (PID=183) to work on /home/airflow/.local/lib/python3.8/site-packages/airflow/example_dags/example_branch_python_dop_operator_3.py
[2023-11-23T11:23:22.202+0000] {processor.py:829} INFO - Processing file /home/airflow/.local/lib/python3.8/site-packages/airflow/example_dags/example_branch_python_dop_operator_3.py for tasks to queue
[2023-11-23T11:23:22.203+0000] {logging_mixin.py:154} INFO - [2023-11-23T11:23:22.203+0000] {dagbag.py:536} INFO - Filling up the DagBag from /home/airflow/.local/lib/python3.8/site-packages/airflow/example_dags/example_branch_python_dop_operator_3.py
[2023-11-23T11:23:22.208+0000] {processor.py:839} INFO - DAG(s) dict_keys(['example_branch_dop_operator_v3']) retrieved from /home/airflow/.local/lib/python3.8/site-packages/airflow/example_dags/example_branch_python_dop_operator_3.py
[2023-11-23T11:23:22.221+0000] {logging_mixin.py:154} INFO - [2023-11-23T11:23:22.221+0000] {dag.py:2941} INFO - Sync 1 DAGs
[2023-11-23T11:23:22.240+0000] {logging_mixin.py:154} INFO - [2023-11-23T11:23:22.240+0000] {dag.py:3722} INFO - Setting next_dagrun for example_branch_dop_operator_v3 to 2023-11-23T11:22:00+00:00, run_after=2023-11-23T11:23:00+00:00
[2023-11-23T11:23:22.252+0000] {processor.py:179} INFO - Processing /home/airflow/.local/lib/python3.8/site-packages/airflow/example_dags/example_branch_python_dop_operator_3.py took 0.053 seconds
[2023-11-23T11:23:53.098+0000] {processor.py:157} INFO - Started process (PID=237) to work on /home/airflow/.local/lib/python3.8/site-packages/airflow/example_dags/example_branch_python_dop_operator_3.py
[2023-11-23T11:23:53.099+0000] {processor.py:829} INFO - Processing file /home/airflow/.local/lib/python3.8/site-packages/airflow/example_dags/example_branch_python_dop_operator_3.py for tasks to queue
[2023-11-23T11:23:53.100+0000] {logging_mixin.py:154} INFO - [2023-11-23T11:23:53.100+0000] {dagbag.py:536} INFO - Filling up the DagBag from /home/airflow/.local/lib/python3.8/site-packages/airflow/example_dags/example_branch_python_dop_operator_3.py
[2023-11-23T11:23:53.105+0000] {processor.py:839} INFO - DAG(s) dict_keys(['example_branch_dop_operator_v3']) retrieved from /home/airflow/.local/lib/python3.8/site-packages/airflow/example_dags/example_branch_python_dop_operator_3.py
[2023-11-23T11:23:53.119+0000] {logging_mixin.py:154} INFO - [2023-11-23T11:23:53.119+0000] {dag.py:2941} INFO - Sync 1 DAGs
[2023-11-23T11:23:53.138+0000] {logging_mixin.py:154} INFO - [2023-11-23T11:23:53.138+0000] {dag.py:3722} INFO - Setting next_dagrun for example_branch_dop_operator_v3 to 2023-11-23T11:22:00+00:00, run_after=2023-11-23T11:23:00+00:00
[2023-11-23T11:23:53.152+0000] {processor.py:179} INFO - Processing /home/airflow/.local/lib/python3.8/site-packages/airflow/example_dags/example_branch_python_dop_operator_3.py took 0.056 seconds
[2023-11-23T11:24:23.786+0000] {processor.py:157} INFO - Started process (PID=291) to work on /home/airflow/.local/lib/python3.8/site-packages/airflow/example_dags/example_branch_python_dop_operator_3.py
[2023-11-23T11:24:23.787+0000] {processor.py:829} INFO - Processing file /home/airflow/.local/lib/python3.8/site-packages/airflow/example_dags/example_branch_python_dop_operator_3.py for tasks to queue
[2023-11-23T11:24:23.788+0000] {logging_mixin.py:154} INFO - [2023-11-23T11:24:23.788+0000] {dagbag.py:536} INFO - Filling up the DagBag from /home/airflow/.local/lib/python3.8/site-packages/airflow/example_dags/example_branch_python_dop_operator_3.py
[2023-11-23T11:24:23.793+0000] {processor.py:839} INFO - DAG(s) dict_keys(['example_branch_dop_operator_v3']) retrieved from /home/airflow/.local/lib/python3.8/site-packages/airflow/example_dags/example_branch_python_dop_operator_3.py
[2023-11-23T11:24:23.804+0000] {logging_mixin.py:154} INFO - [2023-11-23T11:24:23.804+0000] {dag.py:2941} INFO - Sync 1 DAGs
[2023-11-23T11:24:23.821+0000] {logging_mixin.py:154} INFO - [2023-11-23T11:24:23.821+0000] {dag.py:3722} INFO - Setting next_dagrun for example_branch_dop_operator_v3 to 2023-11-23T11:23:00+00:00, run_after=2023-11-23T11:24:00+00:00
[2023-11-23T11:24:23.832+0000] {processor.py:179} INFO - Processing /home/airflow/.local/lib/python3.8/site-packages/airflow/example_dags/example_branch_python_dop_operator_3.py took 0.047 seconds
[2023-11-23T11:24:54.259+0000] {processor.py:157} INFO - Started process (PID=345) to work on /home/airflow/.local/lib/python3.8/site-packages/airflow/example_dags/example_branch_python_dop_operator_3.py
[2023-11-23T11:24:54.259+0000] {processor.py:829} INFO - Processing file /home/airflow/.local/lib/python3.8/site-packages/airflow/example_dags/example_branch_python_dop_operator_3.py for tasks to queue
[2023-11-23T11:24:54.260+0000] {logging_mixin.py:154} INFO - [2023-11-23T11:24:54.260+0000] {dagbag.py:536} INFO - Filling up the DagBag from /home/airflow/.local/lib/python3.8/site-packages/airflow/example_dags/example_branch_python_dop_operator_3.py
[2023-11-23T11:24:54.265+0000] {processor.py:839} INFO - DAG(s) dict_keys(['example_branch_dop_operator_v3']) retrieved from /home/airflow/.local/lib/python3.8/site-packages/airflow/example_dags/example_branch_python_dop_operator_3.py
[2023-11-23T11:24:54.277+0000] {logging_mixin.py:154} INFO - [2023-11-23T11:24:54.276+0000] {dag.py:2941} INFO - Sync 1 DAGs
[2023-11-23T11:24:54.293+0000] {logging_mixin.py:154} INFO - [2023-11-23T11:24:54.293+0000] {dag.py:3722} INFO - Setting next_dagrun for example_branch_dop_operator_v3 to 2023-11-23T11:23:00+00:00, run_after=2023-11-23T11:24:00+00:00
[2023-11-23T11:24:54.304+0000] {processor.py:179} INFO - Processing /home/airflow/.local/lib/python3.8/site-packages/airflow/example_dags/example_branch_python_dop_operator_3.py took 0.047 seconds
[2023-11-23T11:25:24.479+0000] {processor.py:157} INFO - Started process (PID=399) to work on /home/airflow/.local/lib/python3.8/site-packages/airflow/example_dags/example_branch_python_dop_operator_3.py
[2023-11-23T11:25:24.480+0000] {processor.py:829} INFO - Processing file /home/airflow/.local/lib/python3.8/site-packages/airflow/example_dags/example_branch_python_dop_operator_3.py for tasks to queue
[2023-11-23T11:25:24.481+0000] {logging_mixin.py:154} INFO - [2023-11-23T11:25:24.481+0000] {dagbag.py:536} INFO - Filling up the DagBag from /home/airflow/.local/lib/python3.8/site-packages/airflow/example_dags/example_branch_python_dop_operator_3.py
[2023-11-23T11:25:24.486+0000] {processor.py:839} INFO - DAG(s) dict_keys(['example_branch_dop_operator_v3']) retrieved from /home/airflow/.local/lib/python3.8/site-packages/airflow/example_dags/example_branch_python_dop_operator_3.py
[2023-11-23T11:25:24.498+0000] {logging_mixin.py:154} INFO - [2023-11-23T11:25:24.497+0000] {dag.py:2941} INFO - Sync 1 DAGs
[2023-11-23T11:25:24.516+0000] {logging_mixin.py:154} INFO - [2023-11-23T11:25:24.516+0000] {dag.py:3722} INFO - Setting next_dagrun for example_branch_dop_operator_v3 to 2023-11-23T11:24:00+00:00, run_after=2023-11-23T11:25:00+00:00
[2023-11-23T11:25:24.527+0000] {processor.py:179} INFO - Processing /home/airflow/.local/lib/python3.8/site-packages/airflow/example_dags/example_branch_python_dop_operator_3.py took 0.050 seconds
[2023-11-23T11:25:55.152+0000] {processor.py:157} INFO - Started process (PID=453) to work on /home/airflow/.local/lib/python3.8/site-packages/airflow/example_dags/example_branch_python_dop_operator_3.py
[2023-11-23T11:25:55.153+0000] {processor.py:829} INFO - Processing file /home/airflow/.local/lib/python3.8/site-packages/airflow/example_dags/example_branch_python_dop_operator_3.py for tasks to queue
[2023-11-23T11:25:55.154+0000] {logging_mixin.py:154} INFO - [2023-11-23T11:25:55.154+0000] {dagbag.py:536} INFO - Filling up the DagBag from /home/airflow/.local/lib/python3.8/site-packages/airflow/example_dags/example_branch_python_dop_operator_3.py
[2023-11-23T11:25:55.160+0000] {processor.py:839} INFO - DAG(s) dict_keys(['example_branch_dop_operator_v3']) retrieved from /home/airflow/.local/lib/python3.8/site-packages/airflow/example_dags/example_branch_python_dop_operator_3.py
[2023-11-23T11:25:55.172+0000] {logging_mixin.py:154} INFO - [2023-11-23T11:25:55.171+0000] {dag.py:2941} INFO - Sync 1 DAGs
[2023-11-23T11:25:55.189+0000] {logging_mixin.py:154} INFO - [2023-11-23T11:25:55.189+0000] {dag.py:3722} INFO - Setting next_dagrun for example_branch_dop_operator_v3 to 2023-11-23T11:24:00+00:00, run_after=2023-11-23T11:25:00+00:00
[2023-11-23T11:25:55.201+0000] {processor.py:179} INFO - Processing /home/airflow/.local/lib/python3.8/site-packages/airflow/example_dags/example_branch_python_dop_operator_3.py took 0.050 seconds
[2023-11-23T11:26:26.154+0000] {processor.py:157} INFO - Started process (PID=507) to work on /home/airflow/.local/lib/python3.8/site-packages/airflow/example_dags/example_branch_python_dop_operator_3.py
[2023-11-23T11:26:26.155+0000] {processor.py:829} INFO - Processing file /home/airflow/.local/lib/python3.8/site-packages/airflow/example_dags/example_branch_python_dop_operator_3.py for tasks to queue
[2023-11-23T11:26:26.156+0000] {logging_mixin.py:154} INFO - [2023-11-23T11:26:26.156+0000] {dagbag.py:536} INFO - Filling up the DagBag from /home/airflow/.local/lib/python3.8/site-packages/airflow/example_dags/example_branch_python_dop_operator_3.py
[2023-11-23T11:26:26.161+0000] {processor.py:839} INFO - DAG(s) dict_keys(['example_branch_dop_operator_v3']) retrieved from /home/airflow/.local/lib/python3.8/site-packages/airflow/example_dags/example_branch_python_dop_operator_3.py
[2023-11-23T11:26:26.173+0000] {logging_mixin.py:154} INFO - [2023-11-23T11:26:26.173+0000] {dag.py:2941} INFO - Sync 1 DAGs
[2023-11-23T11:26:26.190+0000] {logging_mixin.py:154} INFO - [2023-11-23T11:26:26.190+0000] {dag.py:3722} INFO - Setting next_dagrun for example_branch_dop_operator_v3 to 2023-11-23T11:25:00+00:00, run_after=2023-11-23T11:26:00+00:00
[2023-11-23T11:26:26.201+0000] {processor.py:179} INFO - Processing /home/airflow/.local/lib/python3.8/site-packages/airflow/example_dags/example_branch_python_dop_operator_3.py took 0.049 seconds
[2023-11-23T11:26:56.993+0000] {processor.py:157} INFO - Started process (PID=561) to work on /home/airflow/.local/lib/python3.8/site-packages/airflow/example_dags/example_branch_python_dop_operator_3.py
[2023-11-23T11:26:56.993+0000] {processor.py:829} INFO - Processing file /home/airflow/.local/lib/python3.8/site-packages/airflow/example_dags/example_branch_python_dop_operator_3.py for tasks to queue
[2023-11-23T11:26:56.994+0000] {logging_mixin.py:154} INFO - [2023-11-23T11:26:56.994+0000] {dagbag.py:536} INFO - Filling up the DagBag from /home/airflow/.local/lib/python3.8/site-packages/airflow/example_dags/example_branch_python_dop_operator_3.py
[2023-11-23T11:26:56.999+0000] {processor.py:839} INFO - DAG(s) dict_keys(['example_branch_dop_operator_v3']) retrieved from /home/airflow/.local/lib/python3.8/site-packages/airflow/example_dags/example_branch_python_dop_operator_3.py
[2023-11-23T11:26:57.010+0000] {logging_mixin.py:154} INFO - [2023-11-23T11:26:57.010+0000] {dag.py:2941} INFO - Sync 1 DAGs
[2023-11-23T11:26:57.028+0000] {logging_mixin.py:154} INFO - [2023-11-23T11:26:57.028+0000] {dag.py:3722} INFO - Setting next_dagrun for example_branch_dop_operator_v3 to 2023-11-23T11:25:00+00:00, run_after=2023-11-23T11:26:00+00:00
[2023-11-23T11:26:57.038+0000] {processor.py:179} INFO - Processing /home/airflow/.local/lib/python3.8/site-packages/airflow/example_dags/example_branch_python_dop_operator_3.py took 0.047 seconds
[2023-11-23T11:27:27.707+0000] {processor.py:157} INFO - Started process (PID=615) to work on /home/airflow/.local/lib/python3.8/site-packages/airflow/example_dags/example_branch_python_dop_operator_3.py
[2023-11-23T11:27:27.707+0000] {processor.py:829} INFO - Processing file /home/airflow/.local/lib/python3.8/site-packages/airflow/example_dags/example_branch_python_dop_operator_3.py for tasks to queue
[2023-11-23T11:27:27.708+0000] {logging_mixin.py:154} INFO - [2023-11-23T11:27:27.708+0000] {dagbag.py:536} INFO - Filling up the DagBag from /home/airflow/.local/lib/python3.8/site-packages/airflow/example_dags/example_branch_python_dop_operator_3.py
[2023-11-23T11:27:27.714+0000] {processor.py:839} INFO - DAG(s) dict_keys(['example_branch_dop_operator_v3']) retrieved from /home/airflow/.local/lib/python3.8/site-packages/airflow/example_dags/example_branch_python_dop_operator_3.py
[2023-11-23T11:27:27.727+0000] {logging_mixin.py:154} INFO - [2023-11-23T11:27:27.727+0000] {dag.py:2941} INFO - Sync 1 DAGs
[2023-11-23T11:27:27.745+0000] {logging_mixin.py:154} INFO - [2023-11-23T11:27:27.745+0000] {dag.py:3722} INFO - Setting next_dagrun for example_branch_dop_operator_v3 to 2023-11-23T11:26:00+00:00, run_after=2023-11-23T11:27:00+00:00
[2023-11-23T11:27:27.757+0000] {processor.py:179} INFO - Processing /home/airflow/.local/lib/python3.8/site-packages/airflow/example_dags/example_branch_python_dop_operator_3.py took 0.052 seconds
[2023-11-23T11:27:58.319+0000] {processor.py:157} INFO - Started process (PID=669) to work on /home/airflow/.local/lib/python3.8/site-packages/airflow/example_dags/example_branch_python_dop_operator_3.py
[2023-11-23T11:27:58.319+0000] {processor.py:829} INFO - Processing file /home/airflow/.local/lib/python3.8/site-packages/airflow/example_dags/example_branch_python_dop_operator_3.py for tasks to queue
[2023-11-23T11:27:58.320+0000] {logging_mixin.py:154} INFO - [2023-11-23T11:27:58.320+0000] {dagbag.py:536} INFO - Filling up the DagBag from /home/airflow/.local/lib/python3.8/site-packages/airflow/example_dags/example_branch_python_dop_operator_3.py
[2023-11-23T11:27:58.325+0000] {processor.py:839} INFO - DAG(s) dict_keys(['example_branch_dop_operator_v3']) retrieved from /home/airflow/.local/lib/python3.8/site-packages/airflow/example_dags/example_branch_python_dop_operator_3.py
[2023-11-23T11:27:58.337+0000] {logging_mixin.py:154} INFO - [2023-11-23T11:27:58.337+0000] {dag.py:2941} INFO - Sync 1 DAGs
[2023-11-23T11:27:58.355+0000] {logging_mixin.py:154} INFO - [2023-11-23T11:27:58.354+0000] {dag.py:3722} INFO - Setting next_dagrun for example_branch_dop_operator_v3 to 2023-11-23T11:26:00+00:00, run_after=2023-11-23T11:27:00+00:00
[2023-11-23T11:27:58.366+0000] {processor.py:179} INFO - Processing /home/airflow/.local/lib/python3.8/site-packages/airflow/example_dags/example_branch_python_dop_operator_3.py took 0.049 seconds
[2023-11-23T11:28:28.939+0000] {processor.py:157} INFO - Started process (PID=723) to work on /home/airflow/.local/lib/python3.8/site-packages/airflow/example_dags/example_branch_python_dop_operator_3.py
[2023-11-23T11:28:28.939+0000] {processor.py:829} INFO - Processing file /home/airflow/.local/lib/python3.8/site-packages/airflow/example_dags/example_branch_python_dop_operator_3.py for tasks to queue
[2023-11-23T11:28:28.940+0000] {logging_mixin.py:154} INFO - [2023-11-23T11:28:28.940+0000] {dagbag.py:536} INFO - Filling up the DagBag from /home/airflow/.local/lib/python3.8/site-packages/airflow/example_dags/example_branch_python_dop_operator_3.py
[2023-11-23T11:28:28.946+0000] {processor.py:839} INFO - DAG(s) dict_keys(['example_branch_dop_operator_v3']) retrieved from /home/airflow/.local/lib/python3.8/site-packages/airflow/example_dags/example_branch_python_dop_operator_3.py
[2023-11-23T11:28:28.957+0000] {logging_mixin.py:154} INFO - [2023-11-23T11:28:28.957+0000] {dag.py:2941} INFO - Sync 1 DAGs
[2023-11-23T11:28:28.974+0000] {logging_mixin.py:154} INFO - [2023-11-23T11:28:28.974+0000] {dag.py:3722} INFO - Setting next_dagrun for example_branch_dop_operator_v3 to 2023-11-23T11:27:00+00:00, run_after=2023-11-23T11:28:00+00:00
[2023-11-23T11:28:28.985+0000] {processor.py:179} INFO - Processing /home/airflow/.local/lib/python3.8/site-packages/airflow/example_dags/example_branch_python_dop_operator_3.py took 0.048 seconds
[2023-11-23T11:28:59.626+0000] {processor.py:157} INFO - Started process (PID=777) to work on /home/airflow/.local/lib/python3.8/site-packages/airflow/example_dags/example_branch_python_dop_operator_3.py
[2023-11-23T11:28:59.626+0000] {processor.py:829} INFO - Processing file /home/airflow/.local/lib/python3.8/site-packages/airflow/example_dags/example_branch_python_dop_operator_3.py for tasks to queue
[2023-11-23T11:28:59.628+0000] {logging_mixin.py:154} INFO - [2023-11-23T11:28:59.627+0000] {dagbag.py:536} INFO - Filling up the DagBag from /home/airflow/.local/lib/python3.8/site-packages/airflow/example_dags/example_branch_python_dop_operator_3.py
[2023-11-23T11:28:59.632+0000] {processor.py:839} INFO - DAG(s) dict_keys(['example_branch_dop_operator_v3']) retrieved from /home/airflow/.local/lib/python3.8/site-packages/airflow/example_dags/example_branch_python_dop_operator_3.py
[2023-11-23T11:28:59.644+0000] {logging_mixin.py:154} INFO - [2023-11-23T11:28:59.644+0000] {dag.py:2941} INFO - Sync 1 DAGs
[2023-11-23T11:28:59.661+0000] {logging_mixin.py:154} INFO - [2023-11-23T11:28:59.661+0000] {dag.py:3722} INFO - Setting next_dagrun for example_branch_dop_operator_v3 to 2023-11-23T11:27:00+00:00, run_after=2023-11-23T11:28:00+00:00
[2023-11-23T11:28:59.672+0000] {processor.py:179} INFO - Processing /home/airflow/.local/lib/python3.8/site-packages/airflow/example_dags/example_branch_python_dop_operator_3.py took 0.048 seconds
[2023-11-23T11:29:30.193+0000] {processor.py:157} INFO - Started process (PID=832) to work on /home/airflow/.local/lib/python3.8/site-packages/airflow/example_dags/example_branch_python_dop_operator_3.py
[2023-11-23T11:29:30.193+0000] {processor.py:829} INFO - Processing file /home/airflow/.local/lib/python3.8/site-packages/airflow/example_dags/example_branch_python_dop_operator_3.py for tasks to queue
[2023-11-23T11:29:30.195+0000] {logging_mixin.py:154} INFO - [2023-11-23T11:29:30.195+0000] {dagbag.py:536} INFO - Filling up the DagBag from /home/airflow/.local/lib/python3.8/site-packages/airflow/example_dags/example_branch_python_dop_operator_3.py
[2023-11-23T11:29:30.200+0000] {processor.py:839} INFO - DAG(s) dict_keys(['example_branch_dop_operator_v3']) retrieved from /home/airflow/.local/lib/python3.8/site-packages/airflow/example_dags/example_branch_python_dop_operator_3.py
[2023-11-23T11:29:30.212+0000] {logging_mixin.py:154} INFO - [2023-11-23T11:29:30.212+0000] {dag.py:2941} INFO - Sync 1 DAGs
[2023-11-23T11:29:30.230+0000] {logging_mixin.py:154} INFO - [2023-11-23T11:29:30.229+0000] {dag.py:3722} INFO - Setting next_dagrun for example_branch_dop_operator_v3 to 2023-11-23T11:28:00+00:00, run_after=2023-11-23T11:29:00+00:00
[2023-11-23T11:29:30.242+0000] {processor.py:179} INFO - Processing /home/airflow/.local/lib/python3.8/site-packages/airflow/example_dags/example_branch_python_dop_operator_3.py took 0.051 seconds
[2023-11-23T11:30:00.962+0000] {processor.py:157} INFO - Started process (PID=886) to work on /home/airflow/.local/lib/python3.8/site-packages/airflow/example_dags/example_branch_python_dop_operator_3.py
[2023-11-23T11:30:00.962+0000] {processor.py:829} INFO - Processing file /home/airflow/.local/lib/python3.8/site-packages/airflow/example_dags/example_branch_python_dop_operator_3.py for tasks to queue
[2023-11-23T11:30:00.964+0000] {logging_mixin.py:154} INFO - [2023-11-23T11:30:00.964+0000] {dagbag.py:536} INFO - Filling up the DagBag from /home/airflow/.local/lib/python3.8/site-packages/airflow/example_dags/example_branch_python_dop_operator_3.py
[2023-11-23T11:30:00.969+0000] {processor.py:839} INFO - DAG(s) dict_keys(['example_branch_dop_operator_v3']) retrieved from /home/airflow/.local/lib/python3.8/site-packages/airflow/example_dags/example_branch_python_dop_operator_3.py
[2023-11-23T11:30:00.982+0000] {logging_mixin.py:154} INFO - [2023-11-23T11:30:00.981+0000] {dag.py:2941} INFO - Sync 1 DAGs
[2023-11-23T11:30:01.000+0000] {logging_mixin.py:154} INFO - [2023-11-23T11:30:01.000+0000] {dag.py:3722} INFO - Setting next_dagrun for example_branch_dop_operator_v3 to 2023-11-23T11:29:00+00:00, run_after=2023-11-23T11:30:00+00:00
[2023-11-23T11:30:01.013+0000] {processor.py:179} INFO - Processing /home/airflow/.local/lib/python3.8/site-packages/airflow/example_dags/example_branch_python_dop_operator_3.py took 0.053 seconds
[2023-11-23T11:30:31.035+0000] {processor.py:157} INFO - Started process (PID=940) to work on /home/airflow/.local/lib/python3.8/site-packages/airflow/example_dags/example_branch_python_dop_operator_3.py
[2023-11-23T11:30:31.036+0000] {processor.py:829} INFO - Processing file /home/airflow/.local/lib/python3.8/site-packages/airflow/example_dags/example_branch_python_dop_operator_3.py for tasks to queue
[2023-11-23T11:30:31.037+0000] {logging_mixin.py:154} INFO - [2023-11-23T11:30:31.037+0000] {dagbag.py:536} INFO - Filling up the DagBag from /home/airflow/.local/lib/python3.8/site-packages/airflow/example_dags/example_branch_python_dop_operator_3.py
[2023-11-23T11:30:31.042+0000] {processor.py:839} INFO - DAG(s) dict_keys(['example_branch_dop_operator_v3']) retrieved from /home/airflow/.local/lib/python3.8/site-packages/airflow/example_dags/example_branch_python_dop_operator_3.py
[2023-11-23T11:30:31.054+0000] {logging_mixin.py:154} INFO - [2023-11-23T11:30:31.053+0000] {dag.py:2941} INFO - Sync 1 DAGs
[2023-11-23T11:30:31.070+0000] {logging_mixin.py:154} INFO - [2023-11-23T11:30:31.070+0000] {dag.py:3722} INFO - Setting next_dagrun for example_branch_dop_operator_v3 to 2023-11-23T11:29:00+00:00, run_after=2023-11-23T11:30:00+00:00
[2023-11-23T11:30:31.082+0000] {processor.py:179} INFO - Processing /home/airflow/.local/lib/python3.8/site-packages/airflow/example_dags/example_branch_python_dop_operator_3.py took 0.048 seconds
[2023-11-23T11:31:01.279+0000] {processor.py:157} INFO - Started process (PID=994) to work on /home/airflow/.local/lib/python3.8/site-packages/airflow/example_dags/example_branch_python_dop_operator_3.py
[2023-11-23T11:31:01.280+0000] {processor.py:829} INFO - Processing file /home/airflow/.local/lib/python3.8/site-packages/airflow/example_dags/example_branch_python_dop_operator_3.py for tasks to queue
[2023-11-23T11:31:01.281+0000] {logging_mixin.py:154} INFO - [2023-11-23T11:31:01.281+0000] {dagbag.py:536} INFO - Filling up the DagBag from /home/airflow/.local/lib/python3.8/site-packages/airflow/example_dags/example_branch_python_dop_operator_3.py
[2023-11-23T11:31:01.286+0000] {processor.py:839} INFO - DAG(s) dict_keys(['example_branch_dop_operator_v3']) retrieved from /home/airflow/.local/lib/python3.8/site-packages/airflow/example_dags/example_branch_python_dop_operator_3.py
[2023-11-23T11:31:01.298+0000] {logging_mixin.py:154} INFO - [2023-11-23T11:31:01.298+0000] {dag.py:2941} INFO - Sync 1 DAGs
[2023-11-23T11:31:01.316+0000] {logging_mixin.py:154} INFO - [2023-11-23T11:31:01.316+0000] {dag.py:3722} INFO - Setting next_dagrun for example_branch_dop_operator_v3 to 2023-11-23T11:30:00+00:00, run_after=2023-11-23T11:31:00+00:00
[2023-11-23T11:31:01.327+0000] {processor.py:179} INFO - Processing /home/airflow/.local/lib/python3.8/site-packages/airflow/example_dags/example_branch_python_dop_operator_3.py took 0.050 seconds
[2023-11-23T11:31:31.569+0000] {processor.py:157} INFO - Started process (PID=1049) to work on /home/airflow/.local/lib/python3.8/site-packages/airflow/example_dags/example_branch_python_dop_operator_3.py
[2023-11-23T11:31:31.569+0000] {processor.py:829} INFO - Processing file /home/airflow/.local/lib/python3.8/site-packages/airflow/example_dags/example_branch_python_dop_operator_3.py for tasks to queue
[2023-11-23T11:31:31.571+0000] {logging_mixin.py:154} INFO - [2023-11-23T11:31:31.570+0000] {dagbag.py:536} INFO - Filling up the DagBag from /home/airflow/.local/lib/python3.8/site-packages/airflow/example_dags/example_branch_python_dop_operator_3.py
[2023-11-23T11:31:31.576+0000] {processor.py:839} INFO - DAG(s) dict_keys(['example_branch_dop_operator_v3']) retrieved from /home/airflow/.local/lib/python3.8/site-packages/airflow/example_dags/example_branch_python_dop_operator_3.py
[2023-11-23T11:31:31.587+0000] {logging_mixin.py:154} INFO - [2023-11-23T11:31:31.587+0000] {dag.py:2941} INFO - Sync 1 DAGs
[2023-11-23T11:31:31.604+0000] {logging_mixin.py:154} INFO - [2023-11-23T11:31:31.604+0000] {dag.py:3722} INFO - Setting next_dagrun for example_branch_dop_operator_v3 to 2023-11-23T11:30:00+00:00, run_after=2023-11-23T11:31:00+00:00
[2023-11-23T11:31:31.615+0000] {processor.py:179} INFO - Processing /home/airflow/.local/lib/python3.8/site-packages/airflow/example_dags/example_branch_python_dop_operator_3.py took 0.048 seconds
[2023-11-23T11:32:02.199+0000] {processor.py:157} INFO - Started process (PID=1103) to work on /home/airflow/.local/lib/python3.8/site-packages/airflow/example_dags/example_branch_python_dop_operator_3.py
[2023-11-23T11:32:02.200+0000] {processor.py:829} INFO - Processing file /home/airflow/.local/lib/python3.8/site-packages/airflow/example_dags/example_branch_python_dop_operator_3.py for tasks to queue
[2023-11-23T11:32:02.201+0000] {logging_mixin.py:154} INFO - [2023-11-23T11:32:02.201+0000] {dagbag.py:536} INFO - Filling up the DagBag from /home/airflow/.local/lib/python3.8/site-packages/airflow/example_dags/example_branch_python_dop_operator_3.py
[2023-11-23T11:32:02.206+0000] {processor.py:839} INFO - DAG(s) dict_keys(['example_branch_dop_operator_v3']) retrieved from /home/airflow/.local/lib/python3.8/site-packages/airflow/example_dags/example_branch_python_dop_operator_3.py
[2023-11-23T11:32:02.220+0000] {logging_mixin.py:154} INFO - [2023-11-23T11:32:02.220+0000] {dag.py:2941} INFO - Sync 1 DAGs
[2023-11-23T11:32:02.240+0000] {logging_mixin.py:154} INFO - [2023-11-23T11:32:02.240+0000] {dag.py:3722} INFO - Setting next_dagrun for example_branch_dop_operator_v3 to 2023-11-23T11:31:00+00:00, run_after=2023-11-23T11:32:00+00:00
[2023-11-23T11:32:02.361+0000] {processor.py:179} INFO - Processing /home/airflow/.local/lib/python3.8/site-packages/airflow/example_dags/example_branch_python_dop_operator_3.py took 0.164 seconds
[2023-11-23T11:32:33.304+0000] {processor.py:157} INFO - Started process (PID=1157) to work on /home/airflow/.local/lib/python3.8/site-packages/airflow/example_dags/example_branch_python_dop_operator_3.py
[2023-11-23T11:32:33.305+0000] {processor.py:829} INFO - Processing file /home/airflow/.local/lib/python3.8/site-packages/airflow/example_dags/example_branch_python_dop_operator_3.py for tasks to queue
[2023-11-23T11:32:33.306+0000] {logging_mixin.py:154} INFO - [2023-11-23T11:32:33.306+0000] {dagbag.py:536} INFO - Filling up the DagBag from /home/airflow/.local/lib/python3.8/site-packages/airflow/example_dags/example_branch_python_dop_operator_3.py
[2023-11-23T11:32:33.311+0000] {processor.py:839} INFO - DAG(s) dict_keys(['example_branch_dop_operator_v3']) retrieved from /home/airflow/.local/lib/python3.8/site-packages/airflow/example_dags/example_branch_python_dop_operator_3.py
[2023-11-23T11:32:33.325+0000] {logging_mixin.py:154} INFO - [2023-11-23T11:32:33.325+0000] {dag.py:2941} INFO - Sync 1 DAGs
[2023-11-23T11:32:33.342+0000] {logging_mixin.py:154} INFO - [2023-11-23T11:32:33.342+0000] {dag.py:3722} INFO - Setting next_dagrun for example_branch_dop_operator_v3 to 2023-11-23T11:31:00+00:00, run_after=2023-11-23T11:32:00+00:00
[2023-11-23T11:32:33.355+0000] {processor.py:179} INFO - Processing /home/airflow/.local/lib/python3.8/site-packages/airflow/example_dags/example_branch_python_dop_operator_3.py took 0.053 seconds
[2023-11-23T11:33:03.421+0000] {processor.py:157} INFO - Started process (PID=1211) to work on /home/airflow/.local/lib/python3.8/site-packages/airflow/example_dags/example_branch_python_dop_operator_3.py
[2023-11-23T11:33:03.422+0000] {processor.py:829} INFO - Processing file /home/airflow/.local/lib/python3.8/site-packages/airflow/example_dags/example_branch_python_dop_operator_3.py for tasks to queue
[2023-11-23T11:33:03.423+0000] {logging_mixin.py:154} INFO - [2023-11-23T11:33:03.423+0000] {dagbag.py:536} INFO - Filling up the DagBag from /home/airflow/.local/lib/python3.8/site-packages/airflow/example_dags/example_branch_python_dop_operator_3.py
[2023-11-23T11:33:03.428+0000] {processor.py:839} INFO - DAG(s) dict_keys(['example_branch_dop_operator_v3']) retrieved from /home/airflow/.local/lib/python3.8/site-packages/airflow/example_dags/example_branch_python_dop_operator_3.py
[2023-11-23T11:33:03.440+0000] {logging_mixin.py:154} INFO - [2023-11-23T11:33:03.440+0000] {dag.py:2941} INFO - Sync 1 DAGs
[2023-11-23T11:33:03.457+0000] {logging_mixin.py:154} INFO - [2023-11-23T11:33:03.457+0000] {dag.py:3722} INFO - Setting next_dagrun for example_branch_dop_operator_v3 to 2023-11-23T11:32:00+00:00, run_after=2023-11-23T11:33:00+00:00
[2023-11-23T11:33:03.469+0000] {processor.py:179} INFO - Processing /home/airflow/.local/lib/python3.8/site-packages/airflow/example_dags/example_branch_python_dop_operator_3.py took 0.049 seconds
[2023-11-23T11:38:43.889+0000] {processor.py:157} INFO - Started process (PID=77) to work on /home/airflow/.local/lib/python3.8/site-packages/airflow/example_dags/example_branch_python_dop_operator_3.py
[2023-11-23T11:38:43.890+0000] {processor.py:829} INFO - Processing file /home/airflow/.local/lib/python3.8/site-packages/airflow/example_dags/example_branch_python_dop_operator_3.py for tasks to queue
[2023-11-23T11:38:43.891+0000] {logging_mixin.py:154} INFO - [2023-11-23T11:38:43.891+0000] {dagbag.py:536} INFO - Filling up the DagBag from /home/airflow/.local/lib/python3.8/site-packages/airflow/example_dags/example_branch_python_dop_operator_3.py
[2023-11-23T11:38:43.897+0000] {processor.py:839} INFO - DAG(s) dict_keys(['example_branch_dop_operator_v3']) retrieved from /home/airflow/.local/lib/python3.8/site-packages/airflow/example_dags/example_branch_python_dop_operator_3.py
[2023-11-23T11:38:43.904+0000] {logging_mixin.py:154} INFO - [2023-11-23T11:38:43.904+0000] {dag.py:2941} INFO - Sync 1 DAGs
[2023-11-23T11:38:43.923+0000] {logging_mixin.py:154} INFO - [2023-11-23T11:38:43.923+0000] {dag.py:3722} INFO - Setting next_dagrun for example_branch_dop_operator_v3 to 2023-11-23T11:37:00+00:00, run_after=2023-11-23T11:38:00+00:00
[2023-11-23T11:38:43.936+0000] {processor.py:179} INFO - Processing /home/airflow/.local/lib/python3.8/site-packages/airflow/example_dags/example_branch_python_dop_operator_3.py took 0.049 seconds
[2023-11-23T11:39:14.707+0000] {processor.py:157} INFO - Started process (PID=133) to work on /home/airflow/.local/lib/python3.8/site-packages/airflow/example_dags/example_branch_python_dop_operator_3.py
[2023-11-23T11:39:14.707+0000] {processor.py:829} INFO - Processing file /home/airflow/.local/lib/python3.8/site-packages/airflow/example_dags/example_branch_python_dop_operator_3.py for tasks to queue
[2023-11-23T11:39:14.709+0000] {logging_mixin.py:154} INFO - [2023-11-23T11:39:14.708+0000] {dagbag.py:536} INFO - Filling up the DagBag from /home/airflow/.local/lib/python3.8/site-packages/airflow/example_dags/example_branch_python_dop_operator_3.py
[2023-11-23T11:39:14.714+0000] {processor.py:839} INFO - DAG(s) dict_keys(['example_branch_dop_operator_v3']) retrieved from /home/airflow/.local/lib/python3.8/site-packages/airflow/example_dags/example_branch_python_dop_operator_3.py
[2023-11-23T11:39:14.726+0000] {logging_mixin.py:154} INFO - [2023-11-23T11:39:14.726+0000] {dag.py:2941} INFO - Sync 1 DAGs
[2023-11-23T11:39:14.743+0000] {logging_mixin.py:154} INFO - [2023-11-23T11:39:14.743+0000] {dag.py:3722} INFO - Setting next_dagrun for example_branch_dop_operator_v3 to 2023-11-23T11:38:00+00:00, run_after=2023-11-23T11:39:00+00:00
[2023-11-23T11:39:14.754+0000] {processor.py:179} INFO - Processing /home/airflow/.local/lib/python3.8/site-packages/airflow/example_dags/example_branch_python_dop_operator_3.py took 0.049 seconds
[2023-11-23T11:39:46.284+0000] {processor.py:157} INFO - Started process (PID=189) to work on /home/airflow/.local/lib/python3.8/site-packages/airflow/example_dags/example_branch_python_dop_operator_3.py
[2023-11-23T11:39:46.285+0000] {processor.py:829} INFO - Processing file /home/airflow/.local/lib/python3.8/site-packages/airflow/example_dags/example_branch_python_dop_operator_3.py for tasks to queue
[2023-11-23T11:39:46.286+0000] {logging_mixin.py:154} INFO - [2023-11-23T11:39:46.286+0000] {dagbag.py:536} INFO - Filling up the DagBag from /home/airflow/.local/lib/python3.8/site-packages/airflow/example_dags/example_branch_python_dop_operator_3.py
[2023-11-23T11:39:46.291+0000] {processor.py:839} INFO - DAG(s) dict_keys(['example_branch_dop_operator_v3']) retrieved from /home/airflow/.local/lib/python3.8/site-packages/airflow/example_dags/example_branch_python_dop_operator_3.py
[2023-11-23T11:39:46.303+0000] {logging_mixin.py:154} INFO - [2023-11-23T11:39:46.302+0000] {dag.py:2941} INFO - Sync 1 DAGs
[2023-11-23T11:39:46.320+0000] {logging_mixin.py:154} INFO - [2023-11-23T11:39:46.320+0000] {dag.py:3722} INFO - Setting next_dagrun for example_branch_dop_operator_v3 to 2023-11-23T11:38:00+00:00, run_after=2023-11-23T11:39:00+00:00
[2023-11-23T11:39:46.332+0000] {processor.py:179} INFO - Processing /home/airflow/.local/lib/python3.8/site-packages/airflow/example_dags/example_branch_python_dop_operator_3.py took 0.049 seconds
[2023-11-23T11:40:17.356+0000] {processor.py:157} INFO - Started process (PID=245) to work on /home/airflow/.local/lib/python3.8/site-packages/airflow/example_dags/example_branch_python_dop_operator_3.py
[2023-11-23T11:40:17.357+0000] {processor.py:829} INFO - Processing file /home/airflow/.local/lib/python3.8/site-packages/airflow/example_dags/example_branch_python_dop_operator_3.py for tasks to queue
[2023-11-23T11:40:17.358+0000] {logging_mixin.py:154} INFO - [2023-11-23T11:40:17.358+0000] {dagbag.py:536} INFO - Filling up the DagBag from /home/airflow/.local/lib/python3.8/site-packages/airflow/example_dags/example_branch_python_dop_operator_3.py
[2023-11-23T11:40:17.364+0000] {processor.py:839} INFO - DAG(s) dict_keys(['example_branch_dop_operator_v3']) retrieved from /home/airflow/.local/lib/python3.8/site-packages/airflow/example_dags/example_branch_python_dop_operator_3.py
[2023-11-23T11:40:17.377+0000] {logging_mixin.py:154} INFO - [2023-11-23T11:40:17.377+0000] {dag.py:2941} INFO - Sync 1 DAGs
[2023-11-23T11:40:17.395+0000] {logging_mixin.py:154} INFO - [2023-11-23T11:40:17.395+0000] {dag.py:3722} INFO - Setting next_dagrun for example_branch_dop_operator_v3 to 2023-11-23T11:39:00+00:00, run_after=2023-11-23T11:40:00+00:00
[2023-11-23T11:40:17.410+0000] {processor.py:179} INFO - Processing /home/airflow/.local/lib/python3.8/site-packages/airflow/example_dags/example_branch_python_dop_operator_3.py took 0.056 seconds
[2023-11-23T11:40:48.198+0000] {processor.py:157} INFO - Started process (PID=301) to work on /home/airflow/.local/lib/python3.8/site-packages/airflow/example_dags/example_branch_python_dop_operator_3.py
[2023-11-23T11:40:48.198+0000] {processor.py:829} INFO - Processing file /home/airflow/.local/lib/python3.8/site-packages/airflow/example_dags/example_branch_python_dop_operator_3.py for tasks to queue
[2023-11-23T11:40:48.200+0000] {logging_mixin.py:154} INFO - [2023-11-23T11:40:48.199+0000] {dagbag.py:536} INFO - Filling up the DagBag from /home/airflow/.local/lib/python3.8/site-packages/airflow/example_dags/example_branch_python_dop_operator_3.py
[2023-11-23T11:40:48.205+0000] {processor.py:839} INFO - DAG(s) dict_keys(['example_branch_dop_operator_v3']) retrieved from /home/airflow/.local/lib/python3.8/site-packages/airflow/example_dags/example_branch_python_dop_operator_3.py
[2023-11-23T11:40:48.216+0000] {logging_mixin.py:154} INFO - [2023-11-23T11:40:48.216+0000] {dag.py:2941} INFO - Sync 1 DAGs
[2023-11-23T11:40:48.233+0000] {logging_mixin.py:154} INFO - [2023-11-23T11:40:48.233+0000] {dag.py:3722} INFO - Setting next_dagrun for example_branch_dop_operator_v3 to 2023-11-23T11:39:00+00:00, run_after=2023-11-23T11:40:00+00:00
[2023-11-23T11:40:48.244+0000] {processor.py:179} INFO - Processing /home/airflow/.local/lib/python3.8/site-packages/airflow/example_dags/example_branch_python_dop_operator_3.py took 0.049 seconds
[2023-11-23T11:41:19.463+0000] {processor.py:157} INFO - Started process (PID=357) to work on /home/airflow/.local/lib/python3.8/site-packages/airflow/example_dags/example_branch_python_dop_operator_3.py
[2023-11-23T11:41:19.463+0000] {processor.py:829} INFO - Processing file /home/airflow/.local/lib/python3.8/site-packages/airflow/example_dags/example_branch_python_dop_operator_3.py for tasks to queue
[2023-11-23T11:41:19.464+0000] {logging_mixin.py:154} INFO - [2023-11-23T11:41:19.464+0000] {dagbag.py:536} INFO - Filling up the DagBag from /home/airflow/.local/lib/python3.8/site-packages/airflow/example_dags/example_branch_python_dop_operator_3.py
[2023-11-23T11:41:19.470+0000] {processor.py:839} INFO - DAG(s) dict_keys(['example_branch_dop_operator_v3']) retrieved from /home/airflow/.local/lib/python3.8/site-packages/airflow/example_dags/example_branch_python_dop_operator_3.py
[2023-11-23T11:41:19.482+0000] {logging_mixin.py:154} INFO - [2023-11-23T11:41:19.482+0000] {dag.py:2941} INFO - Sync 1 DAGs
[2023-11-23T11:41:19.500+0000] {logging_mixin.py:154} INFO - [2023-11-23T11:41:19.500+0000] {dag.py:3722} INFO - Setting next_dagrun for example_branch_dop_operator_v3 to 2023-11-23T11:40:00+00:00, run_after=2023-11-23T11:41:00+00:00
[2023-11-23T11:41:19.511+0000] {processor.py:179} INFO - Processing /home/airflow/.local/lib/python3.8/site-packages/airflow/example_dags/example_branch_python_dop_operator_3.py took 0.050 seconds
[2023-11-23T11:41:50.675+0000] {processor.py:157} INFO - Started process (PID=413) to work on /home/airflow/.local/lib/python3.8/site-packages/airflow/example_dags/example_branch_python_dop_operator_3.py
[2023-11-23T11:41:50.676+0000] {processor.py:829} INFO - Processing file /home/airflow/.local/lib/python3.8/site-packages/airflow/example_dags/example_branch_python_dop_operator_3.py for tasks to queue
[2023-11-23T11:41:50.677+0000] {logging_mixin.py:154} INFO - [2023-11-23T11:41:50.677+0000] {dagbag.py:536} INFO - Filling up the DagBag from /home/airflow/.local/lib/python3.8/site-packages/airflow/example_dags/example_branch_python_dop_operator_3.py
[2023-11-23T11:41:50.683+0000] {processor.py:839} INFO - DAG(s) dict_keys(['example_branch_dop_operator_v3']) retrieved from /home/airflow/.local/lib/python3.8/site-packages/airflow/example_dags/example_branch_python_dop_operator_3.py
[2023-11-23T11:41:50.694+0000] {logging_mixin.py:154} INFO - [2023-11-23T11:41:50.694+0000] {dag.py:2941} INFO - Sync 1 DAGs
[2023-11-23T11:41:50.712+0000] {logging_mixin.py:154} INFO - [2023-11-23T11:41:50.712+0000] {dag.py:3722} INFO - Setting next_dagrun for example_branch_dop_operator_v3 to 2023-11-23T11:40:00+00:00, run_after=2023-11-23T11:41:00+00:00
[2023-11-23T11:41:50.724+0000] {processor.py:179} INFO - Processing /home/airflow/.local/lib/python3.8/site-packages/airflow/example_dags/example_branch_python_dop_operator_3.py took 0.051 seconds
[2023-11-23T11:42:21.882+0000] {processor.py:157} INFO - Started process (PID=469) to work on /home/airflow/.local/lib/python3.8/site-packages/airflow/example_dags/example_branch_python_dop_operator_3.py
[2023-11-23T11:42:21.883+0000] {processor.py:829} INFO - Processing file /home/airflow/.local/lib/python3.8/site-packages/airflow/example_dags/example_branch_python_dop_operator_3.py for tasks to queue
[2023-11-23T11:42:21.884+0000] {logging_mixin.py:154} INFO - [2023-11-23T11:42:21.884+0000] {dagbag.py:536} INFO - Filling up the DagBag from /home/airflow/.local/lib/python3.8/site-packages/airflow/example_dags/example_branch_python_dop_operator_3.py
[2023-11-23T11:42:21.889+0000] {processor.py:839} INFO - DAG(s) dict_keys(['example_branch_dop_operator_v3']) retrieved from /home/airflow/.local/lib/python3.8/site-packages/airflow/example_dags/example_branch_python_dop_operator_3.py
[2023-11-23T11:42:21.901+0000] {logging_mixin.py:154} INFO - [2023-11-23T11:42:21.901+0000] {dag.py:2941} INFO - Sync 1 DAGs
[2023-11-23T11:42:21.920+0000] {logging_mixin.py:154} INFO - [2023-11-23T11:42:21.920+0000] {dag.py:3722} INFO - Setting next_dagrun for example_branch_dop_operator_v3 to 2023-11-23T11:41:00+00:00, run_after=2023-11-23T11:42:00+00:00
[2023-11-23T11:42:21.932+0000] {processor.py:179} INFO - Processing /home/airflow/.local/lib/python3.8/site-packages/airflow/example_dags/example_branch_python_dop_operator_3.py took 0.051 seconds
[2023-11-23T11:42:52.193+0000] {processor.py:157} INFO - Started process (PID=526) to work on /home/airflow/.local/lib/python3.8/site-packages/airflow/example_dags/example_branch_python_dop_operator_3.py
[2023-11-23T11:42:52.194+0000] {processor.py:829} INFO - Processing file /home/airflow/.local/lib/python3.8/site-packages/airflow/example_dags/example_branch_python_dop_operator_3.py for tasks to queue
[2023-11-23T11:42:52.195+0000] {logging_mixin.py:154} INFO - [2023-11-23T11:42:52.195+0000] {dagbag.py:536} INFO - Filling up the DagBag from /home/airflow/.local/lib/python3.8/site-packages/airflow/example_dags/example_branch_python_dop_operator_3.py
[2023-11-23T11:42:52.201+0000] {processor.py:839} INFO - DAG(s) dict_keys(['example_branch_dop_operator_v3']) retrieved from /home/airflow/.local/lib/python3.8/site-packages/airflow/example_dags/example_branch_python_dop_operator_3.py
[2023-11-23T11:42:52.213+0000] {logging_mixin.py:154} INFO - [2023-11-23T11:42:52.212+0000] {dag.py:2941} INFO - Sync 1 DAGs
[2023-11-23T11:42:52.230+0000] {logging_mixin.py:154} INFO - [2023-11-23T11:42:52.230+0000] {dag.py:3722} INFO - Setting next_dagrun for example_branch_dop_operator_v3 to 2023-11-23T11:41:00+00:00, run_after=2023-11-23T11:42:00+00:00
[2023-11-23T11:42:52.243+0000] {processor.py:179} INFO - Processing /home/airflow/.local/lib/python3.8/site-packages/airflow/example_dags/example_branch_python_dop_operator_3.py took 0.052 seconds
[2023-11-23T11:43:22.474+0000] {processor.py:157} INFO - Started process (PID=582) to work on /home/airflow/.local/lib/python3.8/site-packages/airflow/example_dags/example_branch_python_dop_operator_3.py
[2023-11-23T11:43:22.475+0000] {processor.py:829} INFO - Processing file /home/airflow/.local/lib/python3.8/site-packages/airflow/example_dags/example_branch_python_dop_operator_3.py for tasks to queue
[2023-11-23T11:43:22.476+0000] {logging_mixin.py:154} INFO - [2023-11-23T11:43:22.476+0000] {dagbag.py:536} INFO - Filling up the DagBag from /home/airflow/.local/lib/python3.8/site-packages/airflow/example_dags/example_branch_python_dop_operator_3.py
[2023-11-23T11:43:22.482+0000] {processor.py:839} INFO - DAG(s) dict_keys(['example_branch_dop_operator_v3']) retrieved from /home/airflow/.local/lib/python3.8/site-packages/airflow/example_dags/example_branch_python_dop_operator_3.py
[2023-11-23T11:43:22.494+0000] {logging_mixin.py:154} INFO - [2023-11-23T11:43:22.494+0000] {dag.py:2941} INFO - Sync 1 DAGs
[2023-11-23T11:43:22.512+0000] {logging_mixin.py:154} INFO - [2023-11-23T11:43:22.512+0000] {dag.py:3722} INFO - Setting next_dagrun for example_branch_dop_operator_v3 to 2023-11-23T11:42:00+00:00, run_after=2023-11-23T11:43:00+00:00
[2023-11-23T11:43:22.523+0000] {processor.py:179} INFO - Processing /home/airflow/.local/lib/python3.8/site-packages/airflow/example_dags/example_branch_python_dop_operator_3.py took 0.050 seconds
[2023-11-23T11:43:52.712+0000] {processor.py:157} INFO - Started process (PID=638) to work on /home/airflow/.local/lib/python3.8/site-packages/airflow/example_dags/example_branch_python_dop_operator_3.py
[2023-11-23T11:43:52.712+0000] {processor.py:829} INFO - Processing file /home/airflow/.local/lib/python3.8/site-packages/airflow/example_dags/example_branch_python_dop_operator_3.py for tasks to queue
[2023-11-23T11:43:52.714+0000] {logging_mixin.py:154} INFO - [2023-11-23T11:43:52.714+0000] {dagbag.py:536} INFO - Filling up the DagBag from /home/airflow/.local/lib/python3.8/site-packages/airflow/example_dags/example_branch_python_dop_operator_3.py
[2023-11-23T11:43:52.719+0000] {processor.py:839} INFO - DAG(s) dict_keys(['example_branch_dop_operator_v3']) retrieved from /home/airflow/.local/lib/python3.8/site-packages/airflow/example_dags/example_branch_python_dop_operator_3.py
[2023-11-23T11:43:52.731+0000] {logging_mixin.py:154} INFO - [2023-11-23T11:43:52.730+0000] {dag.py:2941} INFO - Sync 1 DAGs
[2023-11-23T11:43:52.748+0000] {logging_mixin.py:154} INFO - [2023-11-23T11:43:52.748+0000] {dag.py:3722} INFO - Setting next_dagrun for example_branch_dop_operator_v3 to 2023-11-23T11:42:00+00:00, run_after=2023-11-23T11:43:00+00:00
[2023-11-23T11:43:52.759+0000] {processor.py:179} INFO - Processing /home/airflow/.local/lib/python3.8/site-packages/airflow/example_dags/example_branch_python_dop_operator_3.py took 0.049 seconds
[2023-11-23T11:44:23.735+0000] {processor.py:157} INFO - Started process (PID=694) to work on /home/airflow/.local/lib/python3.8/site-packages/airflow/example_dags/example_branch_python_dop_operator_3.py
[2023-11-23T11:44:23.735+0000] {processor.py:829} INFO - Processing file /home/airflow/.local/lib/python3.8/site-packages/airflow/example_dags/example_branch_python_dop_operator_3.py for tasks to queue
[2023-11-23T11:44:23.736+0000] {logging_mixin.py:154} INFO - [2023-11-23T11:44:23.736+0000] {dagbag.py:536} INFO - Filling up the DagBag from /home/airflow/.local/lib/python3.8/site-packages/airflow/example_dags/example_branch_python_dop_operator_3.py
[2023-11-23T11:44:23.742+0000] {processor.py:839} INFO - DAG(s) dict_keys(['example_branch_dop_operator_v3']) retrieved from /home/airflow/.local/lib/python3.8/site-packages/airflow/example_dags/example_branch_python_dop_operator_3.py
[2023-11-23T11:44:23.754+0000] {logging_mixin.py:154} INFO - [2023-11-23T11:44:23.754+0000] {dag.py:2941} INFO - Sync 1 DAGs
[2023-11-23T11:44:23.771+0000] {logging_mixin.py:154} INFO - [2023-11-23T11:44:23.771+0000] {dag.py:3722} INFO - Setting next_dagrun for example_branch_dop_operator_v3 to 2023-11-23T11:43:00+00:00, run_after=2023-11-23T11:44:00+00:00
[2023-11-23T11:44:23.783+0000] {processor.py:179} INFO - Processing /home/airflow/.local/lib/python3.8/site-packages/airflow/example_dags/example_branch_python_dop_operator_3.py took 0.050 seconds
[2023-11-23T11:44:54.880+0000] {processor.py:157} INFO - Started process (PID=750) to work on /home/airflow/.local/lib/python3.8/site-packages/airflow/example_dags/example_branch_python_dop_operator_3.py
[2023-11-23T11:44:54.880+0000] {processor.py:829} INFO - Processing file /home/airflow/.local/lib/python3.8/site-packages/airflow/example_dags/example_branch_python_dop_operator_3.py for tasks to queue
[2023-11-23T11:44:54.882+0000] {logging_mixin.py:154} INFO - [2023-11-23T11:44:54.881+0000] {dagbag.py:536} INFO - Filling up the DagBag from /home/airflow/.local/lib/python3.8/site-packages/airflow/example_dags/example_branch_python_dop_operator_3.py
[2023-11-23T11:44:54.887+0000] {processor.py:839} INFO - DAG(s) dict_keys(['example_branch_dop_operator_v3']) retrieved from /home/airflow/.local/lib/python3.8/site-packages/airflow/example_dags/example_branch_python_dop_operator_3.py
[2023-11-23T11:44:54.899+0000] {logging_mixin.py:154} INFO - [2023-11-23T11:44:54.899+0000] {dag.py:2941} INFO - Sync 1 DAGs
[2023-11-23T11:44:54.916+0000] {logging_mixin.py:154} INFO - [2023-11-23T11:44:54.916+0000] {dag.py:3722} INFO - Setting next_dagrun for example_branch_dop_operator_v3 to 2023-11-23T11:43:00+00:00, run_after=2023-11-23T11:44:00+00:00
[2023-11-23T11:44:54.928+0000] {processor.py:179} INFO - Processing /home/airflow/.local/lib/python3.8/site-packages/airflow/example_dags/example_branch_python_dop_operator_3.py took 0.050 seconds
[2023-11-23T11:45:25.999+0000] {processor.py:157} INFO - Started process (PID=806) to work on /home/airflow/.local/lib/python3.8/site-packages/airflow/example_dags/example_branch_python_dop_operator_3.py
[2023-11-23T11:45:26.000+0000] {processor.py:829} INFO - Processing file /home/airflow/.local/lib/python3.8/site-packages/airflow/example_dags/example_branch_python_dop_operator_3.py for tasks to queue
[2023-11-23T11:45:26.001+0000] {logging_mixin.py:154} INFO - [2023-11-23T11:45:26.001+0000] {dagbag.py:536} INFO - Filling up the DagBag from /home/airflow/.local/lib/python3.8/site-packages/airflow/example_dags/example_branch_python_dop_operator_3.py
[2023-11-23T11:45:26.006+0000] {processor.py:839} INFO - DAG(s) dict_keys(['example_branch_dop_operator_v3']) retrieved from /home/airflow/.local/lib/python3.8/site-packages/airflow/example_dags/example_branch_python_dop_operator_3.py
[2023-11-23T11:45:26.018+0000] {logging_mixin.py:154} INFO - [2023-11-23T11:45:26.018+0000] {dag.py:2941} INFO - Sync 1 DAGs
[2023-11-23T11:45:26.035+0000] {logging_mixin.py:154} INFO - [2023-11-23T11:45:26.035+0000] {dag.py:3722} INFO - Setting next_dagrun for example_branch_dop_operator_v3 to 2023-11-23T11:44:00+00:00, run_after=2023-11-23T11:45:00+00:00
[2023-11-23T11:45:26.048+0000] {processor.py:179} INFO - Processing /home/airflow/.local/lib/python3.8/site-packages/airflow/example_dags/example_branch_python_dop_operator_3.py took 0.050 seconds
[2023-11-23T11:45:57.073+0000] {processor.py:157} INFO - Started process (PID=862) to work on /home/airflow/.local/lib/python3.8/site-packages/airflow/example_dags/example_branch_python_dop_operator_3.py
[2023-11-23T11:45:57.074+0000] {processor.py:829} INFO - Processing file /home/airflow/.local/lib/python3.8/site-packages/airflow/example_dags/example_branch_python_dop_operator_3.py for tasks to queue
[2023-11-23T11:45:57.075+0000] {logging_mixin.py:154} INFO - [2023-11-23T11:45:57.075+0000] {dagbag.py:536} INFO - Filling up the DagBag from /home/airflow/.local/lib/python3.8/site-packages/airflow/example_dags/example_branch_python_dop_operator_3.py
[2023-11-23T11:45:57.080+0000] {processor.py:839} INFO - DAG(s) dict_keys(['example_branch_dop_operator_v3']) retrieved from /home/airflow/.local/lib/python3.8/site-packages/airflow/example_dags/example_branch_python_dop_operator_3.py
[2023-11-23T11:45:57.091+0000] {logging_mixin.py:154} INFO - [2023-11-23T11:45:57.091+0000] {dag.py:2941} INFO - Sync 1 DAGs
[2023-11-23T11:45:57.108+0000] {logging_mixin.py:154} INFO - [2023-11-23T11:45:57.108+0000] {dag.py:3722} INFO - Setting next_dagrun for example_branch_dop_operator_v3 to 2023-11-23T11:44:00+00:00, run_after=2023-11-23T11:45:00+00:00
[2023-11-23T11:45:57.119+0000] {processor.py:179} INFO - Processing /home/airflow/.local/lib/python3.8/site-packages/airflow/example_dags/example_branch_python_dop_operator_3.py took 0.047 seconds
[2023-11-23T11:46:28.280+0000] {processor.py:157} INFO - Started process (PID=918) to work on /home/airflow/.local/lib/python3.8/site-packages/airflow/example_dags/example_branch_python_dop_operator_3.py
[2023-11-23T11:46:28.281+0000] {processor.py:829} INFO - Processing file /home/airflow/.local/lib/python3.8/site-packages/airflow/example_dags/example_branch_python_dop_operator_3.py for tasks to queue
[2023-11-23T11:46:28.282+0000] {logging_mixin.py:154} INFO - [2023-11-23T11:46:28.282+0000] {dagbag.py:536} INFO - Filling up the DagBag from /home/airflow/.local/lib/python3.8/site-packages/airflow/example_dags/example_branch_python_dop_operator_3.py
[2023-11-23T11:46:28.287+0000] {processor.py:839} INFO - DAG(s) dict_keys(['example_branch_dop_operator_v3']) retrieved from /home/airflow/.local/lib/python3.8/site-packages/airflow/example_dags/example_branch_python_dop_operator_3.py
[2023-11-23T11:46:28.298+0000] {logging_mixin.py:154} INFO - [2023-11-23T11:46:28.298+0000] {dag.py:2941} INFO - Sync 1 DAGs
[2023-11-23T11:46:28.316+0000] {logging_mixin.py:154} INFO - [2023-11-23T11:46:28.315+0000] {dag.py:3722} INFO - Setting next_dagrun for example_branch_dop_operator_v3 to 2023-11-23T11:45:00+00:00, run_after=2023-11-23T11:46:00+00:00
[2023-11-23T11:46:28.328+0000] {processor.py:179} INFO - Processing /home/airflow/.local/lib/python3.8/site-packages/airflow/example_dags/example_branch_python_dop_operator_3.py took 0.049 seconds
[2023-11-23T11:46:59.556+0000] {processor.py:157} INFO - Started process (PID=974) to work on /home/airflow/.local/lib/python3.8/site-packages/airflow/example_dags/example_branch_python_dop_operator_3.py
[2023-11-23T11:46:59.556+0000] {processor.py:829} INFO - Processing file /home/airflow/.local/lib/python3.8/site-packages/airflow/example_dags/example_branch_python_dop_operator_3.py for tasks to queue
[2023-11-23T11:46:59.558+0000] {logging_mixin.py:154} INFO - [2023-11-23T11:46:59.558+0000] {dagbag.py:536} INFO - Filling up the DagBag from /home/airflow/.local/lib/python3.8/site-packages/airflow/example_dags/example_branch_python_dop_operator_3.py
[2023-11-23T11:46:59.563+0000] {processor.py:839} INFO - DAG(s) dict_keys(['example_branch_dop_operator_v3']) retrieved from /home/airflow/.local/lib/python3.8/site-packages/airflow/example_dags/example_branch_python_dop_operator_3.py
[2023-11-23T11:46:59.575+0000] {logging_mixin.py:154} INFO - [2023-11-23T11:46:59.575+0000] {dag.py:2941} INFO - Sync 1 DAGs
[2023-11-23T11:46:59.592+0000] {logging_mixin.py:154} INFO - [2023-11-23T11:46:59.592+0000] {dag.py:3722} INFO - Setting next_dagrun for example_branch_dop_operator_v3 to 2023-11-23T11:45:00+00:00, run_after=2023-11-23T11:46:00+00:00
[2023-11-23T11:46:59.603+0000] {processor.py:179} INFO - Processing /home/airflow/.local/lib/python3.8/site-packages/airflow/example_dags/example_branch_python_dop_operator_3.py took 0.049 seconds
[2023-11-23T15:27:50.811+0000] {processor.py:157} INFO - Started process (PID=76) to work on /home/airflow/.local/lib/python3.8/site-packages/airflow/example_dags/example_branch_python_dop_operator_3.py
[2023-11-23T15:27:50.851+0000] {processor.py:829} INFO - Processing file /home/airflow/.local/lib/python3.8/site-packages/airflow/example_dags/example_branch_python_dop_operator_3.py for tasks to queue
[2023-11-23T15:27:50.852+0000] {logging_mixin.py:154} INFO - [2023-11-23T15:27:50.852+0000] {dagbag.py:536} INFO - Filling up the DagBag from /home/airflow/.local/lib/python3.8/site-packages/airflow/example_dags/example_branch_python_dop_operator_3.py
[2023-11-23T15:27:50.858+0000] {processor.py:839} INFO - DAG(s) dict_keys(['example_branch_dop_operator_v3']) retrieved from /home/airflow/.local/lib/python3.8/site-packages/airflow/example_dags/example_branch_python_dop_operator_3.py
[2023-11-23T15:27:50.864+0000] {logging_mixin.py:154} INFO - [2023-11-23T15:27:50.864+0000] {dag.py:2941} INFO - Sync 1 DAGs
[2023-11-23T15:27:50.881+0000] {logging_mixin.py:154} INFO - [2023-11-23T15:27:50.881+0000] {dag.py:3722} INFO - Setting next_dagrun for example_branch_dop_operator_v3 to 2023-11-23T15:26:00+00:00, run_after=2023-11-23T15:27:00+00:00
[2023-11-23T15:27:50.893+0000] {processor.py:179} INFO - Processing /home/airflow/.local/lib/python3.8/site-packages/airflow/example_dags/example_branch_python_dop_operator_3.py took 0.083 seconds
[2023-11-23T15:28:22.023+0000] {processor.py:157} INFO - Started process (PID=132) to work on /home/airflow/.local/lib/python3.8/site-packages/airflow/example_dags/example_branch_python_dop_operator_3.py
[2023-11-23T15:28:22.023+0000] {processor.py:829} INFO - Processing file /home/airflow/.local/lib/python3.8/site-packages/airflow/example_dags/example_branch_python_dop_operator_3.py for tasks to queue
[2023-11-23T15:28:22.024+0000] {logging_mixin.py:154} INFO - [2023-11-23T15:28:22.024+0000] {dagbag.py:536} INFO - Filling up the DagBag from /home/airflow/.local/lib/python3.8/site-packages/airflow/example_dags/example_branch_python_dop_operator_3.py
[2023-11-23T15:28:22.030+0000] {processor.py:839} INFO - DAG(s) dict_keys(['example_branch_dop_operator_v3']) retrieved from /home/airflow/.local/lib/python3.8/site-packages/airflow/example_dags/example_branch_python_dop_operator_3.py
[2023-11-23T15:28:22.042+0000] {logging_mixin.py:154} INFO - [2023-11-23T15:28:22.041+0000] {dag.py:2941} INFO - Sync 1 DAGs
[2023-11-23T15:28:22.058+0000] {logging_mixin.py:154} INFO - [2023-11-23T15:28:22.058+0000] {dag.py:3722} INFO - Setting next_dagrun for example_branch_dop_operator_v3 to 2023-11-23T15:27:00+00:00, run_after=2023-11-23T15:28:00+00:00
[2023-11-23T15:28:22.069+0000] {processor.py:179} INFO - Processing /home/airflow/.local/lib/python3.8/site-packages/airflow/example_dags/example_branch_python_dop_operator_3.py took 0.047 seconds
[2023-11-23T15:28:52.204+0000] {processor.py:157} INFO - Started process (PID=188) to work on /home/airflow/.local/lib/python3.8/site-packages/airflow/example_dags/example_branch_python_dop_operator_3.py
[2023-11-23T15:28:52.204+0000] {processor.py:829} INFO - Processing file /home/airflow/.local/lib/python3.8/site-packages/airflow/example_dags/example_branch_python_dop_operator_3.py for tasks to queue
[2023-11-23T15:28:52.206+0000] {logging_mixin.py:154} INFO - [2023-11-23T15:28:52.206+0000] {dagbag.py:536} INFO - Filling up the DagBag from /home/airflow/.local/lib/python3.8/site-packages/airflow/example_dags/example_branch_python_dop_operator_3.py
[2023-11-23T15:28:52.211+0000] {processor.py:839} INFO - DAG(s) dict_keys(['example_branch_dop_operator_v3']) retrieved from /home/airflow/.local/lib/python3.8/site-packages/airflow/example_dags/example_branch_python_dop_operator_3.py
[2023-11-23T15:28:52.224+0000] {logging_mixin.py:154} INFO - [2023-11-23T15:28:52.223+0000] {dag.py:2941} INFO - Sync 1 DAGs
[2023-11-23T15:28:52.242+0000] {logging_mixin.py:154} INFO - [2023-11-23T15:28:52.242+0000] {dag.py:3722} INFO - Setting next_dagrun for example_branch_dop_operator_v3 to 2023-11-23T15:27:00+00:00, run_after=2023-11-23T15:28:00+00:00
[2023-11-23T15:28:52.254+0000] {processor.py:179} INFO - Processing /home/airflow/.local/lib/python3.8/site-packages/airflow/example_dags/example_branch_python_dop_operator_3.py took 0.052 seconds
[2023-11-23T15:29:22.527+0000] {processor.py:157} INFO - Started process (PID=244) to work on /home/airflow/.local/lib/python3.8/site-packages/airflow/example_dags/example_branch_python_dop_operator_3.py
[2023-11-23T15:29:22.528+0000] {processor.py:829} INFO - Processing file /home/airflow/.local/lib/python3.8/site-packages/airflow/example_dags/example_branch_python_dop_operator_3.py for tasks to queue
[2023-11-23T15:29:22.529+0000] {logging_mixin.py:154} INFO - [2023-11-23T15:29:22.529+0000] {dagbag.py:536} INFO - Filling up the DagBag from /home/airflow/.local/lib/python3.8/site-packages/airflow/example_dags/example_branch_python_dop_operator_3.py
[2023-11-23T15:29:22.534+0000] {processor.py:839} INFO - DAG(s) dict_keys(['example_branch_dop_operator_v3']) retrieved from /home/airflow/.local/lib/python3.8/site-packages/airflow/example_dags/example_branch_python_dop_operator_3.py
[2023-11-23T15:29:22.545+0000] {logging_mixin.py:154} INFO - [2023-11-23T15:29:22.545+0000] {dag.py:2941} INFO - Sync 1 DAGs
[2023-11-23T15:29:22.561+0000] {logging_mixin.py:154} INFO - [2023-11-23T15:29:22.561+0000] {dag.py:3722} INFO - Setting next_dagrun for example_branch_dop_operator_v3 to 2023-11-23T15:28:00+00:00, run_after=2023-11-23T15:29:00+00:00
[2023-11-23T15:29:22.572+0000] {processor.py:179} INFO - Processing /home/airflow/.local/lib/python3.8/site-packages/airflow/example_dags/example_branch_python_dop_operator_3.py took 0.046 seconds
[2023-11-23T15:29:52.628+0000] {processor.py:157} INFO - Started process (PID=300) to work on /home/airflow/.local/lib/python3.8/site-packages/airflow/example_dags/example_branch_python_dop_operator_3.py
[2023-11-23T15:29:52.629+0000] {processor.py:829} INFO - Processing file /home/airflow/.local/lib/python3.8/site-packages/airflow/example_dags/example_branch_python_dop_operator_3.py for tasks to queue
[2023-11-23T15:29:52.630+0000] {logging_mixin.py:154} INFO - [2023-11-23T15:29:52.630+0000] {dagbag.py:536} INFO - Filling up the DagBag from /home/airflow/.local/lib/python3.8/site-packages/airflow/example_dags/example_branch_python_dop_operator_3.py
[2023-11-23T15:29:52.635+0000] {processor.py:839} INFO - DAG(s) dict_keys(['example_branch_dop_operator_v3']) retrieved from /home/airflow/.local/lib/python3.8/site-packages/airflow/example_dags/example_branch_python_dop_operator_3.py
[2023-11-23T15:29:52.646+0000] {logging_mixin.py:154} INFO - [2023-11-23T15:29:52.646+0000] {dag.py:2941} INFO - Sync 1 DAGs
[2023-11-23T15:29:52.663+0000] {logging_mixin.py:154} INFO - [2023-11-23T15:29:52.663+0000] {dag.py:3722} INFO - Setting next_dagrun for example_branch_dop_operator_v3 to 2023-11-23T15:28:00+00:00, run_after=2023-11-23T15:29:00+00:00
[2023-11-23T15:29:52.674+0000] {processor.py:179} INFO - Processing /home/airflow/.local/lib/python3.8/site-packages/airflow/example_dags/example_branch_python_dop_operator_3.py took 0.047 seconds
[2023-11-23T15:30:23.643+0000] {processor.py:157} INFO - Started process (PID=356) to work on /home/airflow/.local/lib/python3.8/site-packages/airflow/example_dags/example_branch_python_dop_operator_3.py
[2023-11-23T15:30:23.644+0000] {processor.py:829} INFO - Processing file /home/airflow/.local/lib/python3.8/site-packages/airflow/example_dags/example_branch_python_dop_operator_3.py for tasks to queue
[2023-11-23T15:30:23.645+0000] {logging_mixin.py:154} INFO - [2023-11-23T15:30:23.645+0000] {dagbag.py:536} INFO - Filling up the DagBag from /home/airflow/.local/lib/python3.8/site-packages/airflow/example_dags/example_branch_python_dop_operator_3.py
[2023-11-23T15:30:23.650+0000] {processor.py:839} INFO - DAG(s) dict_keys(['example_branch_dop_operator_v3']) retrieved from /home/airflow/.local/lib/python3.8/site-packages/airflow/example_dags/example_branch_python_dop_operator_3.py
[2023-11-23T15:30:23.662+0000] {logging_mixin.py:154} INFO - [2023-11-23T15:30:23.662+0000] {dag.py:2941} INFO - Sync 1 DAGs
[2023-11-23T15:30:23.679+0000] {logging_mixin.py:154} INFO - [2023-11-23T15:30:23.679+0000] {dag.py:3722} INFO - Setting next_dagrun for example_branch_dop_operator_v3 to 2023-11-23T15:29:00+00:00, run_after=2023-11-23T15:30:00+00:00
[2023-11-23T15:30:23.690+0000] {processor.py:179} INFO - Processing /home/airflow/.local/lib/python3.8/site-packages/airflow/example_dags/example_branch_python_dop_operator_3.py took 0.049 seconds
[2023-11-23T15:30:54.534+0000] {processor.py:157} INFO - Started process (PID=412) to work on /home/airflow/.local/lib/python3.8/site-packages/airflow/example_dags/example_branch_python_dop_operator_3.py
[2023-11-23T15:30:54.535+0000] {processor.py:829} INFO - Processing file /home/airflow/.local/lib/python3.8/site-packages/airflow/example_dags/example_branch_python_dop_operator_3.py for tasks to queue
[2023-11-23T15:30:54.536+0000] {logging_mixin.py:154} INFO - [2023-11-23T15:30:54.536+0000] {dagbag.py:536} INFO - Filling up the DagBag from /home/airflow/.local/lib/python3.8/site-packages/airflow/example_dags/example_branch_python_dop_operator_3.py
[2023-11-23T15:30:54.541+0000] {processor.py:839} INFO - DAG(s) dict_keys(['example_branch_dop_operator_v3']) retrieved from /home/airflow/.local/lib/python3.8/site-packages/airflow/example_dags/example_branch_python_dop_operator_3.py
[2023-11-23T15:30:54.556+0000] {logging_mixin.py:154} INFO - [2023-11-23T15:30:54.556+0000] {dag.py:2941} INFO - Sync 1 DAGs
[2023-11-23T15:30:54.578+0000] {logging_mixin.py:154} INFO - [2023-11-23T15:30:54.578+0000] {dag.py:3722} INFO - Setting next_dagrun for example_branch_dop_operator_v3 to 2023-11-23T15:29:00+00:00, run_after=2023-11-23T15:30:00+00:00
[2023-11-23T15:30:54.590+0000] {processor.py:179} INFO - Processing /home/airflow/.local/lib/python3.8/site-packages/airflow/example_dags/example_branch_python_dop_operator_3.py took 0.057 seconds
[2023-11-23T15:31:24.629+0000] {processor.py:157} INFO - Started process (PID=468) to work on /home/airflow/.local/lib/python3.8/site-packages/airflow/example_dags/example_branch_python_dop_operator_3.py
[2023-11-23T15:31:24.630+0000] {processor.py:829} INFO - Processing file /home/airflow/.local/lib/python3.8/site-packages/airflow/example_dags/example_branch_python_dop_operator_3.py for tasks to queue
[2023-11-23T15:31:24.631+0000] {logging_mixin.py:154} INFO - [2023-11-23T15:31:24.631+0000] {dagbag.py:536} INFO - Filling up the DagBag from /home/airflow/.local/lib/python3.8/site-packages/airflow/example_dags/example_branch_python_dop_operator_3.py
[2023-11-23T15:31:24.637+0000] {processor.py:839} INFO - DAG(s) dict_keys(['example_branch_dop_operator_v3']) retrieved from /home/airflow/.local/lib/python3.8/site-packages/airflow/example_dags/example_branch_python_dop_operator_3.py
[2023-11-23T15:31:24.649+0000] {logging_mixin.py:154} INFO - [2023-11-23T15:31:24.649+0000] {dag.py:2941} INFO - Sync 1 DAGs
[2023-11-23T15:31:24.665+0000] {logging_mixin.py:154} INFO - [2023-11-23T15:31:24.665+0000] {dag.py:3722} INFO - Setting next_dagrun for example_branch_dop_operator_v3 to 2023-11-23T15:30:00+00:00, run_after=2023-11-23T15:31:00+00:00
[2023-11-23T15:31:24.676+0000] {processor.py:179} INFO - Processing /home/airflow/.local/lib/python3.8/site-packages/airflow/example_dags/example_branch_python_dop_operator_3.py took 0.049 seconds
[2023-11-23T15:31:55.724+0000] {processor.py:157} INFO - Started process (PID=524) to work on /home/airflow/.local/lib/python3.8/site-packages/airflow/example_dags/example_branch_python_dop_operator_3.py
[2023-11-23T15:31:55.724+0000] {processor.py:829} INFO - Processing file /home/airflow/.local/lib/python3.8/site-packages/airflow/example_dags/example_branch_python_dop_operator_3.py for tasks to queue
[2023-11-23T15:31:55.725+0000] {logging_mixin.py:154} INFO - [2023-11-23T15:31:55.725+0000] {dagbag.py:536} INFO - Filling up the DagBag from /home/airflow/.local/lib/python3.8/site-packages/airflow/example_dags/example_branch_python_dop_operator_3.py
[2023-11-23T15:31:55.730+0000] {processor.py:839} INFO - DAG(s) dict_keys(['example_branch_dop_operator_v3']) retrieved from /home/airflow/.local/lib/python3.8/site-packages/airflow/example_dags/example_branch_python_dop_operator_3.py
[2023-11-23T15:31:55.741+0000] {logging_mixin.py:154} INFO - [2023-11-23T15:31:55.741+0000] {dag.py:2941} INFO - Sync 1 DAGs
[2023-11-23T15:31:55.757+0000] {logging_mixin.py:154} INFO - [2023-11-23T15:31:55.757+0000] {dag.py:3722} INFO - Setting next_dagrun for example_branch_dop_operator_v3 to 2023-11-23T15:30:00+00:00, run_after=2023-11-23T15:31:00+00:00
[2023-11-23T15:31:55.769+0000] {processor.py:179} INFO - Processing /home/airflow/.local/lib/python3.8/site-packages/airflow/example_dags/example_branch_python_dop_operator_3.py took 0.047 seconds
[2023-11-23T15:32:26.657+0000] {processor.py:157} INFO - Started process (PID=580) to work on /home/airflow/.local/lib/python3.8/site-packages/airflow/example_dags/example_branch_python_dop_operator_3.py
[2023-11-23T15:32:26.657+0000] {processor.py:829} INFO - Processing file /home/airflow/.local/lib/python3.8/site-packages/airflow/example_dags/example_branch_python_dop_operator_3.py for tasks to queue
[2023-11-23T15:32:26.658+0000] {logging_mixin.py:154} INFO - [2023-11-23T15:32:26.658+0000] {dagbag.py:536} INFO - Filling up the DagBag from /home/airflow/.local/lib/python3.8/site-packages/airflow/example_dags/example_branch_python_dop_operator_3.py
[2023-11-23T15:32:26.663+0000] {processor.py:839} INFO - DAG(s) dict_keys(['example_branch_dop_operator_v3']) retrieved from /home/airflow/.local/lib/python3.8/site-packages/airflow/example_dags/example_branch_python_dop_operator_3.py
[2023-11-23T15:32:26.675+0000] {logging_mixin.py:154} INFO - [2023-11-23T15:32:26.675+0000] {dag.py:2941} INFO - Sync 1 DAGs
[2023-11-23T15:32:26.692+0000] {logging_mixin.py:154} INFO - [2023-11-23T15:32:26.692+0000] {dag.py:3722} INFO - Setting next_dagrun for example_branch_dop_operator_v3 to 2023-11-23T15:31:00+00:00, run_after=2023-11-23T15:32:00+00:00
[2023-11-23T15:32:26.703+0000] {processor.py:179} INFO - Processing /home/airflow/.local/lib/python3.8/site-packages/airflow/example_dags/example_branch_python_dop_operator_3.py took 0.048 seconds
[2023-11-23T15:32:57.802+0000] {processor.py:157} INFO - Started process (PID=636) to work on /home/airflow/.local/lib/python3.8/site-packages/airflow/example_dags/example_branch_python_dop_operator_3.py
[2023-11-23T15:32:57.802+0000] {processor.py:829} INFO - Processing file /home/airflow/.local/lib/python3.8/site-packages/airflow/example_dags/example_branch_python_dop_operator_3.py for tasks to queue
[2023-11-23T15:32:57.804+0000] {logging_mixin.py:154} INFO - [2023-11-23T15:32:57.804+0000] {dagbag.py:536} INFO - Filling up the DagBag from /home/airflow/.local/lib/python3.8/site-packages/airflow/example_dags/example_branch_python_dop_operator_3.py
[2023-11-23T15:32:57.809+0000] {processor.py:839} INFO - DAG(s) dict_keys(['example_branch_dop_operator_v3']) retrieved from /home/airflow/.local/lib/python3.8/site-packages/airflow/example_dags/example_branch_python_dop_operator_3.py
[2023-11-23T15:32:57.821+0000] {logging_mixin.py:154} INFO - [2023-11-23T15:32:57.821+0000] {dag.py:2941} INFO - Sync 1 DAGs
[2023-11-23T15:32:57.837+0000] {logging_mixin.py:154} INFO - [2023-11-23T15:32:57.837+0000] {dag.py:3722} INFO - Setting next_dagrun for example_branch_dop_operator_v3 to 2023-11-23T15:31:00+00:00, run_after=2023-11-23T15:32:00+00:00
[2023-11-23T15:32:57.848+0000] {processor.py:179} INFO - Processing /home/airflow/.local/lib/python3.8/site-packages/airflow/example_dags/example_branch_python_dop_operator_3.py took 0.048 seconds
