[2023-11-23T11:22:21.070+0000] {processor.py:157} INFO - Started process (PID=76) to work on /home/airflow/.local/lib/python3.8/site-packages/airflow/example_dags/example_short_circuit_operator.py
[2023-11-23T11:22:21.070+0000] {processor.py:829} INFO - Processing file /home/airflow/.local/lib/python3.8/site-packages/airflow/example_dags/example_short_circuit_operator.py for tasks to queue
[2023-11-23T11:22:21.071+0000] {logging_mixin.py:154} INFO - [2023-11-23T11:22:21.071+0000] {dagbag.py:536} INFO - Filling up the DagBag from /home/airflow/.local/lib/python3.8/site-packages/airflow/example_dags/example_short_circuit_operator.py
[2023-11-23T11:22:21.079+0000] {processor.py:839} INFO - DAG(s) dict_keys(['example_short_circuit_operator']) retrieved from /home/airflow/.local/lib/python3.8/site-packages/airflow/example_dags/example_short_circuit_operator.py
[2023-11-23T11:22:21.087+0000] {logging_mixin.py:154} INFO - [2023-11-23T11:22:21.087+0000] {dag.py:2941} INFO - Sync 1 DAGs
[2023-11-23T11:22:21.101+0000] {logging_mixin.py:154} INFO - [2023-11-23T11:22:21.101+0000] {dag.py:3722} INFO - Setting next_dagrun for example_short_circuit_operator to 2023-11-22T11:22:21.101416+00:00, run_after=2023-11-23T11:22:21.101416+00:00
[2023-11-23T11:22:21.113+0000] {processor.py:179} INFO - Processing /home/airflow/.local/lib/python3.8/site-packages/airflow/example_dags/example_short_circuit_operator.py took 0.045 seconds
[2023-11-23T11:22:51.360+0000] {processor.py:157} INFO - Started process (PID=131) to work on /home/airflow/.local/lib/python3.8/site-packages/airflow/example_dags/example_short_circuit_operator.py
[2023-11-23T11:22:51.360+0000] {processor.py:829} INFO - Processing file /home/airflow/.local/lib/python3.8/site-packages/airflow/example_dags/example_short_circuit_operator.py for tasks to queue
[2023-11-23T11:22:51.362+0000] {logging_mixin.py:154} INFO - [2023-11-23T11:22:51.361+0000] {dagbag.py:536} INFO - Filling up the DagBag from /home/airflow/.local/lib/python3.8/site-packages/airflow/example_dags/example_short_circuit_operator.py
[2023-11-23T11:22:51.366+0000] {processor.py:839} INFO - DAG(s) dict_keys(['example_short_circuit_operator']) retrieved from /home/airflow/.local/lib/python3.8/site-packages/airflow/example_dags/example_short_circuit_operator.py
[2023-11-23T11:22:51.380+0000] {logging_mixin.py:154} INFO - [2023-11-23T11:22:51.380+0000] {dag.py:2941} INFO - Sync 1 DAGs
[2023-11-23T11:22:51.393+0000] {logging_mixin.py:154} INFO - [2023-11-23T11:22:51.393+0000] {dag.py:3722} INFO - Setting next_dagrun for example_short_circuit_operator to 2023-11-22T11:22:51.393487+00:00, run_after=2023-11-23T11:22:51.393487+00:00
[2023-11-23T11:22:51.404+0000] {processor.py:179} INFO - Processing /home/airflow/.local/lib/python3.8/site-packages/airflow/example_dags/example_short_circuit_operator.py took 0.046 seconds
[2023-11-23T11:23:22.353+0000] {processor.py:157} INFO - Started process (PID=185) to work on /home/airflow/.local/lib/python3.8/site-packages/airflow/example_dags/example_short_circuit_operator.py
[2023-11-23T11:23:22.353+0000] {processor.py:829} INFO - Processing file /home/airflow/.local/lib/python3.8/site-packages/airflow/example_dags/example_short_circuit_operator.py for tasks to queue
[2023-11-23T11:23:22.355+0000] {logging_mixin.py:154} INFO - [2023-11-23T11:23:22.355+0000] {dagbag.py:536} INFO - Filling up the DagBag from /home/airflow/.local/lib/python3.8/site-packages/airflow/example_dags/example_short_circuit_operator.py
[2023-11-23T11:23:22.360+0000] {processor.py:839} INFO - DAG(s) dict_keys(['example_short_circuit_operator']) retrieved from /home/airflow/.local/lib/python3.8/site-packages/airflow/example_dags/example_short_circuit_operator.py
[2023-11-23T11:23:22.375+0000] {logging_mixin.py:154} INFO - [2023-11-23T11:23:22.375+0000] {dag.py:2941} INFO - Sync 1 DAGs
[2023-11-23T11:23:22.391+0000] {logging_mixin.py:154} INFO - [2023-11-23T11:23:22.391+0000] {dag.py:3722} INFO - Setting next_dagrun for example_short_circuit_operator to 2023-11-22T11:23:22.391249+00:00, run_after=2023-11-23T11:23:22.391249+00:00
[2023-11-23T11:23:22.404+0000] {processor.py:179} INFO - Processing /home/airflow/.local/lib/python3.8/site-packages/airflow/example_dags/example_short_circuit_operator.py took 0.053 seconds
[2023-11-23T11:23:53.168+0000] {processor.py:157} INFO - Started process (PID=239) to work on /home/airflow/.local/lib/python3.8/site-packages/airflow/example_dags/example_short_circuit_operator.py
[2023-11-23T11:23:53.168+0000] {processor.py:829} INFO - Processing file /home/airflow/.local/lib/python3.8/site-packages/airflow/example_dags/example_short_circuit_operator.py for tasks to queue
[2023-11-23T11:23:53.169+0000] {logging_mixin.py:154} INFO - [2023-11-23T11:23:53.169+0000] {dagbag.py:536} INFO - Filling up the DagBag from /home/airflow/.local/lib/python3.8/site-packages/airflow/example_dags/example_short_circuit_operator.py
[2023-11-23T11:23:53.174+0000] {processor.py:839} INFO - DAG(s) dict_keys(['example_short_circuit_operator']) retrieved from /home/airflow/.local/lib/python3.8/site-packages/airflow/example_dags/example_short_circuit_operator.py
[2023-11-23T11:23:53.188+0000] {logging_mixin.py:154} INFO - [2023-11-23T11:23:53.188+0000] {dag.py:2941} INFO - Sync 1 DAGs
[2023-11-23T11:23:53.201+0000] {logging_mixin.py:154} INFO - [2023-11-23T11:23:53.201+0000] {dag.py:3722} INFO - Setting next_dagrun for example_short_circuit_operator to 2023-11-22T11:23:53.201543+00:00, run_after=2023-11-23T11:23:53.201543+00:00
[2023-11-23T11:23:53.213+0000] {processor.py:179} INFO - Processing /home/airflow/.local/lib/python3.8/site-packages/airflow/example_dags/example_short_circuit_operator.py took 0.047 seconds
[2023-11-23T11:24:23.919+0000] {processor.py:157} INFO - Started process (PID=293) to work on /home/airflow/.local/lib/python3.8/site-packages/airflow/example_dags/example_short_circuit_operator.py
[2023-11-23T11:24:23.920+0000] {processor.py:829} INFO - Processing file /home/airflow/.local/lib/python3.8/site-packages/airflow/example_dags/example_short_circuit_operator.py for tasks to queue
[2023-11-23T11:24:23.921+0000] {logging_mixin.py:154} INFO - [2023-11-23T11:24:23.921+0000] {dagbag.py:536} INFO - Filling up the DagBag from /home/airflow/.local/lib/python3.8/site-packages/airflow/example_dags/example_short_circuit_operator.py
[2023-11-23T11:24:23.925+0000] {processor.py:839} INFO - DAG(s) dict_keys(['example_short_circuit_operator']) retrieved from /home/airflow/.local/lib/python3.8/site-packages/airflow/example_dags/example_short_circuit_operator.py
[2023-11-23T11:24:23.939+0000] {logging_mixin.py:154} INFO - [2023-11-23T11:24:23.939+0000] {dag.py:2941} INFO - Sync 1 DAGs
[2023-11-23T11:24:23.953+0000] {logging_mixin.py:154} INFO - [2023-11-23T11:24:23.953+0000] {dag.py:3722} INFO - Setting next_dagrun for example_short_circuit_operator to 2023-11-22T11:24:23.952927+00:00, run_after=2023-11-23T11:24:23.952927+00:00
[2023-11-23T11:24:23.963+0000] {processor.py:179} INFO - Processing /home/airflow/.local/lib/python3.8/site-packages/airflow/example_dags/example_short_circuit_operator.py took 0.046 seconds
[2023-11-23T11:24:54.317+0000] {processor.py:157} INFO - Started process (PID=347) to work on /home/airflow/.local/lib/python3.8/site-packages/airflow/example_dags/example_short_circuit_operator.py
[2023-11-23T11:24:54.318+0000] {processor.py:829} INFO - Processing file /home/airflow/.local/lib/python3.8/site-packages/airflow/example_dags/example_short_circuit_operator.py for tasks to queue
[2023-11-23T11:24:54.319+0000] {logging_mixin.py:154} INFO - [2023-11-23T11:24:54.319+0000] {dagbag.py:536} INFO - Filling up the DagBag from /home/airflow/.local/lib/python3.8/site-packages/airflow/example_dags/example_short_circuit_operator.py
[2023-11-23T11:24:54.323+0000] {processor.py:839} INFO - DAG(s) dict_keys(['example_short_circuit_operator']) retrieved from /home/airflow/.local/lib/python3.8/site-packages/airflow/example_dags/example_short_circuit_operator.py
[2023-11-23T11:24:54.337+0000] {logging_mixin.py:154} INFO - [2023-11-23T11:24:54.336+0000] {dag.py:2941} INFO - Sync 1 DAGs
[2023-11-23T11:24:54.350+0000] {logging_mixin.py:154} INFO - [2023-11-23T11:24:54.350+0000] {dag.py:3722} INFO - Setting next_dagrun for example_short_circuit_operator to 2023-11-22T11:24:54.350047+00:00, run_after=2023-11-23T11:24:54.350047+00:00
[2023-11-23T11:24:54.361+0000] {processor.py:179} INFO - Processing /home/airflow/.local/lib/python3.8/site-packages/airflow/example_dags/example_short_circuit_operator.py took 0.045 seconds
[2023-11-23T11:25:24.617+0000] {processor.py:157} INFO - Started process (PID=401) to work on /home/airflow/.local/lib/python3.8/site-packages/airflow/example_dags/example_short_circuit_operator.py
[2023-11-23T11:25:24.617+0000] {processor.py:829} INFO - Processing file /home/airflow/.local/lib/python3.8/site-packages/airflow/example_dags/example_short_circuit_operator.py for tasks to queue
[2023-11-23T11:25:24.618+0000] {logging_mixin.py:154} INFO - [2023-11-23T11:25:24.618+0000] {dagbag.py:536} INFO - Filling up the DagBag from /home/airflow/.local/lib/python3.8/site-packages/airflow/example_dags/example_short_circuit_operator.py
[2023-11-23T11:25:24.623+0000] {processor.py:839} INFO - DAG(s) dict_keys(['example_short_circuit_operator']) retrieved from /home/airflow/.local/lib/python3.8/site-packages/airflow/example_dags/example_short_circuit_operator.py
[2023-11-23T11:25:24.637+0000] {logging_mixin.py:154} INFO - [2023-11-23T11:25:24.637+0000] {dag.py:2941} INFO - Sync 1 DAGs
[2023-11-23T11:25:24.650+0000] {logging_mixin.py:154} INFO - [2023-11-23T11:25:24.650+0000] {dag.py:3722} INFO - Setting next_dagrun for example_short_circuit_operator to 2023-11-22T11:25:24.650335+00:00, run_after=2023-11-23T11:25:24.650335+00:00
[2023-11-23T11:25:24.661+0000] {processor.py:179} INFO - Processing /home/airflow/.local/lib/python3.8/site-packages/airflow/example_dags/example_short_circuit_operator.py took 0.046 seconds
[2023-11-23T11:25:55.222+0000] {processor.py:157} INFO - Started process (PID=455) to work on /home/airflow/.local/lib/python3.8/site-packages/airflow/example_dags/example_short_circuit_operator.py
[2023-11-23T11:25:55.223+0000] {processor.py:829} INFO - Processing file /home/airflow/.local/lib/python3.8/site-packages/airflow/example_dags/example_short_circuit_operator.py for tasks to queue
[2023-11-23T11:25:55.224+0000] {logging_mixin.py:154} INFO - [2023-11-23T11:25:55.224+0000] {dagbag.py:536} INFO - Filling up the DagBag from /home/airflow/.local/lib/python3.8/site-packages/airflow/example_dags/example_short_circuit_operator.py
[2023-11-23T11:25:55.229+0000] {processor.py:839} INFO - DAG(s) dict_keys(['example_short_circuit_operator']) retrieved from /home/airflow/.local/lib/python3.8/site-packages/airflow/example_dags/example_short_circuit_operator.py
[2023-11-23T11:25:55.243+0000] {logging_mixin.py:154} INFO - [2023-11-23T11:25:55.243+0000] {dag.py:2941} INFO - Sync 1 DAGs
[2023-11-23T11:25:55.258+0000] {logging_mixin.py:154} INFO - [2023-11-23T11:25:55.257+0000] {dag.py:3722} INFO - Setting next_dagrun for example_short_circuit_operator to 2023-11-22T11:25:55.257704+00:00, run_after=2023-11-23T11:25:55.257704+00:00
[2023-11-23T11:25:55.270+0000] {processor.py:179} INFO - Processing /home/airflow/.local/lib/python3.8/site-packages/airflow/example_dags/example_short_circuit_operator.py took 0.049 seconds
[2023-11-23T11:26:26.219+0000] {processor.py:157} INFO - Started process (PID=509) to work on /home/airflow/.local/lib/python3.8/site-packages/airflow/example_dags/example_short_circuit_operator.py
[2023-11-23T11:26:26.219+0000] {processor.py:829} INFO - Processing file /home/airflow/.local/lib/python3.8/site-packages/airflow/example_dags/example_short_circuit_operator.py for tasks to queue
[2023-11-23T11:26:26.220+0000] {logging_mixin.py:154} INFO - [2023-11-23T11:26:26.220+0000] {dagbag.py:536} INFO - Filling up the DagBag from /home/airflow/.local/lib/python3.8/site-packages/airflow/example_dags/example_short_circuit_operator.py
[2023-11-23T11:26:26.225+0000] {processor.py:839} INFO - DAG(s) dict_keys(['example_short_circuit_operator']) retrieved from /home/airflow/.local/lib/python3.8/site-packages/airflow/example_dags/example_short_circuit_operator.py
[2023-11-23T11:26:26.238+0000] {logging_mixin.py:154} INFO - [2023-11-23T11:26:26.238+0000] {dag.py:2941} INFO - Sync 1 DAGs
[2023-11-23T11:26:26.253+0000] {logging_mixin.py:154} INFO - [2023-11-23T11:26:26.253+0000] {dag.py:3722} INFO - Setting next_dagrun for example_short_circuit_operator to 2023-11-22T11:26:26.253355+00:00, run_after=2023-11-23T11:26:26.253355+00:00
[2023-11-23T11:26:26.265+0000] {processor.py:179} INFO - Processing /home/airflow/.local/lib/python3.8/site-packages/airflow/example_dags/example_short_circuit_operator.py took 0.048 seconds
[2023-11-23T11:26:57.130+0000] {processor.py:157} INFO - Started process (PID=563) to work on /home/airflow/.local/lib/python3.8/site-packages/airflow/example_dags/example_short_circuit_operator.py
[2023-11-23T11:26:57.131+0000] {processor.py:829} INFO - Processing file /home/airflow/.local/lib/python3.8/site-packages/airflow/example_dags/example_short_circuit_operator.py for tasks to queue
[2023-11-23T11:26:57.132+0000] {logging_mixin.py:154} INFO - [2023-11-23T11:26:57.132+0000] {dagbag.py:536} INFO - Filling up the DagBag from /home/airflow/.local/lib/python3.8/site-packages/airflow/example_dags/example_short_circuit_operator.py
[2023-11-23T11:26:57.137+0000] {processor.py:839} INFO - DAG(s) dict_keys(['example_short_circuit_operator']) retrieved from /home/airflow/.local/lib/python3.8/site-packages/airflow/example_dags/example_short_circuit_operator.py
[2023-11-23T11:26:57.151+0000] {logging_mixin.py:154} INFO - [2023-11-23T11:26:57.151+0000] {dag.py:2941} INFO - Sync 1 DAGs
[2023-11-23T11:26:57.164+0000] {logging_mixin.py:154} INFO - [2023-11-23T11:26:57.164+0000] {dag.py:3722} INFO - Setting next_dagrun for example_short_circuit_operator to 2023-11-22T11:26:57.164527+00:00, run_after=2023-11-23T11:26:57.164527+00:00
[2023-11-23T11:26:57.175+0000] {processor.py:179} INFO - Processing /home/airflow/.local/lib/python3.8/site-packages/airflow/example_dags/example_short_circuit_operator.py took 0.047 seconds
[2023-11-23T11:27:27.773+0000] {processor.py:157} INFO - Started process (PID=617) to work on /home/airflow/.local/lib/python3.8/site-packages/airflow/example_dags/example_short_circuit_operator.py
[2023-11-23T11:27:27.774+0000] {processor.py:829} INFO - Processing file /home/airflow/.local/lib/python3.8/site-packages/airflow/example_dags/example_short_circuit_operator.py for tasks to queue
[2023-11-23T11:27:27.775+0000] {logging_mixin.py:154} INFO - [2023-11-23T11:27:27.775+0000] {dagbag.py:536} INFO - Filling up the DagBag from /home/airflow/.local/lib/python3.8/site-packages/airflow/example_dags/example_short_circuit_operator.py
[2023-11-23T11:27:27.780+0000] {processor.py:839} INFO - DAG(s) dict_keys(['example_short_circuit_operator']) retrieved from /home/airflow/.local/lib/python3.8/site-packages/airflow/example_dags/example_short_circuit_operator.py
[2023-11-23T11:27:27.795+0000] {logging_mixin.py:154} INFO - [2023-11-23T11:27:27.795+0000] {dag.py:2941} INFO - Sync 1 DAGs
[2023-11-23T11:27:27.811+0000] {logging_mixin.py:154} INFO - [2023-11-23T11:27:27.810+0000] {dag.py:3722} INFO - Setting next_dagrun for example_short_circuit_operator to 2023-11-22T11:27:27.810660+00:00, run_after=2023-11-23T11:27:27.810660+00:00
[2023-11-23T11:27:27.823+0000] {processor.py:179} INFO - Processing /home/airflow/.local/lib/python3.8/site-packages/airflow/example_dags/example_short_circuit_operator.py took 0.052 seconds
[2023-11-23T11:27:58.459+0000] {processor.py:157} INFO - Started process (PID=671) to work on /home/airflow/.local/lib/python3.8/site-packages/airflow/example_dags/example_short_circuit_operator.py
[2023-11-23T11:27:58.460+0000] {processor.py:829} INFO - Processing file /home/airflow/.local/lib/python3.8/site-packages/airflow/example_dags/example_short_circuit_operator.py for tasks to queue
[2023-11-23T11:27:58.461+0000] {logging_mixin.py:154} INFO - [2023-11-23T11:27:58.461+0000] {dagbag.py:536} INFO - Filling up the DagBag from /home/airflow/.local/lib/python3.8/site-packages/airflow/example_dags/example_short_circuit_operator.py
[2023-11-23T11:27:58.466+0000] {processor.py:839} INFO - DAG(s) dict_keys(['example_short_circuit_operator']) retrieved from /home/airflow/.local/lib/python3.8/site-packages/airflow/example_dags/example_short_circuit_operator.py
[2023-11-23T11:27:58.480+0000] {logging_mixin.py:154} INFO - [2023-11-23T11:27:58.480+0000] {dag.py:2941} INFO - Sync 1 DAGs
[2023-11-23T11:27:58.493+0000] {logging_mixin.py:154} INFO - [2023-11-23T11:27:58.493+0000] {dag.py:3722} INFO - Setting next_dagrun for example_short_circuit_operator to 2023-11-22T11:27:58.493635+00:00, run_after=2023-11-23T11:27:58.493635+00:00
[2023-11-23T11:27:58.504+0000] {processor.py:179} INFO - Processing /home/airflow/.local/lib/python3.8/site-packages/airflow/example_dags/example_short_circuit_operator.py took 0.047 seconds
[2023-11-23T11:28:29.001+0000] {processor.py:157} INFO - Started process (PID=725) to work on /home/airflow/.local/lib/python3.8/site-packages/airflow/example_dags/example_short_circuit_operator.py
[2023-11-23T11:28:29.001+0000] {processor.py:829} INFO - Processing file /home/airflow/.local/lib/python3.8/site-packages/airflow/example_dags/example_short_circuit_operator.py for tasks to queue
[2023-11-23T11:28:29.002+0000] {logging_mixin.py:154} INFO - [2023-11-23T11:28:29.002+0000] {dagbag.py:536} INFO - Filling up the DagBag from /home/airflow/.local/lib/python3.8/site-packages/airflow/example_dags/example_short_circuit_operator.py
[2023-11-23T11:28:29.007+0000] {processor.py:839} INFO - DAG(s) dict_keys(['example_short_circuit_operator']) retrieved from /home/airflow/.local/lib/python3.8/site-packages/airflow/example_dags/example_short_circuit_operator.py
[2023-11-23T11:28:29.020+0000] {logging_mixin.py:154} INFO - [2023-11-23T11:28:29.020+0000] {dag.py:2941} INFO - Sync 1 DAGs
[2023-11-23T11:28:29.034+0000] {logging_mixin.py:154} INFO - [2023-11-23T11:28:29.034+0000] {dag.py:3722} INFO - Setting next_dagrun for example_short_circuit_operator to 2023-11-22T11:28:29.033989+00:00, run_after=2023-11-23T11:28:29.033989+00:00
[2023-11-23T11:28:29.045+0000] {processor.py:179} INFO - Processing /home/airflow/.local/lib/python3.8/site-packages/airflow/example_dags/example_short_circuit_operator.py took 0.046 seconds
[2023-11-23T11:28:59.767+0000] {processor.py:157} INFO - Started process (PID=779) to work on /home/airflow/.local/lib/python3.8/site-packages/airflow/example_dags/example_short_circuit_operator.py
[2023-11-23T11:28:59.767+0000] {processor.py:829} INFO - Processing file /home/airflow/.local/lib/python3.8/site-packages/airflow/example_dags/example_short_circuit_operator.py for tasks to queue
[2023-11-23T11:28:59.768+0000] {logging_mixin.py:154} INFO - [2023-11-23T11:28:59.768+0000] {dagbag.py:536} INFO - Filling up the DagBag from /home/airflow/.local/lib/python3.8/site-packages/airflow/example_dags/example_short_circuit_operator.py
[2023-11-23T11:28:59.773+0000] {processor.py:839} INFO - DAG(s) dict_keys(['example_short_circuit_operator']) retrieved from /home/airflow/.local/lib/python3.8/site-packages/airflow/example_dags/example_short_circuit_operator.py
[2023-11-23T11:28:59.787+0000] {logging_mixin.py:154} INFO - [2023-11-23T11:28:59.787+0000] {dag.py:2941} INFO - Sync 1 DAGs
[2023-11-23T11:28:59.802+0000] {logging_mixin.py:154} INFO - [2023-11-23T11:28:59.802+0000] {dag.py:3722} INFO - Setting next_dagrun for example_short_circuit_operator to 2023-11-22T11:28:59.801979+00:00, run_after=2023-11-23T11:28:59.801979+00:00
[2023-11-23T11:28:59.814+0000] {processor.py:179} INFO - Processing /home/airflow/.local/lib/python3.8/site-packages/airflow/example_dags/example_short_circuit_operator.py took 0.049 seconds
[2023-11-23T11:29:30.259+0000] {processor.py:157} INFO - Started process (PID=834) to work on /home/airflow/.local/lib/python3.8/site-packages/airflow/example_dags/example_short_circuit_operator.py
[2023-11-23T11:29:30.260+0000] {processor.py:829} INFO - Processing file /home/airflow/.local/lib/python3.8/site-packages/airflow/example_dags/example_short_circuit_operator.py for tasks to queue
[2023-11-23T11:29:30.261+0000] {logging_mixin.py:154} INFO - [2023-11-23T11:29:30.261+0000] {dagbag.py:536} INFO - Filling up the DagBag from /home/airflow/.local/lib/python3.8/site-packages/airflow/example_dags/example_short_circuit_operator.py
[2023-11-23T11:29:30.266+0000] {processor.py:839} INFO - DAG(s) dict_keys(['example_short_circuit_operator']) retrieved from /home/airflow/.local/lib/python3.8/site-packages/airflow/example_dags/example_short_circuit_operator.py
[2023-11-23T11:29:30.280+0000] {logging_mixin.py:154} INFO - [2023-11-23T11:29:30.280+0000] {dag.py:2941} INFO - Sync 1 DAGs
[2023-11-23T11:29:30.295+0000] {logging_mixin.py:154} INFO - [2023-11-23T11:29:30.295+0000] {dag.py:3722} INFO - Setting next_dagrun for example_short_circuit_operator to 2023-11-22T11:29:30.295249+00:00, run_after=2023-11-23T11:29:30.295249+00:00
[2023-11-23T11:29:30.307+0000] {processor.py:179} INFO - Processing /home/airflow/.local/lib/python3.8/site-packages/airflow/example_dags/example_short_circuit_operator.py took 0.049 seconds
[2023-11-23T11:30:01.031+0000] {processor.py:157} INFO - Started process (PID=888) to work on /home/airflow/.local/lib/python3.8/site-packages/airflow/example_dags/example_short_circuit_operator.py
[2023-11-23T11:30:01.031+0000] {processor.py:829} INFO - Processing file /home/airflow/.local/lib/python3.8/site-packages/airflow/example_dags/example_short_circuit_operator.py for tasks to queue
[2023-11-23T11:30:01.033+0000] {logging_mixin.py:154} INFO - [2023-11-23T11:30:01.033+0000] {dagbag.py:536} INFO - Filling up the DagBag from /home/airflow/.local/lib/python3.8/site-packages/airflow/example_dags/example_short_circuit_operator.py
[2023-11-23T11:30:01.037+0000] {processor.py:839} INFO - DAG(s) dict_keys(['example_short_circuit_operator']) retrieved from /home/airflow/.local/lib/python3.8/site-packages/airflow/example_dags/example_short_circuit_operator.py
[2023-11-23T11:30:01.053+0000] {logging_mixin.py:154} INFO - [2023-11-23T11:30:01.053+0000] {dag.py:2941} INFO - Sync 1 DAGs
[2023-11-23T11:30:01.071+0000] {logging_mixin.py:154} INFO - [2023-11-23T11:30:01.071+0000] {dag.py:3722} INFO - Setting next_dagrun for example_short_circuit_operator to 2023-11-22T11:30:01.070885+00:00, run_after=2023-11-23T11:30:01.070885+00:00
[2023-11-23T11:30:01.083+0000] {processor.py:179} INFO - Processing /home/airflow/.local/lib/python3.8/site-packages/airflow/example_dags/example_short_circuit_operator.py took 0.054 seconds
[2023-11-23T11:30:31.176+0000] {processor.py:157} INFO - Started process (PID=942) to work on /home/airflow/.local/lib/python3.8/site-packages/airflow/example_dags/example_short_circuit_operator.py
[2023-11-23T11:30:31.176+0000] {processor.py:829} INFO - Processing file /home/airflow/.local/lib/python3.8/site-packages/airflow/example_dags/example_short_circuit_operator.py for tasks to queue
[2023-11-23T11:30:31.177+0000] {logging_mixin.py:154} INFO - [2023-11-23T11:30:31.177+0000] {dagbag.py:536} INFO - Filling up the DagBag from /home/airflow/.local/lib/python3.8/site-packages/airflow/example_dags/example_short_circuit_operator.py
[2023-11-23T11:30:31.182+0000] {processor.py:839} INFO - DAG(s) dict_keys(['example_short_circuit_operator']) retrieved from /home/airflow/.local/lib/python3.8/site-packages/airflow/example_dags/example_short_circuit_operator.py
[2023-11-23T11:30:31.196+0000] {logging_mixin.py:154} INFO - [2023-11-23T11:30:31.196+0000] {dag.py:2941} INFO - Sync 1 DAGs
[2023-11-23T11:30:31.210+0000] {logging_mixin.py:154} INFO - [2023-11-23T11:30:31.210+0000] {dag.py:3722} INFO - Setting next_dagrun for example_short_circuit_operator to 2023-11-22T11:30:31.210074+00:00, run_after=2023-11-23T11:30:31.210074+00:00
[2023-11-23T11:30:31.222+0000] {processor.py:179} INFO - Processing /home/airflow/.local/lib/python3.8/site-packages/airflow/example_dags/example_short_circuit_operator.py took 0.048 seconds
[2023-11-23T11:31:01.424+0000] {processor.py:157} INFO - Started process (PID=996) to work on /home/airflow/.local/lib/python3.8/site-packages/airflow/example_dags/example_short_circuit_operator.py
[2023-11-23T11:31:01.424+0000] {processor.py:829} INFO - Processing file /home/airflow/.local/lib/python3.8/site-packages/airflow/example_dags/example_short_circuit_operator.py for tasks to queue
[2023-11-23T11:31:01.426+0000] {logging_mixin.py:154} INFO - [2023-11-23T11:31:01.426+0000] {dagbag.py:536} INFO - Filling up the DagBag from /home/airflow/.local/lib/python3.8/site-packages/airflow/example_dags/example_short_circuit_operator.py
[2023-11-23T11:31:01.430+0000] {processor.py:839} INFO - DAG(s) dict_keys(['example_short_circuit_operator']) retrieved from /home/airflow/.local/lib/python3.8/site-packages/airflow/example_dags/example_short_circuit_operator.py
[2023-11-23T11:31:01.445+0000] {logging_mixin.py:154} INFO - [2023-11-23T11:31:01.445+0000] {dag.py:2941} INFO - Sync 1 DAGs
[2023-11-23T11:31:01.459+0000] {logging_mixin.py:154} INFO - [2023-11-23T11:31:01.458+0000] {dag.py:3722} INFO - Setting next_dagrun for example_short_circuit_operator to 2023-11-22T11:31:01.458831+00:00, run_after=2023-11-23T11:31:01.458831+00:00
[2023-11-23T11:31:01.470+0000] {processor.py:179} INFO - Processing /home/airflow/.local/lib/python3.8/site-packages/airflow/example_dags/example_short_circuit_operator.py took 0.048 seconds
[2023-11-23T11:31:31.631+0000] {processor.py:157} INFO - Started process (PID=1051) to work on /home/airflow/.local/lib/python3.8/site-packages/airflow/example_dags/example_short_circuit_operator.py
[2023-11-23T11:31:31.632+0000] {processor.py:829} INFO - Processing file /home/airflow/.local/lib/python3.8/site-packages/airflow/example_dags/example_short_circuit_operator.py for tasks to queue
[2023-11-23T11:31:31.633+0000] {logging_mixin.py:154} INFO - [2023-11-23T11:31:31.633+0000] {dagbag.py:536} INFO - Filling up the DagBag from /home/airflow/.local/lib/python3.8/site-packages/airflow/example_dags/example_short_circuit_operator.py
[2023-11-23T11:31:31.637+0000] {processor.py:839} INFO - DAG(s) dict_keys(['example_short_circuit_operator']) retrieved from /home/airflow/.local/lib/python3.8/site-packages/airflow/example_dags/example_short_circuit_operator.py
[2023-11-23T11:31:31.651+0000] {logging_mixin.py:154} INFO - [2023-11-23T11:31:31.651+0000] {dag.py:2941} INFO - Sync 1 DAGs
[2023-11-23T11:31:31.664+0000] {logging_mixin.py:154} INFO - [2023-11-23T11:31:31.664+0000] {dag.py:3722} INFO - Setting next_dagrun for example_short_circuit_operator to 2023-11-22T11:31:31.664605+00:00, run_after=2023-11-23T11:31:31.664605+00:00
[2023-11-23T11:31:31.676+0000] {processor.py:179} INFO - Processing /home/airflow/.local/lib/python3.8/site-packages/airflow/example_dags/example_short_circuit_operator.py took 0.046 seconds
[2023-11-23T11:32:02.381+0000] {processor.py:157} INFO - Started process (PID=1105) to work on /home/airflow/.local/lib/python3.8/site-packages/airflow/example_dags/example_short_circuit_operator.py
[2023-11-23T11:32:02.381+0000] {processor.py:829} INFO - Processing file /home/airflow/.local/lib/python3.8/site-packages/airflow/example_dags/example_short_circuit_operator.py for tasks to queue
[2023-11-23T11:32:02.383+0000] {logging_mixin.py:154} INFO - [2023-11-23T11:32:02.383+0000] {dagbag.py:536} INFO - Filling up the DagBag from /home/airflow/.local/lib/python3.8/site-packages/airflow/example_dags/example_short_circuit_operator.py
[2023-11-23T11:32:02.388+0000] {processor.py:839} INFO - DAG(s) dict_keys(['example_short_circuit_operator']) retrieved from /home/airflow/.local/lib/python3.8/site-packages/airflow/example_dags/example_short_circuit_operator.py
[2023-11-23T11:32:02.402+0000] {logging_mixin.py:154} INFO - [2023-11-23T11:32:02.402+0000] {dag.py:2941} INFO - Sync 1 DAGs
[2023-11-23T11:32:02.418+0000] {logging_mixin.py:154} INFO - [2023-11-23T11:32:02.418+0000] {dag.py:3722} INFO - Setting next_dagrun for example_short_circuit_operator to 2023-11-22T11:32:02.418555+00:00, run_after=2023-11-23T11:32:02.418555+00:00
[2023-11-23T11:32:02.535+0000] {processor.py:179} INFO - Processing /home/airflow/.local/lib/python3.8/site-packages/airflow/example_dags/example_short_circuit_operator.py took 0.156 seconds
[2023-11-23T11:32:33.544+0000] {processor.py:157} INFO - Started process (PID=1159) to work on /home/airflow/.local/lib/python3.8/site-packages/airflow/example_dags/example_short_circuit_operator.py
[2023-11-23T11:32:33.544+0000] {processor.py:829} INFO - Processing file /home/airflow/.local/lib/python3.8/site-packages/airflow/example_dags/example_short_circuit_operator.py for tasks to queue
[2023-11-23T11:32:33.546+0000] {logging_mixin.py:154} INFO - [2023-11-23T11:32:33.545+0000] {dagbag.py:536} INFO - Filling up the DagBag from /home/airflow/.local/lib/python3.8/site-packages/airflow/example_dags/example_short_circuit_operator.py
[2023-11-23T11:32:33.550+0000] {processor.py:839} INFO - DAG(s) dict_keys(['example_short_circuit_operator']) retrieved from /home/airflow/.local/lib/python3.8/site-packages/airflow/example_dags/example_short_circuit_operator.py
[2023-11-23T11:32:33.564+0000] {logging_mixin.py:154} INFO - [2023-11-23T11:32:33.564+0000] {dag.py:2941} INFO - Sync 1 DAGs
[2023-11-23T11:32:33.578+0000] {logging_mixin.py:154} INFO - [2023-11-23T11:32:33.578+0000] {dag.py:3722} INFO - Setting next_dagrun for example_short_circuit_operator to 2023-11-22T11:32:33.578193+00:00, run_after=2023-11-23T11:32:33.578193+00:00
[2023-11-23T11:32:33.590+0000] {processor.py:179} INFO - Processing /home/airflow/.local/lib/python3.8/site-packages/airflow/example_dags/example_short_circuit_operator.py took 0.048 seconds
[2023-11-23T11:33:04.431+0000] {processor.py:157} INFO - Started process (PID=1213) to work on /home/airflow/.local/lib/python3.8/site-packages/airflow/example_dags/example_short_circuit_operator.py
[2023-11-23T11:33:04.432+0000] {processor.py:829} INFO - Processing file /home/airflow/.local/lib/python3.8/site-packages/airflow/example_dags/example_short_circuit_operator.py for tasks to queue
[2023-11-23T11:33:04.433+0000] {logging_mixin.py:154} INFO - [2023-11-23T11:33:04.433+0000] {dagbag.py:536} INFO - Filling up the DagBag from /home/airflow/.local/lib/python3.8/site-packages/airflow/example_dags/example_short_circuit_operator.py
[2023-11-23T11:33:04.438+0000] {processor.py:839} INFO - DAG(s) dict_keys(['example_short_circuit_operator']) retrieved from /home/airflow/.local/lib/python3.8/site-packages/airflow/example_dags/example_short_circuit_operator.py
[2023-11-23T11:33:04.453+0000] {logging_mixin.py:154} INFO - [2023-11-23T11:33:04.453+0000] {dag.py:2941} INFO - Sync 1 DAGs
[2023-11-23T11:33:04.467+0000] {logging_mixin.py:154} INFO - [2023-11-23T11:33:04.467+0000] {dag.py:3722} INFO - Setting next_dagrun for example_short_circuit_operator to 2023-11-22T11:33:04.467382+00:00, run_after=2023-11-23T11:33:04.467382+00:00
[2023-11-23T11:33:04.478+0000] {processor.py:179} INFO - Processing /home/airflow/.local/lib/python3.8/site-packages/airflow/example_dags/example_short_circuit_operator.py took 0.049 seconds
[2023-11-23T11:38:43.954+0000] {processor.py:157} INFO - Started process (PID=79) to work on /home/airflow/.local/lib/python3.8/site-packages/airflow/example_dags/example_short_circuit_operator.py
[2023-11-23T11:38:43.955+0000] {processor.py:829} INFO - Processing file /home/airflow/.local/lib/python3.8/site-packages/airflow/example_dags/example_short_circuit_operator.py for tasks to queue
[2023-11-23T11:38:43.956+0000] {logging_mixin.py:154} INFO - [2023-11-23T11:38:43.956+0000] {dagbag.py:536} INFO - Filling up the DagBag from /home/airflow/.local/lib/python3.8/site-packages/airflow/example_dags/example_short_circuit_operator.py
[2023-11-23T11:38:43.961+0000] {processor.py:839} INFO - DAG(s) dict_keys(['example_short_circuit_operator']) retrieved from /home/airflow/.local/lib/python3.8/site-packages/airflow/example_dags/example_short_circuit_operator.py
[2023-11-23T11:38:43.969+0000] {logging_mixin.py:154} INFO - [2023-11-23T11:38:43.969+0000] {dag.py:2941} INFO - Sync 1 DAGs
[2023-11-23T11:38:43.987+0000] {logging_mixin.py:154} INFO - [2023-11-23T11:38:43.986+0000] {dag.py:3722} INFO - Setting next_dagrun for example_short_circuit_operator to 2023-11-22T11:38:43.986559+00:00, run_after=2023-11-23T11:38:43.986559+00:00
[2023-11-23T11:38:44.000+0000] {processor.py:179} INFO - Processing /home/airflow/.local/lib/python3.8/site-packages/airflow/example_dags/example_short_circuit_operator.py took 0.048 seconds
[2023-11-23T11:39:14.768+0000] {processor.py:157} INFO - Started process (PID=135) to work on /home/airflow/.local/lib/python3.8/site-packages/airflow/example_dags/example_short_circuit_operator.py
[2023-11-23T11:39:14.768+0000] {processor.py:829} INFO - Processing file /home/airflow/.local/lib/python3.8/site-packages/airflow/example_dags/example_short_circuit_operator.py for tasks to queue
[2023-11-23T11:39:14.769+0000] {logging_mixin.py:154} INFO - [2023-11-23T11:39:14.769+0000] {dagbag.py:536} INFO - Filling up the DagBag from /home/airflow/.local/lib/python3.8/site-packages/airflow/example_dags/example_short_circuit_operator.py
[2023-11-23T11:39:14.774+0000] {processor.py:839} INFO - DAG(s) dict_keys(['example_short_circuit_operator']) retrieved from /home/airflow/.local/lib/python3.8/site-packages/airflow/example_dags/example_short_circuit_operator.py
[2023-11-23T11:39:14.789+0000] {logging_mixin.py:154} INFO - [2023-11-23T11:39:14.789+0000] {dag.py:2941} INFO - Sync 1 DAGs
[2023-11-23T11:39:14.803+0000] {logging_mixin.py:154} INFO - [2023-11-23T11:39:14.803+0000] {dag.py:3722} INFO - Setting next_dagrun for example_short_circuit_operator to 2023-11-22T11:39:14.803587+00:00, run_after=2023-11-23T11:39:14.803587+00:00
[2023-11-23T11:39:14.814+0000] {processor.py:179} INFO - Processing /home/airflow/.local/lib/python3.8/site-packages/airflow/example_dags/example_short_circuit_operator.py took 0.048 seconds
[2023-11-23T11:39:46.346+0000] {processor.py:157} INFO - Started process (PID=191) to work on /home/airflow/.local/lib/python3.8/site-packages/airflow/example_dags/example_short_circuit_operator.py
[2023-11-23T11:39:46.346+0000] {processor.py:829} INFO - Processing file /home/airflow/.local/lib/python3.8/site-packages/airflow/example_dags/example_short_circuit_operator.py for tasks to queue
[2023-11-23T11:39:46.348+0000] {logging_mixin.py:154} INFO - [2023-11-23T11:39:46.347+0000] {dagbag.py:536} INFO - Filling up the DagBag from /home/airflow/.local/lib/python3.8/site-packages/airflow/example_dags/example_short_circuit_operator.py
[2023-11-23T11:39:46.353+0000] {processor.py:839} INFO - DAG(s) dict_keys(['example_short_circuit_operator']) retrieved from /home/airflow/.local/lib/python3.8/site-packages/airflow/example_dags/example_short_circuit_operator.py
[2023-11-23T11:39:46.367+0000] {logging_mixin.py:154} INFO - [2023-11-23T11:39:46.367+0000] {dag.py:2941} INFO - Sync 1 DAGs
[2023-11-23T11:39:46.381+0000] {logging_mixin.py:154} INFO - [2023-11-23T11:39:46.380+0000] {dag.py:3722} INFO - Setting next_dagrun for example_short_circuit_operator to 2023-11-22T11:39:46.380836+00:00, run_after=2023-11-23T11:39:46.380836+00:00
[2023-11-23T11:39:46.392+0000] {processor.py:179} INFO - Processing /home/airflow/.local/lib/python3.8/site-packages/airflow/example_dags/example_short_circuit_operator.py took 0.047 seconds
[2023-11-23T11:40:17.431+0000] {processor.py:157} INFO - Started process (PID=247) to work on /home/airflow/.local/lib/python3.8/site-packages/airflow/example_dags/example_short_circuit_operator.py
[2023-11-23T11:40:17.432+0000] {processor.py:829} INFO - Processing file /home/airflow/.local/lib/python3.8/site-packages/airflow/example_dags/example_short_circuit_operator.py for tasks to queue
[2023-11-23T11:40:17.434+0000] {logging_mixin.py:154} INFO - [2023-11-23T11:40:17.434+0000] {dagbag.py:536} INFO - Filling up the DagBag from /home/airflow/.local/lib/python3.8/site-packages/airflow/example_dags/example_short_circuit_operator.py
[2023-11-23T11:40:17.439+0000] {processor.py:839} INFO - DAG(s) dict_keys(['example_short_circuit_operator']) retrieved from /home/airflow/.local/lib/python3.8/site-packages/airflow/example_dags/example_short_circuit_operator.py
[2023-11-23T11:40:17.455+0000] {logging_mixin.py:154} INFO - [2023-11-23T11:40:17.454+0000] {dag.py:2941} INFO - Sync 1 DAGs
[2023-11-23T11:40:17.470+0000] {logging_mixin.py:154} INFO - [2023-11-23T11:40:17.470+0000] {dag.py:3722} INFO - Setting next_dagrun for example_short_circuit_operator to 2023-11-22T11:40:17.470124+00:00, run_after=2023-11-23T11:40:17.470124+00:00
[2023-11-23T11:40:17.483+0000] {processor.py:179} INFO - Processing /home/airflow/.local/lib/python3.8/site-packages/airflow/example_dags/example_short_circuit_operator.py took 0.054 seconds
[2023-11-23T11:40:48.261+0000] {processor.py:157} INFO - Started process (PID=303) to work on /home/airflow/.local/lib/python3.8/site-packages/airflow/example_dags/example_short_circuit_operator.py
[2023-11-23T11:40:48.261+0000] {processor.py:829} INFO - Processing file /home/airflow/.local/lib/python3.8/site-packages/airflow/example_dags/example_short_circuit_operator.py for tasks to queue
[2023-11-23T11:40:48.262+0000] {logging_mixin.py:154} INFO - [2023-11-23T11:40:48.262+0000] {dagbag.py:536} INFO - Filling up the DagBag from /home/airflow/.local/lib/python3.8/site-packages/airflow/example_dags/example_short_circuit_operator.py
[2023-11-23T11:40:48.267+0000] {processor.py:839} INFO - DAG(s) dict_keys(['example_short_circuit_operator']) retrieved from /home/airflow/.local/lib/python3.8/site-packages/airflow/example_dags/example_short_circuit_operator.py
[2023-11-23T11:40:48.282+0000] {logging_mixin.py:154} INFO - [2023-11-23T11:40:48.282+0000] {dag.py:2941} INFO - Sync 1 DAGs
[2023-11-23T11:40:48.295+0000] {logging_mixin.py:154} INFO - [2023-11-23T11:40:48.295+0000] {dag.py:3722} INFO - Setting next_dagrun for example_short_circuit_operator to 2023-11-22T11:40:48.295655+00:00, run_after=2023-11-23T11:40:48.295655+00:00
[2023-11-23T11:40:48.307+0000] {processor.py:179} INFO - Processing /home/airflow/.local/lib/python3.8/site-packages/airflow/example_dags/example_short_circuit_operator.py took 0.048 seconds
[2023-11-23T11:41:19.527+0000] {processor.py:157} INFO - Started process (PID=359) to work on /home/airflow/.local/lib/python3.8/site-packages/airflow/example_dags/example_short_circuit_operator.py
[2023-11-23T11:41:19.528+0000] {processor.py:829} INFO - Processing file /home/airflow/.local/lib/python3.8/site-packages/airflow/example_dags/example_short_circuit_operator.py for tasks to queue
[2023-11-23T11:41:19.529+0000] {logging_mixin.py:154} INFO - [2023-11-23T11:41:19.529+0000] {dagbag.py:536} INFO - Filling up the DagBag from /home/airflow/.local/lib/python3.8/site-packages/airflow/example_dags/example_short_circuit_operator.py
[2023-11-23T11:41:19.534+0000] {processor.py:839} INFO - DAG(s) dict_keys(['example_short_circuit_operator']) retrieved from /home/airflow/.local/lib/python3.8/site-packages/airflow/example_dags/example_short_circuit_operator.py
[2023-11-23T11:41:19.549+0000] {logging_mixin.py:154} INFO - [2023-11-23T11:41:19.549+0000] {dag.py:2941} INFO - Sync 1 DAGs
[2023-11-23T11:41:19.564+0000] {logging_mixin.py:154} INFO - [2023-11-23T11:41:19.564+0000] {dag.py:3722} INFO - Setting next_dagrun for example_short_circuit_operator to 2023-11-22T11:41:19.564091+00:00, run_after=2023-11-23T11:41:19.564091+00:00
[2023-11-23T11:41:19.576+0000] {processor.py:179} INFO - Processing /home/airflow/.local/lib/python3.8/site-packages/airflow/example_dags/example_short_circuit_operator.py took 0.050 seconds
[2023-11-23T11:41:50.740+0000] {processor.py:157} INFO - Started process (PID=415) to work on /home/airflow/.local/lib/python3.8/site-packages/airflow/example_dags/example_short_circuit_operator.py
[2023-11-23T11:41:50.740+0000] {processor.py:829} INFO - Processing file /home/airflow/.local/lib/python3.8/site-packages/airflow/example_dags/example_short_circuit_operator.py for tasks to queue
[2023-11-23T11:41:50.742+0000] {logging_mixin.py:154} INFO - [2023-11-23T11:41:50.741+0000] {dagbag.py:536} INFO - Filling up the DagBag from /home/airflow/.local/lib/python3.8/site-packages/airflow/example_dags/example_short_circuit_operator.py
[2023-11-23T11:41:50.746+0000] {processor.py:839} INFO - DAG(s) dict_keys(['example_short_circuit_operator']) retrieved from /home/airflow/.local/lib/python3.8/site-packages/airflow/example_dags/example_short_circuit_operator.py
[2023-11-23T11:41:50.761+0000] {logging_mixin.py:154} INFO - [2023-11-23T11:41:50.761+0000] {dag.py:2941} INFO - Sync 1 DAGs
[2023-11-23T11:41:50.775+0000] {logging_mixin.py:154} INFO - [2023-11-23T11:41:50.775+0000] {dag.py:3722} INFO - Setting next_dagrun for example_short_circuit_operator to 2023-11-22T11:41:50.775105+00:00, run_after=2023-11-23T11:41:50.775105+00:00
[2023-11-23T11:41:50.786+0000] {processor.py:179} INFO - Processing /home/airflow/.local/lib/python3.8/site-packages/airflow/example_dags/example_short_circuit_operator.py took 0.048 seconds
[2023-11-23T11:42:22.036+0000] {processor.py:157} INFO - Started process (PID=471) to work on /home/airflow/.local/lib/python3.8/site-packages/airflow/example_dags/example_short_circuit_operator.py
[2023-11-23T11:42:22.037+0000] {processor.py:829} INFO - Processing file /home/airflow/.local/lib/python3.8/site-packages/airflow/example_dags/example_short_circuit_operator.py for tasks to queue
[2023-11-23T11:42:22.038+0000] {logging_mixin.py:154} INFO - [2023-11-23T11:42:22.038+0000] {dagbag.py:536} INFO - Filling up the DagBag from /home/airflow/.local/lib/python3.8/site-packages/airflow/example_dags/example_short_circuit_operator.py
[2023-11-23T11:42:22.043+0000] {processor.py:839} INFO - DAG(s) dict_keys(['example_short_circuit_operator']) retrieved from /home/airflow/.local/lib/python3.8/site-packages/airflow/example_dags/example_short_circuit_operator.py
[2023-11-23T11:42:22.057+0000] {logging_mixin.py:154} INFO - [2023-11-23T11:42:22.057+0000] {dag.py:2941} INFO - Sync 1 DAGs
[2023-11-23T11:42:22.072+0000] {logging_mixin.py:154} INFO - [2023-11-23T11:42:22.072+0000] {dag.py:3722} INFO - Setting next_dagrun for example_short_circuit_operator to 2023-11-22T11:42:22.071954+00:00, run_after=2023-11-23T11:42:22.071954+00:00
[2023-11-23T11:42:22.084+0000] {processor.py:179} INFO - Processing /home/airflow/.local/lib/python3.8/site-packages/airflow/example_dags/example_short_circuit_operator.py took 0.050 seconds
[2023-11-23T11:42:52.261+0000] {processor.py:157} INFO - Started process (PID=528) to work on /home/airflow/.local/lib/python3.8/site-packages/airflow/example_dags/example_short_circuit_operator.py
[2023-11-23T11:42:52.262+0000] {processor.py:829} INFO - Processing file /home/airflow/.local/lib/python3.8/site-packages/airflow/example_dags/example_short_circuit_operator.py for tasks to queue
[2023-11-23T11:42:52.263+0000] {logging_mixin.py:154} INFO - [2023-11-23T11:42:52.263+0000] {dagbag.py:536} INFO - Filling up the DagBag from /home/airflow/.local/lib/python3.8/site-packages/airflow/example_dags/example_short_circuit_operator.py
[2023-11-23T11:42:52.268+0000] {processor.py:839} INFO - DAG(s) dict_keys(['example_short_circuit_operator']) retrieved from /home/airflow/.local/lib/python3.8/site-packages/airflow/example_dags/example_short_circuit_operator.py
[2023-11-23T11:42:52.283+0000] {logging_mixin.py:154} INFO - [2023-11-23T11:42:52.283+0000] {dag.py:2941} INFO - Sync 1 DAGs
[2023-11-23T11:42:52.298+0000] {logging_mixin.py:154} INFO - [2023-11-23T11:42:52.298+0000] {dag.py:3722} INFO - Setting next_dagrun for example_short_circuit_operator to 2023-11-22T11:42:52.298340+00:00, run_after=2023-11-23T11:42:52.298340+00:00
[2023-11-23T11:42:52.312+0000] {processor.py:179} INFO - Processing /home/airflow/.local/lib/python3.8/site-packages/airflow/example_dags/example_short_circuit_operator.py took 0.053 seconds
[2023-11-23T11:43:22.544+0000] {processor.py:157} INFO - Started process (PID=584) to work on /home/airflow/.local/lib/python3.8/site-packages/airflow/example_dags/example_short_circuit_operator.py
[2023-11-23T11:43:22.545+0000] {processor.py:829} INFO - Processing file /home/airflow/.local/lib/python3.8/site-packages/airflow/example_dags/example_short_circuit_operator.py for tasks to queue
[2023-11-23T11:43:22.546+0000] {logging_mixin.py:154} INFO - [2023-11-23T11:43:22.546+0000] {dagbag.py:536} INFO - Filling up the DagBag from /home/airflow/.local/lib/python3.8/site-packages/airflow/example_dags/example_short_circuit_operator.py
[2023-11-23T11:43:22.551+0000] {processor.py:839} INFO - DAG(s) dict_keys(['example_short_circuit_operator']) retrieved from /home/airflow/.local/lib/python3.8/site-packages/airflow/example_dags/example_short_circuit_operator.py
[2023-11-23T11:43:22.566+0000] {logging_mixin.py:154} INFO - [2023-11-23T11:43:22.566+0000] {dag.py:2941} INFO - Sync 1 DAGs
[2023-11-23T11:43:22.580+0000] {logging_mixin.py:154} INFO - [2023-11-23T11:43:22.580+0000] {dag.py:3722} INFO - Setting next_dagrun for example_short_circuit_operator to 2023-11-22T11:43:22.580023+00:00, run_after=2023-11-23T11:43:22.580023+00:00
[2023-11-23T11:43:22.591+0000] {processor.py:179} INFO - Processing /home/airflow/.local/lib/python3.8/site-packages/airflow/example_dags/example_short_circuit_operator.py took 0.049 seconds
[2023-11-23T11:43:52.775+0000] {processor.py:157} INFO - Started process (PID=640) to work on /home/airflow/.local/lib/python3.8/site-packages/airflow/example_dags/example_short_circuit_operator.py
[2023-11-23T11:43:52.776+0000] {processor.py:829} INFO - Processing file /home/airflow/.local/lib/python3.8/site-packages/airflow/example_dags/example_short_circuit_operator.py for tasks to queue
[2023-11-23T11:43:52.777+0000] {logging_mixin.py:154} INFO - [2023-11-23T11:43:52.777+0000] {dagbag.py:536} INFO - Filling up the DagBag from /home/airflow/.local/lib/python3.8/site-packages/airflow/example_dags/example_short_circuit_operator.py
[2023-11-23T11:43:52.781+0000] {processor.py:839} INFO - DAG(s) dict_keys(['example_short_circuit_operator']) retrieved from /home/airflow/.local/lib/python3.8/site-packages/airflow/example_dags/example_short_circuit_operator.py
[2023-11-23T11:43:52.796+0000] {logging_mixin.py:154} INFO - [2023-11-23T11:43:52.796+0000] {dag.py:2941} INFO - Sync 1 DAGs
[2023-11-23T11:43:52.810+0000] {logging_mixin.py:154} INFO - [2023-11-23T11:43:52.810+0000] {dag.py:3722} INFO - Setting next_dagrun for example_short_circuit_operator to 2023-11-22T11:43:52.809916+00:00, run_after=2023-11-23T11:43:52.809916+00:00
[2023-11-23T11:43:52.821+0000] {processor.py:179} INFO - Processing /home/airflow/.local/lib/python3.8/site-packages/airflow/example_dags/example_short_circuit_operator.py took 0.047 seconds
[2023-11-23T11:44:23.797+0000] {processor.py:157} INFO - Started process (PID=696) to work on /home/airflow/.local/lib/python3.8/site-packages/airflow/example_dags/example_short_circuit_operator.py
[2023-11-23T11:44:23.798+0000] {processor.py:829} INFO - Processing file /home/airflow/.local/lib/python3.8/site-packages/airflow/example_dags/example_short_circuit_operator.py for tasks to queue
[2023-11-23T11:44:23.799+0000] {logging_mixin.py:154} INFO - [2023-11-23T11:44:23.799+0000] {dagbag.py:536} INFO - Filling up the DagBag from /home/airflow/.local/lib/python3.8/site-packages/airflow/example_dags/example_short_circuit_operator.py
[2023-11-23T11:44:23.804+0000] {processor.py:839} INFO - DAG(s) dict_keys(['example_short_circuit_operator']) retrieved from /home/airflow/.local/lib/python3.8/site-packages/airflow/example_dags/example_short_circuit_operator.py
[2023-11-23T11:44:23.819+0000] {logging_mixin.py:154} INFO - [2023-11-23T11:44:23.819+0000] {dag.py:2941} INFO - Sync 1 DAGs
[2023-11-23T11:44:23.834+0000] {logging_mixin.py:154} INFO - [2023-11-23T11:44:23.834+0000] {dag.py:3722} INFO - Setting next_dagrun for example_short_circuit_operator to 2023-11-22T11:44:23.834339+00:00, run_after=2023-11-23T11:44:23.834339+00:00
[2023-11-23T11:44:23.846+0000] {processor.py:179} INFO - Processing /home/airflow/.local/lib/python3.8/site-packages/airflow/example_dags/example_short_circuit_operator.py took 0.050 seconds
[2023-11-23T11:44:54.948+0000] {processor.py:157} INFO - Started process (PID=752) to work on /home/airflow/.local/lib/python3.8/site-packages/airflow/example_dags/example_short_circuit_operator.py
[2023-11-23T11:44:54.949+0000] {processor.py:829} INFO - Processing file /home/airflow/.local/lib/python3.8/site-packages/airflow/example_dags/example_short_circuit_operator.py for tasks to queue
[2023-11-23T11:44:54.950+0000] {logging_mixin.py:154} INFO - [2023-11-23T11:44:54.950+0000] {dagbag.py:536} INFO - Filling up the DagBag from /home/airflow/.local/lib/python3.8/site-packages/airflow/example_dags/example_short_circuit_operator.py
[2023-11-23T11:44:54.954+0000] {processor.py:839} INFO - DAG(s) dict_keys(['example_short_circuit_operator']) retrieved from /home/airflow/.local/lib/python3.8/site-packages/airflow/example_dags/example_short_circuit_operator.py
[2023-11-23T11:44:54.968+0000] {logging_mixin.py:154} INFO - [2023-11-23T11:44:54.968+0000] {dag.py:2941} INFO - Sync 1 DAGs
[2023-11-23T11:44:54.983+0000] {logging_mixin.py:154} INFO - [2023-11-23T11:44:54.983+0000] {dag.py:3722} INFO - Setting next_dagrun for example_short_circuit_operator to 2023-11-22T11:44:54.982893+00:00, run_after=2023-11-23T11:44:54.982893+00:00
[2023-11-23T11:44:54.994+0000] {processor.py:179} INFO - Processing /home/airflow/.local/lib/python3.8/site-packages/airflow/example_dags/example_short_circuit_operator.py took 0.048 seconds
[2023-11-23T11:45:26.063+0000] {processor.py:157} INFO - Started process (PID=808) to work on /home/airflow/.local/lib/python3.8/site-packages/airflow/example_dags/example_short_circuit_operator.py
[2023-11-23T11:45:26.063+0000] {processor.py:829} INFO - Processing file /home/airflow/.local/lib/python3.8/site-packages/airflow/example_dags/example_short_circuit_operator.py for tasks to queue
[2023-11-23T11:45:26.065+0000] {logging_mixin.py:154} INFO - [2023-11-23T11:45:26.064+0000] {dagbag.py:536} INFO - Filling up the DagBag from /home/airflow/.local/lib/python3.8/site-packages/airflow/example_dags/example_short_circuit_operator.py
[2023-11-23T11:45:26.069+0000] {processor.py:839} INFO - DAG(s) dict_keys(['example_short_circuit_operator']) retrieved from /home/airflow/.local/lib/python3.8/site-packages/airflow/example_dags/example_short_circuit_operator.py
[2023-11-23T11:45:26.083+0000] {logging_mixin.py:154} INFO - [2023-11-23T11:45:26.083+0000] {dag.py:2941} INFO - Sync 1 DAGs
[2023-11-23T11:45:26.097+0000] {logging_mixin.py:154} INFO - [2023-11-23T11:45:26.096+0000] {dag.py:3722} INFO - Setting next_dagrun for example_short_circuit_operator to 2023-11-22T11:45:26.096770+00:00, run_after=2023-11-23T11:45:26.096770+00:00
[2023-11-23T11:45:26.108+0000] {processor.py:179} INFO - Processing /home/airflow/.local/lib/python3.8/site-packages/airflow/example_dags/example_short_circuit_operator.py took 0.047 seconds
[2023-11-23T11:45:57.134+0000] {processor.py:157} INFO - Started process (PID=864) to work on /home/airflow/.local/lib/python3.8/site-packages/airflow/example_dags/example_short_circuit_operator.py
[2023-11-23T11:45:57.134+0000] {processor.py:829} INFO - Processing file /home/airflow/.local/lib/python3.8/site-packages/airflow/example_dags/example_short_circuit_operator.py for tasks to queue
[2023-11-23T11:45:57.135+0000] {logging_mixin.py:154} INFO - [2023-11-23T11:45:57.135+0000] {dagbag.py:536} INFO - Filling up the DagBag from /home/airflow/.local/lib/python3.8/site-packages/airflow/example_dags/example_short_circuit_operator.py
[2023-11-23T11:45:57.140+0000] {processor.py:839} INFO - DAG(s) dict_keys(['example_short_circuit_operator']) retrieved from /home/airflow/.local/lib/python3.8/site-packages/airflow/example_dags/example_short_circuit_operator.py
[2023-11-23T11:45:57.153+0000] {logging_mixin.py:154} INFO - [2023-11-23T11:45:57.153+0000] {dag.py:2941} INFO - Sync 1 DAGs
[2023-11-23T11:45:57.167+0000] {logging_mixin.py:154} INFO - [2023-11-23T11:45:57.167+0000] {dag.py:3722} INFO - Setting next_dagrun for example_short_circuit_operator to 2023-11-22T11:45:57.167269+00:00, run_after=2023-11-23T11:45:57.167269+00:00
[2023-11-23T11:45:57.178+0000] {processor.py:179} INFO - Processing /home/airflow/.local/lib/python3.8/site-packages/airflow/example_dags/example_short_circuit_operator.py took 0.046 seconds
[2023-11-23T11:46:28.343+0000] {processor.py:157} INFO - Started process (PID=920) to work on /home/airflow/.local/lib/python3.8/site-packages/airflow/example_dags/example_short_circuit_operator.py
[2023-11-23T11:46:28.344+0000] {processor.py:829} INFO - Processing file /home/airflow/.local/lib/python3.8/site-packages/airflow/example_dags/example_short_circuit_operator.py for tasks to queue
[2023-11-23T11:46:28.345+0000] {logging_mixin.py:154} INFO - [2023-11-23T11:46:28.345+0000] {dagbag.py:536} INFO - Filling up the DagBag from /home/airflow/.local/lib/python3.8/site-packages/airflow/example_dags/example_short_circuit_operator.py
[2023-11-23T11:46:28.349+0000] {processor.py:839} INFO - DAG(s) dict_keys(['example_short_circuit_operator']) retrieved from /home/airflow/.local/lib/python3.8/site-packages/airflow/example_dags/example_short_circuit_operator.py
[2023-11-23T11:46:28.363+0000] {logging_mixin.py:154} INFO - [2023-11-23T11:46:28.363+0000] {dag.py:2941} INFO - Sync 1 DAGs
[2023-11-23T11:46:28.377+0000] {logging_mixin.py:154} INFO - [2023-11-23T11:46:28.377+0000] {dag.py:3722} INFO - Setting next_dagrun for example_short_circuit_operator to 2023-11-22T11:46:28.376944+00:00, run_after=2023-11-23T11:46:28.376944+00:00
[2023-11-23T11:46:28.389+0000] {processor.py:179} INFO - Processing /home/airflow/.local/lib/python3.8/site-packages/airflow/example_dags/example_short_circuit_operator.py took 0.047 seconds
[2023-11-23T11:46:59.700+0000] {processor.py:157} INFO - Started process (PID=976) to work on /home/airflow/.local/lib/python3.8/site-packages/airflow/example_dags/example_short_circuit_operator.py
[2023-11-23T11:46:59.701+0000] {processor.py:829} INFO - Processing file /home/airflow/.local/lib/python3.8/site-packages/airflow/example_dags/example_short_circuit_operator.py for tasks to queue
[2023-11-23T11:46:59.702+0000] {logging_mixin.py:154} INFO - [2023-11-23T11:46:59.702+0000] {dagbag.py:536} INFO - Filling up the DagBag from /home/airflow/.local/lib/python3.8/site-packages/airflow/example_dags/example_short_circuit_operator.py
[2023-11-23T11:46:59.707+0000] {processor.py:839} INFO - DAG(s) dict_keys(['example_short_circuit_operator']) retrieved from /home/airflow/.local/lib/python3.8/site-packages/airflow/example_dags/example_short_circuit_operator.py
[2023-11-23T11:46:59.721+0000] {logging_mixin.py:154} INFO - [2023-11-23T11:46:59.721+0000] {dag.py:2941} INFO - Sync 1 DAGs
[2023-11-23T11:46:59.736+0000] {logging_mixin.py:154} INFO - [2023-11-23T11:46:59.736+0000] {dag.py:3722} INFO - Setting next_dagrun for example_short_circuit_operator to 2023-11-22T11:46:59.736033+00:00, run_after=2023-11-23T11:46:59.736033+00:00
[2023-11-23T11:46:59.747+0000] {processor.py:179} INFO - Processing /home/airflow/.local/lib/python3.8/site-packages/airflow/example_dags/example_short_circuit_operator.py took 0.049 seconds
[2023-11-23T15:27:50.907+0000] {processor.py:157} INFO - Started process (PID=78) to work on /home/airflow/.local/lib/python3.8/site-packages/airflow/example_dags/example_short_circuit_operator.py
[2023-11-23T15:27:50.928+0000] {processor.py:829} INFO - Processing file /home/airflow/.local/lib/python3.8/site-packages/airflow/example_dags/example_short_circuit_operator.py for tasks to queue
[2023-11-23T15:27:50.929+0000] {logging_mixin.py:154} INFO - [2023-11-23T15:27:50.929+0000] {dagbag.py:536} INFO - Filling up the DagBag from /home/airflow/.local/lib/python3.8/site-packages/airflow/example_dags/example_short_circuit_operator.py
[2023-11-23T15:27:50.934+0000] {processor.py:839} INFO - DAG(s) dict_keys(['example_short_circuit_operator']) retrieved from /home/airflow/.local/lib/python3.8/site-packages/airflow/example_dags/example_short_circuit_operator.py
[2023-11-23T15:27:50.942+0000] {logging_mixin.py:154} INFO - [2023-11-23T15:27:50.942+0000] {dag.py:2941} INFO - Sync 1 DAGs
[2023-11-23T15:27:50.959+0000] {logging_mixin.py:154} INFO - [2023-11-23T15:27:50.959+0000] {dag.py:3722} INFO - Setting next_dagrun for example_short_circuit_operator to 2023-11-22T15:27:50.959051+00:00, run_after=2023-11-23T15:27:50.959051+00:00
[2023-11-23T15:27:50.970+0000] {processor.py:179} INFO - Processing /home/airflow/.local/lib/python3.8/site-packages/airflow/example_dags/example_short_circuit_operator.py took 0.064 seconds
[2023-11-23T15:28:22.082+0000] {processor.py:157} INFO - Started process (PID=134) to work on /home/airflow/.local/lib/python3.8/site-packages/airflow/example_dags/example_short_circuit_operator.py
[2023-11-23T15:28:22.083+0000] {processor.py:829} INFO - Processing file /home/airflow/.local/lib/python3.8/site-packages/airflow/example_dags/example_short_circuit_operator.py for tasks to queue
[2023-11-23T15:28:22.084+0000] {logging_mixin.py:154} INFO - [2023-11-23T15:28:22.084+0000] {dagbag.py:536} INFO - Filling up the DagBag from /home/airflow/.local/lib/python3.8/site-packages/airflow/example_dags/example_short_circuit_operator.py
[2023-11-23T15:28:22.088+0000] {processor.py:839} INFO - DAG(s) dict_keys(['example_short_circuit_operator']) retrieved from /home/airflow/.local/lib/python3.8/site-packages/airflow/example_dags/example_short_circuit_operator.py
[2023-11-23T15:28:22.102+0000] {logging_mixin.py:154} INFO - [2023-11-23T15:28:22.102+0000] {dag.py:2941} INFO - Sync 1 DAGs
[2023-11-23T15:28:22.116+0000] {logging_mixin.py:154} INFO - [2023-11-23T15:28:22.116+0000] {dag.py:3722} INFO - Setting next_dagrun for example_short_circuit_operator to 2023-11-22T15:28:22.116010+00:00, run_after=2023-11-23T15:28:22.116010+00:00
[2023-11-23T15:28:22.127+0000] {processor.py:179} INFO - Processing /home/airflow/.local/lib/python3.8/site-packages/airflow/example_dags/example_short_circuit_operator.py took 0.046 seconds
[2023-11-23T15:28:52.275+0000] {processor.py:157} INFO - Started process (PID=190) to work on /home/airflow/.local/lib/python3.8/site-packages/airflow/example_dags/example_short_circuit_operator.py
[2023-11-23T15:28:52.275+0000] {processor.py:829} INFO - Processing file /home/airflow/.local/lib/python3.8/site-packages/airflow/example_dags/example_short_circuit_operator.py for tasks to queue
[2023-11-23T15:28:52.277+0000] {logging_mixin.py:154} INFO - [2023-11-23T15:28:52.277+0000] {dagbag.py:536} INFO - Filling up the DagBag from /home/airflow/.local/lib/python3.8/site-packages/airflow/example_dags/example_short_circuit_operator.py
[2023-11-23T15:28:52.283+0000] {processor.py:839} INFO - DAG(s) dict_keys(['example_short_circuit_operator']) retrieved from /home/airflow/.local/lib/python3.8/site-packages/airflow/example_dags/example_short_circuit_operator.py
[2023-11-23T15:28:52.298+0000] {logging_mixin.py:154} INFO - [2023-11-23T15:28:52.298+0000] {dag.py:2941} INFO - Sync 1 DAGs
[2023-11-23T15:28:52.313+0000] {logging_mixin.py:154} INFO - [2023-11-23T15:28:52.313+0000] {dag.py:3722} INFO - Setting next_dagrun for example_short_circuit_operator to 2023-11-22T15:28:52.313249+00:00, run_after=2023-11-23T15:28:52.313249+00:00
[2023-11-23T15:28:52.325+0000] {processor.py:179} INFO - Processing /home/airflow/.local/lib/python3.8/site-packages/airflow/example_dags/example_short_circuit_operator.py took 0.052 seconds
[2023-11-23T15:29:22.587+0000] {processor.py:157} INFO - Started process (PID=246) to work on /home/airflow/.local/lib/python3.8/site-packages/airflow/example_dags/example_short_circuit_operator.py
[2023-11-23T15:29:22.587+0000] {processor.py:829} INFO - Processing file /home/airflow/.local/lib/python3.8/site-packages/airflow/example_dags/example_short_circuit_operator.py for tasks to queue
[2023-11-23T15:29:22.588+0000] {logging_mixin.py:154} INFO - [2023-11-23T15:29:22.588+0000] {dagbag.py:536} INFO - Filling up the DagBag from /home/airflow/.local/lib/python3.8/site-packages/airflow/example_dags/example_short_circuit_operator.py
[2023-11-23T15:29:22.593+0000] {processor.py:839} INFO - DAG(s) dict_keys(['example_short_circuit_operator']) retrieved from /home/airflow/.local/lib/python3.8/site-packages/airflow/example_dags/example_short_circuit_operator.py
[2023-11-23T15:29:22.607+0000] {logging_mixin.py:154} INFO - [2023-11-23T15:29:22.607+0000] {dag.py:2941} INFO - Sync 1 DAGs
[2023-11-23T15:29:22.620+0000] {logging_mixin.py:154} INFO - [2023-11-23T15:29:22.620+0000] {dag.py:3722} INFO - Setting next_dagrun for example_short_circuit_operator to 2023-11-22T15:29:22.619977+00:00, run_after=2023-11-23T15:29:22.619977+00:00
[2023-11-23T15:29:22.630+0000] {processor.py:179} INFO - Processing /home/airflow/.local/lib/python3.8/site-packages/airflow/example_dags/example_short_circuit_operator.py took 0.045 seconds
[2023-11-23T15:29:52.690+0000] {processor.py:157} INFO - Started process (PID=302) to work on /home/airflow/.local/lib/python3.8/site-packages/airflow/example_dags/example_short_circuit_operator.py
[2023-11-23T15:29:52.691+0000] {processor.py:829} INFO - Processing file /home/airflow/.local/lib/python3.8/site-packages/airflow/example_dags/example_short_circuit_operator.py for tasks to queue
[2023-11-23T15:29:52.692+0000] {logging_mixin.py:154} INFO - [2023-11-23T15:29:52.692+0000] {dagbag.py:536} INFO - Filling up the DagBag from /home/airflow/.local/lib/python3.8/site-packages/airflow/example_dags/example_short_circuit_operator.py
[2023-11-23T15:29:52.696+0000] {processor.py:839} INFO - DAG(s) dict_keys(['example_short_circuit_operator']) retrieved from /home/airflow/.local/lib/python3.8/site-packages/airflow/example_dags/example_short_circuit_operator.py
[2023-11-23T15:29:52.711+0000] {logging_mixin.py:154} INFO - [2023-11-23T15:29:52.711+0000] {dag.py:2941} INFO - Sync 1 DAGs
[2023-11-23T15:29:52.724+0000] {logging_mixin.py:154} INFO - [2023-11-23T15:29:52.724+0000] {dag.py:3722} INFO - Setting next_dagrun for example_short_circuit_operator to 2023-11-22T15:29:52.724275+00:00, run_after=2023-11-23T15:29:52.724275+00:00
[2023-11-23T15:29:52.735+0000] {processor.py:179} INFO - Processing /home/airflow/.local/lib/python3.8/site-packages/airflow/example_dags/example_short_circuit_operator.py took 0.047 seconds
[2023-11-23T15:30:23.704+0000] {processor.py:157} INFO - Started process (PID=358) to work on /home/airflow/.local/lib/python3.8/site-packages/airflow/example_dags/example_short_circuit_operator.py
[2023-11-23T15:30:23.704+0000] {processor.py:829} INFO - Processing file /home/airflow/.local/lib/python3.8/site-packages/airflow/example_dags/example_short_circuit_operator.py for tasks to queue
[2023-11-23T15:30:23.705+0000] {logging_mixin.py:154} INFO - [2023-11-23T15:30:23.705+0000] {dagbag.py:536} INFO - Filling up the DagBag from /home/airflow/.local/lib/python3.8/site-packages/airflow/example_dags/example_short_circuit_operator.py
[2023-11-23T15:30:23.710+0000] {processor.py:839} INFO - DAG(s) dict_keys(['example_short_circuit_operator']) retrieved from /home/airflow/.local/lib/python3.8/site-packages/airflow/example_dags/example_short_circuit_operator.py
[2023-11-23T15:30:23.724+0000] {logging_mixin.py:154} INFO - [2023-11-23T15:30:23.724+0000] {dag.py:2941} INFO - Sync 1 DAGs
[2023-11-23T15:30:23.739+0000] {logging_mixin.py:154} INFO - [2023-11-23T15:30:23.739+0000] {dag.py:3722} INFO - Setting next_dagrun for example_short_circuit_operator to 2023-11-22T15:30:23.738914+00:00, run_after=2023-11-23T15:30:23.738914+00:00
[2023-11-23T15:30:23.750+0000] {processor.py:179} INFO - Processing /home/airflow/.local/lib/python3.8/site-packages/airflow/example_dags/example_short_circuit_operator.py took 0.047 seconds
[2023-11-23T15:30:54.605+0000] {processor.py:157} INFO - Started process (PID=414) to work on /home/airflow/.local/lib/python3.8/site-packages/airflow/example_dags/example_short_circuit_operator.py
[2023-11-23T15:30:54.606+0000] {processor.py:829} INFO - Processing file /home/airflow/.local/lib/python3.8/site-packages/airflow/example_dags/example_short_circuit_operator.py for tasks to queue
[2023-11-23T15:30:54.607+0000] {logging_mixin.py:154} INFO - [2023-11-23T15:30:54.607+0000] {dagbag.py:536} INFO - Filling up the DagBag from /home/airflow/.local/lib/python3.8/site-packages/airflow/example_dags/example_short_circuit_operator.py
[2023-11-23T15:30:54.612+0000] {processor.py:839} INFO - DAG(s) dict_keys(['example_short_circuit_operator']) retrieved from /home/airflow/.local/lib/python3.8/site-packages/airflow/example_dags/example_short_circuit_operator.py
[2023-11-23T15:30:54.627+0000] {logging_mixin.py:154} INFO - [2023-11-23T15:30:54.627+0000] {dag.py:2941} INFO - Sync 1 DAGs
[2023-11-23T15:30:54.641+0000] {logging_mixin.py:154} INFO - [2023-11-23T15:30:54.641+0000] {dag.py:3722} INFO - Setting next_dagrun for example_short_circuit_operator to 2023-11-22T15:30:54.641631+00:00, run_after=2023-11-23T15:30:54.641631+00:00
[2023-11-23T15:30:54.653+0000] {processor.py:179} INFO - Processing /home/airflow/.local/lib/python3.8/site-packages/airflow/example_dags/example_short_circuit_operator.py took 0.049 seconds
[2023-11-23T15:31:24.692+0000] {processor.py:157} INFO - Started process (PID=470) to work on /home/airflow/.local/lib/python3.8/site-packages/airflow/example_dags/example_short_circuit_operator.py
[2023-11-23T15:31:24.693+0000] {processor.py:829} INFO - Processing file /home/airflow/.local/lib/python3.8/site-packages/airflow/example_dags/example_short_circuit_operator.py for tasks to queue
[2023-11-23T15:31:24.694+0000] {logging_mixin.py:154} INFO - [2023-11-23T15:31:24.694+0000] {dagbag.py:536} INFO - Filling up the DagBag from /home/airflow/.local/lib/python3.8/site-packages/airflow/example_dags/example_short_circuit_operator.py
[2023-11-23T15:31:24.698+0000] {processor.py:839} INFO - DAG(s) dict_keys(['example_short_circuit_operator']) retrieved from /home/airflow/.local/lib/python3.8/site-packages/airflow/example_dags/example_short_circuit_operator.py
[2023-11-23T15:31:24.712+0000] {logging_mixin.py:154} INFO - [2023-11-23T15:31:24.712+0000] {dag.py:2941} INFO - Sync 1 DAGs
[2023-11-23T15:31:24.726+0000] {logging_mixin.py:154} INFO - [2023-11-23T15:31:24.726+0000] {dag.py:3722} INFO - Setting next_dagrun for example_short_circuit_operator to 2023-11-22T15:31:24.726117+00:00, run_after=2023-11-23T15:31:24.726117+00:00
[2023-11-23T15:31:24.737+0000] {processor.py:179} INFO - Processing /home/airflow/.local/lib/python3.8/site-packages/airflow/example_dags/example_short_circuit_operator.py took 0.046 seconds
[2023-11-23T15:31:55.783+0000] {processor.py:157} INFO - Started process (PID=526) to work on /home/airflow/.local/lib/python3.8/site-packages/airflow/example_dags/example_short_circuit_operator.py
[2023-11-23T15:31:55.783+0000] {processor.py:829} INFO - Processing file /home/airflow/.local/lib/python3.8/site-packages/airflow/example_dags/example_short_circuit_operator.py for tasks to queue
[2023-11-23T15:31:55.784+0000] {logging_mixin.py:154} INFO - [2023-11-23T15:31:55.784+0000] {dagbag.py:536} INFO - Filling up the DagBag from /home/airflow/.local/lib/python3.8/site-packages/airflow/example_dags/example_short_circuit_operator.py
[2023-11-23T15:31:55.789+0000] {processor.py:839} INFO - DAG(s) dict_keys(['example_short_circuit_operator']) retrieved from /home/airflow/.local/lib/python3.8/site-packages/airflow/example_dags/example_short_circuit_operator.py
[2023-11-23T15:31:55.802+0000] {logging_mixin.py:154} INFO - [2023-11-23T15:31:55.802+0000] {dag.py:2941} INFO - Sync 1 DAGs
[2023-11-23T15:31:55.814+0000] {logging_mixin.py:154} INFO - [2023-11-23T15:31:55.814+0000] {dag.py:3722} INFO - Setting next_dagrun for example_short_circuit_operator to 2023-11-22T15:31:55.814607+00:00, run_after=2023-11-23T15:31:55.814607+00:00
[2023-11-23T15:31:55.825+0000] {processor.py:179} INFO - Processing /home/airflow/.local/lib/python3.8/site-packages/airflow/example_dags/example_short_circuit_operator.py took 0.044 seconds
[2023-11-23T15:32:26.721+0000] {processor.py:157} INFO - Started process (PID=582) to work on /home/airflow/.local/lib/python3.8/site-packages/airflow/example_dags/example_short_circuit_operator.py
[2023-11-23T15:32:26.722+0000] {processor.py:829} INFO - Processing file /home/airflow/.local/lib/python3.8/site-packages/airflow/example_dags/example_short_circuit_operator.py for tasks to queue
[2023-11-23T15:32:26.723+0000] {logging_mixin.py:154} INFO - [2023-11-23T15:32:26.723+0000] {dagbag.py:536} INFO - Filling up the DagBag from /home/airflow/.local/lib/python3.8/site-packages/airflow/example_dags/example_short_circuit_operator.py
[2023-11-23T15:32:26.727+0000] {processor.py:839} INFO - DAG(s) dict_keys(['example_short_circuit_operator']) retrieved from /home/airflow/.local/lib/python3.8/site-packages/airflow/example_dags/example_short_circuit_operator.py
[2023-11-23T15:32:26.740+0000] {logging_mixin.py:154} INFO - [2023-11-23T15:32:26.740+0000] {dag.py:2941} INFO - Sync 1 DAGs
[2023-11-23T15:32:26.754+0000] {logging_mixin.py:154} INFO - [2023-11-23T15:32:26.753+0000] {dag.py:3722} INFO - Setting next_dagrun for example_short_circuit_operator to 2023-11-22T15:32:26.753791+00:00, run_after=2023-11-23T15:32:26.753791+00:00
[2023-11-23T15:32:26.764+0000] {processor.py:179} INFO - Processing /home/airflow/.local/lib/python3.8/site-packages/airflow/example_dags/example_short_circuit_operator.py took 0.045 seconds
[2023-11-23T15:32:57.862+0000] {processor.py:157} INFO - Started process (PID=638) to work on /home/airflow/.local/lib/python3.8/site-packages/airflow/example_dags/example_short_circuit_operator.py
[2023-11-23T15:32:57.862+0000] {processor.py:829} INFO - Processing file /home/airflow/.local/lib/python3.8/site-packages/airflow/example_dags/example_short_circuit_operator.py for tasks to queue
[2023-11-23T15:32:57.863+0000] {logging_mixin.py:154} INFO - [2023-11-23T15:32:57.863+0000] {dagbag.py:536} INFO - Filling up the DagBag from /home/airflow/.local/lib/python3.8/site-packages/airflow/example_dags/example_short_circuit_operator.py
[2023-11-23T15:32:57.868+0000] {processor.py:839} INFO - DAG(s) dict_keys(['example_short_circuit_operator']) retrieved from /home/airflow/.local/lib/python3.8/site-packages/airflow/example_dags/example_short_circuit_operator.py
[2023-11-23T15:32:57.882+0000] {logging_mixin.py:154} INFO - [2023-11-23T15:32:57.882+0000] {dag.py:2941} INFO - Sync 1 DAGs
[2023-11-23T15:32:57.896+0000] {logging_mixin.py:154} INFO - [2023-11-23T15:32:57.895+0000] {dag.py:3722} INFO - Setting next_dagrun for example_short_circuit_operator to 2023-11-22T15:32:57.895858+00:00, run_after=2023-11-23T15:32:57.895858+00:00
[2023-11-23T15:32:57.906+0000] {processor.py:179} INFO - Processing /home/airflow/.local/lib/python3.8/site-packages/airflow/example_dags/example_short_circuit_operator.py took 0.046 seconds
