[2023-11-23T11:22:21.276+0000] {processor.py:157} INFO - Started process (PID=83) to work on /home/airflow/.local/lib/python3.8/site-packages/airflow/example_dags/example_dynamic_task_mapping_with_no_taskflow_operators.py
[2023-11-23T11:22:21.276+0000] {processor.py:829} INFO - Processing file /home/airflow/.local/lib/python3.8/site-packages/airflow/example_dags/example_dynamic_task_mapping_with_no_taskflow_operators.py for tasks to queue
[2023-11-23T11:22:21.278+0000] {logging_mixin.py:154} INFO - [2023-11-23T11:22:21.278+0000] {dagbag.py:536} INFO - Filling up the DagBag from /home/airflow/.local/lib/python3.8/site-packages/airflow/example_dags/example_dynamic_task_mapping_with_no_taskflow_operators.py
[2023-11-23T11:22:21.282+0000] {processor.py:839} INFO - DAG(s) dict_keys(['example_dynamic_task_mapping_with_no_taskflow_operators']) retrieved from /home/airflow/.local/lib/python3.8/site-packages/airflow/example_dags/example_dynamic_task_mapping_with_no_taskflow_operators.py
[2023-11-23T11:22:21.288+0000] {logging_mixin.py:154} INFO - [2023-11-23T11:22:21.288+0000] {dag.py:2941} INFO - Sync 1 DAGs
[2023-11-23T11:22:21.303+0000] {logging_mixin.py:154} INFO - [2023-11-23T11:22:21.303+0000] {dag.py:3722} INFO - Setting next_dagrun for example_dynamic_task_mapping_with_no_taskflow_operators to 2023-11-22T11:22:21.302872+00:00, run_after=2023-11-23T11:22:21.302872+00:00
[2023-11-23T11:22:21.314+0000] {processor.py:179} INFO - Processing /home/airflow/.local/lib/python3.8/site-packages/airflow/example_dags/example_dynamic_task_mapping_with_no_taskflow_operators.py took 0.040 seconds
[2023-11-23T11:22:51.616+0000] {processor.py:157} INFO - Started process (PID=138) to work on /home/airflow/.local/lib/python3.8/site-packages/airflow/example_dags/example_dynamic_task_mapping_with_no_taskflow_operators.py
[2023-11-23T11:22:51.616+0000] {processor.py:829} INFO - Processing file /home/airflow/.local/lib/python3.8/site-packages/airflow/example_dags/example_dynamic_task_mapping_with_no_taskflow_operators.py for tasks to queue
[2023-11-23T11:22:51.617+0000] {logging_mixin.py:154} INFO - [2023-11-23T11:22:51.617+0000] {dagbag.py:536} INFO - Filling up the DagBag from /home/airflow/.local/lib/python3.8/site-packages/airflow/example_dags/example_dynamic_task_mapping_with_no_taskflow_operators.py
[2023-11-23T11:22:51.621+0000] {processor.py:839} INFO - DAG(s) dict_keys(['example_dynamic_task_mapping_with_no_taskflow_operators']) retrieved from /home/airflow/.local/lib/python3.8/site-packages/airflow/example_dags/example_dynamic_task_mapping_with_no_taskflow_operators.py
[2023-11-23T11:22:51.632+0000] {logging_mixin.py:154} INFO - [2023-11-23T11:22:51.632+0000] {dag.py:2941} INFO - Sync 1 DAGs
[2023-11-23T11:22:51.646+0000] {logging_mixin.py:154} INFO - [2023-11-23T11:22:51.646+0000] {dag.py:3722} INFO - Setting next_dagrun for example_dynamic_task_mapping_with_no_taskflow_operators to 2023-11-22T11:22:51.646150+00:00, run_after=2023-11-23T11:22:51.646150+00:00
[2023-11-23T11:22:51.657+0000] {processor.py:179} INFO - Processing /home/airflow/.local/lib/python3.8/site-packages/airflow/example_dags/example_dynamic_task_mapping_with_no_taskflow_operators.py took 0.043 seconds
[2023-11-23T11:23:22.670+0000] {processor.py:157} INFO - Started process (PID=192) to work on /home/airflow/.local/lib/python3.8/site-packages/airflow/example_dags/example_dynamic_task_mapping_with_no_taskflow_operators.py
[2023-11-23T11:23:22.670+0000] {processor.py:829} INFO - Processing file /home/airflow/.local/lib/python3.8/site-packages/airflow/example_dags/example_dynamic_task_mapping_with_no_taskflow_operators.py for tasks to queue
[2023-11-23T11:23:22.671+0000] {logging_mixin.py:154} INFO - [2023-11-23T11:23:22.671+0000] {dagbag.py:536} INFO - Filling up the DagBag from /home/airflow/.local/lib/python3.8/site-packages/airflow/example_dags/example_dynamic_task_mapping_with_no_taskflow_operators.py
[2023-11-23T11:23:22.675+0000] {processor.py:839} INFO - DAG(s) dict_keys(['example_dynamic_task_mapping_with_no_taskflow_operators']) retrieved from /home/airflow/.local/lib/python3.8/site-packages/airflow/example_dags/example_dynamic_task_mapping_with_no_taskflow_operators.py
[2023-11-23T11:23:22.686+0000] {logging_mixin.py:154} INFO - [2023-11-23T11:23:22.685+0000] {dag.py:2941} INFO - Sync 1 DAGs
[2023-11-23T11:23:22.699+0000] {logging_mixin.py:154} INFO - [2023-11-23T11:23:22.699+0000] {dag.py:3722} INFO - Setting next_dagrun for example_dynamic_task_mapping_with_no_taskflow_operators to 2023-11-22T11:23:22.699403+00:00, run_after=2023-11-23T11:23:22.699403+00:00
[2023-11-23T11:23:22.710+0000] {processor.py:179} INFO - Processing /home/airflow/.local/lib/python3.8/site-packages/airflow/example_dags/example_dynamic_task_mapping_with_no_taskflow_operators.py took 0.042 seconds
[2023-11-23T11:23:53.426+0000] {processor.py:157} INFO - Started process (PID=246) to work on /home/airflow/.local/lib/python3.8/site-packages/airflow/example_dags/example_dynamic_task_mapping_with_no_taskflow_operators.py
[2023-11-23T11:23:53.426+0000] {processor.py:829} INFO - Processing file /home/airflow/.local/lib/python3.8/site-packages/airflow/example_dags/example_dynamic_task_mapping_with_no_taskflow_operators.py for tasks to queue
[2023-11-23T11:23:53.428+0000] {logging_mixin.py:154} INFO - [2023-11-23T11:23:53.427+0000] {dagbag.py:536} INFO - Filling up the DagBag from /home/airflow/.local/lib/python3.8/site-packages/airflow/example_dags/example_dynamic_task_mapping_with_no_taskflow_operators.py
[2023-11-23T11:23:53.431+0000] {processor.py:839} INFO - DAG(s) dict_keys(['example_dynamic_task_mapping_with_no_taskflow_operators']) retrieved from /home/airflow/.local/lib/python3.8/site-packages/airflow/example_dags/example_dynamic_task_mapping_with_no_taskflow_operators.py
[2023-11-23T11:23:53.443+0000] {logging_mixin.py:154} INFO - [2023-11-23T11:23:53.443+0000] {dag.py:2941} INFO - Sync 1 DAGs
[2023-11-23T11:23:53.457+0000] {logging_mixin.py:154} INFO - [2023-11-23T11:23:53.457+0000] {dag.py:3722} INFO - Setting next_dagrun for example_dynamic_task_mapping_with_no_taskflow_operators to 2023-11-22T11:23:53.456897+00:00, run_after=2023-11-23T11:23:53.456897+00:00
[2023-11-23T11:23:53.467+0000] {processor.py:179} INFO - Processing /home/airflow/.local/lib/python3.8/site-packages/airflow/example_dags/example_dynamic_task_mapping_with_no_taskflow_operators.py took 0.043 seconds
[2023-11-23T11:24:24.144+0000] {processor.py:157} INFO - Started process (PID=300) to work on /home/airflow/.local/lib/python3.8/site-packages/airflow/example_dags/example_dynamic_task_mapping_with_no_taskflow_operators.py
[2023-11-23T11:24:24.145+0000] {processor.py:829} INFO - Processing file /home/airflow/.local/lib/python3.8/site-packages/airflow/example_dags/example_dynamic_task_mapping_with_no_taskflow_operators.py for tasks to queue
[2023-11-23T11:24:24.146+0000] {logging_mixin.py:154} INFO - [2023-11-23T11:24:24.146+0000] {dagbag.py:536} INFO - Filling up the DagBag from /home/airflow/.local/lib/python3.8/site-packages/airflow/example_dags/example_dynamic_task_mapping_with_no_taskflow_operators.py
[2023-11-23T11:24:24.149+0000] {processor.py:839} INFO - DAG(s) dict_keys(['example_dynamic_task_mapping_with_no_taskflow_operators']) retrieved from /home/airflow/.local/lib/python3.8/site-packages/airflow/example_dags/example_dynamic_task_mapping_with_no_taskflow_operators.py
[2023-11-23T11:24:24.161+0000] {logging_mixin.py:154} INFO - [2023-11-23T11:24:24.160+0000] {dag.py:2941} INFO - Sync 1 DAGs
[2023-11-23T11:24:24.176+0000] {logging_mixin.py:154} INFO - [2023-11-23T11:24:24.176+0000] {dag.py:3722} INFO - Setting next_dagrun for example_dynamic_task_mapping_with_no_taskflow_operators to 2023-11-22T11:24:24.176105+00:00, run_after=2023-11-23T11:24:24.176105+00:00
[2023-11-23T11:24:24.189+0000] {processor.py:179} INFO - Processing /home/airflow/.local/lib/python3.8/site-packages/airflow/example_dags/example_dynamic_task_mapping_with_no_taskflow_operators.py took 0.046 seconds
[2023-11-23T11:24:54.941+0000] {processor.py:157} INFO - Started process (PID=354) to work on /home/airflow/.local/lib/python3.8/site-packages/airflow/example_dags/example_dynamic_task_mapping_with_no_taskflow_operators.py
[2023-11-23T11:24:54.942+0000] {processor.py:829} INFO - Processing file /home/airflow/.local/lib/python3.8/site-packages/airflow/example_dags/example_dynamic_task_mapping_with_no_taskflow_operators.py for tasks to queue
[2023-11-23T11:24:54.943+0000] {logging_mixin.py:154} INFO - [2023-11-23T11:24:54.943+0000] {dagbag.py:536} INFO - Filling up the DagBag from /home/airflow/.local/lib/python3.8/site-packages/airflow/example_dags/example_dynamic_task_mapping_with_no_taskflow_operators.py
[2023-11-23T11:24:54.946+0000] {processor.py:839} INFO - DAG(s) dict_keys(['example_dynamic_task_mapping_with_no_taskflow_operators']) retrieved from /home/airflow/.local/lib/python3.8/site-packages/airflow/example_dags/example_dynamic_task_mapping_with_no_taskflow_operators.py
[2023-11-23T11:24:54.957+0000] {logging_mixin.py:154} INFO - [2023-11-23T11:24:54.957+0000] {dag.py:2941} INFO - Sync 1 DAGs
[2023-11-23T11:24:54.970+0000] {logging_mixin.py:154} INFO - [2023-11-23T11:24:54.970+0000] {dag.py:3722} INFO - Setting next_dagrun for example_dynamic_task_mapping_with_no_taskflow_operators to 2023-11-22T11:24:54.970517+00:00, run_after=2023-11-23T11:24:54.970517+00:00
[2023-11-23T11:24:54.981+0000] {processor.py:179} INFO - Processing /home/airflow/.local/lib/python3.8/site-packages/airflow/example_dags/example_dynamic_task_mapping_with_no_taskflow_operators.py took 0.042 seconds
[2023-11-23T11:25:25.820+0000] {processor.py:157} INFO - Started process (PID=408) to work on /home/airflow/.local/lib/python3.8/site-packages/airflow/example_dags/example_dynamic_task_mapping_with_no_taskflow_operators.py
[2023-11-23T11:25:25.821+0000] {processor.py:829} INFO - Processing file /home/airflow/.local/lib/python3.8/site-packages/airflow/example_dags/example_dynamic_task_mapping_with_no_taskflow_operators.py for tasks to queue
[2023-11-23T11:25:25.822+0000] {logging_mixin.py:154} INFO - [2023-11-23T11:25:25.822+0000] {dagbag.py:536} INFO - Filling up the DagBag from /home/airflow/.local/lib/python3.8/site-packages/airflow/example_dags/example_dynamic_task_mapping_with_no_taskflow_operators.py
[2023-11-23T11:25:25.825+0000] {processor.py:839} INFO - DAG(s) dict_keys(['example_dynamic_task_mapping_with_no_taskflow_operators']) retrieved from /home/airflow/.local/lib/python3.8/site-packages/airflow/example_dags/example_dynamic_task_mapping_with_no_taskflow_operators.py
[2023-11-23T11:25:25.837+0000] {logging_mixin.py:154} INFO - [2023-11-23T11:25:25.837+0000] {dag.py:2941} INFO - Sync 1 DAGs
[2023-11-23T11:25:25.851+0000] {logging_mixin.py:154} INFO - [2023-11-23T11:25:25.851+0000] {dag.py:3722} INFO - Setting next_dagrun for example_dynamic_task_mapping_with_no_taskflow_operators to 2023-11-22T11:25:25.851056+00:00, run_after=2023-11-23T11:25:25.851056+00:00
[2023-11-23T11:25:25.862+0000] {processor.py:179} INFO - Processing /home/airflow/.local/lib/python3.8/site-packages/airflow/example_dags/example_dynamic_task_mapping_with_no_taskflow_operators.py took 0.043 seconds
[2023-11-23T11:25:56.445+0000] {processor.py:157} INFO - Started process (PID=462) to work on /home/airflow/.local/lib/python3.8/site-packages/airflow/example_dags/example_dynamic_task_mapping_with_no_taskflow_operators.py
[2023-11-23T11:25:56.446+0000] {processor.py:829} INFO - Processing file /home/airflow/.local/lib/python3.8/site-packages/airflow/example_dags/example_dynamic_task_mapping_with_no_taskflow_operators.py for tasks to queue
[2023-11-23T11:25:56.447+0000] {logging_mixin.py:154} INFO - [2023-11-23T11:25:56.447+0000] {dagbag.py:536} INFO - Filling up the DagBag from /home/airflow/.local/lib/python3.8/site-packages/airflow/example_dags/example_dynamic_task_mapping_with_no_taskflow_operators.py
[2023-11-23T11:25:56.450+0000] {processor.py:839} INFO - DAG(s) dict_keys(['example_dynamic_task_mapping_with_no_taskflow_operators']) retrieved from /home/airflow/.local/lib/python3.8/site-packages/airflow/example_dags/example_dynamic_task_mapping_with_no_taskflow_operators.py
[2023-11-23T11:25:56.462+0000] {logging_mixin.py:154} INFO - [2023-11-23T11:25:56.462+0000] {dag.py:2941} INFO - Sync 1 DAGs
[2023-11-23T11:25:56.477+0000] {logging_mixin.py:154} INFO - [2023-11-23T11:25:56.477+0000] {dag.py:3722} INFO - Setting next_dagrun for example_dynamic_task_mapping_with_no_taskflow_operators to 2023-11-22T11:25:56.477478+00:00, run_after=2023-11-23T11:25:56.477478+00:00
[2023-11-23T11:25:56.489+0000] {processor.py:179} INFO - Processing /home/airflow/.local/lib/python3.8/site-packages/airflow/example_dags/example_dynamic_task_mapping_with_no_taskflow_operators.py took 0.046 seconds
[2023-11-23T11:26:27.433+0000] {processor.py:157} INFO - Started process (PID=516) to work on /home/airflow/.local/lib/python3.8/site-packages/airflow/example_dags/example_dynamic_task_mapping_with_no_taskflow_operators.py
[2023-11-23T11:26:27.434+0000] {processor.py:829} INFO - Processing file /home/airflow/.local/lib/python3.8/site-packages/airflow/example_dags/example_dynamic_task_mapping_with_no_taskflow_operators.py for tasks to queue
[2023-11-23T11:26:27.435+0000] {logging_mixin.py:154} INFO - [2023-11-23T11:26:27.435+0000] {dagbag.py:536} INFO - Filling up the DagBag from /home/airflow/.local/lib/python3.8/site-packages/airflow/example_dags/example_dynamic_task_mapping_with_no_taskflow_operators.py
[2023-11-23T11:26:27.438+0000] {processor.py:839} INFO - DAG(s) dict_keys(['example_dynamic_task_mapping_with_no_taskflow_operators']) retrieved from /home/airflow/.local/lib/python3.8/site-packages/airflow/example_dags/example_dynamic_task_mapping_with_no_taskflow_operators.py
[2023-11-23T11:26:27.449+0000] {logging_mixin.py:154} INFO - [2023-11-23T11:26:27.449+0000] {dag.py:2941} INFO - Sync 1 DAGs
[2023-11-23T11:26:27.464+0000] {logging_mixin.py:154} INFO - [2023-11-23T11:26:27.464+0000] {dag.py:3722} INFO - Setting next_dagrun for example_dynamic_task_mapping_with_no_taskflow_operators to 2023-11-22T11:26:27.463838+00:00, run_after=2023-11-23T11:26:27.463838+00:00
[2023-11-23T11:26:27.476+0000] {processor.py:179} INFO - Processing /home/airflow/.local/lib/python3.8/site-packages/airflow/example_dags/example_dynamic_task_mapping_with_no_taskflow_operators.py took 0.045 seconds
[2023-11-23T11:26:58.362+0000] {processor.py:157} INFO - Started process (PID=570) to work on /home/airflow/.local/lib/python3.8/site-packages/airflow/example_dags/example_dynamic_task_mapping_with_no_taskflow_operators.py
[2023-11-23T11:26:58.363+0000] {processor.py:829} INFO - Processing file /home/airflow/.local/lib/python3.8/site-packages/airflow/example_dags/example_dynamic_task_mapping_with_no_taskflow_operators.py for tasks to queue
[2023-11-23T11:26:58.364+0000] {logging_mixin.py:154} INFO - [2023-11-23T11:26:58.364+0000] {dagbag.py:536} INFO - Filling up the DagBag from /home/airflow/.local/lib/python3.8/site-packages/airflow/example_dags/example_dynamic_task_mapping_with_no_taskflow_operators.py
[2023-11-23T11:26:58.367+0000] {processor.py:839} INFO - DAG(s) dict_keys(['example_dynamic_task_mapping_with_no_taskflow_operators']) retrieved from /home/airflow/.local/lib/python3.8/site-packages/airflow/example_dags/example_dynamic_task_mapping_with_no_taskflow_operators.py
[2023-11-23T11:26:58.378+0000] {logging_mixin.py:154} INFO - [2023-11-23T11:26:58.378+0000] {dag.py:2941} INFO - Sync 1 DAGs
[2023-11-23T11:26:58.392+0000] {logging_mixin.py:154} INFO - [2023-11-23T11:26:58.392+0000] {dag.py:3722} INFO - Setting next_dagrun for example_dynamic_task_mapping_with_no_taskflow_operators to 2023-11-22T11:26:58.392181+00:00, run_after=2023-11-23T11:26:58.392181+00:00
[2023-11-23T11:26:58.403+0000] {processor.py:179} INFO - Processing /home/airflow/.local/lib/python3.8/site-packages/airflow/example_dags/example_dynamic_task_mapping_with_no_taskflow_operators.py took 0.042 seconds
[2023-11-23T11:27:29.014+0000] {processor.py:157} INFO - Started process (PID=624) to work on /home/airflow/.local/lib/python3.8/site-packages/airflow/example_dags/example_dynamic_task_mapping_with_no_taskflow_operators.py
[2023-11-23T11:27:29.014+0000] {processor.py:829} INFO - Processing file /home/airflow/.local/lib/python3.8/site-packages/airflow/example_dags/example_dynamic_task_mapping_with_no_taskflow_operators.py for tasks to queue
[2023-11-23T11:27:29.016+0000] {logging_mixin.py:154} INFO - [2023-11-23T11:27:29.016+0000] {dagbag.py:536} INFO - Filling up the DagBag from /home/airflow/.local/lib/python3.8/site-packages/airflow/example_dags/example_dynamic_task_mapping_with_no_taskflow_operators.py
[2023-11-23T11:27:29.019+0000] {processor.py:839} INFO - DAG(s) dict_keys(['example_dynamic_task_mapping_with_no_taskflow_operators']) retrieved from /home/airflow/.local/lib/python3.8/site-packages/airflow/example_dags/example_dynamic_task_mapping_with_no_taskflow_operators.py
[2023-11-23T11:27:29.031+0000] {logging_mixin.py:154} INFO - [2023-11-23T11:27:29.031+0000] {dag.py:2941} INFO - Sync 1 DAGs
[2023-11-23T11:27:29.045+0000] {logging_mixin.py:154} INFO - [2023-11-23T11:27:29.045+0000] {dag.py:3722} INFO - Setting next_dagrun for example_dynamic_task_mapping_with_no_taskflow_operators to 2023-11-22T11:27:29.045309+00:00, run_after=2023-11-23T11:27:29.045309+00:00
[2023-11-23T11:27:29.057+0000] {processor.py:179} INFO - Processing /home/airflow/.local/lib/python3.8/site-packages/airflow/example_dags/example_dynamic_task_mapping_with_no_taskflow_operators.py took 0.044 seconds
[2023-11-23T11:27:59.684+0000] {processor.py:157} INFO - Started process (PID=678) to work on /home/airflow/.local/lib/python3.8/site-packages/airflow/example_dags/example_dynamic_task_mapping_with_no_taskflow_operators.py
[2023-11-23T11:27:59.686+0000] {processor.py:829} INFO - Processing file /home/airflow/.local/lib/python3.8/site-packages/airflow/example_dags/example_dynamic_task_mapping_with_no_taskflow_operators.py for tasks to queue
[2023-11-23T11:27:59.688+0000] {logging_mixin.py:154} INFO - [2023-11-23T11:27:59.688+0000] {dagbag.py:536} INFO - Filling up the DagBag from /home/airflow/.local/lib/python3.8/site-packages/airflow/example_dags/example_dynamic_task_mapping_with_no_taskflow_operators.py
[2023-11-23T11:27:59.693+0000] {processor.py:839} INFO - DAG(s) dict_keys(['example_dynamic_task_mapping_with_no_taskflow_operators']) retrieved from /home/airflow/.local/lib/python3.8/site-packages/airflow/example_dags/example_dynamic_task_mapping_with_no_taskflow_operators.py
[2023-11-23T11:27:59.707+0000] {logging_mixin.py:154} INFO - [2023-11-23T11:27:59.706+0000] {dag.py:2941} INFO - Sync 1 DAGs
[2023-11-23T11:27:59.722+0000] {logging_mixin.py:154} INFO - [2023-11-23T11:27:59.722+0000] {dag.py:3722} INFO - Setting next_dagrun for example_dynamic_task_mapping_with_no_taskflow_operators to 2023-11-22T11:27:59.722602+00:00, run_after=2023-11-23T11:27:59.722602+00:00
[2023-11-23T11:27:59.735+0000] {processor.py:179} INFO - Processing /home/airflow/.local/lib/python3.8/site-packages/airflow/example_dags/example_dynamic_task_mapping_with_no_taskflow_operators.py took 0.053 seconds
[2023-11-23T11:28:30.280+0000] {processor.py:157} INFO - Started process (PID=732) to work on /home/airflow/.local/lib/python3.8/site-packages/airflow/example_dags/example_dynamic_task_mapping_with_no_taskflow_operators.py
[2023-11-23T11:28:30.280+0000] {processor.py:829} INFO - Processing file /home/airflow/.local/lib/python3.8/site-packages/airflow/example_dags/example_dynamic_task_mapping_with_no_taskflow_operators.py for tasks to queue
[2023-11-23T11:28:30.282+0000] {logging_mixin.py:154} INFO - [2023-11-23T11:28:30.281+0000] {dagbag.py:536} INFO - Filling up the DagBag from /home/airflow/.local/lib/python3.8/site-packages/airflow/example_dags/example_dynamic_task_mapping_with_no_taskflow_operators.py
[2023-11-23T11:28:30.285+0000] {processor.py:839} INFO - DAG(s) dict_keys(['example_dynamic_task_mapping_with_no_taskflow_operators']) retrieved from /home/airflow/.local/lib/python3.8/site-packages/airflow/example_dags/example_dynamic_task_mapping_with_no_taskflow_operators.py
[2023-11-23T11:28:30.297+0000] {logging_mixin.py:154} INFO - [2023-11-23T11:28:30.296+0000] {dag.py:2941} INFO - Sync 1 DAGs
[2023-11-23T11:28:30.312+0000] {logging_mixin.py:154} INFO - [2023-11-23T11:28:30.312+0000] {dag.py:3722} INFO - Setting next_dagrun for example_dynamic_task_mapping_with_no_taskflow_operators to 2023-11-22T11:28:30.312121+00:00, run_after=2023-11-23T11:28:30.312121+00:00
[2023-11-23T11:28:30.323+0000] {processor.py:179} INFO - Processing /home/airflow/.local/lib/python3.8/site-packages/airflow/example_dags/example_dynamic_task_mapping_with_no_taskflow_operators.py took 0.045 seconds
[2023-11-23T11:29:00.974+0000] {processor.py:157} INFO - Started process (PID=786) to work on /home/airflow/.local/lib/python3.8/site-packages/airflow/example_dags/example_dynamic_task_mapping_with_no_taskflow_operators.py
[2023-11-23T11:29:00.975+0000] {processor.py:829} INFO - Processing file /home/airflow/.local/lib/python3.8/site-packages/airflow/example_dags/example_dynamic_task_mapping_with_no_taskflow_operators.py for tasks to queue
[2023-11-23T11:29:00.976+0000] {logging_mixin.py:154} INFO - [2023-11-23T11:29:00.976+0000] {dagbag.py:536} INFO - Filling up the DagBag from /home/airflow/.local/lib/python3.8/site-packages/airflow/example_dags/example_dynamic_task_mapping_with_no_taskflow_operators.py
[2023-11-23T11:29:00.979+0000] {processor.py:839} INFO - DAG(s) dict_keys(['example_dynamic_task_mapping_with_no_taskflow_operators']) retrieved from /home/airflow/.local/lib/python3.8/site-packages/airflow/example_dags/example_dynamic_task_mapping_with_no_taskflow_operators.py
[2023-11-23T11:29:00.991+0000] {logging_mixin.py:154} INFO - [2023-11-23T11:29:00.991+0000] {dag.py:2941} INFO - Sync 1 DAGs
[2023-11-23T11:29:01.006+0000] {logging_mixin.py:154} INFO - [2023-11-23T11:29:01.006+0000] {dag.py:3722} INFO - Setting next_dagrun for example_dynamic_task_mapping_with_no_taskflow_operators to 2023-11-22T11:29:01.006033+00:00, run_after=2023-11-23T11:29:01.006033+00:00
[2023-11-23T11:29:01.017+0000] {processor.py:179} INFO - Processing /home/airflow/.local/lib/python3.8/site-packages/airflow/example_dags/example_dynamic_task_mapping_with_no_taskflow_operators.py took 0.045 seconds
[2023-11-23T11:29:31.481+0000] {processor.py:157} INFO - Started process (PID=841) to work on /home/airflow/.local/lib/python3.8/site-packages/airflow/example_dags/example_dynamic_task_mapping_with_no_taskflow_operators.py
[2023-11-23T11:29:31.482+0000] {processor.py:829} INFO - Processing file /home/airflow/.local/lib/python3.8/site-packages/airflow/example_dags/example_dynamic_task_mapping_with_no_taskflow_operators.py for tasks to queue
[2023-11-23T11:29:31.483+0000] {logging_mixin.py:154} INFO - [2023-11-23T11:29:31.483+0000] {dagbag.py:536} INFO - Filling up the DagBag from /home/airflow/.local/lib/python3.8/site-packages/airflow/example_dags/example_dynamic_task_mapping_with_no_taskflow_operators.py
[2023-11-23T11:29:31.486+0000] {processor.py:839} INFO - DAG(s) dict_keys(['example_dynamic_task_mapping_with_no_taskflow_operators']) retrieved from /home/airflow/.local/lib/python3.8/site-packages/airflow/example_dags/example_dynamic_task_mapping_with_no_taskflow_operators.py
[2023-11-23T11:29:31.498+0000] {logging_mixin.py:154} INFO - [2023-11-23T11:29:31.498+0000] {dag.py:2941} INFO - Sync 1 DAGs
[2023-11-23T11:29:31.513+0000] {logging_mixin.py:154} INFO - [2023-11-23T11:29:31.513+0000] {dag.py:3722} INFO - Setting next_dagrun for example_dynamic_task_mapping_with_no_taskflow_operators to 2023-11-22T11:29:31.512882+00:00, run_after=2023-11-23T11:29:31.512882+00:00
[2023-11-23T11:29:31.524+0000] {processor.py:179} INFO - Processing /home/airflow/.local/lib/python3.8/site-packages/airflow/example_dags/example_dynamic_task_mapping_with_no_taskflow_operators.py took 0.044 seconds
[2023-11-23T11:30:02.278+0000] {processor.py:157} INFO - Started process (PID=895) to work on /home/airflow/.local/lib/python3.8/site-packages/airflow/example_dags/example_dynamic_task_mapping_with_no_taskflow_operators.py
[2023-11-23T11:30:02.279+0000] {processor.py:829} INFO - Processing file /home/airflow/.local/lib/python3.8/site-packages/airflow/example_dags/example_dynamic_task_mapping_with_no_taskflow_operators.py for tasks to queue
[2023-11-23T11:30:02.281+0000] {logging_mixin.py:154} INFO - [2023-11-23T11:30:02.280+0000] {dagbag.py:536} INFO - Filling up the DagBag from /home/airflow/.local/lib/python3.8/site-packages/airflow/example_dags/example_dynamic_task_mapping_with_no_taskflow_operators.py
[2023-11-23T11:30:02.285+0000] {processor.py:839} INFO - DAG(s) dict_keys(['example_dynamic_task_mapping_with_no_taskflow_operators']) retrieved from /home/airflow/.local/lib/python3.8/site-packages/airflow/example_dags/example_dynamic_task_mapping_with_no_taskflow_operators.py
[2023-11-23T11:30:02.297+0000] {logging_mixin.py:154} INFO - [2023-11-23T11:30:02.297+0000] {dag.py:2941} INFO - Sync 1 DAGs
[2023-11-23T11:30:02.312+0000] {logging_mixin.py:154} INFO - [2023-11-23T11:30:02.312+0000] {dag.py:3722} INFO - Setting next_dagrun for example_dynamic_task_mapping_with_no_taskflow_operators to 2023-11-22T11:30:02.312395+00:00, run_after=2023-11-23T11:30:02.312395+00:00
[2023-11-23T11:30:02.324+0000] {processor.py:179} INFO - Processing /home/airflow/.local/lib/python3.8/site-packages/airflow/example_dags/example_dynamic_task_mapping_with_no_taskflow_operators.py took 0.048 seconds
[2023-11-23T11:30:32.665+0000] {processor.py:157} INFO - Started process (PID=949) to work on /home/airflow/.local/lib/python3.8/site-packages/airflow/example_dags/example_dynamic_task_mapping_with_no_taskflow_operators.py
[2023-11-23T11:30:32.666+0000] {processor.py:829} INFO - Processing file /home/airflow/.local/lib/python3.8/site-packages/airflow/example_dags/example_dynamic_task_mapping_with_no_taskflow_operators.py for tasks to queue
[2023-11-23T11:30:32.668+0000] {logging_mixin.py:154} INFO - [2023-11-23T11:30:32.667+0000] {dagbag.py:536} INFO - Filling up the DagBag from /home/airflow/.local/lib/python3.8/site-packages/airflow/example_dags/example_dynamic_task_mapping_with_no_taskflow_operators.py
[2023-11-23T11:30:32.671+0000] {processor.py:839} INFO - DAG(s) dict_keys(['example_dynamic_task_mapping_with_no_taskflow_operators']) retrieved from /home/airflow/.local/lib/python3.8/site-packages/airflow/example_dags/example_dynamic_task_mapping_with_no_taskflow_operators.py
[2023-11-23T11:30:32.684+0000] {logging_mixin.py:154} INFO - [2023-11-23T11:30:32.683+0000] {dag.py:2941} INFO - Sync 1 DAGs
[2023-11-23T11:30:32.699+0000] {logging_mixin.py:154} INFO - [2023-11-23T11:30:32.699+0000] {dag.py:3722} INFO - Setting next_dagrun for example_dynamic_task_mapping_with_no_taskflow_operators to 2023-11-22T11:30:32.699150+00:00, run_after=2023-11-23T11:30:32.699150+00:00
[2023-11-23T11:30:32.826+0000] {processor.py:179} INFO - Processing /home/airflow/.local/lib/python3.8/site-packages/airflow/example_dags/example_dynamic_task_mapping_with_no_taskflow_operators.py took 0.162 seconds
[2023-11-23T11:31:03.686+0000] {processor.py:157} INFO - Started process (PID=1003) to work on /home/airflow/.local/lib/python3.8/site-packages/airflow/example_dags/example_dynamic_task_mapping_with_no_taskflow_operators.py
[2023-11-23T11:31:03.687+0000] {processor.py:829} INFO - Processing file /home/airflow/.local/lib/python3.8/site-packages/airflow/example_dags/example_dynamic_task_mapping_with_no_taskflow_operators.py for tasks to queue
[2023-11-23T11:31:03.688+0000] {logging_mixin.py:154} INFO - [2023-11-23T11:31:03.688+0000] {dagbag.py:536} INFO - Filling up the DagBag from /home/airflow/.local/lib/python3.8/site-packages/airflow/example_dags/example_dynamic_task_mapping_with_no_taskflow_operators.py
[2023-11-23T11:31:03.692+0000] {processor.py:839} INFO - DAG(s) dict_keys(['example_dynamic_task_mapping_with_no_taskflow_operators']) retrieved from /home/airflow/.local/lib/python3.8/site-packages/airflow/example_dags/example_dynamic_task_mapping_with_no_taskflow_operators.py
[2023-11-23T11:31:03.704+0000] {logging_mixin.py:154} INFO - [2023-11-23T11:31:03.704+0000] {dag.py:2941} INFO - Sync 1 DAGs
[2023-11-23T11:31:03.718+0000] {logging_mixin.py:154} INFO - [2023-11-23T11:31:03.718+0000] {dag.py:3722} INFO - Setting next_dagrun for example_dynamic_task_mapping_with_no_taskflow_operators to 2023-11-22T11:31:03.718250+00:00, run_after=2023-11-23T11:31:03.718250+00:00
[2023-11-23T11:31:03.729+0000] {processor.py:179} INFO - Processing /home/airflow/.local/lib/python3.8/site-packages/airflow/example_dags/example_dynamic_task_mapping_with_no_taskflow_operators.py took 0.045 seconds
[2023-11-23T11:31:33.920+0000] {processor.py:157} INFO - Started process (PID=1058) to work on /home/airflow/.local/lib/python3.8/site-packages/airflow/example_dags/example_dynamic_task_mapping_with_no_taskflow_operators.py
[2023-11-23T11:31:33.921+0000] {processor.py:829} INFO - Processing file /home/airflow/.local/lib/python3.8/site-packages/airflow/example_dags/example_dynamic_task_mapping_with_no_taskflow_operators.py for tasks to queue
[2023-11-23T11:31:33.922+0000] {logging_mixin.py:154} INFO - [2023-11-23T11:31:33.922+0000] {dagbag.py:536} INFO - Filling up the DagBag from /home/airflow/.local/lib/python3.8/site-packages/airflow/example_dags/example_dynamic_task_mapping_with_no_taskflow_operators.py
[2023-11-23T11:31:33.925+0000] {processor.py:839} INFO - DAG(s) dict_keys(['example_dynamic_task_mapping_with_no_taskflow_operators']) retrieved from /home/airflow/.local/lib/python3.8/site-packages/airflow/example_dags/example_dynamic_task_mapping_with_no_taskflow_operators.py
[2023-11-23T11:31:33.937+0000] {logging_mixin.py:154} INFO - [2023-11-23T11:31:33.937+0000] {dag.py:2941} INFO - Sync 1 DAGs
[2023-11-23T11:31:33.950+0000] {logging_mixin.py:154} INFO - [2023-11-23T11:31:33.950+0000] {dag.py:3722} INFO - Setting next_dagrun for example_dynamic_task_mapping_with_no_taskflow_operators to 2023-11-22T11:31:33.950485+00:00, run_after=2023-11-23T11:31:33.950485+00:00
[2023-11-23T11:31:33.961+0000] {processor.py:179} INFO - Processing /home/airflow/.local/lib/python3.8/site-packages/airflow/example_dags/example_dynamic_task_mapping_with_no_taskflow_operators.py took 0.042 seconds
[2023-11-23T11:32:04.785+0000] {processor.py:157} INFO - Started process (PID=1112) to work on /home/airflow/.local/lib/python3.8/site-packages/airflow/example_dags/example_dynamic_task_mapping_with_no_taskflow_operators.py
[2023-11-23T11:32:04.785+0000] {processor.py:829} INFO - Processing file /home/airflow/.local/lib/python3.8/site-packages/airflow/example_dags/example_dynamic_task_mapping_with_no_taskflow_operators.py for tasks to queue
[2023-11-23T11:32:04.787+0000] {logging_mixin.py:154} INFO - [2023-11-23T11:32:04.786+0000] {dagbag.py:536} INFO - Filling up the DagBag from /home/airflow/.local/lib/python3.8/site-packages/airflow/example_dags/example_dynamic_task_mapping_with_no_taskflow_operators.py
[2023-11-23T11:32:04.790+0000] {processor.py:839} INFO - DAG(s) dict_keys(['example_dynamic_task_mapping_with_no_taskflow_operators']) retrieved from /home/airflow/.local/lib/python3.8/site-packages/airflow/example_dags/example_dynamic_task_mapping_with_no_taskflow_operators.py
[2023-11-23T11:32:04.803+0000] {logging_mixin.py:154} INFO - [2023-11-23T11:32:04.802+0000] {dag.py:2941} INFO - Sync 1 DAGs
[2023-11-23T11:32:04.819+0000] {logging_mixin.py:154} INFO - [2023-11-23T11:32:04.819+0000] {dag.py:3722} INFO - Setting next_dagrun for example_dynamic_task_mapping_with_no_taskflow_operators to 2023-11-22T11:32:04.819226+00:00, run_after=2023-11-23T11:32:04.819226+00:00
[2023-11-23T11:32:04.831+0000] {processor.py:179} INFO - Processing /home/airflow/.local/lib/python3.8/site-packages/airflow/example_dags/example_dynamic_task_mapping_with_no_taskflow_operators.py took 0.047 seconds
[2023-11-23T11:32:35.023+0000] {processor.py:157} INFO - Started process (PID=1166) to work on /home/airflow/.local/lib/python3.8/site-packages/airflow/example_dags/example_dynamic_task_mapping_with_no_taskflow_operators.py
[2023-11-23T11:32:35.023+0000] {processor.py:829} INFO - Processing file /home/airflow/.local/lib/python3.8/site-packages/airflow/example_dags/example_dynamic_task_mapping_with_no_taskflow_operators.py for tasks to queue
[2023-11-23T11:32:35.024+0000] {logging_mixin.py:154} INFO - [2023-11-23T11:32:35.024+0000] {dagbag.py:536} INFO - Filling up the DagBag from /home/airflow/.local/lib/python3.8/site-packages/airflow/example_dags/example_dynamic_task_mapping_with_no_taskflow_operators.py
[2023-11-23T11:32:35.028+0000] {processor.py:839} INFO - DAG(s) dict_keys(['example_dynamic_task_mapping_with_no_taskflow_operators']) retrieved from /home/airflow/.local/lib/python3.8/site-packages/airflow/example_dags/example_dynamic_task_mapping_with_no_taskflow_operators.py
[2023-11-23T11:32:35.041+0000] {logging_mixin.py:154} INFO - [2023-11-23T11:32:35.041+0000] {dag.py:2941} INFO - Sync 1 DAGs
[2023-11-23T11:32:35.166+0000] {logging_mixin.py:154} INFO - [2023-11-23T11:32:35.165+0000] {dag.py:3722} INFO - Setting next_dagrun for example_dynamic_task_mapping_with_no_taskflow_operators to 2023-11-22T11:32:35.165524+00:00, run_after=2023-11-23T11:32:35.165524+00:00
[2023-11-23T11:32:35.180+0000] {processor.py:179} INFO - Processing /home/airflow/.local/lib/python3.8/site-packages/airflow/example_dags/example_dynamic_task_mapping_with_no_taskflow_operators.py took 0.160 seconds
[2023-11-23T11:33:05.713+0000] {processor.py:157} INFO - Started process (PID=1220) to work on /home/airflow/.local/lib/python3.8/site-packages/airflow/example_dags/example_dynamic_task_mapping_with_no_taskflow_operators.py
[2023-11-23T11:33:05.714+0000] {processor.py:829} INFO - Processing file /home/airflow/.local/lib/python3.8/site-packages/airflow/example_dags/example_dynamic_task_mapping_with_no_taskflow_operators.py for tasks to queue
[2023-11-23T11:33:05.715+0000] {logging_mixin.py:154} INFO - [2023-11-23T11:33:05.715+0000] {dagbag.py:536} INFO - Filling up the DagBag from /home/airflow/.local/lib/python3.8/site-packages/airflow/example_dags/example_dynamic_task_mapping_with_no_taskflow_operators.py
[2023-11-23T11:33:05.719+0000] {processor.py:839} INFO - DAG(s) dict_keys(['example_dynamic_task_mapping_with_no_taskflow_operators']) retrieved from /home/airflow/.local/lib/python3.8/site-packages/airflow/example_dags/example_dynamic_task_mapping_with_no_taskflow_operators.py
[2023-11-23T11:33:05.730+0000] {logging_mixin.py:154} INFO - [2023-11-23T11:33:05.730+0000] {dag.py:2941} INFO - Sync 1 DAGs
[2023-11-23T11:33:05.745+0000] {logging_mixin.py:154} INFO - [2023-11-23T11:33:05.744+0000] {dag.py:3722} INFO - Setting next_dagrun for example_dynamic_task_mapping_with_no_taskflow_operators to 2023-11-22T11:33:05.744826+00:00, run_after=2023-11-23T11:33:05.744826+00:00
[2023-11-23T11:33:05.757+0000] {processor.py:179} INFO - Processing /home/airflow/.local/lib/python3.8/site-packages/airflow/example_dags/example_dynamic_task_mapping_with_no_taskflow_operators.py took 0.045 seconds
[2023-11-23T11:38:44.198+0000] {processor.py:157} INFO - Started process (PID=86) to work on /home/airflow/.local/lib/python3.8/site-packages/airflow/example_dags/example_dynamic_task_mapping_with_no_taskflow_operators.py
[2023-11-23T11:38:44.199+0000] {processor.py:829} INFO - Processing file /home/airflow/.local/lib/python3.8/site-packages/airflow/example_dags/example_dynamic_task_mapping_with_no_taskflow_operators.py for tasks to queue
[2023-11-23T11:38:44.200+0000] {logging_mixin.py:154} INFO - [2023-11-23T11:38:44.200+0000] {dagbag.py:536} INFO - Filling up the DagBag from /home/airflow/.local/lib/python3.8/site-packages/airflow/example_dags/example_dynamic_task_mapping_with_no_taskflow_operators.py
[2023-11-23T11:38:44.205+0000] {processor.py:839} INFO - DAG(s) dict_keys(['example_dynamic_task_mapping_with_no_taskflow_operators']) retrieved from /home/airflow/.local/lib/python3.8/site-packages/airflow/example_dags/example_dynamic_task_mapping_with_no_taskflow_operators.py
[2023-11-23T11:38:44.214+0000] {logging_mixin.py:154} INFO - [2023-11-23T11:38:44.213+0000] {dag.py:2941} INFO - Sync 1 DAGs
[2023-11-23T11:38:44.230+0000] {logging_mixin.py:154} INFO - [2023-11-23T11:38:44.230+0000] {dag.py:3722} INFO - Setting next_dagrun for example_dynamic_task_mapping_with_no_taskflow_operators to 2023-11-22T11:38:44.230337+00:00, run_after=2023-11-23T11:38:44.230337+00:00
[2023-11-23T11:38:44.242+0000] {processor.py:179} INFO - Processing /home/airflow/.local/lib/python3.8/site-packages/airflow/example_dags/example_dynamic_task_mapping_with_no_taskflow_operators.py took 0.046 seconds
[2023-11-23T11:39:15.102+0000] {processor.py:157} INFO - Started process (PID=142) to work on /home/airflow/.local/lib/python3.8/site-packages/airflow/example_dags/example_dynamic_task_mapping_with_no_taskflow_operators.py
[2023-11-23T11:39:15.103+0000] {processor.py:829} INFO - Processing file /home/airflow/.local/lib/python3.8/site-packages/airflow/example_dags/example_dynamic_task_mapping_with_no_taskflow_operators.py for tasks to queue
[2023-11-23T11:39:15.104+0000] {logging_mixin.py:154} INFO - [2023-11-23T11:39:15.104+0000] {dagbag.py:536} INFO - Filling up the DagBag from /home/airflow/.local/lib/python3.8/site-packages/airflow/example_dags/example_dynamic_task_mapping_with_no_taskflow_operators.py
[2023-11-23T11:39:15.107+0000] {processor.py:839} INFO - DAG(s) dict_keys(['example_dynamic_task_mapping_with_no_taskflow_operators']) retrieved from /home/airflow/.local/lib/python3.8/site-packages/airflow/example_dags/example_dynamic_task_mapping_with_no_taskflow_operators.py
[2023-11-23T11:39:15.118+0000] {logging_mixin.py:154} INFO - [2023-11-23T11:39:15.118+0000] {dag.py:2941} INFO - Sync 1 DAGs
[2023-11-23T11:39:15.132+0000] {logging_mixin.py:154} INFO - [2023-11-23T11:39:15.132+0000] {dag.py:3722} INFO - Setting next_dagrun for example_dynamic_task_mapping_with_no_taskflow_operators to 2023-11-22T11:39:15.132443+00:00, run_after=2023-11-23T11:39:15.132443+00:00
[2023-11-23T11:39:15.143+0000] {processor.py:179} INFO - Processing /home/airflow/.local/lib/python3.8/site-packages/airflow/example_dags/example_dynamic_task_mapping_with_no_taskflow_operators.py took 0.043 seconds
[2023-11-23T11:39:46.608+0000] {processor.py:157} INFO - Started process (PID=198) to work on /home/airflow/.local/lib/python3.8/site-packages/airflow/example_dags/example_dynamic_task_mapping_with_no_taskflow_operators.py
[2023-11-23T11:39:46.608+0000] {processor.py:829} INFO - Processing file /home/airflow/.local/lib/python3.8/site-packages/airflow/example_dags/example_dynamic_task_mapping_with_no_taskflow_operators.py for tasks to queue
[2023-11-23T11:39:46.610+0000] {logging_mixin.py:154} INFO - [2023-11-23T11:39:46.609+0000] {dagbag.py:536} INFO - Filling up the DagBag from /home/airflow/.local/lib/python3.8/site-packages/airflow/example_dags/example_dynamic_task_mapping_with_no_taskflow_operators.py
[2023-11-23T11:39:46.613+0000] {processor.py:839} INFO - DAG(s) dict_keys(['example_dynamic_task_mapping_with_no_taskflow_operators']) retrieved from /home/airflow/.local/lib/python3.8/site-packages/airflow/example_dags/example_dynamic_task_mapping_with_no_taskflow_operators.py
[2023-11-23T11:39:46.625+0000] {logging_mixin.py:154} INFO - [2023-11-23T11:39:46.625+0000] {dag.py:2941} INFO - Sync 1 DAGs
[2023-11-23T11:39:46.639+0000] {logging_mixin.py:154} INFO - [2023-11-23T11:39:46.639+0000] {dag.py:3722} INFO - Setting next_dagrun for example_dynamic_task_mapping_with_no_taskflow_operators to 2023-11-22T11:39:46.639679+00:00, run_after=2023-11-23T11:39:46.639679+00:00
[2023-11-23T11:39:46.651+0000] {processor.py:179} INFO - Processing /home/airflow/.local/lib/python3.8/site-packages/airflow/example_dags/example_dynamic_task_mapping_with_no_taskflow_operators.py took 0.045 seconds
[2023-11-23T11:40:17.701+0000] {processor.py:157} INFO - Started process (PID=254) to work on /home/airflow/.local/lib/python3.8/site-packages/airflow/example_dags/example_dynamic_task_mapping_with_no_taskflow_operators.py
[2023-11-23T11:40:17.702+0000] {processor.py:829} INFO - Processing file /home/airflow/.local/lib/python3.8/site-packages/airflow/example_dags/example_dynamic_task_mapping_with_no_taskflow_operators.py for tasks to queue
[2023-11-23T11:40:17.703+0000] {logging_mixin.py:154} INFO - [2023-11-23T11:40:17.703+0000] {dagbag.py:536} INFO - Filling up the DagBag from /home/airflow/.local/lib/python3.8/site-packages/airflow/example_dags/example_dynamic_task_mapping_with_no_taskflow_operators.py
[2023-11-23T11:40:17.707+0000] {processor.py:839} INFO - DAG(s) dict_keys(['example_dynamic_task_mapping_with_no_taskflow_operators']) retrieved from /home/airflow/.local/lib/python3.8/site-packages/airflow/example_dags/example_dynamic_task_mapping_with_no_taskflow_operators.py
[2023-11-23T11:40:17.721+0000] {logging_mixin.py:154} INFO - [2023-11-23T11:40:17.720+0000] {dag.py:2941} INFO - Sync 1 DAGs
[2023-11-23T11:40:17.736+0000] {logging_mixin.py:154} INFO - [2023-11-23T11:40:17.736+0000] {dag.py:3722} INFO - Setting next_dagrun for example_dynamic_task_mapping_with_no_taskflow_operators to 2023-11-22T11:40:17.736537+00:00, run_after=2023-11-23T11:40:17.736537+00:00
[2023-11-23T11:40:17.750+0000] {processor.py:179} INFO - Processing /home/airflow/.local/lib/python3.8/site-packages/airflow/example_dags/example_dynamic_task_mapping_with_no_taskflow_operators.py took 0.051 seconds
[2023-11-23T11:40:48.580+0000] {processor.py:157} INFO - Started process (PID=310) to work on /home/airflow/.local/lib/python3.8/site-packages/airflow/example_dags/example_dynamic_task_mapping_with_no_taskflow_operators.py
[2023-11-23T11:40:48.580+0000] {processor.py:829} INFO - Processing file /home/airflow/.local/lib/python3.8/site-packages/airflow/example_dags/example_dynamic_task_mapping_with_no_taskflow_operators.py for tasks to queue
[2023-11-23T11:40:48.582+0000] {logging_mixin.py:154} INFO - [2023-11-23T11:40:48.581+0000] {dagbag.py:536} INFO - Filling up the DagBag from /home/airflow/.local/lib/python3.8/site-packages/airflow/example_dags/example_dynamic_task_mapping_with_no_taskflow_operators.py
[2023-11-23T11:40:48.585+0000] {processor.py:839} INFO - DAG(s) dict_keys(['example_dynamic_task_mapping_with_no_taskflow_operators']) retrieved from /home/airflow/.local/lib/python3.8/site-packages/airflow/example_dags/example_dynamic_task_mapping_with_no_taskflow_operators.py
[2023-11-23T11:40:48.596+0000] {logging_mixin.py:154} INFO - [2023-11-23T11:40:48.596+0000] {dag.py:2941} INFO - Sync 1 DAGs
[2023-11-23T11:40:48.610+0000] {logging_mixin.py:154} INFO - [2023-11-23T11:40:48.610+0000] {dag.py:3722} INFO - Setting next_dagrun for example_dynamic_task_mapping_with_no_taskflow_operators to 2023-11-22T11:40:48.610487+00:00, run_after=2023-11-23T11:40:48.610487+00:00
[2023-11-23T11:40:48.622+0000] {processor.py:179} INFO - Processing /home/airflow/.local/lib/python3.8/site-packages/airflow/example_dags/example_dynamic_task_mapping_with_no_taskflow_operators.py took 0.044 seconds
[2023-11-23T11:41:19.820+0000] {processor.py:157} INFO - Started process (PID=366) to work on /home/airflow/.local/lib/python3.8/site-packages/airflow/example_dags/example_dynamic_task_mapping_with_no_taskflow_operators.py
[2023-11-23T11:41:19.821+0000] {processor.py:829} INFO - Processing file /home/airflow/.local/lib/python3.8/site-packages/airflow/example_dags/example_dynamic_task_mapping_with_no_taskflow_operators.py for tasks to queue
[2023-11-23T11:41:19.822+0000] {logging_mixin.py:154} INFO - [2023-11-23T11:41:19.822+0000] {dagbag.py:536} INFO - Filling up the DagBag from /home/airflow/.local/lib/python3.8/site-packages/airflow/example_dags/example_dynamic_task_mapping_with_no_taskflow_operators.py
[2023-11-23T11:41:19.825+0000] {processor.py:839} INFO - DAG(s) dict_keys(['example_dynamic_task_mapping_with_no_taskflow_operators']) retrieved from /home/airflow/.local/lib/python3.8/site-packages/airflow/example_dags/example_dynamic_task_mapping_with_no_taskflow_operators.py
[2023-11-23T11:41:19.837+0000] {logging_mixin.py:154} INFO - [2023-11-23T11:41:19.837+0000] {dag.py:2941} INFO - Sync 1 DAGs
[2023-11-23T11:41:19.851+0000] {logging_mixin.py:154} INFO - [2023-11-23T11:41:19.851+0000] {dag.py:3722} INFO - Setting next_dagrun for example_dynamic_task_mapping_with_no_taskflow_operators to 2023-11-22T11:41:19.851310+00:00, run_after=2023-11-23T11:41:19.851310+00:00
[2023-11-23T11:41:19.862+0000] {processor.py:179} INFO - Processing /home/airflow/.local/lib/python3.8/site-packages/airflow/example_dags/example_dynamic_task_mapping_with_no_taskflow_operators.py took 0.044 seconds
[2023-11-23T11:41:50.999+0000] {processor.py:157} INFO - Started process (PID=422) to work on /home/airflow/.local/lib/python3.8/site-packages/airflow/example_dags/example_dynamic_task_mapping_with_no_taskflow_operators.py
[2023-11-23T11:41:51.000+0000] {processor.py:829} INFO - Processing file /home/airflow/.local/lib/python3.8/site-packages/airflow/example_dags/example_dynamic_task_mapping_with_no_taskflow_operators.py for tasks to queue
[2023-11-23T11:41:51.001+0000] {logging_mixin.py:154} INFO - [2023-11-23T11:41:51.001+0000] {dagbag.py:536} INFO - Filling up the DagBag from /home/airflow/.local/lib/python3.8/site-packages/airflow/example_dags/example_dynamic_task_mapping_with_no_taskflow_operators.py
[2023-11-23T11:41:51.004+0000] {processor.py:839} INFO - DAG(s) dict_keys(['example_dynamic_task_mapping_with_no_taskflow_operators']) retrieved from /home/airflow/.local/lib/python3.8/site-packages/airflow/example_dags/example_dynamic_task_mapping_with_no_taskflow_operators.py
[2023-11-23T11:41:51.016+0000] {logging_mixin.py:154} INFO - [2023-11-23T11:41:51.016+0000] {dag.py:2941} INFO - Sync 1 DAGs
[2023-11-23T11:41:51.030+0000] {logging_mixin.py:154} INFO - [2023-11-23T11:41:51.030+0000] {dag.py:3722} INFO - Setting next_dagrun for example_dynamic_task_mapping_with_no_taskflow_operators to 2023-11-22T11:41:51.030541+00:00, run_after=2023-11-23T11:41:51.030541+00:00
[2023-11-23T11:41:51.043+0000] {processor.py:179} INFO - Processing /home/airflow/.local/lib/python3.8/site-packages/airflow/example_dags/example_dynamic_task_mapping_with_no_taskflow_operators.py took 0.046 seconds
[2023-11-23T11:42:22.291+0000] {processor.py:157} INFO - Started process (PID=478) to work on /home/airflow/.local/lib/python3.8/site-packages/airflow/example_dags/example_dynamic_task_mapping_with_no_taskflow_operators.py
[2023-11-23T11:42:22.291+0000] {processor.py:829} INFO - Processing file /home/airflow/.local/lib/python3.8/site-packages/airflow/example_dags/example_dynamic_task_mapping_with_no_taskflow_operators.py for tasks to queue
[2023-11-23T11:42:22.293+0000] {logging_mixin.py:154} INFO - [2023-11-23T11:42:22.293+0000] {dagbag.py:536} INFO - Filling up the DagBag from /home/airflow/.local/lib/python3.8/site-packages/airflow/example_dags/example_dynamic_task_mapping_with_no_taskflow_operators.py
[2023-11-23T11:42:22.296+0000] {processor.py:839} INFO - DAG(s) dict_keys(['example_dynamic_task_mapping_with_no_taskflow_operators']) retrieved from /home/airflow/.local/lib/python3.8/site-packages/airflow/example_dags/example_dynamic_task_mapping_with_no_taskflow_operators.py
[2023-11-23T11:42:22.309+0000] {logging_mixin.py:154} INFO - [2023-11-23T11:42:22.308+0000] {dag.py:2941} INFO - Sync 1 DAGs
[2023-11-23T11:42:22.323+0000] {logging_mixin.py:154} INFO - [2023-11-23T11:42:22.323+0000] {dag.py:3722} INFO - Setting next_dagrun for example_dynamic_task_mapping_with_no_taskflow_operators to 2023-11-22T11:42:22.323247+00:00, run_after=2023-11-23T11:42:22.323247+00:00
[2023-11-23T11:42:22.335+0000] {processor.py:179} INFO - Processing /home/airflow/.local/lib/python3.8/site-packages/airflow/example_dags/example_dynamic_task_mapping_with_no_taskflow_operators.py took 0.046 seconds
[2023-11-23T11:42:52.600+0000] {processor.py:157} INFO - Started process (PID=535) to work on /home/airflow/.local/lib/python3.8/site-packages/airflow/example_dags/example_dynamic_task_mapping_with_no_taskflow_operators.py
[2023-11-23T11:42:52.601+0000] {processor.py:829} INFO - Processing file /home/airflow/.local/lib/python3.8/site-packages/airflow/example_dags/example_dynamic_task_mapping_with_no_taskflow_operators.py for tasks to queue
[2023-11-23T11:42:52.602+0000] {logging_mixin.py:154} INFO - [2023-11-23T11:42:52.602+0000] {dagbag.py:536} INFO - Filling up the DagBag from /home/airflow/.local/lib/python3.8/site-packages/airflow/example_dags/example_dynamic_task_mapping_with_no_taskflow_operators.py
[2023-11-23T11:42:52.605+0000] {processor.py:839} INFO - DAG(s) dict_keys(['example_dynamic_task_mapping_with_no_taskflow_operators']) retrieved from /home/airflow/.local/lib/python3.8/site-packages/airflow/example_dags/example_dynamic_task_mapping_with_no_taskflow_operators.py
[2023-11-23T11:42:52.617+0000] {logging_mixin.py:154} INFO - [2023-11-23T11:42:52.617+0000] {dag.py:2941} INFO - Sync 1 DAGs
[2023-11-23T11:42:52.630+0000] {logging_mixin.py:154} INFO - [2023-11-23T11:42:52.630+0000] {dag.py:3722} INFO - Setting next_dagrun for example_dynamic_task_mapping_with_no_taskflow_operators to 2023-11-22T11:42:52.630524+00:00, run_after=2023-11-23T11:42:52.630524+00:00
[2023-11-23T11:42:52.641+0000] {processor.py:179} INFO - Processing /home/airflow/.local/lib/python3.8/site-packages/airflow/example_dags/example_dynamic_task_mapping_with_no_taskflow_operators.py took 0.042 seconds
[2023-11-23T11:43:22.780+0000] {processor.py:157} INFO - Started process (PID=591) to work on /home/airflow/.local/lib/python3.8/site-packages/airflow/example_dags/example_dynamic_task_mapping_with_no_taskflow_operators.py
[2023-11-23T11:43:22.780+0000] {processor.py:829} INFO - Processing file /home/airflow/.local/lib/python3.8/site-packages/airflow/example_dags/example_dynamic_task_mapping_with_no_taskflow_operators.py for tasks to queue
[2023-11-23T11:43:22.782+0000] {logging_mixin.py:154} INFO - [2023-11-23T11:43:22.781+0000] {dagbag.py:536} INFO - Filling up the DagBag from /home/airflow/.local/lib/python3.8/site-packages/airflow/example_dags/example_dynamic_task_mapping_with_no_taskflow_operators.py
[2023-11-23T11:43:22.785+0000] {processor.py:839} INFO - DAG(s) dict_keys(['example_dynamic_task_mapping_with_no_taskflow_operators']) retrieved from /home/airflow/.local/lib/python3.8/site-packages/airflow/example_dags/example_dynamic_task_mapping_with_no_taskflow_operators.py
[2023-11-23T11:43:22.797+0000] {logging_mixin.py:154} INFO - [2023-11-23T11:43:22.797+0000] {dag.py:2941} INFO - Sync 1 DAGs
[2023-11-23T11:43:22.811+0000] {logging_mixin.py:154} INFO - [2023-11-23T11:43:22.811+0000] {dag.py:3722} INFO - Setting next_dagrun for example_dynamic_task_mapping_with_no_taskflow_operators to 2023-11-22T11:43:22.811045+00:00, run_after=2023-11-23T11:43:22.811045+00:00
[2023-11-23T11:43:22.823+0000] {processor.py:179} INFO - Processing /home/airflow/.local/lib/python3.8/site-packages/airflow/example_dags/example_dynamic_task_mapping_with_no_taskflow_operators.py took 0.044 seconds
[2023-11-23T11:43:53.107+0000] {processor.py:157} INFO - Started process (PID=647) to work on /home/airflow/.local/lib/python3.8/site-packages/airflow/example_dags/example_dynamic_task_mapping_with_no_taskflow_operators.py
[2023-11-23T11:43:53.108+0000] {processor.py:829} INFO - Processing file /home/airflow/.local/lib/python3.8/site-packages/airflow/example_dags/example_dynamic_task_mapping_with_no_taskflow_operators.py for tasks to queue
[2023-11-23T11:43:53.109+0000] {logging_mixin.py:154} INFO - [2023-11-23T11:43:53.109+0000] {dagbag.py:536} INFO - Filling up the DagBag from /home/airflow/.local/lib/python3.8/site-packages/airflow/example_dags/example_dynamic_task_mapping_with_no_taskflow_operators.py
[2023-11-23T11:43:53.113+0000] {processor.py:839} INFO - DAG(s) dict_keys(['example_dynamic_task_mapping_with_no_taskflow_operators']) retrieved from /home/airflow/.local/lib/python3.8/site-packages/airflow/example_dags/example_dynamic_task_mapping_with_no_taskflow_operators.py
[2023-11-23T11:43:53.124+0000] {logging_mixin.py:154} INFO - [2023-11-23T11:43:53.124+0000] {dag.py:2941} INFO - Sync 1 DAGs
[2023-11-23T11:43:53.137+0000] {logging_mixin.py:154} INFO - [2023-11-23T11:43:53.137+0000] {dag.py:3722} INFO - Setting next_dagrun for example_dynamic_task_mapping_with_no_taskflow_operators to 2023-11-22T11:43:53.137518+00:00, run_after=2023-11-23T11:43:53.137518+00:00
[2023-11-23T11:43:53.148+0000] {processor.py:179} INFO - Processing /home/airflow/.local/lib/python3.8/site-packages/airflow/example_dags/example_dynamic_task_mapping_with_no_taskflow_operators.py took 0.042 seconds
[2023-11-23T11:44:24.038+0000] {processor.py:157} INFO - Started process (PID=703) to work on /home/airflow/.local/lib/python3.8/site-packages/airflow/example_dags/example_dynamic_task_mapping_with_no_taskflow_operators.py
[2023-11-23T11:44:24.038+0000] {processor.py:829} INFO - Processing file /home/airflow/.local/lib/python3.8/site-packages/airflow/example_dags/example_dynamic_task_mapping_with_no_taskflow_operators.py for tasks to queue
[2023-11-23T11:44:24.039+0000] {logging_mixin.py:154} INFO - [2023-11-23T11:44:24.039+0000] {dagbag.py:536} INFO - Filling up the DagBag from /home/airflow/.local/lib/python3.8/site-packages/airflow/example_dags/example_dynamic_task_mapping_with_no_taskflow_operators.py
[2023-11-23T11:44:24.043+0000] {processor.py:839} INFO - DAG(s) dict_keys(['example_dynamic_task_mapping_with_no_taskflow_operators']) retrieved from /home/airflow/.local/lib/python3.8/site-packages/airflow/example_dags/example_dynamic_task_mapping_with_no_taskflow_operators.py
[2023-11-23T11:44:24.055+0000] {logging_mixin.py:154} INFO - [2023-11-23T11:44:24.054+0000] {dag.py:2941} INFO - Sync 1 DAGs
[2023-11-23T11:44:24.069+0000] {logging_mixin.py:154} INFO - [2023-11-23T11:44:24.069+0000] {dag.py:3722} INFO - Setting next_dagrun for example_dynamic_task_mapping_with_no_taskflow_operators to 2023-11-22T11:44:24.068852+00:00, run_after=2023-11-23T11:44:24.068852+00:00
[2023-11-23T11:44:24.080+0000] {processor.py:179} INFO - Processing /home/airflow/.local/lib/python3.8/site-packages/airflow/example_dags/example_dynamic_task_mapping_with_no_taskflow_operators.py took 0.044 seconds
[2023-11-23T11:44:55.182+0000] {processor.py:157} INFO - Started process (PID=759) to work on /home/airflow/.local/lib/python3.8/site-packages/airflow/example_dags/example_dynamic_task_mapping_with_no_taskflow_operators.py
[2023-11-23T11:44:55.183+0000] {processor.py:829} INFO - Processing file /home/airflow/.local/lib/python3.8/site-packages/airflow/example_dags/example_dynamic_task_mapping_with_no_taskflow_operators.py for tasks to queue
[2023-11-23T11:44:55.184+0000] {logging_mixin.py:154} INFO - [2023-11-23T11:44:55.184+0000] {dagbag.py:536} INFO - Filling up the DagBag from /home/airflow/.local/lib/python3.8/site-packages/airflow/example_dags/example_dynamic_task_mapping_with_no_taskflow_operators.py
[2023-11-23T11:44:55.188+0000] {processor.py:839} INFO - DAG(s) dict_keys(['example_dynamic_task_mapping_with_no_taskflow_operators']) retrieved from /home/airflow/.local/lib/python3.8/site-packages/airflow/example_dags/example_dynamic_task_mapping_with_no_taskflow_operators.py
[2023-11-23T11:44:55.200+0000] {logging_mixin.py:154} INFO - [2023-11-23T11:44:55.200+0000] {dag.py:2941} INFO - Sync 1 DAGs
[2023-11-23T11:44:55.214+0000] {logging_mixin.py:154} INFO - [2023-11-23T11:44:55.214+0000] {dag.py:3722} INFO - Setting next_dagrun for example_dynamic_task_mapping_with_no_taskflow_operators to 2023-11-22T11:44:55.213985+00:00, run_after=2023-11-23T11:44:55.213985+00:00
[2023-11-23T11:44:55.225+0000] {processor.py:179} INFO - Processing /home/airflow/.local/lib/python3.8/site-packages/airflow/example_dags/example_dynamic_task_mapping_with_no_taskflow_operators.py took 0.044 seconds
[2023-11-23T11:45:26.323+0000] {processor.py:157} INFO - Started process (PID=815) to work on /home/airflow/.local/lib/python3.8/site-packages/airflow/example_dags/example_dynamic_task_mapping_with_no_taskflow_operators.py
[2023-11-23T11:45:26.324+0000] {processor.py:829} INFO - Processing file /home/airflow/.local/lib/python3.8/site-packages/airflow/example_dags/example_dynamic_task_mapping_with_no_taskflow_operators.py for tasks to queue
[2023-11-23T11:45:26.325+0000] {logging_mixin.py:154} INFO - [2023-11-23T11:45:26.325+0000] {dagbag.py:536} INFO - Filling up the DagBag from /home/airflow/.local/lib/python3.8/site-packages/airflow/example_dags/example_dynamic_task_mapping_with_no_taskflow_operators.py
[2023-11-23T11:45:26.329+0000] {processor.py:839} INFO - DAG(s) dict_keys(['example_dynamic_task_mapping_with_no_taskflow_operators']) retrieved from /home/airflow/.local/lib/python3.8/site-packages/airflow/example_dags/example_dynamic_task_mapping_with_no_taskflow_operators.py
[2023-11-23T11:45:26.341+0000] {logging_mixin.py:154} INFO - [2023-11-23T11:45:26.341+0000] {dag.py:2941} INFO - Sync 1 DAGs
[2023-11-23T11:45:26.355+0000] {logging_mixin.py:154} INFO - [2023-11-23T11:45:26.355+0000] {dag.py:3722} INFO - Setting next_dagrun for example_dynamic_task_mapping_with_no_taskflow_operators to 2023-11-22T11:45:26.355531+00:00, run_after=2023-11-23T11:45:26.355531+00:00
[2023-11-23T11:45:26.366+0000] {processor.py:179} INFO - Processing /home/airflow/.local/lib/python3.8/site-packages/airflow/example_dags/example_dynamic_task_mapping_with_no_taskflow_operators.py took 0.045 seconds
[2023-11-23T11:45:57.658+0000] {processor.py:157} INFO - Started process (PID=871) to work on /home/airflow/.local/lib/python3.8/site-packages/airflow/example_dags/example_dynamic_task_mapping_with_no_taskflow_operators.py
[2023-11-23T11:45:57.658+0000] {processor.py:829} INFO - Processing file /home/airflow/.local/lib/python3.8/site-packages/airflow/example_dags/example_dynamic_task_mapping_with_no_taskflow_operators.py for tasks to queue
[2023-11-23T11:45:57.660+0000] {logging_mixin.py:154} INFO - [2023-11-23T11:45:57.659+0000] {dagbag.py:536} INFO - Filling up the DagBag from /home/airflow/.local/lib/python3.8/site-packages/airflow/example_dags/example_dynamic_task_mapping_with_no_taskflow_operators.py
[2023-11-23T11:45:57.663+0000] {processor.py:839} INFO - DAG(s) dict_keys(['example_dynamic_task_mapping_with_no_taskflow_operators']) retrieved from /home/airflow/.local/lib/python3.8/site-packages/airflow/example_dags/example_dynamic_task_mapping_with_no_taskflow_operators.py
[2023-11-23T11:45:57.675+0000] {logging_mixin.py:154} INFO - [2023-11-23T11:45:57.675+0000] {dag.py:2941} INFO - Sync 1 DAGs
[2023-11-23T11:45:57.689+0000] {logging_mixin.py:154} INFO - [2023-11-23T11:45:57.689+0000] {dag.py:3722} INFO - Setting next_dagrun for example_dynamic_task_mapping_with_no_taskflow_operators to 2023-11-22T11:45:57.689621+00:00, run_after=2023-11-23T11:45:57.689621+00:00
[2023-11-23T11:45:57.812+0000] {processor.py:179} INFO - Processing /home/airflow/.local/lib/python3.8/site-packages/airflow/example_dags/example_dynamic_task_mapping_with_no_taskflow_operators.py took 0.156 seconds
[2023-11-23T11:46:28.616+0000] {processor.py:157} INFO - Started process (PID=927) to work on /home/airflow/.local/lib/python3.8/site-packages/airflow/example_dags/example_dynamic_task_mapping_with_no_taskflow_operators.py
[2023-11-23T11:46:28.616+0000] {processor.py:829} INFO - Processing file /home/airflow/.local/lib/python3.8/site-packages/airflow/example_dags/example_dynamic_task_mapping_with_no_taskflow_operators.py for tasks to queue
[2023-11-23T11:46:28.617+0000] {logging_mixin.py:154} INFO - [2023-11-23T11:46:28.617+0000] {dagbag.py:536} INFO - Filling up the DagBag from /home/airflow/.local/lib/python3.8/site-packages/airflow/example_dags/example_dynamic_task_mapping_with_no_taskflow_operators.py
[2023-11-23T11:46:28.621+0000] {processor.py:839} INFO - DAG(s) dict_keys(['example_dynamic_task_mapping_with_no_taskflow_operators']) retrieved from /home/airflow/.local/lib/python3.8/site-packages/airflow/example_dags/example_dynamic_task_mapping_with_no_taskflow_operators.py
[2023-11-23T11:46:28.632+0000] {logging_mixin.py:154} INFO - [2023-11-23T11:46:28.632+0000] {dag.py:2941} INFO - Sync 1 DAGs
[2023-11-23T11:46:28.646+0000] {logging_mixin.py:154} INFO - [2023-11-23T11:46:28.646+0000] {dag.py:3722} INFO - Setting next_dagrun for example_dynamic_task_mapping_with_no_taskflow_operators to 2023-11-22T11:46:28.646299+00:00, run_after=2023-11-23T11:46:28.646299+00:00
[2023-11-23T11:46:28.657+0000] {processor.py:179} INFO - Processing /home/airflow/.local/lib/python3.8/site-packages/airflow/example_dags/example_dynamic_task_mapping_with_no_taskflow_operators.py took 0.043 seconds
[2023-11-23T11:46:59.945+0000] {processor.py:157} INFO - Started process (PID=983) to work on /home/airflow/.local/lib/python3.8/site-packages/airflow/example_dags/example_dynamic_task_mapping_with_no_taskflow_operators.py
[2023-11-23T11:46:59.946+0000] {processor.py:829} INFO - Processing file /home/airflow/.local/lib/python3.8/site-packages/airflow/example_dags/example_dynamic_task_mapping_with_no_taskflow_operators.py for tasks to queue
[2023-11-23T11:46:59.947+0000] {logging_mixin.py:154} INFO - [2023-11-23T11:46:59.947+0000] {dagbag.py:536} INFO - Filling up the DagBag from /home/airflow/.local/lib/python3.8/site-packages/airflow/example_dags/example_dynamic_task_mapping_with_no_taskflow_operators.py
[2023-11-23T11:46:59.951+0000] {processor.py:839} INFO - DAG(s) dict_keys(['example_dynamic_task_mapping_with_no_taskflow_operators']) retrieved from /home/airflow/.local/lib/python3.8/site-packages/airflow/example_dags/example_dynamic_task_mapping_with_no_taskflow_operators.py
[2023-11-23T11:46:59.965+0000] {logging_mixin.py:154} INFO - [2023-11-23T11:46:59.964+0000] {dag.py:2941} INFO - Sync 1 DAGs
[2023-11-23T11:46:59.980+0000] {logging_mixin.py:154} INFO - [2023-11-23T11:46:59.980+0000] {dag.py:3722} INFO - Setting next_dagrun for example_dynamic_task_mapping_with_no_taskflow_operators to 2023-11-22T11:46:59.979947+00:00, run_after=2023-11-23T11:46:59.979947+00:00
[2023-11-23T11:46:59.992+0000] {processor.py:179} INFO - Processing /home/airflow/.local/lib/python3.8/site-packages/airflow/example_dags/example_dynamic_task_mapping_with_no_taskflow_operators.py took 0.049 seconds
[2023-11-23T15:27:51.263+0000] {processor.py:157} INFO - Started process (PID=85) to work on /home/airflow/.local/lib/python3.8/site-packages/airflow/example_dags/example_dynamic_task_mapping_with_no_taskflow_operators.py
[2023-11-23T15:27:51.265+0000] {processor.py:829} INFO - Processing file /home/airflow/.local/lib/python3.8/site-packages/airflow/example_dags/example_dynamic_task_mapping_with_no_taskflow_operators.py for tasks to queue
[2023-11-23T15:27:51.266+0000] {logging_mixin.py:154} INFO - [2023-11-23T15:27:51.266+0000] {dagbag.py:536} INFO - Filling up the DagBag from /home/airflow/.local/lib/python3.8/site-packages/airflow/example_dags/example_dynamic_task_mapping_with_no_taskflow_operators.py
[2023-11-23T15:27:51.270+0000] {processor.py:839} INFO - DAG(s) dict_keys(['example_dynamic_task_mapping_with_no_taskflow_operators']) retrieved from /home/airflow/.local/lib/python3.8/site-packages/airflow/example_dags/example_dynamic_task_mapping_with_no_taskflow_operators.py
[2023-11-23T15:27:51.276+0000] {logging_mixin.py:154} INFO - [2023-11-23T15:27:51.276+0000] {dag.py:2941} INFO - Sync 1 DAGs
[2023-11-23T15:27:51.290+0000] {logging_mixin.py:154} INFO - [2023-11-23T15:27:51.290+0000] {dag.py:3722} INFO - Setting next_dagrun for example_dynamic_task_mapping_with_no_taskflow_operators to 2023-11-22T15:27:51.290103+00:00, run_after=2023-11-23T15:27:51.290103+00:00
[2023-11-23T15:27:51.301+0000] {processor.py:179} INFO - Processing /home/airflow/.local/lib/python3.8/site-packages/airflow/example_dags/example_dynamic_task_mapping_with_no_taskflow_operators.py took 0.039 seconds
[2023-11-23T15:28:22.352+0000] {processor.py:157} INFO - Started process (PID=141) to work on /home/airflow/.local/lib/python3.8/site-packages/airflow/example_dags/example_dynamic_task_mapping_with_no_taskflow_operators.py
[2023-11-23T15:28:22.352+0000] {processor.py:829} INFO - Processing file /home/airflow/.local/lib/python3.8/site-packages/airflow/example_dags/example_dynamic_task_mapping_with_no_taskflow_operators.py for tasks to queue
[2023-11-23T15:28:22.353+0000] {logging_mixin.py:154} INFO - [2023-11-23T15:28:22.353+0000] {dagbag.py:536} INFO - Filling up the DagBag from /home/airflow/.local/lib/python3.8/site-packages/airflow/example_dags/example_dynamic_task_mapping_with_no_taskflow_operators.py
[2023-11-23T15:28:22.357+0000] {processor.py:839} INFO - DAG(s) dict_keys(['example_dynamic_task_mapping_with_no_taskflow_operators']) retrieved from /home/airflow/.local/lib/python3.8/site-packages/airflow/example_dags/example_dynamic_task_mapping_with_no_taskflow_operators.py
[2023-11-23T15:28:22.368+0000] {logging_mixin.py:154} INFO - [2023-11-23T15:28:22.368+0000] {dag.py:2941} INFO - Sync 1 DAGs
[2023-11-23T15:28:22.381+0000] {logging_mixin.py:154} INFO - [2023-11-23T15:28:22.381+0000] {dag.py:3722} INFO - Setting next_dagrun for example_dynamic_task_mapping_with_no_taskflow_operators to 2023-11-22T15:28:22.381165+00:00, run_after=2023-11-23T15:28:22.381165+00:00
[2023-11-23T15:28:22.391+0000] {processor.py:179} INFO - Processing /home/airflow/.local/lib/python3.8/site-packages/airflow/example_dags/example_dynamic_task_mapping_with_no_taskflow_operators.py took 0.041 seconds
[2023-11-23T15:28:52.522+0000] {processor.py:157} INFO - Started process (PID=196) to work on /home/airflow/.local/lib/python3.8/site-packages/airflow/example_dags/example_dynamic_task_mapping_with_no_taskflow_operators.py
[2023-11-23T15:28:52.523+0000] {processor.py:829} INFO - Processing file /home/airflow/.local/lib/python3.8/site-packages/airflow/example_dags/example_dynamic_task_mapping_with_no_taskflow_operators.py for tasks to queue
[2023-11-23T15:28:52.524+0000] {logging_mixin.py:154} INFO - [2023-11-23T15:28:52.524+0000] {dagbag.py:536} INFO - Filling up the DagBag from /home/airflow/.local/lib/python3.8/site-packages/airflow/example_dags/example_dynamic_task_mapping_with_no_taskflow_operators.py
[2023-11-23T15:28:52.528+0000] {processor.py:839} INFO - DAG(s) dict_keys(['example_dynamic_task_mapping_with_no_taskflow_operators']) retrieved from /home/airflow/.local/lib/python3.8/site-packages/airflow/example_dags/example_dynamic_task_mapping_with_no_taskflow_operators.py
[2023-11-23T15:28:52.540+0000] {logging_mixin.py:154} INFO - [2023-11-23T15:28:52.540+0000] {dag.py:2941} INFO - Sync 1 DAGs
[2023-11-23T15:28:52.554+0000] {logging_mixin.py:154} INFO - [2023-11-23T15:28:52.554+0000] {dag.py:3722} INFO - Setting next_dagrun for example_dynamic_task_mapping_with_no_taskflow_operators to 2023-11-22T15:28:52.554326+00:00, run_after=2023-11-23T15:28:52.554326+00:00
[2023-11-23T15:28:52.566+0000] {processor.py:179} INFO - Processing /home/airflow/.local/lib/python3.8/site-packages/airflow/example_dags/example_dynamic_task_mapping_with_no_taskflow_operators.py took 0.046 seconds
[2023-11-23T15:29:22.816+0000] {processor.py:157} INFO - Started process (PID=253) to work on /home/airflow/.local/lib/python3.8/site-packages/airflow/example_dags/example_dynamic_task_mapping_with_no_taskflow_operators.py
[2023-11-23T15:29:22.817+0000] {processor.py:829} INFO - Processing file /home/airflow/.local/lib/python3.8/site-packages/airflow/example_dags/example_dynamic_task_mapping_with_no_taskflow_operators.py for tasks to queue
[2023-11-23T15:29:22.818+0000] {logging_mixin.py:154} INFO - [2023-11-23T15:29:22.818+0000] {dagbag.py:536} INFO - Filling up the DagBag from /home/airflow/.local/lib/python3.8/site-packages/airflow/example_dags/example_dynamic_task_mapping_with_no_taskflow_operators.py
[2023-11-23T15:29:22.821+0000] {processor.py:839} INFO - DAG(s) dict_keys(['example_dynamic_task_mapping_with_no_taskflow_operators']) retrieved from /home/airflow/.local/lib/python3.8/site-packages/airflow/example_dags/example_dynamic_task_mapping_with_no_taskflow_operators.py
[2023-11-23T15:29:22.832+0000] {logging_mixin.py:154} INFO - [2023-11-23T15:29:22.832+0000] {dag.py:2941} INFO - Sync 1 DAGs
[2023-11-23T15:29:22.851+0000] {logging_mixin.py:154} INFO - [2023-11-23T15:29:22.851+0000] {dag.py:3722} INFO - Setting next_dagrun for example_dynamic_task_mapping_with_no_taskflow_operators to 2023-11-22T15:29:22.850834+00:00, run_after=2023-11-23T15:29:22.850834+00:00
[2023-11-23T15:29:22.863+0000] {processor.py:179} INFO - Processing /home/airflow/.local/lib/python3.8/site-packages/airflow/example_dags/example_dynamic_task_mapping_with_no_taskflow_operators.py took 0.048 seconds
[2023-11-23T15:29:53.022+0000] {processor.py:157} INFO - Started process (PID=309) to work on /home/airflow/.local/lib/python3.8/site-packages/airflow/example_dags/example_dynamic_task_mapping_with_no_taskflow_operators.py
[2023-11-23T15:29:53.023+0000] {processor.py:829} INFO - Processing file /home/airflow/.local/lib/python3.8/site-packages/airflow/example_dags/example_dynamic_task_mapping_with_no_taskflow_operators.py for tasks to queue
[2023-11-23T15:29:53.024+0000] {logging_mixin.py:154} INFO - [2023-11-23T15:29:53.024+0000] {dagbag.py:536} INFO - Filling up the DagBag from /home/airflow/.local/lib/python3.8/site-packages/airflow/example_dags/example_dynamic_task_mapping_with_no_taskflow_operators.py
[2023-11-23T15:29:53.035+0000] {processor.py:839} INFO - DAG(s) dict_keys(['example_dynamic_task_mapping_with_no_taskflow_operators']) retrieved from /home/airflow/.local/lib/python3.8/site-packages/airflow/example_dags/example_dynamic_task_mapping_with_no_taskflow_operators.py
[2023-11-23T15:29:53.046+0000] {logging_mixin.py:154} INFO - [2023-11-23T15:29:53.046+0000] {dag.py:2941} INFO - Sync 1 DAGs
[2023-11-23T15:29:53.060+0000] {logging_mixin.py:154} INFO - [2023-11-23T15:29:53.059+0000] {dag.py:3722} INFO - Setting next_dagrun for example_dynamic_task_mapping_with_no_taskflow_operators to 2023-11-22T15:29:53.059795+00:00, run_after=2023-11-23T15:29:53.059795+00:00
[2023-11-23T15:29:53.070+0000] {processor.py:179} INFO - Processing /home/airflow/.local/lib/python3.8/site-packages/airflow/example_dags/example_dynamic_task_mapping_with_no_taskflow_operators.py took 0.050 seconds
[2023-11-23T15:30:23.945+0000] {processor.py:157} INFO - Started process (PID=365) to work on /home/airflow/.local/lib/python3.8/site-packages/airflow/example_dags/example_dynamic_task_mapping_with_no_taskflow_operators.py
[2023-11-23T15:30:23.945+0000] {processor.py:829} INFO - Processing file /home/airflow/.local/lib/python3.8/site-packages/airflow/example_dags/example_dynamic_task_mapping_with_no_taskflow_operators.py for tasks to queue
[2023-11-23T15:30:23.947+0000] {logging_mixin.py:154} INFO - [2023-11-23T15:30:23.946+0000] {dagbag.py:536} INFO - Filling up the DagBag from /home/airflow/.local/lib/python3.8/site-packages/airflow/example_dags/example_dynamic_task_mapping_with_no_taskflow_operators.py
[2023-11-23T15:30:23.950+0000] {processor.py:839} INFO - DAG(s) dict_keys(['example_dynamic_task_mapping_with_no_taskflow_operators']) retrieved from /home/airflow/.local/lib/python3.8/site-packages/airflow/example_dags/example_dynamic_task_mapping_with_no_taskflow_operators.py
[2023-11-23T15:30:23.962+0000] {logging_mixin.py:154} INFO - [2023-11-23T15:30:23.961+0000] {dag.py:2941} INFO - Sync 1 DAGs
[2023-11-23T15:30:23.976+0000] {logging_mixin.py:154} INFO - [2023-11-23T15:30:23.976+0000] {dag.py:3722} INFO - Setting next_dagrun for example_dynamic_task_mapping_with_no_taskflow_operators to 2023-11-22T15:30:23.976419+00:00, run_after=2023-11-23T15:30:23.976419+00:00
[2023-11-23T15:30:23.987+0000] {processor.py:179} INFO - Processing /home/airflow/.local/lib/python3.8/site-packages/airflow/example_dags/example_dynamic_task_mapping_with_no_taskflow_operators.py took 0.044 seconds
[2023-11-23T15:30:54.878+0000] {processor.py:157} INFO - Started process (PID=421) to work on /home/airflow/.local/lib/python3.8/site-packages/airflow/example_dags/example_dynamic_task_mapping_with_no_taskflow_operators.py
[2023-11-23T15:30:54.878+0000] {processor.py:829} INFO - Processing file /home/airflow/.local/lib/python3.8/site-packages/airflow/example_dags/example_dynamic_task_mapping_with_no_taskflow_operators.py for tasks to queue
[2023-11-23T15:30:54.879+0000] {logging_mixin.py:154} INFO - [2023-11-23T15:30:54.879+0000] {dagbag.py:536} INFO - Filling up the DagBag from /home/airflow/.local/lib/python3.8/site-packages/airflow/example_dags/example_dynamic_task_mapping_with_no_taskflow_operators.py
[2023-11-23T15:30:54.883+0000] {processor.py:839} INFO - DAG(s) dict_keys(['example_dynamic_task_mapping_with_no_taskflow_operators']) retrieved from /home/airflow/.local/lib/python3.8/site-packages/airflow/example_dags/example_dynamic_task_mapping_with_no_taskflow_operators.py
[2023-11-23T15:30:54.895+0000] {logging_mixin.py:154} INFO - [2023-11-23T15:30:54.895+0000] {dag.py:2941} INFO - Sync 1 DAGs
[2023-11-23T15:30:54.909+0000] {logging_mixin.py:154} INFO - [2023-11-23T15:30:54.909+0000] {dag.py:3722} INFO - Setting next_dagrun for example_dynamic_task_mapping_with_no_taskflow_operators to 2023-11-22T15:30:54.908894+00:00, run_after=2023-11-23T15:30:54.908894+00:00
[2023-11-23T15:30:54.921+0000] {processor.py:179} INFO - Processing /home/airflow/.local/lib/python3.8/site-packages/airflow/example_dags/example_dynamic_task_mapping_with_no_taskflow_operators.py took 0.045 seconds
[2023-11-23T15:31:25.036+0000] {processor.py:157} INFO - Started process (PID=477) to work on /home/airflow/.local/lib/python3.8/site-packages/airflow/example_dags/example_dynamic_task_mapping_with_no_taskflow_operators.py
[2023-11-23T15:31:25.036+0000] {processor.py:829} INFO - Processing file /home/airflow/.local/lib/python3.8/site-packages/airflow/example_dags/example_dynamic_task_mapping_with_no_taskflow_operators.py for tasks to queue
[2023-11-23T15:31:25.037+0000] {logging_mixin.py:154} INFO - [2023-11-23T15:31:25.037+0000] {dagbag.py:536} INFO - Filling up the DagBag from /home/airflow/.local/lib/python3.8/site-packages/airflow/example_dags/example_dynamic_task_mapping_with_no_taskflow_operators.py
[2023-11-23T15:31:25.041+0000] {processor.py:839} INFO - DAG(s) dict_keys(['example_dynamic_task_mapping_with_no_taskflow_operators']) retrieved from /home/airflow/.local/lib/python3.8/site-packages/airflow/example_dags/example_dynamic_task_mapping_with_no_taskflow_operators.py
[2023-11-23T15:31:25.052+0000] {logging_mixin.py:154} INFO - [2023-11-23T15:31:25.052+0000] {dag.py:2941} INFO - Sync 1 DAGs
[2023-11-23T15:31:25.068+0000] {logging_mixin.py:154} INFO - [2023-11-23T15:31:25.068+0000] {dag.py:3722} INFO - Setting next_dagrun for example_dynamic_task_mapping_with_no_taskflow_operators to 2023-11-22T15:31:25.068280+00:00, run_after=2023-11-23T15:31:25.068280+00:00
[2023-11-23T15:31:25.080+0000] {processor.py:179} INFO - Processing /home/airflow/.local/lib/python3.8/site-packages/airflow/example_dags/example_dynamic_task_mapping_with_no_taskflow_operators.py took 0.046 seconds
[2023-11-23T15:31:56.091+0000] {processor.py:157} INFO - Started process (PID=533) to work on /home/airflow/.local/lib/python3.8/site-packages/airflow/example_dags/example_dynamic_task_mapping_with_no_taskflow_operators.py
[2023-11-23T15:31:56.091+0000] {processor.py:829} INFO - Processing file /home/airflow/.local/lib/python3.8/site-packages/airflow/example_dags/example_dynamic_task_mapping_with_no_taskflow_operators.py for tasks to queue
[2023-11-23T15:31:56.092+0000] {logging_mixin.py:154} INFO - [2023-11-23T15:31:56.092+0000] {dagbag.py:536} INFO - Filling up the DagBag from /home/airflow/.local/lib/python3.8/site-packages/airflow/example_dags/example_dynamic_task_mapping_with_no_taskflow_operators.py
[2023-11-23T15:31:56.096+0000] {processor.py:839} INFO - DAG(s) dict_keys(['example_dynamic_task_mapping_with_no_taskflow_operators']) retrieved from /home/airflow/.local/lib/python3.8/site-packages/airflow/example_dags/example_dynamic_task_mapping_with_no_taskflow_operators.py
[2023-11-23T15:31:56.106+0000] {logging_mixin.py:154} INFO - [2023-11-23T15:31:56.106+0000] {dag.py:2941} INFO - Sync 1 DAGs
[2023-11-23T15:31:56.121+0000] {logging_mixin.py:154} INFO - [2023-11-23T15:31:56.120+0000] {dag.py:3722} INFO - Setting next_dagrun for example_dynamic_task_mapping_with_no_taskflow_operators to 2023-11-22T15:31:56.120823+00:00, run_after=2023-11-23T15:31:56.120823+00:00
[2023-11-23T15:31:56.132+0000] {processor.py:179} INFO - Processing /home/airflow/.local/lib/python3.8/site-packages/airflow/example_dags/example_dynamic_task_mapping_with_no_taskflow_operators.py took 0.043 seconds
[2023-11-23T15:32:26.950+0000] {processor.py:157} INFO - Started process (PID=589) to work on /home/airflow/.local/lib/python3.8/site-packages/airflow/example_dags/example_dynamic_task_mapping_with_no_taskflow_operators.py
[2023-11-23T15:32:26.950+0000] {processor.py:829} INFO - Processing file /home/airflow/.local/lib/python3.8/site-packages/airflow/example_dags/example_dynamic_task_mapping_with_no_taskflow_operators.py for tasks to queue
[2023-11-23T15:32:26.951+0000] {logging_mixin.py:154} INFO - [2023-11-23T15:32:26.951+0000] {dagbag.py:536} INFO - Filling up the DagBag from /home/airflow/.local/lib/python3.8/site-packages/airflow/example_dags/example_dynamic_task_mapping_with_no_taskflow_operators.py
[2023-11-23T15:32:26.955+0000] {processor.py:839} INFO - DAG(s) dict_keys(['example_dynamic_task_mapping_with_no_taskflow_operators']) retrieved from /home/airflow/.local/lib/python3.8/site-packages/airflow/example_dags/example_dynamic_task_mapping_with_no_taskflow_operators.py
[2023-11-23T15:32:26.966+0000] {logging_mixin.py:154} INFO - [2023-11-23T15:32:26.966+0000] {dag.py:2941} INFO - Sync 1 DAGs
[2023-11-23T15:32:26.981+0000] {logging_mixin.py:154} INFO - [2023-11-23T15:32:26.981+0000] {dag.py:3722} INFO - Setting next_dagrun for example_dynamic_task_mapping_with_no_taskflow_operators to 2023-11-22T15:32:26.981216+00:00, run_after=2023-11-23T15:32:26.981216+00:00
[2023-11-23T15:32:26.993+0000] {processor.py:179} INFO - Processing /home/airflow/.local/lib/python3.8/site-packages/airflow/example_dags/example_dynamic_task_mapping_with_no_taskflow_operators.py took 0.045 seconds
[2023-11-23T15:32:58.091+0000] {processor.py:157} INFO - Started process (PID=645) to work on /home/airflow/.local/lib/python3.8/site-packages/airflow/example_dags/example_dynamic_task_mapping_with_no_taskflow_operators.py
[2023-11-23T15:32:58.092+0000] {processor.py:829} INFO - Processing file /home/airflow/.local/lib/python3.8/site-packages/airflow/example_dags/example_dynamic_task_mapping_with_no_taskflow_operators.py for tasks to queue
[2023-11-23T15:32:58.093+0000] {logging_mixin.py:154} INFO - [2023-11-23T15:32:58.093+0000] {dagbag.py:536} INFO - Filling up the DagBag from /home/airflow/.local/lib/python3.8/site-packages/airflow/example_dags/example_dynamic_task_mapping_with_no_taskflow_operators.py
[2023-11-23T15:32:58.096+0000] {processor.py:839} INFO - DAG(s) dict_keys(['example_dynamic_task_mapping_with_no_taskflow_operators']) retrieved from /home/airflow/.local/lib/python3.8/site-packages/airflow/example_dags/example_dynamic_task_mapping_with_no_taskflow_operators.py
[2023-11-23T15:32:58.107+0000] {logging_mixin.py:154} INFO - [2023-11-23T15:32:58.107+0000] {dag.py:2941} INFO - Sync 1 DAGs
[2023-11-23T15:32:58.121+0000] {logging_mixin.py:154} INFO - [2023-11-23T15:32:58.121+0000] {dag.py:3722} INFO - Setting next_dagrun for example_dynamic_task_mapping_with_no_taskflow_operators to 2023-11-22T15:32:58.121092+00:00, run_after=2023-11-23T15:32:58.121092+00:00
[2023-11-23T15:32:58.131+0000] {processor.py:179} INFO - Processing /home/airflow/.local/lib/python3.8/site-packages/airflow/example_dags/example_dynamic_task_mapping_with_no_taskflow_operators.py took 0.042 seconds
