[2023-11-23T11:22:20.834+0000] {processor.py:157} INFO - Started process (PID=70) to work on /home/airflow/.local/lib/python3.8/site-packages/airflow/example_dags/example_latest_only.py
[2023-11-23T11:22:20.835+0000] {processor.py:829} INFO - Processing file /home/airflow/.local/lib/python3.8/site-packages/airflow/example_dags/example_latest_only.py for tasks to queue
[2023-11-23T11:22:20.837+0000] {logging_mixin.py:154} INFO - [2023-11-23T11:22:20.837+0000] {dagbag.py:536} INFO - Filling up the DagBag from /home/airflow/.local/lib/python3.8/site-packages/airflow/example_dags/example_latest_only.py
[2023-11-23T11:22:20.842+0000] {processor.py:839} INFO - DAG(s) dict_keys(['latest_only']) retrieved from /home/airflow/.local/lib/python3.8/site-packages/airflow/example_dags/example_latest_only.py
[2023-11-23T11:22:20.852+0000] {logging_mixin.py:154} INFO - [2023-11-23T11:22:20.852+0000] {dag.py:2941} INFO - Sync 1 DAGs
[2023-11-23T11:22:20.871+0000] {logging_mixin.py:154} INFO - [2023-11-23T11:22:20.871+0000] {dag.py:3722} INFO - Setting next_dagrun for latest_only to 2023-11-23T07:22:20.871405+00:00, run_after=2023-11-23T11:22:20.871405+00:00
[2023-11-23T11:22:20.887+0000] {processor.py:179} INFO - Processing /home/airflow/.local/lib/python3.8/site-packages/airflow/example_dags/example_latest_only.py took 0.056 seconds
[2023-11-23T11:22:51.127+0000] {processor.py:157} INFO - Started process (PID=125) to work on /home/airflow/.local/lib/python3.8/site-packages/airflow/example_dags/example_latest_only.py
[2023-11-23T11:22:51.128+0000] {processor.py:829} INFO - Processing file /home/airflow/.local/lib/python3.8/site-packages/airflow/example_dags/example_latest_only.py for tasks to queue
[2023-11-23T11:22:51.129+0000] {logging_mixin.py:154} INFO - [2023-11-23T11:22:51.129+0000] {dagbag.py:536} INFO - Filling up the DagBag from /home/airflow/.local/lib/python3.8/site-packages/airflow/example_dags/example_latest_only.py
[2023-11-23T11:22:51.131+0000] {processor.py:839} INFO - DAG(s) dict_keys(['latest_only']) retrieved from /home/airflow/.local/lib/python3.8/site-packages/airflow/example_dags/example_latest_only.py
[2023-11-23T11:22:51.142+0000] {logging_mixin.py:154} INFO - [2023-11-23T11:22:51.142+0000] {dag.py:2941} INFO - Sync 1 DAGs
[2023-11-23T11:22:51.155+0000] {logging_mixin.py:154} INFO - [2023-11-23T11:22:51.155+0000] {dag.py:3722} INFO - Setting next_dagrun for latest_only to 2023-11-23T07:22:51.155754+00:00, run_after=2023-11-23T11:22:51.155754+00:00
[2023-11-23T11:22:51.166+0000] {processor.py:179} INFO - Processing /home/airflow/.local/lib/python3.8/site-packages/airflow/example_dags/example_latest_only.py took 0.041 seconds
[2023-11-23T11:23:22.069+0000] {processor.py:157} INFO - Started process (PID=179) to work on /home/airflow/.local/lib/python3.8/site-packages/airflow/example_dags/example_latest_only.py
[2023-11-23T11:23:22.070+0000] {processor.py:829} INFO - Processing file /home/airflow/.local/lib/python3.8/site-packages/airflow/example_dags/example_latest_only.py for tasks to queue
[2023-11-23T11:23:22.071+0000] {logging_mixin.py:154} INFO - [2023-11-23T11:23:22.071+0000] {dagbag.py:536} INFO - Filling up the DagBag from /home/airflow/.local/lib/python3.8/site-packages/airflow/example_dags/example_latest_only.py
[2023-11-23T11:23:22.074+0000] {processor.py:839} INFO - DAG(s) dict_keys(['latest_only']) retrieved from /home/airflow/.local/lib/python3.8/site-packages/airflow/example_dags/example_latest_only.py
[2023-11-23T11:23:22.088+0000] {logging_mixin.py:154} INFO - [2023-11-23T11:23:22.088+0000] {dag.py:2941} INFO - Sync 1 DAGs
[2023-11-23T11:23:22.104+0000] {logging_mixin.py:154} INFO - [2023-11-23T11:23:22.104+0000] {dag.py:3722} INFO - Setting next_dagrun for latest_only to 2023-11-23T07:23:22.104345+00:00, run_after=2023-11-23T11:23:22.104345+00:00
[2023-11-23T11:23:22.117+0000] {processor.py:179} INFO - Processing /home/airflow/.local/lib/python3.8/site-packages/airflow/example_dags/example_latest_only.py took 0.050 seconds
[2023-11-23T11:23:52.923+0000] {processor.py:157} INFO - Started process (PID=233) to work on /home/airflow/.local/lib/python3.8/site-packages/airflow/example_dags/example_latest_only.py
[2023-11-23T11:23:52.923+0000] {processor.py:829} INFO - Processing file /home/airflow/.local/lib/python3.8/site-packages/airflow/example_dags/example_latest_only.py for tasks to queue
[2023-11-23T11:23:52.925+0000] {logging_mixin.py:154} INFO - [2023-11-23T11:23:52.924+0000] {dagbag.py:536} INFO - Filling up the DagBag from /home/airflow/.local/lib/python3.8/site-packages/airflow/example_dags/example_latest_only.py
[2023-11-23T11:23:52.927+0000] {processor.py:839} INFO - DAG(s) dict_keys(['latest_only']) retrieved from /home/airflow/.local/lib/python3.8/site-packages/airflow/example_dags/example_latest_only.py
[2023-11-23T11:23:52.939+0000] {logging_mixin.py:154} INFO - [2023-11-23T11:23:52.939+0000] {dag.py:2941} INFO - Sync 1 DAGs
[2023-11-23T11:23:52.953+0000] {logging_mixin.py:154} INFO - [2023-11-23T11:23:52.952+0000] {dag.py:3722} INFO - Setting next_dagrun for latest_only to 2023-11-23T07:23:52.952739+00:00, run_after=2023-11-23T11:23:52.952739+00:00
[2023-11-23T11:23:52.965+0000] {processor.py:179} INFO - Processing /home/airflow/.local/lib/python3.8/site-packages/airflow/example_dags/example_latest_only.py took 0.044 seconds
[2023-11-23T11:24:23.672+0000] {processor.py:157} INFO - Started process (PID=287) to work on /home/airflow/.local/lib/python3.8/site-packages/airflow/example_dags/example_latest_only.py
[2023-11-23T11:24:23.673+0000] {processor.py:829} INFO - Processing file /home/airflow/.local/lib/python3.8/site-packages/airflow/example_dags/example_latest_only.py for tasks to queue
[2023-11-23T11:24:23.674+0000] {logging_mixin.py:154} INFO - [2023-11-23T11:24:23.674+0000] {dagbag.py:536} INFO - Filling up the DagBag from /home/airflow/.local/lib/python3.8/site-packages/airflow/example_dags/example_latest_only.py
[2023-11-23T11:24:23.677+0000] {processor.py:839} INFO - DAG(s) dict_keys(['latest_only']) retrieved from /home/airflow/.local/lib/python3.8/site-packages/airflow/example_dags/example_latest_only.py
[2023-11-23T11:24:23.689+0000] {logging_mixin.py:154} INFO - [2023-11-23T11:24:23.689+0000] {dag.py:2941} INFO - Sync 1 DAGs
[2023-11-23T11:24:23.702+0000] {logging_mixin.py:154} INFO - [2023-11-23T11:24:23.702+0000] {dag.py:3722} INFO - Setting next_dagrun for latest_only to 2023-11-23T07:24:23.702739+00:00, run_after=2023-11-23T11:24:23.702739+00:00
[2023-11-23T11:24:23.713+0000] {processor.py:179} INFO - Processing /home/airflow/.local/lib/python3.8/site-packages/airflow/example_dags/example_latest_only.py took 0.042 seconds
[2023-11-23T11:24:54.156+0000] {processor.py:157} INFO - Started process (PID=341) to work on /home/airflow/.local/lib/python3.8/site-packages/airflow/example_dags/example_latest_only.py
[2023-11-23T11:24:54.157+0000] {processor.py:829} INFO - Processing file /home/airflow/.local/lib/python3.8/site-packages/airflow/example_dags/example_latest_only.py for tasks to queue
[2023-11-23T11:24:54.158+0000] {logging_mixin.py:154} INFO - [2023-11-23T11:24:54.158+0000] {dagbag.py:536} INFO - Filling up the DagBag from /home/airflow/.local/lib/python3.8/site-packages/airflow/example_dags/example_latest_only.py
[2023-11-23T11:24:54.161+0000] {processor.py:839} INFO - DAG(s) dict_keys(['latest_only']) retrieved from /home/airflow/.local/lib/python3.8/site-packages/airflow/example_dags/example_latest_only.py
[2023-11-23T11:24:54.172+0000] {logging_mixin.py:154} INFO - [2023-11-23T11:24:54.172+0000] {dag.py:2941} INFO - Sync 1 DAGs
[2023-11-23T11:24:54.185+0000] {logging_mixin.py:154} INFO - [2023-11-23T11:24:54.185+0000] {dag.py:3722} INFO - Setting next_dagrun for latest_only to 2023-11-23T07:24:54.185280+00:00, run_after=2023-11-23T11:24:54.185280+00:00
[2023-11-23T11:24:54.196+0000] {processor.py:179} INFO - Processing /home/airflow/.local/lib/python3.8/site-packages/airflow/example_dags/example_latest_only.py took 0.041 seconds
[2023-11-23T11:25:24.375+0000] {processor.py:157} INFO - Started process (PID=395) to work on /home/airflow/.local/lib/python3.8/site-packages/airflow/example_dags/example_latest_only.py
[2023-11-23T11:25:24.376+0000] {processor.py:829} INFO - Processing file /home/airflow/.local/lib/python3.8/site-packages/airflow/example_dags/example_latest_only.py for tasks to queue
[2023-11-23T11:25:24.377+0000] {logging_mixin.py:154} INFO - [2023-11-23T11:25:24.377+0000] {dagbag.py:536} INFO - Filling up the DagBag from /home/airflow/.local/lib/python3.8/site-packages/airflow/example_dags/example_latest_only.py
[2023-11-23T11:25:24.380+0000] {processor.py:839} INFO - DAG(s) dict_keys(['latest_only']) retrieved from /home/airflow/.local/lib/python3.8/site-packages/airflow/example_dags/example_latest_only.py
[2023-11-23T11:25:24.391+0000] {logging_mixin.py:154} INFO - [2023-11-23T11:25:24.391+0000] {dag.py:2941} INFO - Sync 1 DAGs
[2023-11-23T11:25:24.405+0000] {logging_mixin.py:154} INFO - [2023-11-23T11:25:24.405+0000] {dag.py:3722} INFO - Setting next_dagrun for latest_only to 2023-11-23T07:25:24.404896+00:00, run_after=2023-11-23T11:25:24.404896+00:00
[2023-11-23T11:25:24.416+0000] {processor.py:179} INFO - Processing /home/airflow/.local/lib/python3.8/site-packages/airflow/example_dags/example_latest_only.py took 0.042 seconds
[2023-11-23T11:25:54.969+0000] {processor.py:157} INFO - Started process (PID=449) to work on /home/airflow/.local/lib/python3.8/site-packages/airflow/example_dags/example_latest_only.py
[2023-11-23T11:25:54.970+0000] {processor.py:829} INFO - Processing file /home/airflow/.local/lib/python3.8/site-packages/airflow/example_dags/example_latest_only.py for tasks to queue
[2023-11-23T11:25:54.971+0000] {logging_mixin.py:154} INFO - [2023-11-23T11:25:54.971+0000] {dagbag.py:536} INFO - Filling up the DagBag from /home/airflow/.local/lib/python3.8/site-packages/airflow/example_dags/example_latest_only.py
[2023-11-23T11:25:54.973+0000] {processor.py:839} INFO - DAG(s) dict_keys(['latest_only']) retrieved from /home/airflow/.local/lib/python3.8/site-packages/airflow/example_dags/example_latest_only.py
[2023-11-23T11:25:54.985+0000] {logging_mixin.py:154} INFO - [2023-11-23T11:25:54.984+0000] {dag.py:2941} INFO - Sync 1 DAGs
[2023-11-23T11:25:54.999+0000] {logging_mixin.py:154} INFO - [2023-11-23T11:25:54.999+0000] {dag.py:3722} INFO - Setting next_dagrun for latest_only to 2023-11-23T07:25:54.998905+00:00, run_after=2023-11-23T11:25:54.998905+00:00
[2023-11-23T11:25:55.010+0000] {processor.py:179} INFO - Processing /home/airflow/.local/lib/python3.8/site-packages/airflow/example_dags/example_latest_only.py took 0.043 seconds
[2023-11-23T11:26:25.601+0000] {processor.py:157} INFO - Started process (PID=503) to work on /home/airflow/.local/lib/python3.8/site-packages/airflow/example_dags/example_latest_only.py
[2023-11-23T11:26:25.602+0000] {processor.py:829} INFO - Processing file /home/airflow/.local/lib/python3.8/site-packages/airflow/example_dags/example_latest_only.py for tasks to queue
[2023-11-23T11:26:25.603+0000] {logging_mixin.py:154} INFO - [2023-11-23T11:26:25.603+0000] {dagbag.py:536} INFO - Filling up the DagBag from /home/airflow/.local/lib/python3.8/site-packages/airflow/example_dags/example_latest_only.py
[2023-11-23T11:26:25.606+0000] {processor.py:839} INFO - DAG(s) dict_keys(['latest_only']) retrieved from /home/airflow/.local/lib/python3.8/site-packages/airflow/example_dags/example_latest_only.py
[2023-11-23T11:26:25.618+0000] {logging_mixin.py:154} INFO - [2023-11-23T11:26:25.618+0000] {dag.py:2941} INFO - Sync 1 DAGs
[2023-11-23T11:26:25.632+0000] {logging_mixin.py:154} INFO - [2023-11-23T11:26:25.631+0000] {dag.py:3722} INFO - Setting next_dagrun for latest_only to 2023-11-23T07:26:25.631771+00:00, run_after=2023-11-23T11:26:25.631771+00:00
[2023-11-23T11:26:25.643+0000] {processor.py:179} INFO - Processing /home/airflow/.local/lib/python3.8/site-packages/airflow/example_dags/example_latest_only.py took 0.043 seconds
[2023-11-23T11:26:55.880+0000] {processor.py:157} INFO - Started process (PID=557) to work on /home/airflow/.local/lib/python3.8/site-packages/airflow/example_dags/example_latest_only.py
[2023-11-23T11:26:55.881+0000] {processor.py:829} INFO - Processing file /home/airflow/.local/lib/python3.8/site-packages/airflow/example_dags/example_latest_only.py for tasks to queue
[2023-11-23T11:26:55.882+0000] {logging_mixin.py:154} INFO - [2023-11-23T11:26:55.882+0000] {dagbag.py:536} INFO - Filling up the DagBag from /home/airflow/.local/lib/python3.8/site-packages/airflow/example_dags/example_latest_only.py
[2023-11-23T11:26:55.884+0000] {processor.py:839} INFO - DAG(s) dict_keys(['latest_only']) retrieved from /home/airflow/.local/lib/python3.8/site-packages/airflow/example_dags/example_latest_only.py
[2023-11-23T11:26:55.896+0000] {logging_mixin.py:154} INFO - [2023-11-23T11:26:55.896+0000] {dag.py:2941} INFO - Sync 1 DAGs
[2023-11-23T11:26:55.909+0000] {logging_mixin.py:154} INFO - [2023-11-23T11:26:55.909+0000] {dag.py:3722} INFO - Setting next_dagrun for latest_only to 2023-11-23T07:26:55.909040+00:00, run_after=2023-11-23T11:26:55.909040+00:00
[2023-11-23T11:26:55.920+0000] {processor.py:179} INFO - Processing /home/airflow/.local/lib/python3.8/site-packages/airflow/example_dags/example_latest_only.py took 0.041 seconds
[2023-11-23T11:27:26.610+0000] {processor.py:157} INFO - Started process (PID=611) to work on /home/airflow/.local/lib/python3.8/site-packages/airflow/example_dags/example_latest_only.py
[2023-11-23T11:27:26.611+0000] {processor.py:829} INFO - Processing file /home/airflow/.local/lib/python3.8/site-packages/airflow/example_dags/example_latest_only.py for tasks to queue
[2023-11-23T11:27:26.612+0000] {logging_mixin.py:154} INFO - [2023-11-23T11:27:26.612+0000] {dagbag.py:536} INFO - Filling up the DagBag from /home/airflow/.local/lib/python3.8/site-packages/airflow/example_dags/example_latest_only.py
[2023-11-23T11:27:26.615+0000] {processor.py:839} INFO - DAG(s) dict_keys(['latest_only']) retrieved from /home/airflow/.local/lib/python3.8/site-packages/airflow/example_dags/example_latest_only.py
[2023-11-23T11:27:26.626+0000] {logging_mixin.py:154} INFO - [2023-11-23T11:27:26.626+0000] {dag.py:2941} INFO - Sync 1 DAGs
[2023-11-23T11:27:26.641+0000] {logging_mixin.py:154} INFO - [2023-11-23T11:27:26.641+0000] {dag.py:3722} INFO - Setting next_dagrun for latest_only to 2023-11-23T07:27:26.641064+00:00, run_after=2023-11-23T11:27:26.641064+00:00
[2023-11-23T11:27:26.652+0000] {processor.py:179} INFO - Processing /home/airflow/.local/lib/python3.8/site-packages/airflow/example_dags/example_latest_only.py took 0.044 seconds
[2023-11-23T11:27:57.202+0000] {processor.py:157} INFO - Started process (PID=665) to work on /home/airflow/.local/lib/python3.8/site-packages/airflow/example_dags/example_latest_only.py
[2023-11-23T11:27:57.203+0000] {processor.py:829} INFO - Processing file /home/airflow/.local/lib/python3.8/site-packages/airflow/example_dags/example_latest_only.py for tasks to queue
[2023-11-23T11:27:57.204+0000] {logging_mixin.py:154} INFO - [2023-11-23T11:27:57.204+0000] {dagbag.py:536} INFO - Filling up the DagBag from /home/airflow/.local/lib/python3.8/site-packages/airflow/example_dags/example_latest_only.py
[2023-11-23T11:27:57.207+0000] {processor.py:839} INFO - DAG(s) dict_keys(['latest_only']) retrieved from /home/airflow/.local/lib/python3.8/site-packages/airflow/example_dags/example_latest_only.py
[2023-11-23T11:27:57.221+0000] {logging_mixin.py:154} INFO - [2023-11-23T11:27:57.221+0000] {dag.py:2941} INFO - Sync 1 DAGs
[2023-11-23T11:27:57.238+0000] {logging_mixin.py:154} INFO - [2023-11-23T11:27:57.237+0000] {dag.py:3722} INFO - Setting next_dagrun for latest_only to 2023-11-23T07:27:57.237681+00:00, run_after=2023-11-23T11:27:57.237681+00:00
[2023-11-23T11:27:57.251+0000] {processor.py:179} INFO - Processing /home/airflow/.local/lib/python3.8/site-packages/airflow/example_dags/example_latest_only.py took 0.051 seconds
[2023-11-23T11:28:27.805+0000] {processor.py:157} INFO - Started process (PID=719) to work on /home/airflow/.local/lib/python3.8/site-packages/airflow/example_dags/example_latest_only.py
[2023-11-23T11:28:27.805+0000] {processor.py:829} INFO - Processing file /home/airflow/.local/lib/python3.8/site-packages/airflow/example_dags/example_latest_only.py for tasks to queue
[2023-11-23T11:28:27.806+0000] {logging_mixin.py:154} INFO - [2023-11-23T11:28:27.806+0000] {dagbag.py:536} INFO - Filling up the DagBag from /home/airflow/.local/lib/python3.8/site-packages/airflow/example_dags/example_latest_only.py
[2023-11-23T11:28:27.809+0000] {processor.py:839} INFO - DAG(s) dict_keys(['latest_only']) retrieved from /home/airflow/.local/lib/python3.8/site-packages/airflow/example_dags/example_latest_only.py
[2023-11-23T11:28:27.820+0000] {logging_mixin.py:154} INFO - [2023-11-23T11:28:27.820+0000] {dag.py:2941} INFO - Sync 1 DAGs
[2023-11-23T11:28:27.833+0000] {logging_mixin.py:154} INFO - [2023-11-23T11:28:27.833+0000] {dag.py:3722} INFO - Setting next_dagrun for latest_only to 2023-11-23T07:28:27.833662+00:00, run_after=2023-11-23T11:28:27.833662+00:00
[2023-11-23T11:28:27.844+0000] {processor.py:179} INFO - Processing /home/airflow/.local/lib/python3.8/site-packages/airflow/example_dags/example_latest_only.py took 0.041 seconds
[2023-11-23T11:28:58.517+0000] {processor.py:157} INFO - Started process (PID=773) to work on /home/airflow/.local/lib/python3.8/site-packages/airflow/example_dags/example_latest_only.py
[2023-11-23T11:28:58.517+0000] {processor.py:829} INFO - Processing file /home/airflow/.local/lib/python3.8/site-packages/airflow/example_dags/example_latest_only.py for tasks to queue
[2023-11-23T11:28:58.519+0000] {logging_mixin.py:154} INFO - [2023-11-23T11:28:58.519+0000] {dagbag.py:536} INFO - Filling up the DagBag from /home/airflow/.local/lib/python3.8/site-packages/airflow/example_dags/example_latest_only.py
[2023-11-23T11:28:58.522+0000] {processor.py:839} INFO - DAG(s) dict_keys(['latest_only']) retrieved from /home/airflow/.local/lib/python3.8/site-packages/airflow/example_dags/example_latest_only.py
[2023-11-23T11:28:58.534+0000] {logging_mixin.py:154} INFO - [2023-11-23T11:28:58.534+0000] {dag.py:2941} INFO - Sync 1 DAGs
[2023-11-23T11:28:58.550+0000] {logging_mixin.py:154} INFO - [2023-11-23T11:28:58.550+0000] {dag.py:3722} INFO - Setting next_dagrun for latest_only to 2023-11-23T07:28:58.549849+00:00, run_after=2023-11-23T11:28:58.549849+00:00
[2023-11-23T11:28:58.562+0000] {processor.py:179} INFO - Processing /home/airflow/.local/lib/python3.8/site-packages/airflow/example_dags/example_latest_only.py took 0.047 seconds
[2023-11-23T11:29:29.118+0000] {processor.py:157} INFO - Started process (PID=828) to work on /home/airflow/.local/lib/python3.8/site-packages/airflow/example_dags/example_latest_only.py
[2023-11-23T11:29:29.119+0000] {processor.py:829} INFO - Processing file /home/airflow/.local/lib/python3.8/site-packages/airflow/example_dags/example_latest_only.py for tasks to queue
[2023-11-23T11:29:29.120+0000] {logging_mixin.py:154} INFO - [2023-11-23T11:29:29.120+0000] {dagbag.py:536} INFO - Filling up the DagBag from /home/airflow/.local/lib/python3.8/site-packages/airflow/example_dags/example_latest_only.py
[2023-11-23T11:29:29.123+0000] {processor.py:839} INFO - DAG(s) dict_keys(['latest_only']) retrieved from /home/airflow/.local/lib/python3.8/site-packages/airflow/example_dags/example_latest_only.py
[2023-11-23T11:29:29.134+0000] {logging_mixin.py:154} INFO - [2023-11-23T11:29:29.134+0000] {dag.py:2941} INFO - Sync 1 DAGs
[2023-11-23T11:29:29.148+0000] {logging_mixin.py:154} INFO - [2023-11-23T11:29:29.148+0000] {dag.py:3722} INFO - Setting next_dagrun for latest_only to 2023-11-23T07:29:29.148345+00:00, run_after=2023-11-23T11:29:29.148345+00:00
[2023-11-23T11:29:29.160+0000] {processor.py:179} INFO - Processing /home/airflow/.local/lib/python3.8/site-packages/airflow/example_dags/example_latest_only.py took 0.043 seconds
[2023-11-23T11:29:59.853+0000] {processor.py:157} INFO - Started process (PID=882) to work on /home/airflow/.local/lib/python3.8/site-packages/airflow/example_dags/example_latest_only.py
[2023-11-23T11:29:59.853+0000] {processor.py:829} INFO - Processing file /home/airflow/.local/lib/python3.8/site-packages/airflow/example_dags/example_latest_only.py for tasks to queue
[2023-11-23T11:29:59.855+0000] {logging_mixin.py:154} INFO - [2023-11-23T11:29:59.854+0000] {dagbag.py:536} INFO - Filling up the DagBag from /home/airflow/.local/lib/python3.8/site-packages/airflow/example_dags/example_latest_only.py
[2023-11-23T11:29:59.858+0000] {processor.py:839} INFO - DAG(s) dict_keys(['latest_only']) retrieved from /home/airflow/.local/lib/python3.8/site-packages/airflow/example_dags/example_latest_only.py
[2023-11-23T11:29:59.870+0000] {logging_mixin.py:154} INFO - [2023-11-23T11:29:59.869+0000] {dag.py:2941} INFO - Sync 1 DAGs
[2023-11-23T11:29:59.884+0000] {logging_mixin.py:154} INFO - [2023-11-23T11:29:59.884+0000] {dag.py:3722} INFO - Setting next_dagrun for latest_only to 2023-11-23T07:29:59.884395+00:00, run_after=2023-11-23T11:29:59.884395+00:00
[2023-11-23T11:29:59.895+0000] {processor.py:179} INFO - Processing /home/airflow/.local/lib/python3.8/site-packages/airflow/example_dags/example_latest_only.py took 0.044 seconds
[2023-11-23T11:30:29.936+0000] {processor.py:157} INFO - Started process (PID=936) to work on /home/airflow/.local/lib/python3.8/site-packages/airflow/example_dags/example_latest_only.py
[2023-11-23T11:30:29.937+0000] {processor.py:829} INFO - Processing file /home/airflow/.local/lib/python3.8/site-packages/airflow/example_dags/example_latest_only.py for tasks to queue
[2023-11-23T11:30:29.938+0000] {logging_mixin.py:154} INFO - [2023-11-23T11:30:29.938+0000] {dagbag.py:536} INFO - Filling up the DagBag from /home/airflow/.local/lib/python3.8/site-packages/airflow/example_dags/example_latest_only.py
[2023-11-23T11:30:29.941+0000] {processor.py:839} INFO - DAG(s) dict_keys(['latest_only']) retrieved from /home/airflow/.local/lib/python3.8/site-packages/airflow/example_dags/example_latest_only.py
[2023-11-23T11:30:29.953+0000] {logging_mixin.py:154} INFO - [2023-11-23T11:30:29.953+0000] {dag.py:2941} INFO - Sync 1 DAGs
[2023-11-23T11:30:29.967+0000] {logging_mixin.py:154} INFO - [2023-11-23T11:30:29.967+0000] {dag.py:3722} INFO - Setting next_dagrun for latest_only to 2023-11-23T07:30:29.967225+00:00, run_after=2023-11-23T11:30:29.967225+00:00
[2023-11-23T11:30:29.978+0000] {processor.py:179} INFO - Processing /home/airflow/.local/lib/python3.8/site-packages/airflow/example_dags/example_latest_only.py took 0.044 seconds
[2023-11-23T11:31:00.161+0000] {processor.py:157} INFO - Started process (PID=990) to work on /home/airflow/.local/lib/python3.8/site-packages/airflow/example_dags/example_latest_only.py
[2023-11-23T11:31:00.162+0000] {processor.py:829} INFO - Processing file /home/airflow/.local/lib/python3.8/site-packages/airflow/example_dags/example_latest_only.py for tasks to queue
[2023-11-23T11:31:00.163+0000] {logging_mixin.py:154} INFO - [2023-11-23T11:31:00.163+0000] {dagbag.py:536} INFO - Filling up the DagBag from /home/airflow/.local/lib/python3.8/site-packages/airflow/example_dags/example_latest_only.py
[2023-11-23T11:31:00.166+0000] {processor.py:839} INFO - DAG(s) dict_keys(['latest_only']) retrieved from /home/airflow/.local/lib/python3.8/site-packages/airflow/example_dags/example_latest_only.py
[2023-11-23T11:31:00.179+0000] {logging_mixin.py:154} INFO - [2023-11-23T11:31:00.179+0000] {dag.py:2941} INFO - Sync 1 DAGs
[2023-11-23T11:31:00.193+0000] {logging_mixin.py:154} INFO - [2023-11-23T11:31:00.193+0000] {dag.py:3722} INFO - Setting next_dagrun for latest_only to 2023-11-23T07:31:00.193567+00:00, run_after=2023-11-23T11:31:00.193567+00:00
[2023-11-23T11:31:00.205+0000] {processor.py:179} INFO - Processing /home/airflow/.local/lib/python3.8/site-packages/airflow/example_dags/example_latest_only.py took 0.046 seconds
[2023-11-23T11:31:30.500+0000] {processor.py:157} INFO - Started process (PID=1045) to work on /home/airflow/.local/lib/python3.8/site-packages/airflow/example_dags/example_latest_only.py
[2023-11-23T11:31:30.500+0000] {processor.py:829} INFO - Processing file /home/airflow/.local/lib/python3.8/site-packages/airflow/example_dags/example_latest_only.py for tasks to queue
[2023-11-23T11:31:30.501+0000] {logging_mixin.py:154} INFO - [2023-11-23T11:31:30.501+0000] {dagbag.py:536} INFO - Filling up the DagBag from /home/airflow/.local/lib/python3.8/site-packages/airflow/example_dags/example_latest_only.py
[2023-11-23T11:31:30.504+0000] {processor.py:839} INFO - DAG(s) dict_keys(['latest_only']) retrieved from /home/airflow/.local/lib/python3.8/site-packages/airflow/example_dags/example_latest_only.py
[2023-11-23T11:31:30.517+0000] {logging_mixin.py:154} INFO - [2023-11-23T11:31:30.517+0000] {dag.py:2941} INFO - Sync 1 DAGs
[2023-11-23T11:31:30.531+0000] {logging_mixin.py:154} INFO - [2023-11-23T11:31:30.531+0000] {dag.py:3722} INFO - Setting next_dagrun for latest_only to 2023-11-23T07:31:30.531335+00:00, run_after=2023-11-23T11:31:30.531335+00:00
[2023-11-23T11:31:30.543+0000] {processor.py:179} INFO - Processing /home/airflow/.local/lib/python3.8/site-packages/airflow/example_dags/example_latest_only.py took 0.045 seconds
[2023-11-23T11:32:01.962+0000] {processor.py:157} INFO - Started process (PID=1099) to work on /home/airflow/.local/lib/python3.8/site-packages/airflow/example_dags/example_latest_only.py
[2023-11-23T11:32:01.962+0000] {processor.py:829} INFO - Processing file /home/airflow/.local/lib/python3.8/site-packages/airflow/example_dags/example_latest_only.py for tasks to queue
[2023-11-23T11:32:01.964+0000] {logging_mixin.py:154} INFO - [2023-11-23T11:32:01.963+0000] {dagbag.py:536} INFO - Filling up the DagBag from /home/airflow/.local/lib/python3.8/site-packages/airflow/example_dags/example_latest_only.py
[2023-11-23T11:32:01.967+0000] {processor.py:839} INFO - DAG(s) dict_keys(['latest_only']) retrieved from /home/airflow/.local/lib/python3.8/site-packages/airflow/example_dags/example_latest_only.py
[2023-11-23T11:32:01.979+0000] {logging_mixin.py:154} INFO - [2023-11-23T11:32:01.979+0000] {dag.py:2941} INFO - Sync 1 DAGs
[2023-11-23T11:32:01.995+0000] {logging_mixin.py:154} INFO - [2023-11-23T11:32:01.995+0000] {dag.py:3722} INFO - Setting next_dagrun for latest_only to 2023-11-23T07:32:01.995196+00:00, run_after=2023-11-23T11:32:01.995196+00:00
[2023-11-23T11:32:02.118+0000] {processor.py:179} INFO - Processing /home/airflow/.local/lib/python3.8/site-packages/airflow/example_dags/example_latest_only.py took 0.158 seconds
[2023-11-23T11:32:32.163+0000] {processor.py:157} INFO - Started process (PID=1153) to work on /home/airflow/.local/lib/python3.8/site-packages/airflow/example_dags/example_latest_only.py
[2023-11-23T11:32:32.164+0000] {processor.py:829} INFO - Processing file /home/airflow/.local/lib/python3.8/site-packages/airflow/example_dags/example_latest_only.py for tasks to queue
[2023-11-23T11:32:32.165+0000] {logging_mixin.py:154} INFO - [2023-11-23T11:32:32.165+0000] {dagbag.py:536} INFO - Filling up the DagBag from /home/airflow/.local/lib/python3.8/site-packages/airflow/example_dags/example_latest_only.py
[2023-11-23T11:32:32.168+0000] {processor.py:839} INFO - DAG(s) dict_keys(['latest_only']) retrieved from /home/airflow/.local/lib/python3.8/site-packages/airflow/example_dags/example_latest_only.py
[2023-11-23T11:32:32.181+0000] {logging_mixin.py:154} INFO - [2023-11-23T11:32:32.180+0000] {dag.py:2941} INFO - Sync 1 DAGs
[2023-11-23T11:32:32.196+0000] {logging_mixin.py:154} INFO - [2023-11-23T11:32:32.195+0000] {dag.py:3722} INFO - Setting next_dagrun for latest_only to 2023-11-23T07:32:32.195659+00:00, run_after=2023-11-23T11:32:32.195659+00:00
[2023-11-23T11:32:32.208+0000] {processor.py:179} INFO - Processing /home/airflow/.local/lib/python3.8/site-packages/airflow/example_dags/example_latest_only.py took 0.047 seconds
[2023-11-23T11:33:02.245+0000] {processor.py:157} INFO - Started process (PID=1207) to work on /home/airflow/.local/lib/python3.8/site-packages/airflow/example_dags/example_latest_only.py
[2023-11-23T11:33:02.245+0000] {processor.py:829} INFO - Processing file /home/airflow/.local/lib/python3.8/site-packages/airflow/example_dags/example_latest_only.py for tasks to queue
[2023-11-23T11:33:02.247+0000] {logging_mixin.py:154} INFO - [2023-11-23T11:33:02.246+0000] {dagbag.py:536} INFO - Filling up the DagBag from /home/airflow/.local/lib/python3.8/site-packages/airflow/example_dags/example_latest_only.py
[2023-11-23T11:33:02.249+0000] {processor.py:839} INFO - DAG(s) dict_keys(['latest_only']) retrieved from /home/airflow/.local/lib/python3.8/site-packages/airflow/example_dags/example_latest_only.py
[2023-11-23T11:33:02.261+0000] {logging_mixin.py:154} INFO - [2023-11-23T11:33:02.261+0000] {dag.py:2941} INFO - Sync 1 DAGs
[2023-11-23T11:33:02.274+0000] {logging_mixin.py:154} INFO - [2023-11-23T11:33:02.274+0000] {dag.py:3722} INFO - Setting next_dagrun for latest_only to 2023-11-23T07:33:02.274347+00:00, run_after=2023-11-23T11:33:02.274347+00:00
[2023-11-23T11:33:02.285+0000] {processor.py:179} INFO - Processing /home/airflow/.local/lib/python3.8/site-packages/airflow/example_dags/example_latest_only.py took 0.042 seconds
[2023-11-23T11:38:43.780+0000] {processor.py:157} INFO - Started process (PID=73) to work on /home/airflow/.local/lib/python3.8/site-packages/airflow/example_dags/example_latest_only.py
[2023-11-23T11:38:43.781+0000] {processor.py:829} INFO - Processing file /home/airflow/.local/lib/python3.8/site-packages/airflow/example_dags/example_latest_only.py for tasks to queue
[2023-11-23T11:38:43.782+0000] {logging_mixin.py:154} INFO - [2023-11-23T11:38:43.782+0000] {dagbag.py:536} INFO - Filling up the DagBag from /home/airflow/.local/lib/python3.8/site-packages/airflow/example_dags/example_latest_only.py
[2023-11-23T11:38:43.785+0000] {processor.py:839} INFO - DAG(s) dict_keys(['latest_only']) retrieved from /home/airflow/.local/lib/python3.8/site-packages/airflow/example_dags/example_latest_only.py
[2023-11-23T11:38:43.792+0000] {logging_mixin.py:154} INFO - [2023-11-23T11:38:43.792+0000] {dag.py:2941} INFO - Sync 1 DAGs
[2023-11-23T11:38:43.809+0000] {logging_mixin.py:154} INFO - [2023-11-23T11:38:43.809+0000] {dag.py:3722} INFO - Setting next_dagrun for latest_only to 2023-11-23T07:38:43.809335+00:00, run_after=2023-11-23T11:38:43.809335+00:00
[2023-11-23T11:38:43.822+0000] {processor.py:179} INFO - Processing /home/airflow/.local/lib/python3.8/site-packages/airflow/example_dags/example_latest_only.py took 0.043 seconds
[2023-11-23T11:39:14.542+0000] {processor.py:157} INFO - Started process (PID=129) to work on /home/airflow/.local/lib/python3.8/site-packages/airflow/example_dags/example_latest_only.py
[2023-11-23T11:39:14.542+0000] {processor.py:829} INFO - Processing file /home/airflow/.local/lib/python3.8/site-packages/airflow/example_dags/example_latest_only.py for tasks to queue
[2023-11-23T11:39:14.543+0000] {logging_mixin.py:154} INFO - [2023-11-23T11:39:14.543+0000] {dagbag.py:536} INFO - Filling up the DagBag from /home/airflow/.local/lib/python3.8/site-packages/airflow/example_dags/example_latest_only.py
[2023-11-23T11:39:14.546+0000] {processor.py:839} INFO - DAG(s) dict_keys(['latest_only']) retrieved from /home/airflow/.local/lib/python3.8/site-packages/airflow/example_dags/example_latest_only.py
[2023-11-23T11:39:14.557+0000] {logging_mixin.py:154} INFO - [2023-11-23T11:39:14.557+0000] {dag.py:2941} INFO - Sync 1 DAGs
[2023-11-23T11:39:14.571+0000] {logging_mixin.py:154} INFO - [2023-11-23T11:39:14.571+0000] {dag.py:3722} INFO - Setting next_dagrun for latest_only to 2023-11-23T07:39:14.571713+00:00, run_after=2023-11-23T11:39:14.571713+00:00
[2023-11-23T11:39:14.582+0000] {processor.py:179} INFO - Processing /home/airflow/.local/lib/python3.8/site-packages/airflow/example_dags/example_latest_only.py took 0.042 seconds
[2023-11-23T11:39:46.175+0000] {processor.py:157} INFO - Started process (PID=185) to work on /home/airflow/.local/lib/python3.8/site-packages/airflow/example_dags/example_latest_only.py
[2023-11-23T11:39:46.176+0000] {processor.py:829} INFO - Processing file /home/airflow/.local/lib/python3.8/site-packages/airflow/example_dags/example_latest_only.py for tasks to queue
[2023-11-23T11:39:46.177+0000] {logging_mixin.py:154} INFO - [2023-11-23T11:39:46.177+0000] {dagbag.py:536} INFO - Filling up the DagBag from /home/airflow/.local/lib/python3.8/site-packages/airflow/example_dags/example_latest_only.py
[2023-11-23T11:39:46.180+0000] {processor.py:839} INFO - DAG(s) dict_keys(['latest_only']) retrieved from /home/airflow/.local/lib/python3.8/site-packages/airflow/example_dags/example_latest_only.py
[2023-11-23T11:39:46.191+0000] {logging_mixin.py:154} INFO - [2023-11-23T11:39:46.191+0000] {dag.py:2941} INFO - Sync 1 DAGs
[2023-11-23T11:39:46.206+0000] {logging_mixin.py:154} INFO - [2023-11-23T11:39:46.206+0000] {dag.py:3722} INFO - Setting next_dagrun for latest_only to 2023-11-23T07:39:46.206201+00:00, run_after=2023-11-23T11:39:46.206201+00:00
[2023-11-23T11:39:46.217+0000] {processor.py:179} INFO - Processing /home/airflow/.local/lib/python3.8/site-packages/airflow/example_dags/example_latest_only.py took 0.044 seconds
[2023-11-23T11:40:17.162+0000] {processor.py:157} INFO - Started process (PID=241) to work on /home/airflow/.local/lib/python3.8/site-packages/airflow/example_dags/example_latest_only.py
[2023-11-23T11:40:17.163+0000] {processor.py:829} INFO - Processing file /home/airflow/.local/lib/python3.8/site-packages/airflow/example_dags/example_latest_only.py for tasks to queue
[2023-11-23T11:40:17.164+0000] {logging_mixin.py:154} INFO - [2023-11-23T11:40:17.164+0000] {dagbag.py:536} INFO - Filling up the DagBag from /home/airflow/.local/lib/python3.8/site-packages/airflow/example_dags/example_latest_only.py
[2023-11-23T11:40:17.167+0000] {processor.py:839} INFO - DAG(s) dict_keys(['latest_only']) retrieved from /home/airflow/.local/lib/python3.8/site-packages/airflow/example_dags/example_latest_only.py
[2023-11-23T11:40:17.180+0000] {logging_mixin.py:154} INFO - [2023-11-23T11:40:17.180+0000] {dag.py:2941} INFO - Sync 1 DAGs
[2023-11-23T11:40:17.195+0000] {logging_mixin.py:154} INFO - [2023-11-23T11:40:17.195+0000] {dag.py:3722} INFO - Setting next_dagrun for latest_only to 2023-11-23T07:40:17.195051+00:00, run_after=2023-11-23T11:40:17.195051+00:00
[2023-11-23T11:40:17.209+0000] {processor.py:179} INFO - Processing /home/airflow/.local/lib/python3.8/site-packages/airflow/example_dags/example_latest_only.py took 0.049 seconds
[2023-11-23T11:40:48.071+0000] {processor.py:157} INFO - Started process (PID=297) to work on /home/airflow/.local/lib/python3.8/site-packages/airflow/example_dags/example_latest_only.py
[2023-11-23T11:40:48.072+0000] {processor.py:829} INFO - Processing file /home/airflow/.local/lib/python3.8/site-packages/airflow/example_dags/example_latest_only.py for tasks to queue
[2023-11-23T11:40:48.073+0000] {logging_mixin.py:154} INFO - [2023-11-23T11:40:48.073+0000] {dagbag.py:536} INFO - Filling up the DagBag from /home/airflow/.local/lib/python3.8/site-packages/airflow/example_dags/example_latest_only.py
[2023-11-23T11:40:48.076+0000] {processor.py:839} INFO - DAG(s) dict_keys(['latest_only']) retrieved from /home/airflow/.local/lib/python3.8/site-packages/airflow/example_dags/example_latest_only.py
[2023-11-23T11:40:48.088+0000] {logging_mixin.py:154} INFO - [2023-11-23T11:40:48.087+0000] {dag.py:2941} INFO - Sync 1 DAGs
[2023-11-23T11:40:48.102+0000] {logging_mixin.py:154} INFO - [2023-11-23T11:40:48.101+0000] {dag.py:3722} INFO - Setting next_dagrun for latest_only to 2023-11-23T07:40:48.101736+00:00, run_after=2023-11-23T11:40:48.101736+00:00
[2023-11-23T11:40:48.113+0000] {processor.py:179} INFO - Processing /home/airflow/.local/lib/python3.8/site-packages/airflow/example_dags/example_latest_only.py took 0.044 seconds
[2023-11-23T11:41:19.287+0000] {processor.py:157} INFO - Started process (PID=353) to work on /home/airflow/.local/lib/python3.8/site-packages/airflow/example_dags/example_latest_only.py
[2023-11-23T11:41:19.287+0000] {processor.py:829} INFO - Processing file /home/airflow/.local/lib/python3.8/site-packages/airflow/example_dags/example_latest_only.py for tasks to queue
[2023-11-23T11:41:19.288+0000] {logging_mixin.py:154} INFO - [2023-11-23T11:41:19.288+0000] {dagbag.py:536} INFO - Filling up the DagBag from /home/airflow/.local/lib/python3.8/site-packages/airflow/example_dags/example_latest_only.py
[2023-11-23T11:41:19.292+0000] {processor.py:839} INFO - DAG(s) dict_keys(['latest_only']) retrieved from /home/airflow/.local/lib/python3.8/site-packages/airflow/example_dags/example_latest_only.py
[2023-11-23T11:41:19.304+0000] {logging_mixin.py:154} INFO - [2023-11-23T11:41:19.303+0000] {dag.py:2941} INFO - Sync 1 DAGs
[2023-11-23T11:41:19.318+0000] {logging_mixin.py:154} INFO - [2023-11-23T11:41:19.318+0000] {dag.py:3722} INFO - Setting next_dagrun for latest_only to 2023-11-23T07:41:19.317959+00:00, run_after=2023-11-23T11:41:19.317959+00:00
[2023-11-23T11:41:19.329+0000] {processor.py:179} INFO - Processing /home/airflow/.local/lib/python3.8/site-packages/airflow/example_dags/example_latest_only.py took 0.044 seconds
[2023-11-23T11:41:50.566+0000] {processor.py:157} INFO - Started process (PID=409) to work on /home/airflow/.local/lib/python3.8/site-packages/airflow/example_dags/example_latest_only.py
[2023-11-23T11:41:50.566+0000] {processor.py:829} INFO - Processing file /home/airflow/.local/lib/python3.8/site-packages/airflow/example_dags/example_latest_only.py for tasks to queue
[2023-11-23T11:41:50.567+0000] {logging_mixin.py:154} INFO - [2023-11-23T11:41:50.567+0000] {dagbag.py:536} INFO - Filling up the DagBag from /home/airflow/.local/lib/python3.8/site-packages/airflow/example_dags/example_latest_only.py
[2023-11-23T11:41:50.570+0000] {processor.py:839} INFO - DAG(s) dict_keys(['latest_only']) retrieved from /home/airflow/.local/lib/python3.8/site-packages/airflow/example_dags/example_latest_only.py
[2023-11-23T11:41:50.582+0000] {logging_mixin.py:154} INFO - [2023-11-23T11:41:50.582+0000] {dag.py:2941} INFO - Sync 1 DAGs
[2023-11-23T11:41:50.597+0000] {logging_mixin.py:154} INFO - [2023-11-23T11:41:50.596+0000] {dag.py:3722} INFO - Setting next_dagrun for latest_only to 2023-11-23T07:41:50.596757+00:00, run_after=2023-11-23T11:41:50.596757+00:00
[2023-11-23T11:41:50.608+0000] {processor.py:179} INFO - Processing /home/airflow/.local/lib/python3.8/site-packages/airflow/example_dags/example_latest_only.py took 0.044 seconds
[2023-11-23T11:42:21.769+0000] {processor.py:157} INFO - Started process (PID=465) to work on /home/airflow/.local/lib/python3.8/site-packages/airflow/example_dags/example_latest_only.py
[2023-11-23T11:42:21.769+0000] {processor.py:829} INFO - Processing file /home/airflow/.local/lib/python3.8/site-packages/airflow/example_dags/example_latest_only.py for tasks to queue
[2023-11-23T11:42:21.771+0000] {logging_mixin.py:154} INFO - [2023-11-23T11:42:21.771+0000] {dagbag.py:536} INFO - Filling up the DagBag from /home/airflow/.local/lib/python3.8/site-packages/airflow/example_dags/example_latest_only.py
[2023-11-23T11:42:21.774+0000] {processor.py:839} INFO - DAG(s) dict_keys(['latest_only']) retrieved from /home/airflow/.local/lib/python3.8/site-packages/airflow/example_dags/example_latest_only.py
[2023-11-23T11:42:21.786+0000] {logging_mixin.py:154} INFO - [2023-11-23T11:42:21.786+0000] {dag.py:2941} INFO - Sync 1 DAGs
[2023-11-23T11:42:21.801+0000] {logging_mixin.py:154} INFO - [2023-11-23T11:42:21.801+0000] {dag.py:3722} INFO - Setting next_dagrun for latest_only to 2023-11-23T07:42:21.801630+00:00, run_after=2023-11-23T11:42:21.801630+00:00
[2023-11-23T11:42:21.813+0000] {processor.py:179} INFO - Processing /home/airflow/.local/lib/python3.8/site-packages/airflow/example_dags/example_latest_only.py took 0.046 seconds
[2023-11-23T11:42:52.023+0000] {processor.py:157} INFO - Started process (PID=522) to work on /home/airflow/.local/lib/python3.8/site-packages/airflow/example_dags/example_latest_only.py
[2023-11-23T11:42:52.023+0000] {processor.py:829} INFO - Processing file /home/airflow/.local/lib/python3.8/site-packages/airflow/example_dags/example_latest_only.py for tasks to queue
[2023-11-23T11:42:52.024+0000] {logging_mixin.py:154} INFO - [2023-11-23T11:42:52.024+0000] {dagbag.py:536} INFO - Filling up the DagBag from /home/airflow/.local/lib/python3.8/site-packages/airflow/example_dags/example_latest_only.py
[2023-11-23T11:42:52.027+0000] {processor.py:839} INFO - DAG(s) dict_keys(['latest_only']) retrieved from /home/airflow/.local/lib/python3.8/site-packages/airflow/example_dags/example_latest_only.py
[2023-11-23T11:42:52.038+0000] {logging_mixin.py:154} INFO - [2023-11-23T11:42:52.038+0000] {dag.py:2941} INFO - Sync 1 DAGs
[2023-11-23T11:42:52.052+0000] {logging_mixin.py:154} INFO - [2023-11-23T11:42:52.052+0000] {dag.py:3722} INFO - Setting next_dagrun for latest_only to 2023-11-23T07:42:52.052262+00:00, run_after=2023-11-23T11:42:52.052262+00:00
[2023-11-23T11:42:52.063+0000] {processor.py:179} INFO - Processing /home/airflow/.local/lib/python3.8/site-packages/airflow/example_dags/example_latest_only.py took 0.042 seconds
[2023-11-23T11:43:22.299+0000] {processor.py:157} INFO - Started process (PID=578) to work on /home/airflow/.local/lib/python3.8/site-packages/airflow/example_dags/example_latest_only.py
[2023-11-23T11:43:22.300+0000] {processor.py:829} INFO - Processing file /home/airflow/.local/lib/python3.8/site-packages/airflow/example_dags/example_latest_only.py for tasks to queue
[2023-11-23T11:43:22.301+0000] {logging_mixin.py:154} INFO - [2023-11-23T11:43:22.301+0000] {dagbag.py:536} INFO - Filling up the DagBag from /home/airflow/.local/lib/python3.8/site-packages/airflow/example_dags/example_latest_only.py
[2023-11-23T11:43:22.304+0000] {processor.py:839} INFO - DAG(s) dict_keys(['latest_only']) retrieved from /home/airflow/.local/lib/python3.8/site-packages/airflow/example_dags/example_latest_only.py
[2023-11-23T11:43:22.318+0000] {logging_mixin.py:154} INFO - [2023-11-23T11:43:22.318+0000] {dag.py:2941} INFO - Sync 1 DAGs
[2023-11-23T11:43:22.333+0000] {logging_mixin.py:154} INFO - [2023-11-23T11:43:22.332+0000] {dag.py:3722} INFO - Setting next_dagrun for latest_only to 2023-11-23T07:43:22.332697+00:00, run_after=2023-11-23T11:43:22.332697+00:00
[2023-11-23T11:43:22.345+0000] {processor.py:179} INFO - Processing /home/airflow/.local/lib/python3.8/site-packages/airflow/example_dags/example_latest_only.py took 0.047 seconds
[2023-11-23T11:43:52.539+0000] {processor.py:157} INFO - Started process (PID=634) to work on /home/airflow/.local/lib/python3.8/site-packages/airflow/example_dags/example_latest_only.py
[2023-11-23T11:43:52.539+0000] {processor.py:829} INFO - Processing file /home/airflow/.local/lib/python3.8/site-packages/airflow/example_dags/example_latest_only.py for tasks to queue
[2023-11-23T11:43:52.540+0000] {logging_mixin.py:154} INFO - [2023-11-23T11:43:52.540+0000] {dagbag.py:536} INFO - Filling up the DagBag from /home/airflow/.local/lib/python3.8/site-packages/airflow/example_dags/example_latest_only.py
[2023-11-23T11:43:52.543+0000] {processor.py:839} INFO - DAG(s) dict_keys(['latest_only']) retrieved from /home/airflow/.local/lib/python3.8/site-packages/airflow/example_dags/example_latest_only.py
[2023-11-23T11:43:52.554+0000] {logging_mixin.py:154} INFO - [2023-11-23T11:43:52.554+0000] {dag.py:2941} INFO - Sync 1 DAGs
[2023-11-23T11:43:52.569+0000] {logging_mixin.py:154} INFO - [2023-11-23T11:43:52.569+0000] {dag.py:3722} INFO - Setting next_dagrun for latest_only to 2023-11-23T07:43:52.569080+00:00, run_after=2023-11-23T11:43:52.569080+00:00
[2023-11-23T11:43:52.580+0000] {processor.py:179} INFO - Processing /home/airflow/.local/lib/python3.8/site-packages/airflow/example_dags/example_latest_only.py took 0.043 seconds
[2023-11-23T11:44:23.569+0000] {processor.py:157} INFO - Started process (PID=690) to work on /home/airflow/.local/lib/python3.8/site-packages/airflow/example_dags/example_latest_only.py
[2023-11-23T11:44:23.570+0000] {processor.py:829} INFO - Processing file /home/airflow/.local/lib/python3.8/site-packages/airflow/example_dags/example_latest_only.py for tasks to queue
[2023-11-23T11:44:23.571+0000] {logging_mixin.py:154} INFO - [2023-11-23T11:44:23.571+0000] {dagbag.py:536} INFO - Filling up the DagBag from /home/airflow/.local/lib/python3.8/site-packages/airflow/example_dags/example_latest_only.py
[2023-11-23T11:44:23.574+0000] {processor.py:839} INFO - DAG(s) dict_keys(['latest_only']) retrieved from /home/airflow/.local/lib/python3.8/site-packages/airflow/example_dags/example_latest_only.py
[2023-11-23T11:44:23.585+0000] {logging_mixin.py:154} INFO - [2023-11-23T11:44:23.585+0000] {dag.py:2941} INFO - Sync 1 DAGs
[2023-11-23T11:44:23.599+0000] {logging_mixin.py:154} INFO - [2023-11-23T11:44:23.599+0000] {dag.py:3722} INFO - Setting next_dagrun for latest_only to 2023-11-23T07:44:23.599280+00:00, run_after=2023-11-23T11:44:23.599280+00:00
[2023-11-23T11:44:23.610+0000] {processor.py:179} INFO - Processing /home/airflow/.local/lib/python3.8/site-packages/airflow/example_dags/example_latest_only.py took 0.043 seconds
[2023-11-23T11:44:54.700+0000] {processor.py:157} INFO - Started process (PID=746) to work on /home/airflow/.local/lib/python3.8/site-packages/airflow/example_dags/example_latest_only.py
[2023-11-23T11:44:54.701+0000] {processor.py:829} INFO - Processing file /home/airflow/.local/lib/python3.8/site-packages/airflow/example_dags/example_latest_only.py for tasks to queue
[2023-11-23T11:44:54.702+0000] {logging_mixin.py:154} INFO - [2023-11-23T11:44:54.702+0000] {dagbag.py:536} INFO - Filling up the DagBag from /home/airflow/.local/lib/python3.8/site-packages/airflow/example_dags/example_latest_only.py
[2023-11-23T11:44:54.704+0000] {processor.py:839} INFO - DAG(s) dict_keys(['latest_only']) retrieved from /home/airflow/.local/lib/python3.8/site-packages/airflow/example_dags/example_latest_only.py
[2023-11-23T11:44:54.716+0000] {logging_mixin.py:154} INFO - [2023-11-23T11:44:54.716+0000] {dag.py:2941} INFO - Sync 1 DAGs
[2023-11-23T11:44:54.730+0000] {logging_mixin.py:154} INFO - [2023-11-23T11:44:54.730+0000] {dag.py:3722} INFO - Setting next_dagrun for latest_only to 2023-11-23T07:44:54.730666+00:00, run_after=2023-11-23T11:44:54.730666+00:00
[2023-11-23T11:44:54.742+0000] {processor.py:179} INFO - Processing /home/airflow/.local/lib/python3.8/site-packages/airflow/example_dags/example_latest_only.py took 0.044 seconds
[2023-11-23T11:45:25.890+0000] {processor.py:157} INFO - Started process (PID=802) to work on /home/airflow/.local/lib/python3.8/site-packages/airflow/example_dags/example_latest_only.py
[2023-11-23T11:45:25.890+0000] {processor.py:829} INFO - Processing file /home/airflow/.local/lib/python3.8/site-packages/airflow/example_dags/example_latest_only.py for tasks to queue
[2023-11-23T11:45:25.892+0000] {logging_mixin.py:154} INFO - [2023-11-23T11:45:25.891+0000] {dagbag.py:536} INFO - Filling up the DagBag from /home/airflow/.local/lib/python3.8/site-packages/airflow/example_dags/example_latest_only.py
[2023-11-23T11:45:25.895+0000] {processor.py:839} INFO - DAG(s) dict_keys(['latest_only']) retrieved from /home/airflow/.local/lib/python3.8/site-packages/airflow/example_dags/example_latest_only.py
[2023-11-23T11:45:25.906+0000] {logging_mixin.py:154} INFO - [2023-11-23T11:45:25.906+0000] {dag.py:2941} INFO - Sync 1 DAGs
[2023-11-23T11:45:25.921+0000] {logging_mixin.py:154} INFO - [2023-11-23T11:45:25.921+0000] {dag.py:3722} INFO - Setting next_dagrun for latest_only to 2023-11-23T07:45:25.921068+00:00, run_after=2023-11-23T11:45:25.921068+00:00
[2023-11-23T11:45:25.933+0000] {processor.py:179} INFO - Processing /home/airflow/.local/lib/python3.8/site-packages/airflow/example_dags/example_latest_only.py took 0.044 seconds
[2023-11-23T11:45:56.966+0000] {processor.py:157} INFO - Started process (PID=858) to work on /home/airflow/.local/lib/python3.8/site-packages/airflow/example_dags/example_latest_only.py
[2023-11-23T11:45:56.966+0000] {processor.py:829} INFO - Processing file /home/airflow/.local/lib/python3.8/site-packages/airflow/example_dags/example_latest_only.py for tasks to queue
[2023-11-23T11:45:56.968+0000] {logging_mixin.py:154} INFO - [2023-11-23T11:45:56.968+0000] {dagbag.py:536} INFO - Filling up the DagBag from /home/airflow/.local/lib/python3.8/site-packages/airflow/example_dags/example_latest_only.py
[2023-11-23T11:45:56.970+0000] {processor.py:839} INFO - DAG(s) dict_keys(['latest_only']) retrieved from /home/airflow/.local/lib/python3.8/site-packages/airflow/example_dags/example_latest_only.py
[2023-11-23T11:45:56.982+0000] {logging_mixin.py:154} INFO - [2023-11-23T11:45:56.982+0000] {dag.py:2941} INFO - Sync 1 DAGs
[2023-11-23T11:45:56.996+0000] {logging_mixin.py:154} INFO - [2023-11-23T11:45:56.996+0000] {dag.py:3722} INFO - Setting next_dagrun for latest_only to 2023-11-23T07:45:56.996360+00:00, run_after=2023-11-23T11:45:56.996360+00:00
[2023-11-23T11:45:57.008+0000] {processor.py:179} INFO - Processing /home/airflow/.local/lib/python3.8/site-packages/airflow/example_dags/example_latest_only.py took 0.044 seconds
[2023-11-23T11:46:28.171+0000] {processor.py:157} INFO - Started process (PID=914) to work on /home/airflow/.local/lib/python3.8/site-packages/airflow/example_dags/example_latest_only.py
[2023-11-23T11:46:28.172+0000] {processor.py:829} INFO - Processing file /home/airflow/.local/lib/python3.8/site-packages/airflow/example_dags/example_latest_only.py for tasks to queue
[2023-11-23T11:46:28.173+0000] {logging_mixin.py:154} INFO - [2023-11-23T11:46:28.173+0000] {dagbag.py:536} INFO - Filling up the DagBag from /home/airflow/.local/lib/python3.8/site-packages/airflow/example_dags/example_latest_only.py
[2023-11-23T11:46:28.176+0000] {processor.py:839} INFO - DAG(s) dict_keys(['latest_only']) retrieved from /home/airflow/.local/lib/python3.8/site-packages/airflow/example_dags/example_latest_only.py
[2023-11-23T11:46:28.188+0000] {logging_mixin.py:154} INFO - [2023-11-23T11:46:28.188+0000] {dag.py:2941} INFO - Sync 1 DAGs
[2023-11-23T11:46:28.202+0000] {logging_mixin.py:154} INFO - [2023-11-23T11:46:28.202+0000] {dag.py:3722} INFO - Setting next_dagrun for latest_only to 2023-11-23T07:46:28.202101+00:00, run_after=2023-11-23T11:46:28.202101+00:00
[2023-11-23T11:46:28.213+0000] {processor.py:179} INFO - Processing /home/airflow/.local/lib/python3.8/site-packages/airflow/example_dags/example_latest_only.py took 0.043 seconds
[2023-11-23T11:46:59.378+0000] {processor.py:157} INFO - Started process (PID=970) to work on /home/airflow/.local/lib/python3.8/site-packages/airflow/example_dags/example_latest_only.py
[2023-11-23T11:46:59.379+0000] {processor.py:829} INFO - Processing file /home/airflow/.local/lib/python3.8/site-packages/airflow/example_dags/example_latest_only.py for tasks to queue
[2023-11-23T11:46:59.380+0000] {logging_mixin.py:154} INFO - [2023-11-23T11:46:59.380+0000] {dagbag.py:536} INFO - Filling up the DagBag from /home/airflow/.local/lib/python3.8/site-packages/airflow/example_dags/example_latest_only.py
[2023-11-23T11:46:59.382+0000] {processor.py:839} INFO - DAG(s) dict_keys(['latest_only']) retrieved from /home/airflow/.local/lib/python3.8/site-packages/airflow/example_dags/example_latest_only.py
[2023-11-23T11:46:59.394+0000] {logging_mixin.py:154} INFO - [2023-11-23T11:46:59.394+0000] {dag.py:2941} INFO - Sync 1 DAGs
[2023-11-23T11:46:59.408+0000] {logging_mixin.py:154} INFO - [2023-11-23T11:46:59.408+0000] {dag.py:3722} INFO - Setting next_dagrun for latest_only to 2023-11-23T07:46:59.408590+00:00, run_after=2023-11-23T11:46:59.408590+00:00
[2023-11-23T11:46:59.420+0000] {processor.py:179} INFO - Processing /home/airflow/.local/lib/python3.8/site-packages/airflow/example_dags/example_latest_only.py took 0.043 seconds
[2023-11-23T15:27:50.574+0000] {processor.py:157} INFO - Started process (PID=72) to work on /home/airflow/.local/lib/python3.8/site-packages/airflow/example_dags/example_latest_only.py
[2023-11-23T15:27:50.635+0000] {processor.py:829} INFO - Processing file /home/airflow/.local/lib/python3.8/site-packages/airflow/example_dags/example_latest_only.py for tasks to queue
[2023-11-23T15:27:50.637+0000] {logging_mixin.py:154} INFO - [2023-11-23T15:27:50.636+0000] {dagbag.py:536} INFO - Filling up the DagBag from /home/airflow/.local/lib/python3.8/site-packages/airflow/example_dags/example_latest_only.py
[2023-11-23T15:27:50.640+0000] {processor.py:839} INFO - DAG(s) dict_keys(['latest_only']) retrieved from /home/airflow/.local/lib/python3.8/site-packages/airflow/example_dags/example_latest_only.py
[2023-11-23T15:27:50.646+0000] {logging_mixin.py:154} INFO - [2023-11-23T15:27:50.646+0000] {dag.py:2941} INFO - Sync 1 DAGs
[2023-11-23T15:27:50.660+0000] {logging_mixin.py:154} INFO - [2023-11-23T15:27:50.660+0000] {dag.py:3722} INFO - Setting next_dagrun for latest_only to 2023-11-23T11:27:50.659983+00:00, run_after=2023-11-23T15:27:50.659983+00:00
[2023-11-23T15:27:50.671+0000] {processor.py:179} INFO - Processing /home/airflow/.local/lib/python3.8/site-packages/airflow/example_dags/example_latest_only.py took 0.099 seconds
[2023-11-23T15:28:20.710+0000] {processor.py:157} INFO - Started process (PID=128) to work on /home/airflow/.local/lib/python3.8/site-packages/airflow/example_dags/example_latest_only.py
[2023-11-23T15:28:20.711+0000] {processor.py:829} INFO - Processing file /home/airflow/.local/lib/python3.8/site-packages/airflow/example_dags/example_latest_only.py for tasks to queue
[2023-11-23T15:28:20.712+0000] {logging_mixin.py:154} INFO - [2023-11-23T15:28:20.712+0000] {dagbag.py:536} INFO - Filling up the DagBag from /home/airflow/.local/lib/python3.8/site-packages/airflow/example_dags/example_latest_only.py
[2023-11-23T15:28:20.715+0000] {processor.py:839} INFO - DAG(s) dict_keys(['latest_only']) retrieved from /home/airflow/.local/lib/python3.8/site-packages/airflow/example_dags/example_latest_only.py
[2023-11-23T15:28:20.726+0000] {logging_mixin.py:154} INFO - [2023-11-23T15:28:20.726+0000] {dag.py:2941} INFO - Sync 1 DAGs
[2023-11-23T15:28:20.740+0000] {logging_mixin.py:154} INFO - [2023-11-23T15:28:20.740+0000] {dag.py:3722} INFO - Setting next_dagrun for latest_only to 2023-11-23T11:28:20.740054+00:00, run_after=2023-11-23T15:28:20.740054+00:00
[2023-11-23T15:28:20.751+0000] {processor.py:179} INFO - Processing /home/airflow/.local/lib/python3.8/site-packages/airflow/example_dags/example_latest_only.py took 0.042 seconds
[2023-11-23T15:28:51.063+0000] {processor.py:157} INFO - Started process (PID=184) to work on /home/airflow/.local/lib/python3.8/site-packages/airflow/example_dags/example_latest_only.py
[2023-11-23T15:28:51.063+0000] {processor.py:829} INFO - Processing file /home/airflow/.local/lib/python3.8/site-packages/airflow/example_dags/example_latest_only.py for tasks to queue
[2023-11-23T15:28:51.064+0000] {logging_mixin.py:154} INFO - [2023-11-23T15:28:51.064+0000] {dagbag.py:536} INFO - Filling up the DagBag from /home/airflow/.local/lib/python3.8/site-packages/airflow/example_dags/example_latest_only.py
[2023-11-23T15:28:51.067+0000] {processor.py:839} INFO - DAG(s) dict_keys(['latest_only']) retrieved from /home/airflow/.local/lib/python3.8/site-packages/airflow/example_dags/example_latest_only.py
[2023-11-23T15:28:51.078+0000] {logging_mixin.py:154} INFO - [2023-11-23T15:28:51.078+0000] {dag.py:2941} INFO - Sync 1 DAGs
[2023-11-23T15:28:51.091+0000] {logging_mixin.py:154} INFO - [2023-11-23T15:28:51.091+0000] {dag.py:3722} INFO - Setting next_dagrun for latest_only to 2023-11-23T11:28:51.091631+00:00, run_after=2023-11-23T15:28:51.091631+00:00
[2023-11-23T15:28:51.102+0000] {processor.py:179} INFO - Processing /home/airflow/.local/lib/python3.8/site-packages/airflow/example_dags/example_latest_only.py took 0.041 seconds
[2023-11-23T15:29:21.410+0000] {processor.py:157} INFO - Started process (PID=240) to work on /home/airflow/.local/lib/python3.8/site-packages/airflow/example_dags/example_latest_only.py
[2023-11-23T15:29:21.410+0000] {processor.py:829} INFO - Processing file /home/airflow/.local/lib/python3.8/site-packages/airflow/example_dags/example_latest_only.py for tasks to queue
[2023-11-23T15:29:21.412+0000] {logging_mixin.py:154} INFO - [2023-11-23T15:29:21.412+0000] {dagbag.py:536} INFO - Filling up the DagBag from /home/airflow/.local/lib/python3.8/site-packages/airflow/example_dags/example_latest_only.py
[2023-11-23T15:29:21.414+0000] {processor.py:839} INFO - DAG(s) dict_keys(['latest_only']) retrieved from /home/airflow/.local/lib/python3.8/site-packages/airflow/example_dags/example_latest_only.py
[2023-11-23T15:29:21.425+0000] {logging_mixin.py:154} INFO - [2023-11-23T15:29:21.425+0000] {dag.py:2941} INFO - Sync 1 DAGs
[2023-11-23T15:29:21.438+0000] {logging_mixin.py:154} INFO - [2023-11-23T15:29:21.438+0000] {dag.py:3722} INFO - Setting next_dagrun for latest_only to 2023-11-23T11:29:21.438218+00:00, run_after=2023-11-23T15:29:21.438218+00:00
[2023-11-23T15:29:21.449+0000] {processor.py:179} INFO - Processing /home/airflow/.local/lib/python3.8/site-packages/airflow/example_dags/example_latest_only.py took 0.041 seconds
[2023-11-23T15:29:51.518+0000] {processor.py:157} INFO - Started process (PID=296) to work on /home/airflow/.local/lib/python3.8/site-packages/airflow/example_dags/example_latest_only.py
[2023-11-23T15:29:51.518+0000] {processor.py:829} INFO - Processing file /home/airflow/.local/lib/python3.8/site-packages/airflow/example_dags/example_latest_only.py for tasks to queue
[2023-11-23T15:29:51.519+0000] {logging_mixin.py:154} INFO - [2023-11-23T15:29:51.519+0000] {dagbag.py:536} INFO - Filling up the DagBag from /home/airflow/.local/lib/python3.8/site-packages/airflow/example_dags/example_latest_only.py
[2023-11-23T15:29:51.522+0000] {processor.py:839} INFO - DAG(s) dict_keys(['latest_only']) retrieved from /home/airflow/.local/lib/python3.8/site-packages/airflow/example_dags/example_latest_only.py
[2023-11-23T15:29:51.533+0000] {logging_mixin.py:154} INFO - [2023-11-23T15:29:51.533+0000] {dag.py:2941} INFO - Sync 1 DAGs
[2023-11-23T15:29:51.546+0000] {logging_mixin.py:154} INFO - [2023-11-23T15:29:51.546+0000] {dag.py:3722} INFO - Setting next_dagrun for latest_only to 2023-11-23T11:29:51.546694+00:00, run_after=2023-11-23T15:29:51.546694+00:00
[2023-11-23T15:29:51.558+0000] {processor.py:179} INFO - Processing /home/airflow/.local/lib/python3.8/site-packages/airflow/example_dags/example_latest_only.py took 0.041 seconds
[2023-11-23T15:30:22.529+0000] {processor.py:157} INFO - Started process (PID=352) to work on /home/airflow/.local/lib/python3.8/site-packages/airflow/example_dags/example_latest_only.py
[2023-11-23T15:30:22.530+0000] {processor.py:829} INFO - Processing file /home/airflow/.local/lib/python3.8/site-packages/airflow/example_dags/example_latest_only.py for tasks to queue
[2023-11-23T15:30:22.531+0000] {logging_mixin.py:154} INFO - [2023-11-23T15:30:22.531+0000] {dagbag.py:536} INFO - Filling up the DagBag from /home/airflow/.local/lib/python3.8/site-packages/airflow/example_dags/example_latest_only.py
[2023-11-23T15:30:22.533+0000] {processor.py:839} INFO - DAG(s) dict_keys(['latest_only']) retrieved from /home/airflow/.local/lib/python3.8/site-packages/airflow/example_dags/example_latest_only.py
[2023-11-23T15:30:22.545+0000] {logging_mixin.py:154} INFO - [2023-11-23T15:30:22.545+0000] {dag.py:2941} INFO - Sync 1 DAGs
[2023-11-23T15:30:22.558+0000] {logging_mixin.py:154} INFO - [2023-11-23T15:30:22.558+0000] {dag.py:3722} INFO - Setting next_dagrun for latest_only to 2023-11-23T11:30:22.557857+00:00, run_after=2023-11-23T15:30:22.557857+00:00
[2023-11-23T15:30:22.569+0000] {processor.py:179} INFO - Processing /home/airflow/.local/lib/python3.8/site-packages/airflow/example_dags/example_latest_only.py took 0.042 seconds
[2023-11-23T15:30:53.418+0000] {processor.py:157} INFO - Started process (PID=408) to work on /home/airflow/.local/lib/python3.8/site-packages/airflow/example_dags/example_latest_only.py
[2023-11-23T15:30:53.419+0000] {processor.py:829} INFO - Processing file /home/airflow/.local/lib/python3.8/site-packages/airflow/example_dags/example_latest_only.py for tasks to queue
[2023-11-23T15:30:53.420+0000] {logging_mixin.py:154} INFO - [2023-11-23T15:30:53.420+0000] {dagbag.py:536} INFO - Filling up the DagBag from /home/airflow/.local/lib/python3.8/site-packages/airflow/example_dags/example_latest_only.py
[2023-11-23T15:30:53.422+0000] {processor.py:839} INFO - DAG(s) dict_keys(['latest_only']) retrieved from /home/airflow/.local/lib/python3.8/site-packages/airflow/example_dags/example_latest_only.py
[2023-11-23T15:30:53.434+0000] {logging_mixin.py:154} INFO - [2023-11-23T15:30:53.433+0000] {dag.py:2941} INFO - Sync 1 DAGs
[2023-11-23T15:30:53.448+0000] {logging_mixin.py:154} INFO - [2023-11-23T15:30:53.448+0000] {dag.py:3722} INFO - Setting next_dagrun for latest_only to 2023-11-23T11:30:53.448580+00:00, run_after=2023-11-23T15:30:53.448580+00:00
[2023-11-23T15:30:53.459+0000] {processor.py:179} INFO - Processing /home/airflow/.local/lib/python3.8/site-packages/airflow/example_dags/example_latest_only.py took 0.043 seconds
[2023-11-23T15:31:24.474+0000] {processor.py:157} INFO - Started process (PID=464) to work on /home/airflow/.local/lib/python3.8/site-packages/airflow/example_dags/example_latest_only.py
[2023-11-23T15:31:24.474+0000] {processor.py:829} INFO - Processing file /home/airflow/.local/lib/python3.8/site-packages/airflow/example_dags/example_latest_only.py for tasks to queue
[2023-11-23T15:31:24.475+0000] {logging_mixin.py:154} INFO - [2023-11-23T15:31:24.475+0000] {dagbag.py:536} INFO - Filling up the DagBag from /home/airflow/.local/lib/python3.8/site-packages/airflow/example_dags/example_latest_only.py
[2023-11-23T15:31:24.478+0000] {processor.py:839} INFO - DAG(s) dict_keys(['latest_only']) retrieved from /home/airflow/.local/lib/python3.8/site-packages/airflow/example_dags/example_latest_only.py
[2023-11-23T15:31:24.489+0000] {logging_mixin.py:154} INFO - [2023-11-23T15:31:24.489+0000] {dag.py:2941} INFO - Sync 1 DAGs
[2023-11-23T15:31:24.503+0000] {logging_mixin.py:154} INFO - [2023-11-23T15:31:24.502+0000] {dag.py:3722} INFO - Setting next_dagrun for latest_only to 2023-11-23T11:31:24.502811+00:00, run_after=2023-11-23T15:31:24.502811+00:00
[2023-11-23T15:31:24.514+0000] {processor.py:179} INFO - Processing /home/airflow/.local/lib/python3.8/site-packages/airflow/example_dags/example_latest_only.py took 0.041 seconds
[2023-11-23T15:31:55.620+0000] {processor.py:157} INFO - Started process (PID=520) to work on /home/airflow/.local/lib/python3.8/site-packages/airflow/example_dags/example_latest_only.py
[2023-11-23T15:31:55.620+0000] {processor.py:829} INFO - Processing file /home/airflow/.local/lib/python3.8/site-packages/airflow/example_dags/example_latest_only.py for tasks to queue
[2023-11-23T15:31:55.621+0000] {logging_mixin.py:154} INFO - [2023-11-23T15:31:55.621+0000] {dagbag.py:536} INFO - Filling up the DagBag from /home/airflow/.local/lib/python3.8/site-packages/airflow/example_dags/example_latest_only.py
[2023-11-23T15:31:55.624+0000] {processor.py:839} INFO - DAG(s) dict_keys(['latest_only']) retrieved from /home/airflow/.local/lib/python3.8/site-packages/airflow/example_dags/example_latest_only.py
[2023-11-23T15:31:55.635+0000] {logging_mixin.py:154} INFO - [2023-11-23T15:31:55.635+0000] {dag.py:2941} INFO - Sync 1 DAGs
[2023-11-23T15:31:55.648+0000] {logging_mixin.py:154} INFO - [2023-11-23T15:31:55.648+0000] {dag.py:3722} INFO - Setting next_dagrun for latest_only to 2023-11-23T11:31:55.648408+00:00, run_after=2023-11-23T15:31:55.648408+00:00
[2023-11-23T15:31:55.660+0000] {processor.py:179} INFO - Processing /home/airflow/.local/lib/python3.8/site-packages/airflow/example_dags/example_latest_only.py took 0.042 seconds
[2023-11-23T15:32:26.484+0000] {processor.py:157} INFO - Started process (PID=576) to work on /home/airflow/.local/lib/python3.8/site-packages/airflow/example_dags/example_latest_only.py
[2023-11-23T15:32:26.485+0000] {processor.py:829} INFO - Processing file /home/airflow/.local/lib/python3.8/site-packages/airflow/example_dags/example_latest_only.py for tasks to queue
[2023-11-23T15:32:26.486+0000] {logging_mixin.py:154} INFO - [2023-11-23T15:32:26.486+0000] {dagbag.py:536} INFO - Filling up the DagBag from /home/airflow/.local/lib/python3.8/site-packages/airflow/example_dags/example_latest_only.py
[2023-11-23T15:32:26.489+0000] {processor.py:839} INFO - DAG(s) dict_keys(['latest_only']) retrieved from /home/airflow/.local/lib/python3.8/site-packages/airflow/example_dags/example_latest_only.py
[2023-11-23T15:32:26.500+0000] {logging_mixin.py:154} INFO - [2023-11-23T15:32:26.500+0000] {dag.py:2941} INFO - Sync 1 DAGs
[2023-11-23T15:32:26.513+0000] {logging_mixin.py:154} INFO - [2023-11-23T15:32:26.513+0000] {dag.py:3722} INFO - Setting next_dagrun for latest_only to 2023-11-23T11:32:26.513025+00:00, run_after=2023-11-23T15:32:26.513025+00:00
[2023-11-23T15:32:26.524+0000] {processor.py:179} INFO - Processing /home/airflow/.local/lib/python3.8/site-packages/airflow/example_dags/example_latest_only.py took 0.041 seconds
[2023-11-23T15:32:57.637+0000] {processor.py:157} INFO - Started process (PID=632) to work on /home/airflow/.local/lib/python3.8/site-packages/airflow/example_dags/example_latest_only.py
[2023-11-23T15:32:57.637+0000] {processor.py:829} INFO - Processing file /home/airflow/.local/lib/python3.8/site-packages/airflow/example_dags/example_latest_only.py for tasks to queue
[2023-11-23T15:32:57.638+0000] {logging_mixin.py:154} INFO - [2023-11-23T15:32:57.638+0000] {dagbag.py:536} INFO - Filling up the DagBag from /home/airflow/.local/lib/python3.8/site-packages/airflow/example_dags/example_latest_only.py
[2023-11-23T15:32:57.641+0000] {processor.py:839} INFO - DAG(s) dict_keys(['latest_only']) retrieved from /home/airflow/.local/lib/python3.8/site-packages/airflow/example_dags/example_latest_only.py
[2023-11-23T15:32:57.652+0000] {logging_mixin.py:154} INFO - [2023-11-23T15:32:57.652+0000] {dag.py:2941} INFO - Sync 1 DAGs
[2023-11-23T15:32:57.666+0000] {logging_mixin.py:154} INFO - [2023-11-23T15:32:57.666+0000] {dag.py:3722} INFO - Setting next_dagrun for latest_only to 2023-11-23T11:32:57.665925+00:00, run_after=2023-11-23T15:32:57.665925+00:00
[2023-11-23T15:32:57.677+0000] {processor.py:179} INFO - Processing /home/airflow/.local/lib/python3.8/site-packages/airflow/example_dags/example_latest_only.py took 0.041 seconds
