[2023-11-23T11:22:20.069+0000] {processor.py:157} INFO - Started process (PID=47) to work on /home/airflow/.local/lib/python3.8/site-packages/airflow/example_dags/example_xcomargs.py
[2023-11-23T11:22:20.070+0000] {processor.py:829} INFO - Processing file /home/airflow/.local/lib/python3.8/site-packages/airflow/example_dags/example_xcomargs.py for tasks to queue
[2023-11-23T11:22:20.071+0000] {logging_mixin.py:154} INFO - [2023-11-23T11:22:20.071+0000] {dagbag.py:536} INFO - Filling up the DagBag from /home/airflow/.local/lib/python3.8/site-packages/airflow/example_dags/example_xcomargs.py
[2023-11-23T11:22:20.077+0000] {processor.py:839} INFO - DAG(s) dict_keys(['example_xcom_args_with_operators', 'example_xcom_args']) retrieved from /home/airflow/.local/lib/python3.8/site-packages/airflow/example_dags/example_xcomargs.py
[2023-11-23T11:22:20.085+0000] {logging_mixin.py:154} INFO - [2023-11-23T11:22:20.085+0000] {dag.py:2941} INFO - Sync 2 DAGs
[2023-11-23T11:22:20.094+0000] {logging_mixin.py:154} INFO - [2023-11-23T11:22:20.094+0000] {dag.py:3722} INFO - Setting next_dagrun for example_xcom_args to None, run_after=None
[2023-11-23T11:22:20.096+0000] {logging_mixin.py:154} INFO - [2023-11-23T11:22:20.096+0000] {dag.py:3722} INFO - Setting next_dagrun for example_xcom_args_with_operators to None, run_after=None
[2023-11-23T11:22:20.107+0000] {processor.py:179} INFO - Processing /home/airflow/.local/lib/python3.8/site-packages/airflow/example_dags/example_xcomargs.py took 0.040 seconds
[2023-11-23T11:22:50.395+0000] {processor.py:157} INFO - Started process (PID=102) to work on /home/airflow/.local/lib/python3.8/site-packages/airflow/example_dags/example_xcomargs.py
[2023-11-23T11:22:50.396+0000] {processor.py:829} INFO - Processing file /home/airflow/.local/lib/python3.8/site-packages/airflow/example_dags/example_xcomargs.py for tasks to queue
[2023-11-23T11:22:50.397+0000] {logging_mixin.py:154} INFO - [2023-11-23T11:22:50.397+0000] {dagbag.py:536} INFO - Filling up the DagBag from /home/airflow/.local/lib/python3.8/site-packages/airflow/example_dags/example_xcomargs.py
[2023-11-23T11:22:50.402+0000] {processor.py:839} INFO - DAG(s) dict_keys(['example_xcom_args', 'example_xcom_args_with_operators']) retrieved from /home/airflow/.local/lib/python3.8/site-packages/airflow/example_dags/example_xcomargs.py
[2023-11-23T11:22:50.416+0000] {logging_mixin.py:154} INFO - [2023-11-23T11:22:50.415+0000] {dag.py:2941} INFO - Sync 2 DAGs
[2023-11-23T11:22:50.425+0000] {logging_mixin.py:154} INFO - [2023-11-23T11:22:50.424+0000] {dag.py:3722} INFO - Setting next_dagrun for example_xcom_args to None, run_after=None
[2023-11-23T11:22:50.427+0000] {logging_mixin.py:154} INFO - [2023-11-23T11:22:50.427+0000] {dag.py:3722} INFO - Setting next_dagrun for example_xcom_args_with_operators to None, run_after=None
[2023-11-23T11:22:50.437+0000] {processor.py:179} INFO - Processing /home/airflow/.local/lib/python3.8/site-packages/airflow/example_dags/example_xcomargs.py took 0.043 seconds
[2023-11-23T11:23:21.037+0000] {processor.py:157} INFO - Started process (PID=156) to work on /home/airflow/.local/lib/python3.8/site-packages/airflow/example_dags/example_xcomargs.py
[2023-11-23T11:23:21.037+0000] {processor.py:829} INFO - Processing file /home/airflow/.local/lib/python3.8/site-packages/airflow/example_dags/example_xcomargs.py for tasks to queue
[2023-11-23T11:23:21.039+0000] {logging_mixin.py:154} INFO - [2023-11-23T11:23:21.039+0000] {dagbag.py:536} INFO - Filling up the DagBag from /home/airflow/.local/lib/python3.8/site-packages/airflow/example_dags/example_xcomargs.py
[2023-11-23T11:23:21.045+0000] {processor.py:839} INFO - DAG(s) dict_keys(['example_xcom_args_with_operators', 'example_xcom_args']) retrieved from /home/airflow/.local/lib/python3.8/site-packages/airflow/example_dags/example_xcomargs.py
[2023-11-23T11:23:21.065+0000] {logging_mixin.py:154} INFO - [2023-11-23T11:23:21.065+0000] {dag.py:2941} INFO - Sync 2 DAGs
[2023-11-23T11:23:21.079+0000] {logging_mixin.py:154} INFO - [2023-11-23T11:23:21.079+0000] {dag.py:3722} INFO - Setting next_dagrun for example_xcom_args to None, run_after=None
[2023-11-23T11:23:21.083+0000] {logging_mixin.py:154} INFO - [2023-11-23T11:23:21.083+0000] {dag.py:3722} INFO - Setting next_dagrun for example_xcom_args_with_operators to None, run_after=None
[2023-11-23T11:23:21.102+0000] {processor.py:179} INFO - Processing /home/airflow/.local/lib/python3.8/site-packages/airflow/example_dags/example_xcomargs.py took 0.068 seconds
[2023-11-23T11:23:52.060+0000] {processor.py:157} INFO - Started process (PID=210) to work on /home/airflow/.local/lib/python3.8/site-packages/airflow/example_dags/example_xcomargs.py
[2023-11-23T11:23:52.061+0000] {processor.py:829} INFO - Processing file /home/airflow/.local/lib/python3.8/site-packages/airflow/example_dags/example_xcomargs.py for tasks to queue
[2023-11-23T11:23:52.062+0000] {logging_mixin.py:154} INFO - [2023-11-23T11:23:52.062+0000] {dagbag.py:536} INFO - Filling up the DagBag from /home/airflow/.local/lib/python3.8/site-packages/airflow/example_dags/example_xcomargs.py
[2023-11-23T11:23:52.066+0000] {processor.py:839} INFO - DAG(s) dict_keys(['example_xcom_args_with_operators', 'example_xcom_args']) retrieved from /home/airflow/.local/lib/python3.8/site-packages/airflow/example_dags/example_xcomargs.py
[2023-11-23T11:23:52.081+0000] {logging_mixin.py:154} INFO - [2023-11-23T11:23:52.081+0000] {dag.py:2941} INFO - Sync 2 DAGs
[2023-11-23T11:23:52.089+0000] {logging_mixin.py:154} INFO - [2023-11-23T11:23:52.089+0000] {dag.py:3722} INFO - Setting next_dagrun for example_xcom_args to None, run_after=None
[2023-11-23T11:23:52.091+0000] {logging_mixin.py:154} INFO - [2023-11-23T11:23:52.091+0000] {dag.py:3722} INFO - Setting next_dagrun for example_xcom_args_with_operators to None, run_after=None
[2023-11-23T11:23:52.101+0000] {processor.py:179} INFO - Processing /home/airflow/.local/lib/python3.8/site-packages/airflow/example_dags/example_xcomargs.py took 0.042 seconds
[2023-11-23T11:24:22.736+0000] {processor.py:157} INFO - Started process (PID=264) to work on /home/airflow/.local/lib/python3.8/site-packages/airflow/example_dags/example_xcomargs.py
[2023-11-23T11:24:22.737+0000] {processor.py:829} INFO - Processing file /home/airflow/.local/lib/python3.8/site-packages/airflow/example_dags/example_xcomargs.py for tasks to queue
[2023-11-23T11:24:22.738+0000] {logging_mixin.py:154} INFO - [2023-11-23T11:24:22.738+0000] {dagbag.py:536} INFO - Filling up the DagBag from /home/airflow/.local/lib/python3.8/site-packages/airflow/example_dags/example_xcomargs.py
[2023-11-23T11:24:22.743+0000] {processor.py:839} INFO - DAG(s) dict_keys(['example_xcom_args_with_operators', 'example_xcom_args']) retrieved from /home/airflow/.local/lib/python3.8/site-packages/airflow/example_dags/example_xcomargs.py
[2023-11-23T11:24:22.757+0000] {logging_mixin.py:154} INFO - [2023-11-23T11:24:22.757+0000] {dag.py:2941} INFO - Sync 2 DAGs
[2023-11-23T11:24:22.765+0000] {logging_mixin.py:154} INFO - [2023-11-23T11:24:22.765+0000] {dag.py:3722} INFO - Setting next_dagrun for example_xcom_args to None, run_after=None
[2023-11-23T11:24:22.768+0000] {logging_mixin.py:154} INFO - [2023-11-23T11:24:22.767+0000] {dag.py:3722} INFO - Setting next_dagrun for example_xcom_args_with_operators to None, run_after=None
[2023-11-23T11:24:22.777+0000] {processor.py:179} INFO - Processing /home/airflow/.local/lib/python3.8/site-packages/airflow/example_dags/example_xcomargs.py took 0.043 seconds
[2023-11-23T11:24:53.443+0000] {processor.py:157} INFO - Started process (PID=318) to work on /home/airflow/.local/lib/python3.8/site-packages/airflow/example_dags/example_xcomargs.py
[2023-11-23T11:24:53.444+0000] {processor.py:829} INFO - Processing file /home/airflow/.local/lib/python3.8/site-packages/airflow/example_dags/example_xcomargs.py for tasks to queue
[2023-11-23T11:24:53.445+0000] {logging_mixin.py:154} INFO - [2023-11-23T11:24:53.444+0000] {dagbag.py:536} INFO - Filling up the DagBag from /home/airflow/.local/lib/python3.8/site-packages/airflow/example_dags/example_xcomargs.py
[2023-11-23T11:24:53.449+0000] {processor.py:839} INFO - DAG(s) dict_keys(['example_xcom_args', 'example_xcom_args_with_operators']) retrieved from /home/airflow/.local/lib/python3.8/site-packages/airflow/example_dags/example_xcomargs.py
[2023-11-23T11:24:53.463+0000] {logging_mixin.py:154} INFO - [2023-11-23T11:24:53.463+0000] {dag.py:2941} INFO - Sync 2 DAGs
[2023-11-23T11:24:53.471+0000] {logging_mixin.py:154} INFO - [2023-11-23T11:24:53.471+0000] {dag.py:3722} INFO - Setting next_dagrun for example_xcom_args to None, run_after=None
[2023-11-23T11:24:53.473+0000] {logging_mixin.py:154} INFO - [2023-11-23T11:24:53.473+0000] {dag.py:3722} INFO - Setting next_dagrun for example_xcom_args_with_operators to None, run_after=None
[2023-11-23T11:24:53.484+0000] {processor.py:179} INFO - Processing /home/airflow/.local/lib/python3.8/site-packages/airflow/example_dags/example_xcomargs.py took 0.042 seconds
[2023-11-23T11:25:23.549+0000] {processor.py:157} INFO - Started process (PID=372) to work on /home/airflow/.local/lib/python3.8/site-packages/airflow/example_dags/example_xcomargs.py
[2023-11-23T11:25:23.550+0000] {processor.py:829} INFO - Processing file /home/airflow/.local/lib/python3.8/site-packages/airflow/example_dags/example_xcomargs.py for tasks to queue
[2023-11-23T11:25:23.551+0000] {logging_mixin.py:154} INFO - [2023-11-23T11:25:23.551+0000] {dagbag.py:536} INFO - Filling up the DagBag from /home/airflow/.local/lib/python3.8/site-packages/airflow/example_dags/example_xcomargs.py
[2023-11-23T11:25:23.555+0000] {processor.py:839} INFO - DAG(s) dict_keys(['example_xcom_args', 'example_xcom_args_with_operators']) retrieved from /home/airflow/.local/lib/python3.8/site-packages/airflow/example_dags/example_xcomargs.py
[2023-11-23T11:25:23.570+0000] {logging_mixin.py:154} INFO - [2023-11-23T11:25:23.569+0000] {dag.py:2941} INFO - Sync 2 DAGs
[2023-11-23T11:25:23.577+0000] {logging_mixin.py:154} INFO - [2023-11-23T11:25:23.577+0000] {dag.py:3722} INFO - Setting next_dagrun for example_xcom_args to None, run_after=None
[2023-11-23T11:25:23.579+0000] {logging_mixin.py:154} INFO - [2023-11-23T11:25:23.579+0000] {dag.py:3722} INFO - Setting next_dagrun for example_xcom_args_with_operators to None, run_after=None
[2023-11-23T11:25:23.589+0000] {processor.py:179} INFO - Processing /home/airflow/.local/lib/python3.8/site-packages/airflow/example_dags/example_xcomargs.py took 0.042 seconds
[2023-11-23T11:25:54.110+0000] {processor.py:157} INFO - Started process (PID=426) to work on /home/airflow/.local/lib/python3.8/site-packages/airflow/example_dags/example_xcomargs.py
[2023-11-23T11:25:54.111+0000] {processor.py:829} INFO - Processing file /home/airflow/.local/lib/python3.8/site-packages/airflow/example_dags/example_xcomargs.py for tasks to queue
[2023-11-23T11:25:54.112+0000] {logging_mixin.py:154} INFO - [2023-11-23T11:25:54.112+0000] {dagbag.py:536} INFO - Filling up the DagBag from /home/airflow/.local/lib/python3.8/site-packages/airflow/example_dags/example_xcomargs.py
[2023-11-23T11:25:54.117+0000] {processor.py:839} INFO - DAG(s) dict_keys(['example_xcom_args_with_operators', 'example_xcom_args']) retrieved from /home/airflow/.local/lib/python3.8/site-packages/airflow/example_dags/example_xcomargs.py
[2023-11-23T11:25:54.133+0000] {logging_mixin.py:154} INFO - [2023-11-23T11:25:54.133+0000] {dag.py:2941} INFO - Sync 2 DAGs
[2023-11-23T11:25:54.142+0000] {logging_mixin.py:154} INFO - [2023-11-23T11:25:54.142+0000] {dag.py:3722} INFO - Setting next_dagrun for example_xcom_args to None, run_after=None
[2023-11-23T11:25:54.145+0000] {logging_mixin.py:154} INFO - [2023-11-23T11:25:54.144+0000] {dag.py:3722} INFO - Setting next_dagrun for example_xcom_args_with_operators to None, run_after=None
[2023-11-23T11:25:54.156+0000] {processor.py:179} INFO - Processing /home/airflow/.local/lib/python3.8/site-packages/airflow/example_dags/example_xcomargs.py took 0.048 seconds
[2023-11-23T11:26:24.747+0000] {processor.py:157} INFO - Started process (PID=480) to work on /home/airflow/.local/lib/python3.8/site-packages/airflow/example_dags/example_xcomargs.py
[2023-11-23T11:26:24.748+0000] {processor.py:829} INFO - Processing file /home/airflow/.local/lib/python3.8/site-packages/airflow/example_dags/example_xcomargs.py for tasks to queue
[2023-11-23T11:26:24.749+0000] {logging_mixin.py:154} INFO - [2023-11-23T11:26:24.749+0000] {dagbag.py:536} INFO - Filling up the DagBag from /home/airflow/.local/lib/python3.8/site-packages/airflow/example_dags/example_xcomargs.py
[2023-11-23T11:26:24.754+0000] {processor.py:839} INFO - DAG(s) dict_keys(['example_xcom_args', 'example_xcom_args_with_operators']) retrieved from /home/airflow/.local/lib/python3.8/site-packages/airflow/example_dags/example_xcomargs.py
[2023-11-23T11:26:24.768+0000] {logging_mixin.py:154} INFO - [2023-11-23T11:26:24.768+0000] {dag.py:2941} INFO - Sync 2 DAGs
[2023-11-23T11:26:24.777+0000] {logging_mixin.py:154} INFO - [2023-11-23T11:26:24.776+0000] {dag.py:3722} INFO - Setting next_dagrun for example_xcom_args to None, run_after=None
[2023-11-23T11:26:24.779+0000] {logging_mixin.py:154} INFO - [2023-11-23T11:26:24.779+0000] {dag.py:3722} INFO - Setting next_dagrun for example_xcom_args_with_operators to None, run_after=None
[2023-11-23T11:26:24.789+0000] {processor.py:179} INFO - Processing /home/airflow/.local/lib/python3.8/site-packages/airflow/example_dags/example_xcomargs.py took 0.043 seconds
[2023-11-23T11:26:55.037+0000] {processor.py:157} INFO - Started process (PID=534) to work on /home/airflow/.local/lib/python3.8/site-packages/airflow/example_dags/example_xcomargs.py
[2023-11-23T11:26:55.037+0000] {processor.py:829} INFO - Processing file /home/airflow/.local/lib/python3.8/site-packages/airflow/example_dags/example_xcomargs.py for tasks to queue
[2023-11-23T11:26:55.039+0000] {logging_mixin.py:154} INFO - [2023-11-23T11:26:55.038+0000] {dagbag.py:536} INFO - Filling up the DagBag from /home/airflow/.local/lib/python3.8/site-packages/airflow/example_dags/example_xcomargs.py
[2023-11-23T11:26:55.043+0000] {processor.py:839} INFO - DAG(s) dict_keys(['example_xcom_args', 'example_xcom_args_with_operators']) retrieved from /home/airflow/.local/lib/python3.8/site-packages/airflow/example_dags/example_xcomargs.py
[2023-11-23T11:26:55.058+0000] {logging_mixin.py:154} INFO - [2023-11-23T11:26:55.058+0000] {dag.py:2941} INFO - Sync 2 DAGs
[2023-11-23T11:26:55.066+0000] {logging_mixin.py:154} INFO - [2023-11-23T11:26:55.066+0000] {dag.py:3722} INFO - Setting next_dagrun for example_xcom_args to None, run_after=None
[2023-11-23T11:26:55.068+0000] {logging_mixin.py:154} INFO - [2023-11-23T11:26:55.068+0000] {dag.py:3722} INFO - Setting next_dagrun for example_xcom_args_with_operators to None, run_after=None
[2023-11-23T11:26:55.079+0000] {processor.py:179} INFO - Processing /home/airflow/.local/lib/python3.8/site-packages/airflow/example_dags/example_xcomargs.py took 0.044 seconds
[2023-11-23T11:27:25.732+0000] {processor.py:157} INFO - Started process (PID=588) to work on /home/airflow/.local/lib/python3.8/site-packages/airflow/example_dags/example_xcomargs.py
[2023-11-23T11:27:25.732+0000] {processor.py:829} INFO - Processing file /home/airflow/.local/lib/python3.8/site-packages/airflow/example_dags/example_xcomargs.py for tasks to queue
[2023-11-23T11:27:25.734+0000] {logging_mixin.py:154} INFO - [2023-11-23T11:27:25.733+0000] {dagbag.py:536} INFO - Filling up the DagBag from /home/airflow/.local/lib/python3.8/site-packages/airflow/example_dags/example_xcomargs.py
[2023-11-23T11:27:25.738+0000] {processor.py:839} INFO - DAG(s) dict_keys(['example_xcom_args_with_operators', 'example_xcom_args']) retrieved from /home/airflow/.local/lib/python3.8/site-packages/airflow/example_dags/example_xcomargs.py
[2023-11-23T11:27:25.753+0000] {logging_mixin.py:154} INFO - [2023-11-23T11:27:25.752+0000] {dag.py:2941} INFO - Sync 2 DAGs
[2023-11-23T11:27:25.761+0000] {logging_mixin.py:154} INFO - [2023-11-23T11:27:25.761+0000] {dag.py:3722} INFO - Setting next_dagrun for example_xcom_args to None, run_after=None
[2023-11-23T11:27:25.763+0000] {logging_mixin.py:154} INFO - [2023-11-23T11:27:25.763+0000] {dag.py:3722} INFO - Setting next_dagrun for example_xcom_args_with_operators to None, run_after=None
[2023-11-23T11:27:25.773+0000] {processor.py:179} INFO - Processing /home/airflow/.local/lib/python3.8/site-packages/airflow/example_dags/example_xcomargs.py took 0.043 seconds
[2023-11-23T11:27:56.316+0000] {processor.py:157} INFO - Started process (PID=642) to work on /home/airflow/.local/lib/python3.8/site-packages/airflow/example_dags/example_xcomargs.py
[2023-11-23T11:27:56.317+0000] {processor.py:829} INFO - Processing file /home/airflow/.local/lib/python3.8/site-packages/airflow/example_dags/example_xcomargs.py for tasks to queue
[2023-11-23T11:27:56.318+0000] {logging_mixin.py:154} INFO - [2023-11-23T11:27:56.318+0000] {dagbag.py:536} INFO - Filling up the DagBag from /home/airflow/.local/lib/python3.8/site-packages/airflow/example_dags/example_xcomargs.py
[2023-11-23T11:27:56.323+0000] {processor.py:839} INFO - DAG(s) dict_keys(['example_xcom_args', 'example_xcom_args_with_operators']) retrieved from /home/airflow/.local/lib/python3.8/site-packages/airflow/example_dags/example_xcomargs.py
[2023-11-23T11:27:56.338+0000] {logging_mixin.py:154} INFO - [2023-11-23T11:27:56.338+0000] {dag.py:2941} INFO - Sync 2 DAGs
[2023-11-23T11:27:56.347+0000] {logging_mixin.py:154} INFO - [2023-11-23T11:27:56.347+0000] {dag.py:3722} INFO - Setting next_dagrun for example_xcom_args to None, run_after=None
[2023-11-23T11:27:56.349+0000] {logging_mixin.py:154} INFO - [2023-11-23T11:27:56.349+0000] {dag.py:3722} INFO - Setting next_dagrun for example_xcom_args_with_operators to None, run_after=None
[2023-11-23T11:27:56.359+0000] {processor.py:179} INFO - Processing /home/airflow/.local/lib/python3.8/site-packages/airflow/example_dags/example_xcomargs.py took 0.045 seconds
[2023-11-23T11:28:26.997+0000] {processor.py:157} INFO - Started process (PID=696) to work on /home/airflow/.local/lib/python3.8/site-packages/airflow/example_dags/example_xcomargs.py
[2023-11-23T11:28:26.998+0000] {processor.py:829} INFO - Processing file /home/airflow/.local/lib/python3.8/site-packages/airflow/example_dags/example_xcomargs.py for tasks to queue
[2023-11-23T11:28:27.000+0000] {logging_mixin.py:154} INFO - [2023-11-23T11:28:27.000+0000] {dagbag.py:536} INFO - Filling up the DagBag from /home/airflow/.local/lib/python3.8/site-packages/airflow/example_dags/example_xcomargs.py
[2023-11-23T11:28:27.005+0000] {processor.py:839} INFO - DAG(s) dict_keys(['example_xcom_args_with_operators', 'example_xcom_args']) retrieved from /home/airflow/.local/lib/python3.8/site-packages/airflow/example_dags/example_xcomargs.py
[2023-11-23T11:28:27.020+0000] {logging_mixin.py:154} INFO - [2023-11-23T11:28:27.020+0000] {dag.py:2941} INFO - Sync 2 DAGs
[2023-11-23T11:28:27.029+0000] {logging_mixin.py:154} INFO - [2023-11-23T11:28:27.029+0000] {dag.py:3722} INFO - Setting next_dagrun for example_xcom_args to None, run_after=None
[2023-11-23T11:28:27.031+0000] {logging_mixin.py:154} INFO - [2023-11-23T11:28:27.031+0000] {dag.py:3722} INFO - Setting next_dagrun for example_xcom_args_with_operators to None, run_after=None
[2023-11-23T11:28:27.041+0000] {processor.py:179} INFO - Processing /home/airflow/.local/lib/python3.8/site-packages/airflow/example_dags/example_xcomargs.py took 0.045 seconds
[2023-11-23T11:28:57.609+0000] {processor.py:157} INFO - Started process (PID=750) to work on /home/airflow/.local/lib/python3.8/site-packages/airflow/example_dags/example_xcomargs.py
[2023-11-23T11:28:57.609+0000] {processor.py:829} INFO - Processing file /home/airflow/.local/lib/python3.8/site-packages/airflow/example_dags/example_xcomargs.py for tasks to queue
[2023-11-23T11:28:57.610+0000] {logging_mixin.py:154} INFO - [2023-11-23T11:28:57.610+0000] {dagbag.py:536} INFO - Filling up the DagBag from /home/airflow/.local/lib/python3.8/site-packages/airflow/example_dags/example_xcomargs.py
[2023-11-23T11:28:57.615+0000] {processor.py:839} INFO - DAG(s) dict_keys(['example_xcom_args_with_operators', 'example_xcom_args']) retrieved from /home/airflow/.local/lib/python3.8/site-packages/airflow/example_dags/example_xcomargs.py
[2023-11-23T11:28:57.630+0000] {logging_mixin.py:154} INFO - [2023-11-23T11:28:57.630+0000] {dag.py:2941} INFO - Sync 2 DAGs
[2023-11-23T11:28:57.638+0000] {logging_mixin.py:154} INFO - [2023-11-23T11:28:57.638+0000] {dag.py:3722} INFO - Setting next_dagrun for example_xcom_args to None, run_after=None
[2023-11-23T11:28:57.641+0000] {logging_mixin.py:154} INFO - [2023-11-23T11:28:57.641+0000] {dag.py:3722} INFO - Setting next_dagrun for example_xcom_args_with_operators to None, run_after=None
[2023-11-23T11:28:57.652+0000] {processor.py:179} INFO - Processing /home/airflow/.local/lib/python3.8/site-packages/airflow/example_dags/example_xcomargs.py took 0.045 seconds
[2023-11-23T11:29:28.262+0000] {processor.py:157} INFO - Started process (PID=805) to work on /home/airflow/.local/lib/python3.8/site-packages/airflow/example_dags/example_xcomargs.py
[2023-11-23T11:29:28.262+0000] {processor.py:829} INFO - Processing file /home/airflow/.local/lib/python3.8/site-packages/airflow/example_dags/example_xcomargs.py for tasks to queue
[2023-11-23T11:29:28.264+0000] {logging_mixin.py:154} INFO - [2023-11-23T11:29:28.263+0000] {dagbag.py:536} INFO - Filling up the DagBag from /home/airflow/.local/lib/python3.8/site-packages/airflow/example_dags/example_xcomargs.py
[2023-11-23T11:29:28.268+0000] {processor.py:839} INFO - DAG(s) dict_keys(['example_xcom_args', 'example_xcom_args_with_operators']) retrieved from /home/airflow/.local/lib/python3.8/site-packages/airflow/example_dags/example_xcomargs.py
[2023-11-23T11:29:28.282+0000] {logging_mixin.py:154} INFO - [2023-11-23T11:29:28.282+0000] {dag.py:2941} INFO - Sync 2 DAGs
[2023-11-23T11:29:28.290+0000] {logging_mixin.py:154} INFO - [2023-11-23T11:29:28.290+0000] {dag.py:3722} INFO - Setting next_dagrun for example_xcom_args to None, run_after=None
[2023-11-23T11:29:28.293+0000] {logging_mixin.py:154} INFO - [2023-11-23T11:29:28.293+0000] {dag.py:3722} INFO - Setting next_dagrun for example_xcom_args_with_operators to None, run_after=None
[2023-11-23T11:29:28.303+0000] {processor.py:179} INFO - Processing /home/airflow/.local/lib/python3.8/site-packages/airflow/example_dags/example_xcomargs.py took 0.043 seconds
[2023-11-23T11:29:58.802+0000] {processor.py:157} INFO - Started process (PID=859) to work on /home/airflow/.local/lib/python3.8/site-packages/airflow/example_dags/example_xcomargs.py
[2023-11-23T11:29:58.803+0000] {processor.py:829} INFO - Processing file /home/airflow/.local/lib/python3.8/site-packages/airflow/example_dags/example_xcomargs.py for tasks to queue
[2023-11-23T11:29:58.804+0000] {logging_mixin.py:154} INFO - [2023-11-23T11:29:58.804+0000] {dagbag.py:536} INFO - Filling up the DagBag from /home/airflow/.local/lib/python3.8/site-packages/airflow/example_dags/example_xcomargs.py
[2023-11-23T11:29:58.809+0000] {processor.py:839} INFO - DAG(s) dict_keys(['example_xcom_args_with_operators', 'example_xcom_args']) retrieved from /home/airflow/.local/lib/python3.8/site-packages/airflow/example_dags/example_xcomargs.py
[2023-11-23T11:29:58.824+0000] {logging_mixin.py:154} INFO - [2023-11-23T11:29:58.824+0000] {dag.py:2941} INFO - Sync 2 DAGs
[2023-11-23T11:29:58.832+0000] {logging_mixin.py:154} INFO - [2023-11-23T11:29:58.832+0000] {dag.py:3722} INFO - Setting next_dagrun for example_xcom_args to None, run_after=None
[2023-11-23T11:29:58.835+0000] {logging_mixin.py:154} INFO - [2023-11-23T11:29:58.835+0000] {dag.py:3722} INFO - Setting next_dagrun for example_xcom_args_with_operators to None, run_after=None
[2023-11-23T11:29:58.845+0000] {processor.py:179} INFO - Processing /home/airflow/.local/lib/python3.8/site-packages/airflow/example_dags/example_xcomargs.py took 0.045 seconds
[2023-11-23T11:30:28.950+0000] {processor.py:157} INFO - Started process (PID=912) to work on /home/airflow/.local/lib/python3.8/site-packages/airflow/example_dags/example_xcomargs.py
[2023-11-23T11:30:28.950+0000] {processor.py:829} INFO - Processing file /home/airflow/.local/lib/python3.8/site-packages/airflow/example_dags/example_xcomargs.py for tasks to queue
[2023-11-23T11:30:28.951+0000] {logging_mixin.py:154} INFO - [2023-11-23T11:30:28.951+0000] {dagbag.py:536} INFO - Filling up the DagBag from /home/airflow/.local/lib/python3.8/site-packages/airflow/example_dags/example_xcomargs.py
[2023-11-23T11:30:28.956+0000] {processor.py:839} INFO - DAG(s) dict_keys(['example_xcom_args', 'example_xcom_args_with_operators']) retrieved from /home/airflow/.local/lib/python3.8/site-packages/airflow/example_dags/example_xcomargs.py
[2023-11-23T11:30:28.971+0000] {logging_mixin.py:154} INFO - [2023-11-23T11:30:28.970+0000] {dag.py:2941} INFO - Sync 2 DAGs
[2023-11-23T11:30:28.979+0000] {logging_mixin.py:154} INFO - [2023-11-23T11:30:28.979+0000] {dag.py:3722} INFO - Setting next_dagrun for example_xcom_args to None, run_after=None
[2023-11-23T11:30:28.981+0000] {logging_mixin.py:154} INFO - [2023-11-23T11:30:28.981+0000] {dag.py:3722} INFO - Setting next_dagrun for example_xcom_args_with_operators to None, run_after=None
[2023-11-23T11:30:28.992+0000] {processor.py:179} INFO - Processing /home/airflow/.local/lib/python3.8/site-packages/airflow/example_dags/example_xcomargs.py took 0.044 seconds
[2023-11-23T11:30:59.327+0000] {processor.py:157} INFO - Started process (PID=966) to work on /home/airflow/.local/lib/python3.8/site-packages/airflow/example_dags/example_xcomargs.py
[2023-11-23T11:30:59.328+0000] {processor.py:829} INFO - Processing file /home/airflow/.local/lib/python3.8/site-packages/airflow/example_dags/example_xcomargs.py for tasks to queue
[2023-11-23T11:30:59.329+0000] {logging_mixin.py:154} INFO - [2023-11-23T11:30:59.329+0000] {dagbag.py:536} INFO - Filling up the DagBag from /home/airflow/.local/lib/python3.8/site-packages/airflow/example_dags/example_xcomargs.py
[2023-11-23T11:30:59.334+0000] {processor.py:839} INFO - DAG(s) dict_keys(['example_xcom_args_with_operators', 'example_xcom_args']) retrieved from /home/airflow/.local/lib/python3.8/site-packages/airflow/example_dags/example_xcomargs.py
[2023-11-23T11:30:59.348+0000] {logging_mixin.py:154} INFO - [2023-11-23T11:30:59.348+0000] {dag.py:2941} INFO - Sync 2 DAGs
[2023-11-23T11:30:59.357+0000] {logging_mixin.py:154} INFO - [2023-11-23T11:30:59.357+0000] {dag.py:3722} INFO - Setting next_dagrun for example_xcom_args to None, run_after=None
[2023-11-23T11:30:59.359+0000] {logging_mixin.py:154} INFO - [2023-11-23T11:30:59.359+0000] {dag.py:3722} INFO - Setting next_dagrun for example_xcom_args_with_operators to None, run_after=None
[2023-11-23T11:30:59.369+0000] {processor.py:179} INFO - Processing /home/airflow/.local/lib/python3.8/site-packages/airflow/example_dags/example_xcomargs.py took 0.044 seconds
[2023-11-23T11:31:29.473+0000] {processor.py:157} INFO - Started process (PID=1021) to work on /home/airflow/.local/lib/python3.8/site-packages/airflow/example_dags/example_xcomargs.py
[2023-11-23T11:31:29.474+0000] {processor.py:829} INFO - Processing file /home/airflow/.local/lib/python3.8/site-packages/airflow/example_dags/example_xcomargs.py for tasks to queue
[2023-11-23T11:31:29.475+0000] {logging_mixin.py:154} INFO - [2023-11-23T11:31:29.475+0000] {dagbag.py:536} INFO - Filling up the DagBag from /home/airflow/.local/lib/python3.8/site-packages/airflow/example_dags/example_xcomargs.py
[2023-11-23T11:31:29.480+0000] {processor.py:839} INFO - DAG(s) dict_keys(['example_xcom_args_with_operators', 'example_xcom_args']) retrieved from /home/airflow/.local/lib/python3.8/site-packages/airflow/example_dags/example_xcomargs.py
[2023-11-23T11:31:29.495+0000] {logging_mixin.py:154} INFO - [2023-11-23T11:31:29.495+0000] {dag.py:2941} INFO - Sync 2 DAGs
[2023-11-23T11:31:29.503+0000] {logging_mixin.py:154} INFO - [2023-11-23T11:31:29.503+0000] {dag.py:3722} INFO - Setting next_dagrun for example_xcom_args to None, run_after=None
[2023-11-23T11:31:29.505+0000] {logging_mixin.py:154} INFO - [2023-11-23T11:31:29.505+0000] {dag.py:3722} INFO - Setting next_dagrun for example_xcom_args_with_operators to None, run_after=None
[2023-11-23T11:31:29.516+0000] {processor.py:179} INFO - Processing /home/airflow/.local/lib/python3.8/site-packages/airflow/example_dags/example_xcomargs.py took 0.045 seconds
[2023-11-23T11:31:59.544+0000] {processor.py:157} INFO - Started process (PID=1075) to work on /home/airflow/.local/lib/python3.8/site-packages/airflow/example_dags/example_xcomargs.py
[2023-11-23T11:31:59.545+0000] {processor.py:829} INFO - Processing file /home/airflow/.local/lib/python3.8/site-packages/airflow/example_dags/example_xcomargs.py for tasks to queue
[2023-11-23T11:31:59.546+0000] {logging_mixin.py:154} INFO - [2023-11-23T11:31:59.546+0000] {dagbag.py:536} INFO - Filling up the DagBag from /home/airflow/.local/lib/python3.8/site-packages/airflow/example_dags/example_xcomargs.py
[2023-11-23T11:31:59.550+0000] {processor.py:839} INFO - DAG(s) dict_keys(['example_xcom_args', 'example_xcom_args_with_operators']) retrieved from /home/airflow/.local/lib/python3.8/site-packages/airflow/example_dags/example_xcomargs.py
[2023-11-23T11:31:59.566+0000] {logging_mixin.py:154} INFO - [2023-11-23T11:31:59.566+0000] {dag.py:2941} INFO - Sync 2 DAGs
[2023-11-23T11:31:59.574+0000] {logging_mixin.py:154} INFO - [2023-11-23T11:31:59.574+0000] {dag.py:3722} INFO - Setting next_dagrun for example_xcom_args to None, run_after=None
[2023-11-23T11:31:59.577+0000] {logging_mixin.py:154} INFO - [2023-11-23T11:31:59.577+0000] {dag.py:3722} INFO - Setting next_dagrun for example_xcom_args_with_operators to None, run_after=None
[2023-11-23T11:31:59.587+0000] {processor.py:179} INFO - Processing /home/airflow/.local/lib/python3.8/site-packages/airflow/example_dags/example_xcomargs.py took 0.044 seconds
[2023-11-23T11:32:30.099+0000] {processor.py:157} INFO - Started process (PID=1129) to work on /home/airflow/.local/lib/python3.8/site-packages/airflow/example_dags/example_xcomargs.py
[2023-11-23T11:32:30.100+0000] {processor.py:829} INFO - Processing file /home/airflow/.local/lib/python3.8/site-packages/airflow/example_dags/example_xcomargs.py for tasks to queue
[2023-11-23T11:32:30.101+0000] {logging_mixin.py:154} INFO - [2023-11-23T11:32:30.101+0000] {dagbag.py:536} INFO - Filling up the DagBag from /home/airflow/.local/lib/python3.8/site-packages/airflow/example_dags/example_xcomargs.py
[2023-11-23T11:32:30.106+0000] {processor.py:839} INFO - DAG(s) dict_keys(['example_xcom_args_with_operators', 'example_xcom_args']) retrieved from /home/airflow/.local/lib/python3.8/site-packages/airflow/example_dags/example_xcomargs.py
[2023-11-23T11:32:30.120+0000] {logging_mixin.py:154} INFO - [2023-11-23T11:32:30.120+0000] {dag.py:2941} INFO - Sync 2 DAGs
[2023-11-23T11:32:30.129+0000] {logging_mixin.py:154} INFO - [2023-11-23T11:32:30.129+0000] {dag.py:3722} INFO - Setting next_dagrun for example_xcom_args to None, run_after=None
[2023-11-23T11:32:30.131+0000] {logging_mixin.py:154} INFO - [2023-11-23T11:32:30.131+0000] {dag.py:3722} INFO - Setting next_dagrun for example_xcom_args_with_operators to None, run_after=None
[2023-11-23T11:32:30.141+0000] {processor.py:179} INFO - Processing /home/airflow/.local/lib/python3.8/site-packages/airflow/example_dags/example_xcomargs.py took 0.044 seconds
[2023-11-23T11:33:00.399+0000] {processor.py:157} INFO - Started process (PID=1183) to work on /home/airflow/.local/lib/python3.8/site-packages/airflow/example_dags/example_xcomargs.py
[2023-11-23T11:33:00.400+0000] {processor.py:829} INFO - Processing file /home/airflow/.local/lib/python3.8/site-packages/airflow/example_dags/example_xcomargs.py for tasks to queue
[2023-11-23T11:33:00.401+0000] {logging_mixin.py:154} INFO - [2023-11-23T11:33:00.401+0000] {dagbag.py:536} INFO - Filling up the DagBag from /home/airflow/.local/lib/python3.8/site-packages/airflow/example_dags/example_xcomargs.py
[2023-11-23T11:33:00.405+0000] {processor.py:839} INFO - DAG(s) dict_keys(['example_xcom_args', 'example_xcom_args_with_operators']) retrieved from /home/airflow/.local/lib/python3.8/site-packages/airflow/example_dags/example_xcomargs.py
[2023-11-23T11:33:00.420+0000] {logging_mixin.py:154} INFO - [2023-11-23T11:33:00.419+0000] {dag.py:2941} INFO - Sync 2 DAGs
[2023-11-23T11:33:00.428+0000] {logging_mixin.py:154} INFO - [2023-11-23T11:33:00.428+0000] {dag.py:3722} INFO - Setting next_dagrun for example_xcom_args to None, run_after=None
[2023-11-23T11:33:00.430+0000] {logging_mixin.py:154} INFO - [2023-11-23T11:33:00.430+0000] {dag.py:3722} INFO - Setting next_dagrun for example_xcom_args_with_operators to None, run_after=None
[2023-11-23T11:33:00.441+0000] {processor.py:179} INFO - Processing /home/airflow/.local/lib/python3.8/site-packages/airflow/example_dags/example_xcomargs.py took 0.043 seconds
[2023-11-23T11:38:42.743+0000] {processor.py:157} INFO - Started process (PID=50) to work on /home/airflow/.local/lib/python3.8/site-packages/airflow/example_dags/example_xcomargs.py
[2023-11-23T11:38:42.744+0000] {processor.py:829} INFO - Processing file /home/airflow/.local/lib/python3.8/site-packages/airflow/example_dags/example_xcomargs.py for tasks to queue
[2023-11-23T11:38:42.745+0000] {logging_mixin.py:154} INFO - [2023-11-23T11:38:42.745+0000] {dagbag.py:536} INFO - Filling up the DagBag from /home/airflow/.local/lib/python3.8/site-packages/airflow/example_dags/example_xcomargs.py
[2023-11-23T11:38:42.751+0000] {processor.py:839} INFO - DAG(s) dict_keys(['example_xcom_args_with_operators', 'example_xcom_args']) retrieved from /home/airflow/.local/lib/python3.8/site-packages/airflow/example_dags/example_xcomargs.py
[2023-11-23T11:38:42.759+0000] {logging_mixin.py:154} INFO - [2023-11-23T11:38:42.758+0000] {dag.py:2941} INFO - Sync 2 DAGs
[2023-11-23T11:38:42.767+0000] {logging_mixin.py:154} INFO - [2023-11-23T11:38:42.767+0000] {dag.py:3722} INFO - Setting next_dagrun for example_xcom_args to None, run_after=None
[2023-11-23T11:38:42.769+0000] {logging_mixin.py:154} INFO - [2023-11-23T11:38:42.769+0000] {dag.py:3722} INFO - Setting next_dagrun for example_xcom_args_with_operators to None, run_after=None
[2023-11-23T11:38:42.780+0000] {processor.py:179} INFO - Processing /home/airflow/.local/lib/python3.8/site-packages/airflow/example_dags/example_xcomargs.py took 0.038 seconds
[2023-11-23T11:39:13.791+0000] {processor.py:157} INFO - Started process (PID=106) to work on /home/airflow/.local/lib/python3.8/site-packages/airflow/example_dags/example_xcomargs.py
[2023-11-23T11:39:13.791+0000] {processor.py:829} INFO - Processing file /home/airflow/.local/lib/python3.8/site-packages/airflow/example_dags/example_xcomargs.py for tasks to queue
[2023-11-23T11:39:13.793+0000] {logging_mixin.py:154} INFO - [2023-11-23T11:39:13.793+0000] {dagbag.py:536} INFO - Filling up the DagBag from /home/airflow/.local/lib/python3.8/site-packages/airflow/example_dags/example_xcomargs.py
[2023-11-23T11:39:13.797+0000] {processor.py:839} INFO - DAG(s) dict_keys(['example_xcom_args', 'example_xcom_args_with_operators']) retrieved from /home/airflow/.local/lib/python3.8/site-packages/airflow/example_dags/example_xcomargs.py
[2023-11-23T11:39:13.811+0000] {logging_mixin.py:154} INFO - [2023-11-23T11:39:13.811+0000] {dag.py:2941} INFO - Sync 2 DAGs
[2023-11-23T11:39:13.820+0000] {logging_mixin.py:154} INFO - [2023-11-23T11:39:13.820+0000] {dag.py:3722} INFO - Setting next_dagrun for example_xcom_args to None, run_after=None
[2023-11-23T11:39:13.822+0000] {logging_mixin.py:154} INFO - [2023-11-23T11:39:13.822+0000] {dag.py:3722} INFO - Setting next_dagrun for example_xcom_args_with_operators to None, run_after=None
[2023-11-23T11:39:13.832+0000] {processor.py:179} INFO - Processing /home/airflow/.local/lib/python3.8/site-packages/airflow/example_dags/example_xcomargs.py took 0.043 seconds
[2023-11-23T11:39:45.036+0000] {processor.py:157} INFO - Started process (PID=162) to work on /home/airflow/.local/lib/python3.8/site-packages/airflow/example_dags/example_xcomargs.py
[2023-11-23T11:39:45.037+0000] {processor.py:829} INFO - Processing file /home/airflow/.local/lib/python3.8/site-packages/airflow/example_dags/example_xcomargs.py for tasks to queue
[2023-11-23T11:39:45.038+0000] {logging_mixin.py:154} INFO - [2023-11-23T11:39:45.038+0000] {dagbag.py:536} INFO - Filling up the DagBag from /home/airflow/.local/lib/python3.8/site-packages/airflow/example_dags/example_xcomargs.py
[2023-11-23T11:39:45.043+0000] {processor.py:839} INFO - DAG(s) dict_keys(['example_xcom_args_with_operators', 'example_xcom_args']) retrieved from /home/airflow/.local/lib/python3.8/site-packages/airflow/example_dags/example_xcomargs.py
[2023-11-23T11:39:45.059+0000] {logging_mixin.py:154} INFO - [2023-11-23T11:39:45.058+0000] {dag.py:2941} INFO - Sync 2 DAGs
[2023-11-23T11:39:45.068+0000] {logging_mixin.py:154} INFO - [2023-11-23T11:39:45.068+0000] {dag.py:3722} INFO - Setting next_dagrun for example_xcom_args to None, run_after=None
[2023-11-23T11:39:45.070+0000] {logging_mixin.py:154} INFO - [2023-11-23T11:39:45.070+0000] {dag.py:3722} INFO - Setting next_dagrun for example_xcom_args_with_operators to None, run_after=None
[2023-11-23T11:39:45.080+0000] {processor.py:179} INFO - Processing /home/airflow/.local/lib/python3.8/site-packages/airflow/example_dags/example_xcomargs.py took 0.046 seconds
[2023-11-23T11:40:16.275+0000] {processor.py:157} INFO - Started process (PID=218) to work on /home/airflow/.local/lib/python3.8/site-packages/airflow/example_dags/example_xcomargs.py
[2023-11-23T11:40:16.276+0000] {processor.py:829} INFO - Processing file /home/airflow/.local/lib/python3.8/site-packages/airflow/example_dags/example_xcomargs.py for tasks to queue
[2023-11-23T11:40:16.278+0000] {logging_mixin.py:154} INFO - [2023-11-23T11:40:16.278+0000] {dagbag.py:536} INFO - Filling up the DagBag from /home/airflow/.local/lib/python3.8/site-packages/airflow/example_dags/example_xcomargs.py
[2023-11-23T11:40:16.283+0000] {processor.py:839} INFO - DAG(s) dict_keys(['example_xcom_args_with_operators', 'example_xcom_args']) retrieved from /home/airflow/.local/lib/python3.8/site-packages/airflow/example_dags/example_xcomargs.py
[2023-11-23T11:40:16.299+0000] {logging_mixin.py:154} INFO - [2023-11-23T11:40:16.298+0000] {dag.py:2941} INFO - Sync 2 DAGs
[2023-11-23T11:40:16.308+0000] {logging_mixin.py:154} INFO - [2023-11-23T11:40:16.308+0000] {dag.py:3722} INFO - Setting next_dagrun for example_xcom_args to None, run_after=None
[2023-11-23T11:40:16.311+0000] {logging_mixin.py:154} INFO - [2023-11-23T11:40:16.311+0000] {dag.py:3722} INFO - Setting next_dagrun for example_xcom_args_with_operators to None, run_after=None
[2023-11-23T11:40:16.322+0000] {processor.py:179} INFO - Processing /home/airflow/.local/lib/python3.8/site-packages/airflow/example_dags/example_xcomargs.py took 0.049 seconds
[2023-11-23T11:40:47.345+0000] {processor.py:157} INFO - Started process (PID=274) to work on /home/airflow/.local/lib/python3.8/site-packages/airflow/example_dags/example_xcomargs.py
[2023-11-23T11:40:47.345+0000] {processor.py:829} INFO - Processing file /home/airflow/.local/lib/python3.8/site-packages/airflow/example_dags/example_xcomargs.py for tasks to queue
[2023-11-23T11:40:47.347+0000] {logging_mixin.py:154} INFO - [2023-11-23T11:40:47.347+0000] {dagbag.py:536} INFO - Filling up the DagBag from /home/airflow/.local/lib/python3.8/site-packages/airflow/example_dags/example_xcomargs.py
[2023-11-23T11:40:47.351+0000] {processor.py:839} INFO - DAG(s) dict_keys(['example_xcom_args_with_operators', 'example_xcom_args']) retrieved from /home/airflow/.local/lib/python3.8/site-packages/airflow/example_dags/example_xcomargs.py
[2023-11-23T11:40:47.367+0000] {logging_mixin.py:154} INFO - [2023-11-23T11:40:47.367+0000] {dag.py:2941} INFO - Sync 2 DAGs
[2023-11-23T11:40:47.375+0000] {logging_mixin.py:154} INFO - [2023-11-23T11:40:47.375+0000] {dag.py:3722} INFO - Setting next_dagrun for example_xcom_args to None, run_after=None
[2023-11-23T11:40:47.377+0000] {logging_mixin.py:154} INFO - [2023-11-23T11:40:47.377+0000] {dag.py:3722} INFO - Setting next_dagrun for example_xcom_args_with_operators to None, run_after=None
[2023-11-23T11:40:47.387+0000] {processor.py:179} INFO - Processing /home/airflow/.local/lib/python3.8/site-packages/airflow/example_dags/example_xcomargs.py took 0.044 seconds
[2023-11-23T11:41:18.519+0000] {processor.py:157} INFO - Started process (PID=330) to work on /home/airflow/.local/lib/python3.8/site-packages/airflow/example_dags/example_xcomargs.py
[2023-11-23T11:41:18.520+0000] {processor.py:829} INFO - Processing file /home/airflow/.local/lib/python3.8/site-packages/airflow/example_dags/example_xcomargs.py for tasks to queue
[2023-11-23T11:41:18.522+0000] {logging_mixin.py:154} INFO - [2023-11-23T11:41:18.521+0000] {dagbag.py:536} INFO - Filling up the DagBag from /home/airflow/.local/lib/python3.8/site-packages/airflow/example_dags/example_xcomargs.py
[2023-11-23T11:41:18.526+0000] {processor.py:839} INFO - DAG(s) dict_keys(['example_xcom_args_with_operators', 'example_xcom_args']) retrieved from /home/airflow/.local/lib/python3.8/site-packages/airflow/example_dags/example_xcomargs.py
[2023-11-23T11:41:18.541+0000] {logging_mixin.py:154} INFO - [2023-11-23T11:41:18.541+0000] {dag.py:2941} INFO - Sync 2 DAGs
[2023-11-23T11:41:18.550+0000] {logging_mixin.py:154} INFO - [2023-11-23T11:41:18.550+0000] {dag.py:3722} INFO - Setting next_dagrun for example_xcom_args to None, run_after=None
[2023-11-23T11:41:18.553+0000] {logging_mixin.py:154} INFO - [2023-11-23T11:41:18.552+0000] {dag.py:3722} INFO - Setting next_dagrun for example_xcom_args_with_operators to None, run_after=None
[2023-11-23T11:41:18.564+0000] {processor.py:179} INFO - Processing /home/airflow/.local/lib/python3.8/site-packages/airflow/example_dags/example_xcomargs.py took 0.046 seconds
[2023-11-23T11:41:49.790+0000] {processor.py:157} INFO - Started process (PID=386) to work on /home/airflow/.local/lib/python3.8/site-packages/airflow/example_dags/example_xcomargs.py
[2023-11-23T11:41:49.791+0000] {processor.py:829} INFO - Processing file /home/airflow/.local/lib/python3.8/site-packages/airflow/example_dags/example_xcomargs.py for tasks to queue
[2023-11-23T11:41:49.792+0000] {logging_mixin.py:154} INFO - [2023-11-23T11:41:49.792+0000] {dagbag.py:536} INFO - Filling up the DagBag from /home/airflow/.local/lib/python3.8/site-packages/airflow/example_dags/example_xcomargs.py
[2023-11-23T11:41:49.798+0000] {processor.py:839} INFO - DAG(s) dict_keys(['example_xcom_args', 'example_xcom_args_with_operators']) retrieved from /home/airflow/.local/lib/python3.8/site-packages/airflow/example_dags/example_xcomargs.py
[2023-11-23T11:41:49.817+0000] {logging_mixin.py:154} INFO - [2023-11-23T11:41:49.817+0000] {dag.py:2941} INFO - Sync 2 DAGs
[2023-11-23T11:41:49.826+0000] {logging_mixin.py:154} INFO - [2023-11-23T11:41:49.826+0000] {dag.py:3722} INFO - Setting next_dagrun for example_xcom_args to None, run_after=None
[2023-11-23T11:41:49.829+0000] {logging_mixin.py:154} INFO - [2023-11-23T11:41:49.828+0000] {dag.py:3722} INFO - Setting next_dagrun for example_xcom_args_with_operators to None, run_after=None
[2023-11-23T11:41:49.839+0000] {processor.py:179} INFO - Processing /home/airflow/.local/lib/python3.8/site-packages/airflow/example_dags/example_xcomargs.py took 0.051 seconds
[2023-11-23T11:42:20.933+0000] {processor.py:157} INFO - Started process (PID=442) to work on /home/airflow/.local/lib/python3.8/site-packages/airflow/example_dags/example_xcomargs.py
[2023-11-23T11:42:20.933+0000] {processor.py:829} INFO - Processing file /home/airflow/.local/lib/python3.8/site-packages/airflow/example_dags/example_xcomargs.py for tasks to queue
[2023-11-23T11:42:20.935+0000] {logging_mixin.py:154} INFO - [2023-11-23T11:42:20.935+0000] {dagbag.py:536} INFO - Filling up the DagBag from /home/airflow/.local/lib/python3.8/site-packages/airflow/example_dags/example_xcomargs.py
[2023-11-23T11:42:20.939+0000] {processor.py:839} INFO - DAG(s) dict_keys(['example_xcom_args_with_operators', 'example_xcom_args']) retrieved from /home/airflow/.local/lib/python3.8/site-packages/airflow/example_dags/example_xcomargs.py
[2023-11-23T11:42:20.954+0000] {logging_mixin.py:154} INFO - [2023-11-23T11:42:20.954+0000] {dag.py:2941} INFO - Sync 2 DAGs
[2023-11-23T11:42:20.962+0000] {logging_mixin.py:154} INFO - [2023-11-23T11:42:20.962+0000] {dag.py:3722} INFO - Setting next_dagrun for example_xcom_args to None, run_after=None
[2023-11-23T11:42:20.964+0000] {logging_mixin.py:154} INFO - [2023-11-23T11:42:20.964+0000] {dag.py:3722} INFO - Setting next_dagrun for example_xcom_args_with_operators to None, run_after=None
[2023-11-23T11:42:20.974+0000] {processor.py:179} INFO - Processing /home/airflow/.local/lib/python3.8/site-packages/airflow/example_dags/example_xcomargs.py took 0.044 seconds
[2023-11-23T11:42:51.193+0000] {processor.py:157} INFO - Started process (PID=499) to work on /home/airflow/.local/lib/python3.8/site-packages/airflow/example_dags/example_xcomargs.py
[2023-11-23T11:42:51.194+0000] {processor.py:829} INFO - Processing file /home/airflow/.local/lib/python3.8/site-packages/airflow/example_dags/example_xcomargs.py for tasks to queue
[2023-11-23T11:42:51.195+0000] {logging_mixin.py:154} INFO - [2023-11-23T11:42:51.195+0000] {dagbag.py:536} INFO - Filling up the DagBag from /home/airflow/.local/lib/python3.8/site-packages/airflow/example_dags/example_xcomargs.py
[2023-11-23T11:42:51.200+0000] {processor.py:839} INFO - DAG(s) dict_keys(['example_xcom_args', 'example_xcom_args_with_operators']) retrieved from /home/airflow/.local/lib/python3.8/site-packages/airflow/example_dags/example_xcomargs.py
[2023-11-23T11:42:51.217+0000] {logging_mixin.py:154} INFO - [2023-11-23T11:42:51.216+0000] {dag.py:2941} INFO - Sync 2 DAGs
[2023-11-23T11:42:51.226+0000] {logging_mixin.py:154} INFO - [2023-11-23T11:42:51.226+0000] {dag.py:3722} INFO - Setting next_dagrun for example_xcom_args to None, run_after=None
[2023-11-23T11:42:51.228+0000] {logging_mixin.py:154} INFO - [2023-11-23T11:42:51.228+0000] {dag.py:3722} INFO - Setting next_dagrun for example_xcom_args_with_operators to None, run_after=None
[2023-11-23T11:42:51.240+0000] {processor.py:179} INFO - Processing /home/airflow/.local/lib/python3.8/site-packages/airflow/example_dags/example_xcomargs.py took 0.049 seconds
[2023-11-23T11:43:21.306+0000] {processor.py:157} INFO - Started process (PID=553) to work on /home/airflow/.local/lib/python3.8/site-packages/airflow/example_dags/example_xcomargs.py
[2023-11-23T11:43:21.306+0000] {processor.py:829} INFO - Processing file /home/airflow/.local/lib/python3.8/site-packages/airflow/example_dags/example_xcomargs.py for tasks to queue
[2023-11-23T11:43:21.307+0000] {logging_mixin.py:154} INFO - [2023-11-23T11:43:21.307+0000] {dagbag.py:536} INFO - Filling up the DagBag from /home/airflow/.local/lib/python3.8/site-packages/airflow/example_dags/example_xcomargs.py
[2023-11-23T11:43:21.312+0000] {processor.py:839} INFO - DAG(s) dict_keys(['example_xcom_args', 'example_xcom_args_with_operators']) retrieved from /home/airflow/.local/lib/python3.8/site-packages/airflow/example_dags/example_xcomargs.py
[2023-11-23T11:43:21.328+0000] {logging_mixin.py:154} INFO - [2023-11-23T11:43:21.328+0000] {dag.py:2941} INFO - Sync 2 DAGs
[2023-11-23T11:43:21.337+0000] {logging_mixin.py:154} INFO - [2023-11-23T11:43:21.337+0000] {dag.py:3722} INFO - Setting next_dagrun for example_xcom_args to None, run_after=None
[2023-11-23T11:43:21.339+0000] {logging_mixin.py:154} INFO - [2023-11-23T11:43:21.339+0000] {dag.py:3722} INFO - Setting next_dagrun for example_xcom_args_with_operators to None, run_after=None
[2023-11-23T11:43:21.350+0000] {processor.py:179} INFO - Processing /home/airflow/.local/lib/python3.8/site-packages/airflow/example_dags/example_xcomargs.py took 0.046 seconds
[2023-11-23T11:43:51.394+0000] {processor.py:157} INFO - Started process (PID=608) to work on /home/airflow/.local/lib/python3.8/site-packages/airflow/example_dags/example_xcomargs.py
[2023-11-23T11:43:51.395+0000] {processor.py:829} INFO - Processing file /home/airflow/.local/lib/python3.8/site-packages/airflow/example_dags/example_xcomargs.py for tasks to queue
[2023-11-23T11:43:51.396+0000] {logging_mixin.py:154} INFO - [2023-11-23T11:43:51.396+0000] {dagbag.py:536} INFO - Filling up the DagBag from /home/airflow/.local/lib/python3.8/site-packages/airflow/example_dags/example_xcomargs.py
[2023-11-23T11:43:51.401+0000] {processor.py:839} INFO - DAG(s) dict_keys(['example_xcom_args_with_operators', 'example_xcom_args']) retrieved from /home/airflow/.local/lib/python3.8/site-packages/airflow/example_dags/example_xcomargs.py
[2023-11-23T11:43:51.414+0000] {logging_mixin.py:154} INFO - [2023-11-23T11:43:51.414+0000] {dag.py:2941} INFO - Sync 2 DAGs
[2023-11-23T11:43:51.422+0000] {logging_mixin.py:154} INFO - [2023-11-23T11:43:51.422+0000] {dag.py:3722} INFO - Setting next_dagrun for example_xcom_args to None, run_after=None
[2023-11-23T11:43:51.425+0000] {logging_mixin.py:154} INFO - [2023-11-23T11:43:51.424+0000] {dag.py:3722} INFO - Setting next_dagrun for example_xcom_args_with_operators to None, run_after=None
[2023-11-23T11:43:51.434+0000] {processor.py:179} INFO - Processing /home/airflow/.local/lib/python3.8/site-packages/airflow/example_dags/example_xcomargs.py took 0.042 seconds
[2023-11-23T11:44:21.457+0000] {processor.py:157} INFO - Started process (PID=664) to work on /home/airflow/.local/lib/python3.8/site-packages/airflow/example_dags/example_xcomargs.py
[2023-11-23T11:44:21.458+0000] {processor.py:829} INFO - Processing file /home/airflow/.local/lib/python3.8/site-packages/airflow/example_dags/example_xcomargs.py for tasks to queue
[2023-11-23T11:44:21.459+0000] {logging_mixin.py:154} INFO - [2023-11-23T11:44:21.459+0000] {dagbag.py:536} INFO - Filling up the DagBag from /home/airflow/.local/lib/python3.8/site-packages/airflow/example_dags/example_xcomargs.py
[2023-11-23T11:44:21.463+0000] {processor.py:839} INFO - DAG(s) dict_keys(['example_xcom_args', 'example_xcom_args_with_operators']) retrieved from /home/airflow/.local/lib/python3.8/site-packages/airflow/example_dags/example_xcomargs.py
[2023-11-23T11:44:21.477+0000] {logging_mixin.py:154} INFO - [2023-11-23T11:44:21.477+0000] {dag.py:2941} INFO - Sync 2 DAGs
[2023-11-23T11:44:21.485+0000] {logging_mixin.py:154} INFO - [2023-11-23T11:44:21.485+0000] {dag.py:3722} INFO - Setting next_dagrun for example_xcom_args to None, run_after=None
[2023-11-23T11:44:21.487+0000] {logging_mixin.py:154} INFO - [2023-11-23T11:44:21.487+0000] {dag.py:3722} INFO - Setting next_dagrun for example_xcom_args_with_operators to None, run_after=None
[2023-11-23T11:44:21.498+0000] {processor.py:179} INFO - Processing /home/airflow/.local/lib/python3.8/site-packages/airflow/example_dags/example_xcomargs.py took 0.042 seconds
[2023-11-23T11:44:51.660+0000] {processor.py:157} INFO - Started process (PID=720) to work on /home/airflow/.local/lib/python3.8/site-packages/airflow/example_dags/example_xcomargs.py
[2023-11-23T11:44:51.660+0000] {processor.py:829} INFO - Processing file /home/airflow/.local/lib/python3.8/site-packages/airflow/example_dags/example_xcomargs.py for tasks to queue
[2023-11-23T11:44:51.661+0000] {logging_mixin.py:154} INFO - [2023-11-23T11:44:51.661+0000] {dagbag.py:536} INFO - Filling up the DagBag from /home/airflow/.local/lib/python3.8/site-packages/airflow/example_dags/example_xcomargs.py
[2023-11-23T11:44:51.666+0000] {processor.py:839} INFO - DAG(s) dict_keys(['example_xcom_args', 'example_xcom_args_with_operators']) retrieved from /home/airflow/.local/lib/python3.8/site-packages/airflow/example_dags/example_xcomargs.py
[2023-11-23T11:44:51.680+0000] {logging_mixin.py:154} INFO - [2023-11-23T11:44:51.680+0000] {dag.py:2941} INFO - Sync 2 DAGs
[2023-11-23T11:44:51.688+0000] {logging_mixin.py:154} INFO - [2023-11-23T11:44:51.688+0000] {dag.py:3722} INFO - Setting next_dagrun for example_xcom_args to None, run_after=None
[2023-11-23T11:44:51.690+0000] {logging_mixin.py:154} INFO - [2023-11-23T11:44:51.690+0000] {dag.py:3722} INFO - Setting next_dagrun for example_xcom_args_with_operators to None, run_after=None
[2023-11-23T11:44:51.700+0000] {processor.py:179} INFO - Processing /home/airflow/.local/lib/python3.8/site-packages/airflow/example_dags/example_xcomargs.py took 0.042 seconds
[2023-11-23T11:45:21.770+0000] {processor.py:157} INFO - Started process (PID=776) to work on /home/airflow/.local/lib/python3.8/site-packages/airflow/example_dags/example_xcomargs.py
[2023-11-23T11:45:21.771+0000] {processor.py:829} INFO - Processing file /home/airflow/.local/lib/python3.8/site-packages/airflow/example_dags/example_xcomargs.py for tasks to queue
[2023-11-23T11:45:21.772+0000] {logging_mixin.py:154} INFO - [2023-11-23T11:45:21.772+0000] {dagbag.py:536} INFO - Filling up the DagBag from /home/airflow/.local/lib/python3.8/site-packages/airflow/example_dags/example_xcomargs.py
[2023-11-23T11:45:21.777+0000] {processor.py:839} INFO - DAG(s) dict_keys(['example_xcom_args', 'example_xcom_args_with_operators']) retrieved from /home/airflow/.local/lib/python3.8/site-packages/airflow/example_dags/example_xcomargs.py
[2023-11-23T11:45:21.791+0000] {logging_mixin.py:154} INFO - [2023-11-23T11:45:21.791+0000] {dag.py:2941} INFO - Sync 2 DAGs
[2023-11-23T11:45:21.799+0000] {logging_mixin.py:154} INFO - [2023-11-23T11:45:21.799+0000] {dag.py:3722} INFO - Setting next_dagrun for example_xcom_args to None, run_after=None
[2023-11-23T11:45:21.801+0000] {logging_mixin.py:154} INFO - [2023-11-23T11:45:21.801+0000] {dag.py:3722} INFO - Setting next_dagrun for example_xcom_args_with_operators to None, run_after=None
[2023-11-23T11:45:21.811+0000] {processor.py:179} INFO - Processing /home/airflow/.local/lib/python3.8/site-packages/airflow/example_dags/example_xcomargs.py took 0.042 seconds
[2023-11-23T11:45:51.915+0000] {processor.py:157} INFO - Started process (PID=832) to work on /home/airflow/.local/lib/python3.8/site-packages/airflow/example_dags/example_xcomargs.py
[2023-11-23T11:45:51.916+0000] {processor.py:829} INFO - Processing file /home/airflow/.local/lib/python3.8/site-packages/airflow/example_dags/example_xcomargs.py for tasks to queue
[2023-11-23T11:45:51.917+0000] {logging_mixin.py:154} INFO - [2023-11-23T11:45:51.917+0000] {dagbag.py:536} INFO - Filling up the DagBag from /home/airflow/.local/lib/python3.8/site-packages/airflow/example_dags/example_xcomargs.py
[2023-11-23T11:45:51.921+0000] {processor.py:839} INFO - DAG(s) dict_keys(['example_xcom_args', 'example_xcom_args_with_operators']) retrieved from /home/airflow/.local/lib/python3.8/site-packages/airflow/example_dags/example_xcomargs.py
[2023-11-23T11:45:51.936+0000] {logging_mixin.py:154} INFO - [2023-11-23T11:45:51.935+0000] {dag.py:2941} INFO - Sync 2 DAGs
[2023-11-23T11:45:51.943+0000] {logging_mixin.py:154} INFO - [2023-11-23T11:45:51.943+0000] {dag.py:3722} INFO - Setting next_dagrun for example_xcom_args to None, run_after=None
[2023-11-23T11:45:51.946+0000] {logging_mixin.py:154} INFO - [2023-11-23T11:45:51.946+0000] {dag.py:3722} INFO - Setting next_dagrun for example_xcom_args_with_operators to None, run_after=None
[2023-11-23T11:45:51.955+0000] {processor.py:179} INFO - Processing /home/airflow/.local/lib/python3.8/site-packages/airflow/example_dags/example_xcomargs.py took 0.042 seconds
[2023-11-23T11:46:22.042+0000] {processor.py:157} INFO - Started process (PID=888) to work on /home/airflow/.local/lib/python3.8/site-packages/airflow/example_dags/example_xcomargs.py
[2023-11-23T11:46:22.043+0000] {processor.py:829} INFO - Processing file /home/airflow/.local/lib/python3.8/site-packages/airflow/example_dags/example_xcomargs.py for tasks to queue
[2023-11-23T11:46:22.044+0000] {logging_mixin.py:154} INFO - [2023-11-23T11:46:22.044+0000] {dagbag.py:536} INFO - Filling up the DagBag from /home/airflow/.local/lib/python3.8/site-packages/airflow/example_dags/example_xcomargs.py
[2023-11-23T11:46:22.048+0000] {processor.py:839} INFO - DAG(s) dict_keys(['example_xcom_args', 'example_xcom_args_with_operators']) retrieved from /home/airflow/.local/lib/python3.8/site-packages/airflow/example_dags/example_xcomargs.py
[2023-11-23T11:46:22.063+0000] {logging_mixin.py:154} INFO - [2023-11-23T11:46:22.063+0000] {dag.py:2941} INFO - Sync 2 DAGs
[2023-11-23T11:46:22.071+0000] {logging_mixin.py:154} INFO - [2023-11-23T11:46:22.071+0000] {dag.py:3722} INFO - Setting next_dagrun for example_xcom_args to None, run_after=None
[2023-11-23T11:46:22.073+0000] {logging_mixin.py:154} INFO - [2023-11-23T11:46:22.073+0000] {dag.py:3722} INFO - Setting next_dagrun for example_xcom_args_with_operators to None, run_after=None
[2023-11-23T11:46:22.083+0000] {processor.py:179} INFO - Processing /home/airflow/.local/lib/python3.8/site-packages/airflow/example_dags/example_xcomargs.py took 0.043 seconds
[2023-11-23T11:46:52.198+0000] {processor.py:157} INFO - Started process (PID=944) to work on /home/airflow/.local/lib/python3.8/site-packages/airflow/example_dags/example_xcomargs.py
[2023-11-23T11:46:52.199+0000] {processor.py:829} INFO - Processing file /home/airflow/.local/lib/python3.8/site-packages/airflow/example_dags/example_xcomargs.py for tasks to queue
[2023-11-23T11:46:52.200+0000] {logging_mixin.py:154} INFO - [2023-11-23T11:46:52.200+0000] {dagbag.py:536} INFO - Filling up the DagBag from /home/airflow/.local/lib/python3.8/site-packages/airflow/example_dags/example_xcomargs.py
[2023-11-23T11:46:52.205+0000] {processor.py:839} INFO - DAG(s) dict_keys(['example_xcom_args', 'example_xcom_args_with_operators']) retrieved from /home/airflow/.local/lib/python3.8/site-packages/airflow/example_dags/example_xcomargs.py
[2023-11-23T11:46:52.220+0000] {logging_mixin.py:154} INFO - [2023-11-23T11:46:52.220+0000] {dag.py:2941} INFO - Sync 2 DAGs
[2023-11-23T11:46:52.229+0000] {logging_mixin.py:154} INFO - [2023-11-23T11:46:52.229+0000] {dag.py:3722} INFO - Setting next_dagrun for example_xcom_args to None, run_after=None
[2023-11-23T11:46:52.231+0000] {logging_mixin.py:154} INFO - [2023-11-23T11:46:52.231+0000] {dag.py:3722} INFO - Setting next_dagrun for example_xcom_args_with_operators to None, run_after=None
[2023-11-23T11:46:52.242+0000] {processor.py:179} INFO - Processing /home/airflow/.local/lib/python3.8/site-packages/airflow/example_dags/example_xcomargs.py took 0.046 seconds
[2023-11-23T11:47:22.538+0000] {processor.py:157} INFO - Started process (PID=1000) to work on /home/airflow/.local/lib/python3.8/site-packages/airflow/example_dags/example_xcomargs.py
[2023-11-23T11:47:22.539+0000] {processor.py:829} INFO - Processing file /home/airflow/.local/lib/python3.8/site-packages/airflow/example_dags/example_xcomargs.py for tasks to queue
[2023-11-23T11:47:22.540+0000] {logging_mixin.py:154} INFO - [2023-11-23T11:47:22.540+0000] {dagbag.py:536} INFO - Filling up the DagBag from /home/airflow/.local/lib/python3.8/site-packages/airflow/example_dags/example_xcomargs.py
[2023-11-23T11:47:22.545+0000] {processor.py:839} INFO - DAG(s) dict_keys(['example_xcom_args_with_operators', 'example_xcom_args']) retrieved from /home/airflow/.local/lib/python3.8/site-packages/airflow/example_dags/example_xcomargs.py
[2023-11-23T11:47:22.563+0000] {logging_mixin.py:154} INFO - [2023-11-23T11:47:22.562+0000] {dag.py:2941} INFO - Sync 2 DAGs
[2023-11-23T11:47:22.572+0000] {logging_mixin.py:154} INFO - [2023-11-23T11:47:22.572+0000] {dag.py:3722} INFO - Setting next_dagrun for example_xcom_args to None, run_after=None
[2023-11-23T11:47:22.575+0000] {logging_mixin.py:154} INFO - [2023-11-23T11:47:22.575+0000] {dag.py:3722} INFO - Setting next_dagrun for example_xcom_args_with_operators to None, run_after=None
[2023-11-23T11:47:22.587+0000] {processor.py:179} INFO - Processing /home/airflow/.local/lib/python3.8/site-packages/airflow/example_dags/example_xcomargs.py took 0.051 seconds
[2023-11-23T15:27:48.847+0000] {processor.py:157} INFO - Started process (PID=49) to work on /home/airflow/.local/lib/python3.8/site-packages/airflow/example_dags/example_xcomargs.py
[2023-11-23T15:27:48.860+0000] {processor.py:829} INFO - Processing file /home/airflow/.local/lib/python3.8/site-packages/airflow/example_dags/example_xcomargs.py for tasks to queue
[2023-11-23T15:27:48.862+0000] {logging_mixin.py:154} INFO - [2023-11-23T15:27:48.862+0000] {dagbag.py:536} INFO - Filling up the DagBag from /home/airflow/.local/lib/python3.8/site-packages/airflow/example_dags/example_xcomargs.py
[2023-11-23T15:27:48.869+0000] {processor.py:839} INFO - DAG(s) dict_keys(['example_xcom_args_with_operators', 'example_xcom_args']) retrieved from /home/airflow/.local/lib/python3.8/site-packages/airflow/example_dags/example_xcomargs.py
[2023-11-23T15:27:48.877+0000] {logging_mixin.py:154} INFO - [2023-11-23T15:27:48.877+0000] {dag.py:2941} INFO - Sync 2 DAGs
[2023-11-23T15:27:48.888+0000] {logging_mixin.py:154} INFO - [2023-11-23T15:27:48.888+0000] {dag.py:3722} INFO - Setting next_dagrun for example_xcom_args to None, run_after=None
[2023-11-23T15:27:48.890+0000] {logging_mixin.py:154} INFO - [2023-11-23T15:27:48.890+0000] {dag.py:3722} INFO - Setting next_dagrun for example_xcom_args_with_operators to None, run_after=None
[2023-11-23T15:27:48.901+0000] {processor.py:179} INFO - Processing /home/airflow/.local/lib/python3.8/site-packages/airflow/example_dags/example_xcomargs.py took 0.056 seconds
[2023-11-23T15:28:19.950+0000] {processor.py:157} INFO - Started process (PID=105) to work on /home/airflow/.local/lib/python3.8/site-packages/airflow/example_dags/example_xcomargs.py
[2023-11-23T15:28:19.951+0000] {processor.py:829} INFO - Processing file /home/airflow/.local/lib/python3.8/site-packages/airflow/example_dags/example_xcomargs.py for tasks to queue
[2023-11-23T15:28:19.952+0000] {logging_mixin.py:154} INFO - [2023-11-23T15:28:19.952+0000] {dagbag.py:536} INFO - Filling up the DagBag from /home/airflow/.local/lib/python3.8/site-packages/airflow/example_dags/example_xcomargs.py
[2023-11-23T15:28:19.956+0000] {processor.py:839} INFO - DAG(s) dict_keys(['example_xcom_args_with_operators', 'example_xcom_args']) retrieved from /home/airflow/.local/lib/python3.8/site-packages/airflow/example_dags/example_xcomargs.py
[2023-11-23T15:28:19.970+0000] {logging_mixin.py:154} INFO - [2023-11-23T15:28:19.970+0000] {dag.py:2941} INFO - Sync 2 DAGs
[2023-11-23T15:28:19.978+0000] {logging_mixin.py:154} INFO - [2023-11-23T15:28:19.977+0000] {dag.py:3722} INFO - Setting next_dagrun for example_xcom_args to None, run_after=None
[2023-11-23T15:28:19.980+0000] {logging_mixin.py:154} INFO - [2023-11-23T15:28:19.980+0000] {dag.py:3722} INFO - Setting next_dagrun for example_xcom_args_with_operators to None, run_after=None
[2023-11-23T15:28:19.989+0000] {processor.py:179} INFO - Processing /home/airflow/.local/lib/python3.8/site-packages/airflow/example_dags/example_xcomargs.py took 0.040 seconds
[2023-11-23T15:28:50.235+0000] {processor.py:157} INFO - Started process (PID=161) to work on /home/airflow/.local/lib/python3.8/site-packages/airflow/example_dags/example_xcomargs.py
[2023-11-23T15:28:50.235+0000] {processor.py:829} INFO - Processing file /home/airflow/.local/lib/python3.8/site-packages/airflow/example_dags/example_xcomargs.py for tasks to queue
[2023-11-23T15:28:50.236+0000] {logging_mixin.py:154} INFO - [2023-11-23T15:28:50.236+0000] {dagbag.py:536} INFO - Filling up the DagBag from /home/airflow/.local/lib/python3.8/site-packages/airflow/example_dags/example_xcomargs.py
[2023-11-23T15:28:50.241+0000] {processor.py:839} INFO - DAG(s) dict_keys(['example_xcom_args_with_operators', 'example_xcom_args']) retrieved from /home/airflow/.local/lib/python3.8/site-packages/airflow/example_dags/example_xcomargs.py
[2023-11-23T15:28:50.256+0000] {logging_mixin.py:154} INFO - [2023-11-23T15:28:50.255+0000] {dag.py:2941} INFO - Sync 2 DAGs
[2023-11-23T15:28:50.264+0000] {logging_mixin.py:154} INFO - [2023-11-23T15:28:50.264+0000] {dag.py:3722} INFO - Setting next_dagrun for example_xcom_args to None, run_after=None
[2023-11-23T15:28:50.266+0000] {logging_mixin.py:154} INFO - [2023-11-23T15:28:50.266+0000] {dag.py:3722} INFO - Setting next_dagrun for example_xcom_args_with_operators to None, run_after=None
[2023-11-23T15:28:50.276+0000] {processor.py:179} INFO - Processing /home/airflow/.local/lib/python3.8/site-packages/airflow/example_dags/example_xcomargs.py took 0.043 seconds
[2023-11-23T15:29:20.403+0000] {processor.py:157} INFO - Started process (PID=215) to work on /home/airflow/.local/lib/python3.8/site-packages/airflow/example_dags/example_xcomargs.py
[2023-11-23T15:29:20.403+0000] {processor.py:829} INFO - Processing file /home/airflow/.local/lib/python3.8/site-packages/airflow/example_dags/example_xcomargs.py for tasks to queue
[2023-11-23T15:29:20.404+0000] {logging_mixin.py:154} INFO - [2023-11-23T15:29:20.404+0000] {dagbag.py:536} INFO - Filling up the DagBag from /home/airflow/.local/lib/python3.8/site-packages/airflow/example_dags/example_xcomargs.py
[2023-11-23T15:29:20.409+0000] {processor.py:839} INFO - DAG(s) dict_keys(['example_xcom_args_with_operators', 'example_xcom_args']) retrieved from /home/airflow/.local/lib/python3.8/site-packages/airflow/example_dags/example_xcomargs.py
[2023-11-23T15:29:20.424+0000] {logging_mixin.py:154} INFO - [2023-11-23T15:29:20.423+0000] {dag.py:2941} INFO - Sync 2 DAGs
[2023-11-23T15:29:20.432+0000] {logging_mixin.py:154} INFO - [2023-11-23T15:29:20.432+0000] {dag.py:3722} INFO - Setting next_dagrun for example_xcom_args to None, run_after=None
[2023-11-23T15:29:20.434+0000] {logging_mixin.py:154} INFO - [2023-11-23T15:29:20.434+0000] {dag.py:3722} INFO - Setting next_dagrun for example_xcom_args_with_operators to None, run_after=None
[2023-11-23T15:29:20.443+0000] {processor.py:179} INFO - Processing /home/airflow/.local/lib/python3.8/site-packages/airflow/example_dags/example_xcomargs.py took 0.042 seconds
[2023-11-23T15:29:50.657+0000] {processor.py:157} INFO - Started process (PID=271) to work on /home/airflow/.local/lib/python3.8/site-packages/airflow/example_dags/example_xcomargs.py
[2023-11-23T15:29:50.657+0000] {processor.py:829} INFO - Processing file /home/airflow/.local/lib/python3.8/site-packages/airflow/example_dags/example_xcomargs.py for tasks to queue
[2023-11-23T15:29:50.659+0000] {logging_mixin.py:154} INFO - [2023-11-23T15:29:50.659+0000] {dagbag.py:536} INFO - Filling up the DagBag from /home/airflow/.local/lib/python3.8/site-packages/airflow/example_dags/example_xcomargs.py
[2023-11-23T15:29:50.663+0000] {processor.py:839} INFO - DAG(s) dict_keys(['example_xcom_args_with_operators', 'example_xcom_args']) retrieved from /home/airflow/.local/lib/python3.8/site-packages/airflow/example_dags/example_xcomargs.py
[2023-11-23T15:29:50.677+0000] {logging_mixin.py:154} INFO - [2023-11-23T15:29:50.677+0000] {dag.py:2941} INFO - Sync 2 DAGs
[2023-11-23T15:29:50.685+0000] {logging_mixin.py:154} INFO - [2023-11-23T15:29:50.685+0000] {dag.py:3722} INFO - Setting next_dagrun for example_xcom_args to None, run_after=None
[2023-11-23T15:29:50.687+0000] {logging_mixin.py:154} INFO - [2023-11-23T15:29:50.687+0000] {dag.py:3722} INFO - Setting next_dagrun for example_xcom_args_with_operators to None, run_after=None
[2023-11-23T15:29:50.697+0000] {processor.py:179} INFO - Processing /home/airflow/.local/lib/python3.8/site-packages/airflow/example_dags/example_xcomargs.py took 0.042 seconds
[2023-11-23T15:30:21.835+0000] {processor.py:157} INFO - Started process (PID=329) to work on /home/airflow/.local/lib/python3.8/site-packages/airflow/example_dags/example_xcomargs.py
[2023-11-23T15:30:21.836+0000] {processor.py:829} INFO - Processing file /home/airflow/.local/lib/python3.8/site-packages/airflow/example_dags/example_xcomargs.py for tasks to queue
[2023-11-23T15:30:21.837+0000] {logging_mixin.py:154} INFO - [2023-11-23T15:30:21.837+0000] {dagbag.py:536} INFO - Filling up the DagBag from /home/airflow/.local/lib/python3.8/site-packages/airflow/example_dags/example_xcomargs.py
[2023-11-23T15:30:21.841+0000] {processor.py:839} INFO - DAG(s) dict_keys(['example_xcom_args', 'example_xcom_args_with_operators']) retrieved from /home/airflow/.local/lib/python3.8/site-packages/airflow/example_dags/example_xcomargs.py
[2023-11-23T15:30:21.856+0000] {logging_mixin.py:154} INFO - [2023-11-23T15:30:21.856+0000] {dag.py:2941} INFO - Sync 2 DAGs
[2023-11-23T15:30:21.864+0000] {logging_mixin.py:154} INFO - [2023-11-23T15:30:21.864+0000] {dag.py:3722} INFO - Setting next_dagrun for example_xcom_args to None, run_after=None
[2023-11-23T15:30:21.866+0000] {logging_mixin.py:154} INFO - [2023-11-23T15:30:21.866+0000] {dag.py:3722} INFO - Setting next_dagrun for example_xcom_args_with_operators to None, run_after=None
[2023-11-23T15:30:21.877+0000] {processor.py:179} INFO - Processing /home/airflow/.local/lib/python3.8/site-packages/airflow/example_dags/example_xcomargs.py took 0.043 seconds
[2023-11-23T15:30:52.614+0000] {processor.py:157} INFO - Started process (PID=385) to work on /home/airflow/.local/lib/python3.8/site-packages/airflow/example_dags/example_xcomargs.py
[2023-11-23T15:30:52.614+0000] {processor.py:829} INFO - Processing file /home/airflow/.local/lib/python3.8/site-packages/airflow/example_dags/example_xcomargs.py for tasks to queue
[2023-11-23T15:30:52.615+0000] {logging_mixin.py:154} INFO - [2023-11-23T15:30:52.615+0000] {dagbag.py:536} INFO - Filling up the DagBag from /home/airflow/.local/lib/python3.8/site-packages/airflow/example_dags/example_xcomargs.py
[2023-11-23T15:30:52.620+0000] {processor.py:839} INFO - DAG(s) dict_keys(['example_xcom_args_with_operators', 'example_xcom_args']) retrieved from /home/airflow/.local/lib/python3.8/site-packages/airflow/example_dags/example_xcomargs.py
[2023-11-23T15:30:52.634+0000] {logging_mixin.py:154} INFO - [2023-11-23T15:30:52.634+0000] {dag.py:2941} INFO - Sync 2 DAGs
[2023-11-23T15:30:52.642+0000] {logging_mixin.py:154} INFO - [2023-11-23T15:30:52.642+0000] {dag.py:3722} INFO - Setting next_dagrun for example_xcom_args to None, run_after=None
[2023-11-23T15:30:52.644+0000] {logging_mixin.py:154} INFO - [2023-11-23T15:30:52.644+0000] {dag.py:3722} INFO - Setting next_dagrun for example_xcom_args_with_operators to None, run_after=None
[2023-11-23T15:30:52.654+0000] {processor.py:179} INFO - Processing /home/airflow/.local/lib/python3.8/site-packages/airflow/example_dags/example_xcomargs.py took 0.042 seconds
[2023-11-23T15:31:23.800+0000] {processor.py:157} INFO - Started process (PID=441) to work on /home/airflow/.local/lib/python3.8/site-packages/airflow/example_dags/example_xcomargs.py
[2023-11-23T15:31:23.800+0000] {processor.py:829} INFO - Processing file /home/airflow/.local/lib/python3.8/site-packages/airflow/example_dags/example_xcomargs.py for tasks to queue
[2023-11-23T15:31:23.802+0000] {logging_mixin.py:154} INFO - [2023-11-23T15:31:23.802+0000] {dagbag.py:536} INFO - Filling up the DagBag from /home/airflow/.local/lib/python3.8/site-packages/airflow/example_dags/example_xcomargs.py
[2023-11-23T15:31:23.806+0000] {processor.py:839} INFO - DAG(s) dict_keys(['example_xcom_args_with_operators', 'example_xcom_args']) retrieved from /home/airflow/.local/lib/python3.8/site-packages/airflow/example_dags/example_xcomargs.py
[2023-11-23T15:31:23.820+0000] {logging_mixin.py:154} INFO - [2023-11-23T15:31:23.820+0000] {dag.py:2941} INFO - Sync 2 DAGs
[2023-11-23T15:31:23.828+0000] {logging_mixin.py:154} INFO - [2023-11-23T15:31:23.827+0000] {dag.py:3722} INFO - Setting next_dagrun for example_xcom_args to None, run_after=None
[2023-11-23T15:31:23.830+0000] {logging_mixin.py:154} INFO - [2023-11-23T15:31:23.830+0000] {dag.py:3722} INFO - Setting next_dagrun for example_xcom_args_with_operators to None, run_after=None
[2023-11-23T15:31:23.839+0000] {processor.py:179} INFO - Processing /home/airflow/.local/lib/python3.8/site-packages/airflow/example_dags/example_xcomargs.py took 0.042 seconds
[2023-11-23T15:31:54.940+0000] {processor.py:157} INFO - Started process (PID=497) to work on /home/airflow/.local/lib/python3.8/site-packages/airflow/example_dags/example_xcomargs.py
[2023-11-23T15:31:54.941+0000] {processor.py:829} INFO - Processing file /home/airflow/.local/lib/python3.8/site-packages/airflow/example_dags/example_xcomargs.py for tasks to queue
[2023-11-23T15:31:54.942+0000] {logging_mixin.py:154} INFO - [2023-11-23T15:31:54.942+0000] {dagbag.py:536} INFO - Filling up the DagBag from /home/airflow/.local/lib/python3.8/site-packages/airflow/example_dags/example_xcomargs.py
[2023-11-23T15:31:54.946+0000] {processor.py:839} INFO - DAG(s) dict_keys(['example_xcom_args', 'example_xcom_args_with_operators']) retrieved from /home/airflow/.local/lib/python3.8/site-packages/airflow/example_dags/example_xcomargs.py
[2023-11-23T15:31:54.960+0000] {logging_mixin.py:154} INFO - [2023-11-23T15:31:54.960+0000] {dag.py:2941} INFO - Sync 2 DAGs
[2023-11-23T15:31:54.968+0000] {logging_mixin.py:154} INFO - [2023-11-23T15:31:54.968+0000] {dag.py:3722} INFO - Setting next_dagrun for example_xcom_args to None, run_after=None
[2023-11-23T15:31:54.970+0000] {logging_mixin.py:154} INFO - [2023-11-23T15:31:54.970+0000] {dag.py:3722} INFO - Setting next_dagrun for example_xcom_args_with_operators to None, run_after=None
[2023-11-23T15:31:54.980+0000] {processor.py:179} INFO - Processing /home/airflow/.local/lib/python3.8/site-packages/airflow/example_dags/example_xcomargs.py took 0.042 seconds
[2023-11-23T15:32:25.739+0000] {processor.py:157} INFO - Started process (PID=553) to work on /home/airflow/.local/lib/python3.8/site-packages/airflow/example_dags/example_xcomargs.py
[2023-11-23T15:32:25.740+0000] {processor.py:829} INFO - Processing file /home/airflow/.local/lib/python3.8/site-packages/airflow/example_dags/example_xcomargs.py for tasks to queue
[2023-11-23T15:32:25.741+0000] {logging_mixin.py:154} INFO - [2023-11-23T15:32:25.741+0000] {dagbag.py:536} INFO - Filling up the DagBag from /home/airflow/.local/lib/python3.8/site-packages/airflow/example_dags/example_xcomargs.py
[2023-11-23T15:32:25.746+0000] {processor.py:839} INFO - DAG(s) dict_keys(['example_xcom_args', 'example_xcom_args_with_operators']) retrieved from /home/airflow/.local/lib/python3.8/site-packages/airflow/example_dags/example_xcomargs.py
[2023-11-23T15:32:25.765+0000] {logging_mixin.py:154} INFO - [2023-11-23T15:32:25.764+0000] {dag.py:2941} INFO - Sync 2 DAGs
[2023-11-23T15:32:25.774+0000] {logging_mixin.py:154} INFO - [2023-11-23T15:32:25.773+0000] {dag.py:3722} INFO - Setting next_dagrun for example_xcom_args to None, run_after=None
[2023-11-23T15:32:25.776+0000] {logging_mixin.py:154} INFO - [2023-11-23T15:32:25.776+0000] {dag.py:3722} INFO - Setting next_dagrun for example_xcom_args_with_operators to None, run_after=None
[2023-11-23T15:32:25.787+0000] {processor.py:179} INFO - Processing /home/airflow/.local/lib/python3.8/site-packages/airflow/example_dags/example_xcomargs.py took 0.050 seconds
[2023-11-23T15:32:56.914+0000] {processor.py:157} INFO - Started process (PID=609) to work on /home/airflow/.local/lib/python3.8/site-packages/airflow/example_dags/example_xcomargs.py
[2023-11-23T15:32:56.914+0000] {processor.py:829} INFO - Processing file /home/airflow/.local/lib/python3.8/site-packages/airflow/example_dags/example_xcomargs.py for tasks to queue
[2023-11-23T15:32:56.915+0000] {logging_mixin.py:154} INFO - [2023-11-23T15:32:56.915+0000] {dagbag.py:536} INFO - Filling up the DagBag from /home/airflow/.local/lib/python3.8/site-packages/airflow/example_dags/example_xcomargs.py
[2023-11-23T15:32:56.919+0000] {processor.py:839} INFO - DAG(s) dict_keys(['example_xcom_args', 'example_xcom_args_with_operators']) retrieved from /home/airflow/.local/lib/python3.8/site-packages/airflow/example_dags/example_xcomargs.py
[2023-11-23T15:32:56.934+0000] {logging_mixin.py:154} INFO - [2023-11-23T15:32:56.934+0000] {dag.py:2941} INFO - Sync 2 DAGs
[2023-11-23T15:32:56.942+0000] {logging_mixin.py:154} INFO - [2023-11-23T15:32:56.942+0000] {dag.py:3722} INFO - Setting next_dagrun for example_xcom_args to None, run_after=None
[2023-11-23T15:32:56.944+0000] {logging_mixin.py:154} INFO - [2023-11-23T15:32:56.944+0000] {dag.py:3722} INFO - Setting next_dagrun for example_xcom_args_with_operators to None, run_after=None
[2023-11-23T15:32:56.953+0000] {processor.py:179} INFO - Processing /home/airflow/.local/lib/python3.8/site-packages/airflow/example_dags/example_xcomargs.py took 0.041 seconds
