[2023-11-23T11:22:20.467+0000] {processor.py:157} INFO - Started process (PID=60) to work on /home/airflow/.local/lib/python3.8/site-packages/airflow/example_dags/example_branch_datetime_operator.py
[2023-11-23T11:22:20.468+0000] {processor.py:829} INFO - Processing file /home/airflow/.local/lib/python3.8/site-packages/airflow/example_dags/example_branch_datetime_operator.py for tasks to queue
[2023-11-23T11:22:20.469+0000] {logging_mixin.py:154} INFO - [2023-11-23T11:22:20.469+0000] {dagbag.py:536} INFO - Filling up the DagBag from /home/airflow/.local/lib/python3.8/site-packages/airflow/example_dags/example_branch_datetime_operator.py
[2023-11-23T11:22:20.477+0000] {processor.py:839} INFO - DAG(s) dict_keys(['example_branch_datetime_operator_3', 'example_branch_datetime_operator', 'example_branch_datetime_operator_2']) retrieved from /home/airflow/.local/lib/python3.8/site-packages/airflow/example_dags/example_branch_datetime_operator.py
[2023-11-23T11:22:20.485+0000] {logging_mixin.py:154} INFO - [2023-11-23T11:22:20.485+0000] {dag.py:2941} INFO - Sync 3 DAGs
[2023-11-23T11:22:20.507+0000] {logging_mixin.py:154} INFO - [2023-11-23T11:22:20.507+0000] {dag.py:3722} INFO - Setting next_dagrun for example_branch_datetime_operator to 2023-11-22T00:00:00+00:00, run_after=2023-11-23T00:00:00+00:00
[2023-11-23T11:22:20.512+0000] {logging_mixin.py:154} INFO - [2023-11-23T11:22:20.512+0000] {dag.py:3722} INFO - Setting next_dagrun for example_branch_datetime_operator_2 to 2023-11-22T00:00:00+00:00, run_after=2023-11-23T00:00:00+00:00
[2023-11-23T11:22:20.515+0000] {logging_mixin.py:154} INFO - [2023-11-23T11:22:20.515+0000] {dag.py:3722} INFO - Setting next_dagrun for example_branch_datetime_operator_3 to 2023-11-22T00:00:00+00:00, run_after=2023-11-23T00:00:00+00:00
[2023-11-23T11:22:20.527+0000] {processor.py:179} INFO - Processing /home/airflow/.local/lib/python3.8/site-packages/airflow/example_dags/example_branch_datetime_operator.py took 0.062 seconds
[2023-11-23T11:22:50.846+0000] {processor.py:157} INFO - Started process (PID=115) to work on /home/airflow/.local/lib/python3.8/site-packages/airflow/example_dags/example_branch_datetime_operator.py
[2023-11-23T11:22:50.846+0000] {processor.py:829} INFO - Processing file /home/airflow/.local/lib/python3.8/site-packages/airflow/example_dags/example_branch_datetime_operator.py for tasks to queue
[2023-11-23T11:22:50.847+0000] {logging_mixin.py:154} INFO - [2023-11-23T11:22:50.847+0000] {dagbag.py:536} INFO - Filling up the DagBag from /home/airflow/.local/lib/python3.8/site-packages/airflow/example_dags/example_branch_datetime_operator.py
[2023-11-23T11:22:50.854+0000] {processor.py:839} INFO - DAG(s) dict_keys(['example_branch_datetime_operator', 'example_branch_datetime_operator_3', 'example_branch_datetime_operator_2']) retrieved from /home/airflow/.local/lib/python3.8/site-packages/airflow/example_dags/example_branch_datetime_operator.py
[2023-11-23T11:22:50.870+0000] {logging_mixin.py:154} INFO - [2023-11-23T11:22:50.870+0000] {dag.py:2941} INFO - Sync 3 DAGs
[2023-11-23T11:22:50.885+0000] {logging_mixin.py:154} INFO - [2023-11-23T11:22:50.885+0000] {dag.py:3722} INFO - Setting next_dagrun for example_branch_datetime_operator to 2023-11-22T00:00:00+00:00, run_after=2023-11-23T00:00:00+00:00
[2023-11-23T11:22:50.889+0000] {logging_mixin.py:154} INFO - [2023-11-23T11:22:50.889+0000] {dag.py:3722} INFO - Setting next_dagrun for example_branch_datetime_operator_2 to 2023-11-22T00:00:00+00:00, run_after=2023-11-23T00:00:00+00:00
[2023-11-23T11:22:50.891+0000] {logging_mixin.py:154} INFO - [2023-11-23T11:22:50.891+0000] {dag.py:3722} INFO - Setting next_dagrun for example_branch_datetime_operator_3 to 2023-11-22T00:00:00+00:00, run_after=2023-11-23T00:00:00+00:00
[2023-11-23T11:22:50.901+0000] {processor.py:179} INFO - Processing /home/airflow/.local/lib/python3.8/site-packages/airflow/example_dags/example_branch_datetime_operator.py took 0.057 seconds
[2023-11-23T11:23:21.637+0000] {processor.py:157} INFO - Started process (PID=169) to work on /home/airflow/.local/lib/python3.8/site-packages/airflow/example_dags/example_branch_datetime_operator.py
[2023-11-23T11:23:21.638+0000] {processor.py:829} INFO - Processing file /home/airflow/.local/lib/python3.8/site-packages/airflow/example_dags/example_branch_datetime_operator.py for tasks to queue
[2023-11-23T11:23:21.640+0000] {logging_mixin.py:154} INFO - [2023-11-23T11:23:21.639+0000] {dagbag.py:536} INFO - Filling up the DagBag from /home/airflow/.local/lib/python3.8/site-packages/airflow/example_dags/example_branch_datetime_operator.py
[2023-11-23T11:23:21.646+0000] {processor.py:839} INFO - DAG(s) dict_keys(['example_branch_datetime_operator_3', 'example_branch_datetime_operator', 'example_branch_datetime_operator_2']) retrieved from /home/airflow/.local/lib/python3.8/site-packages/airflow/example_dags/example_branch_datetime_operator.py
[2023-11-23T11:23:21.665+0000] {logging_mixin.py:154} INFO - [2023-11-23T11:23:21.665+0000] {dag.py:2941} INFO - Sync 3 DAGs
[2023-11-23T11:23:21.682+0000] {logging_mixin.py:154} INFO - [2023-11-23T11:23:21.682+0000] {dag.py:3722} INFO - Setting next_dagrun for example_branch_datetime_operator to 2023-11-22T00:00:00+00:00, run_after=2023-11-23T00:00:00+00:00
[2023-11-23T11:23:21.686+0000] {logging_mixin.py:154} INFO - [2023-11-23T11:23:21.686+0000] {dag.py:3722} INFO - Setting next_dagrun for example_branch_datetime_operator_2 to 2023-11-22T00:00:00+00:00, run_after=2023-11-23T00:00:00+00:00
[2023-11-23T11:23:21.689+0000] {logging_mixin.py:154} INFO - [2023-11-23T11:23:21.688+0000] {dag.py:3722} INFO - Setting next_dagrun for example_branch_datetime_operator_3 to 2023-11-22T00:00:00+00:00, run_after=2023-11-23T00:00:00+00:00
[2023-11-23T11:23:21.700+0000] {processor.py:179} INFO - Processing /home/airflow/.local/lib/python3.8/site-packages/airflow/example_dags/example_branch_datetime_operator.py took 0.064 seconds
[2023-11-23T11:23:52.639+0000] {processor.py:157} INFO - Started process (PID=223) to work on /home/airflow/.local/lib/python3.8/site-packages/airflow/example_dags/example_branch_datetime_operator.py
[2023-11-23T11:23:52.640+0000] {processor.py:829} INFO - Processing file /home/airflow/.local/lib/python3.8/site-packages/airflow/example_dags/example_branch_datetime_operator.py for tasks to queue
[2023-11-23T11:23:52.641+0000] {logging_mixin.py:154} INFO - [2023-11-23T11:23:52.641+0000] {dagbag.py:536} INFO - Filling up the DagBag from /home/airflow/.local/lib/python3.8/site-packages/airflow/example_dags/example_branch_datetime_operator.py
[2023-11-23T11:23:52.648+0000] {processor.py:839} INFO - DAG(s) dict_keys(['example_branch_datetime_operator_2', 'example_branch_datetime_operator', 'example_branch_datetime_operator_3']) retrieved from /home/airflow/.local/lib/python3.8/site-packages/airflow/example_dags/example_branch_datetime_operator.py
[2023-11-23T11:23:52.665+0000] {logging_mixin.py:154} INFO - [2023-11-23T11:23:52.664+0000] {dag.py:2941} INFO - Sync 3 DAGs
[2023-11-23T11:23:52.679+0000] {logging_mixin.py:154} INFO - [2023-11-23T11:23:52.679+0000] {dag.py:3722} INFO - Setting next_dagrun for example_branch_datetime_operator to 2023-11-22T00:00:00+00:00, run_after=2023-11-23T00:00:00+00:00
[2023-11-23T11:23:52.683+0000] {logging_mixin.py:154} INFO - [2023-11-23T11:23:52.683+0000] {dag.py:3722} INFO - Setting next_dagrun for example_branch_datetime_operator_2 to 2023-11-22T00:00:00+00:00, run_after=2023-11-23T00:00:00+00:00
[2023-11-23T11:23:52.685+0000] {logging_mixin.py:154} INFO - [2023-11-23T11:23:52.685+0000] {dag.py:3722} INFO - Setting next_dagrun for example_branch_datetime_operator_3 to 2023-11-22T00:00:00+00:00, run_after=2023-11-23T00:00:00+00:00
[2023-11-23T11:23:52.695+0000] {processor.py:179} INFO - Processing /home/airflow/.local/lib/python3.8/site-packages/airflow/example_dags/example_branch_datetime_operator.py took 0.057 seconds
[2023-11-23T11:24:23.297+0000] {processor.py:157} INFO - Started process (PID=277) to work on /home/airflow/.local/lib/python3.8/site-packages/airflow/example_dags/example_branch_datetime_operator.py
[2023-11-23T11:24:23.298+0000] {processor.py:829} INFO - Processing file /home/airflow/.local/lib/python3.8/site-packages/airflow/example_dags/example_branch_datetime_operator.py for tasks to queue
[2023-11-23T11:24:23.299+0000] {logging_mixin.py:154} INFO - [2023-11-23T11:24:23.299+0000] {dagbag.py:536} INFO - Filling up the DagBag from /home/airflow/.local/lib/python3.8/site-packages/airflow/example_dags/example_branch_datetime_operator.py
[2023-11-23T11:24:23.305+0000] {processor.py:839} INFO - DAG(s) dict_keys(['example_branch_datetime_operator', 'example_branch_datetime_operator_3', 'example_branch_datetime_operator_2']) retrieved from /home/airflow/.local/lib/python3.8/site-packages/airflow/example_dags/example_branch_datetime_operator.py
[2023-11-23T11:24:23.323+0000] {logging_mixin.py:154} INFO - [2023-11-23T11:24:23.323+0000] {dag.py:2941} INFO - Sync 3 DAGs
[2023-11-23T11:24:23.339+0000] {logging_mixin.py:154} INFO - [2023-11-23T11:24:23.339+0000] {dag.py:3722} INFO - Setting next_dagrun for example_branch_datetime_operator to 2023-11-22T00:00:00+00:00, run_after=2023-11-23T00:00:00+00:00
[2023-11-23T11:24:23.342+0000] {logging_mixin.py:154} INFO - [2023-11-23T11:24:23.342+0000] {dag.py:3722} INFO - Setting next_dagrun for example_branch_datetime_operator_2 to 2023-11-22T00:00:00+00:00, run_after=2023-11-23T00:00:00+00:00
[2023-11-23T11:24:23.344+0000] {logging_mixin.py:154} INFO - [2023-11-23T11:24:23.344+0000] {dag.py:3722} INFO - Setting next_dagrun for example_branch_datetime_operator_3 to 2023-11-22T00:00:00+00:00, run_after=2023-11-23T00:00:00+00:00
[2023-11-23T11:24:23.354+0000] {processor.py:179} INFO - Processing /home/airflow/.local/lib/python3.8/site-packages/airflow/example_dags/example_branch_datetime_operator.py took 0.059 seconds
[2023-11-23T11:24:53.869+0000] {processor.py:157} INFO - Started process (PID=331) to work on /home/airflow/.local/lib/python3.8/site-packages/airflow/example_dags/example_branch_datetime_operator.py
[2023-11-23T11:24:53.870+0000] {processor.py:829} INFO - Processing file /home/airflow/.local/lib/python3.8/site-packages/airflow/example_dags/example_branch_datetime_operator.py for tasks to queue
[2023-11-23T11:24:53.871+0000] {logging_mixin.py:154} INFO - [2023-11-23T11:24:53.871+0000] {dagbag.py:536} INFO - Filling up the DagBag from /home/airflow/.local/lib/python3.8/site-packages/airflow/example_dags/example_branch_datetime_operator.py
[2023-11-23T11:24:53.877+0000] {processor.py:839} INFO - DAG(s) dict_keys(['example_branch_datetime_operator_2', 'example_branch_datetime_operator', 'example_branch_datetime_operator_3']) retrieved from /home/airflow/.local/lib/python3.8/site-packages/airflow/example_dags/example_branch_datetime_operator.py
[2023-11-23T11:24:53.894+0000] {logging_mixin.py:154} INFO - [2023-11-23T11:24:53.893+0000] {dag.py:2941} INFO - Sync 3 DAGs
[2023-11-23T11:24:53.909+0000] {logging_mixin.py:154} INFO - [2023-11-23T11:24:53.909+0000] {dag.py:3722} INFO - Setting next_dagrun for example_branch_datetime_operator to 2023-11-22T00:00:00+00:00, run_after=2023-11-23T00:00:00+00:00
[2023-11-23T11:24:53.913+0000] {logging_mixin.py:154} INFO - [2023-11-23T11:24:53.913+0000] {dag.py:3722} INFO - Setting next_dagrun for example_branch_datetime_operator_2 to 2023-11-22T00:00:00+00:00, run_after=2023-11-23T00:00:00+00:00
[2023-11-23T11:24:53.915+0000] {logging_mixin.py:154} INFO - [2023-11-23T11:24:53.915+0000] {dag.py:3722} INFO - Setting next_dagrun for example_branch_datetime_operator_3 to 2023-11-22T00:00:00+00:00, run_after=2023-11-23T00:00:00+00:00
[2023-11-23T11:24:53.925+0000] {processor.py:179} INFO - Processing /home/airflow/.local/lib/python3.8/site-packages/airflow/example_dags/example_branch_datetime_operator.py took 0.057 seconds
[2023-11-23T11:25:24.096+0000] {processor.py:157} INFO - Started process (PID=385) to work on /home/airflow/.local/lib/python3.8/site-packages/airflow/example_dags/example_branch_datetime_operator.py
[2023-11-23T11:25:24.097+0000] {processor.py:829} INFO - Processing file /home/airflow/.local/lib/python3.8/site-packages/airflow/example_dags/example_branch_datetime_operator.py for tasks to queue
[2023-11-23T11:25:24.098+0000] {logging_mixin.py:154} INFO - [2023-11-23T11:25:24.098+0000] {dagbag.py:536} INFO - Filling up the DagBag from /home/airflow/.local/lib/python3.8/site-packages/airflow/example_dags/example_branch_datetime_operator.py
[2023-11-23T11:25:24.104+0000] {processor.py:839} INFO - DAG(s) dict_keys(['example_branch_datetime_operator_3', 'example_branch_datetime_operator_2', 'example_branch_datetime_operator']) retrieved from /home/airflow/.local/lib/python3.8/site-packages/airflow/example_dags/example_branch_datetime_operator.py
[2023-11-23T11:25:24.121+0000] {logging_mixin.py:154} INFO - [2023-11-23T11:25:24.121+0000] {dag.py:2941} INFO - Sync 3 DAGs
[2023-11-23T11:25:24.137+0000] {logging_mixin.py:154} INFO - [2023-11-23T11:25:24.137+0000] {dag.py:3722} INFO - Setting next_dagrun for example_branch_datetime_operator to 2023-11-22T00:00:00+00:00, run_after=2023-11-23T00:00:00+00:00
[2023-11-23T11:25:24.141+0000] {logging_mixin.py:154} INFO - [2023-11-23T11:25:24.141+0000] {dag.py:3722} INFO - Setting next_dagrun for example_branch_datetime_operator_2 to 2023-11-22T00:00:00+00:00, run_after=2023-11-23T00:00:00+00:00
[2023-11-23T11:25:24.143+0000] {logging_mixin.py:154} INFO - [2023-11-23T11:25:24.143+0000] {dag.py:3722} INFO - Setting next_dagrun for example_branch_datetime_operator_3 to 2023-11-22T00:00:00+00:00, run_after=2023-11-23T00:00:00+00:00
[2023-11-23T11:25:24.153+0000] {processor.py:179} INFO - Processing /home/airflow/.local/lib/python3.8/site-packages/airflow/example_dags/example_branch_datetime_operator.py took 0.059 seconds
[2023-11-23T11:25:54.670+0000] {processor.py:157} INFO - Started process (PID=439) to work on /home/airflow/.local/lib/python3.8/site-packages/airflow/example_dags/example_branch_datetime_operator.py
[2023-11-23T11:25:54.671+0000] {processor.py:829} INFO - Processing file /home/airflow/.local/lib/python3.8/site-packages/airflow/example_dags/example_branch_datetime_operator.py for tasks to queue
[2023-11-23T11:25:54.672+0000] {logging_mixin.py:154} INFO - [2023-11-23T11:25:54.672+0000] {dagbag.py:536} INFO - Filling up the DagBag from /home/airflow/.local/lib/python3.8/site-packages/airflow/example_dags/example_branch_datetime_operator.py
[2023-11-23T11:25:54.678+0000] {processor.py:839} INFO - DAG(s) dict_keys(['example_branch_datetime_operator_3', 'example_branch_datetime_operator', 'example_branch_datetime_operator_2']) retrieved from /home/airflow/.local/lib/python3.8/site-packages/airflow/example_dags/example_branch_datetime_operator.py
[2023-11-23T11:25:54.695+0000] {logging_mixin.py:154} INFO - [2023-11-23T11:25:54.695+0000] {dag.py:2941} INFO - Sync 3 DAGs
[2023-11-23T11:25:54.712+0000] {logging_mixin.py:154} INFO - [2023-11-23T11:25:54.711+0000] {dag.py:3722} INFO - Setting next_dagrun for example_branch_datetime_operator to 2023-11-22T00:00:00+00:00, run_after=2023-11-23T00:00:00+00:00
[2023-11-23T11:25:54.715+0000] {logging_mixin.py:154} INFO - [2023-11-23T11:25:54.715+0000] {dag.py:3722} INFO - Setting next_dagrun for example_branch_datetime_operator_2 to 2023-11-22T00:00:00+00:00, run_after=2023-11-23T00:00:00+00:00
[2023-11-23T11:25:54.717+0000] {logging_mixin.py:154} INFO - [2023-11-23T11:25:54.717+0000] {dag.py:3722} INFO - Setting next_dagrun for example_branch_datetime_operator_3 to 2023-11-22T00:00:00+00:00, run_after=2023-11-23T00:00:00+00:00
[2023-11-23T11:25:54.727+0000] {processor.py:179} INFO - Processing /home/airflow/.local/lib/python3.8/site-packages/airflow/example_dags/example_branch_datetime_operator.py took 0.059 seconds
[2023-11-23T11:26:25.319+0000] {processor.py:157} INFO - Started process (PID=493) to work on /home/airflow/.local/lib/python3.8/site-packages/airflow/example_dags/example_branch_datetime_operator.py
[2023-11-23T11:26:25.319+0000] {processor.py:829} INFO - Processing file /home/airflow/.local/lib/python3.8/site-packages/airflow/example_dags/example_branch_datetime_operator.py for tasks to queue
[2023-11-23T11:26:25.321+0000] {logging_mixin.py:154} INFO - [2023-11-23T11:26:25.320+0000] {dagbag.py:536} INFO - Filling up the DagBag from /home/airflow/.local/lib/python3.8/site-packages/airflow/example_dags/example_branch_datetime_operator.py
[2023-11-23T11:26:25.328+0000] {processor.py:839} INFO - DAG(s) dict_keys(['example_branch_datetime_operator_2', 'example_branch_datetime_operator', 'example_branch_datetime_operator_3']) retrieved from /home/airflow/.local/lib/python3.8/site-packages/airflow/example_dags/example_branch_datetime_operator.py
[2023-11-23T11:26:25.346+0000] {logging_mixin.py:154} INFO - [2023-11-23T11:26:25.346+0000] {dag.py:2941} INFO - Sync 3 DAGs
[2023-11-23T11:26:25.361+0000] {logging_mixin.py:154} INFO - [2023-11-23T11:26:25.361+0000] {dag.py:3722} INFO - Setting next_dagrun for example_branch_datetime_operator to 2023-11-22T00:00:00+00:00, run_after=2023-11-23T00:00:00+00:00
[2023-11-23T11:26:25.364+0000] {logging_mixin.py:154} INFO - [2023-11-23T11:26:25.364+0000] {dag.py:3722} INFO - Setting next_dagrun for example_branch_datetime_operator_2 to 2023-11-22T00:00:00+00:00, run_after=2023-11-23T00:00:00+00:00
[2023-11-23T11:26:25.366+0000] {logging_mixin.py:154} INFO - [2023-11-23T11:26:25.366+0000] {dag.py:3722} INFO - Setting next_dagrun for example_branch_datetime_operator_3 to 2023-11-22T00:00:00+00:00, run_after=2023-11-23T00:00:00+00:00
[2023-11-23T11:26:25.377+0000] {processor.py:179} INFO - Processing /home/airflow/.local/lib/python3.8/site-packages/airflow/example_dags/example_branch_datetime_operator.py took 0.060 seconds
[2023-11-23T11:26:55.596+0000] {processor.py:157} INFO - Started process (PID=547) to work on /home/airflow/.local/lib/python3.8/site-packages/airflow/example_dags/example_branch_datetime_operator.py
[2023-11-23T11:26:55.596+0000] {processor.py:829} INFO - Processing file /home/airflow/.local/lib/python3.8/site-packages/airflow/example_dags/example_branch_datetime_operator.py for tasks to queue
[2023-11-23T11:26:55.598+0000] {logging_mixin.py:154} INFO - [2023-11-23T11:26:55.597+0000] {dagbag.py:536} INFO - Filling up the DagBag from /home/airflow/.local/lib/python3.8/site-packages/airflow/example_dags/example_branch_datetime_operator.py
[2023-11-23T11:26:55.604+0000] {processor.py:839} INFO - DAG(s) dict_keys(['example_branch_datetime_operator_3', 'example_branch_datetime_operator_2', 'example_branch_datetime_operator']) retrieved from /home/airflow/.local/lib/python3.8/site-packages/airflow/example_dags/example_branch_datetime_operator.py
[2023-11-23T11:26:55.623+0000] {logging_mixin.py:154} INFO - [2023-11-23T11:26:55.622+0000] {dag.py:2941} INFO - Sync 3 DAGs
[2023-11-23T11:26:55.638+0000] {logging_mixin.py:154} INFO - [2023-11-23T11:26:55.638+0000] {dag.py:3722} INFO - Setting next_dagrun for example_branch_datetime_operator to 2023-11-22T00:00:00+00:00, run_after=2023-11-23T00:00:00+00:00
[2023-11-23T11:26:55.642+0000] {logging_mixin.py:154} INFO - [2023-11-23T11:26:55.642+0000] {dag.py:3722} INFO - Setting next_dagrun for example_branch_datetime_operator_2 to 2023-11-22T00:00:00+00:00, run_after=2023-11-23T00:00:00+00:00
[2023-11-23T11:26:55.644+0000] {logging_mixin.py:154} INFO - [2023-11-23T11:26:55.644+0000] {dag.py:3722} INFO - Setting next_dagrun for example_branch_datetime_operator_3 to 2023-11-22T00:00:00+00:00, run_after=2023-11-23T00:00:00+00:00
[2023-11-23T11:26:55.656+0000] {processor.py:179} INFO - Processing /home/airflow/.local/lib/python3.8/site-packages/airflow/example_dags/example_branch_datetime_operator.py took 0.062 seconds
[2023-11-23T11:27:26.304+0000] {processor.py:157} INFO - Started process (PID=601) to work on /home/airflow/.local/lib/python3.8/site-packages/airflow/example_dags/example_branch_datetime_operator.py
[2023-11-23T11:27:26.305+0000] {processor.py:829} INFO - Processing file /home/airflow/.local/lib/python3.8/site-packages/airflow/example_dags/example_branch_datetime_operator.py for tasks to queue
[2023-11-23T11:27:26.306+0000] {logging_mixin.py:154} INFO - [2023-11-23T11:27:26.306+0000] {dagbag.py:536} INFO - Filling up the DagBag from /home/airflow/.local/lib/python3.8/site-packages/airflow/example_dags/example_branch_datetime_operator.py
[2023-11-23T11:27:26.313+0000] {processor.py:839} INFO - DAG(s) dict_keys(['example_branch_datetime_operator_3', 'example_branch_datetime_operator_2', 'example_branch_datetime_operator']) retrieved from /home/airflow/.local/lib/python3.8/site-packages/airflow/example_dags/example_branch_datetime_operator.py
[2023-11-23T11:27:26.330+0000] {logging_mixin.py:154} INFO - [2023-11-23T11:27:26.330+0000] {dag.py:2941} INFO - Sync 3 DAGs
[2023-11-23T11:27:26.348+0000] {logging_mixin.py:154} INFO - [2023-11-23T11:27:26.348+0000] {dag.py:3722} INFO - Setting next_dagrun for example_branch_datetime_operator to 2023-11-22T00:00:00+00:00, run_after=2023-11-23T00:00:00+00:00
[2023-11-23T11:27:26.351+0000] {logging_mixin.py:154} INFO - [2023-11-23T11:27:26.351+0000] {dag.py:3722} INFO - Setting next_dagrun for example_branch_datetime_operator_2 to 2023-11-22T00:00:00+00:00, run_after=2023-11-23T00:00:00+00:00
[2023-11-23T11:27:26.353+0000] {logging_mixin.py:154} INFO - [2023-11-23T11:27:26.353+0000] {dag.py:3722} INFO - Setting next_dagrun for example_branch_datetime_operator_3 to 2023-11-22T00:00:00+00:00, run_after=2023-11-23T00:00:00+00:00
[2023-11-23T11:27:26.364+0000] {processor.py:179} INFO - Processing /home/airflow/.local/lib/python3.8/site-packages/airflow/example_dags/example_branch_datetime_operator.py took 0.061 seconds
[2023-11-23T11:27:56.887+0000] {processor.py:157} INFO - Started process (PID=655) to work on /home/airflow/.local/lib/python3.8/site-packages/airflow/example_dags/example_branch_datetime_operator.py
[2023-11-23T11:27:56.887+0000] {processor.py:829} INFO - Processing file /home/airflow/.local/lib/python3.8/site-packages/airflow/example_dags/example_branch_datetime_operator.py for tasks to queue
[2023-11-23T11:27:56.889+0000] {logging_mixin.py:154} INFO - [2023-11-23T11:27:56.889+0000] {dagbag.py:536} INFO - Filling up the DagBag from /home/airflow/.local/lib/python3.8/site-packages/airflow/example_dags/example_branch_datetime_operator.py
[2023-11-23T11:27:56.895+0000] {processor.py:839} INFO - DAG(s) dict_keys(['example_branch_datetime_operator_3', 'example_branch_datetime_operator_2', 'example_branch_datetime_operator']) retrieved from /home/airflow/.local/lib/python3.8/site-packages/airflow/example_dags/example_branch_datetime_operator.py
[2023-11-23T11:27:56.912+0000] {logging_mixin.py:154} INFO - [2023-11-23T11:27:56.912+0000] {dag.py:2941} INFO - Sync 3 DAGs
[2023-11-23T11:27:56.928+0000] {logging_mixin.py:154} INFO - [2023-11-23T11:27:56.928+0000] {dag.py:3722} INFO - Setting next_dagrun for example_branch_datetime_operator to 2023-11-22T00:00:00+00:00, run_after=2023-11-23T00:00:00+00:00
[2023-11-23T11:27:56.931+0000] {logging_mixin.py:154} INFO - [2023-11-23T11:27:56.931+0000] {dag.py:3722} INFO - Setting next_dagrun for example_branch_datetime_operator_2 to 2023-11-22T00:00:00+00:00, run_after=2023-11-23T00:00:00+00:00
[2023-11-23T11:27:56.933+0000] {logging_mixin.py:154} INFO - [2023-11-23T11:27:56.933+0000] {dag.py:3722} INFO - Setting next_dagrun for example_branch_datetime_operator_3 to 2023-11-22T00:00:00+00:00, run_after=2023-11-23T00:00:00+00:00
[2023-11-23T11:27:56.945+0000] {processor.py:179} INFO - Processing /home/airflow/.local/lib/python3.8/site-packages/airflow/example_dags/example_branch_datetime_operator.py took 0.060 seconds
[2023-11-23T11:28:27.512+0000] {processor.py:157} INFO - Started process (PID=709) to work on /home/airflow/.local/lib/python3.8/site-packages/airflow/example_dags/example_branch_datetime_operator.py
[2023-11-23T11:28:27.512+0000] {processor.py:829} INFO - Processing file /home/airflow/.local/lib/python3.8/site-packages/airflow/example_dags/example_branch_datetime_operator.py for tasks to queue
[2023-11-23T11:28:27.514+0000] {logging_mixin.py:154} INFO - [2023-11-23T11:28:27.513+0000] {dagbag.py:536} INFO - Filling up the DagBag from /home/airflow/.local/lib/python3.8/site-packages/airflow/example_dags/example_branch_datetime_operator.py
[2023-11-23T11:28:27.520+0000] {processor.py:839} INFO - DAG(s) dict_keys(['example_branch_datetime_operator_3', 'example_branch_datetime_operator', 'example_branch_datetime_operator_2']) retrieved from /home/airflow/.local/lib/python3.8/site-packages/airflow/example_dags/example_branch_datetime_operator.py
[2023-11-23T11:28:27.537+0000] {logging_mixin.py:154} INFO - [2023-11-23T11:28:27.537+0000] {dag.py:2941} INFO - Sync 3 DAGs
[2023-11-23T11:28:27.553+0000] {logging_mixin.py:154} INFO - [2023-11-23T11:28:27.552+0000] {dag.py:3722} INFO - Setting next_dagrun for example_branch_datetime_operator to 2023-11-22T00:00:00+00:00, run_after=2023-11-23T00:00:00+00:00
[2023-11-23T11:28:27.556+0000] {logging_mixin.py:154} INFO - [2023-11-23T11:28:27.556+0000] {dag.py:3722} INFO - Setting next_dagrun for example_branch_datetime_operator_2 to 2023-11-22T00:00:00+00:00, run_after=2023-11-23T00:00:00+00:00
[2023-11-23T11:28:27.558+0000] {logging_mixin.py:154} INFO - [2023-11-23T11:28:27.558+0000] {dag.py:3722} INFO - Setting next_dagrun for example_branch_datetime_operator_3 to 2023-11-22T00:00:00+00:00, run_after=2023-11-23T00:00:00+00:00
[2023-11-23T11:28:27.569+0000] {processor.py:179} INFO - Processing /home/airflow/.local/lib/python3.8/site-packages/airflow/example_dags/example_branch_datetime_operator.py took 0.059 seconds
[2023-11-23T11:28:58.212+0000] {processor.py:157} INFO - Started process (PID=763) to work on /home/airflow/.local/lib/python3.8/site-packages/airflow/example_dags/example_branch_datetime_operator.py
[2023-11-23T11:28:58.212+0000] {processor.py:829} INFO - Processing file /home/airflow/.local/lib/python3.8/site-packages/airflow/example_dags/example_branch_datetime_operator.py for tasks to queue
[2023-11-23T11:28:58.214+0000] {logging_mixin.py:154} INFO - [2023-11-23T11:28:58.214+0000] {dagbag.py:536} INFO - Filling up the DagBag from /home/airflow/.local/lib/python3.8/site-packages/airflow/example_dags/example_branch_datetime_operator.py
[2023-11-23T11:28:58.221+0000] {processor.py:839} INFO - DAG(s) dict_keys(['example_branch_datetime_operator', 'example_branch_datetime_operator_3', 'example_branch_datetime_operator_2']) retrieved from /home/airflow/.local/lib/python3.8/site-packages/airflow/example_dags/example_branch_datetime_operator.py
[2023-11-23T11:28:58.239+0000] {logging_mixin.py:154} INFO - [2023-11-23T11:28:58.239+0000] {dag.py:2941} INFO - Sync 3 DAGs
[2023-11-23T11:28:58.255+0000] {logging_mixin.py:154} INFO - [2023-11-23T11:28:58.255+0000] {dag.py:3722} INFO - Setting next_dagrun for example_branch_datetime_operator to 2023-11-22T00:00:00+00:00, run_after=2023-11-23T00:00:00+00:00
[2023-11-23T11:28:58.258+0000] {logging_mixin.py:154} INFO - [2023-11-23T11:28:58.258+0000] {dag.py:3722} INFO - Setting next_dagrun for example_branch_datetime_operator_2 to 2023-11-22T00:00:00+00:00, run_after=2023-11-23T00:00:00+00:00
[2023-11-23T11:28:58.261+0000] {logging_mixin.py:154} INFO - [2023-11-23T11:28:58.261+0000] {dag.py:3722} INFO - Setting next_dagrun for example_branch_datetime_operator_3 to 2023-11-22T00:00:00+00:00, run_after=2023-11-23T00:00:00+00:00
[2023-11-23T11:28:58.271+0000] {processor.py:179} INFO - Processing /home/airflow/.local/lib/python3.8/site-packages/airflow/example_dags/example_branch_datetime_operator.py took 0.061 seconds
[2023-11-23T11:29:28.799+0000] {processor.py:157} INFO - Started process (PID=818) to work on /home/airflow/.local/lib/python3.8/site-packages/airflow/example_dags/example_branch_datetime_operator.py
[2023-11-23T11:29:28.799+0000] {processor.py:829} INFO - Processing file /home/airflow/.local/lib/python3.8/site-packages/airflow/example_dags/example_branch_datetime_operator.py for tasks to queue
[2023-11-23T11:29:28.800+0000] {logging_mixin.py:154} INFO - [2023-11-23T11:29:28.800+0000] {dagbag.py:536} INFO - Filling up the DagBag from /home/airflow/.local/lib/python3.8/site-packages/airflow/example_dags/example_branch_datetime_operator.py
[2023-11-23T11:29:28.807+0000] {processor.py:839} INFO - DAG(s) dict_keys(['example_branch_datetime_operator_3', 'example_branch_datetime_operator', 'example_branch_datetime_operator_2']) retrieved from /home/airflow/.local/lib/python3.8/site-packages/airflow/example_dags/example_branch_datetime_operator.py
[2023-11-23T11:29:28.825+0000] {logging_mixin.py:154} INFO - [2023-11-23T11:29:28.825+0000] {dag.py:2941} INFO - Sync 3 DAGs
[2023-11-23T11:29:28.842+0000] {logging_mixin.py:154} INFO - [2023-11-23T11:29:28.842+0000] {dag.py:3722} INFO - Setting next_dagrun for example_branch_datetime_operator to 2023-11-22T00:00:00+00:00, run_after=2023-11-23T00:00:00+00:00
[2023-11-23T11:29:28.846+0000] {logging_mixin.py:154} INFO - [2023-11-23T11:29:28.845+0000] {dag.py:3722} INFO - Setting next_dagrun for example_branch_datetime_operator_2 to 2023-11-22T00:00:00+00:00, run_after=2023-11-23T00:00:00+00:00
[2023-11-23T11:29:28.848+0000] {logging_mixin.py:154} INFO - [2023-11-23T11:29:28.848+0000] {dag.py:3722} INFO - Setting next_dagrun for example_branch_datetime_operator_3 to 2023-11-22T00:00:00+00:00, run_after=2023-11-23T00:00:00+00:00
[2023-11-23T11:29:28.860+0000] {processor.py:179} INFO - Processing /home/airflow/.local/lib/python3.8/site-packages/airflow/example_dags/example_branch_datetime_operator.py took 0.063 seconds
[2023-11-23T11:29:59.482+0000] {processor.py:157} INFO - Started process (PID=872) to work on /home/airflow/.local/lib/python3.8/site-packages/airflow/example_dags/example_branch_datetime_operator.py
[2023-11-23T11:29:59.482+0000] {processor.py:829} INFO - Processing file /home/airflow/.local/lib/python3.8/site-packages/airflow/example_dags/example_branch_datetime_operator.py for tasks to queue
[2023-11-23T11:29:59.484+0000] {logging_mixin.py:154} INFO - [2023-11-23T11:29:59.484+0000] {dagbag.py:536} INFO - Filling up the DagBag from /home/airflow/.local/lib/python3.8/site-packages/airflow/example_dags/example_branch_datetime_operator.py
[2023-11-23T11:29:59.490+0000] {processor.py:839} INFO - DAG(s) dict_keys(['example_branch_datetime_operator', 'example_branch_datetime_operator_2', 'example_branch_datetime_operator_3']) retrieved from /home/airflow/.local/lib/python3.8/site-packages/airflow/example_dags/example_branch_datetime_operator.py
[2023-11-23T11:29:59.507+0000] {logging_mixin.py:154} INFO - [2023-11-23T11:29:59.507+0000] {dag.py:2941} INFO - Sync 3 DAGs
[2023-11-23T11:29:59.523+0000] {logging_mixin.py:154} INFO - [2023-11-23T11:29:59.522+0000] {dag.py:3722} INFO - Setting next_dagrun for example_branch_datetime_operator to 2023-11-22T00:00:00+00:00, run_after=2023-11-23T00:00:00+00:00
[2023-11-23T11:29:59.526+0000] {logging_mixin.py:154} INFO - [2023-11-23T11:29:59.526+0000] {dag.py:3722} INFO - Setting next_dagrun for example_branch_datetime_operator_2 to 2023-11-22T00:00:00+00:00, run_after=2023-11-23T00:00:00+00:00
[2023-11-23T11:29:59.528+0000] {logging_mixin.py:154} INFO - [2023-11-23T11:29:59.528+0000] {dag.py:3722} INFO - Setting next_dagrun for example_branch_datetime_operator_3 to 2023-11-22T00:00:00+00:00, run_after=2023-11-23T00:00:00+00:00
[2023-11-23T11:29:59.539+0000] {processor.py:179} INFO - Processing /home/airflow/.local/lib/python3.8/site-packages/airflow/example_dags/example_branch_datetime_operator.py took 0.058 seconds
[2023-11-23T11:30:29.569+0000] {processor.py:157} INFO - Started process (PID=926) to work on /home/airflow/.local/lib/python3.8/site-packages/airflow/example_dags/example_branch_datetime_operator.py
[2023-11-23T11:30:29.570+0000] {processor.py:829} INFO - Processing file /home/airflow/.local/lib/python3.8/site-packages/airflow/example_dags/example_branch_datetime_operator.py for tasks to queue
[2023-11-23T11:30:29.571+0000] {logging_mixin.py:154} INFO - [2023-11-23T11:30:29.571+0000] {dagbag.py:536} INFO - Filling up the DagBag from /home/airflow/.local/lib/python3.8/site-packages/airflow/example_dags/example_branch_datetime_operator.py
[2023-11-23T11:30:29.578+0000] {processor.py:839} INFO - DAG(s) dict_keys(['example_branch_datetime_operator_2', 'example_branch_datetime_operator', 'example_branch_datetime_operator_3']) retrieved from /home/airflow/.local/lib/python3.8/site-packages/airflow/example_dags/example_branch_datetime_operator.py
[2023-11-23T11:30:29.596+0000] {logging_mixin.py:154} INFO - [2023-11-23T11:30:29.596+0000] {dag.py:2941} INFO - Sync 3 DAGs
[2023-11-23T11:30:29.611+0000] {logging_mixin.py:154} INFO - [2023-11-23T11:30:29.611+0000] {dag.py:3722} INFO - Setting next_dagrun for example_branch_datetime_operator to 2023-11-22T00:00:00+00:00, run_after=2023-11-23T00:00:00+00:00
[2023-11-23T11:30:29.615+0000] {logging_mixin.py:154} INFO - [2023-11-23T11:30:29.614+0000] {dag.py:3722} INFO - Setting next_dagrun for example_branch_datetime_operator_2 to 2023-11-22T00:00:00+00:00, run_after=2023-11-23T00:00:00+00:00
[2023-11-23T11:30:29.617+0000] {logging_mixin.py:154} INFO - [2023-11-23T11:30:29.616+0000] {dag.py:3722} INFO - Setting next_dagrun for example_branch_datetime_operator_3 to 2023-11-22T00:00:00+00:00, run_after=2023-11-23T00:00:00+00:00
[2023-11-23T11:30:29.627+0000] {processor.py:179} INFO - Processing /home/airflow/.local/lib/python3.8/site-packages/airflow/example_dags/example_branch_datetime_operator.py took 0.059 seconds
[2023-11-23T11:30:59.856+0000] {processor.py:157} INFO - Started process (PID=980) to work on /home/airflow/.local/lib/python3.8/site-packages/airflow/example_dags/example_branch_datetime_operator.py
[2023-11-23T11:30:59.856+0000] {processor.py:829} INFO - Processing file /home/airflow/.local/lib/python3.8/site-packages/airflow/example_dags/example_branch_datetime_operator.py for tasks to queue
[2023-11-23T11:30:59.858+0000] {logging_mixin.py:154} INFO - [2023-11-23T11:30:59.858+0000] {dagbag.py:536} INFO - Filling up the DagBag from /home/airflow/.local/lib/python3.8/site-packages/airflow/example_dags/example_branch_datetime_operator.py
[2023-11-23T11:30:59.864+0000] {processor.py:839} INFO - DAG(s) dict_keys(['example_branch_datetime_operator_3', 'example_branch_datetime_operator', 'example_branch_datetime_operator_2']) retrieved from /home/airflow/.local/lib/python3.8/site-packages/airflow/example_dags/example_branch_datetime_operator.py
[2023-11-23T11:30:59.882+0000] {logging_mixin.py:154} INFO - [2023-11-23T11:30:59.882+0000] {dag.py:2941} INFO - Sync 3 DAGs
[2023-11-23T11:30:59.898+0000] {logging_mixin.py:154} INFO - [2023-11-23T11:30:59.898+0000] {dag.py:3722} INFO - Setting next_dagrun for example_branch_datetime_operator to 2023-11-22T00:00:00+00:00, run_after=2023-11-23T00:00:00+00:00
[2023-11-23T11:30:59.901+0000] {logging_mixin.py:154} INFO - [2023-11-23T11:30:59.901+0000] {dag.py:3722} INFO - Setting next_dagrun for example_branch_datetime_operator_2 to 2023-11-22T00:00:00+00:00, run_after=2023-11-23T00:00:00+00:00
[2023-11-23T11:30:59.904+0000] {logging_mixin.py:154} INFO - [2023-11-23T11:30:59.904+0000] {dag.py:3722} INFO - Setting next_dagrun for example_branch_datetime_operator_3 to 2023-11-22T00:00:00+00:00, run_after=2023-11-23T00:00:00+00:00
[2023-11-23T11:30:59.916+0000] {processor.py:179} INFO - Processing /home/airflow/.local/lib/python3.8/site-packages/airflow/example_dags/example_branch_datetime_operator.py took 0.061 seconds
[2023-11-23T11:31:30.220+0000] {processor.py:157} INFO - Started process (PID=1035) to work on /home/airflow/.local/lib/python3.8/site-packages/airflow/example_dags/example_branch_datetime_operator.py
[2023-11-23T11:31:30.220+0000] {processor.py:829} INFO - Processing file /home/airflow/.local/lib/python3.8/site-packages/airflow/example_dags/example_branch_datetime_operator.py for tasks to queue
[2023-11-23T11:31:30.221+0000] {logging_mixin.py:154} INFO - [2023-11-23T11:31:30.221+0000] {dagbag.py:536} INFO - Filling up the DagBag from /home/airflow/.local/lib/python3.8/site-packages/airflow/example_dags/example_branch_datetime_operator.py
[2023-11-23T11:31:30.228+0000] {processor.py:839} INFO - DAG(s) dict_keys(['example_branch_datetime_operator_3', 'example_branch_datetime_operator_2', 'example_branch_datetime_operator']) retrieved from /home/airflow/.local/lib/python3.8/site-packages/airflow/example_dags/example_branch_datetime_operator.py
[2023-11-23T11:31:30.245+0000] {logging_mixin.py:154} INFO - [2023-11-23T11:31:30.245+0000] {dag.py:2941} INFO - Sync 3 DAGs
[2023-11-23T11:31:30.261+0000] {logging_mixin.py:154} INFO - [2023-11-23T11:31:30.261+0000] {dag.py:3722} INFO - Setting next_dagrun for example_branch_datetime_operator to 2023-11-22T00:00:00+00:00, run_after=2023-11-23T00:00:00+00:00
[2023-11-23T11:31:30.264+0000] {logging_mixin.py:154} INFO - [2023-11-23T11:31:30.264+0000] {dag.py:3722} INFO - Setting next_dagrun for example_branch_datetime_operator_2 to 2023-11-22T00:00:00+00:00, run_after=2023-11-23T00:00:00+00:00
[2023-11-23T11:31:30.266+0000] {logging_mixin.py:154} INFO - [2023-11-23T11:31:30.266+0000] {dag.py:3722} INFO - Setting next_dagrun for example_branch_datetime_operator_3 to 2023-11-22T00:00:00+00:00, run_after=2023-11-23T00:00:00+00:00
[2023-11-23T11:31:30.277+0000] {processor.py:179} INFO - Processing /home/airflow/.local/lib/python3.8/site-packages/airflow/example_dags/example_branch_datetime_operator.py took 0.060 seconds
[2023-11-23T11:32:01.324+0000] {processor.py:157} INFO - Started process (PID=1089) to work on /home/airflow/.local/lib/python3.8/site-packages/airflow/example_dags/example_branch_datetime_operator.py
[2023-11-23T11:32:01.325+0000] {processor.py:829} INFO - Processing file /home/airflow/.local/lib/python3.8/site-packages/airflow/example_dags/example_branch_datetime_operator.py for tasks to queue
[2023-11-23T11:32:01.326+0000] {logging_mixin.py:154} INFO - [2023-11-23T11:32:01.326+0000] {dagbag.py:536} INFO - Filling up the DagBag from /home/airflow/.local/lib/python3.8/site-packages/airflow/example_dags/example_branch_datetime_operator.py
[2023-11-23T11:32:01.332+0000] {processor.py:839} INFO - DAG(s) dict_keys(['example_branch_datetime_operator_3', 'example_branch_datetime_operator_2', 'example_branch_datetime_operator']) retrieved from /home/airflow/.local/lib/python3.8/site-packages/airflow/example_dags/example_branch_datetime_operator.py
[2023-11-23T11:32:01.350+0000] {logging_mixin.py:154} INFO - [2023-11-23T11:32:01.350+0000] {dag.py:2941} INFO - Sync 3 DAGs
[2023-11-23T11:32:01.365+0000] {logging_mixin.py:154} INFO - [2023-11-23T11:32:01.365+0000] {dag.py:3722} INFO - Setting next_dagrun for example_branch_datetime_operator to 2023-11-22T00:00:00+00:00, run_after=2023-11-23T00:00:00+00:00
[2023-11-23T11:32:01.369+0000] {logging_mixin.py:154} INFO - [2023-11-23T11:32:01.369+0000] {dag.py:3722} INFO - Setting next_dagrun for example_branch_datetime_operator_2 to 2023-11-22T00:00:00+00:00, run_after=2023-11-23T00:00:00+00:00
[2023-11-23T11:32:01.371+0000] {logging_mixin.py:154} INFO - [2023-11-23T11:32:01.371+0000] {dag.py:3722} INFO - Setting next_dagrun for example_branch_datetime_operator_3 to 2023-11-22T00:00:00+00:00, run_after=2023-11-23T00:00:00+00:00
[2023-11-23T11:32:01.481+0000] {processor.py:179} INFO - Processing /home/airflow/.local/lib/python3.8/site-packages/airflow/example_dags/example_branch_datetime_operator.py took 0.159 seconds
[2023-11-23T11:32:31.614+0000] {processor.py:157} INFO - Started process (PID=1143) to work on /home/airflow/.local/lib/python3.8/site-packages/airflow/example_dags/example_branch_datetime_operator.py
[2023-11-23T11:32:31.614+0000] {processor.py:829} INFO - Processing file /home/airflow/.local/lib/python3.8/site-packages/airflow/example_dags/example_branch_datetime_operator.py for tasks to queue
[2023-11-23T11:32:31.615+0000] {logging_mixin.py:154} INFO - [2023-11-23T11:32:31.615+0000] {dagbag.py:536} INFO - Filling up the DagBag from /home/airflow/.local/lib/python3.8/site-packages/airflow/example_dags/example_branch_datetime_operator.py
[2023-11-23T11:32:31.621+0000] {processor.py:839} INFO - DAG(s) dict_keys(['example_branch_datetime_operator', 'example_branch_datetime_operator_3', 'example_branch_datetime_operator_2']) retrieved from /home/airflow/.local/lib/python3.8/site-packages/airflow/example_dags/example_branch_datetime_operator.py
[2023-11-23T11:32:31.639+0000] {logging_mixin.py:154} INFO - [2023-11-23T11:32:31.639+0000] {dag.py:2941} INFO - Sync 3 DAGs
[2023-11-23T11:32:31.655+0000] {logging_mixin.py:154} INFO - [2023-11-23T11:32:31.654+0000] {dag.py:3722} INFO - Setting next_dagrun for example_branch_datetime_operator to 2023-11-22T00:00:00+00:00, run_after=2023-11-23T00:00:00+00:00
[2023-11-23T11:32:31.658+0000] {logging_mixin.py:154} INFO - [2023-11-23T11:32:31.658+0000] {dag.py:3722} INFO - Setting next_dagrun for example_branch_datetime_operator_2 to 2023-11-22T00:00:00+00:00, run_after=2023-11-23T00:00:00+00:00
[2023-11-23T11:32:31.660+0000] {logging_mixin.py:154} INFO - [2023-11-23T11:32:31.660+0000] {dag.py:3722} INFO - Setting next_dagrun for example_branch_datetime_operator_3 to 2023-11-22T00:00:00+00:00, run_after=2023-11-23T00:00:00+00:00
[2023-11-23T11:32:31.671+0000] {processor.py:179} INFO - Processing /home/airflow/.local/lib/python3.8/site-packages/airflow/example_dags/example_branch_datetime_operator.py took 0.059 seconds
[2023-11-23T11:33:01.902+0000] {processor.py:157} INFO - Started process (PID=1197) to work on /home/airflow/.local/lib/python3.8/site-packages/airflow/example_dags/example_branch_datetime_operator.py
[2023-11-23T11:33:01.902+0000] {processor.py:829} INFO - Processing file /home/airflow/.local/lib/python3.8/site-packages/airflow/example_dags/example_branch_datetime_operator.py for tasks to queue
[2023-11-23T11:33:01.903+0000] {logging_mixin.py:154} INFO - [2023-11-23T11:33:01.903+0000] {dagbag.py:536} INFO - Filling up the DagBag from /home/airflow/.local/lib/python3.8/site-packages/airflow/example_dags/example_branch_datetime_operator.py
[2023-11-23T11:33:01.910+0000] {processor.py:839} INFO - DAG(s) dict_keys(['example_branch_datetime_operator_2', 'example_branch_datetime_operator', 'example_branch_datetime_operator_3']) retrieved from /home/airflow/.local/lib/python3.8/site-packages/airflow/example_dags/example_branch_datetime_operator.py
[2023-11-23T11:33:01.926+0000] {logging_mixin.py:154} INFO - [2023-11-23T11:33:01.926+0000] {dag.py:2941} INFO - Sync 3 DAGs
[2023-11-23T11:33:01.941+0000] {logging_mixin.py:154} INFO - [2023-11-23T11:33:01.941+0000] {dag.py:3722} INFO - Setting next_dagrun for example_branch_datetime_operator to 2023-11-22T00:00:00+00:00, run_after=2023-11-23T00:00:00+00:00
[2023-11-23T11:33:01.945+0000] {logging_mixin.py:154} INFO - [2023-11-23T11:33:01.945+0000] {dag.py:3722} INFO - Setting next_dagrun for example_branch_datetime_operator_2 to 2023-11-22T00:00:00+00:00, run_after=2023-11-23T00:00:00+00:00
[2023-11-23T11:33:01.947+0000] {logging_mixin.py:154} INFO - [2023-11-23T11:33:01.947+0000] {dag.py:3722} INFO - Setting next_dagrun for example_branch_datetime_operator_3 to 2023-11-22T00:00:00+00:00, run_after=2023-11-23T00:00:00+00:00
[2023-11-23T11:33:01.957+0000] {processor.py:179} INFO - Processing /home/airflow/.local/lib/python3.8/site-packages/airflow/example_dags/example_branch_datetime_operator.py took 0.057 seconds
[2023-11-23T11:38:43.484+0000] {processor.py:157} INFO - Started process (PID=63) to work on /home/airflow/.local/lib/python3.8/site-packages/airflow/example_dags/example_branch_datetime_operator.py
[2023-11-23T11:38:43.484+0000] {processor.py:829} INFO - Processing file /home/airflow/.local/lib/python3.8/site-packages/airflow/example_dags/example_branch_datetime_operator.py for tasks to queue
[2023-11-23T11:38:43.486+0000] {logging_mixin.py:154} INFO - [2023-11-23T11:38:43.485+0000] {dagbag.py:536} INFO - Filling up the DagBag from /home/airflow/.local/lib/python3.8/site-packages/airflow/example_dags/example_branch_datetime_operator.py
[2023-11-23T11:38:43.492+0000] {processor.py:839} INFO - DAG(s) dict_keys(['example_branch_datetime_operator', 'example_branch_datetime_operator_3', 'example_branch_datetime_operator_2']) retrieved from /home/airflow/.local/lib/python3.8/site-packages/airflow/example_dags/example_branch_datetime_operator.py
[2023-11-23T11:38:43.501+0000] {logging_mixin.py:154} INFO - [2023-11-23T11:38:43.501+0000] {dag.py:2941} INFO - Sync 3 DAGs
[2023-11-23T11:38:43.519+0000] {logging_mixin.py:154} INFO - [2023-11-23T11:38:43.519+0000] {dag.py:3722} INFO - Setting next_dagrun for example_branch_datetime_operator to 2023-11-22T00:00:00+00:00, run_after=2023-11-23T00:00:00+00:00
[2023-11-23T11:38:43.523+0000] {logging_mixin.py:154} INFO - [2023-11-23T11:38:43.523+0000] {dag.py:3722} INFO - Setting next_dagrun for example_branch_datetime_operator_2 to 2023-11-22T00:00:00+00:00, run_after=2023-11-23T00:00:00+00:00
[2023-11-23T11:38:43.525+0000] {logging_mixin.py:154} INFO - [2023-11-23T11:38:43.525+0000] {dag.py:3722} INFO - Setting next_dagrun for example_branch_datetime_operator_3 to 2023-11-22T00:00:00+00:00, run_after=2023-11-23T00:00:00+00:00
[2023-11-23T11:38:43.536+0000] {processor.py:179} INFO - Processing /home/airflow/.local/lib/python3.8/site-packages/airflow/example_dags/example_branch_datetime_operator.py took 0.054 seconds
[2023-11-23T11:39:14.247+0000] {processor.py:157} INFO - Started process (PID=119) to work on /home/airflow/.local/lib/python3.8/site-packages/airflow/example_dags/example_branch_datetime_operator.py
[2023-11-23T11:39:14.247+0000] {processor.py:829} INFO - Processing file /home/airflow/.local/lib/python3.8/site-packages/airflow/example_dags/example_branch_datetime_operator.py for tasks to queue
[2023-11-23T11:39:14.248+0000] {logging_mixin.py:154} INFO - [2023-11-23T11:39:14.248+0000] {dagbag.py:536} INFO - Filling up the DagBag from /home/airflow/.local/lib/python3.8/site-packages/airflow/example_dags/example_branch_datetime_operator.py
[2023-11-23T11:39:14.255+0000] {processor.py:839} INFO - DAG(s) dict_keys(['example_branch_datetime_operator', 'example_branch_datetime_operator_2', 'example_branch_datetime_operator_3']) retrieved from /home/airflow/.local/lib/python3.8/site-packages/airflow/example_dags/example_branch_datetime_operator.py
[2023-11-23T11:39:14.271+0000] {logging_mixin.py:154} INFO - [2023-11-23T11:39:14.271+0000] {dag.py:2941} INFO - Sync 3 DAGs
[2023-11-23T11:39:14.288+0000] {logging_mixin.py:154} INFO - [2023-11-23T11:39:14.287+0000] {dag.py:3722} INFO - Setting next_dagrun for example_branch_datetime_operator to 2023-11-22T00:00:00+00:00, run_after=2023-11-23T00:00:00+00:00
[2023-11-23T11:39:14.291+0000] {logging_mixin.py:154} INFO - [2023-11-23T11:39:14.291+0000] {dag.py:3722} INFO - Setting next_dagrun for example_branch_datetime_operator_2 to 2023-11-22T00:00:00+00:00, run_after=2023-11-23T00:00:00+00:00
[2023-11-23T11:39:14.293+0000] {logging_mixin.py:154} INFO - [2023-11-23T11:39:14.293+0000] {dag.py:3722} INFO - Setting next_dagrun for example_branch_datetime_operator_3 to 2023-11-22T00:00:00+00:00, run_after=2023-11-23T00:00:00+00:00
[2023-11-23T11:39:14.303+0000] {processor.py:179} INFO - Processing /home/airflow/.local/lib/python3.8/site-packages/airflow/example_dags/example_branch_datetime_operator.py took 0.058 seconds
[2023-11-23T11:39:45.441+0000] {processor.py:157} INFO - Started process (PID=175) to work on /home/airflow/.local/lib/python3.8/site-packages/airflow/example_dags/example_branch_datetime_operator.py
[2023-11-23T11:39:45.442+0000] {processor.py:829} INFO - Processing file /home/airflow/.local/lib/python3.8/site-packages/airflow/example_dags/example_branch_datetime_operator.py for tasks to queue
[2023-11-23T11:39:45.443+0000] {logging_mixin.py:154} INFO - [2023-11-23T11:39:45.443+0000] {dagbag.py:536} INFO - Filling up the DagBag from /home/airflow/.local/lib/python3.8/site-packages/airflow/example_dags/example_branch_datetime_operator.py
[2023-11-23T11:39:45.450+0000] {processor.py:839} INFO - DAG(s) dict_keys(['example_branch_datetime_operator', 'example_branch_datetime_operator_3', 'example_branch_datetime_operator_2']) retrieved from /home/airflow/.local/lib/python3.8/site-packages/airflow/example_dags/example_branch_datetime_operator.py
[2023-11-23T11:39:45.467+0000] {logging_mixin.py:154} INFO - [2023-11-23T11:39:45.467+0000] {dag.py:2941} INFO - Sync 3 DAGs
[2023-11-23T11:39:45.482+0000] {logging_mixin.py:154} INFO - [2023-11-23T11:39:45.482+0000] {dag.py:3722} INFO - Setting next_dagrun for example_branch_datetime_operator to 2023-11-22T00:00:00+00:00, run_after=2023-11-23T00:00:00+00:00
[2023-11-23T11:39:45.485+0000] {logging_mixin.py:154} INFO - [2023-11-23T11:39:45.485+0000] {dag.py:3722} INFO - Setting next_dagrun for example_branch_datetime_operator_2 to 2023-11-22T00:00:00+00:00, run_after=2023-11-23T00:00:00+00:00
[2023-11-23T11:39:45.487+0000] {logging_mixin.py:154} INFO - [2023-11-23T11:39:45.487+0000] {dag.py:3722} INFO - Setting next_dagrun for example_branch_datetime_operator_3 to 2023-11-22T00:00:00+00:00, run_after=2023-11-23T00:00:00+00:00
[2023-11-23T11:39:45.498+0000] {processor.py:179} INFO - Processing /home/airflow/.local/lib/python3.8/site-packages/airflow/example_dags/example_branch_datetime_operator.py took 0.058 seconds
[2023-11-23T11:40:16.810+0000] {processor.py:157} INFO - Started process (PID=231) to work on /home/airflow/.local/lib/python3.8/site-packages/airflow/example_dags/example_branch_datetime_operator.py
[2023-11-23T11:40:16.811+0000] {processor.py:829} INFO - Processing file /home/airflow/.local/lib/python3.8/site-packages/airflow/example_dags/example_branch_datetime_operator.py for tasks to queue
[2023-11-23T11:40:16.813+0000] {logging_mixin.py:154} INFO - [2023-11-23T11:40:16.813+0000] {dagbag.py:536} INFO - Filling up the DagBag from /home/airflow/.local/lib/python3.8/site-packages/airflow/example_dags/example_branch_datetime_operator.py
[2023-11-23T11:40:16.819+0000] {processor.py:839} INFO - DAG(s) dict_keys(['example_branch_datetime_operator_3', 'example_branch_datetime_operator', 'example_branch_datetime_operator_2']) retrieved from /home/airflow/.local/lib/python3.8/site-packages/airflow/example_dags/example_branch_datetime_operator.py
[2023-11-23T11:40:16.840+0000] {logging_mixin.py:154} INFO - [2023-11-23T11:40:16.839+0000] {dag.py:2941} INFO - Sync 3 DAGs
[2023-11-23T11:40:16.857+0000] {logging_mixin.py:154} INFO - [2023-11-23T11:40:16.857+0000] {dag.py:3722} INFO - Setting next_dagrun for example_branch_datetime_operator to 2023-11-22T00:00:00+00:00, run_after=2023-11-23T00:00:00+00:00
[2023-11-23T11:40:16.861+0000] {logging_mixin.py:154} INFO - [2023-11-23T11:40:16.861+0000] {dag.py:3722} INFO - Setting next_dagrun for example_branch_datetime_operator_2 to 2023-11-22T00:00:00+00:00, run_after=2023-11-23T00:00:00+00:00
[2023-11-23T11:40:16.863+0000] {logging_mixin.py:154} INFO - [2023-11-23T11:40:16.863+0000] {dag.py:3722} INFO - Setting next_dagrun for example_branch_datetime_operator_3 to 2023-11-22T00:00:00+00:00, run_after=2023-11-23T00:00:00+00:00
[2023-11-23T11:40:16.876+0000] {processor.py:179} INFO - Processing /home/airflow/.local/lib/python3.8/site-packages/airflow/example_dags/example_branch_datetime_operator.py took 0.067 seconds
[2023-11-23T11:40:47.745+0000] {processor.py:157} INFO - Started process (PID=287) to work on /home/airflow/.local/lib/python3.8/site-packages/airflow/example_dags/example_branch_datetime_operator.py
[2023-11-23T11:40:47.746+0000] {processor.py:829} INFO - Processing file /home/airflow/.local/lib/python3.8/site-packages/airflow/example_dags/example_branch_datetime_operator.py for tasks to queue
[2023-11-23T11:40:47.747+0000] {logging_mixin.py:154} INFO - [2023-11-23T11:40:47.747+0000] {dagbag.py:536} INFO - Filling up the DagBag from /home/airflow/.local/lib/python3.8/site-packages/airflow/example_dags/example_branch_datetime_operator.py
[2023-11-23T11:40:47.755+0000] {processor.py:839} INFO - DAG(s) dict_keys(['example_branch_datetime_operator', 'example_branch_datetime_operator_2', 'example_branch_datetime_operator_3']) retrieved from /home/airflow/.local/lib/python3.8/site-packages/airflow/example_dags/example_branch_datetime_operator.py
[2023-11-23T11:40:47.776+0000] {logging_mixin.py:154} INFO - [2023-11-23T11:40:47.776+0000] {dag.py:2941} INFO - Sync 3 DAGs
[2023-11-23T11:40:47.792+0000] {logging_mixin.py:154} INFO - [2023-11-23T11:40:47.792+0000] {dag.py:3722} INFO - Setting next_dagrun for example_branch_datetime_operator to 2023-11-22T00:00:00+00:00, run_after=2023-11-23T00:00:00+00:00
[2023-11-23T11:40:47.795+0000] {logging_mixin.py:154} INFO - [2023-11-23T11:40:47.795+0000] {dag.py:3722} INFO - Setting next_dagrun for example_branch_datetime_operator_2 to 2023-11-22T00:00:00+00:00, run_after=2023-11-23T00:00:00+00:00
[2023-11-23T11:40:47.797+0000] {logging_mixin.py:154} INFO - [2023-11-23T11:40:47.797+0000] {dag.py:3722} INFO - Setting next_dagrun for example_branch_datetime_operator_3 to 2023-11-22T00:00:00+00:00, run_after=2023-11-23T00:00:00+00:00
[2023-11-23T11:40:47.808+0000] {processor.py:179} INFO - Processing /home/airflow/.local/lib/python3.8/site-packages/airflow/example_dags/example_branch_datetime_operator.py took 0.064 seconds
[2023-11-23T11:41:19.012+0000] {processor.py:157} INFO - Started process (PID=343) to work on /home/airflow/.local/lib/python3.8/site-packages/airflow/example_dags/example_branch_datetime_operator.py
[2023-11-23T11:41:19.013+0000] {processor.py:829} INFO - Processing file /home/airflow/.local/lib/python3.8/site-packages/airflow/example_dags/example_branch_datetime_operator.py for tasks to queue
[2023-11-23T11:41:19.014+0000] {logging_mixin.py:154} INFO - [2023-11-23T11:41:19.014+0000] {dagbag.py:536} INFO - Filling up the DagBag from /home/airflow/.local/lib/python3.8/site-packages/airflow/example_dags/example_branch_datetime_operator.py
[2023-11-23T11:41:19.020+0000] {processor.py:839} INFO - DAG(s) dict_keys(['example_branch_datetime_operator_3', 'example_branch_datetime_operator', 'example_branch_datetime_operator_2']) retrieved from /home/airflow/.local/lib/python3.8/site-packages/airflow/example_dags/example_branch_datetime_operator.py
[2023-11-23T11:41:19.037+0000] {logging_mixin.py:154} INFO - [2023-11-23T11:41:19.037+0000] {dag.py:2941} INFO - Sync 3 DAGs
[2023-11-23T11:41:19.051+0000] {logging_mixin.py:154} INFO - [2023-11-23T11:41:19.051+0000] {dag.py:3722} INFO - Setting next_dagrun for example_branch_datetime_operator to 2023-11-22T00:00:00+00:00, run_after=2023-11-23T00:00:00+00:00
[2023-11-23T11:41:19.055+0000] {logging_mixin.py:154} INFO - [2023-11-23T11:41:19.055+0000] {dag.py:3722} INFO - Setting next_dagrun for example_branch_datetime_operator_2 to 2023-11-22T00:00:00+00:00, run_after=2023-11-23T00:00:00+00:00
[2023-11-23T11:41:19.057+0000] {logging_mixin.py:154} INFO - [2023-11-23T11:41:19.057+0000] {dag.py:3722} INFO - Setting next_dagrun for example_branch_datetime_operator_3 to 2023-11-22T00:00:00+00:00, run_after=2023-11-23T00:00:00+00:00
[2023-11-23T11:41:19.068+0000] {processor.py:179} INFO - Processing /home/airflow/.local/lib/python3.8/site-packages/airflow/example_dags/example_branch_datetime_operator.py took 0.057 seconds
[2023-11-23T11:41:50.195+0000] {processor.py:157} INFO - Started process (PID=399) to work on /home/airflow/.local/lib/python3.8/site-packages/airflow/example_dags/example_branch_datetime_operator.py
[2023-11-23T11:41:50.196+0000] {processor.py:829} INFO - Processing file /home/airflow/.local/lib/python3.8/site-packages/airflow/example_dags/example_branch_datetime_operator.py for tasks to queue
[2023-11-23T11:41:50.197+0000] {logging_mixin.py:154} INFO - [2023-11-23T11:41:50.197+0000] {dagbag.py:536} INFO - Filling up the DagBag from /home/airflow/.local/lib/python3.8/site-packages/airflow/example_dags/example_branch_datetime_operator.py
[2023-11-23T11:41:50.203+0000] {processor.py:839} INFO - DAG(s) dict_keys(['example_branch_datetime_operator_2', 'example_branch_datetime_operator_3', 'example_branch_datetime_operator']) retrieved from /home/airflow/.local/lib/python3.8/site-packages/airflow/example_dags/example_branch_datetime_operator.py
[2023-11-23T11:41:50.220+0000] {logging_mixin.py:154} INFO - [2023-11-23T11:41:50.220+0000] {dag.py:2941} INFO - Sync 3 DAGs
[2023-11-23T11:41:50.236+0000] {logging_mixin.py:154} INFO - [2023-11-23T11:41:50.236+0000] {dag.py:3722} INFO - Setting next_dagrun for example_branch_datetime_operator to 2023-11-22T00:00:00+00:00, run_after=2023-11-23T00:00:00+00:00
[2023-11-23T11:41:50.239+0000] {logging_mixin.py:154} INFO - [2023-11-23T11:41:50.239+0000] {dag.py:3722} INFO - Setting next_dagrun for example_branch_datetime_operator_2 to 2023-11-22T00:00:00+00:00, run_after=2023-11-23T00:00:00+00:00
[2023-11-23T11:41:50.241+0000] {logging_mixin.py:154} INFO - [2023-11-23T11:41:50.241+0000] {dag.py:3722} INFO - Setting next_dagrun for example_branch_datetime_operator_3 to 2023-11-22T00:00:00+00:00, run_after=2023-11-23T00:00:00+00:00
[2023-11-23T11:41:50.251+0000] {processor.py:179} INFO - Processing /home/airflow/.local/lib/python3.8/site-packages/airflow/example_dags/example_branch_datetime_operator.py took 0.057 seconds
[2023-11-23T11:42:21.366+0000] {processor.py:157} INFO - Started process (PID=455) to work on /home/airflow/.local/lib/python3.8/site-packages/airflow/example_dags/example_branch_datetime_operator.py
[2023-11-23T11:42:21.366+0000] {processor.py:829} INFO - Processing file /home/airflow/.local/lib/python3.8/site-packages/airflow/example_dags/example_branch_datetime_operator.py for tasks to queue
[2023-11-23T11:42:21.368+0000] {logging_mixin.py:154} INFO - [2023-11-23T11:42:21.367+0000] {dagbag.py:536} INFO - Filling up the DagBag from /home/airflow/.local/lib/python3.8/site-packages/airflow/example_dags/example_branch_datetime_operator.py
[2023-11-23T11:42:21.374+0000] {processor.py:839} INFO - DAG(s) dict_keys(['example_branch_datetime_operator_2', 'example_branch_datetime_operator', 'example_branch_datetime_operator_3']) retrieved from /home/airflow/.local/lib/python3.8/site-packages/airflow/example_dags/example_branch_datetime_operator.py
[2023-11-23T11:42:21.393+0000] {logging_mixin.py:154} INFO - [2023-11-23T11:42:21.393+0000] {dag.py:2941} INFO - Sync 3 DAGs
[2023-11-23T11:42:21.411+0000] {logging_mixin.py:154} INFO - [2023-11-23T11:42:21.411+0000] {dag.py:3722} INFO - Setting next_dagrun for example_branch_datetime_operator to 2023-11-22T00:00:00+00:00, run_after=2023-11-23T00:00:00+00:00
[2023-11-23T11:42:21.415+0000] {logging_mixin.py:154} INFO - [2023-11-23T11:42:21.415+0000] {dag.py:3722} INFO - Setting next_dagrun for example_branch_datetime_operator_2 to 2023-11-22T00:00:00+00:00, run_after=2023-11-23T00:00:00+00:00
[2023-11-23T11:42:21.417+0000] {logging_mixin.py:154} INFO - [2023-11-23T11:42:21.417+0000] {dag.py:3722} INFO - Setting next_dagrun for example_branch_datetime_operator_3 to 2023-11-22T00:00:00+00:00, run_after=2023-11-23T00:00:00+00:00
[2023-11-23T11:42:21.428+0000] {processor.py:179} INFO - Processing /home/airflow/.local/lib/python3.8/site-packages/airflow/example_dags/example_branch_datetime_operator.py took 0.064 seconds
[2023-11-23T11:42:51.727+0000] {processor.py:157} INFO - Started process (PID=512) to work on /home/airflow/.local/lib/python3.8/site-packages/airflow/example_dags/example_branch_datetime_operator.py
[2023-11-23T11:42:51.728+0000] {processor.py:829} INFO - Processing file /home/airflow/.local/lib/python3.8/site-packages/airflow/example_dags/example_branch_datetime_operator.py for tasks to queue
[2023-11-23T11:42:51.729+0000] {logging_mixin.py:154} INFO - [2023-11-23T11:42:51.729+0000] {dagbag.py:536} INFO - Filling up the DagBag from /home/airflow/.local/lib/python3.8/site-packages/airflow/example_dags/example_branch_datetime_operator.py
[2023-11-23T11:42:51.736+0000] {processor.py:839} INFO - DAG(s) dict_keys(['example_branch_datetime_operator_3', 'example_branch_datetime_operator', 'example_branch_datetime_operator_2']) retrieved from /home/airflow/.local/lib/python3.8/site-packages/airflow/example_dags/example_branch_datetime_operator.py
[2023-11-23T11:42:51.753+0000] {logging_mixin.py:154} INFO - [2023-11-23T11:42:51.753+0000] {dag.py:2941} INFO - Sync 3 DAGs
[2023-11-23T11:42:51.768+0000] {logging_mixin.py:154} INFO - [2023-11-23T11:42:51.768+0000] {dag.py:3722} INFO - Setting next_dagrun for example_branch_datetime_operator to 2023-11-22T00:00:00+00:00, run_after=2023-11-23T00:00:00+00:00
[2023-11-23T11:42:51.772+0000] {logging_mixin.py:154} INFO - [2023-11-23T11:42:51.771+0000] {dag.py:3722} INFO - Setting next_dagrun for example_branch_datetime_operator_2 to 2023-11-22T00:00:00+00:00, run_after=2023-11-23T00:00:00+00:00
[2023-11-23T11:42:51.774+0000] {logging_mixin.py:154} INFO - [2023-11-23T11:42:51.774+0000] {dag.py:3722} INFO - Setting next_dagrun for example_branch_datetime_operator_3 to 2023-11-22T00:00:00+00:00, run_after=2023-11-23T00:00:00+00:00
[2023-11-23T11:42:51.784+0000] {processor.py:179} INFO - Processing /home/airflow/.local/lib/python3.8/site-packages/airflow/example_dags/example_branch_datetime_operator.py took 0.059 seconds
[2023-11-23T11:43:21.995+0000] {processor.py:157} INFO - Started process (PID=568) to work on /home/airflow/.local/lib/python3.8/site-packages/airflow/example_dags/example_branch_datetime_operator.py
[2023-11-23T11:43:21.996+0000] {processor.py:829} INFO - Processing file /home/airflow/.local/lib/python3.8/site-packages/airflow/example_dags/example_branch_datetime_operator.py for tasks to queue
[2023-11-23T11:43:21.997+0000] {logging_mixin.py:154} INFO - [2023-11-23T11:43:21.997+0000] {dagbag.py:536} INFO - Filling up the DagBag from /home/airflow/.local/lib/python3.8/site-packages/airflow/example_dags/example_branch_datetime_operator.py
[2023-11-23T11:43:22.003+0000] {processor.py:839} INFO - DAG(s) dict_keys(['example_branch_datetime_operator', 'example_branch_datetime_operator_2', 'example_branch_datetime_operator_3']) retrieved from /home/airflow/.local/lib/python3.8/site-packages/airflow/example_dags/example_branch_datetime_operator.py
[2023-11-23T11:43:22.020+0000] {logging_mixin.py:154} INFO - [2023-11-23T11:43:22.019+0000] {dag.py:2941} INFO - Sync 3 DAGs
[2023-11-23T11:43:22.035+0000] {logging_mixin.py:154} INFO - [2023-11-23T11:43:22.035+0000] {dag.py:3722} INFO - Setting next_dagrun for example_branch_datetime_operator to 2023-11-22T00:00:00+00:00, run_after=2023-11-23T00:00:00+00:00
[2023-11-23T11:43:22.039+0000] {logging_mixin.py:154} INFO - [2023-11-23T11:43:22.039+0000] {dag.py:3722} INFO - Setting next_dagrun for example_branch_datetime_operator_2 to 2023-11-22T00:00:00+00:00, run_after=2023-11-23T00:00:00+00:00
[2023-11-23T11:43:22.041+0000] {logging_mixin.py:154} INFO - [2023-11-23T11:43:22.041+0000] {dag.py:3722} INFO - Setting next_dagrun for example_branch_datetime_operator_3 to 2023-11-22T00:00:00+00:00, run_after=2023-11-23T00:00:00+00:00
[2023-11-23T11:43:22.051+0000] {processor.py:179} INFO - Processing /home/airflow/.local/lib/python3.8/site-packages/airflow/example_dags/example_branch_datetime_operator.py took 0.057 seconds
[2023-11-23T11:43:52.243+0000] {processor.py:157} INFO - Started process (PID=624) to work on /home/airflow/.local/lib/python3.8/site-packages/airflow/example_dags/example_branch_datetime_operator.py
[2023-11-23T11:43:52.244+0000] {processor.py:829} INFO - Processing file /home/airflow/.local/lib/python3.8/site-packages/airflow/example_dags/example_branch_datetime_operator.py for tasks to queue
[2023-11-23T11:43:52.245+0000] {logging_mixin.py:154} INFO - [2023-11-23T11:43:52.245+0000] {dagbag.py:536} INFO - Filling up the DagBag from /home/airflow/.local/lib/python3.8/site-packages/airflow/example_dags/example_branch_datetime_operator.py
[2023-11-23T11:43:52.251+0000] {processor.py:839} INFO - DAG(s) dict_keys(['example_branch_datetime_operator', 'example_branch_datetime_operator_2', 'example_branch_datetime_operator_3']) retrieved from /home/airflow/.local/lib/python3.8/site-packages/airflow/example_dags/example_branch_datetime_operator.py
[2023-11-23T11:43:52.268+0000] {logging_mixin.py:154} INFO - [2023-11-23T11:43:52.268+0000] {dag.py:2941} INFO - Sync 3 DAGs
[2023-11-23T11:43:52.284+0000] {logging_mixin.py:154} INFO - [2023-11-23T11:43:52.283+0000] {dag.py:3722} INFO - Setting next_dagrun for example_branch_datetime_operator to 2023-11-22T00:00:00+00:00, run_after=2023-11-23T00:00:00+00:00
[2023-11-23T11:43:52.287+0000] {logging_mixin.py:154} INFO - [2023-11-23T11:43:52.287+0000] {dag.py:3722} INFO - Setting next_dagrun for example_branch_datetime_operator_2 to 2023-11-22T00:00:00+00:00, run_after=2023-11-23T00:00:00+00:00
[2023-11-23T11:43:52.289+0000] {logging_mixin.py:154} INFO - [2023-11-23T11:43:52.289+0000] {dag.py:3722} INFO - Setting next_dagrun for example_branch_datetime_operator_3 to 2023-11-22T00:00:00+00:00, run_after=2023-11-23T00:00:00+00:00
[2023-11-23T11:43:52.300+0000] {processor.py:179} INFO - Processing /home/airflow/.local/lib/python3.8/site-packages/airflow/example_dags/example_branch_datetime_operator.py took 0.058 seconds
[2023-11-23T11:44:23.294+0000] {processor.py:157} INFO - Started process (PID=680) to work on /home/airflow/.local/lib/python3.8/site-packages/airflow/example_dags/example_branch_datetime_operator.py
[2023-11-23T11:44:23.294+0000] {processor.py:829} INFO - Processing file /home/airflow/.local/lib/python3.8/site-packages/airflow/example_dags/example_branch_datetime_operator.py for tasks to queue
[2023-11-23T11:44:23.295+0000] {logging_mixin.py:154} INFO - [2023-11-23T11:44:23.295+0000] {dagbag.py:536} INFO - Filling up the DagBag from /home/airflow/.local/lib/python3.8/site-packages/airflow/example_dags/example_branch_datetime_operator.py
[2023-11-23T11:44:23.302+0000] {processor.py:839} INFO - DAG(s) dict_keys(['example_branch_datetime_operator', 'example_branch_datetime_operator_3', 'example_branch_datetime_operator_2']) retrieved from /home/airflow/.local/lib/python3.8/site-packages/airflow/example_dags/example_branch_datetime_operator.py
[2023-11-23T11:44:23.318+0000] {logging_mixin.py:154} INFO - [2023-11-23T11:44:23.318+0000] {dag.py:2941} INFO - Sync 3 DAGs
[2023-11-23T11:44:23.333+0000] {logging_mixin.py:154} INFO - [2023-11-23T11:44:23.333+0000] {dag.py:3722} INFO - Setting next_dagrun for example_branch_datetime_operator to 2023-11-22T00:00:00+00:00, run_after=2023-11-23T00:00:00+00:00
[2023-11-23T11:44:23.337+0000] {logging_mixin.py:154} INFO - [2023-11-23T11:44:23.337+0000] {dag.py:3722} INFO - Setting next_dagrun for example_branch_datetime_operator_2 to 2023-11-22T00:00:00+00:00, run_after=2023-11-23T00:00:00+00:00
[2023-11-23T11:44:23.339+0000] {logging_mixin.py:154} INFO - [2023-11-23T11:44:23.339+0000] {dag.py:3722} INFO - Setting next_dagrun for example_branch_datetime_operator_3 to 2023-11-22T00:00:00+00:00, run_after=2023-11-23T00:00:00+00:00
[2023-11-23T11:44:23.349+0000] {processor.py:179} INFO - Processing /home/airflow/.local/lib/python3.8/site-packages/airflow/example_dags/example_branch_datetime_operator.py took 0.057 seconds
[2023-11-23T11:44:54.399+0000] {processor.py:157} INFO - Started process (PID=736) to work on /home/airflow/.local/lib/python3.8/site-packages/airflow/example_dags/example_branch_datetime_operator.py
[2023-11-23T11:44:54.400+0000] {processor.py:829} INFO - Processing file /home/airflow/.local/lib/python3.8/site-packages/airflow/example_dags/example_branch_datetime_operator.py for tasks to queue
[2023-11-23T11:44:54.401+0000] {logging_mixin.py:154} INFO - [2023-11-23T11:44:54.401+0000] {dagbag.py:536} INFO - Filling up the DagBag from /home/airflow/.local/lib/python3.8/site-packages/airflow/example_dags/example_branch_datetime_operator.py
[2023-11-23T11:44:54.407+0000] {processor.py:839} INFO - DAG(s) dict_keys(['example_branch_datetime_operator_2', 'example_branch_datetime_operator', 'example_branch_datetime_operator_3']) retrieved from /home/airflow/.local/lib/python3.8/site-packages/airflow/example_dags/example_branch_datetime_operator.py
[2023-11-23T11:44:54.424+0000] {logging_mixin.py:154} INFO - [2023-11-23T11:44:54.424+0000] {dag.py:2941} INFO - Sync 3 DAGs
[2023-11-23T11:44:54.440+0000] {logging_mixin.py:154} INFO - [2023-11-23T11:44:54.439+0000] {dag.py:3722} INFO - Setting next_dagrun for example_branch_datetime_operator to 2023-11-22T00:00:00+00:00, run_after=2023-11-23T00:00:00+00:00
[2023-11-23T11:44:54.443+0000] {logging_mixin.py:154} INFO - [2023-11-23T11:44:54.443+0000] {dag.py:3722} INFO - Setting next_dagrun for example_branch_datetime_operator_2 to 2023-11-22T00:00:00+00:00, run_after=2023-11-23T00:00:00+00:00
[2023-11-23T11:44:54.445+0000] {logging_mixin.py:154} INFO - [2023-11-23T11:44:54.445+0000] {dag.py:3722} INFO - Setting next_dagrun for example_branch_datetime_operator_3 to 2023-11-22T00:00:00+00:00, run_after=2023-11-23T00:00:00+00:00
[2023-11-23T11:44:54.455+0000] {processor.py:179} INFO - Processing /home/airflow/.local/lib/python3.8/site-packages/airflow/example_dags/example_branch_datetime_operator.py took 0.058 seconds
[2023-11-23T11:45:25.526+0000] {processor.py:157} INFO - Started process (PID=792) to work on /home/airflow/.local/lib/python3.8/site-packages/airflow/example_dags/example_branch_datetime_operator.py
[2023-11-23T11:45:25.526+0000] {processor.py:829} INFO - Processing file /home/airflow/.local/lib/python3.8/site-packages/airflow/example_dags/example_branch_datetime_operator.py for tasks to queue
[2023-11-23T11:45:25.527+0000] {logging_mixin.py:154} INFO - [2023-11-23T11:45:25.527+0000] {dagbag.py:536} INFO - Filling up the DagBag from /home/airflow/.local/lib/python3.8/site-packages/airflow/example_dags/example_branch_datetime_operator.py
[2023-11-23T11:45:25.534+0000] {processor.py:839} INFO - DAG(s) dict_keys(['example_branch_datetime_operator_2', 'example_branch_datetime_operator_3', 'example_branch_datetime_operator']) retrieved from /home/airflow/.local/lib/python3.8/site-packages/airflow/example_dags/example_branch_datetime_operator.py
[2023-11-23T11:45:25.552+0000] {logging_mixin.py:154} INFO - [2023-11-23T11:45:25.552+0000] {dag.py:2941} INFO - Sync 3 DAGs
[2023-11-23T11:45:25.567+0000] {logging_mixin.py:154} INFO - [2023-11-23T11:45:25.567+0000] {dag.py:3722} INFO - Setting next_dagrun for example_branch_datetime_operator to 2023-11-22T00:00:00+00:00, run_after=2023-11-23T00:00:00+00:00
[2023-11-23T11:45:25.571+0000] {logging_mixin.py:154} INFO - [2023-11-23T11:45:25.570+0000] {dag.py:3722} INFO - Setting next_dagrun for example_branch_datetime_operator_2 to 2023-11-22T00:00:00+00:00, run_after=2023-11-23T00:00:00+00:00
[2023-11-23T11:45:25.572+0000] {logging_mixin.py:154} INFO - [2023-11-23T11:45:25.572+0000] {dag.py:3722} INFO - Setting next_dagrun for example_branch_datetime_operator_3 to 2023-11-22T00:00:00+00:00, run_after=2023-11-23T00:00:00+00:00
[2023-11-23T11:45:25.583+0000] {processor.py:179} INFO - Processing /home/airflow/.local/lib/python3.8/site-packages/airflow/example_dags/example_branch_datetime_operator.py took 0.059 seconds
[2023-11-23T11:45:56.672+0000] {processor.py:157} INFO - Started process (PID=848) to work on /home/airflow/.local/lib/python3.8/site-packages/airflow/example_dags/example_branch_datetime_operator.py
[2023-11-23T11:45:56.673+0000] {processor.py:829} INFO - Processing file /home/airflow/.local/lib/python3.8/site-packages/airflow/example_dags/example_branch_datetime_operator.py for tasks to queue
[2023-11-23T11:45:56.674+0000] {logging_mixin.py:154} INFO - [2023-11-23T11:45:56.674+0000] {dagbag.py:536} INFO - Filling up the DagBag from /home/airflow/.local/lib/python3.8/site-packages/airflow/example_dags/example_branch_datetime_operator.py
[2023-11-23T11:45:56.681+0000] {processor.py:839} INFO - DAG(s) dict_keys(['example_branch_datetime_operator_3', 'example_branch_datetime_operator', 'example_branch_datetime_operator_2']) retrieved from /home/airflow/.local/lib/python3.8/site-packages/airflow/example_dags/example_branch_datetime_operator.py
[2023-11-23T11:45:56.698+0000] {logging_mixin.py:154} INFO - [2023-11-23T11:45:56.698+0000] {dag.py:2941} INFO - Sync 3 DAGs
[2023-11-23T11:45:56.714+0000] {logging_mixin.py:154} INFO - [2023-11-23T11:45:56.714+0000] {dag.py:3722} INFO - Setting next_dagrun for example_branch_datetime_operator to 2023-11-22T00:00:00+00:00, run_after=2023-11-23T00:00:00+00:00
[2023-11-23T11:45:56.717+0000] {logging_mixin.py:154} INFO - [2023-11-23T11:45:56.717+0000] {dag.py:3722} INFO - Setting next_dagrun for example_branch_datetime_operator_2 to 2023-11-22T00:00:00+00:00, run_after=2023-11-23T00:00:00+00:00
[2023-11-23T11:45:56.719+0000] {logging_mixin.py:154} INFO - [2023-11-23T11:45:56.719+0000] {dag.py:3722} INFO - Setting next_dagrun for example_branch_datetime_operator_3 to 2023-11-22T00:00:00+00:00, run_after=2023-11-23T00:00:00+00:00
[2023-11-23T11:45:56.729+0000] {processor.py:179} INFO - Processing /home/airflow/.local/lib/python3.8/site-packages/airflow/example_dags/example_branch_datetime_operator.py took 0.059 seconds
[2023-11-23T11:46:27.804+0000] {processor.py:157} INFO - Started process (PID=904) to work on /home/airflow/.local/lib/python3.8/site-packages/airflow/example_dags/example_branch_datetime_operator.py
[2023-11-23T11:46:27.804+0000] {processor.py:829} INFO - Processing file /home/airflow/.local/lib/python3.8/site-packages/airflow/example_dags/example_branch_datetime_operator.py for tasks to queue
[2023-11-23T11:46:27.805+0000] {logging_mixin.py:154} INFO - [2023-11-23T11:46:27.805+0000] {dagbag.py:536} INFO - Filling up the DagBag from /home/airflow/.local/lib/python3.8/site-packages/airflow/example_dags/example_branch_datetime_operator.py
[2023-11-23T11:46:27.812+0000] {processor.py:839} INFO - DAG(s) dict_keys(['example_branch_datetime_operator_3', 'example_branch_datetime_operator', 'example_branch_datetime_operator_2']) retrieved from /home/airflow/.local/lib/python3.8/site-packages/airflow/example_dags/example_branch_datetime_operator.py
[2023-11-23T11:46:27.829+0000] {logging_mixin.py:154} INFO - [2023-11-23T11:46:27.829+0000] {dag.py:2941} INFO - Sync 3 DAGs
[2023-11-23T11:46:27.844+0000] {logging_mixin.py:154} INFO - [2023-11-23T11:46:27.844+0000] {dag.py:3722} INFO - Setting next_dagrun for example_branch_datetime_operator to 2023-11-22T00:00:00+00:00, run_after=2023-11-23T00:00:00+00:00
[2023-11-23T11:46:27.848+0000] {logging_mixin.py:154} INFO - [2023-11-23T11:46:27.848+0000] {dag.py:3722} INFO - Setting next_dagrun for example_branch_datetime_operator_2 to 2023-11-22T00:00:00+00:00, run_after=2023-11-23T00:00:00+00:00
[2023-11-23T11:46:27.850+0000] {logging_mixin.py:154} INFO - [2023-11-23T11:46:27.850+0000] {dag.py:3722} INFO - Setting next_dagrun for example_branch_datetime_operator_3 to 2023-11-22T00:00:00+00:00, run_after=2023-11-23T00:00:00+00:00
[2023-11-23T11:46:27.860+0000] {processor.py:179} INFO - Processing /home/airflow/.local/lib/python3.8/site-packages/airflow/example_dags/example_branch_datetime_operator.py took 0.058 seconds
[2023-11-23T11:46:59.099+0000] {processor.py:157} INFO - Started process (PID=960) to work on /home/airflow/.local/lib/python3.8/site-packages/airflow/example_dags/example_branch_datetime_operator.py
[2023-11-23T11:46:59.099+0000] {processor.py:829} INFO - Processing file /home/airflow/.local/lib/python3.8/site-packages/airflow/example_dags/example_branch_datetime_operator.py for tasks to queue
[2023-11-23T11:46:59.101+0000] {logging_mixin.py:154} INFO - [2023-11-23T11:46:59.101+0000] {dagbag.py:536} INFO - Filling up the DagBag from /home/airflow/.local/lib/python3.8/site-packages/airflow/example_dags/example_branch_datetime_operator.py
[2023-11-23T11:46:59.107+0000] {processor.py:839} INFO - DAG(s) dict_keys(['example_branch_datetime_operator', 'example_branch_datetime_operator_3', 'example_branch_datetime_operator_2']) retrieved from /home/airflow/.local/lib/python3.8/site-packages/airflow/example_dags/example_branch_datetime_operator.py
[2023-11-23T11:46:59.124+0000] {logging_mixin.py:154} INFO - [2023-11-23T11:46:59.124+0000] {dag.py:2941} INFO - Sync 3 DAGs
[2023-11-23T11:46:59.140+0000] {logging_mixin.py:154} INFO - [2023-11-23T11:46:59.139+0000] {dag.py:3722} INFO - Setting next_dagrun for example_branch_datetime_operator to 2023-11-22T00:00:00+00:00, run_after=2023-11-23T00:00:00+00:00
[2023-11-23T11:46:59.143+0000] {logging_mixin.py:154} INFO - [2023-11-23T11:46:59.143+0000] {dag.py:3722} INFO - Setting next_dagrun for example_branch_datetime_operator_2 to 2023-11-22T00:00:00+00:00, run_after=2023-11-23T00:00:00+00:00
[2023-11-23T11:46:59.146+0000] {logging_mixin.py:154} INFO - [2023-11-23T11:46:59.145+0000] {dag.py:3722} INFO - Setting next_dagrun for example_branch_datetime_operator_3 to 2023-11-22T00:00:00+00:00, run_after=2023-11-23T00:00:00+00:00
[2023-11-23T11:46:59.156+0000] {processor.py:179} INFO - Processing /home/airflow/.local/lib/python3.8/site-packages/airflow/example_dags/example_branch_datetime_operator.py took 0.059 seconds
[2023-11-23T15:27:49.838+0000] {processor.py:157} INFO - Started process (PID=62) to work on /home/airflow/.local/lib/python3.8/site-packages/airflow/example_dags/example_branch_datetime_operator.py
[2023-11-23T15:27:50.008+0000] {processor.py:829} INFO - Processing file /home/airflow/.local/lib/python3.8/site-packages/airflow/example_dags/example_branch_datetime_operator.py for tasks to queue
[2023-11-23T15:27:50.009+0000] {logging_mixin.py:154} INFO - [2023-11-23T15:27:50.009+0000] {dagbag.py:536} INFO - Filling up the DagBag from /home/airflow/.local/lib/python3.8/site-packages/airflow/example_dags/example_branch_datetime_operator.py
[2023-11-23T15:27:50.016+0000] {processor.py:839} INFO - DAG(s) dict_keys(['example_branch_datetime_operator_3', 'example_branch_datetime_operator_2', 'example_branch_datetime_operator']) retrieved from /home/airflow/.local/lib/python3.8/site-packages/airflow/example_dags/example_branch_datetime_operator.py
[2023-11-23T15:27:50.024+0000] {logging_mixin.py:154} INFO - [2023-11-23T15:27:50.024+0000] {dag.py:2941} INFO - Sync 3 DAGs
[2023-11-23T15:27:50.041+0000] {logging_mixin.py:154} INFO - [2023-11-23T15:27:50.041+0000] {dag.py:3722} INFO - Setting next_dagrun for example_branch_datetime_operator to 2023-11-22T00:00:00+00:00, run_after=2023-11-23T00:00:00+00:00
[2023-11-23T15:27:50.045+0000] {logging_mixin.py:154} INFO - [2023-11-23T15:27:50.045+0000] {dag.py:3722} INFO - Setting next_dagrun for example_branch_datetime_operator_2 to 2023-11-22T00:00:00+00:00, run_after=2023-11-23T00:00:00+00:00
[2023-11-23T15:27:50.047+0000] {logging_mixin.py:154} INFO - [2023-11-23T15:27:50.047+0000] {dag.py:3722} INFO - Setting next_dagrun for example_branch_datetime_operator_3 to 2023-11-22T00:00:00+00:00, run_after=2023-11-23T00:00:00+00:00
[2023-11-23T15:27:50.058+0000] {processor.py:179} INFO - Processing /home/airflow/.local/lib/python3.8/site-packages/airflow/example_dags/example_branch_datetime_operator.py took 0.222 seconds
[2023-11-23T15:28:20.375+0000] {processor.py:157} INFO - Started process (PID=118) to work on /home/airflow/.local/lib/python3.8/site-packages/airflow/example_dags/example_branch_datetime_operator.py
[2023-11-23T15:28:20.376+0000] {processor.py:829} INFO - Processing file /home/airflow/.local/lib/python3.8/site-packages/airflow/example_dags/example_branch_datetime_operator.py for tasks to queue
[2023-11-23T15:28:20.377+0000] {logging_mixin.py:154} INFO - [2023-11-23T15:28:20.377+0000] {dagbag.py:536} INFO - Filling up the DagBag from /home/airflow/.local/lib/python3.8/site-packages/airflow/example_dags/example_branch_datetime_operator.py
[2023-11-23T15:28:20.383+0000] {processor.py:839} INFO - DAG(s) dict_keys(['example_branch_datetime_operator_3', 'example_branch_datetime_operator_2', 'example_branch_datetime_operator']) retrieved from /home/airflow/.local/lib/python3.8/site-packages/airflow/example_dags/example_branch_datetime_operator.py
[2023-11-23T15:28:20.399+0000] {logging_mixin.py:154} INFO - [2023-11-23T15:28:20.399+0000] {dag.py:2941} INFO - Sync 3 DAGs
[2023-11-23T15:28:20.415+0000] {logging_mixin.py:154} INFO - [2023-11-23T15:28:20.415+0000] {dag.py:3722} INFO - Setting next_dagrun for example_branch_datetime_operator to 2023-11-22T00:00:00+00:00, run_after=2023-11-23T00:00:00+00:00
[2023-11-23T15:28:20.418+0000] {logging_mixin.py:154} INFO - [2023-11-23T15:28:20.418+0000] {dag.py:3722} INFO - Setting next_dagrun for example_branch_datetime_operator_2 to 2023-11-22T00:00:00+00:00, run_after=2023-11-23T00:00:00+00:00
[2023-11-23T15:28:20.420+0000] {logging_mixin.py:154} INFO - [2023-11-23T15:28:20.420+0000] {dag.py:3722} INFO - Setting next_dagrun for example_branch_datetime_operator_3 to 2023-11-22T00:00:00+00:00, run_after=2023-11-23T00:00:00+00:00
[2023-11-23T15:28:20.430+0000] {processor.py:179} INFO - Processing /home/airflow/.local/lib/python3.8/site-packages/airflow/example_dags/example_branch_datetime_operator.py took 0.056 seconds
[2023-11-23T15:28:50.745+0000] {processor.py:157} INFO - Started process (PID=174) to work on /home/airflow/.local/lib/python3.8/site-packages/airflow/example_dags/example_branch_datetime_operator.py
[2023-11-23T15:28:50.745+0000] {processor.py:829} INFO - Processing file /home/airflow/.local/lib/python3.8/site-packages/airflow/example_dags/example_branch_datetime_operator.py for tasks to queue
[2023-11-23T15:28:50.746+0000] {logging_mixin.py:154} INFO - [2023-11-23T15:28:50.746+0000] {dagbag.py:536} INFO - Filling up the DagBag from /home/airflow/.local/lib/python3.8/site-packages/airflow/example_dags/example_branch_datetime_operator.py
[2023-11-23T15:28:50.753+0000] {processor.py:839} INFO - DAG(s) dict_keys(['example_branch_datetime_operator_2', 'example_branch_datetime_operator_3', 'example_branch_datetime_operator']) retrieved from /home/airflow/.local/lib/python3.8/site-packages/airflow/example_dags/example_branch_datetime_operator.py
[2023-11-23T15:28:50.770+0000] {logging_mixin.py:154} INFO - [2023-11-23T15:28:50.770+0000] {dag.py:2941} INFO - Sync 3 DAGs
[2023-11-23T15:28:50.787+0000] {logging_mixin.py:154} INFO - [2023-11-23T15:28:50.787+0000] {dag.py:3722} INFO - Setting next_dagrun for example_branch_datetime_operator to 2023-11-22T00:00:00+00:00, run_after=2023-11-23T00:00:00+00:00
[2023-11-23T15:28:50.790+0000] {logging_mixin.py:154} INFO - [2023-11-23T15:28:50.790+0000] {dag.py:3722} INFO - Setting next_dagrun for example_branch_datetime_operator_2 to 2023-11-22T00:00:00+00:00, run_after=2023-11-23T00:00:00+00:00
[2023-11-23T15:28:50.792+0000] {logging_mixin.py:154} INFO - [2023-11-23T15:28:50.792+0000] {dag.py:3722} INFO - Setting next_dagrun for example_branch_datetime_operator_3 to 2023-11-22T00:00:00+00:00, run_after=2023-11-23T00:00:00+00:00
[2023-11-23T15:28:50.802+0000] {processor.py:179} INFO - Processing /home/airflow/.local/lib/python3.8/site-packages/airflow/example_dags/example_branch_datetime_operator.py took 0.059 seconds
[2023-11-23T15:29:20.972+0000] {processor.py:157} INFO - Started process (PID=230) to work on /home/airflow/.local/lib/python3.8/site-packages/airflow/example_dags/example_branch_datetime_operator.py
[2023-11-23T15:29:20.973+0000] {processor.py:829} INFO - Processing file /home/airflow/.local/lib/python3.8/site-packages/airflow/example_dags/example_branch_datetime_operator.py for tasks to queue
[2023-11-23T15:29:20.974+0000] {logging_mixin.py:154} INFO - [2023-11-23T15:29:20.974+0000] {dagbag.py:536} INFO - Filling up the DagBag from /home/airflow/.local/lib/python3.8/site-packages/airflow/example_dags/example_branch_datetime_operator.py
[2023-11-23T15:29:20.980+0000] {processor.py:839} INFO - DAG(s) dict_keys(['example_branch_datetime_operator', 'example_branch_datetime_operator_3', 'example_branch_datetime_operator_2']) retrieved from /home/airflow/.local/lib/python3.8/site-packages/airflow/example_dags/example_branch_datetime_operator.py
[2023-11-23T15:29:20.996+0000] {logging_mixin.py:154} INFO - [2023-11-23T15:29:20.996+0000] {dag.py:2941} INFO - Sync 3 DAGs
[2023-11-23T15:29:21.013+0000] {logging_mixin.py:154} INFO - [2023-11-23T15:29:21.013+0000] {dag.py:3722} INFO - Setting next_dagrun for example_branch_datetime_operator to 2023-11-22T00:00:00+00:00, run_after=2023-11-23T00:00:00+00:00
[2023-11-23T15:29:21.017+0000] {logging_mixin.py:154} INFO - [2023-11-23T15:29:21.016+0000] {dag.py:3722} INFO - Setting next_dagrun for example_branch_datetime_operator_2 to 2023-11-22T00:00:00+00:00, run_after=2023-11-23T00:00:00+00:00
[2023-11-23T15:29:21.019+0000] {logging_mixin.py:154} INFO - [2023-11-23T15:29:21.018+0000] {dag.py:3722} INFO - Setting next_dagrun for example_branch_datetime_operator_3 to 2023-11-22T00:00:00+00:00, run_after=2023-11-23T00:00:00+00:00
[2023-11-23T15:29:21.028+0000] {processor.py:179} INFO - Processing /home/airflow/.local/lib/python3.8/site-packages/airflow/example_dags/example_branch_datetime_operator.py took 0.057 seconds
[2023-11-23T15:29:51.231+0000] {processor.py:157} INFO - Started process (PID=286) to work on /home/airflow/.local/lib/python3.8/site-packages/airflow/example_dags/example_branch_datetime_operator.py
[2023-11-23T15:29:51.232+0000] {processor.py:829} INFO - Processing file /home/airflow/.local/lib/python3.8/site-packages/airflow/example_dags/example_branch_datetime_operator.py for tasks to queue
[2023-11-23T15:29:51.233+0000] {logging_mixin.py:154} INFO - [2023-11-23T15:29:51.233+0000] {dagbag.py:536} INFO - Filling up the DagBag from /home/airflow/.local/lib/python3.8/site-packages/airflow/example_dags/example_branch_datetime_operator.py
[2023-11-23T15:29:51.239+0000] {processor.py:839} INFO - DAG(s) dict_keys(['example_branch_datetime_operator_2', 'example_branch_datetime_operator_3', 'example_branch_datetime_operator']) retrieved from /home/airflow/.local/lib/python3.8/site-packages/airflow/example_dags/example_branch_datetime_operator.py
[2023-11-23T15:29:51.257+0000] {logging_mixin.py:154} INFO - [2023-11-23T15:29:51.257+0000] {dag.py:2941} INFO - Sync 3 DAGs
[2023-11-23T15:29:51.273+0000] {logging_mixin.py:154} INFO - [2023-11-23T15:29:51.273+0000] {dag.py:3722} INFO - Setting next_dagrun for example_branch_datetime_operator to 2023-11-22T00:00:00+00:00, run_after=2023-11-23T00:00:00+00:00
[2023-11-23T15:29:51.277+0000] {logging_mixin.py:154} INFO - [2023-11-23T15:29:51.276+0000] {dag.py:3722} INFO - Setting next_dagrun for example_branch_datetime_operator_2 to 2023-11-22T00:00:00+00:00, run_after=2023-11-23T00:00:00+00:00
[2023-11-23T15:29:51.279+0000] {logging_mixin.py:154} INFO - [2023-11-23T15:29:51.278+0000] {dag.py:3722} INFO - Setting next_dagrun for example_branch_datetime_operator_3 to 2023-11-22T00:00:00+00:00, run_after=2023-11-23T00:00:00+00:00
[2023-11-23T15:29:51.289+0000] {processor.py:179} INFO - Processing /home/airflow/.local/lib/python3.8/site-packages/airflow/example_dags/example_branch_datetime_operator.py took 0.059 seconds
[2023-11-23T15:30:22.249+0000] {processor.py:157} INFO - Started process (PID=342) to work on /home/airflow/.local/lib/python3.8/site-packages/airflow/example_dags/example_branch_datetime_operator.py
[2023-11-23T15:30:22.249+0000] {processor.py:829} INFO - Processing file /home/airflow/.local/lib/python3.8/site-packages/airflow/example_dags/example_branch_datetime_operator.py for tasks to queue
[2023-11-23T15:30:22.250+0000] {logging_mixin.py:154} INFO - [2023-11-23T15:30:22.250+0000] {dagbag.py:536} INFO - Filling up the DagBag from /home/airflow/.local/lib/python3.8/site-packages/airflow/example_dags/example_branch_datetime_operator.py
[2023-11-23T15:30:22.256+0000] {processor.py:839} INFO - DAG(s) dict_keys(['example_branch_datetime_operator', 'example_branch_datetime_operator_2', 'example_branch_datetime_operator_3']) retrieved from /home/airflow/.local/lib/python3.8/site-packages/airflow/example_dags/example_branch_datetime_operator.py
[2023-11-23T15:30:22.273+0000] {logging_mixin.py:154} INFO - [2023-11-23T15:30:22.273+0000] {dag.py:2941} INFO - Sync 3 DAGs
[2023-11-23T15:30:22.288+0000] {logging_mixin.py:154} INFO - [2023-11-23T15:30:22.288+0000] {dag.py:3722} INFO - Setting next_dagrun for example_branch_datetime_operator to 2023-11-22T00:00:00+00:00, run_after=2023-11-23T00:00:00+00:00
[2023-11-23T15:30:22.292+0000] {logging_mixin.py:154} INFO - [2023-11-23T15:30:22.291+0000] {dag.py:3722} INFO - Setting next_dagrun for example_branch_datetime_operator_2 to 2023-11-22T00:00:00+00:00, run_after=2023-11-23T00:00:00+00:00
[2023-11-23T15:30:22.293+0000] {logging_mixin.py:154} INFO - [2023-11-23T15:30:22.293+0000] {dag.py:3722} INFO - Setting next_dagrun for example_branch_datetime_operator_3 to 2023-11-22T00:00:00+00:00, run_after=2023-11-23T00:00:00+00:00
[2023-11-23T15:30:22.303+0000] {processor.py:179} INFO - Processing /home/airflow/.local/lib/python3.8/site-packages/airflow/example_dags/example_branch_datetime_operator.py took 0.056 seconds
[2023-11-23T15:30:53.025+0000] {processor.py:157} INFO - Started process (PID=398) to work on /home/airflow/.local/lib/python3.8/site-packages/airflow/example_dags/example_branch_datetime_operator.py
[2023-11-23T15:30:53.025+0000] {processor.py:829} INFO - Processing file /home/airflow/.local/lib/python3.8/site-packages/airflow/example_dags/example_branch_datetime_operator.py for tasks to queue
[2023-11-23T15:30:53.026+0000] {logging_mixin.py:154} INFO - [2023-11-23T15:30:53.026+0000] {dagbag.py:536} INFO - Filling up the DagBag from /home/airflow/.local/lib/python3.8/site-packages/airflow/example_dags/example_branch_datetime_operator.py
[2023-11-23T15:30:53.033+0000] {processor.py:839} INFO - DAG(s) dict_keys(['example_branch_datetime_operator_2', 'example_branch_datetime_operator', 'example_branch_datetime_operator_3']) retrieved from /home/airflow/.local/lib/python3.8/site-packages/airflow/example_dags/example_branch_datetime_operator.py
[2023-11-23T15:30:53.051+0000] {logging_mixin.py:154} INFO - [2023-11-23T15:30:53.050+0000] {dag.py:2941} INFO - Sync 3 DAGs
[2023-11-23T15:30:53.067+0000] {logging_mixin.py:154} INFO - [2023-11-23T15:30:53.066+0000] {dag.py:3722} INFO - Setting next_dagrun for example_branch_datetime_operator to 2023-11-22T00:00:00+00:00, run_after=2023-11-23T00:00:00+00:00
[2023-11-23T15:30:53.070+0000] {logging_mixin.py:154} INFO - [2023-11-23T15:30:53.070+0000] {dag.py:3722} INFO - Setting next_dagrun for example_branch_datetime_operator_2 to 2023-11-22T00:00:00+00:00, run_after=2023-11-23T00:00:00+00:00
[2023-11-23T15:30:53.072+0000] {logging_mixin.py:154} INFO - [2023-11-23T15:30:53.072+0000] {dag.py:3722} INFO - Setting next_dagrun for example_branch_datetime_operator_3 to 2023-11-22T00:00:00+00:00, run_after=2023-11-23T00:00:00+00:00
[2023-11-23T15:30:53.082+0000] {processor.py:179} INFO - Processing /home/airflow/.local/lib/python3.8/site-packages/airflow/example_dags/example_branch_datetime_operator.py took 0.059 seconds
[2023-11-23T15:31:24.181+0000] {processor.py:157} INFO - Started process (PID=454) to work on /home/airflow/.local/lib/python3.8/site-packages/airflow/example_dags/example_branch_datetime_operator.py
[2023-11-23T15:31:24.181+0000] {processor.py:829} INFO - Processing file /home/airflow/.local/lib/python3.8/site-packages/airflow/example_dags/example_branch_datetime_operator.py for tasks to queue
[2023-11-23T15:31:24.182+0000] {logging_mixin.py:154} INFO - [2023-11-23T15:31:24.182+0000] {dagbag.py:536} INFO - Filling up the DagBag from /home/airflow/.local/lib/python3.8/site-packages/airflow/example_dags/example_branch_datetime_operator.py
[2023-11-23T15:31:24.188+0000] {processor.py:839} INFO - DAG(s) dict_keys(['example_branch_datetime_operator', 'example_branch_datetime_operator_3', 'example_branch_datetime_operator_2']) retrieved from /home/airflow/.local/lib/python3.8/site-packages/airflow/example_dags/example_branch_datetime_operator.py
[2023-11-23T15:31:24.205+0000] {logging_mixin.py:154} INFO - [2023-11-23T15:31:24.205+0000] {dag.py:2941} INFO - Sync 3 DAGs
[2023-11-23T15:31:24.220+0000] {logging_mixin.py:154} INFO - [2023-11-23T15:31:24.220+0000] {dag.py:3722} INFO - Setting next_dagrun for example_branch_datetime_operator to 2023-11-22T00:00:00+00:00, run_after=2023-11-23T00:00:00+00:00
[2023-11-23T15:31:24.224+0000] {logging_mixin.py:154} INFO - [2023-11-23T15:31:24.224+0000] {dag.py:3722} INFO - Setting next_dagrun for example_branch_datetime_operator_2 to 2023-11-22T00:00:00+00:00, run_after=2023-11-23T00:00:00+00:00
[2023-11-23T15:31:24.226+0000] {logging_mixin.py:154} INFO - [2023-11-23T15:31:24.226+0000] {dag.py:3722} INFO - Setting next_dagrun for example_branch_datetime_operator_3 to 2023-11-22T00:00:00+00:00, run_after=2023-11-23T00:00:00+00:00
[2023-11-23T15:31:24.236+0000] {processor.py:179} INFO - Processing /home/airflow/.local/lib/python3.8/site-packages/airflow/example_dags/example_branch_datetime_operator.py took 0.057 seconds
[2023-11-23T15:31:55.325+0000] {processor.py:157} INFO - Started process (PID=510) to work on /home/airflow/.local/lib/python3.8/site-packages/airflow/example_dags/example_branch_datetime_operator.py
[2023-11-23T15:31:55.326+0000] {processor.py:829} INFO - Processing file /home/airflow/.local/lib/python3.8/site-packages/airflow/example_dags/example_branch_datetime_operator.py for tasks to queue
[2023-11-23T15:31:55.327+0000] {logging_mixin.py:154} INFO - [2023-11-23T15:31:55.327+0000] {dagbag.py:536} INFO - Filling up the DagBag from /home/airflow/.local/lib/python3.8/site-packages/airflow/example_dags/example_branch_datetime_operator.py
[2023-11-23T15:31:55.333+0000] {processor.py:839} INFO - DAG(s) dict_keys(['example_branch_datetime_operator', 'example_branch_datetime_operator_2', 'example_branch_datetime_operator_3']) retrieved from /home/airflow/.local/lib/python3.8/site-packages/airflow/example_dags/example_branch_datetime_operator.py
[2023-11-23T15:31:55.351+0000] {logging_mixin.py:154} INFO - [2023-11-23T15:31:55.350+0000] {dag.py:2941} INFO - Sync 3 DAGs
[2023-11-23T15:31:55.365+0000] {logging_mixin.py:154} INFO - [2023-11-23T15:31:55.365+0000] {dag.py:3722} INFO - Setting next_dagrun for example_branch_datetime_operator to 2023-11-22T00:00:00+00:00, run_after=2023-11-23T00:00:00+00:00
[2023-11-23T15:31:55.369+0000] {logging_mixin.py:154} INFO - [2023-11-23T15:31:55.369+0000] {dag.py:3722} INFO - Setting next_dagrun for example_branch_datetime_operator_2 to 2023-11-22T00:00:00+00:00, run_after=2023-11-23T00:00:00+00:00
[2023-11-23T15:31:55.371+0000] {logging_mixin.py:154} INFO - [2023-11-23T15:31:55.371+0000] {dag.py:3722} INFO - Setting next_dagrun for example_branch_datetime_operator_3 to 2023-11-22T00:00:00+00:00, run_after=2023-11-23T00:00:00+00:00
[2023-11-23T15:31:55.380+0000] {processor.py:179} INFO - Processing /home/airflow/.local/lib/python3.8/site-packages/airflow/example_dags/example_branch_datetime_operator.py took 0.057 seconds
[2023-11-23T15:32:26.149+0000] {processor.py:157} INFO - Started process (PID=566) to work on /home/airflow/.local/lib/python3.8/site-packages/airflow/example_dags/example_branch_datetime_operator.py
[2023-11-23T15:32:26.149+0000] {processor.py:829} INFO - Processing file /home/airflow/.local/lib/python3.8/site-packages/airflow/example_dags/example_branch_datetime_operator.py for tasks to queue
[2023-11-23T15:32:26.150+0000] {logging_mixin.py:154} INFO - [2023-11-23T15:32:26.150+0000] {dagbag.py:536} INFO - Filling up the DagBag from /home/airflow/.local/lib/python3.8/site-packages/airflow/example_dags/example_branch_datetime_operator.py
[2023-11-23T15:32:26.157+0000] {processor.py:839} INFO - DAG(s) dict_keys(['example_branch_datetime_operator_3', 'example_branch_datetime_operator', 'example_branch_datetime_operator_2']) retrieved from /home/airflow/.local/lib/python3.8/site-packages/airflow/example_dags/example_branch_datetime_operator.py
[2023-11-23T15:32:26.173+0000] {logging_mixin.py:154} INFO - [2023-11-23T15:32:26.173+0000] {dag.py:2941} INFO - Sync 3 DAGs
[2023-11-23T15:32:26.188+0000] {logging_mixin.py:154} INFO - [2023-11-23T15:32:26.188+0000] {dag.py:3722} INFO - Setting next_dagrun for example_branch_datetime_operator to 2023-11-22T00:00:00+00:00, run_after=2023-11-23T00:00:00+00:00
[2023-11-23T15:32:26.191+0000] {logging_mixin.py:154} INFO - [2023-11-23T15:32:26.191+0000] {dag.py:3722} INFO - Setting next_dagrun for example_branch_datetime_operator_2 to 2023-11-22T00:00:00+00:00, run_after=2023-11-23T00:00:00+00:00
[2023-11-23T15:32:26.193+0000] {logging_mixin.py:154} INFO - [2023-11-23T15:32:26.193+0000] {dag.py:3722} INFO - Setting next_dagrun for example_branch_datetime_operator_3 to 2023-11-22T00:00:00+00:00, run_after=2023-11-23T00:00:00+00:00
[2023-11-23T15:32:26.203+0000] {processor.py:179} INFO - Processing /home/airflow/.local/lib/python3.8/site-packages/airflow/example_dags/example_branch_datetime_operator.py took 0.056 seconds
[2023-11-23T15:32:57.376+0000] {processor.py:157} INFO - Started process (PID=622) to work on /home/airflow/.local/lib/python3.8/site-packages/airflow/example_dags/example_branch_datetime_operator.py
[2023-11-23T15:32:57.377+0000] {processor.py:829} INFO - Processing file /home/airflow/.local/lib/python3.8/site-packages/airflow/example_dags/example_branch_datetime_operator.py for tasks to queue
[2023-11-23T15:32:57.378+0000] {logging_mixin.py:154} INFO - [2023-11-23T15:32:57.378+0000] {dagbag.py:536} INFO - Filling up the DagBag from /home/airflow/.local/lib/python3.8/site-packages/airflow/example_dags/example_branch_datetime_operator.py
[2023-11-23T15:32:57.384+0000] {processor.py:839} INFO - DAG(s) dict_keys(['example_branch_datetime_operator_2', 'example_branch_datetime_operator', 'example_branch_datetime_operator_3']) retrieved from /home/airflow/.local/lib/python3.8/site-packages/airflow/example_dags/example_branch_datetime_operator.py
[2023-11-23T15:32:57.400+0000] {logging_mixin.py:154} INFO - [2023-11-23T15:32:57.400+0000] {dag.py:2941} INFO - Sync 3 DAGs
[2023-11-23T15:32:57.414+0000] {logging_mixin.py:154} INFO - [2023-11-23T15:32:57.414+0000] {dag.py:3722} INFO - Setting next_dagrun for example_branch_datetime_operator to 2023-11-22T00:00:00+00:00, run_after=2023-11-23T00:00:00+00:00
[2023-11-23T15:32:57.417+0000] {logging_mixin.py:154} INFO - [2023-11-23T15:32:57.417+0000] {dag.py:3722} INFO - Setting next_dagrun for example_branch_datetime_operator_2 to 2023-11-22T00:00:00+00:00, run_after=2023-11-23T00:00:00+00:00
[2023-11-23T15:32:57.419+0000] {logging_mixin.py:154} INFO - [2023-11-23T15:32:57.419+0000] {dag.py:3722} INFO - Setting next_dagrun for example_branch_datetime_operator_3 to 2023-11-22T00:00:00+00:00, run_after=2023-11-23T00:00:00+00:00
[2023-11-23T15:32:57.430+0000] {processor.py:179} INFO - Processing /home/airflow/.local/lib/python3.8/site-packages/airflow/example_dags/example_branch_datetime_operator.py took 0.056 seconds
