[2023-11-23T11:22:21.186+0000] {processor.py:157} INFO - Started process (PID=80) to work on /home/airflow/.local/lib/python3.8/site-packages/airflow/example_dags/example_setup_teardown.py
[2023-11-23T11:22:21.186+0000] {processor.py:829} INFO - Processing file /home/airflow/.local/lib/python3.8/site-packages/airflow/example_dags/example_setup_teardown.py for tasks to queue
[2023-11-23T11:22:21.188+0000] {logging_mixin.py:154} INFO - [2023-11-23T11:22:21.187+0000] {dagbag.py:536} INFO - Filling up the DagBag from /home/airflow/.local/lib/python3.8/site-packages/airflow/example_dags/example_setup_teardown.py
[2023-11-23T11:22:21.192+0000] {processor.py:839} INFO - DAG(s) dict_keys(['example_setup_teardown']) retrieved from /home/airflow/.local/lib/python3.8/site-packages/airflow/example_dags/example_setup_teardown.py
[2023-11-23T11:22:21.201+0000] {logging_mixin.py:154} INFO - [2023-11-23T11:22:21.201+0000] {dag.py:2941} INFO - Sync 1 DAGs
[2023-11-23T11:22:21.218+0000] {logging_mixin.py:154} INFO - [2023-11-23T11:22:21.218+0000] {dag.py:3722} INFO - Setting next_dagrun for example_setup_teardown to 2023-11-22T11:22:21.218613+00:00, run_after=2023-11-23T11:22:21.218613+00:00
[2023-11-23T11:22:21.232+0000] {processor.py:179} INFO - Processing /home/airflow/.local/lib/python3.8/site-packages/airflow/example_dags/example_setup_teardown.py took 0.048 seconds
[2023-11-23T11:22:51.519+0000] {processor.py:157} INFO - Started process (PID=135) to work on /home/airflow/.local/lib/python3.8/site-packages/airflow/example_dags/example_setup_teardown.py
[2023-11-23T11:22:51.520+0000] {processor.py:829} INFO - Processing file /home/airflow/.local/lib/python3.8/site-packages/airflow/example_dags/example_setup_teardown.py for tasks to queue
[2023-11-23T11:22:51.521+0000] {logging_mixin.py:154} INFO - [2023-11-23T11:22:51.521+0000] {dagbag.py:536} INFO - Filling up the DagBag from /home/airflow/.local/lib/python3.8/site-packages/airflow/example_dags/example_setup_teardown.py
[2023-11-23T11:22:51.525+0000] {processor.py:839} INFO - DAG(s) dict_keys(['example_setup_teardown']) retrieved from /home/airflow/.local/lib/python3.8/site-packages/airflow/example_dags/example_setup_teardown.py
[2023-11-23T11:22:51.536+0000] {logging_mixin.py:154} INFO - [2023-11-23T11:22:51.536+0000] {dag.py:2941} INFO - Sync 1 DAGs
[2023-11-23T11:22:51.549+0000] {logging_mixin.py:154} INFO - [2023-11-23T11:22:51.549+0000] {dag.py:3722} INFO - Setting next_dagrun for example_setup_teardown to 2023-11-22T11:22:51.549646+00:00, run_after=2023-11-23T11:22:51.549646+00:00
[2023-11-23T11:22:51.561+0000] {processor.py:179} INFO - Processing /home/airflow/.local/lib/python3.8/site-packages/airflow/example_dags/example_setup_teardown.py took 0.043 seconds
[2023-11-23T11:23:22.543+0000] {processor.py:157} INFO - Started process (PID=189) to work on /home/airflow/.local/lib/python3.8/site-packages/airflow/example_dags/example_setup_teardown.py
[2023-11-23T11:23:22.543+0000] {processor.py:829} INFO - Processing file /home/airflow/.local/lib/python3.8/site-packages/airflow/example_dags/example_setup_teardown.py for tasks to queue
[2023-11-23T11:23:22.545+0000] {logging_mixin.py:154} INFO - [2023-11-23T11:23:22.545+0000] {dagbag.py:536} INFO - Filling up the DagBag from /home/airflow/.local/lib/python3.8/site-packages/airflow/example_dags/example_setup_teardown.py
[2023-11-23T11:23:22.549+0000] {processor.py:839} INFO - DAG(s) dict_keys(['example_setup_teardown']) retrieved from /home/airflow/.local/lib/python3.8/site-packages/airflow/example_dags/example_setup_teardown.py
[2023-11-23T11:23:22.565+0000] {logging_mixin.py:154} INFO - [2023-11-23T11:23:22.564+0000] {dag.py:2941} INFO - Sync 1 DAGs
[2023-11-23T11:23:22.580+0000] {logging_mixin.py:154} INFO - [2023-11-23T11:23:22.580+0000] {dag.py:3722} INFO - Setting next_dagrun for example_setup_teardown to 2023-11-22T11:23:22.580550+00:00, run_after=2023-11-23T11:23:22.580550+00:00
[2023-11-23T11:23:22.593+0000] {processor.py:179} INFO - Processing /home/airflow/.local/lib/python3.8/site-packages/airflow/example_dags/example_setup_teardown.py took 0.052 seconds
[2023-11-23T11:23:53.364+0000] {processor.py:157} INFO - Started process (PID=243) to work on /home/airflow/.local/lib/python3.8/site-packages/airflow/example_dags/example_setup_teardown.py
[2023-11-23T11:23:53.365+0000] {processor.py:829} INFO - Processing file /home/airflow/.local/lib/python3.8/site-packages/airflow/example_dags/example_setup_teardown.py for tasks to queue
[2023-11-23T11:23:53.366+0000] {logging_mixin.py:154} INFO - [2023-11-23T11:23:53.366+0000] {dagbag.py:536} INFO - Filling up the DagBag from /home/airflow/.local/lib/python3.8/site-packages/airflow/example_dags/example_setup_teardown.py
[2023-11-23T11:23:53.370+0000] {processor.py:839} INFO - DAG(s) dict_keys(['example_setup_teardown']) retrieved from /home/airflow/.local/lib/python3.8/site-packages/airflow/example_dags/example_setup_teardown.py
[2023-11-23T11:23:53.382+0000] {logging_mixin.py:154} INFO - [2023-11-23T11:23:53.382+0000] {dag.py:2941} INFO - Sync 1 DAGs
[2023-11-23T11:23:53.396+0000] {logging_mixin.py:154} INFO - [2023-11-23T11:23:53.396+0000] {dag.py:3722} INFO - Setting next_dagrun for example_setup_teardown to 2023-11-22T11:23:53.395934+00:00, run_after=2023-11-23T11:23:53.395934+00:00
[2023-11-23T11:23:53.407+0000] {processor.py:179} INFO - Processing /home/airflow/.local/lib/python3.8/site-packages/airflow/example_dags/example_setup_teardown.py took 0.044 seconds
[2023-11-23T11:24:24.030+0000] {processor.py:157} INFO - Started process (PID=297) to work on /home/airflow/.local/lib/python3.8/site-packages/airflow/example_dags/example_setup_teardown.py
[2023-11-23T11:24:24.030+0000] {processor.py:829} INFO - Processing file /home/airflow/.local/lib/python3.8/site-packages/airflow/example_dags/example_setup_teardown.py for tasks to queue
[2023-11-23T11:24:24.031+0000] {logging_mixin.py:154} INFO - [2023-11-23T11:24:24.031+0000] {dagbag.py:536} INFO - Filling up the DagBag from /home/airflow/.local/lib/python3.8/site-packages/airflow/example_dags/example_setup_teardown.py
[2023-11-23T11:24:24.035+0000] {processor.py:839} INFO - DAG(s) dict_keys(['example_setup_teardown']) retrieved from /home/airflow/.local/lib/python3.8/site-packages/airflow/example_dags/example_setup_teardown.py
[2023-11-23T11:24:24.046+0000] {logging_mixin.py:154} INFO - [2023-11-23T11:24:24.046+0000] {dag.py:2941} INFO - Sync 1 DAGs
[2023-11-23T11:24:24.060+0000] {logging_mixin.py:154} INFO - [2023-11-23T11:24:24.060+0000] {dag.py:3722} INFO - Setting next_dagrun for example_setup_teardown to 2023-11-22T11:24:24.059972+00:00, run_after=2023-11-23T11:24:24.059972+00:00
[2023-11-23T11:24:24.071+0000] {processor.py:179} INFO - Processing /home/airflow/.local/lib/python3.8/site-packages/airflow/example_dags/example_setup_teardown.py took 0.043 seconds
[2023-11-23T11:24:54.855+0000] {processor.py:157} INFO - Started process (PID=351) to work on /home/airflow/.local/lib/python3.8/site-packages/airflow/example_dags/example_setup_teardown.py
[2023-11-23T11:24:54.856+0000] {processor.py:829} INFO - Processing file /home/airflow/.local/lib/python3.8/site-packages/airflow/example_dags/example_setup_teardown.py for tasks to queue
[2023-11-23T11:24:54.857+0000] {logging_mixin.py:154} INFO - [2023-11-23T11:24:54.856+0000] {dagbag.py:536} INFO - Filling up the DagBag from /home/airflow/.local/lib/python3.8/site-packages/airflow/example_dags/example_setup_teardown.py
[2023-11-23T11:24:54.861+0000] {processor.py:839} INFO - DAG(s) dict_keys(['example_setup_teardown']) retrieved from /home/airflow/.local/lib/python3.8/site-packages/airflow/example_dags/example_setup_teardown.py
[2023-11-23T11:24:54.875+0000] {logging_mixin.py:154} INFO - [2023-11-23T11:24:54.874+0000] {dag.py:2941} INFO - Sync 1 DAGs
[2023-11-23T11:24:54.890+0000] {logging_mixin.py:154} INFO - [2023-11-23T11:24:54.890+0000] {dag.py:3722} INFO - Setting next_dagrun for example_setup_teardown to 2023-11-22T11:24:54.890011+00:00, run_after=2023-11-23T11:24:54.890011+00:00
[2023-11-23T11:24:54.901+0000] {processor.py:179} INFO - Processing /home/airflow/.local/lib/python3.8/site-packages/airflow/example_dags/example_setup_teardown.py took 0.048 seconds
[2023-11-23T11:25:25.722+0000] {processor.py:157} INFO - Started process (PID=405) to work on /home/airflow/.local/lib/python3.8/site-packages/airflow/example_dags/example_setup_teardown.py
[2023-11-23T11:25:25.722+0000] {processor.py:829} INFO - Processing file /home/airflow/.local/lib/python3.8/site-packages/airflow/example_dags/example_setup_teardown.py for tasks to queue
[2023-11-23T11:25:25.723+0000] {logging_mixin.py:154} INFO - [2023-11-23T11:25:25.723+0000] {dagbag.py:536} INFO - Filling up the DagBag from /home/airflow/.local/lib/python3.8/site-packages/airflow/example_dags/example_setup_teardown.py
[2023-11-23T11:25:25.727+0000] {processor.py:839} INFO - DAG(s) dict_keys(['example_setup_teardown']) retrieved from /home/airflow/.local/lib/python3.8/site-packages/airflow/example_dags/example_setup_teardown.py
[2023-11-23T11:25:25.739+0000] {logging_mixin.py:154} INFO - [2023-11-23T11:25:25.739+0000] {dag.py:2941} INFO - Sync 1 DAGs
[2023-11-23T11:25:25.753+0000] {logging_mixin.py:154} INFO - [2023-11-23T11:25:25.753+0000] {dag.py:3722} INFO - Setting next_dagrun for example_setup_teardown to 2023-11-22T11:25:25.752957+00:00, run_after=2023-11-23T11:25:25.752957+00:00
[2023-11-23T11:25:25.765+0000] {processor.py:179} INFO - Processing /home/airflow/.local/lib/python3.8/site-packages/airflow/example_dags/example_setup_teardown.py took 0.045 seconds
[2023-11-23T11:25:56.340+0000] {processor.py:157} INFO - Started process (PID=459) to work on /home/airflow/.local/lib/python3.8/site-packages/airflow/example_dags/example_setup_teardown.py
[2023-11-23T11:25:56.341+0000] {processor.py:829} INFO - Processing file /home/airflow/.local/lib/python3.8/site-packages/airflow/example_dags/example_setup_teardown.py for tasks to queue
[2023-11-23T11:25:56.342+0000] {logging_mixin.py:154} INFO - [2023-11-23T11:25:56.342+0000] {dagbag.py:536} INFO - Filling up the DagBag from /home/airflow/.local/lib/python3.8/site-packages/airflow/example_dags/example_setup_teardown.py
[2023-11-23T11:25:56.345+0000] {processor.py:839} INFO - DAG(s) dict_keys(['example_setup_teardown']) retrieved from /home/airflow/.local/lib/python3.8/site-packages/airflow/example_dags/example_setup_teardown.py
[2023-11-23T11:25:56.358+0000] {logging_mixin.py:154} INFO - [2023-11-23T11:25:56.358+0000] {dag.py:2941} INFO - Sync 1 DAGs
[2023-11-23T11:25:56.372+0000] {logging_mixin.py:154} INFO - [2023-11-23T11:25:56.372+0000] {dag.py:3722} INFO - Setting next_dagrun for example_setup_teardown to 2023-11-22T11:25:56.371973+00:00, run_after=2023-11-23T11:25:56.371973+00:00
[2023-11-23T11:25:56.384+0000] {processor.py:179} INFO - Processing /home/airflow/.local/lib/python3.8/site-packages/airflow/example_dags/example_setup_teardown.py took 0.045 seconds
[2023-11-23T11:26:27.338+0000] {processor.py:157} INFO - Started process (PID=513) to work on /home/airflow/.local/lib/python3.8/site-packages/airflow/example_dags/example_setup_teardown.py
[2023-11-23T11:26:27.338+0000] {processor.py:829} INFO - Processing file /home/airflow/.local/lib/python3.8/site-packages/airflow/example_dags/example_setup_teardown.py for tasks to queue
[2023-11-23T11:26:27.339+0000] {logging_mixin.py:154} INFO - [2023-11-23T11:26:27.339+0000] {dagbag.py:536} INFO - Filling up the DagBag from /home/airflow/.local/lib/python3.8/site-packages/airflow/example_dags/example_setup_teardown.py
[2023-11-23T11:26:27.343+0000] {processor.py:839} INFO - DAG(s) dict_keys(['example_setup_teardown']) retrieved from /home/airflow/.local/lib/python3.8/site-packages/airflow/example_dags/example_setup_teardown.py
[2023-11-23T11:26:27.355+0000] {logging_mixin.py:154} INFO - [2023-11-23T11:26:27.355+0000] {dag.py:2941} INFO - Sync 1 DAGs
[2023-11-23T11:26:27.369+0000] {logging_mixin.py:154} INFO - [2023-11-23T11:26:27.369+0000] {dag.py:3722} INFO - Setting next_dagrun for example_setup_teardown to 2023-11-22T11:26:27.369468+00:00, run_after=2023-11-23T11:26:27.369468+00:00
[2023-11-23T11:26:27.381+0000] {processor.py:179} INFO - Processing /home/airflow/.local/lib/python3.8/site-packages/airflow/example_dags/example_setup_teardown.py took 0.045 seconds
[2023-11-23T11:26:58.246+0000] {processor.py:157} INFO - Started process (PID=567) to work on /home/airflow/.local/lib/python3.8/site-packages/airflow/example_dags/example_setup_teardown.py
[2023-11-23T11:26:58.246+0000] {processor.py:829} INFO - Processing file /home/airflow/.local/lib/python3.8/site-packages/airflow/example_dags/example_setup_teardown.py for tasks to queue
[2023-11-23T11:26:58.248+0000] {logging_mixin.py:154} INFO - [2023-11-23T11:26:58.248+0000] {dagbag.py:536} INFO - Filling up the DagBag from /home/airflow/.local/lib/python3.8/site-packages/airflow/example_dags/example_setup_teardown.py
[2023-11-23T11:26:58.252+0000] {processor.py:839} INFO - DAG(s) dict_keys(['example_setup_teardown']) retrieved from /home/airflow/.local/lib/python3.8/site-packages/airflow/example_dags/example_setup_teardown.py
[2023-11-23T11:26:58.264+0000] {logging_mixin.py:154} INFO - [2023-11-23T11:26:58.264+0000] {dag.py:2941} INFO - Sync 1 DAGs
[2023-11-23T11:26:58.278+0000] {logging_mixin.py:154} INFO - [2023-11-23T11:26:58.278+0000] {dag.py:3722} INFO - Setting next_dagrun for example_setup_teardown to 2023-11-22T11:26:58.278274+00:00, run_after=2023-11-23T11:26:58.278274+00:00
[2023-11-23T11:26:58.289+0000] {processor.py:179} INFO - Processing /home/airflow/.local/lib/python3.8/site-packages/airflow/example_dags/example_setup_teardown.py took 0.044 seconds
[2023-11-23T11:27:28.894+0000] {processor.py:157} INFO - Started process (PID=621) to work on /home/airflow/.local/lib/python3.8/site-packages/airflow/example_dags/example_setup_teardown.py
[2023-11-23T11:27:28.895+0000] {processor.py:829} INFO - Processing file /home/airflow/.local/lib/python3.8/site-packages/airflow/example_dags/example_setup_teardown.py for tasks to queue
[2023-11-23T11:27:28.896+0000] {logging_mixin.py:154} INFO - [2023-11-23T11:27:28.896+0000] {dagbag.py:536} INFO - Filling up the DagBag from /home/airflow/.local/lib/python3.8/site-packages/airflow/example_dags/example_setup_teardown.py
[2023-11-23T11:27:28.900+0000] {processor.py:839} INFO - DAG(s) dict_keys(['example_setup_teardown']) retrieved from /home/airflow/.local/lib/python3.8/site-packages/airflow/example_dags/example_setup_teardown.py
[2023-11-23T11:27:28.913+0000] {logging_mixin.py:154} INFO - [2023-11-23T11:27:28.912+0000] {dag.py:2941} INFO - Sync 1 DAGs
[2023-11-23T11:27:28.926+0000] {logging_mixin.py:154} INFO - [2023-11-23T11:27:28.926+0000] {dag.py:3722} INFO - Setting next_dagrun for example_setup_teardown to 2023-11-22T11:27:28.926272+00:00, run_after=2023-11-23T11:27:28.926272+00:00
[2023-11-23T11:27:28.937+0000] {processor.py:179} INFO - Processing /home/airflow/.local/lib/python3.8/site-packages/airflow/example_dags/example_setup_teardown.py took 0.045 seconds
[2023-11-23T11:27:59.567+0000] {processor.py:157} INFO - Started process (PID=675) to work on /home/airflow/.local/lib/python3.8/site-packages/airflow/example_dags/example_setup_teardown.py
[2023-11-23T11:27:59.568+0000] {processor.py:829} INFO - Processing file /home/airflow/.local/lib/python3.8/site-packages/airflow/example_dags/example_setup_teardown.py for tasks to queue
[2023-11-23T11:27:59.569+0000] {logging_mixin.py:154} INFO - [2023-11-23T11:27:59.569+0000] {dagbag.py:536} INFO - Filling up the DagBag from /home/airflow/.local/lib/python3.8/site-packages/airflow/example_dags/example_setup_teardown.py
[2023-11-23T11:27:59.573+0000] {processor.py:839} INFO - DAG(s) dict_keys(['example_setup_teardown']) retrieved from /home/airflow/.local/lib/python3.8/site-packages/airflow/example_dags/example_setup_teardown.py
[2023-11-23T11:27:59.585+0000] {logging_mixin.py:154} INFO - [2023-11-23T11:27:59.585+0000] {dag.py:2941} INFO - Sync 1 DAGs
[2023-11-23T11:27:59.600+0000] {logging_mixin.py:154} INFO - [2023-11-23T11:27:59.600+0000] {dag.py:3722} INFO - Setting next_dagrun for example_setup_teardown to 2023-11-22T11:27:59.600079+00:00, run_after=2023-11-23T11:27:59.600079+00:00
[2023-11-23T11:27:59.612+0000] {processor.py:179} INFO - Processing /home/airflow/.local/lib/python3.8/site-packages/airflow/example_dags/example_setup_teardown.py took 0.047 seconds
[2023-11-23T11:28:30.179+0000] {processor.py:157} INFO - Started process (PID=729) to work on /home/airflow/.local/lib/python3.8/site-packages/airflow/example_dags/example_setup_teardown.py
[2023-11-23T11:28:30.179+0000] {processor.py:829} INFO - Processing file /home/airflow/.local/lib/python3.8/site-packages/airflow/example_dags/example_setup_teardown.py for tasks to queue
[2023-11-23T11:28:30.181+0000] {logging_mixin.py:154} INFO - [2023-11-23T11:28:30.181+0000] {dagbag.py:536} INFO - Filling up the DagBag from /home/airflow/.local/lib/python3.8/site-packages/airflow/example_dags/example_setup_teardown.py
[2023-11-23T11:28:30.185+0000] {processor.py:839} INFO - DAG(s) dict_keys(['example_setup_teardown']) retrieved from /home/airflow/.local/lib/python3.8/site-packages/airflow/example_dags/example_setup_teardown.py
[2023-11-23T11:28:30.197+0000] {logging_mixin.py:154} INFO - [2023-11-23T11:28:30.197+0000] {dag.py:2941} INFO - Sync 1 DAGs
[2023-11-23T11:28:30.211+0000] {logging_mixin.py:154} INFO - [2023-11-23T11:28:30.211+0000] {dag.py:3722} INFO - Setting next_dagrun for example_setup_teardown to 2023-11-22T11:28:30.211580+00:00, run_after=2023-11-23T11:28:30.211580+00:00
[2023-11-23T11:28:30.224+0000] {processor.py:179} INFO - Processing /home/airflow/.local/lib/python3.8/site-packages/airflow/example_dags/example_setup_teardown.py took 0.047 seconds
[2023-11-23T11:29:00.874+0000] {processor.py:157} INFO - Started process (PID=783) to work on /home/airflow/.local/lib/python3.8/site-packages/airflow/example_dags/example_setup_teardown.py
[2023-11-23T11:29:00.874+0000] {processor.py:829} INFO - Processing file /home/airflow/.local/lib/python3.8/site-packages/airflow/example_dags/example_setup_teardown.py for tasks to queue
[2023-11-23T11:29:00.875+0000] {logging_mixin.py:154} INFO - [2023-11-23T11:29:00.875+0000] {dagbag.py:536} INFO - Filling up the DagBag from /home/airflow/.local/lib/python3.8/site-packages/airflow/example_dags/example_setup_teardown.py
[2023-11-23T11:29:00.879+0000] {processor.py:839} INFO - DAG(s) dict_keys(['example_setup_teardown']) retrieved from /home/airflow/.local/lib/python3.8/site-packages/airflow/example_dags/example_setup_teardown.py
[2023-11-23T11:29:00.892+0000] {logging_mixin.py:154} INFO - [2023-11-23T11:29:00.891+0000] {dag.py:2941} INFO - Sync 1 DAGs
[2023-11-23T11:29:00.906+0000] {logging_mixin.py:154} INFO - [2023-11-23T11:29:00.906+0000] {dag.py:3722} INFO - Setting next_dagrun for example_setup_teardown to 2023-11-22T11:29:00.906083+00:00, run_after=2023-11-23T11:29:00.906083+00:00
[2023-11-23T11:29:00.918+0000] {processor.py:179} INFO - Processing /home/airflow/.local/lib/python3.8/site-packages/airflow/example_dags/example_setup_teardown.py took 0.046 seconds
[2023-11-23T11:29:31.378+0000] {processor.py:157} INFO - Started process (PID=838) to work on /home/airflow/.local/lib/python3.8/site-packages/airflow/example_dags/example_setup_teardown.py
[2023-11-23T11:29:31.379+0000] {processor.py:829} INFO - Processing file /home/airflow/.local/lib/python3.8/site-packages/airflow/example_dags/example_setup_teardown.py for tasks to queue
[2023-11-23T11:29:31.380+0000] {logging_mixin.py:154} INFO - [2023-11-23T11:29:31.380+0000] {dagbag.py:536} INFO - Filling up the DagBag from /home/airflow/.local/lib/python3.8/site-packages/airflow/example_dags/example_setup_teardown.py
[2023-11-23T11:29:31.384+0000] {processor.py:839} INFO - DAG(s) dict_keys(['example_setup_teardown']) retrieved from /home/airflow/.local/lib/python3.8/site-packages/airflow/example_dags/example_setup_teardown.py
[2023-11-23T11:29:31.397+0000] {logging_mixin.py:154} INFO - [2023-11-23T11:29:31.397+0000] {dag.py:2941} INFO - Sync 1 DAGs
[2023-11-23T11:29:31.412+0000] {logging_mixin.py:154} INFO - [2023-11-23T11:29:31.411+0000] {dag.py:3722} INFO - Setting next_dagrun for example_setup_teardown to 2023-11-22T11:29:31.411760+00:00, run_after=2023-11-23T11:29:31.411760+00:00
[2023-11-23T11:29:31.424+0000] {processor.py:179} INFO - Processing /home/airflow/.local/lib/python3.8/site-packages/airflow/example_dags/example_setup_teardown.py took 0.047 seconds
[2023-11-23T11:30:02.151+0000] {processor.py:157} INFO - Started process (PID=892) to work on /home/airflow/.local/lib/python3.8/site-packages/airflow/example_dags/example_setup_teardown.py
[2023-11-23T11:30:02.152+0000] {processor.py:829} INFO - Processing file /home/airflow/.local/lib/python3.8/site-packages/airflow/example_dags/example_setup_teardown.py for tasks to queue
[2023-11-23T11:30:02.153+0000] {logging_mixin.py:154} INFO - [2023-11-23T11:30:02.153+0000] {dagbag.py:536} INFO - Filling up the DagBag from /home/airflow/.local/lib/python3.8/site-packages/airflow/example_dags/example_setup_teardown.py
[2023-11-23T11:30:02.157+0000] {processor.py:839} INFO - DAG(s) dict_keys(['example_setup_teardown']) retrieved from /home/airflow/.local/lib/python3.8/site-packages/airflow/example_dags/example_setup_teardown.py
[2023-11-23T11:30:02.170+0000] {logging_mixin.py:154} INFO - [2023-11-23T11:30:02.170+0000] {dag.py:2941} INFO - Sync 1 DAGs
[2023-11-23T11:30:02.184+0000] {logging_mixin.py:154} INFO - [2023-11-23T11:30:02.184+0000] {dag.py:3722} INFO - Setting next_dagrun for example_setup_teardown to 2023-11-22T11:30:02.184187+00:00, run_after=2023-11-23T11:30:02.184187+00:00
[2023-11-23T11:30:02.197+0000] {processor.py:179} INFO - Processing /home/airflow/.local/lib/python3.8/site-packages/airflow/example_dags/example_setup_teardown.py took 0.048 seconds
[2023-11-23T11:30:32.293+0000] {processor.py:157} INFO - Started process (PID=946) to work on /home/airflow/.local/lib/python3.8/site-packages/airflow/example_dags/example_setup_teardown.py
[2023-11-23T11:30:32.293+0000] {processor.py:829} INFO - Processing file /home/airflow/.local/lib/python3.8/site-packages/airflow/example_dags/example_setup_teardown.py for tasks to queue
[2023-11-23T11:30:32.295+0000] {logging_mixin.py:154} INFO - [2023-11-23T11:30:32.295+0000] {dagbag.py:536} INFO - Filling up the DagBag from /home/airflow/.local/lib/python3.8/site-packages/airflow/example_dags/example_setup_teardown.py
[2023-11-23T11:30:32.299+0000] {processor.py:839} INFO - DAG(s) dict_keys(['example_setup_teardown']) retrieved from /home/airflow/.local/lib/python3.8/site-packages/airflow/example_dags/example_setup_teardown.py
[2023-11-23T11:30:32.314+0000] {logging_mixin.py:154} INFO - [2023-11-23T11:30:32.314+0000] {dag.py:2941} INFO - Sync 1 DAGs
[2023-11-23T11:30:32.330+0000] {logging_mixin.py:154} INFO - [2023-11-23T11:30:32.330+0000] {dag.py:3722} INFO - Setting next_dagrun for example_setup_teardown to 2023-11-22T11:30:32.330353+00:00, run_after=2023-11-23T11:30:32.330353+00:00
[2023-11-23T11:30:32.474+0000] {processor.py:179} INFO - Processing /home/airflow/.local/lib/python3.8/site-packages/airflow/example_dags/example_setup_teardown.py took 0.183 seconds
[2023-11-23T11:31:02.540+0000] {processor.py:157} INFO - Started process (PID=1000) to work on /home/airflow/.local/lib/python3.8/site-packages/airflow/example_dags/example_setup_teardown.py
[2023-11-23T11:31:02.541+0000] {processor.py:829} INFO - Processing file /home/airflow/.local/lib/python3.8/site-packages/airflow/example_dags/example_setup_teardown.py for tasks to queue
[2023-11-23T11:31:02.542+0000] {logging_mixin.py:154} INFO - [2023-11-23T11:31:02.542+0000] {dagbag.py:536} INFO - Filling up the DagBag from /home/airflow/.local/lib/python3.8/site-packages/airflow/example_dags/example_setup_teardown.py
[2023-11-23T11:31:02.547+0000] {processor.py:839} INFO - DAG(s) dict_keys(['example_setup_teardown']) retrieved from /home/airflow/.local/lib/python3.8/site-packages/airflow/example_dags/example_setup_teardown.py
[2023-11-23T11:31:02.562+0000] {logging_mixin.py:154} INFO - [2023-11-23T11:31:02.562+0000] {dag.py:2941} INFO - Sync 1 DAGs
[2023-11-23T11:31:02.577+0000] {logging_mixin.py:154} INFO - [2023-11-23T11:31:02.577+0000] {dag.py:3722} INFO - Setting next_dagrun for example_setup_teardown to 2023-11-22T11:31:02.577241+00:00, run_after=2023-11-23T11:31:02.577241+00:00
[2023-11-23T11:31:02.590+0000] {processor.py:179} INFO - Processing /home/airflow/.local/lib/python3.8/site-packages/airflow/example_dags/example_setup_teardown.py took 0.052 seconds
[2023-11-23T11:31:32.811+0000] {processor.py:157} INFO - Started process (PID=1055) to work on /home/airflow/.local/lib/python3.8/site-packages/airflow/example_dags/example_setup_teardown.py
[2023-11-23T11:31:32.812+0000] {processor.py:829} INFO - Processing file /home/airflow/.local/lib/python3.8/site-packages/airflow/example_dags/example_setup_teardown.py for tasks to queue
[2023-11-23T11:31:32.813+0000] {logging_mixin.py:154} INFO - [2023-11-23T11:31:32.813+0000] {dagbag.py:536} INFO - Filling up the DagBag from /home/airflow/.local/lib/python3.8/site-packages/airflow/example_dags/example_setup_teardown.py
[2023-11-23T11:31:32.817+0000] {processor.py:839} INFO - DAG(s) dict_keys(['example_setup_teardown']) retrieved from /home/airflow/.local/lib/python3.8/site-packages/airflow/example_dags/example_setup_teardown.py
[2023-11-23T11:31:32.829+0000] {logging_mixin.py:154} INFO - [2023-11-23T11:31:32.829+0000] {dag.py:2941} INFO - Sync 1 DAGs
[2023-11-23T11:31:32.844+0000] {logging_mixin.py:154} INFO - [2023-11-23T11:31:32.844+0000] {dag.py:3722} INFO - Setting next_dagrun for example_setup_teardown to 2023-11-22T11:31:32.844139+00:00, run_after=2023-11-23T11:31:32.844139+00:00
[2023-11-23T11:31:32.855+0000] {processor.py:179} INFO - Processing /home/airflow/.local/lib/python3.8/site-packages/airflow/example_dags/example_setup_teardown.py took 0.046 seconds
[2023-11-23T11:32:03.671+0000] {processor.py:157} INFO - Started process (PID=1109) to work on /home/airflow/.local/lib/python3.8/site-packages/airflow/example_dags/example_setup_teardown.py
[2023-11-23T11:32:03.672+0000] {processor.py:829} INFO - Processing file /home/airflow/.local/lib/python3.8/site-packages/airflow/example_dags/example_setup_teardown.py for tasks to queue
[2023-11-23T11:32:03.673+0000] {logging_mixin.py:154} INFO - [2023-11-23T11:32:03.673+0000] {dagbag.py:536} INFO - Filling up the DagBag from /home/airflow/.local/lib/python3.8/site-packages/airflow/example_dags/example_setup_teardown.py
[2023-11-23T11:32:03.677+0000] {processor.py:839} INFO - DAG(s) dict_keys(['example_setup_teardown']) retrieved from /home/airflow/.local/lib/python3.8/site-packages/airflow/example_dags/example_setup_teardown.py
[2023-11-23T11:32:03.689+0000] {logging_mixin.py:154} INFO - [2023-11-23T11:32:03.689+0000] {dag.py:2941} INFO - Sync 1 DAGs
[2023-11-23T11:32:03.703+0000] {logging_mixin.py:154} INFO - [2023-11-23T11:32:03.703+0000] {dag.py:3722} INFO - Setting next_dagrun for example_setup_teardown to 2023-11-22T11:32:03.703348+00:00, run_after=2023-11-23T11:32:03.703348+00:00
[2023-11-23T11:32:03.715+0000] {processor.py:179} INFO - Processing /home/airflow/.local/lib/python3.8/site-packages/airflow/example_dags/example_setup_teardown.py took 0.045 seconds
[2023-11-23T11:32:34.711+0000] {processor.py:157} INFO - Started process (PID=1163) to work on /home/airflow/.local/lib/python3.8/site-packages/airflow/example_dags/example_setup_teardown.py
[2023-11-23T11:32:34.712+0000] {processor.py:829} INFO - Processing file /home/airflow/.local/lib/python3.8/site-packages/airflow/example_dags/example_setup_teardown.py for tasks to queue
[2023-11-23T11:32:34.713+0000] {logging_mixin.py:154} INFO - [2023-11-23T11:32:34.713+0000] {dagbag.py:536} INFO - Filling up the DagBag from /home/airflow/.local/lib/python3.8/site-packages/airflow/example_dags/example_setup_teardown.py
[2023-11-23T11:32:34.717+0000] {processor.py:839} INFO - DAG(s) dict_keys(['example_setup_teardown']) retrieved from /home/airflow/.local/lib/python3.8/site-packages/airflow/example_dags/example_setup_teardown.py
[2023-11-23T11:32:34.730+0000] {logging_mixin.py:154} INFO - [2023-11-23T11:32:34.730+0000] {dag.py:2941} INFO - Sync 1 DAGs
[2023-11-23T11:32:34.745+0000] {logging_mixin.py:154} INFO - [2023-11-23T11:32:34.745+0000] {dag.py:3722} INFO - Setting next_dagrun for example_setup_teardown to 2023-11-22T11:32:34.745168+00:00, run_after=2023-11-23T11:32:34.745168+00:00
[2023-11-23T11:32:34.860+0000] {processor.py:179} INFO - Processing /home/airflow/.local/lib/python3.8/site-packages/airflow/example_dags/example_setup_teardown.py took 0.150 seconds
[2023-11-23T11:33:05.612+0000] {processor.py:157} INFO - Started process (PID=1217) to work on /home/airflow/.local/lib/python3.8/site-packages/airflow/example_dags/example_setup_teardown.py
[2023-11-23T11:33:05.612+0000] {processor.py:829} INFO - Processing file /home/airflow/.local/lib/python3.8/site-packages/airflow/example_dags/example_setup_teardown.py for tasks to queue
[2023-11-23T11:33:05.613+0000] {logging_mixin.py:154} INFO - [2023-11-23T11:33:05.613+0000] {dagbag.py:536} INFO - Filling up the DagBag from /home/airflow/.local/lib/python3.8/site-packages/airflow/example_dags/example_setup_teardown.py
[2023-11-23T11:33:05.617+0000] {processor.py:839} INFO - DAG(s) dict_keys(['example_setup_teardown']) retrieved from /home/airflow/.local/lib/python3.8/site-packages/airflow/example_dags/example_setup_teardown.py
[2023-11-23T11:33:05.630+0000] {logging_mixin.py:154} INFO - [2023-11-23T11:33:05.630+0000] {dag.py:2941} INFO - Sync 1 DAGs
[2023-11-23T11:33:05.644+0000] {logging_mixin.py:154} INFO - [2023-11-23T11:33:05.644+0000] {dag.py:3722} INFO - Setting next_dagrun for example_setup_teardown to 2023-11-22T11:33:05.644091+00:00, run_after=2023-11-23T11:33:05.644091+00:00
[2023-11-23T11:33:05.657+0000] {processor.py:179} INFO - Processing /home/airflow/.local/lib/python3.8/site-packages/airflow/example_dags/example_setup_teardown.py took 0.047 seconds
[2023-11-23T11:38:44.138+0000] {processor.py:157} INFO - Started process (PID=83) to work on /home/airflow/.local/lib/python3.8/site-packages/airflow/example_dags/example_setup_teardown.py
[2023-11-23T11:38:44.139+0000] {processor.py:829} INFO - Processing file /home/airflow/.local/lib/python3.8/site-packages/airflow/example_dags/example_setup_teardown.py for tasks to queue
[2023-11-23T11:38:44.140+0000] {logging_mixin.py:154} INFO - [2023-11-23T11:38:44.140+0000] {dagbag.py:536} INFO - Filling up the DagBag from /home/airflow/.local/lib/python3.8/site-packages/airflow/example_dags/example_setup_teardown.py
[2023-11-23T11:38:44.144+0000] {processor.py:839} INFO - DAG(s) dict_keys(['example_setup_teardown']) retrieved from /home/airflow/.local/lib/python3.8/site-packages/airflow/example_dags/example_setup_teardown.py
[2023-11-23T11:38:44.152+0000] {logging_mixin.py:154} INFO - [2023-11-23T11:38:44.152+0000] {dag.py:2941} INFO - Sync 1 DAGs
[2023-11-23T11:38:44.167+0000] {logging_mixin.py:154} INFO - [2023-11-23T11:38:44.167+0000] {dag.py:3722} INFO - Setting next_dagrun for example_setup_teardown to 2023-11-22T11:38:44.167647+00:00, run_after=2023-11-23T11:38:44.167647+00:00
[2023-11-23T11:38:44.179+0000] {processor.py:179} INFO - Processing /home/airflow/.local/lib/python3.8/site-packages/airflow/example_dags/example_setup_teardown.py took 0.043 seconds
[2023-11-23T11:39:14.972+0000] {processor.py:157} INFO - Started process (PID=139) to work on /home/airflow/.local/lib/python3.8/site-packages/airflow/example_dags/example_setup_teardown.py
[2023-11-23T11:39:14.972+0000] {processor.py:829} INFO - Processing file /home/airflow/.local/lib/python3.8/site-packages/airflow/example_dags/example_setup_teardown.py for tasks to queue
[2023-11-23T11:39:14.974+0000] {logging_mixin.py:154} INFO - [2023-11-23T11:39:14.973+0000] {dagbag.py:536} INFO - Filling up the DagBag from /home/airflow/.local/lib/python3.8/site-packages/airflow/example_dags/example_setup_teardown.py
[2023-11-23T11:39:14.977+0000] {processor.py:839} INFO - DAG(s) dict_keys(['example_setup_teardown']) retrieved from /home/airflow/.local/lib/python3.8/site-packages/airflow/example_dags/example_setup_teardown.py
[2023-11-23T11:39:14.990+0000] {logging_mixin.py:154} INFO - [2023-11-23T11:39:14.990+0000] {dag.py:2941} INFO - Sync 1 DAGs
[2023-11-23T11:39:15.003+0000] {logging_mixin.py:154} INFO - [2023-11-23T11:39:15.003+0000] {dag.py:3722} INFO - Setting next_dagrun for example_setup_teardown to 2023-11-22T11:39:15.003437+00:00, run_after=2023-11-23T11:39:15.003437+00:00
[2023-11-23T11:39:15.014+0000] {processor.py:179} INFO - Processing /home/airflow/.local/lib/python3.8/site-packages/airflow/example_dags/example_setup_teardown.py took 0.044 seconds
[2023-11-23T11:39:46.497+0000] {processor.py:157} INFO - Started process (PID=195) to work on /home/airflow/.local/lib/python3.8/site-packages/airflow/example_dags/example_setup_teardown.py
[2023-11-23T11:39:46.498+0000] {processor.py:829} INFO - Processing file /home/airflow/.local/lib/python3.8/site-packages/airflow/example_dags/example_setup_teardown.py for tasks to queue
[2023-11-23T11:39:46.499+0000] {logging_mixin.py:154} INFO - [2023-11-23T11:39:46.499+0000] {dagbag.py:536} INFO - Filling up the DagBag from /home/airflow/.local/lib/python3.8/site-packages/airflow/example_dags/example_setup_teardown.py
[2023-11-23T11:39:46.503+0000] {processor.py:839} INFO - DAG(s) dict_keys(['example_setup_teardown']) retrieved from /home/airflow/.local/lib/python3.8/site-packages/airflow/example_dags/example_setup_teardown.py
[2023-11-23T11:39:46.515+0000] {logging_mixin.py:154} INFO - [2023-11-23T11:39:46.515+0000] {dag.py:2941} INFO - Sync 1 DAGs
[2023-11-23T11:39:46.528+0000] {logging_mixin.py:154} INFO - [2023-11-23T11:39:46.528+0000] {dag.py:3722} INFO - Setting next_dagrun for example_setup_teardown to 2023-11-22T11:39:46.528507+00:00, run_after=2023-11-23T11:39:46.528507+00:00
[2023-11-23T11:39:46.539+0000] {processor.py:179} INFO - Processing /home/airflow/.local/lib/python3.8/site-packages/airflow/example_dags/example_setup_teardown.py took 0.044 seconds
[2023-11-23T11:40:17.565+0000] {processor.py:157} INFO - Started process (PID=251) to work on /home/airflow/.local/lib/python3.8/site-packages/airflow/example_dags/example_setup_teardown.py
[2023-11-23T11:40:17.566+0000] {processor.py:829} INFO - Processing file /home/airflow/.local/lib/python3.8/site-packages/airflow/example_dags/example_setup_teardown.py for tasks to queue
[2023-11-23T11:40:17.567+0000] {logging_mixin.py:154} INFO - [2023-11-23T11:40:17.567+0000] {dagbag.py:536} INFO - Filling up the DagBag from /home/airflow/.local/lib/python3.8/site-packages/airflow/example_dags/example_setup_teardown.py
[2023-11-23T11:40:17.572+0000] {processor.py:839} INFO - DAG(s) dict_keys(['example_setup_teardown']) retrieved from /home/airflow/.local/lib/python3.8/site-packages/airflow/example_dags/example_setup_teardown.py
[2023-11-23T11:40:17.587+0000] {logging_mixin.py:154} INFO - [2023-11-23T11:40:17.587+0000] {dag.py:2941} INFO - Sync 1 DAGs
[2023-11-23T11:40:17.603+0000] {logging_mixin.py:154} INFO - [2023-11-23T11:40:17.603+0000] {dag.py:3722} INFO - Setting next_dagrun for example_setup_teardown to 2023-11-22T11:40:17.602987+00:00, run_after=2023-11-23T11:40:17.602987+00:00
[2023-11-23T11:40:17.616+0000] {processor.py:179} INFO - Processing /home/airflow/.local/lib/python3.8/site-packages/airflow/example_dags/example_setup_teardown.py took 0.052 seconds
[2023-11-23T11:40:48.489+0000] {processor.py:157} INFO - Started process (PID=307) to work on /home/airflow/.local/lib/python3.8/site-packages/airflow/example_dags/example_setup_teardown.py
[2023-11-23T11:40:48.490+0000] {processor.py:829} INFO - Processing file /home/airflow/.local/lib/python3.8/site-packages/airflow/example_dags/example_setup_teardown.py for tasks to queue
[2023-11-23T11:40:48.491+0000] {logging_mixin.py:154} INFO - [2023-11-23T11:40:48.490+0000] {dagbag.py:536} INFO - Filling up the DagBag from /home/airflow/.local/lib/python3.8/site-packages/airflow/example_dags/example_setup_teardown.py
[2023-11-23T11:40:48.494+0000] {processor.py:839} INFO - DAG(s) dict_keys(['example_setup_teardown']) retrieved from /home/airflow/.local/lib/python3.8/site-packages/airflow/example_dags/example_setup_teardown.py
[2023-11-23T11:40:48.507+0000] {logging_mixin.py:154} INFO - [2023-11-23T11:40:48.507+0000] {dag.py:2941} INFO - Sync 1 DAGs
[2023-11-23T11:40:48.522+0000] {logging_mixin.py:154} INFO - [2023-11-23T11:40:48.522+0000] {dag.py:3722} INFO - Setting next_dagrun for example_setup_teardown to 2023-11-22T11:40:48.522425+00:00, run_after=2023-11-23T11:40:48.522425+00:00
[2023-11-23T11:40:48.534+0000] {processor.py:179} INFO - Processing /home/airflow/.local/lib/python3.8/site-packages/airflow/example_dags/example_setup_teardown.py took 0.047 seconds
[2023-11-23T11:41:19.752+0000] {processor.py:157} INFO - Started process (PID=363) to work on /home/airflow/.local/lib/python3.8/site-packages/airflow/example_dags/example_setup_teardown.py
[2023-11-23T11:41:19.753+0000] {processor.py:829} INFO - Processing file /home/airflow/.local/lib/python3.8/site-packages/airflow/example_dags/example_setup_teardown.py for tasks to queue
[2023-11-23T11:41:19.755+0000] {logging_mixin.py:154} INFO - [2023-11-23T11:41:19.755+0000] {dagbag.py:536} INFO - Filling up the DagBag from /home/airflow/.local/lib/python3.8/site-packages/airflow/example_dags/example_setup_teardown.py
[2023-11-23T11:41:19.759+0000] {processor.py:839} INFO - DAG(s) dict_keys(['example_setup_teardown']) retrieved from /home/airflow/.local/lib/python3.8/site-packages/airflow/example_dags/example_setup_teardown.py
[2023-11-23T11:41:19.772+0000] {logging_mixin.py:154} INFO - [2023-11-23T11:41:19.772+0000] {dag.py:2941} INFO - Sync 1 DAGs
[2023-11-23T11:41:19.786+0000] {logging_mixin.py:154} INFO - [2023-11-23T11:41:19.786+0000] {dag.py:3722} INFO - Setting next_dagrun for example_setup_teardown to 2023-11-22T11:41:19.786457+00:00, run_after=2023-11-23T11:41:19.786457+00:00
[2023-11-23T11:41:19.798+0000] {processor.py:179} INFO - Processing /home/airflow/.local/lib/python3.8/site-packages/airflow/example_dags/example_setup_teardown.py took 0.048 seconds
[2023-11-23T11:41:50.893+0000] {processor.py:157} INFO - Started process (PID=419) to work on /home/airflow/.local/lib/python3.8/site-packages/airflow/example_dags/example_setup_teardown.py
[2023-11-23T11:41:50.893+0000] {processor.py:829} INFO - Processing file /home/airflow/.local/lib/python3.8/site-packages/airflow/example_dags/example_setup_teardown.py for tasks to queue
[2023-11-23T11:41:50.894+0000] {logging_mixin.py:154} INFO - [2023-11-23T11:41:50.894+0000] {dagbag.py:536} INFO - Filling up the DagBag from /home/airflow/.local/lib/python3.8/site-packages/airflow/example_dags/example_setup_teardown.py
[2023-11-23T11:41:50.898+0000] {processor.py:839} INFO - DAG(s) dict_keys(['example_setup_teardown']) retrieved from /home/airflow/.local/lib/python3.8/site-packages/airflow/example_dags/example_setup_teardown.py
[2023-11-23T11:41:50.911+0000] {logging_mixin.py:154} INFO - [2023-11-23T11:41:50.910+0000] {dag.py:2941} INFO - Sync 1 DAGs
[2023-11-23T11:41:50.924+0000] {logging_mixin.py:154} INFO - [2023-11-23T11:41:50.924+0000] {dag.py:3722} INFO - Setting next_dagrun for example_setup_teardown to 2023-11-22T11:41:50.923991+00:00, run_after=2023-11-23T11:41:50.923991+00:00
[2023-11-23T11:41:50.935+0000] {processor.py:179} INFO - Processing /home/airflow/.local/lib/python3.8/site-packages/airflow/example_dags/example_setup_teardown.py took 0.044 seconds
[2023-11-23T11:42:22.160+0000] {processor.py:157} INFO - Started process (PID=475) to work on /home/airflow/.local/lib/python3.8/site-packages/airflow/example_dags/example_setup_teardown.py
[2023-11-23T11:42:22.160+0000] {processor.py:829} INFO - Processing file /home/airflow/.local/lib/python3.8/site-packages/airflow/example_dags/example_setup_teardown.py for tasks to queue
[2023-11-23T11:42:22.162+0000] {logging_mixin.py:154} INFO - [2023-11-23T11:42:22.161+0000] {dagbag.py:536} INFO - Filling up the DagBag from /home/airflow/.local/lib/python3.8/site-packages/airflow/example_dags/example_setup_teardown.py
[2023-11-23T11:42:22.166+0000] {processor.py:839} INFO - DAG(s) dict_keys(['example_setup_teardown']) retrieved from /home/airflow/.local/lib/python3.8/site-packages/airflow/example_dags/example_setup_teardown.py
[2023-11-23T11:42:22.179+0000] {logging_mixin.py:154} INFO - [2023-11-23T11:42:22.178+0000] {dag.py:2941} INFO - Sync 1 DAGs
[2023-11-23T11:42:22.193+0000] {logging_mixin.py:154} INFO - [2023-11-23T11:42:22.193+0000] {dag.py:3722} INFO - Setting next_dagrun for example_setup_teardown to 2023-11-22T11:42:22.193351+00:00, run_after=2023-11-23T11:42:22.193351+00:00
[2023-11-23T11:42:22.205+0000] {processor.py:179} INFO - Processing /home/airflow/.local/lib/python3.8/site-packages/airflow/example_dags/example_setup_teardown.py took 0.047 seconds
[2023-11-23T11:42:52.474+0000] {processor.py:157} INFO - Started process (PID=532) to work on /home/airflow/.local/lib/python3.8/site-packages/airflow/example_dags/example_setup_teardown.py
[2023-11-23T11:42:52.475+0000] {processor.py:829} INFO - Processing file /home/airflow/.local/lib/python3.8/site-packages/airflow/example_dags/example_setup_teardown.py for tasks to queue
[2023-11-23T11:42:52.476+0000] {logging_mixin.py:154} INFO - [2023-11-23T11:42:52.476+0000] {dagbag.py:536} INFO - Filling up the DagBag from /home/airflow/.local/lib/python3.8/site-packages/airflow/example_dags/example_setup_teardown.py
[2023-11-23T11:42:52.480+0000] {processor.py:839} INFO - DAG(s) dict_keys(['example_setup_teardown']) retrieved from /home/airflow/.local/lib/python3.8/site-packages/airflow/example_dags/example_setup_teardown.py
[2023-11-23T11:42:52.492+0000] {logging_mixin.py:154} INFO - [2023-11-23T11:42:52.492+0000] {dag.py:2941} INFO - Sync 1 DAGs
[2023-11-23T11:42:52.506+0000] {logging_mixin.py:154} INFO - [2023-11-23T11:42:52.506+0000] {dag.py:3722} INFO - Setting next_dagrun for example_setup_teardown to 2023-11-22T11:42:52.506199+00:00, run_after=2023-11-23T11:42:52.506199+00:00
[2023-11-23T11:42:52.517+0000] {processor.py:179} INFO - Processing /home/airflow/.local/lib/python3.8/site-packages/airflow/example_dags/example_setup_teardown.py took 0.044 seconds
[2023-11-23T11:43:22.661+0000] {processor.py:157} INFO - Started process (PID=588) to work on /home/airflow/.local/lib/python3.8/site-packages/airflow/example_dags/example_setup_teardown.py
[2023-11-23T11:43:22.662+0000] {processor.py:829} INFO - Processing file /home/airflow/.local/lib/python3.8/site-packages/airflow/example_dags/example_setup_teardown.py for tasks to queue
[2023-11-23T11:43:22.663+0000] {logging_mixin.py:154} INFO - [2023-11-23T11:43:22.663+0000] {dagbag.py:536} INFO - Filling up the DagBag from /home/airflow/.local/lib/python3.8/site-packages/airflow/example_dags/example_setup_teardown.py
[2023-11-23T11:43:22.667+0000] {processor.py:839} INFO - DAG(s) dict_keys(['example_setup_teardown']) retrieved from /home/airflow/.local/lib/python3.8/site-packages/airflow/example_dags/example_setup_teardown.py
[2023-11-23T11:43:22.678+0000] {logging_mixin.py:154} INFO - [2023-11-23T11:43:22.678+0000] {dag.py:2941} INFO - Sync 1 DAGs
[2023-11-23T11:43:22.692+0000] {logging_mixin.py:154} INFO - [2023-11-23T11:43:22.692+0000] {dag.py:3722} INFO - Setting next_dagrun for example_setup_teardown to 2023-11-22T11:43:22.691983+00:00, run_after=2023-11-23T11:43:22.691983+00:00
[2023-11-23T11:43:22.703+0000] {processor.py:179} INFO - Processing /home/airflow/.local/lib/python3.8/site-packages/airflow/example_dags/example_setup_teardown.py took 0.044 seconds
[2023-11-23T11:43:52.981+0000] {processor.py:157} INFO - Started process (PID=644) to work on /home/airflow/.local/lib/python3.8/site-packages/airflow/example_dags/example_setup_teardown.py
[2023-11-23T11:43:52.982+0000] {processor.py:829} INFO - Processing file /home/airflow/.local/lib/python3.8/site-packages/airflow/example_dags/example_setup_teardown.py for tasks to queue
[2023-11-23T11:43:52.983+0000] {logging_mixin.py:154} INFO - [2023-11-23T11:43:52.983+0000] {dagbag.py:536} INFO - Filling up the DagBag from /home/airflow/.local/lib/python3.8/site-packages/airflow/example_dags/example_setup_teardown.py
[2023-11-23T11:43:52.987+0000] {processor.py:839} INFO - DAG(s) dict_keys(['example_setup_teardown']) retrieved from /home/airflow/.local/lib/python3.8/site-packages/airflow/example_dags/example_setup_teardown.py
[2023-11-23T11:43:52.999+0000] {logging_mixin.py:154} INFO - [2023-11-23T11:43:52.999+0000] {dag.py:2941} INFO - Sync 1 DAGs
[2023-11-23T11:43:53.012+0000] {logging_mixin.py:154} INFO - [2023-11-23T11:43:53.012+0000] {dag.py:3722} INFO - Setting next_dagrun for example_setup_teardown to 2023-11-22T11:43:53.012631+00:00, run_after=2023-11-23T11:43:53.012631+00:00
[2023-11-23T11:43:53.024+0000] {processor.py:179} INFO - Processing /home/airflow/.local/lib/python3.8/site-packages/airflow/example_dags/example_setup_teardown.py took 0.045 seconds
[2023-11-23T11:44:23.919+0000] {processor.py:157} INFO - Started process (PID=700) to work on /home/airflow/.local/lib/python3.8/site-packages/airflow/example_dags/example_setup_teardown.py
[2023-11-23T11:44:23.920+0000] {processor.py:829} INFO - Processing file /home/airflow/.local/lib/python3.8/site-packages/airflow/example_dags/example_setup_teardown.py for tasks to queue
[2023-11-23T11:44:23.921+0000] {logging_mixin.py:154} INFO - [2023-11-23T11:44:23.921+0000] {dagbag.py:536} INFO - Filling up the DagBag from /home/airflow/.local/lib/python3.8/site-packages/airflow/example_dags/example_setup_teardown.py
[2023-11-23T11:44:23.925+0000] {processor.py:839} INFO - DAG(s) dict_keys(['example_setup_teardown']) retrieved from /home/airflow/.local/lib/python3.8/site-packages/airflow/example_dags/example_setup_teardown.py
[2023-11-23T11:44:23.937+0000] {logging_mixin.py:154} INFO - [2023-11-23T11:44:23.937+0000] {dag.py:2941} INFO - Sync 1 DAGs
[2023-11-23T11:44:23.950+0000] {logging_mixin.py:154} INFO - [2023-11-23T11:44:23.950+0000] {dag.py:3722} INFO - Setting next_dagrun for example_setup_teardown to 2023-11-22T11:44:23.950490+00:00, run_after=2023-11-23T11:44:23.950490+00:00
[2023-11-23T11:44:23.961+0000] {processor.py:179} INFO - Processing /home/airflow/.local/lib/python3.8/site-packages/airflow/example_dags/example_setup_teardown.py took 0.043 seconds
[2023-11-23T11:44:55.065+0000] {processor.py:157} INFO - Started process (PID=756) to work on /home/airflow/.local/lib/python3.8/site-packages/airflow/example_dags/example_setup_teardown.py
[2023-11-23T11:44:55.065+0000] {processor.py:829} INFO - Processing file /home/airflow/.local/lib/python3.8/site-packages/airflow/example_dags/example_setup_teardown.py for tasks to queue
[2023-11-23T11:44:55.067+0000] {logging_mixin.py:154} INFO - [2023-11-23T11:44:55.066+0000] {dagbag.py:536} INFO - Filling up the DagBag from /home/airflow/.local/lib/python3.8/site-packages/airflow/example_dags/example_setup_teardown.py
[2023-11-23T11:44:55.070+0000] {processor.py:839} INFO - DAG(s) dict_keys(['example_setup_teardown']) retrieved from /home/airflow/.local/lib/python3.8/site-packages/airflow/example_dags/example_setup_teardown.py
[2023-11-23T11:44:55.082+0000] {logging_mixin.py:154} INFO - [2023-11-23T11:44:55.082+0000] {dag.py:2941} INFO - Sync 1 DAGs
[2023-11-23T11:44:55.096+0000] {logging_mixin.py:154} INFO - [2023-11-23T11:44:55.096+0000] {dag.py:3722} INFO - Setting next_dagrun for example_setup_teardown to 2023-11-22T11:44:55.095992+00:00, run_after=2023-11-23T11:44:55.095992+00:00
[2023-11-23T11:44:55.107+0000] {processor.py:179} INFO - Processing /home/airflow/.local/lib/python3.8/site-packages/airflow/example_dags/example_setup_teardown.py took 0.044 seconds
[2023-11-23T11:45:26.220+0000] {processor.py:157} INFO - Started process (PID=812) to work on /home/airflow/.local/lib/python3.8/site-packages/airflow/example_dags/example_setup_teardown.py
[2023-11-23T11:45:26.220+0000] {processor.py:829} INFO - Processing file /home/airflow/.local/lib/python3.8/site-packages/airflow/example_dags/example_setup_teardown.py for tasks to queue
[2023-11-23T11:45:26.222+0000] {logging_mixin.py:154} INFO - [2023-11-23T11:45:26.222+0000] {dagbag.py:536} INFO - Filling up the DagBag from /home/airflow/.local/lib/python3.8/site-packages/airflow/example_dags/example_setup_teardown.py
[2023-11-23T11:45:26.226+0000] {processor.py:839} INFO - DAG(s) dict_keys(['example_setup_teardown']) retrieved from /home/airflow/.local/lib/python3.8/site-packages/airflow/example_dags/example_setup_teardown.py
[2023-11-23T11:45:26.239+0000] {logging_mixin.py:154} INFO - [2023-11-23T11:45:26.239+0000] {dag.py:2941} INFO - Sync 1 DAGs
[2023-11-23T11:45:26.253+0000] {logging_mixin.py:154} INFO - [2023-11-23T11:45:26.253+0000] {dag.py:3722} INFO - Setting next_dagrun for example_setup_teardown to 2023-11-22T11:45:26.252934+00:00, run_after=2023-11-23T11:45:26.252934+00:00
[2023-11-23T11:45:26.266+0000] {processor.py:179} INFO - Processing /home/airflow/.local/lib/python3.8/site-packages/airflow/example_dags/example_setup_teardown.py took 0.048 seconds
[2023-11-23T11:45:57.362+0000] {processor.py:157} INFO - Started process (PID=868) to work on /home/airflow/.local/lib/python3.8/site-packages/airflow/example_dags/example_setup_teardown.py
[2023-11-23T11:45:57.362+0000] {processor.py:829} INFO - Processing file /home/airflow/.local/lib/python3.8/site-packages/airflow/example_dags/example_setup_teardown.py for tasks to queue
[2023-11-23T11:45:57.364+0000] {logging_mixin.py:154} INFO - [2023-11-23T11:45:57.364+0000] {dagbag.py:536} INFO - Filling up the DagBag from /home/airflow/.local/lib/python3.8/site-packages/airflow/example_dags/example_setup_teardown.py
[2023-11-23T11:45:57.367+0000] {processor.py:839} INFO - DAG(s) dict_keys(['example_setup_teardown']) retrieved from /home/airflow/.local/lib/python3.8/site-packages/airflow/example_dags/example_setup_teardown.py
[2023-11-23T11:45:57.381+0000] {logging_mixin.py:154} INFO - [2023-11-23T11:45:57.381+0000] {dag.py:2941} INFO - Sync 1 DAGs
[2023-11-23T11:45:57.397+0000] {logging_mixin.py:154} INFO - [2023-11-23T11:45:57.397+0000] {dag.py:3722} INFO - Setting next_dagrun for example_setup_teardown to 2023-11-22T11:45:57.396889+00:00, run_after=2023-11-23T11:45:57.396889+00:00
[2023-11-23T11:45:57.510+0000] {processor.py:179} INFO - Processing /home/airflow/.local/lib/python3.8/site-packages/airflow/example_dags/example_setup_teardown.py took 0.150 seconds
[2023-11-23T11:46:28.494+0000] {processor.py:157} INFO - Started process (PID=924) to work on /home/airflow/.local/lib/python3.8/site-packages/airflow/example_dags/example_setup_teardown.py
[2023-11-23T11:46:28.495+0000] {processor.py:829} INFO - Processing file /home/airflow/.local/lib/python3.8/site-packages/airflow/example_dags/example_setup_teardown.py for tasks to queue
[2023-11-23T11:46:28.496+0000] {logging_mixin.py:154} INFO - [2023-11-23T11:46:28.496+0000] {dagbag.py:536} INFO - Filling up the DagBag from /home/airflow/.local/lib/python3.8/site-packages/airflow/example_dags/example_setup_teardown.py
[2023-11-23T11:46:28.500+0000] {processor.py:839} INFO - DAG(s) dict_keys(['example_setup_teardown']) retrieved from /home/airflow/.local/lib/python3.8/site-packages/airflow/example_dags/example_setup_teardown.py
[2023-11-23T11:46:28.512+0000] {logging_mixin.py:154} INFO - [2023-11-23T11:46:28.511+0000] {dag.py:2941} INFO - Sync 1 DAGs
[2023-11-23T11:46:28.525+0000] {logging_mixin.py:154} INFO - [2023-11-23T11:46:28.525+0000] {dag.py:3722} INFO - Setting next_dagrun for example_setup_teardown to 2023-11-22T11:46:28.525248+00:00, run_after=2023-11-23T11:46:28.525248+00:00
[2023-11-23T11:46:28.536+0000] {processor.py:179} INFO - Processing /home/airflow/.local/lib/python3.8/site-packages/airflow/example_dags/example_setup_teardown.py took 0.044 seconds
[2023-11-23T11:46:59.819+0000] {processor.py:157} INFO - Started process (PID=980) to work on /home/airflow/.local/lib/python3.8/site-packages/airflow/example_dags/example_setup_teardown.py
[2023-11-23T11:46:59.820+0000] {processor.py:829} INFO - Processing file /home/airflow/.local/lib/python3.8/site-packages/airflow/example_dags/example_setup_teardown.py for tasks to queue
[2023-11-23T11:46:59.821+0000] {logging_mixin.py:154} INFO - [2023-11-23T11:46:59.821+0000] {dagbag.py:536} INFO - Filling up the DagBag from /home/airflow/.local/lib/python3.8/site-packages/airflow/example_dags/example_setup_teardown.py
[2023-11-23T11:46:59.825+0000] {processor.py:839} INFO - DAG(s) dict_keys(['example_setup_teardown']) retrieved from /home/airflow/.local/lib/python3.8/site-packages/airflow/example_dags/example_setup_teardown.py
[2023-11-23T11:46:59.838+0000] {logging_mixin.py:154} INFO - [2023-11-23T11:46:59.838+0000] {dag.py:2941} INFO - Sync 1 DAGs
[2023-11-23T11:46:59.852+0000] {logging_mixin.py:154} INFO - [2023-11-23T11:46:59.852+0000] {dag.py:3722} INFO - Setting next_dagrun for example_setup_teardown to 2023-11-22T11:46:59.852356+00:00, run_after=2023-11-23T11:46:59.852356+00:00
[2023-11-23T11:46:59.865+0000] {processor.py:179} INFO - Processing /home/airflow/.local/lib/python3.8/site-packages/airflow/example_dags/example_setup_teardown.py took 0.048 seconds
[2023-11-23T15:27:51.094+0000] {processor.py:157} INFO - Started process (PID=82) to work on /home/airflow/.local/lib/python3.8/site-packages/airflow/example_dags/example_setup_teardown.py
[2023-11-23T15:27:51.145+0000] {processor.py:829} INFO - Processing file /home/airflow/.local/lib/python3.8/site-packages/airflow/example_dags/example_setup_teardown.py for tasks to queue
[2023-11-23T15:27:51.146+0000] {logging_mixin.py:154} INFO - [2023-11-23T15:27:51.146+0000] {dagbag.py:536} INFO - Filling up the DagBag from /home/airflow/.local/lib/python3.8/site-packages/airflow/example_dags/example_setup_teardown.py
[2023-11-23T15:27:51.151+0000] {processor.py:839} INFO - DAG(s) dict_keys(['example_setup_teardown']) retrieved from /home/airflow/.local/lib/python3.8/site-packages/airflow/example_dags/example_setup_teardown.py
[2023-11-23T15:27:51.157+0000] {logging_mixin.py:154} INFO - [2023-11-23T15:27:51.157+0000] {dag.py:2941} INFO - Sync 1 DAGs
[2023-11-23T15:27:51.171+0000] {logging_mixin.py:154} INFO - [2023-11-23T15:27:51.171+0000] {dag.py:3722} INFO - Setting next_dagrun for example_setup_teardown to 2023-11-22T15:27:51.170893+00:00, run_after=2023-11-23T15:27:51.170893+00:00
[2023-11-23T15:27:51.182+0000] {processor.py:179} INFO - Processing /home/airflow/.local/lib/python3.8/site-packages/airflow/example_dags/example_setup_teardown.py took 0.089 seconds
[2023-11-23T15:28:22.291+0000] {processor.py:157} INFO - Started process (PID=138) to work on /home/airflow/.local/lib/python3.8/site-packages/airflow/example_dags/example_setup_teardown.py
[2023-11-23T15:28:22.292+0000] {processor.py:829} INFO - Processing file /home/airflow/.local/lib/python3.8/site-packages/airflow/example_dags/example_setup_teardown.py for tasks to queue
[2023-11-23T15:28:22.293+0000] {logging_mixin.py:154} INFO - [2023-11-23T15:28:22.293+0000] {dagbag.py:536} INFO - Filling up the DagBag from /home/airflow/.local/lib/python3.8/site-packages/airflow/example_dags/example_setup_teardown.py
[2023-11-23T15:28:22.297+0000] {processor.py:839} INFO - DAG(s) dict_keys(['example_setup_teardown']) retrieved from /home/airflow/.local/lib/python3.8/site-packages/airflow/example_dags/example_setup_teardown.py
[2023-11-23T15:28:22.309+0000] {logging_mixin.py:154} INFO - [2023-11-23T15:28:22.309+0000] {dag.py:2941} INFO - Sync 1 DAGs
[2023-11-23T15:28:22.322+0000] {logging_mixin.py:154} INFO - [2023-11-23T15:28:22.322+0000] {dag.py:3722} INFO - Setting next_dagrun for example_setup_teardown to 2023-11-22T15:28:22.322621+00:00, run_after=2023-11-23T15:28:22.322621+00:00
[2023-11-23T15:28:22.333+0000] {processor.py:179} INFO - Processing /home/airflow/.local/lib/python3.8/site-packages/airflow/example_dags/example_setup_teardown.py took 0.043 seconds
[2023-11-23T15:28:52.455+0000] {processor.py:157} INFO - Started process (PID=194) to work on /home/airflow/.local/lib/python3.8/site-packages/airflow/example_dags/example_setup_teardown.py
[2023-11-23T15:28:52.456+0000] {processor.py:829} INFO - Processing file /home/airflow/.local/lib/python3.8/site-packages/airflow/example_dags/example_setup_teardown.py for tasks to queue
[2023-11-23T15:28:52.457+0000] {logging_mixin.py:154} INFO - [2023-11-23T15:28:52.457+0000] {dagbag.py:536} INFO - Filling up the DagBag from /home/airflow/.local/lib/python3.8/site-packages/airflow/example_dags/example_setup_teardown.py
[2023-11-23T15:28:52.461+0000] {processor.py:839} INFO - DAG(s) dict_keys(['example_setup_teardown']) retrieved from /home/airflow/.local/lib/python3.8/site-packages/airflow/example_dags/example_setup_teardown.py
[2023-11-23T15:28:52.475+0000] {logging_mixin.py:154} INFO - [2023-11-23T15:28:52.474+0000] {dag.py:2941} INFO - Sync 1 DAGs
[2023-11-23T15:28:52.491+0000] {logging_mixin.py:154} INFO - [2023-11-23T15:28:52.490+0000] {dag.py:3722} INFO - Setting next_dagrun for example_setup_teardown to 2023-11-22T15:28:52.490759+00:00, run_after=2023-11-23T15:28:52.490759+00:00
[2023-11-23T15:28:52.504+0000] {processor.py:179} INFO - Processing /home/airflow/.local/lib/python3.8/site-packages/airflow/example_dags/example_setup_teardown.py took 0.051 seconds
[2023-11-23T15:29:22.704+0000] {processor.py:157} INFO - Started process (PID=250) to work on /home/airflow/.local/lib/python3.8/site-packages/airflow/example_dags/example_setup_teardown.py
[2023-11-23T15:29:22.705+0000] {processor.py:829} INFO - Processing file /home/airflow/.local/lib/python3.8/site-packages/airflow/example_dags/example_setup_teardown.py for tasks to queue
[2023-11-23T15:29:22.706+0000] {logging_mixin.py:154} INFO - [2023-11-23T15:29:22.706+0000] {dagbag.py:536} INFO - Filling up the DagBag from /home/airflow/.local/lib/python3.8/site-packages/airflow/example_dags/example_setup_teardown.py
[2023-11-23T15:29:22.709+0000] {processor.py:839} INFO - DAG(s) dict_keys(['example_setup_teardown']) retrieved from /home/airflow/.local/lib/python3.8/site-packages/airflow/example_dags/example_setup_teardown.py
[2023-11-23T15:29:22.721+0000] {logging_mixin.py:154} INFO - [2023-11-23T15:29:22.721+0000] {dag.py:2941} INFO - Sync 1 DAGs
[2023-11-23T15:29:22.735+0000] {logging_mixin.py:154} INFO - [2023-11-23T15:29:22.735+0000] {dag.py:3722} INFO - Setting next_dagrun for example_setup_teardown to 2023-11-22T15:29:22.735022+00:00, run_after=2023-11-23T15:29:22.735022+00:00
[2023-11-23T15:29:22.746+0000] {processor.py:179} INFO - Processing /home/airflow/.local/lib/python3.8/site-packages/airflow/example_dags/example_setup_teardown.py took 0.043 seconds
[2023-11-23T15:29:52.904+0000] {processor.py:157} INFO - Started process (PID=306) to work on /home/airflow/.local/lib/python3.8/site-packages/airflow/example_dags/example_setup_teardown.py
[2023-11-23T15:29:52.904+0000] {processor.py:829} INFO - Processing file /home/airflow/.local/lib/python3.8/site-packages/airflow/example_dags/example_setup_teardown.py for tasks to queue
[2023-11-23T15:29:52.905+0000] {logging_mixin.py:154} INFO - [2023-11-23T15:29:52.905+0000] {dagbag.py:536} INFO - Filling up the DagBag from /home/airflow/.local/lib/python3.8/site-packages/airflow/example_dags/example_setup_teardown.py
[2023-11-23T15:29:52.909+0000] {processor.py:839} INFO - DAG(s) dict_keys(['example_setup_teardown']) retrieved from /home/airflow/.local/lib/python3.8/site-packages/airflow/example_dags/example_setup_teardown.py
[2023-11-23T15:29:52.921+0000] {logging_mixin.py:154} INFO - [2023-11-23T15:29:52.921+0000] {dag.py:2941} INFO - Sync 1 DAGs
[2023-11-23T15:29:52.934+0000] {logging_mixin.py:154} INFO - [2023-11-23T15:29:52.934+0000] {dag.py:3722} INFO - Setting next_dagrun for example_setup_teardown to 2023-11-22T15:29:52.934111+00:00, run_after=2023-11-23T15:29:52.934111+00:00
[2023-11-23T15:29:52.945+0000] {processor.py:179} INFO - Processing /home/airflow/.local/lib/python3.8/site-packages/airflow/example_dags/example_setup_teardown.py took 0.043 seconds
[2023-11-23T15:30:23.829+0000] {processor.py:157} INFO - Started process (PID=362) to work on /home/airflow/.local/lib/python3.8/site-packages/airflow/example_dags/example_setup_teardown.py
[2023-11-23T15:30:23.829+0000] {processor.py:829} INFO - Processing file /home/airflow/.local/lib/python3.8/site-packages/airflow/example_dags/example_setup_teardown.py for tasks to queue
[2023-11-23T15:30:23.830+0000] {logging_mixin.py:154} INFO - [2023-11-23T15:30:23.830+0000] {dagbag.py:536} INFO - Filling up the DagBag from /home/airflow/.local/lib/python3.8/site-packages/airflow/example_dags/example_setup_teardown.py
[2023-11-23T15:30:23.834+0000] {processor.py:839} INFO - DAG(s) dict_keys(['example_setup_teardown']) retrieved from /home/airflow/.local/lib/python3.8/site-packages/airflow/example_dags/example_setup_teardown.py
[2023-11-23T15:30:23.846+0000] {logging_mixin.py:154} INFO - [2023-11-23T15:30:23.845+0000] {dag.py:2941} INFO - Sync 1 DAGs
[2023-11-23T15:30:23.859+0000] {logging_mixin.py:154} INFO - [2023-11-23T15:30:23.859+0000] {dag.py:3722} INFO - Setting next_dagrun for example_setup_teardown to 2023-11-22T15:30:23.859360+00:00, run_after=2023-11-23T15:30:23.859360+00:00
[2023-11-23T15:30:23.871+0000] {processor.py:179} INFO - Processing /home/airflow/.local/lib/python3.8/site-packages/airflow/example_dags/example_setup_teardown.py took 0.044 seconds
[2023-11-23T15:30:54.757+0000] {processor.py:157} INFO - Started process (PID=418) to work on /home/airflow/.local/lib/python3.8/site-packages/airflow/example_dags/example_setup_teardown.py
[2023-11-23T15:30:54.757+0000] {processor.py:829} INFO - Processing file /home/airflow/.local/lib/python3.8/site-packages/airflow/example_dags/example_setup_teardown.py for tasks to queue
[2023-11-23T15:30:54.758+0000] {logging_mixin.py:154} INFO - [2023-11-23T15:30:54.758+0000] {dagbag.py:536} INFO - Filling up the DagBag from /home/airflow/.local/lib/python3.8/site-packages/airflow/example_dags/example_setup_teardown.py
[2023-11-23T15:30:54.762+0000] {processor.py:839} INFO - DAG(s) dict_keys(['example_setup_teardown']) retrieved from /home/airflow/.local/lib/python3.8/site-packages/airflow/example_dags/example_setup_teardown.py
[2023-11-23T15:30:54.774+0000] {logging_mixin.py:154} INFO - [2023-11-23T15:30:54.774+0000] {dag.py:2941} INFO - Sync 1 DAGs
[2023-11-23T15:30:54.788+0000] {logging_mixin.py:154} INFO - [2023-11-23T15:30:54.788+0000] {dag.py:3722} INFO - Setting next_dagrun for example_setup_teardown to 2023-11-22T15:30:54.787982+00:00, run_after=2023-11-23T15:30:54.787982+00:00
[2023-11-23T15:30:54.799+0000] {processor.py:179} INFO - Processing /home/airflow/.local/lib/python3.8/site-packages/airflow/example_dags/example_setup_teardown.py took 0.044 seconds
[2023-11-23T15:31:24.922+0000] {processor.py:157} INFO - Started process (PID=474) to work on /home/airflow/.local/lib/python3.8/site-packages/airflow/example_dags/example_setup_teardown.py
[2023-11-23T15:31:24.923+0000] {processor.py:829} INFO - Processing file /home/airflow/.local/lib/python3.8/site-packages/airflow/example_dags/example_setup_teardown.py for tasks to queue
[2023-11-23T15:31:24.924+0000] {logging_mixin.py:154} INFO - [2023-11-23T15:31:24.924+0000] {dagbag.py:536} INFO - Filling up the DagBag from /home/airflow/.local/lib/python3.8/site-packages/airflow/example_dags/example_setup_teardown.py
[2023-11-23T15:31:24.928+0000] {processor.py:839} INFO - DAG(s) dict_keys(['example_setup_teardown']) retrieved from /home/airflow/.local/lib/python3.8/site-packages/airflow/example_dags/example_setup_teardown.py
[2023-11-23T15:31:24.940+0000] {logging_mixin.py:154} INFO - [2023-11-23T15:31:24.940+0000] {dag.py:2941} INFO - Sync 1 DAGs
[2023-11-23T15:31:24.953+0000] {logging_mixin.py:154} INFO - [2023-11-23T15:31:24.953+0000] {dag.py:3722} INFO - Setting next_dagrun for example_setup_teardown to 2023-11-22T15:31:24.953533+00:00, run_after=2023-11-23T15:31:24.953533+00:00
[2023-11-23T15:31:24.964+0000] {processor.py:179} INFO - Processing /home/airflow/.local/lib/python3.8/site-packages/airflow/example_dags/example_setup_teardown.py took 0.044 seconds
[2023-11-23T15:31:56.001+0000] {processor.py:157} INFO - Started process (PID=530) to work on /home/airflow/.local/lib/python3.8/site-packages/airflow/example_dags/example_setup_teardown.py
[2023-11-23T15:31:56.002+0000] {processor.py:829} INFO - Processing file /home/airflow/.local/lib/python3.8/site-packages/airflow/example_dags/example_setup_teardown.py for tasks to queue
[2023-11-23T15:31:56.003+0000] {logging_mixin.py:154} INFO - [2023-11-23T15:31:56.003+0000] {dagbag.py:536} INFO - Filling up the DagBag from /home/airflow/.local/lib/python3.8/site-packages/airflow/example_dags/example_setup_teardown.py
[2023-11-23T15:31:56.007+0000] {processor.py:839} INFO - DAG(s) dict_keys(['example_setup_teardown']) retrieved from /home/airflow/.local/lib/python3.8/site-packages/airflow/example_dags/example_setup_teardown.py
[2023-11-23T15:31:56.019+0000] {logging_mixin.py:154} INFO - [2023-11-23T15:31:56.018+0000] {dag.py:2941} INFO - Sync 1 DAGs
[2023-11-23T15:31:56.034+0000] {logging_mixin.py:154} INFO - [2023-11-23T15:31:56.034+0000] {dag.py:3722} INFO - Setting next_dagrun for example_setup_teardown to 2023-11-22T15:31:56.034086+00:00, run_after=2023-11-23T15:31:56.034086+00:00
[2023-11-23T15:31:56.045+0000] {processor.py:179} INFO - Processing /home/airflow/.local/lib/python3.8/site-packages/airflow/example_dags/example_setup_teardown.py took 0.045 seconds
[2023-11-23T15:32:26.832+0000] {processor.py:157} INFO - Started process (PID=586) to work on /home/airflow/.local/lib/python3.8/site-packages/airflow/example_dags/example_setup_teardown.py
[2023-11-23T15:32:26.832+0000] {processor.py:829} INFO - Processing file /home/airflow/.local/lib/python3.8/site-packages/airflow/example_dags/example_setup_teardown.py for tasks to queue
[2023-11-23T15:32:26.833+0000] {logging_mixin.py:154} INFO - [2023-11-23T15:32:26.833+0000] {dagbag.py:536} INFO - Filling up the DagBag from /home/airflow/.local/lib/python3.8/site-packages/airflow/example_dags/example_setup_teardown.py
[2023-11-23T15:32:26.837+0000] {processor.py:839} INFO - DAG(s) dict_keys(['example_setup_teardown']) retrieved from /home/airflow/.local/lib/python3.8/site-packages/airflow/example_dags/example_setup_teardown.py
[2023-11-23T15:32:26.849+0000] {logging_mixin.py:154} INFO - [2023-11-23T15:32:26.849+0000] {dag.py:2941} INFO - Sync 1 DAGs
[2023-11-23T15:32:26.863+0000] {logging_mixin.py:154} INFO - [2023-11-23T15:32:26.863+0000] {dag.py:3722} INFO - Setting next_dagrun for example_setup_teardown to 2023-11-22T15:32:26.863038+00:00, run_after=2023-11-23T15:32:26.863038+00:00
[2023-11-23T15:32:26.874+0000] {processor.py:179} INFO - Processing /home/airflow/.local/lib/python3.8/site-packages/airflow/example_dags/example_setup_teardown.py took 0.044 seconds
[2023-11-23T15:32:57.981+0000] {processor.py:157} INFO - Started process (PID=642) to work on /home/airflow/.local/lib/python3.8/site-packages/airflow/example_dags/example_setup_teardown.py
[2023-11-23T15:32:57.981+0000] {processor.py:829} INFO - Processing file /home/airflow/.local/lib/python3.8/site-packages/airflow/example_dags/example_setup_teardown.py for tasks to queue
[2023-11-23T15:32:57.982+0000] {logging_mixin.py:154} INFO - [2023-11-23T15:32:57.982+0000] {dagbag.py:536} INFO - Filling up the DagBag from /home/airflow/.local/lib/python3.8/site-packages/airflow/example_dags/example_setup_teardown.py
[2023-11-23T15:32:57.986+0000] {processor.py:839} INFO - DAG(s) dict_keys(['example_setup_teardown']) retrieved from /home/airflow/.local/lib/python3.8/site-packages/airflow/example_dags/example_setup_teardown.py
[2023-11-23T15:32:57.996+0000] {logging_mixin.py:154} INFO - [2023-11-23T15:32:57.996+0000] {dag.py:2941} INFO - Sync 1 DAGs
[2023-11-23T15:32:58.009+0000] {logging_mixin.py:154} INFO - [2023-11-23T15:32:58.009+0000] {dag.py:3722} INFO - Setting next_dagrun for example_setup_teardown to 2023-11-22T15:32:58.009547+00:00, run_after=2023-11-23T15:32:58.009547+00:00
[2023-11-23T15:32:58.020+0000] {processor.py:179} INFO - Processing /home/airflow/.local/lib/python3.8/site-packages/airflow/example_dags/example_setup_teardown.py took 0.041 seconds
