[2023-11-23T11:22:20.179+0000] {processor.py:157} INFO - Started process (PID=51) to work on /home/airflow/.local/lib/python3.8/site-packages/airflow/example_dags/example_complex.py
[2023-11-23T11:22:20.179+0000] {processor.py:829} INFO - Processing file /home/airflow/.local/lib/python3.8/site-packages/airflow/example_dags/example_complex.py for tasks to queue
[2023-11-23T11:22:20.180+0000] {logging_mixin.py:154} INFO - [2023-11-23T11:22:20.180+0000] {dagbag.py:536} INFO - Filling up the DagBag from /home/airflow/.local/lib/python3.8/site-packages/airflow/example_dags/example_complex.py
[2023-11-23T11:22:20.190+0000] {processor.py:839} INFO - DAG(s) dict_keys(['example_complex']) retrieved from /home/airflow/.local/lib/python3.8/site-packages/airflow/example_dags/example_complex.py
[2023-11-23T11:22:20.199+0000] {logging_mixin.py:154} INFO - [2023-11-23T11:22:20.198+0000] {dag.py:2941} INFO - Sync 1 DAGs
[2023-11-23T11:22:20.212+0000] {logging_mixin.py:154} INFO - [2023-11-23T11:22:20.211+0000] {dag.py:3722} INFO - Setting next_dagrun for example_complex to None, run_after=None
[2023-11-23T11:22:20.227+0000] {processor.py:179} INFO - Processing /home/airflow/.local/lib/python3.8/site-packages/airflow/example_dags/example_complex.py took 0.050 seconds
[2023-11-23T11:22:50.557+0000] {processor.py:157} INFO - Started process (PID=106) to work on /home/airflow/.local/lib/python3.8/site-packages/airflow/example_dags/example_complex.py
[2023-11-23T11:22:50.557+0000] {processor.py:829} INFO - Processing file /home/airflow/.local/lib/python3.8/site-packages/airflow/example_dags/example_complex.py for tasks to queue
[2023-11-23T11:22:50.558+0000] {logging_mixin.py:154} INFO - [2023-11-23T11:22:50.558+0000] {dagbag.py:536} INFO - Filling up the DagBag from /home/airflow/.local/lib/python3.8/site-packages/airflow/example_dags/example_complex.py
[2023-11-23T11:22:50.565+0000] {processor.py:839} INFO - DAG(s) dict_keys(['example_complex']) retrieved from /home/airflow/.local/lib/python3.8/site-packages/airflow/example_dags/example_complex.py
[2023-11-23T11:22:50.585+0000] {logging_mixin.py:154} INFO - [2023-11-23T11:22:50.585+0000] {dag.py:2941} INFO - Sync 1 DAGs
[2023-11-23T11:22:50.593+0000] {logging_mixin.py:154} INFO - [2023-11-23T11:22:50.593+0000] {dag.py:3722} INFO - Setting next_dagrun for example_complex to None, run_after=None
[2023-11-23T11:22:50.604+0000] {processor.py:179} INFO - Processing /home/airflow/.local/lib/python3.8/site-packages/airflow/example_dags/example_complex.py took 0.049 seconds
[2023-11-23T11:23:21.288+0000] {processor.py:157} INFO - Started process (PID=160) to work on /home/airflow/.local/lib/python3.8/site-packages/airflow/example_dags/example_complex.py
[2023-11-23T11:23:21.288+0000] {processor.py:829} INFO - Processing file /home/airflow/.local/lib/python3.8/site-packages/airflow/example_dags/example_complex.py for tasks to queue
[2023-11-23T11:23:21.290+0000] {logging_mixin.py:154} INFO - [2023-11-23T11:23:21.289+0000] {dagbag.py:536} INFO - Filling up the DagBag from /home/airflow/.local/lib/python3.8/site-packages/airflow/example_dags/example_complex.py
[2023-11-23T11:23:21.298+0000] {processor.py:839} INFO - DAG(s) dict_keys(['example_complex']) retrieved from /home/airflow/.local/lib/python3.8/site-packages/airflow/example_dags/example_complex.py
[2023-11-23T11:23:21.321+0000] {logging_mixin.py:154} INFO - [2023-11-23T11:23:21.320+0000] {dag.py:2941} INFO - Sync 1 DAGs
[2023-11-23T11:23:21.329+0000] {logging_mixin.py:154} INFO - [2023-11-23T11:23:21.329+0000] {dag.py:3722} INFO - Setting next_dagrun for example_complex to None, run_after=None
[2023-11-23T11:23:21.342+0000] {processor.py:179} INFO - Processing /home/airflow/.local/lib/python3.8/site-packages/airflow/example_dags/example_complex.py took 0.057 seconds
[2023-11-23T11:23:52.325+0000] {processor.py:157} INFO - Started process (PID=214) to work on /home/airflow/.local/lib/python3.8/site-packages/airflow/example_dags/example_complex.py
[2023-11-23T11:23:52.326+0000] {processor.py:829} INFO - Processing file /home/airflow/.local/lib/python3.8/site-packages/airflow/example_dags/example_complex.py for tasks to queue
[2023-11-23T11:23:52.327+0000] {logging_mixin.py:154} INFO - [2023-11-23T11:23:52.327+0000] {dagbag.py:536} INFO - Filling up the DagBag from /home/airflow/.local/lib/python3.8/site-packages/airflow/example_dags/example_complex.py
[2023-11-23T11:23:52.334+0000] {processor.py:839} INFO - DAG(s) dict_keys(['example_complex']) retrieved from /home/airflow/.local/lib/python3.8/site-packages/airflow/example_dags/example_complex.py
[2023-11-23T11:23:52.356+0000] {logging_mixin.py:154} INFO - [2023-11-23T11:23:52.355+0000] {dag.py:2941} INFO - Sync 1 DAGs
[2023-11-23T11:23:52.364+0000] {logging_mixin.py:154} INFO - [2023-11-23T11:23:52.364+0000] {dag.py:3722} INFO - Setting next_dagrun for example_complex to None, run_after=None
[2023-11-23T11:23:52.376+0000] {processor.py:179} INFO - Processing /home/airflow/.local/lib/python3.8/site-packages/airflow/example_dags/example_complex.py took 0.052 seconds
[2023-11-23T11:24:23.001+0000] {processor.py:157} INFO - Started process (PID=268) to work on /home/airflow/.local/lib/python3.8/site-packages/airflow/example_dags/example_complex.py
[2023-11-23T11:24:23.002+0000] {processor.py:829} INFO - Processing file /home/airflow/.local/lib/python3.8/site-packages/airflow/example_dags/example_complex.py for tasks to queue
[2023-11-23T11:24:23.003+0000] {logging_mixin.py:154} INFO - [2023-11-23T11:24:23.003+0000] {dagbag.py:536} INFO - Filling up the DagBag from /home/airflow/.local/lib/python3.8/site-packages/airflow/example_dags/example_complex.py
[2023-11-23T11:24:23.010+0000] {processor.py:839} INFO - DAG(s) dict_keys(['example_complex']) retrieved from /home/airflow/.local/lib/python3.8/site-packages/airflow/example_dags/example_complex.py
[2023-11-23T11:24:23.030+0000] {logging_mixin.py:154} INFO - [2023-11-23T11:24:23.030+0000] {dag.py:2941} INFO - Sync 1 DAGs
[2023-11-23T11:24:23.038+0000] {logging_mixin.py:154} INFO - [2023-11-23T11:24:23.038+0000] {dag.py:3722} INFO - Setting next_dagrun for example_complex to None, run_after=None
[2023-11-23T11:24:23.049+0000] {processor.py:179} INFO - Processing /home/airflow/.local/lib/python3.8/site-packages/airflow/example_dags/example_complex.py took 0.049 seconds
[2023-11-23T11:24:53.603+0000] {processor.py:157} INFO - Started process (PID=322) to work on /home/airflow/.local/lib/python3.8/site-packages/airflow/example_dags/example_complex.py
[2023-11-23T11:24:53.604+0000] {processor.py:829} INFO - Processing file /home/airflow/.local/lib/python3.8/site-packages/airflow/example_dags/example_complex.py for tasks to queue
[2023-11-23T11:24:53.605+0000] {logging_mixin.py:154} INFO - [2023-11-23T11:24:53.605+0000] {dagbag.py:536} INFO - Filling up the DagBag from /home/airflow/.local/lib/python3.8/site-packages/airflow/example_dags/example_complex.py
[2023-11-23T11:24:53.613+0000] {processor.py:839} INFO - DAG(s) dict_keys(['example_complex']) retrieved from /home/airflow/.local/lib/python3.8/site-packages/airflow/example_dags/example_complex.py
[2023-11-23T11:24:53.633+0000] {logging_mixin.py:154} INFO - [2023-11-23T11:24:53.633+0000] {dag.py:2941} INFO - Sync 1 DAGs
[2023-11-23T11:24:53.641+0000] {logging_mixin.py:154} INFO - [2023-11-23T11:24:53.641+0000] {dag.py:3722} INFO - Setting next_dagrun for example_complex to None, run_after=None
[2023-11-23T11:24:53.652+0000] {processor.py:179} INFO - Processing /home/airflow/.local/lib/python3.8/site-packages/airflow/example_dags/example_complex.py took 0.051 seconds
[2023-11-23T11:25:23.797+0000] {processor.py:157} INFO - Started process (PID=376) to work on /home/airflow/.local/lib/python3.8/site-packages/airflow/example_dags/example_complex.py
[2023-11-23T11:25:23.797+0000] {processor.py:829} INFO - Processing file /home/airflow/.local/lib/python3.8/site-packages/airflow/example_dags/example_complex.py for tasks to queue
[2023-11-23T11:25:23.799+0000] {logging_mixin.py:154} INFO - [2023-11-23T11:25:23.799+0000] {dagbag.py:536} INFO - Filling up the DagBag from /home/airflow/.local/lib/python3.8/site-packages/airflow/example_dags/example_complex.py
[2023-11-23T11:25:23.806+0000] {processor.py:839} INFO - DAG(s) dict_keys(['example_complex']) retrieved from /home/airflow/.local/lib/python3.8/site-packages/airflow/example_dags/example_complex.py
[2023-11-23T11:25:23.826+0000] {logging_mixin.py:154} INFO - [2023-11-23T11:25:23.826+0000] {dag.py:2941} INFO - Sync 1 DAGs
[2023-11-23T11:25:23.834+0000] {logging_mixin.py:154} INFO - [2023-11-23T11:25:23.834+0000] {dag.py:3722} INFO - Setting next_dagrun for example_complex to None, run_after=None
[2023-11-23T11:25:23.846+0000] {processor.py:179} INFO - Processing /home/airflow/.local/lib/python3.8/site-packages/airflow/example_dags/example_complex.py took 0.051 seconds
[2023-11-23T11:25:54.394+0000] {processor.py:157} INFO - Started process (PID=430) to work on /home/airflow/.local/lib/python3.8/site-packages/airflow/example_dags/example_complex.py
[2023-11-23T11:25:54.395+0000] {processor.py:829} INFO - Processing file /home/airflow/.local/lib/python3.8/site-packages/airflow/example_dags/example_complex.py for tasks to queue
[2023-11-23T11:25:54.396+0000] {logging_mixin.py:154} INFO - [2023-11-23T11:25:54.396+0000] {dagbag.py:536} INFO - Filling up the DagBag from /home/airflow/.local/lib/python3.8/site-packages/airflow/example_dags/example_complex.py
[2023-11-23T11:25:54.405+0000] {processor.py:839} INFO - DAG(s) dict_keys(['example_complex']) retrieved from /home/airflow/.local/lib/python3.8/site-packages/airflow/example_dags/example_complex.py
[2023-11-23T11:25:54.427+0000] {logging_mixin.py:154} INFO - [2023-11-23T11:25:54.427+0000] {dag.py:2941} INFO - Sync 1 DAGs
[2023-11-23T11:25:54.436+0000] {logging_mixin.py:154} INFO - [2023-11-23T11:25:54.436+0000] {dag.py:3722} INFO - Setting next_dagrun for example_complex to None, run_after=None
[2023-11-23T11:25:54.448+0000] {processor.py:179} INFO - Processing /home/airflow/.local/lib/python3.8/site-packages/airflow/example_dags/example_complex.py took 0.056 seconds
[2023-11-23T11:26:25.012+0000] {processor.py:157} INFO - Started process (PID=484) to work on /home/airflow/.local/lib/python3.8/site-packages/airflow/example_dags/example_complex.py
[2023-11-23T11:26:25.012+0000] {processor.py:829} INFO - Processing file /home/airflow/.local/lib/python3.8/site-packages/airflow/example_dags/example_complex.py for tasks to queue
[2023-11-23T11:26:25.013+0000] {logging_mixin.py:154} INFO - [2023-11-23T11:26:25.013+0000] {dagbag.py:536} INFO - Filling up the DagBag from /home/airflow/.local/lib/python3.8/site-packages/airflow/example_dags/example_complex.py
[2023-11-23T11:26:25.021+0000] {processor.py:839} INFO - DAG(s) dict_keys(['example_complex']) retrieved from /home/airflow/.local/lib/python3.8/site-packages/airflow/example_dags/example_complex.py
[2023-11-23T11:26:25.041+0000] {logging_mixin.py:154} INFO - [2023-11-23T11:26:25.041+0000] {dag.py:2941} INFO - Sync 1 DAGs
[2023-11-23T11:26:25.050+0000] {logging_mixin.py:154} INFO - [2023-11-23T11:26:25.049+0000] {dag.py:3722} INFO - Setting next_dagrun for example_complex to None, run_after=None
[2023-11-23T11:26:25.061+0000] {processor.py:179} INFO - Processing /home/airflow/.local/lib/python3.8/site-packages/airflow/example_dags/example_complex.py took 0.051 seconds
[2023-11-23T11:26:55.293+0000] {processor.py:157} INFO - Started process (PID=538) to work on /home/airflow/.local/lib/python3.8/site-packages/airflow/example_dags/example_complex.py
[2023-11-23T11:26:55.294+0000] {processor.py:829} INFO - Processing file /home/airflow/.local/lib/python3.8/site-packages/airflow/example_dags/example_complex.py for tasks to queue
[2023-11-23T11:26:55.295+0000] {logging_mixin.py:154} INFO - [2023-11-23T11:26:55.295+0000] {dagbag.py:536} INFO - Filling up the DagBag from /home/airflow/.local/lib/python3.8/site-packages/airflow/example_dags/example_complex.py
[2023-11-23T11:26:55.303+0000] {processor.py:839} INFO - DAG(s) dict_keys(['example_complex']) retrieved from /home/airflow/.local/lib/python3.8/site-packages/airflow/example_dags/example_complex.py
[2023-11-23T11:26:55.324+0000] {logging_mixin.py:154} INFO - [2023-11-23T11:26:55.324+0000] {dag.py:2941} INFO - Sync 1 DAGs
[2023-11-23T11:26:55.331+0000] {logging_mixin.py:154} INFO - [2023-11-23T11:26:55.331+0000] {dag.py:3722} INFO - Setting next_dagrun for example_complex to None, run_after=None
[2023-11-23T11:26:55.342+0000] {processor.py:179} INFO - Processing /home/airflow/.local/lib/python3.8/site-packages/airflow/example_dags/example_complex.py took 0.050 seconds
[2023-11-23T11:27:26.000+0000] {processor.py:157} INFO - Started process (PID=592) to work on /home/airflow/.local/lib/python3.8/site-packages/airflow/example_dags/example_complex.py
[2023-11-23T11:27:26.000+0000] {processor.py:829} INFO - Processing file /home/airflow/.local/lib/python3.8/site-packages/airflow/example_dags/example_complex.py for tasks to queue
[2023-11-23T11:27:26.001+0000] {logging_mixin.py:154} INFO - [2023-11-23T11:27:26.001+0000] {dagbag.py:536} INFO - Filling up the DagBag from /home/airflow/.local/lib/python3.8/site-packages/airflow/example_dags/example_complex.py
[2023-11-23T11:27:26.009+0000] {processor.py:839} INFO - DAG(s) dict_keys(['example_complex']) retrieved from /home/airflow/.local/lib/python3.8/site-packages/airflow/example_dags/example_complex.py
[2023-11-23T11:27:26.029+0000] {logging_mixin.py:154} INFO - [2023-11-23T11:27:26.029+0000] {dag.py:2941} INFO - Sync 1 DAGs
[2023-11-23T11:27:26.037+0000] {logging_mixin.py:154} INFO - [2023-11-23T11:27:26.037+0000] {dag.py:3722} INFO - Setting next_dagrun for example_complex to None, run_after=None
[2023-11-23T11:27:26.048+0000] {processor.py:179} INFO - Processing /home/airflow/.local/lib/python3.8/site-packages/airflow/example_dags/example_complex.py took 0.050 seconds
[2023-11-23T11:27:56.583+0000] {processor.py:157} INFO - Started process (PID=646) to work on /home/airflow/.local/lib/python3.8/site-packages/airflow/example_dags/example_complex.py
[2023-11-23T11:27:56.584+0000] {processor.py:829} INFO - Processing file /home/airflow/.local/lib/python3.8/site-packages/airflow/example_dags/example_complex.py for tasks to queue
[2023-11-23T11:27:56.585+0000] {logging_mixin.py:154} INFO - [2023-11-23T11:27:56.585+0000] {dagbag.py:536} INFO - Filling up the DagBag from /home/airflow/.local/lib/python3.8/site-packages/airflow/example_dags/example_complex.py
[2023-11-23T11:27:56.592+0000] {processor.py:839} INFO - DAG(s) dict_keys(['example_complex']) retrieved from /home/airflow/.local/lib/python3.8/site-packages/airflow/example_dags/example_complex.py
[2023-11-23T11:27:56.613+0000] {logging_mixin.py:154} INFO - [2023-11-23T11:27:56.613+0000] {dag.py:2941} INFO - Sync 1 DAGs
[2023-11-23T11:27:56.621+0000] {logging_mixin.py:154} INFO - [2023-11-23T11:27:56.621+0000] {dag.py:3722} INFO - Setting next_dagrun for example_complex to None, run_after=None
[2023-11-23T11:27:56.632+0000] {processor.py:179} INFO - Processing /home/airflow/.local/lib/python3.8/site-packages/airflow/example_dags/example_complex.py took 0.050 seconds
[2023-11-23T11:28:27.253+0000] {processor.py:157} INFO - Started process (PID=700) to work on /home/airflow/.local/lib/python3.8/site-packages/airflow/example_dags/example_complex.py
[2023-11-23T11:28:27.254+0000] {processor.py:829} INFO - Processing file /home/airflow/.local/lib/python3.8/site-packages/airflow/example_dags/example_complex.py for tasks to queue
[2023-11-23T11:28:27.255+0000] {logging_mixin.py:154} INFO - [2023-11-23T11:28:27.255+0000] {dagbag.py:536} INFO - Filling up the DagBag from /home/airflow/.local/lib/python3.8/site-packages/airflow/example_dags/example_complex.py
[2023-11-23T11:28:27.262+0000] {processor.py:839} INFO - DAG(s) dict_keys(['example_complex']) retrieved from /home/airflow/.local/lib/python3.8/site-packages/airflow/example_dags/example_complex.py
[2023-11-23T11:28:27.282+0000] {logging_mixin.py:154} INFO - [2023-11-23T11:28:27.282+0000] {dag.py:2941} INFO - Sync 1 DAGs
[2023-11-23T11:28:27.290+0000] {logging_mixin.py:154} INFO - [2023-11-23T11:28:27.290+0000] {dag.py:3722} INFO - Setting next_dagrun for example_complex to None, run_after=None
[2023-11-23T11:28:27.301+0000] {processor.py:179} INFO - Processing /home/airflow/.local/lib/python3.8/site-packages/airflow/example_dags/example_complex.py took 0.050 seconds
[2023-11-23T11:28:57.885+0000] {processor.py:157} INFO - Started process (PID=754) to work on /home/airflow/.local/lib/python3.8/site-packages/airflow/example_dags/example_complex.py
[2023-11-23T11:28:57.886+0000] {processor.py:829} INFO - Processing file /home/airflow/.local/lib/python3.8/site-packages/airflow/example_dags/example_complex.py for tasks to queue
[2023-11-23T11:28:57.887+0000] {logging_mixin.py:154} INFO - [2023-11-23T11:28:57.887+0000] {dagbag.py:536} INFO - Filling up the DagBag from /home/airflow/.local/lib/python3.8/site-packages/airflow/example_dags/example_complex.py
[2023-11-23T11:28:57.894+0000] {processor.py:839} INFO - DAG(s) dict_keys(['example_complex']) retrieved from /home/airflow/.local/lib/python3.8/site-packages/airflow/example_dags/example_complex.py
[2023-11-23T11:28:57.916+0000] {logging_mixin.py:154} INFO - [2023-11-23T11:28:57.915+0000] {dag.py:2941} INFO - Sync 1 DAGs
[2023-11-23T11:28:57.924+0000] {logging_mixin.py:154} INFO - [2023-11-23T11:28:57.924+0000] {dag.py:3722} INFO - Setting next_dagrun for example_complex to None, run_after=None
[2023-11-23T11:28:57.936+0000] {processor.py:179} INFO - Processing /home/airflow/.local/lib/python3.8/site-packages/airflow/example_dags/example_complex.py took 0.053 seconds
[2023-11-23T11:29:28.522+0000] {processor.py:157} INFO - Started process (PID=809) to work on /home/airflow/.local/lib/python3.8/site-packages/airflow/example_dags/example_complex.py
[2023-11-23T11:29:28.523+0000] {processor.py:829} INFO - Processing file /home/airflow/.local/lib/python3.8/site-packages/airflow/example_dags/example_complex.py for tasks to queue
[2023-11-23T11:29:28.524+0000] {logging_mixin.py:154} INFO - [2023-11-23T11:29:28.524+0000] {dagbag.py:536} INFO - Filling up the DagBag from /home/airflow/.local/lib/python3.8/site-packages/airflow/example_dags/example_complex.py
[2023-11-23T11:29:28.532+0000] {processor.py:839} INFO - DAG(s) dict_keys(['example_complex']) retrieved from /home/airflow/.local/lib/python3.8/site-packages/airflow/example_dags/example_complex.py
[2023-11-23T11:29:28.552+0000] {logging_mixin.py:154} INFO - [2023-11-23T11:29:28.552+0000] {dag.py:2941} INFO - Sync 1 DAGs
[2023-11-23T11:29:28.560+0000] {logging_mixin.py:154} INFO - [2023-11-23T11:29:28.560+0000] {dag.py:3722} INFO - Setting next_dagrun for example_complex to None, run_after=None
[2023-11-23T11:29:28.573+0000] {processor.py:179} INFO - Processing /home/airflow/.local/lib/python3.8/site-packages/airflow/example_dags/example_complex.py took 0.052 seconds
[2023-11-23T11:29:59.094+0000] {processor.py:157} INFO - Started process (PID=863) to work on /home/airflow/.local/lib/python3.8/site-packages/airflow/example_dags/example_complex.py
[2023-11-23T11:29:59.095+0000] {processor.py:829} INFO - Processing file /home/airflow/.local/lib/python3.8/site-packages/airflow/example_dags/example_complex.py for tasks to queue
[2023-11-23T11:29:59.096+0000] {logging_mixin.py:154} INFO - [2023-11-23T11:29:59.096+0000] {dagbag.py:536} INFO - Filling up the DagBag from /home/airflow/.local/lib/python3.8/site-packages/airflow/example_dags/example_complex.py
[2023-11-23T11:29:59.104+0000] {processor.py:839} INFO - DAG(s) dict_keys(['example_complex']) retrieved from /home/airflow/.local/lib/python3.8/site-packages/airflow/example_dags/example_complex.py
[2023-11-23T11:29:59.126+0000] {logging_mixin.py:154} INFO - [2023-11-23T11:29:59.126+0000] {dag.py:2941} INFO - Sync 1 DAGs
[2023-11-23T11:29:59.135+0000] {logging_mixin.py:154} INFO - [2023-11-23T11:29:59.135+0000] {dag.py:3722} INFO - Setting next_dagrun for example_complex to None, run_after=None
[2023-11-23T11:29:59.149+0000] {processor.py:179} INFO - Processing /home/airflow/.local/lib/python3.8/site-packages/airflow/example_dags/example_complex.py took 0.056 seconds
[2023-11-23T11:30:29.177+0000] {processor.py:157} INFO - Started process (PID=917) to work on /home/airflow/.local/lib/python3.8/site-packages/airflow/example_dags/example_complex.py
[2023-11-23T11:30:29.178+0000] {processor.py:829} INFO - Processing file /home/airflow/.local/lib/python3.8/site-packages/airflow/example_dags/example_complex.py for tasks to queue
[2023-11-23T11:30:29.179+0000] {logging_mixin.py:154} INFO - [2023-11-23T11:30:29.179+0000] {dagbag.py:536} INFO - Filling up the DagBag from /home/airflow/.local/lib/python3.8/site-packages/airflow/example_dags/example_complex.py
[2023-11-23T11:30:29.186+0000] {processor.py:839} INFO - DAG(s) dict_keys(['example_complex']) retrieved from /home/airflow/.local/lib/python3.8/site-packages/airflow/example_dags/example_complex.py
[2023-11-23T11:30:29.208+0000] {logging_mixin.py:154} INFO - [2023-11-23T11:30:29.208+0000] {dag.py:2941} INFO - Sync 1 DAGs
[2023-11-23T11:30:29.217+0000] {logging_mixin.py:154} INFO - [2023-11-23T11:30:29.217+0000] {dag.py:3722} INFO - Setting next_dagrun for example_complex to None, run_after=None
[2023-11-23T11:30:29.230+0000] {processor.py:179} INFO - Processing /home/airflow/.local/lib/python3.8/site-packages/airflow/example_dags/example_complex.py took 0.054 seconds
[2023-11-23T11:30:59.504+0000] {processor.py:157} INFO - Started process (PID=971) to work on /home/airflow/.local/lib/python3.8/site-packages/airflow/example_dags/example_complex.py
[2023-11-23T11:30:59.504+0000] {processor.py:829} INFO - Processing file /home/airflow/.local/lib/python3.8/site-packages/airflow/example_dags/example_complex.py for tasks to queue
[2023-11-23T11:30:59.506+0000] {logging_mixin.py:154} INFO - [2023-11-23T11:30:59.505+0000] {dagbag.py:536} INFO - Filling up the DagBag from /home/airflow/.local/lib/python3.8/site-packages/airflow/example_dags/example_complex.py
[2023-11-23T11:30:59.513+0000] {processor.py:839} INFO - DAG(s) dict_keys(['example_complex']) retrieved from /home/airflow/.local/lib/python3.8/site-packages/airflow/example_dags/example_complex.py
[2023-11-23T11:30:59.535+0000] {logging_mixin.py:154} INFO - [2023-11-23T11:30:59.534+0000] {dag.py:2941} INFO - Sync 1 DAGs
[2023-11-23T11:30:59.543+0000] {logging_mixin.py:154} INFO - [2023-11-23T11:30:59.543+0000] {dag.py:3722} INFO - Setting next_dagrun for example_complex to None, run_after=None
[2023-11-23T11:30:59.555+0000] {processor.py:179} INFO - Processing /home/airflow/.local/lib/python3.8/site-packages/airflow/example_dags/example_complex.py took 0.053 seconds
[2023-11-23T11:31:29.668+0000] {processor.py:157} INFO - Started process (PID=1025) to work on /home/airflow/.local/lib/python3.8/site-packages/airflow/example_dags/example_complex.py
[2023-11-23T11:31:29.669+0000] {processor.py:829} INFO - Processing file /home/airflow/.local/lib/python3.8/site-packages/airflow/example_dags/example_complex.py for tasks to queue
[2023-11-23T11:31:29.670+0000] {logging_mixin.py:154} INFO - [2023-11-23T11:31:29.670+0000] {dagbag.py:536} INFO - Filling up the DagBag from /home/airflow/.local/lib/python3.8/site-packages/airflow/example_dags/example_complex.py
[2023-11-23T11:31:29.678+0000] {processor.py:839} INFO - DAG(s) dict_keys(['example_complex']) retrieved from /home/airflow/.local/lib/python3.8/site-packages/airflow/example_dags/example_complex.py
[2023-11-23T11:31:29.701+0000] {logging_mixin.py:154} INFO - [2023-11-23T11:31:29.701+0000] {dag.py:2941} INFO - Sync 1 DAGs
[2023-11-23T11:31:29.710+0000] {logging_mixin.py:154} INFO - [2023-11-23T11:31:29.710+0000] {dag.py:3722} INFO - Setting next_dagrun for example_complex to None, run_after=None
[2023-11-23T11:31:29.724+0000] {processor.py:179} INFO - Processing /home/airflow/.local/lib/python3.8/site-packages/airflow/example_dags/example_complex.py took 0.058 seconds
[2023-11-23T11:31:59.767+0000] {processor.py:157} INFO - Started process (PID=1079) to work on /home/airflow/.local/lib/python3.8/site-packages/airflow/example_dags/example_complex.py
[2023-11-23T11:31:59.768+0000] {processor.py:829} INFO - Processing file /home/airflow/.local/lib/python3.8/site-packages/airflow/example_dags/example_complex.py for tasks to queue
[2023-11-23T11:31:59.769+0000] {logging_mixin.py:154} INFO - [2023-11-23T11:31:59.769+0000] {dagbag.py:536} INFO - Filling up the DagBag from /home/airflow/.local/lib/python3.8/site-packages/airflow/example_dags/example_complex.py
[2023-11-23T11:31:59.776+0000] {processor.py:839} INFO - DAG(s) dict_keys(['example_complex']) retrieved from /home/airflow/.local/lib/python3.8/site-packages/airflow/example_dags/example_complex.py
[2023-11-23T11:31:59.796+0000] {logging_mixin.py:154} INFO - [2023-11-23T11:31:59.796+0000] {dag.py:2941} INFO - Sync 1 DAGs
[2023-11-23T11:31:59.804+0000] {logging_mixin.py:154} INFO - [2023-11-23T11:31:59.804+0000] {dag.py:3722} INFO - Setting next_dagrun for example_complex to None, run_after=None
[2023-11-23T11:31:59.815+0000] {processor.py:179} INFO - Processing /home/airflow/.local/lib/python3.8/site-packages/airflow/example_dags/example_complex.py took 0.050 seconds
[2023-11-23T11:32:30.216+0000] {processor.py:157} INFO - Started process (PID=1133) to work on /home/airflow/.local/lib/python3.8/site-packages/airflow/example_dags/example_complex.py
[2023-11-23T11:32:30.216+0000] {processor.py:829} INFO - Processing file /home/airflow/.local/lib/python3.8/site-packages/airflow/example_dags/example_complex.py for tasks to queue
[2023-11-23T11:32:30.218+0000] {logging_mixin.py:154} INFO - [2023-11-23T11:32:30.217+0000] {dagbag.py:536} INFO - Filling up the DagBag from /home/airflow/.local/lib/python3.8/site-packages/airflow/example_dags/example_complex.py
[2023-11-23T11:32:30.225+0000] {processor.py:839} INFO - DAG(s) dict_keys(['example_complex']) retrieved from /home/airflow/.local/lib/python3.8/site-packages/airflow/example_dags/example_complex.py
[2023-11-23T11:32:30.247+0000] {logging_mixin.py:154} INFO - [2023-11-23T11:32:30.247+0000] {dag.py:2941} INFO - Sync 1 DAGs
[2023-11-23T11:32:30.255+0000] {logging_mixin.py:154} INFO - [2023-11-23T11:32:30.255+0000] {dag.py:3722} INFO - Setting next_dagrun for example_complex to None, run_after=None
[2023-11-23T11:32:30.266+0000] {processor.py:179} INFO - Processing /home/airflow/.local/lib/python3.8/site-packages/airflow/example_dags/example_complex.py took 0.052 seconds
[2023-11-23T11:33:00.517+0000] {processor.py:157} INFO - Started process (PID=1187) to work on /home/airflow/.local/lib/python3.8/site-packages/airflow/example_dags/example_complex.py
[2023-11-23T11:33:00.518+0000] {processor.py:829} INFO - Processing file /home/airflow/.local/lib/python3.8/site-packages/airflow/example_dags/example_complex.py for tasks to queue
[2023-11-23T11:33:00.519+0000] {logging_mixin.py:154} INFO - [2023-11-23T11:33:00.519+0000] {dagbag.py:536} INFO - Filling up the DagBag from /home/airflow/.local/lib/python3.8/site-packages/airflow/example_dags/example_complex.py
[2023-11-23T11:33:00.526+0000] {processor.py:839} INFO - DAG(s) dict_keys(['example_complex']) retrieved from /home/airflow/.local/lib/python3.8/site-packages/airflow/example_dags/example_complex.py
[2023-11-23T11:33:00.548+0000] {logging_mixin.py:154} INFO - [2023-11-23T11:33:00.548+0000] {dag.py:2941} INFO - Sync 1 DAGs
[2023-11-23T11:33:00.556+0000] {logging_mixin.py:154} INFO - [2023-11-23T11:33:00.556+0000] {dag.py:3722} INFO - Setting next_dagrun for example_complex to None, run_after=None
[2023-11-23T11:33:00.567+0000] {processor.py:179} INFO - Processing /home/airflow/.local/lib/python3.8/site-packages/airflow/example_dags/example_complex.py took 0.052 seconds
[2023-11-23T11:38:43.007+0000] {processor.py:157} INFO - Started process (PID=54) to work on /home/airflow/.local/lib/python3.8/site-packages/airflow/example_dags/example_complex.py
[2023-11-23T11:38:43.008+0000] {processor.py:829} INFO - Processing file /home/airflow/.local/lib/python3.8/site-packages/airflow/example_dags/example_complex.py for tasks to queue
[2023-11-23T11:38:43.009+0000] {logging_mixin.py:154} INFO - [2023-11-23T11:38:43.009+0000] {dagbag.py:536} INFO - Filling up the DagBag from /home/airflow/.local/lib/python3.8/site-packages/airflow/example_dags/example_complex.py
[2023-11-23T11:38:43.019+0000] {processor.py:839} INFO - DAG(s) dict_keys(['example_complex']) retrieved from /home/airflow/.local/lib/python3.8/site-packages/airflow/example_dags/example_complex.py
[2023-11-23T11:38:43.027+0000] {logging_mixin.py:154} INFO - [2023-11-23T11:38:43.027+0000] {dag.py:2941} INFO - Sync 1 DAGs
[2023-11-23T11:38:43.037+0000] {logging_mixin.py:154} INFO - [2023-11-23T11:38:43.037+0000] {dag.py:3722} INFO - Setting next_dagrun for example_complex to None, run_after=None
[2023-11-23T11:38:43.051+0000] {processor.py:179} INFO - Processing /home/airflow/.local/lib/python3.8/site-packages/airflow/example_dags/example_complex.py took 0.046 seconds
[2023-11-23T11:39:13.949+0000] {processor.py:157} INFO - Started process (PID=110) to work on /home/airflow/.local/lib/python3.8/site-packages/airflow/example_dags/example_complex.py
[2023-11-23T11:39:13.949+0000] {processor.py:829} INFO - Processing file /home/airflow/.local/lib/python3.8/site-packages/airflow/example_dags/example_complex.py for tasks to queue
[2023-11-23T11:39:13.950+0000] {logging_mixin.py:154} INFO - [2023-11-23T11:39:13.950+0000] {dagbag.py:536} INFO - Filling up the DagBag from /home/airflow/.local/lib/python3.8/site-packages/airflow/example_dags/example_complex.py
[2023-11-23T11:39:13.958+0000] {processor.py:839} INFO - DAG(s) dict_keys(['example_complex']) retrieved from /home/airflow/.local/lib/python3.8/site-packages/airflow/example_dags/example_complex.py
[2023-11-23T11:39:13.977+0000] {logging_mixin.py:154} INFO - [2023-11-23T11:39:13.977+0000] {dag.py:2941} INFO - Sync 1 DAGs
[2023-11-23T11:39:13.985+0000] {logging_mixin.py:154} INFO - [2023-11-23T11:39:13.985+0000] {dag.py:3722} INFO - Setting next_dagrun for example_complex to None, run_after=None
[2023-11-23T11:39:13.996+0000] {processor.py:179} INFO - Processing /home/airflow/.local/lib/python3.8/site-packages/airflow/example_dags/example_complex.py took 0.049 seconds
[2023-11-23T11:39:45.157+0000] {processor.py:157} INFO - Started process (PID=166) to work on /home/airflow/.local/lib/python3.8/site-packages/airflow/example_dags/example_complex.py
[2023-11-23T11:39:45.157+0000] {processor.py:829} INFO - Processing file /home/airflow/.local/lib/python3.8/site-packages/airflow/example_dags/example_complex.py for tasks to queue
[2023-11-23T11:39:45.159+0000] {logging_mixin.py:154} INFO - [2023-11-23T11:39:45.158+0000] {dagbag.py:536} INFO - Filling up the DagBag from /home/airflow/.local/lib/python3.8/site-packages/airflow/example_dags/example_complex.py
[2023-11-23T11:39:45.166+0000] {processor.py:839} INFO - DAG(s) dict_keys(['example_complex']) retrieved from /home/airflow/.local/lib/python3.8/site-packages/airflow/example_dags/example_complex.py
[2023-11-23T11:39:45.185+0000] {logging_mixin.py:154} INFO - [2023-11-23T11:39:45.185+0000] {dag.py:2941} INFO - Sync 1 DAGs
[2023-11-23T11:39:45.193+0000] {logging_mixin.py:154} INFO - [2023-11-23T11:39:45.193+0000] {dag.py:3722} INFO - Setting next_dagrun for example_complex to None, run_after=None
[2023-11-23T11:39:45.205+0000] {processor.py:179} INFO - Processing /home/airflow/.local/lib/python3.8/site-packages/airflow/example_dags/example_complex.py took 0.050 seconds
[2023-11-23T11:40:16.474+0000] {processor.py:157} INFO - Started process (PID=222) to work on /home/airflow/.local/lib/python3.8/site-packages/airflow/example_dags/example_complex.py
[2023-11-23T11:40:16.475+0000] {processor.py:829} INFO - Processing file /home/airflow/.local/lib/python3.8/site-packages/airflow/example_dags/example_complex.py for tasks to queue
[2023-11-23T11:40:16.476+0000] {logging_mixin.py:154} INFO - [2023-11-23T11:40:16.476+0000] {dagbag.py:536} INFO - Filling up the DagBag from /home/airflow/.local/lib/python3.8/site-packages/airflow/example_dags/example_complex.py
[2023-11-23T11:40:16.483+0000] {processor.py:839} INFO - DAG(s) dict_keys(['example_complex']) retrieved from /home/airflow/.local/lib/python3.8/site-packages/airflow/example_dags/example_complex.py
[2023-11-23T11:40:16.504+0000] {logging_mixin.py:154} INFO - [2023-11-23T11:40:16.503+0000] {dag.py:2941} INFO - Sync 1 DAGs
[2023-11-23T11:40:16.515+0000] {logging_mixin.py:154} INFO - [2023-11-23T11:40:16.515+0000] {dag.py:3722} INFO - Setting next_dagrun for example_complex to None, run_after=None
[2023-11-23T11:40:16.529+0000] {processor.py:179} INFO - Processing /home/airflow/.local/lib/python3.8/site-packages/airflow/example_dags/example_complex.py took 0.056 seconds
[2023-11-23T11:40:47.467+0000] {processor.py:157} INFO - Started process (PID=278) to work on /home/airflow/.local/lib/python3.8/site-packages/airflow/example_dags/example_complex.py
[2023-11-23T11:40:47.467+0000] {processor.py:829} INFO - Processing file /home/airflow/.local/lib/python3.8/site-packages/airflow/example_dags/example_complex.py for tasks to queue
[2023-11-23T11:40:47.468+0000] {logging_mixin.py:154} INFO - [2023-11-23T11:40:47.468+0000] {dagbag.py:536} INFO - Filling up the DagBag from /home/airflow/.local/lib/python3.8/site-packages/airflow/example_dags/example_complex.py
[2023-11-23T11:40:47.476+0000] {processor.py:839} INFO - DAG(s) dict_keys(['example_complex']) retrieved from /home/airflow/.local/lib/python3.8/site-packages/airflow/example_dags/example_complex.py
[2023-11-23T11:40:47.496+0000] {logging_mixin.py:154} INFO - [2023-11-23T11:40:47.496+0000] {dag.py:2941} INFO - Sync 1 DAGs
[2023-11-23T11:40:47.505+0000] {logging_mixin.py:154} INFO - [2023-11-23T11:40:47.504+0000] {dag.py:3722} INFO - Setting next_dagrun for example_complex to None, run_after=None
[2023-11-23T11:40:47.516+0000] {processor.py:179} INFO - Processing /home/airflow/.local/lib/python3.8/site-packages/airflow/example_dags/example_complex.py took 0.051 seconds
[2023-11-23T11:41:18.649+0000] {processor.py:157} INFO - Started process (PID=334) to work on /home/airflow/.local/lib/python3.8/site-packages/airflow/example_dags/example_complex.py
[2023-11-23T11:41:18.650+0000] {processor.py:829} INFO - Processing file /home/airflow/.local/lib/python3.8/site-packages/airflow/example_dags/example_complex.py for tasks to queue
[2023-11-23T11:41:18.651+0000] {logging_mixin.py:154} INFO - [2023-11-23T11:41:18.651+0000] {dagbag.py:536} INFO - Filling up the DagBag from /home/airflow/.local/lib/python3.8/site-packages/airflow/example_dags/example_complex.py
[2023-11-23T11:41:18.658+0000] {processor.py:839} INFO - DAG(s) dict_keys(['example_complex']) retrieved from /home/airflow/.local/lib/python3.8/site-packages/airflow/example_dags/example_complex.py
[2023-11-23T11:41:18.678+0000] {logging_mixin.py:154} INFO - [2023-11-23T11:41:18.678+0000] {dag.py:2941} INFO - Sync 1 DAGs
[2023-11-23T11:41:18.686+0000] {logging_mixin.py:154} INFO - [2023-11-23T11:41:18.686+0000] {dag.py:3722} INFO - Setting next_dagrun for example_complex to None, run_after=None
[2023-11-23T11:41:18.697+0000] {processor.py:179} INFO - Processing /home/airflow/.local/lib/python3.8/site-packages/airflow/example_dags/example_complex.py took 0.049 seconds
[2023-11-23T11:41:49.918+0000] {processor.py:157} INFO - Started process (PID=390) to work on /home/airflow/.local/lib/python3.8/site-packages/airflow/example_dags/example_complex.py
[2023-11-23T11:41:49.918+0000] {processor.py:829} INFO - Processing file /home/airflow/.local/lib/python3.8/site-packages/airflow/example_dags/example_complex.py for tasks to queue
[2023-11-23T11:41:49.919+0000] {logging_mixin.py:154} INFO - [2023-11-23T11:41:49.919+0000] {dagbag.py:536} INFO - Filling up the DagBag from /home/airflow/.local/lib/python3.8/site-packages/airflow/example_dags/example_complex.py
[2023-11-23T11:41:49.926+0000] {processor.py:839} INFO - DAG(s) dict_keys(['example_complex']) retrieved from /home/airflow/.local/lib/python3.8/site-packages/airflow/example_dags/example_complex.py
[2023-11-23T11:41:49.946+0000] {logging_mixin.py:154} INFO - [2023-11-23T11:41:49.946+0000] {dag.py:2941} INFO - Sync 1 DAGs
[2023-11-23T11:41:49.954+0000] {logging_mixin.py:154} INFO - [2023-11-23T11:41:49.954+0000] {dag.py:3722} INFO - Setting next_dagrun for example_complex to None, run_after=None
[2023-11-23T11:41:49.966+0000] {processor.py:179} INFO - Processing /home/airflow/.local/lib/python3.8/site-packages/airflow/example_dags/example_complex.py took 0.050 seconds
[2023-11-23T11:42:21.083+0000] {processor.py:157} INFO - Started process (PID=446) to work on /home/airflow/.local/lib/python3.8/site-packages/airflow/example_dags/example_complex.py
[2023-11-23T11:42:21.083+0000] {processor.py:829} INFO - Processing file /home/airflow/.local/lib/python3.8/site-packages/airflow/example_dags/example_complex.py for tasks to queue
[2023-11-23T11:42:21.085+0000] {logging_mixin.py:154} INFO - [2023-11-23T11:42:21.084+0000] {dagbag.py:536} INFO - Filling up the DagBag from /home/airflow/.local/lib/python3.8/site-packages/airflow/example_dags/example_complex.py
[2023-11-23T11:42:21.092+0000] {processor.py:839} INFO - DAG(s) dict_keys(['example_complex']) retrieved from /home/airflow/.local/lib/python3.8/site-packages/airflow/example_dags/example_complex.py
[2023-11-23T11:42:21.112+0000] {logging_mixin.py:154} INFO - [2023-11-23T11:42:21.112+0000] {dag.py:2941} INFO - Sync 1 DAGs
[2023-11-23T11:42:21.121+0000] {logging_mixin.py:154} INFO - [2023-11-23T11:42:21.121+0000] {dag.py:3722} INFO - Setting next_dagrun for example_complex to None, run_after=None
[2023-11-23T11:42:21.133+0000] {processor.py:179} INFO - Processing /home/airflow/.local/lib/python3.8/site-packages/airflow/example_dags/example_complex.py took 0.052 seconds
[2023-11-23T11:42:51.477+0000] {processor.py:157} INFO - Started process (PID=503) to work on /home/airflow/.local/lib/python3.8/site-packages/airflow/example_dags/example_complex.py
[2023-11-23T11:42:51.477+0000] {processor.py:829} INFO - Processing file /home/airflow/.local/lib/python3.8/site-packages/airflow/example_dags/example_complex.py for tasks to queue
[2023-11-23T11:42:51.478+0000] {logging_mixin.py:154} INFO - [2023-11-23T11:42:51.478+0000] {dagbag.py:536} INFO - Filling up the DagBag from /home/airflow/.local/lib/python3.8/site-packages/airflow/example_dags/example_complex.py
[2023-11-23T11:42:51.486+0000] {processor.py:839} INFO - DAG(s) dict_keys(['example_complex']) retrieved from /home/airflow/.local/lib/python3.8/site-packages/airflow/example_dags/example_complex.py
[2023-11-23T11:42:51.505+0000] {logging_mixin.py:154} INFO - [2023-11-23T11:42:51.505+0000] {dag.py:2941} INFO - Sync 1 DAGs
[2023-11-23T11:42:51.512+0000] {logging_mixin.py:154} INFO - [2023-11-23T11:42:51.512+0000] {dag.py:3722} INFO - Setting next_dagrun for example_complex to None, run_after=None
[2023-11-23T11:42:51.524+0000] {processor.py:179} INFO - Processing /home/airflow/.local/lib/python3.8/site-packages/airflow/example_dags/example_complex.py took 0.049 seconds
[2023-11-23T11:43:21.587+0000] {processor.py:157} INFO - Started process (PID=559) to work on /home/airflow/.local/lib/python3.8/site-packages/airflow/example_dags/example_complex.py
[2023-11-23T11:43:21.588+0000] {processor.py:829} INFO - Processing file /home/airflow/.local/lib/python3.8/site-packages/airflow/example_dags/example_complex.py for tasks to queue
[2023-11-23T11:43:21.589+0000] {logging_mixin.py:154} INFO - [2023-11-23T11:43:21.589+0000] {dagbag.py:536} INFO - Filling up the DagBag from /home/airflow/.local/lib/python3.8/site-packages/airflow/example_dags/example_complex.py
[2023-11-23T11:43:21.597+0000] {processor.py:839} INFO - DAG(s) dict_keys(['example_complex']) retrieved from /home/airflow/.local/lib/python3.8/site-packages/airflow/example_dags/example_complex.py
[2023-11-23T11:43:21.618+0000] {logging_mixin.py:154} INFO - [2023-11-23T11:43:21.618+0000] {dag.py:2941} INFO - Sync 1 DAGs
[2023-11-23T11:43:21.627+0000] {logging_mixin.py:154} INFO - [2023-11-23T11:43:21.627+0000] {dag.py:3722} INFO - Setting next_dagrun for example_complex to None, run_after=None
[2023-11-23T11:43:21.639+0000] {processor.py:179} INFO - Processing /home/airflow/.local/lib/python3.8/site-packages/airflow/example_dags/example_complex.py took 0.054 seconds
[2023-11-23T11:43:51.665+0000] {processor.py:157} INFO - Started process (PID=613) to work on /home/airflow/.local/lib/python3.8/site-packages/airflow/example_dags/example_complex.py
[2023-11-23T11:43:51.666+0000] {processor.py:829} INFO - Processing file /home/airflow/.local/lib/python3.8/site-packages/airflow/example_dags/example_complex.py for tasks to queue
[2023-11-23T11:43:51.667+0000] {logging_mixin.py:154} INFO - [2023-11-23T11:43:51.667+0000] {dagbag.py:536} INFO - Filling up the DagBag from /home/airflow/.local/lib/python3.8/site-packages/airflow/example_dags/example_complex.py
[2023-11-23T11:43:51.674+0000] {processor.py:839} INFO - DAG(s) dict_keys(['example_complex']) retrieved from /home/airflow/.local/lib/python3.8/site-packages/airflow/example_dags/example_complex.py
[2023-11-23T11:43:51.695+0000] {logging_mixin.py:154} INFO - [2023-11-23T11:43:51.695+0000] {dag.py:2941} INFO - Sync 1 DAGs
[2023-11-23T11:43:51.703+0000] {logging_mixin.py:154} INFO - [2023-11-23T11:43:51.703+0000] {dag.py:3722} INFO - Setting next_dagrun for example_complex to None, run_after=None
[2023-11-23T11:43:51.715+0000] {processor.py:179} INFO - Processing /home/airflow/.local/lib/python3.8/site-packages/airflow/example_dags/example_complex.py took 0.051 seconds
[2023-11-23T11:44:22.932+0000] {processor.py:157} INFO - Started process (PID=671) to work on /home/airflow/.local/lib/python3.8/site-packages/airflow/example_dags/example_complex.py
[2023-11-23T11:44:22.932+0000] {processor.py:829} INFO - Processing file /home/airflow/.local/lib/python3.8/site-packages/airflow/example_dags/example_complex.py for tasks to queue
[2023-11-23T11:44:22.933+0000] {logging_mixin.py:154} INFO - [2023-11-23T11:44:22.933+0000] {dagbag.py:536} INFO - Filling up the DagBag from /home/airflow/.local/lib/python3.8/site-packages/airflow/example_dags/example_complex.py
[2023-11-23T11:44:22.940+0000] {processor.py:839} INFO - DAG(s) dict_keys(['example_complex']) retrieved from /home/airflow/.local/lib/python3.8/site-packages/airflow/example_dags/example_complex.py
[2023-11-23T11:44:22.959+0000] {logging_mixin.py:154} INFO - [2023-11-23T11:44:22.959+0000] {dag.py:2941} INFO - Sync 1 DAGs
[2023-11-23T11:44:22.967+0000] {logging_mixin.py:154} INFO - [2023-11-23T11:44:22.967+0000] {dag.py:3722} INFO - Setting next_dagrun for example_complex to None, run_after=None
[2023-11-23T11:44:22.978+0000] {processor.py:179} INFO - Processing /home/airflow/.local/lib/python3.8/site-packages/airflow/example_dags/example_complex.py took 0.048 seconds
[2023-11-23T11:44:54.127+0000] {processor.py:157} INFO - Started process (PID=727) to work on /home/airflow/.local/lib/python3.8/site-packages/airflow/example_dags/example_complex.py
[2023-11-23T11:44:54.128+0000] {processor.py:829} INFO - Processing file /home/airflow/.local/lib/python3.8/site-packages/airflow/example_dags/example_complex.py for tasks to queue
[2023-11-23T11:44:54.129+0000] {logging_mixin.py:154} INFO - [2023-11-23T11:44:54.129+0000] {dagbag.py:536} INFO - Filling up the DagBag from /home/airflow/.local/lib/python3.8/site-packages/airflow/example_dags/example_complex.py
[2023-11-23T11:44:54.136+0000] {processor.py:839} INFO - DAG(s) dict_keys(['example_complex']) retrieved from /home/airflow/.local/lib/python3.8/site-packages/airflow/example_dags/example_complex.py
[2023-11-23T11:44:54.157+0000] {logging_mixin.py:154} INFO - [2023-11-23T11:44:54.157+0000] {dag.py:2941} INFO - Sync 1 DAGs
[2023-11-23T11:44:54.165+0000] {logging_mixin.py:154} INFO - [2023-11-23T11:44:54.165+0000] {dag.py:3722} INFO - Setting next_dagrun for example_complex to None, run_after=None
[2023-11-23T11:44:54.177+0000] {processor.py:179} INFO - Processing /home/airflow/.local/lib/python3.8/site-packages/airflow/example_dags/example_complex.py took 0.051 seconds
[2023-11-23T11:45:25.228+0000] {processor.py:157} INFO - Started process (PID=783) to work on /home/airflow/.local/lib/python3.8/site-packages/airflow/example_dags/example_complex.py
[2023-11-23T11:45:25.228+0000] {processor.py:829} INFO - Processing file /home/airflow/.local/lib/python3.8/site-packages/airflow/example_dags/example_complex.py for tasks to queue
[2023-11-23T11:45:25.230+0000] {logging_mixin.py:154} INFO - [2023-11-23T11:45:25.230+0000] {dagbag.py:536} INFO - Filling up the DagBag from /home/airflow/.local/lib/python3.8/site-packages/airflow/example_dags/example_complex.py
[2023-11-23T11:45:25.237+0000] {processor.py:839} INFO - DAG(s) dict_keys(['example_complex']) retrieved from /home/airflow/.local/lib/python3.8/site-packages/airflow/example_dags/example_complex.py
[2023-11-23T11:45:25.257+0000] {logging_mixin.py:154} INFO - [2023-11-23T11:45:25.257+0000] {dag.py:2941} INFO - Sync 1 DAGs
[2023-11-23T11:45:25.266+0000] {logging_mixin.py:154} INFO - [2023-11-23T11:45:25.265+0000] {dag.py:3722} INFO - Setting next_dagrun for example_complex to None, run_after=None
[2023-11-23T11:45:25.277+0000] {processor.py:179} INFO - Processing /home/airflow/.local/lib/python3.8/site-packages/airflow/example_dags/example_complex.py took 0.051 seconds
[2023-11-23T11:45:56.370+0000] {processor.py:157} INFO - Started process (PID=839) to work on /home/airflow/.local/lib/python3.8/site-packages/airflow/example_dags/example_complex.py
[2023-11-23T11:45:56.370+0000] {processor.py:829} INFO - Processing file /home/airflow/.local/lib/python3.8/site-packages/airflow/example_dags/example_complex.py for tasks to queue
[2023-11-23T11:45:56.371+0000] {logging_mixin.py:154} INFO - [2023-11-23T11:45:56.371+0000] {dagbag.py:536} INFO - Filling up the DagBag from /home/airflow/.local/lib/python3.8/site-packages/airflow/example_dags/example_complex.py
[2023-11-23T11:45:56.379+0000] {processor.py:839} INFO - DAG(s) dict_keys(['example_complex']) retrieved from /home/airflow/.local/lib/python3.8/site-packages/airflow/example_dags/example_complex.py
[2023-11-23T11:45:56.399+0000] {logging_mixin.py:154} INFO - [2023-11-23T11:45:56.399+0000] {dag.py:2941} INFO - Sync 1 DAGs
[2023-11-23T11:45:56.407+0000] {logging_mixin.py:154} INFO - [2023-11-23T11:45:56.407+0000] {dag.py:3722} INFO - Setting next_dagrun for example_complex to None, run_after=None
[2023-11-23T11:45:56.418+0000] {processor.py:179} INFO - Processing /home/airflow/.local/lib/python3.8/site-packages/airflow/example_dags/example_complex.py took 0.050 seconds
[2023-11-23T11:46:27.502+0000] {processor.py:157} INFO - Started process (PID=895) to work on /home/airflow/.local/lib/python3.8/site-packages/airflow/example_dags/example_complex.py
[2023-11-23T11:46:27.502+0000] {processor.py:829} INFO - Processing file /home/airflow/.local/lib/python3.8/site-packages/airflow/example_dags/example_complex.py for tasks to queue
[2023-11-23T11:46:27.503+0000] {logging_mixin.py:154} INFO - [2023-11-23T11:46:27.503+0000] {dagbag.py:536} INFO - Filling up the DagBag from /home/airflow/.local/lib/python3.8/site-packages/airflow/example_dags/example_complex.py
[2023-11-23T11:46:27.511+0000] {processor.py:839} INFO - DAG(s) dict_keys(['example_complex']) retrieved from /home/airflow/.local/lib/python3.8/site-packages/airflow/example_dags/example_complex.py
[2023-11-23T11:46:27.531+0000] {logging_mixin.py:154} INFO - [2023-11-23T11:46:27.531+0000] {dag.py:2941} INFO - Sync 1 DAGs
[2023-11-23T11:46:27.539+0000] {logging_mixin.py:154} INFO - [2023-11-23T11:46:27.539+0000] {dag.py:3722} INFO - Setting next_dagrun for example_complex to None, run_after=None
[2023-11-23T11:46:27.550+0000] {processor.py:179} INFO - Processing /home/airflow/.local/lib/python3.8/site-packages/airflow/example_dags/example_complex.py took 0.050 seconds
[2023-11-23T11:46:58.722+0000] {processor.py:157} INFO - Started process (PID=951) to work on /home/airflow/.local/lib/python3.8/site-packages/airflow/example_dags/example_complex.py
[2023-11-23T11:46:58.723+0000] {processor.py:829} INFO - Processing file /home/airflow/.local/lib/python3.8/site-packages/airflow/example_dags/example_complex.py for tasks to queue
[2023-11-23T11:46:58.724+0000] {logging_mixin.py:154} INFO - [2023-11-23T11:46:58.724+0000] {dagbag.py:536} INFO - Filling up the DagBag from /home/airflow/.local/lib/python3.8/site-packages/airflow/example_dags/example_complex.py
[2023-11-23T11:46:58.732+0000] {processor.py:839} INFO - DAG(s) dict_keys(['example_complex']) retrieved from /home/airflow/.local/lib/python3.8/site-packages/airflow/example_dags/example_complex.py
[2023-11-23T11:46:58.753+0000] {logging_mixin.py:154} INFO - [2023-11-23T11:46:58.753+0000] {dag.py:2941} INFO - Sync 1 DAGs
[2023-11-23T11:46:58.761+0000] {logging_mixin.py:154} INFO - [2023-11-23T11:46:58.761+0000] {dag.py:3722} INFO - Setting next_dagrun for example_complex to None, run_after=None
[2023-11-23T11:46:58.773+0000] {processor.py:179} INFO - Processing /home/airflow/.local/lib/python3.8/site-packages/airflow/example_dags/example_complex.py took 0.052 seconds
[2023-11-23T15:27:49.128+0000] {processor.py:157} INFO - Started process (PID=53) to work on /home/airflow/.local/lib/python3.8/site-packages/airflow/example_dags/example_complex.py
[2023-11-23T15:27:49.165+0000] {processor.py:829} INFO - Processing file /home/airflow/.local/lib/python3.8/site-packages/airflow/example_dags/example_complex.py for tasks to queue
[2023-11-23T15:27:49.166+0000] {logging_mixin.py:154} INFO - [2023-11-23T15:27:49.166+0000] {dagbag.py:536} INFO - Filling up the DagBag from /home/airflow/.local/lib/python3.8/site-packages/airflow/example_dags/example_complex.py
[2023-11-23T15:27:49.175+0000] {processor.py:839} INFO - DAG(s) dict_keys(['example_complex']) retrieved from /home/airflow/.local/lib/python3.8/site-packages/airflow/example_dags/example_complex.py
[2023-11-23T15:27:49.182+0000] {logging_mixin.py:154} INFO - [2023-11-23T15:27:49.182+0000] {dag.py:2941} INFO - Sync 1 DAGs
[2023-11-23T15:27:49.191+0000] {logging_mixin.py:154} INFO - [2023-11-23T15:27:49.190+0000] {dag.py:3722} INFO - Setting next_dagrun for example_complex to None, run_after=None
[2023-11-23T15:27:49.203+0000] {processor.py:179} INFO - Processing /home/airflow/.local/lib/python3.8/site-packages/airflow/example_dags/example_complex.py took 0.077 seconds
[2023-11-23T15:28:20.089+0000] {processor.py:157} INFO - Started process (PID=109) to work on /home/airflow/.local/lib/python3.8/site-packages/airflow/example_dags/example_complex.py
[2023-11-23T15:28:20.090+0000] {processor.py:829} INFO - Processing file /home/airflow/.local/lib/python3.8/site-packages/airflow/example_dags/example_complex.py for tasks to queue
[2023-11-23T15:28:20.091+0000] {logging_mixin.py:154} INFO - [2023-11-23T15:28:20.091+0000] {dagbag.py:536} INFO - Filling up the DagBag from /home/airflow/.local/lib/python3.8/site-packages/airflow/example_dags/example_complex.py
[2023-11-23T15:28:20.098+0000] {processor.py:839} INFO - DAG(s) dict_keys(['example_complex']) retrieved from /home/airflow/.local/lib/python3.8/site-packages/airflow/example_dags/example_complex.py
[2023-11-23T15:28:20.117+0000] {logging_mixin.py:154} INFO - [2023-11-23T15:28:20.117+0000] {dag.py:2941} INFO - Sync 1 DAGs
[2023-11-23T15:28:20.125+0000] {logging_mixin.py:154} INFO - [2023-11-23T15:28:20.125+0000] {dag.py:3722} INFO - Setting next_dagrun for example_complex to None, run_after=None
[2023-11-23T15:28:20.136+0000] {processor.py:179} INFO - Processing /home/airflow/.local/lib/python3.8/site-packages/airflow/example_dags/example_complex.py took 0.048 seconds
[2023-11-23T15:28:50.481+0000] {processor.py:157} INFO - Started process (PID=165) to work on /home/airflow/.local/lib/python3.8/site-packages/airflow/example_dags/example_complex.py
[2023-11-23T15:28:50.482+0000] {processor.py:829} INFO - Processing file /home/airflow/.local/lib/python3.8/site-packages/airflow/example_dags/example_complex.py for tasks to queue
[2023-11-23T15:28:50.484+0000] {logging_mixin.py:154} INFO - [2023-11-23T15:28:50.484+0000] {dagbag.py:536} INFO - Filling up the DagBag from /home/airflow/.local/lib/python3.8/site-packages/airflow/example_dags/example_complex.py
[2023-11-23T15:28:50.491+0000] {processor.py:839} INFO - DAG(s) dict_keys(['example_complex']) retrieved from /home/airflow/.local/lib/python3.8/site-packages/airflow/example_dags/example_complex.py
[2023-11-23T15:28:50.513+0000] {logging_mixin.py:154} INFO - [2023-11-23T15:28:50.513+0000] {dag.py:2941} INFO - Sync 1 DAGs
[2023-11-23T15:28:50.521+0000] {logging_mixin.py:154} INFO - [2023-11-23T15:28:50.521+0000] {dag.py:3722} INFO - Setting next_dagrun for example_complex to None, run_after=None
[2023-11-23T15:28:50.534+0000] {processor.py:179} INFO - Processing /home/airflow/.local/lib/python3.8/site-packages/airflow/example_dags/example_complex.py took 0.054 seconds
[2023-11-23T15:29:20.582+0000] {processor.py:157} INFO - Started process (PID=221) to work on /home/airflow/.local/lib/python3.8/site-packages/airflow/example_dags/example_complex.py
[2023-11-23T15:29:20.583+0000] {processor.py:829} INFO - Processing file /home/airflow/.local/lib/python3.8/site-packages/airflow/example_dags/example_complex.py for tasks to queue
[2023-11-23T15:29:20.584+0000] {logging_mixin.py:154} INFO - [2023-11-23T15:29:20.584+0000] {dagbag.py:536} INFO - Filling up the DagBag from /home/airflow/.local/lib/python3.8/site-packages/airflow/example_dags/example_complex.py
[2023-11-23T15:29:20.592+0000] {processor.py:839} INFO - DAG(s) dict_keys(['example_complex']) retrieved from /home/airflow/.local/lib/python3.8/site-packages/airflow/example_dags/example_complex.py
[2023-11-23T15:29:20.614+0000] {logging_mixin.py:154} INFO - [2023-11-23T15:29:20.614+0000] {dag.py:2941} INFO - Sync 1 DAGs
[2023-11-23T15:29:20.622+0000] {logging_mixin.py:154} INFO - [2023-11-23T15:29:20.622+0000] {dag.py:3722} INFO - Setting next_dagrun for example_complex to None, run_after=None
[2023-11-23T15:29:20.634+0000] {processor.py:179} INFO - Processing /home/airflow/.local/lib/python3.8/site-packages/airflow/example_dags/example_complex.py took 0.053 seconds
[2023-11-23T15:29:50.770+0000] {processor.py:157} INFO - Started process (PID=275) to work on /home/airflow/.local/lib/python3.8/site-packages/airflow/example_dags/example_complex.py
[2023-11-23T15:29:50.771+0000] {processor.py:829} INFO - Processing file /home/airflow/.local/lib/python3.8/site-packages/airflow/example_dags/example_complex.py for tasks to queue
[2023-11-23T15:29:50.772+0000] {logging_mixin.py:154} INFO - [2023-11-23T15:29:50.772+0000] {dagbag.py:536} INFO - Filling up the DagBag from /home/airflow/.local/lib/python3.8/site-packages/airflow/example_dags/example_complex.py
[2023-11-23T15:29:50.779+0000] {processor.py:839} INFO - DAG(s) dict_keys(['example_complex']) retrieved from /home/airflow/.local/lib/python3.8/site-packages/airflow/example_dags/example_complex.py
[2023-11-23T15:29:50.799+0000] {logging_mixin.py:154} INFO - [2023-11-23T15:29:50.799+0000] {dag.py:2941} INFO - Sync 1 DAGs
[2023-11-23T15:29:50.809+0000] {logging_mixin.py:154} INFO - [2023-11-23T15:29:50.809+0000] {dag.py:3722} INFO - Setting next_dagrun for example_complex to None, run_after=None
[2023-11-23T15:29:50.820+0000] {processor.py:179} INFO - Processing /home/airflow/.local/lib/python3.8/site-packages/airflow/example_dags/example_complex.py took 0.051 seconds
[2023-11-23T15:30:21.980+0000] {processor.py:157} INFO - Started process (PID=333) to work on /home/airflow/.local/lib/python3.8/site-packages/airflow/example_dags/example_complex.py
[2023-11-23T15:30:21.981+0000] {processor.py:829} INFO - Processing file /home/airflow/.local/lib/python3.8/site-packages/airflow/example_dags/example_complex.py for tasks to queue
[2023-11-23T15:30:21.982+0000] {logging_mixin.py:154} INFO - [2023-11-23T15:30:21.982+0000] {dagbag.py:536} INFO - Filling up the DagBag from /home/airflow/.local/lib/python3.8/site-packages/airflow/example_dags/example_complex.py
[2023-11-23T15:30:21.989+0000] {processor.py:839} INFO - DAG(s) dict_keys(['example_complex']) retrieved from /home/airflow/.local/lib/python3.8/site-packages/airflow/example_dags/example_complex.py
[2023-11-23T15:30:22.010+0000] {logging_mixin.py:154} INFO - [2023-11-23T15:30:22.010+0000] {dag.py:2941} INFO - Sync 1 DAGs
[2023-11-23T15:30:22.019+0000] {logging_mixin.py:154} INFO - [2023-11-23T15:30:22.019+0000] {dag.py:3722} INFO - Setting next_dagrun for example_complex to None, run_after=None
[2023-11-23T15:30:22.030+0000] {processor.py:179} INFO - Processing /home/airflow/.local/lib/python3.8/site-packages/airflow/example_dags/example_complex.py took 0.052 seconds
[2023-11-23T15:30:52.757+0000] {processor.py:157} INFO - Started process (PID=389) to work on /home/airflow/.local/lib/python3.8/site-packages/airflow/example_dags/example_complex.py
[2023-11-23T15:30:52.758+0000] {processor.py:829} INFO - Processing file /home/airflow/.local/lib/python3.8/site-packages/airflow/example_dags/example_complex.py for tasks to queue
[2023-11-23T15:30:52.759+0000] {logging_mixin.py:154} INFO - [2023-11-23T15:30:52.759+0000] {dagbag.py:536} INFO - Filling up the DagBag from /home/airflow/.local/lib/python3.8/site-packages/airflow/example_dags/example_complex.py
[2023-11-23T15:30:52.766+0000] {processor.py:839} INFO - DAG(s) dict_keys(['example_complex']) retrieved from /home/airflow/.local/lib/python3.8/site-packages/airflow/example_dags/example_complex.py
[2023-11-23T15:30:52.786+0000] {logging_mixin.py:154} INFO - [2023-11-23T15:30:52.786+0000] {dag.py:2941} INFO - Sync 1 DAGs
[2023-11-23T15:30:52.795+0000] {logging_mixin.py:154} INFO - [2023-11-23T15:30:52.794+0000] {dag.py:3722} INFO - Setting next_dagrun for example_complex to None, run_after=None
[2023-11-23T15:30:52.806+0000] {processor.py:179} INFO - Processing /home/airflow/.local/lib/python3.8/site-packages/airflow/example_dags/example_complex.py took 0.050 seconds
[2023-11-23T15:31:23.911+0000] {processor.py:157} INFO - Started process (PID=445) to work on /home/airflow/.local/lib/python3.8/site-packages/airflow/example_dags/example_complex.py
[2023-11-23T15:31:23.912+0000] {processor.py:829} INFO - Processing file /home/airflow/.local/lib/python3.8/site-packages/airflow/example_dags/example_complex.py for tasks to queue
[2023-11-23T15:31:23.913+0000] {logging_mixin.py:154} INFO - [2023-11-23T15:31:23.913+0000] {dagbag.py:536} INFO - Filling up the DagBag from /home/airflow/.local/lib/python3.8/site-packages/airflow/example_dags/example_complex.py
[2023-11-23T15:31:23.920+0000] {processor.py:839} INFO - DAG(s) dict_keys(['example_complex']) retrieved from /home/airflow/.local/lib/python3.8/site-packages/airflow/example_dags/example_complex.py
[2023-11-23T15:31:23.940+0000] {logging_mixin.py:154} INFO - [2023-11-23T15:31:23.940+0000] {dag.py:2941} INFO - Sync 1 DAGs
[2023-11-23T15:31:23.948+0000] {logging_mixin.py:154} INFO - [2023-11-23T15:31:23.948+0000] {dag.py:3722} INFO - Setting next_dagrun for example_complex to None, run_after=None
[2023-11-23T15:31:23.959+0000] {processor.py:179} INFO - Processing /home/airflow/.local/lib/python3.8/site-packages/airflow/example_dags/example_complex.py took 0.049 seconds
[2023-11-23T15:31:55.052+0000] {processor.py:157} INFO - Started process (PID=501) to work on /home/airflow/.local/lib/python3.8/site-packages/airflow/example_dags/example_complex.py
[2023-11-23T15:31:55.053+0000] {processor.py:829} INFO - Processing file /home/airflow/.local/lib/python3.8/site-packages/airflow/example_dags/example_complex.py for tasks to queue
[2023-11-23T15:31:55.054+0000] {logging_mixin.py:154} INFO - [2023-11-23T15:31:55.054+0000] {dagbag.py:536} INFO - Filling up the DagBag from /home/airflow/.local/lib/python3.8/site-packages/airflow/example_dags/example_complex.py
[2023-11-23T15:31:55.061+0000] {processor.py:839} INFO - DAG(s) dict_keys(['example_complex']) retrieved from /home/airflow/.local/lib/python3.8/site-packages/airflow/example_dags/example_complex.py
[2023-11-23T15:31:55.081+0000] {logging_mixin.py:154} INFO - [2023-11-23T15:31:55.080+0000] {dag.py:2941} INFO - Sync 1 DAGs
[2023-11-23T15:31:55.089+0000] {logging_mixin.py:154} INFO - [2023-11-23T15:31:55.088+0000] {dag.py:3722} INFO - Setting next_dagrun for example_complex to None, run_after=None
[2023-11-23T15:31:55.100+0000] {processor.py:179} INFO - Processing /home/airflow/.local/lib/python3.8/site-packages/airflow/example_dags/example_complex.py took 0.049 seconds
[2023-11-23T15:32:25.867+0000] {processor.py:157} INFO - Started process (PID=557) to work on /home/airflow/.local/lib/python3.8/site-packages/airflow/example_dags/example_complex.py
[2023-11-23T15:32:25.867+0000] {processor.py:829} INFO - Processing file /home/airflow/.local/lib/python3.8/site-packages/airflow/example_dags/example_complex.py for tasks to queue
[2023-11-23T15:32:25.868+0000] {logging_mixin.py:154} INFO - [2023-11-23T15:32:25.868+0000] {dagbag.py:536} INFO - Filling up the DagBag from /home/airflow/.local/lib/python3.8/site-packages/airflow/example_dags/example_complex.py
[2023-11-23T15:32:25.875+0000] {processor.py:839} INFO - DAG(s) dict_keys(['example_complex']) retrieved from /home/airflow/.local/lib/python3.8/site-packages/airflow/example_dags/example_complex.py
[2023-11-23T15:32:25.896+0000] {logging_mixin.py:154} INFO - [2023-11-23T15:32:25.895+0000] {dag.py:2941} INFO - Sync 1 DAGs
[2023-11-23T15:32:25.904+0000] {logging_mixin.py:154} INFO - [2023-11-23T15:32:25.904+0000] {dag.py:3722} INFO - Setting next_dagrun for example_complex to None, run_after=None
[2023-11-23T15:32:25.916+0000] {processor.py:179} INFO - Processing /home/airflow/.local/lib/python3.8/site-packages/airflow/example_dags/example_complex.py took 0.052 seconds
[2023-11-23T15:32:57.030+0000] {processor.py:157} INFO - Started process (PID=613) to work on /home/airflow/.local/lib/python3.8/site-packages/airflow/example_dags/example_complex.py
[2023-11-23T15:32:57.031+0000] {processor.py:829} INFO - Processing file /home/airflow/.local/lib/python3.8/site-packages/airflow/example_dags/example_complex.py for tasks to queue
[2023-11-23T15:32:57.032+0000] {logging_mixin.py:154} INFO - [2023-11-23T15:32:57.032+0000] {dagbag.py:536} INFO - Filling up the DagBag from /home/airflow/.local/lib/python3.8/site-packages/airflow/example_dags/example_complex.py
[2023-11-23T15:32:57.039+0000] {processor.py:839} INFO - DAG(s) dict_keys(['example_complex']) retrieved from /home/airflow/.local/lib/python3.8/site-packages/airflow/example_dags/example_complex.py
[2023-11-23T15:32:57.058+0000] {logging_mixin.py:154} INFO - [2023-11-23T15:32:57.057+0000] {dag.py:2941} INFO - Sync 1 DAGs
[2023-11-23T15:32:57.065+0000] {logging_mixin.py:154} INFO - [2023-11-23T15:32:57.065+0000] {dag.py:3722} INFO - Setting next_dagrun for example_complex to None, run_after=None
[2023-11-23T15:32:57.076+0000] {processor.py:179} INFO - Processing /home/airflow/.local/lib/python3.8/site-packages/airflow/example_dags/example_complex.py took 0.047 seconds
