[2023-11-23T11:22:20.343+0000] {processor.py:157} INFO - Started process (PID=56) to work on /home/airflow/.local/lib/python3.8/site-packages/airflow/example_dags/example_latest_only_with_trigger.py
[2023-11-23T11:22:20.344+0000] {processor.py:829} INFO - Processing file /home/airflow/.local/lib/python3.8/site-packages/airflow/example_dags/example_latest_only_with_trigger.py for tasks to queue
[2023-11-23T11:22:20.346+0000] {logging_mixin.py:154} INFO - [2023-11-23T11:22:20.345+0000] {dagbag.py:536} INFO - Filling up the DagBag from /home/airflow/.local/lib/python3.8/site-packages/airflow/example_dags/example_latest_only_with_trigger.py
[2023-11-23T11:22:20.350+0000] {processor.py:839} INFO - DAG(s) dict_keys(['latest_only_with_trigger']) retrieved from /home/airflow/.local/lib/python3.8/site-packages/airflow/example_dags/example_latest_only_with_trigger.py
[2023-11-23T11:22:20.358+0000] {logging_mixin.py:154} INFO - [2023-11-23T11:22:20.358+0000] {dag.py:2941} INFO - Sync 1 DAGs
[2023-11-23T11:22:20.378+0000] {logging_mixin.py:154} INFO - [2023-11-23T11:22:20.378+0000] {dag.py:3722} INFO - Setting next_dagrun for latest_only_with_trigger to 2023-11-23T07:22:20.378449+00:00, run_after=2023-11-23T11:22:20.378449+00:00
[2023-11-23T11:22:20.391+0000] {processor.py:179} INFO - Processing /home/airflow/.local/lib/python3.8/site-packages/airflow/example_dags/example_latest_only_with_trigger.py took 0.050 seconds
[2023-11-23T11:22:50.736+0000] {processor.py:157} INFO - Started process (PID=111) to work on /home/airflow/.local/lib/python3.8/site-packages/airflow/example_dags/example_latest_only_with_trigger.py
[2023-11-23T11:22:50.737+0000] {processor.py:829} INFO - Processing file /home/airflow/.local/lib/python3.8/site-packages/airflow/example_dags/example_latest_only_with_trigger.py for tasks to queue
[2023-11-23T11:22:50.738+0000] {logging_mixin.py:154} INFO - [2023-11-23T11:22:50.738+0000] {dagbag.py:536} INFO - Filling up the DagBag from /home/airflow/.local/lib/python3.8/site-packages/airflow/example_dags/example_latest_only_with_trigger.py
[2023-11-23T11:22:50.741+0000] {processor.py:839} INFO - DAG(s) dict_keys(['latest_only_with_trigger']) retrieved from /home/airflow/.local/lib/python3.8/site-packages/airflow/example_dags/example_latest_only_with_trigger.py
[2023-11-23T11:22:50.753+0000] {logging_mixin.py:154} INFO - [2023-11-23T11:22:50.753+0000] {dag.py:2941} INFO - Sync 1 DAGs
[2023-11-23T11:22:50.767+0000] {logging_mixin.py:154} INFO - [2023-11-23T11:22:50.767+0000] {dag.py:3722} INFO - Setting next_dagrun for latest_only_with_trigger to 2023-11-23T07:22:50.767038+00:00, run_after=2023-11-23T11:22:50.767038+00:00
[2023-11-23T11:22:50.778+0000] {processor.py:179} INFO - Processing /home/airflow/.local/lib/python3.8/site-packages/airflow/example_dags/example_latest_only_with_trigger.py took 0.043 seconds
[2023-11-23T11:23:21.501+0000] {processor.py:157} INFO - Started process (PID=165) to work on /home/airflow/.local/lib/python3.8/site-packages/airflow/example_dags/example_latest_only_with_trigger.py
[2023-11-23T11:23:21.501+0000] {processor.py:829} INFO - Processing file /home/airflow/.local/lib/python3.8/site-packages/airflow/example_dags/example_latest_only_with_trigger.py for tasks to queue
[2023-11-23T11:23:21.503+0000] {logging_mixin.py:154} INFO - [2023-11-23T11:23:21.503+0000] {dagbag.py:536} INFO - Filling up the DagBag from /home/airflow/.local/lib/python3.8/site-packages/airflow/example_dags/example_latest_only_with_trigger.py
[2023-11-23T11:23:21.506+0000] {processor.py:839} INFO - DAG(s) dict_keys(['latest_only_with_trigger']) retrieved from /home/airflow/.local/lib/python3.8/site-packages/airflow/example_dags/example_latest_only_with_trigger.py
[2023-11-23T11:23:21.520+0000] {logging_mixin.py:154} INFO - [2023-11-23T11:23:21.520+0000] {dag.py:2941} INFO - Sync 1 DAGs
[2023-11-23T11:23:21.535+0000] {logging_mixin.py:154} INFO - [2023-11-23T11:23:21.535+0000] {dag.py:3722} INFO - Setting next_dagrun for latest_only_with_trigger to 2023-11-23T07:23:21.535083+00:00, run_after=2023-11-23T11:23:21.535083+00:00
[2023-11-23T11:23:21.547+0000] {processor.py:179} INFO - Processing /home/airflow/.local/lib/python3.8/site-packages/airflow/example_dags/example_latest_only_with_trigger.py took 0.049 seconds
[2023-11-23T11:23:52.519+0000] {processor.py:157} INFO - Started process (PID=219) to work on /home/airflow/.local/lib/python3.8/site-packages/airflow/example_dags/example_latest_only_with_trigger.py
[2023-11-23T11:23:52.519+0000] {processor.py:829} INFO - Processing file /home/airflow/.local/lib/python3.8/site-packages/airflow/example_dags/example_latest_only_with_trigger.py for tasks to queue
[2023-11-23T11:23:52.520+0000] {logging_mixin.py:154} INFO - [2023-11-23T11:23:52.520+0000] {dagbag.py:536} INFO - Filling up the DagBag from /home/airflow/.local/lib/python3.8/site-packages/airflow/example_dags/example_latest_only_with_trigger.py
[2023-11-23T11:23:52.524+0000] {processor.py:839} INFO - DAG(s) dict_keys(['latest_only_with_trigger']) retrieved from /home/airflow/.local/lib/python3.8/site-packages/airflow/example_dags/example_latest_only_with_trigger.py
[2023-11-23T11:23:52.536+0000] {logging_mixin.py:154} INFO - [2023-11-23T11:23:52.536+0000] {dag.py:2941} INFO - Sync 1 DAGs
[2023-11-23T11:23:52.550+0000] {logging_mixin.py:154} INFO - [2023-11-23T11:23:52.550+0000] {dag.py:3722} INFO - Setting next_dagrun for latest_only_with_trigger to 2023-11-23T07:23:52.550396+00:00, run_after=2023-11-23T11:23:52.550396+00:00
[2023-11-23T11:23:52.561+0000] {processor.py:179} INFO - Processing /home/airflow/.local/lib/python3.8/site-packages/airflow/example_dags/example_latest_only_with_trigger.py took 0.045 seconds
[2023-11-23T11:24:23.183+0000] {processor.py:157} INFO - Started process (PID=273) to work on /home/airflow/.local/lib/python3.8/site-packages/airflow/example_dags/example_latest_only_with_trigger.py
[2023-11-23T11:24:23.183+0000] {processor.py:829} INFO - Processing file /home/airflow/.local/lib/python3.8/site-packages/airflow/example_dags/example_latest_only_with_trigger.py for tasks to queue
[2023-11-23T11:24:23.184+0000] {logging_mixin.py:154} INFO - [2023-11-23T11:24:23.184+0000] {dagbag.py:536} INFO - Filling up the DagBag from /home/airflow/.local/lib/python3.8/site-packages/airflow/example_dags/example_latest_only_with_trigger.py
[2023-11-23T11:24:23.187+0000] {processor.py:839} INFO - DAG(s) dict_keys(['latest_only_with_trigger']) retrieved from /home/airflow/.local/lib/python3.8/site-packages/airflow/example_dags/example_latest_only_with_trigger.py
[2023-11-23T11:24:23.199+0000] {logging_mixin.py:154} INFO - [2023-11-23T11:24:23.199+0000] {dag.py:2941} INFO - Sync 1 DAGs
[2023-11-23T11:24:23.213+0000] {logging_mixin.py:154} INFO - [2023-11-23T11:24:23.212+0000] {dag.py:3722} INFO - Setting next_dagrun for latest_only_with_trigger to 2023-11-23T07:24:23.212788+00:00, run_after=2023-11-23T11:24:23.212788+00:00
[2023-11-23T11:24:23.223+0000] {processor.py:179} INFO - Processing /home/airflow/.local/lib/python3.8/site-packages/airflow/example_dags/example_latest_only_with_trigger.py took 0.043 seconds
[2023-11-23T11:24:53.758+0000] {processor.py:157} INFO - Started process (PID=327) to work on /home/airflow/.local/lib/python3.8/site-packages/airflow/example_dags/example_latest_only_with_trigger.py
[2023-11-23T11:24:53.759+0000] {processor.py:829} INFO - Processing file /home/airflow/.local/lib/python3.8/site-packages/airflow/example_dags/example_latest_only_with_trigger.py for tasks to queue
[2023-11-23T11:24:53.760+0000] {logging_mixin.py:154} INFO - [2023-11-23T11:24:53.760+0000] {dagbag.py:536} INFO - Filling up the DagBag from /home/airflow/.local/lib/python3.8/site-packages/airflow/example_dags/example_latest_only_with_trigger.py
[2023-11-23T11:24:53.763+0000] {processor.py:839} INFO - DAG(s) dict_keys(['latest_only_with_trigger']) retrieved from /home/airflow/.local/lib/python3.8/site-packages/airflow/example_dags/example_latest_only_with_trigger.py
[2023-11-23T11:24:53.776+0000] {logging_mixin.py:154} INFO - [2023-11-23T11:24:53.775+0000] {dag.py:2941} INFO - Sync 1 DAGs
[2023-11-23T11:24:53.789+0000] {logging_mixin.py:154} INFO - [2023-11-23T11:24:53.789+0000] {dag.py:3722} INFO - Setting next_dagrun for latest_only_with_trigger to 2023-11-23T07:24:53.789520+00:00, run_after=2023-11-23T11:24:53.789520+00:00
[2023-11-23T11:24:53.801+0000] {processor.py:179} INFO - Processing /home/airflow/.local/lib/python3.8/site-packages/airflow/example_dags/example_latest_only_with_trigger.py took 0.044 seconds
[2023-11-23T11:25:23.983+0000] {processor.py:157} INFO - Started process (PID=381) to work on /home/airflow/.local/lib/python3.8/site-packages/airflow/example_dags/example_latest_only_with_trigger.py
[2023-11-23T11:25:23.984+0000] {processor.py:829} INFO - Processing file /home/airflow/.local/lib/python3.8/site-packages/airflow/example_dags/example_latest_only_with_trigger.py for tasks to queue
[2023-11-23T11:25:23.985+0000] {logging_mixin.py:154} INFO - [2023-11-23T11:25:23.985+0000] {dagbag.py:536} INFO - Filling up the DagBag from /home/airflow/.local/lib/python3.8/site-packages/airflow/example_dags/example_latest_only_with_trigger.py
[2023-11-23T11:25:23.988+0000] {processor.py:839} INFO - DAG(s) dict_keys(['latest_only_with_trigger']) retrieved from /home/airflow/.local/lib/python3.8/site-packages/airflow/example_dags/example_latest_only_with_trigger.py
[2023-11-23T11:25:24.001+0000] {logging_mixin.py:154} INFO - [2023-11-23T11:25:24.001+0000] {dag.py:2941} INFO - Sync 1 DAGs
[2023-11-23T11:25:24.015+0000] {logging_mixin.py:154} INFO - [2023-11-23T11:25:24.015+0000] {dag.py:3722} INFO - Setting next_dagrun for latest_only_with_trigger to 2023-11-23T07:25:24.014974+00:00, run_after=2023-11-23T11:25:24.014974+00:00
[2023-11-23T11:25:24.026+0000] {processor.py:179} INFO - Processing /home/airflow/.local/lib/python3.8/site-packages/airflow/example_dags/example_latest_only_with_trigger.py took 0.044 seconds
[2023-11-23T11:25:54.547+0000] {processor.py:157} INFO - Started process (PID=435) to work on /home/airflow/.local/lib/python3.8/site-packages/airflow/example_dags/example_latest_only_with_trigger.py
[2023-11-23T11:25:54.547+0000] {processor.py:829} INFO - Processing file /home/airflow/.local/lib/python3.8/site-packages/airflow/example_dags/example_latest_only_with_trigger.py for tasks to queue
[2023-11-23T11:25:54.548+0000] {logging_mixin.py:154} INFO - [2023-11-23T11:25:54.548+0000] {dagbag.py:536} INFO - Filling up the DagBag from /home/airflow/.local/lib/python3.8/site-packages/airflow/example_dags/example_latest_only_with_trigger.py
[2023-11-23T11:25:54.552+0000] {processor.py:839} INFO - DAG(s) dict_keys(['latest_only_with_trigger']) retrieved from /home/airflow/.local/lib/python3.8/site-packages/airflow/example_dags/example_latest_only_with_trigger.py
[2023-11-23T11:25:54.565+0000] {logging_mixin.py:154} INFO - [2023-11-23T11:25:54.565+0000] {dag.py:2941} INFO - Sync 1 DAGs
[2023-11-23T11:25:54.581+0000] {logging_mixin.py:154} INFO - [2023-11-23T11:25:54.581+0000] {dag.py:3722} INFO - Setting next_dagrun for latest_only_with_trigger to 2023-11-23T07:25:54.581122+00:00, run_after=2023-11-23T11:25:54.581122+00:00
[2023-11-23T11:25:54.593+0000] {processor.py:179} INFO - Processing /home/airflow/.local/lib/python3.8/site-packages/airflow/example_dags/example_latest_only_with_trigger.py took 0.049 seconds
[2023-11-23T11:26:25.205+0000] {processor.py:157} INFO - Started process (PID=489) to work on /home/airflow/.local/lib/python3.8/site-packages/airflow/example_dags/example_latest_only_with_trigger.py
[2023-11-23T11:26:25.205+0000] {processor.py:829} INFO - Processing file /home/airflow/.local/lib/python3.8/site-packages/airflow/example_dags/example_latest_only_with_trigger.py for tasks to queue
[2023-11-23T11:26:25.207+0000] {logging_mixin.py:154} INFO - [2023-11-23T11:26:25.206+0000] {dagbag.py:536} INFO - Filling up the DagBag from /home/airflow/.local/lib/python3.8/site-packages/airflow/example_dags/example_latest_only_with_trigger.py
[2023-11-23T11:26:25.210+0000] {processor.py:839} INFO - DAG(s) dict_keys(['latest_only_with_trigger']) retrieved from /home/airflow/.local/lib/python3.8/site-packages/airflow/example_dags/example_latest_only_with_trigger.py
[2023-11-23T11:26:25.222+0000] {logging_mixin.py:154} INFO - [2023-11-23T11:26:25.222+0000] {dag.py:2941} INFO - Sync 1 DAGs
[2023-11-23T11:26:25.235+0000] {logging_mixin.py:154} INFO - [2023-11-23T11:26:25.235+0000] {dag.py:3722} INFO - Setting next_dagrun for latest_only_with_trigger to 2023-11-23T07:26:25.235443+00:00, run_after=2023-11-23T11:26:25.235443+00:00
[2023-11-23T11:26:25.246+0000] {processor.py:179} INFO - Processing /home/airflow/.local/lib/python3.8/site-packages/airflow/example_dags/example_latest_only_with_trigger.py took 0.043 seconds
[2023-11-23T11:26:55.483+0000] {processor.py:157} INFO - Started process (PID=543) to work on /home/airflow/.local/lib/python3.8/site-packages/airflow/example_dags/example_latest_only_with_trigger.py
[2023-11-23T11:26:55.483+0000] {processor.py:829} INFO - Processing file /home/airflow/.local/lib/python3.8/site-packages/airflow/example_dags/example_latest_only_with_trigger.py for tasks to queue
[2023-11-23T11:26:55.485+0000] {logging_mixin.py:154} INFO - [2023-11-23T11:26:55.485+0000] {dagbag.py:536} INFO - Filling up the DagBag from /home/airflow/.local/lib/python3.8/site-packages/airflow/example_dags/example_latest_only_with_trigger.py
[2023-11-23T11:26:55.489+0000] {processor.py:839} INFO - DAG(s) dict_keys(['latest_only_with_trigger']) retrieved from /home/airflow/.local/lib/python3.8/site-packages/airflow/example_dags/example_latest_only_with_trigger.py
[2023-11-23T11:26:55.501+0000] {logging_mixin.py:154} INFO - [2023-11-23T11:26:55.501+0000] {dag.py:2941} INFO - Sync 1 DAGs
[2023-11-23T11:26:55.515+0000] {logging_mixin.py:154} INFO - [2023-11-23T11:26:55.514+0000] {dag.py:3722} INFO - Setting next_dagrun for latest_only_with_trigger to 2023-11-23T07:26:55.514791+00:00, run_after=2023-11-23T11:26:55.514791+00:00
[2023-11-23T11:26:55.525+0000] {processor.py:179} INFO - Processing /home/airflow/.local/lib/python3.8/site-packages/airflow/example_dags/example_latest_only_with_trigger.py took 0.044 seconds
[2023-11-23T11:27:26.187+0000] {processor.py:157} INFO - Started process (PID=597) to work on /home/airflow/.local/lib/python3.8/site-packages/airflow/example_dags/example_latest_only_with_trigger.py
[2023-11-23T11:27:26.188+0000] {processor.py:829} INFO - Processing file /home/airflow/.local/lib/python3.8/site-packages/airflow/example_dags/example_latest_only_with_trigger.py for tasks to queue
[2023-11-23T11:27:26.189+0000] {logging_mixin.py:154} INFO - [2023-11-23T11:27:26.189+0000] {dagbag.py:536} INFO - Filling up the DagBag from /home/airflow/.local/lib/python3.8/site-packages/airflow/example_dags/example_latest_only_with_trigger.py
[2023-11-23T11:27:26.192+0000] {processor.py:839} INFO - DAG(s) dict_keys(['latest_only_with_trigger']) retrieved from /home/airflow/.local/lib/python3.8/site-packages/airflow/example_dags/example_latest_only_with_trigger.py
[2023-11-23T11:27:26.206+0000] {logging_mixin.py:154} INFO - [2023-11-23T11:27:26.206+0000] {dag.py:2941} INFO - Sync 1 DAGs
[2023-11-23T11:27:26.220+0000] {logging_mixin.py:154} INFO - [2023-11-23T11:27:26.220+0000] {dag.py:3722} INFO - Setting next_dagrun for latest_only_with_trigger to 2023-11-23T07:27:26.220627+00:00, run_after=2023-11-23T11:27:26.220627+00:00
[2023-11-23T11:27:26.232+0000] {processor.py:179} INFO - Processing /home/airflow/.local/lib/python3.8/site-packages/airflow/example_dags/example_latest_only_with_trigger.py took 0.046 seconds
[2023-11-23T11:27:56.769+0000] {processor.py:157} INFO - Started process (PID=651) to work on /home/airflow/.local/lib/python3.8/site-packages/airflow/example_dags/example_latest_only_with_trigger.py
[2023-11-23T11:27:56.770+0000] {processor.py:829} INFO - Processing file /home/airflow/.local/lib/python3.8/site-packages/airflow/example_dags/example_latest_only_with_trigger.py for tasks to queue
[2023-11-23T11:27:56.771+0000] {logging_mixin.py:154} INFO - [2023-11-23T11:27:56.771+0000] {dagbag.py:536} INFO - Filling up the DagBag from /home/airflow/.local/lib/python3.8/site-packages/airflow/example_dags/example_latest_only_with_trigger.py
[2023-11-23T11:27:56.774+0000] {processor.py:839} INFO - DAG(s) dict_keys(['latest_only_with_trigger']) retrieved from /home/airflow/.local/lib/python3.8/site-packages/airflow/example_dags/example_latest_only_with_trigger.py
[2023-11-23T11:27:56.787+0000] {logging_mixin.py:154} INFO - [2023-11-23T11:27:56.787+0000] {dag.py:2941} INFO - Sync 1 DAGs
[2023-11-23T11:27:56.801+0000] {logging_mixin.py:154} INFO - [2023-11-23T11:27:56.801+0000] {dag.py:3722} INFO - Setting next_dagrun for latest_only_with_trigger to 2023-11-23T07:27:56.801113+00:00, run_after=2023-11-23T11:27:56.801113+00:00
[2023-11-23T11:27:56.813+0000] {processor.py:179} INFO - Processing /home/airflow/.local/lib/python3.8/site-packages/airflow/example_dags/example_latest_only_with_trigger.py took 0.046 seconds
[2023-11-23T11:28:27.397+0000] {processor.py:157} INFO - Started process (PID=705) to work on /home/airflow/.local/lib/python3.8/site-packages/airflow/example_dags/example_latest_only_with_trigger.py
[2023-11-23T11:28:27.398+0000] {processor.py:829} INFO - Processing file /home/airflow/.local/lib/python3.8/site-packages/airflow/example_dags/example_latest_only_with_trigger.py for tasks to queue
[2023-11-23T11:28:27.399+0000] {logging_mixin.py:154} INFO - [2023-11-23T11:28:27.399+0000] {dagbag.py:536} INFO - Filling up the DagBag from /home/airflow/.local/lib/python3.8/site-packages/airflow/example_dags/example_latest_only_with_trigger.py
[2023-11-23T11:28:27.403+0000] {processor.py:839} INFO - DAG(s) dict_keys(['latest_only_with_trigger']) retrieved from /home/airflow/.local/lib/python3.8/site-packages/airflow/example_dags/example_latest_only_with_trigger.py
[2023-11-23T11:28:27.415+0000] {logging_mixin.py:154} INFO - [2023-11-23T11:28:27.415+0000] {dag.py:2941} INFO - Sync 1 DAGs
[2023-11-23T11:28:27.428+0000] {logging_mixin.py:154} INFO - [2023-11-23T11:28:27.428+0000] {dag.py:3722} INFO - Setting next_dagrun for latest_only_with_trigger to 2023-11-23T07:28:27.428464+00:00, run_after=2023-11-23T11:28:27.428464+00:00
[2023-11-23T11:28:27.440+0000] {processor.py:179} INFO - Processing /home/airflow/.local/lib/python3.8/site-packages/airflow/example_dags/example_latest_only_with_trigger.py took 0.044 seconds
[2023-11-23T11:28:58.084+0000] {processor.py:157} INFO - Started process (PID=759) to work on /home/airflow/.local/lib/python3.8/site-packages/airflow/example_dags/example_latest_only_with_trigger.py
[2023-11-23T11:28:58.085+0000] {processor.py:829} INFO - Processing file /home/airflow/.local/lib/python3.8/site-packages/airflow/example_dags/example_latest_only_with_trigger.py for tasks to queue
[2023-11-23T11:28:58.086+0000] {logging_mixin.py:154} INFO - [2023-11-23T11:28:58.086+0000] {dagbag.py:536} INFO - Filling up the DagBag from /home/airflow/.local/lib/python3.8/site-packages/airflow/example_dags/example_latest_only_with_trigger.py
[2023-11-23T11:28:58.090+0000] {processor.py:839} INFO - DAG(s) dict_keys(['latest_only_with_trigger']) retrieved from /home/airflow/.local/lib/python3.8/site-packages/airflow/example_dags/example_latest_only_with_trigger.py
[2023-11-23T11:28:58.103+0000] {logging_mixin.py:154} INFO - [2023-11-23T11:28:58.103+0000] {dag.py:2941} INFO - Sync 1 DAGs
[2023-11-23T11:28:58.118+0000] {logging_mixin.py:154} INFO - [2023-11-23T11:28:58.118+0000] {dag.py:3722} INFO - Setting next_dagrun for latest_only_with_trigger to 2023-11-23T07:28:58.118325+00:00, run_after=2023-11-23T11:28:58.118325+00:00
[2023-11-23T11:28:58.130+0000] {processor.py:179} INFO - Processing /home/airflow/.local/lib/python3.8/site-packages/airflow/example_dags/example_latest_only_with_trigger.py took 0.048 seconds
[2023-11-23T11:29:28.670+0000] {processor.py:157} INFO - Started process (PID=814) to work on /home/airflow/.local/lib/python3.8/site-packages/airflow/example_dags/example_latest_only_with_trigger.py
[2023-11-23T11:29:28.671+0000] {processor.py:829} INFO - Processing file /home/airflow/.local/lib/python3.8/site-packages/airflow/example_dags/example_latest_only_with_trigger.py for tasks to queue
[2023-11-23T11:29:28.672+0000] {logging_mixin.py:154} INFO - [2023-11-23T11:29:28.672+0000] {dagbag.py:536} INFO - Filling up the DagBag from /home/airflow/.local/lib/python3.8/site-packages/airflow/example_dags/example_latest_only_with_trigger.py
[2023-11-23T11:29:28.675+0000] {processor.py:839} INFO - DAG(s) dict_keys(['latest_only_with_trigger']) retrieved from /home/airflow/.local/lib/python3.8/site-packages/airflow/example_dags/example_latest_only_with_trigger.py
[2023-11-23T11:29:28.689+0000] {logging_mixin.py:154} INFO - [2023-11-23T11:29:28.688+0000] {dag.py:2941} INFO - Sync 1 DAGs
[2023-11-23T11:29:28.704+0000] {logging_mixin.py:154} INFO - [2023-11-23T11:29:28.704+0000] {dag.py:3722} INFO - Setting next_dagrun for latest_only_with_trigger to 2023-11-23T07:29:28.704407+00:00, run_after=2023-11-23T11:29:28.704407+00:00
[2023-11-23T11:29:28.718+0000] {processor.py:179} INFO - Processing /home/airflow/.local/lib/python3.8/site-packages/airflow/example_dags/example_latest_only_with_trigger.py took 0.049 seconds
[2023-11-23T11:29:59.290+0000] {processor.py:157} INFO - Started process (PID=868) to work on /home/airflow/.local/lib/python3.8/site-packages/airflow/example_dags/example_latest_only_with_trigger.py
[2023-11-23T11:29:59.290+0000] {processor.py:829} INFO - Processing file /home/airflow/.local/lib/python3.8/site-packages/airflow/example_dags/example_latest_only_with_trigger.py for tasks to queue
[2023-11-23T11:29:59.292+0000] {logging_mixin.py:154} INFO - [2023-11-23T11:29:59.291+0000] {dagbag.py:536} INFO - Filling up the DagBag from /home/airflow/.local/lib/python3.8/site-packages/airflow/example_dags/example_latest_only_with_trigger.py
[2023-11-23T11:29:59.295+0000] {processor.py:839} INFO - DAG(s) dict_keys(['latest_only_with_trigger']) retrieved from /home/airflow/.local/lib/python3.8/site-packages/airflow/example_dags/example_latest_only_with_trigger.py
[2023-11-23T11:29:59.309+0000] {logging_mixin.py:154} INFO - [2023-11-23T11:29:59.309+0000] {dag.py:2941} INFO - Sync 1 DAGs
[2023-11-23T11:29:59.324+0000] {logging_mixin.py:154} INFO - [2023-11-23T11:29:59.324+0000] {dag.py:3722} INFO - Setting next_dagrun for latest_only_with_trigger to 2023-11-23T07:29:59.324090+00:00, run_after=2023-11-23T11:29:59.324090+00:00
[2023-11-23T11:29:59.337+0000] {processor.py:179} INFO - Processing /home/airflow/.local/lib/python3.8/site-packages/airflow/example_dags/example_latest_only_with_trigger.py took 0.050 seconds
[2023-11-23T11:30:29.396+0000] {processor.py:157} INFO - Started process (PID=921) to work on /home/airflow/.local/lib/python3.8/site-packages/airflow/example_dags/example_latest_only_with_trigger.py
[2023-11-23T11:30:29.397+0000] {processor.py:829} INFO - Processing file /home/airflow/.local/lib/python3.8/site-packages/airflow/example_dags/example_latest_only_with_trigger.py for tasks to queue
[2023-11-23T11:30:29.398+0000] {logging_mixin.py:154} INFO - [2023-11-23T11:30:29.398+0000] {dagbag.py:536} INFO - Filling up the DagBag from /home/airflow/.local/lib/python3.8/site-packages/airflow/example_dags/example_latest_only_with_trigger.py
[2023-11-23T11:30:29.401+0000] {processor.py:839} INFO - DAG(s) dict_keys(['latest_only_with_trigger']) retrieved from /home/airflow/.local/lib/python3.8/site-packages/airflow/example_dags/example_latest_only_with_trigger.py
[2023-11-23T11:30:29.415+0000] {logging_mixin.py:154} INFO - [2023-11-23T11:30:29.414+0000] {dag.py:2941} INFO - Sync 1 DAGs
[2023-11-23T11:30:29.430+0000] {logging_mixin.py:154} INFO - [2023-11-23T11:30:29.430+0000] {dag.py:3722} INFO - Setting next_dagrun for latest_only_with_trigger to 2023-11-23T07:30:29.430209+00:00, run_after=2023-11-23T11:30:29.430209+00:00
[2023-11-23T11:30:29.442+0000] {processor.py:179} INFO - Processing /home/airflow/.local/lib/python3.8/site-packages/airflow/example_dags/example_latest_only_with_trigger.py took 0.047 seconds
[2023-11-23T11:30:59.738+0000] {processor.py:157} INFO - Started process (PID=976) to work on /home/airflow/.local/lib/python3.8/site-packages/airflow/example_dags/example_latest_only_with_trigger.py
[2023-11-23T11:30:59.739+0000] {processor.py:829} INFO - Processing file /home/airflow/.local/lib/python3.8/site-packages/airflow/example_dags/example_latest_only_with_trigger.py for tasks to queue
[2023-11-23T11:30:59.740+0000] {logging_mixin.py:154} INFO - [2023-11-23T11:30:59.740+0000] {dagbag.py:536} INFO - Filling up the DagBag from /home/airflow/.local/lib/python3.8/site-packages/airflow/example_dags/example_latest_only_with_trigger.py
[2023-11-23T11:30:59.744+0000] {processor.py:839} INFO - DAG(s) dict_keys(['latest_only_with_trigger']) retrieved from /home/airflow/.local/lib/python3.8/site-packages/airflow/example_dags/example_latest_only_with_trigger.py
[2023-11-23T11:30:59.757+0000] {logging_mixin.py:154} INFO - [2023-11-23T11:30:59.757+0000] {dag.py:2941} INFO - Sync 1 DAGs
[2023-11-23T11:30:59.771+0000] {logging_mixin.py:154} INFO - [2023-11-23T11:30:59.771+0000] {dag.py:3722} INFO - Setting next_dagrun for latest_only_with_trigger to 2023-11-23T07:30:59.771622+00:00, run_after=2023-11-23T11:30:59.771622+00:00
[2023-11-23T11:30:59.783+0000] {processor.py:179} INFO - Processing /home/airflow/.local/lib/python3.8/site-packages/airflow/example_dags/example_latest_only_with_trigger.py took 0.046 seconds
[2023-11-23T11:31:30.032+0000] {processor.py:157} INFO - Started process (PID=1031) to work on /home/airflow/.local/lib/python3.8/site-packages/airflow/example_dags/example_latest_only_with_trigger.py
[2023-11-23T11:31:30.032+0000] {processor.py:829} INFO - Processing file /home/airflow/.local/lib/python3.8/site-packages/airflow/example_dags/example_latest_only_with_trigger.py for tasks to queue
[2023-11-23T11:31:30.033+0000] {logging_mixin.py:154} INFO - [2023-11-23T11:31:30.033+0000] {dagbag.py:536} INFO - Filling up the DagBag from /home/airflow/.local/lib/python3.8/site-packages/airflow/example_dags/example_latest_only_with_trigger.py
[2023-11-23T11:31:30.037+0000] {processor.py:839} INFO - DAG(s) dict_keys(['latest_only_with_trigger']) retrieved from /home/airflow/.local/lib/python3.8/site-packages/airflow/example_dags/example_latest_only_with_trigger.py
[2023-11-23T11:31:30.050+0000] {logging_mixin.py:154} INFO - [2023-11-23T11:31:30.050+0000] {dag.py:2941} INFO - Sync 1 DAGs
[2023-11-23T11:31:30.065+0000] {logging_mixin.py:154} INFO - [2023-11-23T11:31:30.065+0000] {dag.py:3722} INFO - Setting next_dagrun for latest_only_with_trigger to 2023-11-23T07:31:30.064938+00:00, run_after=2023-11-23T11:31:30.064938+00:00
[2023-11-23T11:31:30.076+0000] {processor.py:179} INFO - Processing /home/airflow/.local/lib/python3.8/site-packages/airflow/example_dags/example_latest_only_with_trigger.py took 0.047 seconds
[2023-11-23T11:32:01.146+0000] {processor.py:157} INFO - Started process (PID=1085) to work on /home/airflow/.local/lib/python3.8/site-packages/airflow/example_dags/example_latest_only_with_trigger.py
[2023-11-23T11:32:01.147+0000] {processor.py:829} INFO - Processing file /home/airflow/.local/lib/python3.8/site-packages/airflow/example_dags/example_latest_only_with_trigger.py for tasks to queue
[2023-11-23T11:32:01.148+0000] {logging_mixin.py:154} INFO - [2023-11-23T11:32:01.148+0000] {dagbag.py:536} INFO - Filling up the DagBag from /home/airflow/.local/lib/python3.8/site-packages/airflow/example_dags/example_latest_only_with_trigger.py
[2023-11-23T11:32:01.151+0000] {processor.py:839} INFO - DAG(s) dict_keys(['latest_only_with_trigger']) retrieved from /home/airflow/.local/lib/python3.8/site-packages/airflow/example_dags/example_latest_only_with_trigger.py
[2023-11-23T11:32:01.164+0000] {logging_mixin.py:154} INFO - [2023-11-23T11:32:01.164+0000] {dag.py:2941} INFO - Sync 1 DAGs
[2023-11-23T11:32:01.177+0000] {logging_mixin.py:154} INFO - [2023-11-23T11:32:01.177+0000] {dag.py:3722} INFO - Setting next_dagrun for latest_only_with_trigger to 2023-11-23T07:32:01.177580+00:00, run_after=2023-11-23T11:32:01.177580+00:00
[2023-11-23T11:32:01.189+0000] {processor.py:179} INFO - Processing /home/airflow/.local/lib/python3.8/site-packages/airflow/example_dags/example_latest_only_with_trigger.py took 0.045 seconds
[2023-11-23T11:32:31.426+0000] {processor.py:157} INFO - Started process (PID=1139) to work on /home/airflow/.local/lib/python3.8/site-packages/airflow/example_dags/example_latest_only_with_trigger.py
[2023-11-23T11:32:31.427+0000] {processor.py:829} INFO - Processing file /home/airflow/.local/lib/python3.8/site-packages/airflow/example_dags/example_latest_only_with_trigger.py for tasks to queue
[2023-11-23T11:32:31.428+0000] {logging_mixin.py:154} INFO - [2023-11-23T11:32:31.428+0000] {dagbag.py:536} INFO - Filling up the DagBag from /home/airflow/.local/lib/python3.8/site-packages/airflow/example_dags/example_latest_only_with_trigger.py
[2023-11-23T11:32:31.431+0000] {processor.py:839} INFO - DAG(s) dict_keys(['latest_only_with_trigger']) retrieved from /home/airflow/.local/lib/python3.8/site-packages/airflow/example_dags/example_latest_only_with_trigger.py
[2023-11-23T11:32:31.445+0000] {logging_mixin.py:154} INFO - [2023-11-23T11:32:31.445+0000] {dag.py:2941} INFO - Sync 1 DAGs
[2023-11-23T11:32:31.459+0000] {logging_mixin.py:154} INFO - [2023-11-23T11:32:31.459+0000] {dag.py:3722} INFO - Setting next_dagrun for latest_only_with_trigger to 2023-11-23T07:32:31.459430+00:00, run_after=2023-11-23T11:32:31.459430+00:00
[2023-11-23T11:32:31.471+0000] {processor.py:179} INFO - Processing /home/airflow/.local/lib/python3.8/site-packages/airflow/example_dags/example_latest_only_with_trigger.py took 0.047 seconds
[2023-11-23T11:33:01.722+0000] {processor.py:157} INFO - Started process (PID=1193) to work on /home/airflow/.local/lib/python3.8/site-packages/airflow/example_dags/example_latest_only_with_trigger.py
[2023-11-23T11:33:01.722+0000] {processor.py:829} INFO - Processing file /home/airflow/.local/lib/python3.8/site-packages/airflow/example_dags/example_latest_only_with_trigger.py for tasks to queue
[2023-11-23T11:33:01.724+0000] {logging_mixin.py:154} INFO - [2023-11-23T11:33:01.723+0000] {dagbag.py:536} INFO - Filling up the DagBag from /home/airflow/.local/lib/python3.8/site-packages/airflow/example_dags/example_latest_only_with_trigger.py
[2023-11-23T11:33:01.727+0000] {processor.py:839} INFO - DAG(s) dict_keys(['latest_only_with_trigger']) retrieved from /home/airflow/.local/lib/python3.8/site-packages/airflow/example_dags/example_latest_only_with_trigger.py
[2023-11-23T11:33:01.739+0000] {logging_mixin.py:154} INFO - [2023-11-23T11:33:01.739+0000] {dag.py:2941} INFO - Sync 1 DAGs
[2023-11-23T11:33:01.753+0000] {logging_mixin.py:154} INFO - [2023-11-23T11:33:01.753+0000] {dag.py:3722} INFO - Setting next_dagrun for latest_only_with_trigger to 2023-11-23T07:33:01.752947+00:00, run_after=2023-11-23T11:33:01.752947+00:00
[2023-11-23T11:33:01.764+0000] {processor.py:179} INFO - Processing /home/airflow/.local/lib/python3.8/site-packages/airflow/example_dags/example_latest_only_with_trigger.py took 0.044 seconds
[2023-11-23T11:38:43.335+0000] {processor.py:157} INFO - Started process (PID=59) to work on /home/airflow/.local/lib/python3.8/site-packages/airflow/example_dags/example_latest_only_with_trigger.py
[2023-11-23T11:38:43.335+0000] {processor.py:829} INFO - Processing file /home/airflow/.local/lib/python3.8/site-packages/airflow/example_dags/example_latest_only_with_trigger.py for tasks to queue
[2023-11-23T11:38:43.337+0000] {logging_mixin.py:154} INFO - [2023-11-23T11:38:43.337+0000] {dagbag.py:536} INFO - Filling up the DagBag from /home/airflow/.local/lib/python3.8/site-packages/airflow/example_dags/example_latest_only_with_trigger.py
[2023-11-23T11:38:43.341+0000] {processor.py:839} INFO - DAG(s) dict_keys(['latest_only_with_trigger']) retrieved from /home/airflow/.local/lib/python3.8/site-packages/airflow/example_dags/example_latest_only_with_trigger.py
[2023-11-23T11:38:43.348+0000] {logging_mixin.py:154} INFO - [2023-11-23T11:38:43.348+0000] {dag.py:2941} INFO - Sync 1 DAGs
[2023-11-23T11:38:43.365+0000] {logging_mixin.py:154} INFO - [2023-11-23T11:38:43.364+0000] {dag.py:3722} INFO - Setting next_dagrun for latest_only_with_trigger to 2023-11-23T07:38:43.364731+00:00, run_after=2023-11-23T11:38:43.364731+00:00
[2023-11-23T11:38:43.377+0000] {processor.py:179} INFO - Processing /home/airflow/.local/lib/python3.8/site-packages/airflow/example_dags/example_latest_only_with_trigger.py took 0.043 seconds
[2023-11-23T11:39:14.132+0000] {processor.py:157} INFO - Started process (PID=115) to work on /home/airflow/.local/lib/python3.8/site-packages/airflow/example_dags/example_latest_only_with_trigger.py
[2023-11-23T11:39:14.133+0000] {processor.py:829} INFO - Processing file /home/airflow/.local/lib/python3.8/site-packages/airflow/example_dags/example_latest_only_with_trigger.py for tasks to queue
[2023-11-23T11:39:14.134+0000] {logging_mixin.py:154} INFO - [2023-11-23T11:39:14.134+0000] {dagbag.py:536} INFO - Filling up the DagBag from /home/airflow/.local/lib/python3.8/site-packages/airflow/example_dags/example_latest_only_with_trigger.py
[2023-11-23T11:39:14.137+0000] {processor.py:839} INFO - DAG(s) dict_keys(['latest_only_with_trigger']) retrieved from /home/airflow/.local/lib/python3.8/site-packages/airflow/example_dags/example_latest_only_with_trigger.py
[2023-11-23T11:39:14.149+0000] {logging_mixin.py:154} INFO - [2023-11-23T11:39:14.149+0000] {dag.py:2941} INFO - Sync 1 DAGs
[2023-11-23T11:39:14.163+0000] {logging_mixin.py:154} INFO - [2023-11-23T11:39:14.163+0000] {dag.py:3722} INFO - Setting next_dagrun for latest_only_with_trigger to 2023-11-23T07:39:14.163313+00:00, run_after=2023-11-23T11:39:14.163313+00:00
[2023-11-23T11:39:14.175+0000] {processor.py:179} INFO - Processing /home/airflow/.local/lib/python3.8/site-packages/airflow/example_dags/example_latest_only_with_trigger.py took 0.044 seconds
[2023-11-23T11:39:45.319+0000] {processor.py:157} INFO - Started process (PID=171) to work on /home/airflow/.local/lib/python3.8/site-packages/airflow/example_dags/example_latest_only_with_trigger.py
[2023-11-23T11:39:45.319+0000] {processor.py:829} INFO - Processing file /home/airflow/.local/lib/python3.8/site-packages/airflow/example_dags/example_latest_only_with_trigger.py for tasks to queue
[2023-11-23T11:39:45.320+0000] {logging_mixin.py:154} INFO - [2023-11-23T11:39:45.320+0000] {dagbag.py:536} INFO - Filling up the DagBag from /home/airflow/.local/lib/python3.8/site-packages/airflow/example_dags/example_latest_only_with_trigger.py
[2023-11-23T11:39:45.323+0000] {processor.py:839} INFO - DAG(s) dict_keys(['latest_only_with_trigger']) retrieved from /home/airflow/.local/lib/python3.8/site-packages/airflow/example_dags/example_latest_only_with_trigger.py
[2023-11-23T11:39:45.336+0000] {logging_mixin.py:154} INFO - [2023-11-23T11:39:45.336+0000] {dag.py:2941} INFO - Sync 1 DAGs
[2023-11-23T11:39:45.351+0000] {logging_mixin.py:154} INFO - [2023-11-23T11:39:45.351+0000] {dag.py:3722} INFO - Setting next_dagrun for latest_only_with_trigger to 2023-11-23T07:39:45.351114+00:00, run_after=2023-11-23T11:39:45.351114+00:00
[2023-11-23T11:39:45.364+0000] {processor.py:179} INFO - Processing /home/airflow/.local/lib/python3.8/site-packages/airflow/example_dags/example_latest_only_with_trigger.py took 0.047 seconds
[2023-11-23T11:40:16.629+0000] {processor.py:157} INFO - Started process (PID=227) to work on /home/airflow/.local/lib/python3.8/site-packages/airflow/example_dags/example_latest_only_with_trigger.py
[2023-11-23T11:40:16.630+0000] {processor.py:829} INFO - Processing file /home/airflow/.local/lib/python3.8/site-packages/airflow/example_dags/example_latest_only_with_trigger.py for tasks to queue
[2023-11-23T11:40:16.631+0000] {logging_mixin.py:154} INFO - [2023-11-23T11:40:16.631+0000] {dagbag.py:536} INFO - Filling up the DagBag from /home/airflow/.local/lib/python3.8/site-packages/airflow/example_dags/example_latest_only_with_trigger.py
[2023-11-23T11:40:16.634+0000] {processor.py:839} INFO - DAG(s) dict_keys(['latest_only_with_trigger']) retrieved from /home/airflow/.local/lib/python3.8/site-packages/airflow/example_dags/example_latest_only_with_trigger.py
[2023-11-23T11:40:16.647+0000] {logging_mixin.py:154} INFO - [2023-11-23T11:40:16.646+0000] {dag.py:2941} INFO - Sync 1 DAGs
[2023-11-23T11:40:16.663+0000] {logging_mixin.py:154} INFO - [2023-11-23T11:40:16.663+0000] {dag.py:3722} INFO - Setting next_dagrun for latest_only_with_trigger to 2023-11-23T07:40:16.663349+00:00, run_after=2023-11-23T11:40:16.663349+00:00
[2023-11-23T11:40:16.682+0000] {processor.py:179} INFO - Processing /home/airflow/.local/lib/python3.8/site-packages/airflow/example_dags/example_latest_only_with_trigger.py took 0.054 seconds
[2023-11-23T11:40:47.626+0000] {processor.py:157} INFO - Started process (PID=283) to work on /home/airflow/.local/lib/python3.8/site-packages/airflow/example_dags/example_latest_only_with_trigger.py
[2023-11-23T11:40:47.626+0000] {processor.py:829} INFO - Processing file /home/airflow/.local/lib/python3.8/site-packages/airflow/example_dags/example_latest_only_with_trigger.py for tasks to queue
[2023-11-23T11:40:47.628+0000] {logging_mixin.py:154} INFO - [2023-11-23T11:40:47.628+0000] {dagbag.py:536} INFO - Filling up the DagBag from /home/airflow/.local/lib/python3.8/site-packages/airflow/example_dags/example_latest_only_with_trigger.py
[2023-11-23T11:40:47.631+0000] {processor.py:839} INFO - DAG(s) dict_keys(['latest_only_with_trigger']) retrieved from /home/airflow/.local/lib/python3.8/site-packages/airflow/example_dags/example_latest_only_with_trigger.py
[2023-11-23T11:40:47.644+0000] {logging_mixin.py:154} INFO - [2023-11-23T11:40:47.644+0000] {dag.py:2941} INFO - Sync 1 DAGs
[2023-11-23T11:40:47.659+0000] {logging_mixin.py:154} INFO - [2023-11-23T11:40:47.659+0000] {dag.py:3722} INFO - Setting next_dagrun for latest_only_with_trigger to 2023-11-23T07:40:47.659571+00:00, run_after=2023-11-23T11:40:47.659571+00:00
[2023-11-23T11:40:47.671+0000] {processor.py:179} INFO - Processing /home/airflow/.local/lib/python3.8/site-packages/airflow/example_dags/example_latest_only_with_trigger.py took 0.047 seconds
[2023-11-23T11:41:18.830+0000] {processor.py:157} INFO - Started process (PID=339) to work on /home/airflow/.local/lib/python3.8/site-packages/airflow/example_dags/example_latest_only_with_trigger.py
[2023-11-23T11:41:18.831+0000] {processor.py:829} INFO - Processing file /home/airflow/.local/lib/python3.8/site-packages/airflow/example_dags/example_latest_only_with_trigger.py for tasks to queue
[2023-11-23T11:41:18.832+0000] {logging_mixin.py:154} INFO - [2023-11-23T11:41:18.832+0000] {dagbag.py:536} INFO - Filling up the DagBag from /home/airflow/.local/lib/python3.8/site-packages/airflow/example_dags/example_latest_only_with_trigger.py
[2023-11-23T11:41:18.835+0000] {processor.py:839} INFO - DAG(s) dict_keys(['latest_only_with_trigger']) retrieved from /home/airflow/.local/lib/python3.8/site-packages/airflow/example_dags/example_latest_only_with_trigger.py
[2023-11-23T11:41:18.848+0000] {logging_mixin.py:154} INFO - [2023-11-23T11:41:18.848+0000] {dag.py:2941} INFO - Sync 1 DAGs
[2023-11-23T11:41:18.861+0000] {logging_mixin.py:154} INFO - [2023-11-23T11:41:18.861+0000] {dag.py:3722} INFO - Setting next_dagrun for latest_only_with_trigger to 2023-11-23T07:41:18.861706+00:00, run_after=2023-11-23T11:41:18.861706+00:00
[2023-11-23T11:41:18.872+0000] {processor.py:179} INFO - Processing /home/airflow/.local/lib/python3.8/site-packages/airflow/example_dags/example_latest_only_with_trigger.py took 0.044 seconds
[2023-11-23T11:41:50.081+0000] {processor.py:157} INFO - Started process (PID=395) to work on /home/airflow/.local/lib/python3.8/site-packages/airflow/example_dags/example_latest_only_with_trigger.py
[2023-11-23T11:41:50.081+0000] {processor.py:829} INFO - Processing file /home/airflow/.local/lib/python3.8/site-packages/airflow/example_dags/example_latest_only_with_trigger.py for tasks to queue
[2023-11-23T11:41:50.082+0000] {logging_mixin.py:154} INFO - [2023-11-23T11:41:50.082+0000] {dagbag.py:536} INFO - Filling up the DagBag from /home/airflow/.local/lib/python3.8/site-packages/airflow/example_dags/example_latest_only_with_trigger.py
[2023-11-23T11:41:50.086+0000] {processor.py:839} INFO - DAG(s) dict_keys(['latest_only_with_trigger']) retrieved from /home/airflow/.local/lib/python3.8/site-packages/airflow/example_dags/example_latest_only_with_trigger.py
[2023-11-23T11:41:50.099+0000] {logging_mixin.py:154} INFO - [2023-11-23T11:41:50.099+0000] {dag.py:2941} INFO - Sync 1 DAGs
[2023-11-23T11:41:50.113+0000] {logging_mixin.py:154} INFO - [2023-11-23T11:41:50.113+0000] {dag.py:3722} INFO - Setting next_dagrun for latest_only_with_trigger to 2023-11-23T07:41:50.112890+00:00, run_after=2023-11-23T11:41:50.112890+00:00
[2023-11-23T11:41:50.124+0000] {processor.py:179} INFO - Processing /home/airflow/.local/lib/python3.8/site-packages/airflow/example_dags/example_latest_only_with_trigger.py took 0.045 seconds
[2023-11-23T11:42:21.247+0000] {processor.py:157} INFO - Started process (PID=451) to work on /home/airflow/.local/lib/python3.8/site-packages/airflow/example_dags/example_latest_only_with_trigger.py
[2023-11-23T11:42:21.248+0000] {processor.py:829} INFO - Processing file /home/airflow/.local/lib/python3.8/site-packages/airflow/example_dags/example_latest_only_with_trigger.py for tasks to queue
[2023-11-23T11:42:21.249+0000] {logging_mixin.py:154} INFO - [2023-11-23T11:42:21.249+0000] {dagbag.py:536} INFO - Filling up the DagBag from /home/airflow/.local/lib/python3.8/site-packages/airflow/example_dags/example_latest_only_with_trigger.py
[2023-11-23T11:42:21.252+0000] {processor.py:839} INFO - DAG(s) dict_keys(['latest_only_with_trigger']) retrieved from /home/airflow/.local/lib/python3.8/site-packages/airflow/example_dags/example_latest_only_with_trigger.py
[2023-11-23T11:42:21.265+0000] {logging_mixin.py:154} INFO - [2023-11-23T11:42:21.265+0000] {dag.py:2941} INFO - Sync 1 DAGs
[2023-11-23T11:42:21.282+0000] {logging_mixin.py:154} INFO - [2023-11-23T11:42:21.282+0000] {dag.py:3722} INFO - Setting next_dagrun for latest_only_with_trigger to 2023-11-23T07:42:21.282182+00:00, run_after=2023-11-23T11:42:21.282182+00:00
[2023-11-23T11:42:21.294+0000] {processor.py:179} INFO - Processing /home/airflow/.local/lib/python3.8/site-packages/airflow/example_dags/example_latest_only_with_trigger.py took 0.049 seconds
[2023-11-23T11:42:51.614+0000] {processor.py:157} INFO - Started process (PID=508) to work on /home/airflow/.local/lib/python3.8/site-packages/airflow/example_dags/example_latest_only_with_trigger.py
[2023-11-23T11:42:51.614+0000] {processor.py:829} INFO - Processing file /home/airflow/.local/lib/python3.8/site-packages/airflow/example_dags/example_latest_only_with_trigger.py for tasks to queue
[2023-11-23T11:42:51.616+0000] {logging_mixin.py:154} INFO - [2023-11-23T11:42:51.615+0000] {dagbag.py:536} INFO - Filling up the DagBag from /home/airflow/.local/lib/python3.8/site-packages/airflow/example_dags/example_latest_only_with_trigger.py
[2023-11-23T11:42:51.619+0000] {processor.py:839} INFO - DAG(s) dict_keys(['latest_only_with_trigger']) retrieved from /home/airflow/.local/lib/python3.8/site-packages/airflow/example_dags/example_latest_only_with_trigger.py
[2023-11-23T11:42:51.631+0000] {logging_mixin.py:154} INFO - [2023-11-23T11:42:51.631+0000] {dag.py:2941} INFO - Sync 1 DAGs
[2023-11-23T11:42:51.645+0000] {logging_mixin.py:154} INFO - [2023-11-23T11:42:51.644+0000] {dag.py:3722} INFO - Setting next_dagrun for latest_only_with_trigger to 2023-11-23T07:42:51.644826+00:00, run_after=2023-11-23T11:42:51.644826+00:00
[2023-11-23T11:42:51.656+0000] {processor.py:179} INFO - Processing /home/airflow/.local/lib/python3.8/site-packages/airflow/example_dags/example_latest_only_with_trigger.py took 0.044 seconds
[2023-11-23T11:43:21.879+0000] {processor.py:157} INFO - Started process (PID=564) to work on /home/airflow/.local/lib/python3.8/site-packages/airflow/example_dags/example_latest_only_with_trigger.py
[2023-11-23T11:43:21.880+0000] {processor.py:829} INFO - Processing file /home/airflow/.local/lib/python3.8/site-packages/airflow/example_dags/example_latest_only_with_trigger.py for tasks to queue
[2023-11-23T11:43:21.881+0000] {logging_mixin.py:154} INFO - [2023-11-23T11:43:21.881+0000] {dagbag.py:536} INFO - Filling up the DagBag from /home/airflow/.local/lib/python3.8/site-packages/airflow/example_dags/example_latest_only_with_trigger.py
[2023-11-23T11:43:21.884+0000] {processor.py:839} INFO - DAG(s) dict_keys(['latest_only_with_trigger']) retrieved from /home/airflow/.local/lib/python3.8/site-packages/airflow/example_dags/example_latest_only_with_trigger.py
[2023-11-23T11:43:21.897+0000] {logging_mixin.py:154} INFO - [2023-11-23T11:43:21.897+0000] {dag.py:2941} INFO - Sync 1 DAGs
[2023-11-23T11:43:21.911+0000] {logging_mixin.py:154} INFO - [2023-11-23T11:43:21.911+0000] {dag.py:3722} INFO - Setting next_dagrun for latest_only_with_trigger to 2023-11-23T07:43:21.911630+00:00, run_after=2023-11-23T11:43:21.911630+00:00
[2023-11-23T11:43:21.923+0000] {processor.py:179} INFO - Processing /home/airflow/.local/lib/python3.8/site-packages/airflow/example_dags/example_latest_only_with_trigger.py took 0.045 seconds
[2023-11-23T11:43:51.998+0000] {processor.py:157} INFO - Started process (PID=620) to work on /home/airflow/.local/lib/python3.8/site-packages/airflow/example_dags/example_latest_only_with_trigger.py
[2023-11-23T11:43:51.999+0000] {processor.py:829} INFO - Processing file /home/airflow/.local/lib/python3.8/site-packages/airflow/example_dags/example_latest_only_with_trigger.py for tasks to queue
[2023-11-23T11:43:52.000+0000] {logging_mixin.py:154} INFO - [2023-11-23T11:43:52.000+0000] {dagbag.py:536} INFO - Filling up the DagBag from /home/airflow/.local/lib/python3.8/site-packages/airflow/example_dags/example_latest_only_with_trigger.py
[2023-11-23T11:43:52.003+0000] {processor.py:839} INFO - DAG(s) dict_keys(['latest_only_with_trigger']) retrieved from /home/airflow/.local/lib/python3.8/site-packages/airflow/example_dags/example_latest_only_with_trigger.py
[2023-11-23T11:43:52.016+0000] {logging_mixin.py:154} INFO - [2023-11-23T11:43:52.016+0000] {dag.py:2941} INFO - Sync 1 DAGs
[2023-11-23T11:43:52.031+0000] {logging_mixin.py:154} INFO - [2023-11-23T11:43:52.030+0000] {dag.py:3722} INFO - Setting next_dagrun for latest_only_with_trigger to 2023-11-23T07:43:52.030768+00:00, run_after=2023-11-23T11:43:52.030768+00:00
[2023-11-23T11:43:52.042+0000] {processor.py:179} INFO - Processing /home/airflow/.local/lib/python3.8/site-packages/airflow/example_dags/example_latest_only_with_trigger.py took 0.046 seconds
[2023-11-23T11:44:23.115+0000] {processor.py:157} INFO - Started process (PID=676) to work on /home/airflow/.local/lib/python3.8/site-packages/airflow/example_dags/example_latest_only_with_trigger.py
[2023-11-23T11:44:23.116+0000] {processor.py:829} INFO - Processing file /home/airflow/.local/lib/python3.8/site-packages/airflow/example_dags/example_latest_only_with_trigger.py for tasks to queue
[2023-11-23T11:44:23.117+0000] {logging_mixin.py:154} INFO - [2023-11-23T11:44:23.117+0000] {dagbag.py:536} INFO - Filling up the DagBag from /home/airflow/.local/lib/python3.8/site-packages/airflow/example_dags/example_latest_only_with_trigger.py
[2023-11-23T11:44:23.120+0000] {processor.py:839} INFO - DAG(s) dict_keys(['latest_only_with_trigger']) retrieved from /home/airflow/.local/lib/python3.8/site-packages/airflow/example_dags/example_latest_only_with_trigger.py
[2023-11-23T11:44:23.133+0000] {logging_mixin.py:154} INFO - [2023-11-23T11:44:23.132+0000] {dag.py:2941} INFO - Sync 1 DAGs
[2023-11-23T11:44:23.147+0000] {logging_mixin.py:154} INFO - [2023-11-23T11:44:23.147+0000] {dag.py:3722} INFO - Setting next_dagrun for latest_only_with_trigger to 2023-11-23T07:44:23.147001+00:00, run_after=2023-11-23T11:44:23.147001+00:00
[2023-11-23T11:44:23.158+0000] {processor.py:179} INFO - Processing /home/airflow/.local/lib/python3.8/site-packages/airflow/example_dags/example_latest_only_with_trigger.py took 0.044 seconds
[2023-11-23T11:44:54.283+0000] {processor.py:157} INFO - Started process (PID=732) to work on /home/airflow/.local/lib/python3.8/site-packages/airflow/example_dags/example_latest_only_with_trigger.py
[2023-11-23T11:44:54.284+0000] {processor.py:829} INFO - Processing file /home/airflow/.local/lib/python3.8/site-packages/airflow/example_dags/example_latest_only_with_trigger.py for tasks to queue
[2023-11-23T11:44:54.285+0000] {logging_mixin.py:154} INFO - [2023-11-23T11:44:54.285+0000] {dagbag.py:536} INFO - Filling up the DagBag from /home/airflow/.local/lib/python3.8/site-packages/airflow/example_dags/example_latest_only_with_trigger.py
[2023-11-23T11:44:54.288+0000] {processor.py:839} INFO - DAG(s) dict_keys(['latest_only_with_trigger']) retrieved from /home/airflow/.local/lib/python3.8/site-packages/airflow/example_dags/example_latest_only_with_trigger.py
[2023-11-23T11:44:54.301+0000] {logging_mixin.py:154} INFO - [2023-11-23T11:44:54.300+0000] {dag.py:2941} INFO - Sync 1 DAGs
[2023-11-23T11:44:54.314+0000] {logging_mixin.py:154} INFO - [2023-11-23T11:44:54.314+0000] {dag.py:3722} INFO - Setting next_dagrun for latest_only_with_trigger to 2023-11-23T07:44:54.314639+00:00, run_after=2023-11-23T11:44:54.314639+00:00
[2023-11-23T11:44:54.326+0000] {processor.py:179} INFO - Processing /home/airflow/.local/lib/python3.8/site-packages/airflow/example_dags/example_latest_only_with_trigger.py took 0.045 seconds
[2023-11-23T11:45:25.409+0000] {processor.py:157} INFO - Started process (PID=788) to work on /home/airflow/.local/lib/python3.8/site-packages/airflow/example_dags/example_latest_only_with_trigger.py
[2023-11-23T11:45:25.409+0000] {processor.py:829} INFO - Processing file /home/airflow/.local/lib/python3.8/site-packages/airflow/example_dags/example_latest_only_with_trigger.py for tasks to queue
[2023-11-23T11:45:25.410+0000] {logging_mixin.py:154} INFO - [2023-11-23T11:45:25.410+0000] {dagbag.py:536} INFO - Filling up the DagBag from /home/airflow/.local/lib/python3.8/site-packages/airflow/example_dags/example_latest_only_with_trigger.py
[2023-11-23T11:45:25.414+0000] {processor.py:839} INFO - DAG(s) dict_keys(['latest_only_with_trigger']) retrieved from /home/airflow/.local/lib/python3.8/site-packages/airflow/example_dags/example_latest_only_with_trigger.py
[2023-11-23T11:45:25.427+0000] {logging_mixin.py:154} INFO - [2023-11-23T11:45:25.427+0000] {dag.py:2941} INFO - Sync 1 DAGs
[2023-11-23T11:45:25.441+0000] {logging_mixin.py:154} INFO - [2023-11-23T11:45:25.440+0000] {dag.py:3722} INFO - Setting next_dagrun for latest_only_with_trigger to 2023-11-23T07:45:25.440714+00:00, run_after=2023-11-23T11:45:25.440714+00:00
[2023-11-23T11:45:25.452+0000] {processor.py:179} INFO - Processing /home/airflow/.local/lib/python3.8/site-packages/airflow/example_dags/example_latest_only_with_trigger.py took 0.044 seconds
[2023-11-23T11:45:56.556+0000] {processor.py:157} INFO - Started process (PID=844) to work on /home/airflow/.local/lib/python3.8/site-packages/airflow/example_dags/example_latest_only_with_trigger.py
[2023-11-23T11:45:56.557+0000] {processor.py:829} INFO - Processing file /home/airflow/.local/lib/python3.8/site-packages/airflow/example_dags/example_latest_only_with_trigger.py for tasks to queue
[2023-11-23T11:45:56.558+0000] {logging_mixin.py:154} INFO - [2023-11-23T11:45:56.558+0000] {dagbag.py:536} INFO - Filling up the DagBag from /home/airflow/.local/lib/python3.8/site-packages/airflow/example_dags/example_latest_only_with_trigger.py
[2023-11-23T11:45:56.561+0000] {processor.py:839} INFO - DAG(s) dict_keys(['latest_only_with_trigger']) retrieved from /home/airflow/.local/lib/python3.8/site-packages/airflow/example_dags/example_latest_only_with_trigger.py
[2023-11-23T11:45:56.575+0000] {logging_mixin.py:154} INFO - [2023-11-23T11:45:56.575+0000] {dag.py:2941} INFO - Sync 1 DAGs
[2023-11-23T11:45:56.589+0000] {logging_mixin.py:154} INFO - [2023-11-23T11:45:56.589+0000] {dag.py:3722} INFO - Setting next_dagrun for latest_only_with_trigger to 2023-11-23T07:45:56.588890+00:00, run_after=2023-11-23T11:45:56.588890+00:00
[2023-11-23T11:45:56.600+0000] {processor.py:179} INFO - Processing /home/airflow/.local/lib/python3.8/site-packages/airflow/example_dags/example_latest_only_with_trigger.py took 0.046 seconds
[2023-11-23T11:46:27.686+0000] {processor.py:157} INFO - Started process (PID=900) to work on /home/airflow/.local/lib/python3.8/site-packages/airflow/example_dags/example_latest_only_with_trigger.py
[2023-11-23T11:46:27.687+0000] {processor.py:829} INFO - Processing file /home/airflow/.local/lib/python3.8/site-packages/airflow/example_dags/example_latest_only_with_trigger.py for tasks to queue
[2023-11-23T11:46:27.688+0000] {logging_mixin.py:154} INFO - [2023-11-23T11:46:27.688+0000] {dagbag.py:536} INFO - Filling up the DagBag from /home/airflow/.local/lib/python3.8/site-packages/airflow/example_dags/example_latest_only_with_trigger.py
[2023-11-23T11:46:27.692+0000] {processor.py:839} INFO - DAG(s) dict_keys(['latest_only_with_trigger']) retrieved from /home/airflow/.local/lib/python3.8/site-packages/airflow/example_dags/example_latest_only_with_trigger.py
[2023-11-23T11:46:27.706+0000] {logging_mixin.py:154} INFO - [2023-11-23T11:46:27.706+0000] {dag.py:2941} INFO - Sync 1 DAGs
[2023-11-23T11:46:27.719+0000] {logging_mixin.py:154} INFO - [2023-11-23T11:46:27.719+0000] {dag.py:3722} INFO - Setting next_dagrun for latest_only_with_trigger to 2023-11-23T07:46:27.719637+00:00, run_after=2023-11-23T11:46:27.719637+00:00
[2023-11-23T11:46:27.731+0000] {processor.py:179} INFO - Processing /home/airflow/.local/lib/python3.8/site-packages/airflow/example_dags/example_latest_only_with_trigger.py took 0.046 seconds
[2023-11-23T11:46:58.919+0000] {processor.py:157} INFO - Started process (PID=956) to work on /home/airflow/.local/lib/python3.8/site-packages/airflow/example_dags/example_latest_only_with_trigger.py
[2023-11-23T11:46:58.920+0000] {processor.py:829} INFO - Processing file /home/airflow/.local/lib/python3.8/site-packages/airflow/example_dags/example_latest_only_with_trigger.py for tasks to queue
[2023-11-23T11:46:58.921+0000] {logging_mixin.py:154} INFO - [2023-11-23T11:46:58.921+0000] {dagbag.py:536} INFO - Filling up the DagBag from /home/airflow/.local/lib/python3.8/site-packages/airflow/example_dags/example_latest_only_with_trigger.py
[2023-11-23T11:46:58.924+0000] {processor.py:839} INFO - DAG(s) dict_keys(['latest_only_with_trigger']) retrieved from /home/airflow/.local/lib/python3.8/site-packages/airflow/example_dags/example_latest_only_with_trigger.py
[2023-11-23T11:46:58.936+0000] {logging_mixin.py:154} INFO - [2023-11-23T11:46:58.936+0000] {dag.py:2941} INFO - Sync 1 DAGs
[2023-11-23T11:46:58.950+0000] {logging_mixin.py:154} INFO - [2023-11-23T11:46:58.950+0000] {dag.py:3722} INFO - Setting next_dagrun for latest_only_with_trigger to 2023-11-23T07:46:58.950395+00:00, run_after=2023-11-23T11:46:58.950395+00:00
[2023-11-23T11:46:58.961+0000] {processor.py:179} INFO - Processing /home/airflow/.local/lib/python3.8/site-packages/airflow/example_dags/example_latest_only_with_trigger.py took 0.044 seconds
[2023-11-23T15:27:49.492+0000] {processor.py:157} INFO - Started process (PID=58) to work on /home/airflow/.local/lib/python3.8/site-packages/airflow/example_dags/example_latest_only_with_trigger.py
[2023-11-23T15:27:49.519+0000] {processor.py:829} INFO - Processing file /home/airflow/.local/lib/python3.8/site-packages/airflow/example_dags/example_latest_only_with_trigger.py for tasks to queue
[2023-11-23T15:27:49.521+0000] {logging_mixin.py:154} INFO - [2023-11-23T15:27:49.521+0000] {dagbag.py:536} INFO - Filling up the DagBag from /home/airflow/.local/lib/python3.8/site-packages/airflow/example_dags/example_latest_only_with_trigger.py
[2023-11-23T15:27:49.525+0000] {processor.py:839} INFO - DAG(s) dict_keys(['latest_only_with_trigger']) retrieved from /home/airflow/.local/lib/python3.8/site-packages/airflow/example_dags/example_latest_only_with_trigger.py
[2023-11-23T15:27:49.534+0000] {logging_mixin.py:154} INFO - [2023-11-23T15:27:49.534+0000] {dag.py:2941} INFO - Sync 1 DAGs
[2023-11-23T15:27:49.551+0000] {logging_mixin.py:154} INFO - [2023-11-23T15:27:49.551+0000] {dag.py:3722} INFO - Setting next_dagrun for latest_only_with_trigger to 2023-11-23T11:27:49.550046+00:00, run_after=2023-11-23T15:27:49.550046+00:00
[2023-11-23T15:27:49.562+0000] {processor.py:179} INFO - Processing /home/airflow/.local/lib/python3.8/site-packages/airflow/example_dags/example_latest_only_with_trigger.py took 0.071 seconds
[2023-11-23T15:28:20.266+0000] {processor.py:157} INFO - Started process (PID=114) to work on /home/airflow/.local/lib/python3.8/site-packages/airflow/example_dags/example_latest_only_with_trigger.py
[2023-11-23T15:28:20.267+0000] {processor.py:829} INFO - Processing file /home/airflow/.local/lib/python3.8/site-packages/airflow/example_dags/example_latest_only_with_trigger.py for tasks to queue
[2023-11-23T15:28:20.268+0000] {logging_mixin.py:154} INFO - [2023-11-23T15:28:20.268+0000] {dagbag.py:536} INFO - Filling up the DagBag from /home/airflow/.local/lib/python3.8/site-packages/airflow/example_dags/example_latest_only_with_trigger.py
[2023-11-23T15:28:20.271+0000] {processor.py:839} INFO - DAG(s) dict_keys(['latest_only_with_trigger']) retrieved from /home/airflow/.local/lib/python3.8/site-packages/airflow/example_dags/example_latest_only_with_trigger.py
[2023-11-23T15:28:20.282+0000] {logging_mixin.py:154} INFO - [2023-11-23T15:28:20.282+0000] {dag.py:2941} INFO - Sync 1 DAGs
[2023-11-23T15:28:20.297+0000] {logging_mixin.py:154} INFO - [2023-11-23T15:28:20.296+0000] {dag.py:3722} INFO - Setting next_dagrun for latest_only_with_trigger to 2023-11-23T11:28:20.296805+00:00, run_after=2023-11-23T15:28:20.296805+00:00
[2023-11-23T15:28:20.307+0000] {processor.py:179} INFO - Processing /home/airflow/.local/lib/python3.8/site-packages/airflow/example_dags/example_latest_only_with_trigger.py took 0.043 seconds
[2023-11-23T15:28:50.632+0000] {processor.py:157} INFO - Started process (PID=170) to work on /home/airflow/.local/lib/python3.8/site-packages/airflow/example_dags/example_latest_only_with_trigger.py
[2023-11-23T15:28:50.632+0000] {processor.py:829} INFO - Processing file /home/airflow/.local/lib/python3.8/site-packages/airflow/example_dags/example_latest_only_with_trigger.py for tasks to queue
[2023-11-23T15:28:50.634+0000] {logging_mixin.py:154} INFO - [2023-11-23T15:28:50.633+0000] {dagbag.py:536} INFO - Filling up the DagBag from /home/airflow/.local/lib/python3.8/site-packages/airflow/example_dags/example_latest_only_with_trigger.py
[2023-11-23T15:28:50.637+0000] {processor.py:839} INFO - DAG(s) dict_keys(['latest_only_with_trigger']) retrieved from /home/airflow/.local/lib/python3.8/site-packages/airflow/example_dags/example_latest_only_with_trigger.py
[2023-11-23T15:28:50.648+0000] {logging_mixin.py:154} INFO - [2023-11-23T15:28:50.648+0000] {dag.py:2941} INFO - Sync 1 DAGs
[2023-11-23T15:28:50.662+0000] {logging_mixin.py:154} INFO - [2023-11-23T15:28:50.662+0000] {dag.py:3722} INFO - Setting next_dagrun for latest_only_with_trigger to 2023-11-23T11:28:50.662620+00:00, run_after=2023-11-23T15:28:50.662620+00:00
[2023-11-23T15:28:50.674+0000] {processor.py:179} INFO - Processing /home/airflow/.local/lib/python3.8/site-packages/airflow/example_dags/example_latest_only_with_trigger.py took 0.044 seconds
[2023-11-23T15:29:20.864+0000] {processor.py:157} INFO - Started process (PID=226) to work on /home/airflow/.local/lib/python3.8/site-packages/airflow/example_dags/example_latest_only_with_trigger.py
[2023-11-23T15:29:20.865+0000] {processor.py:829} INFO - Processing file /home/airflow/.local/lib/python3.8/site-packages/airflow/example_dags/example_latest_only_with_trigger.py for tasks to queue
[2023-11-23T15:29:20.866+0000] {logging_mixin.py:154} INFO - [2023-11-23T15:29:20.866+0000] {dagbag.py:536} INFO - Filling up the DagBag from /home/airflow/.local/lib/python3.8/site-packages/airflow/example_dags/example_latest_only_with_trigger.py
[2023-11-23T15:29:20.869+0000] {processor.py:839} INFO - DAG(s) dict_keys(['latest_only_with_trigger']) retrieved from /home/airflow/.local/lib/python3.8/site-packages/airflow/example_dags/example_latest_only_with_trigger.py
[2023-11-23T15:29:20.881+0000] {logging_mixin.py:154} INFO - [2023-11-23T15:29:20.881+0000] {dag.py:2941} INFO - Sync 1 DAGs
[2023-11-23T15:29:20.895+0000] {logging_mixin.py:154} INFO - [2023-11-23T15:29:20.895+0000] {dag.py:3722} INFO - Setting next_dagrun for latest_only_with_trigger to 2023-11-23T11:29:20.894887+00:00, run_after=2023-11-23T15:29:20.894887+00:00
[2023-11-23T15:29:20.905+0000] {processor.py:179} INFO - Processing /home/airflow/.local/lib/python3.8/site-packages/airflow/example_dags/example_latest_only_with_trigger.py took 0.043 seconds
[2023-11-23T15:29:50.990+0000] {processor.py:157} INFO - Started process (PID=282) to work on /home/airflow/.local/lib/python3.8/site-packages/airflow/example_dags/example_latest_only_with_trigger.py
[2023-11-23T15:29:50.990+0000] {processor.py:829} INFO - Processing file /home/airflow/.local/lib/python3.8/site-packages/airflow/example_dags/example_latest_only_with_trigger.py for tasks to queue
[2023-11-23T15:29:50.992+0000] {logging_mixin.py:154} INFO - [2023-11-23T15:29:50.991+0000] {dagbag.py:536} INFO - Filling up the DagBag from /home/airflow/.local/lib/python3.8/site-packages/airflow/example_dags/example_latest_only_with_trigger.py
[2023-11-23T15:29:50.995+0000] {processor.py:839} INFO - DAG(s) dict_keys(['latest_only_with_trigger']) retrieved from /home/airflow/.local/lib/python3.8/site-packages/airflow/example_dags/example_latest_only_with_trigger.py
[2023-11-23T15:29:51.007+0000] {logging_mixin.py:154} INFO - [2023-11-23T15:29:51.007+0000] {dag.py:2941} INFO - Sync 1 DAGs
[2023-11-23T15:29:51.021+0000] {logging_mixin.py:154} INFO - [2023-11-23T15:29:51.021+0000] {dag.py:3722} INFO - Setting next_dagrun for latest_only_with_trigger to 2023-11-23T11:29:51.021126+00:00, run_after=2023-11-23T15:29:51.021126+00:00
[2023-11-23T15:29:51.032+0000] {processor.py:179} INFO - Processing /home/airflow/.local/lib/python3.8/site-packages/airflow/example_dags/example_latest_only_with_trigger.py took 0.044 seconds
[2023-11-23T15:30:22.137+0000] {processor.py:157} INFO - Started process (PID=338) to work on /home/airflow/.local/lib/python3.8/site-packages/airflow/example_dags/example_latest_only_with_trigger.py
[2023-11-23T15:30:22.137+0000] {processor.py:829} INFO - Processing file /home/airflow/.local/lib/python3.8/site-packages/airflow/example_dags/example_latest_only_with_trigger.py for tasks to queue
[2023-11-23T15:30:22.138+0000] {logging_mixin.py:154} INFO - [2023-11-23T15:30:22.138+0000] {dagbag.py:536} INFO - Filling up the DagBag from /home/airflow/.local/lib/python3.8/site-packages/airflow/example_dags/example_latest_only_with_trigger.py
[2023-11-23T15:30:22.142+0000] {processor.py:839} INFO - DAG(s) dict_keys(['latest_only_with_trigger']) retrieved from /home/airflow/.local/lib/python3.8/site-packages/airflow/example_dags/example_latest_only_with_trigger.py
[2023-11-23T15:30:22.154+0000] {logging_mixin.py:154} INFO - [2023-11-23T15:30:22.154+0000] {dag.py:2941} INFO - Sync 1 DAGs
[2023-11-23T15:30:22.168+0000] {logging_mixin.py:154} INFO - [2023-11-23T15:30:22.168+0000] {dag.py:3722} INFO - Setting next_dagrun for latest_only_with_trigger to 2023-11-23T11:30:22.168224+00:00, run_after=2023-11-23T15:30:22.168224+00:00
[2023-11-23T15:30:22.179+0000] {processor.py:179} INFO - Processing /home/airflow/.local/lib/python3.8/site-packages/airflow/example_dags/example_latest_only_with_trigger.py took 0.044 seconds
[2023-11-23T15:30:52.911+0000] {processor.py:157} INFO - Started process (PID=394) to work on /home/airflow/.local/lib/python3.8/site-packages/airflow/example_dags/example_latest_only_with_trigger.py
[2023-11-23T15:30:52.911+0000] {processor.py:829} INFO - Processing file /home/airflow/.local/lib/python3.8/site-packages/airflow/example_dags/example_latest_only_with_trigger.py for tasks to queue
[2023-11-23T15:30:52.912+0000] {logging_mixin.py:154} INFO - [2023-11-23T15:30:52.912+0000] {dagbag.py:536} INFO - Filling up the DagBag from /home/airflow/.local/lib/python3.8/site-packages/airflow/example_dags/example_latest_only_with_trigger.py
[2023-11-23T15:30:52.915+0000] {processor.py:839} INFO - DAG(s) dict_keys(['latest_only_with_trigger']) retrieved from /home/airflow/.local/lib/python3.8/site-packages/airflow/example_dags/example_latest_only_with_trigger.py
[2023-11-23T15:30:52.928+0000] {logging_mixin.py:154} INFO - [2023-11-23T15:30:52.928+0000] {dag.py:2941} INFO - Sync 1 DAGs
[2023-11-23T15:30:52.943+0000] {logging_mixin.py:154} INFO - [2023-11-23T15:30:52.943+0000] {dag.py:3722} INFO - Setting next_dagrun for latest_only_with_trigger to 2023-11-23T11:30:52.943455+00:00, run_after=2023-11-23T15:30:52.943455+00:00
[2023-11-23T15:30:52.954+0000] {processor.py:179} INFO - Processing /home/airflow/.local/lib/python3.8/site-packages/airflow/example_dags/example_latest_only_with_trigger.py took 0.045 seconds
[2023-11-23T15:31:24.068+0000] {processor.py:157} INFO - Started process (PID=450) to work on /home/airflow/.local/lib/python3.8/site-packages/airflow/example_dags/example_latest_only_with_trigger.py
[2023-11-23T15:31:24.069+0000] {processor.py:829} INFO - Processing file /home/airflow/.local/lib/python3.8/site-packages/airflow/example_dags/example_latest_only_with_trigger.py for tasks to queue
[2023-11-23T15:31:24.070+0000] {logging_mixin.py:154} INFO - [2023-11-23T15:31:24.070+0000] {dagbag.py:536} INFO - Filling up the DagBag from /home/airflow/.local/lib/python3.8/site-packages/airflow/example_dags/example_latest_only_with_trigger.py
[2023-11-23T15:31:24.073+0000] {processor.py:839} INFO - DAG(s) dict_keys(['latest_only_with_trigger']) retrieved from /home/airflow/.local/lib/python3.8/site-packages/airflow/example_dags/example_latest_only_with_trigger.py
[2023-11-23T15:31:24.085+0000] {logging_mixin.py:154} INFO - [2023-11-23T15:31:24.085+0000] {dag.py:2941} INFO - Sync 1 DAGs
[2023-11-23T15:31:24.100+0000] {logging_mixin.py:154} INFO - [2023-11-23T15:31:24.100+0000] {dag.py:3722} INFO - Setting next_dagrun for latest_only_with_trigger to 2023-11-23T11:31:24.099860+00:00, run_after=2023-11-23T15:31:24.099860+00:00
[2023-11-23T15:31:24.111+0000] {processor.py:179} INFO - Processing /home/airflow/.local/lib/python3.8/site-packages/airflow/example_dags/example_latest_only_with_trigger.py took 0.044 seconds
[2023-11-23T15:31:55.211+0000] {processor.py:157} INFO - Started process (PID=506) to work on /home/airflow/.local/lib/python3.8/site-packages/airflow/example_dags/example_latest_only_with_trigger.py
[2023-11-23T15:31:55.211+0000] {processor.py:829} INFO - Processing file /home/airflow/.local/lib/python3.8/site-packages/airflow/example_dags/example_latest_only_with_trigger.py for tasks to queue
[2023-11-23T15:31:55.213+0000] {logging_mixin.py:154} INFO - [2023-11-23T15:31:55.212+0000] {dagbag.py:536} INFO - Filling up the DagBag from /home/airflow/.local/lib/python3.8/site-packages/airflow/example_dags/example_latest_only_with_trigger.py
[2023-11-23T15:31:55.216+0000] {processor.py:839} INFO - DAG(s) dict_keys(['latest_only_with_trigger']) retrieved from /home/airflow/.local/lib/python3.8/site-packages/airflow/example_dags/example_latest_only_with_trigger.py
[2023-11-23T15:31:55.229+0000] {logging_mixin.py:154} INFO - [2023-11-23T15:31:55.229+0000] {dag.py:2941} INFO - Sync 1 DAGs
[2023-11-23T15:31:55.244+0000] {logging_mixin.py:154} INFO - [2023-11-23T15:31:55.244+0000] {dag.py:3722} INFO - Setting next_dagrun for latest_only_with_trigger to 2023-11-23T11:31:55.244505+00:00, run_after=2023-11-23T15:31:55.244505+00:00
[2023-11-23T15:31:55.255+0000] {processor.py:179} INFO - Processing /home/airflow/.local/lib/python3.8/site-packages/airflow/example_dags/example_latest_only_with_trigger.py took 0.046 seconds
[2023-11-23T15:32:26.035+0000] {processor.py:157} INFO - Started process (PID=562) to work on /home/airflow/.local/lib/python3.8/site-packages/airflow/example_dags/example_latest_only_with_trigger.py
[2023-11-23T15:32:26.036+0000] {processor.py:829} INFO - Processing file /home/airflow/.local/lib/python3.8/site-packages/airflow/example_dags/example_latest_only_with_trigger.py for tasks to queue
[2023-11-23T15:32:26.037+0000] {logging_mixin.py:154} INFO - [2023-11-23T15:32:26.037+0000] {dagbag.py:536} INFO - Filling up the DagBag from /home/airflow/.local/lib/python3.8/site-packages/airflow/example_dags/example_latest_only_with_trigger.py
[2023-11-23T15:32:26.040+0000] {processor.py:839} INFO - DAG(s) dict_keys(['latest_only_with_trigger']) retrieved from /home/airflow/.local/lib/python3.8/site-packages/airflow/example_dags/example_latest_only_with_trigger.py
[2023-11-23T15:32:26.053+0000] {logging_mixin.py:154} INFO - [2023-11-23T15:32:26.053+0000] {dag.py:2941} INFO - Sync 1 DAGs
[2023-11-23T15:32:26.066+0000] {logging_mixin.py:154} INFO - [2023-11-23T15:32:26.066+0000] {dag.py:3722} INFO - Setting next_dagrun for latest_only_with_trigger to 2023-11-23T11:32:26.066498+00:00, run_after=2023-11-23T15:32:26.066498+00:00
[2023-11-23T15:32:26.077+0000] {processor.py:179} INFO - Processing /home/airflow/.local/lib/python3.8/site-packages/airflow/example_dags/example_latest_only_with_trigger.py took 0.044 seconds
[2023-11-23T15:32:57.204+0000] {processor.py:157} INFO - Started process (PID=618) to work on /home/airflow/.local/lib/python3.8/site-packages/airflow/example_dags/example_latest_only_with_trigger.py
[2023-11-23T15:32:57.204+0000] {processor.py:829} INFO - Processing file /home/airflow/.local/lib/python3.8/site-packages/airflow/example_dags/example_latest_only_with_trigger.py for tasks to queue
[2023-11-23T15:32:57.205+0000] {logging_mixin.py:154} INFO - [2023-11-23T15:32:57.205+0000] {dagbag.py:536} INFO - Filling up the DagBag from /home/airflow/.local/lib/python3.8/site-packages/airflow/example_dags/example_latest_only_with_trigger.py
[2023-11-23T15:32:57.208+0000] {processor.py:839} INFO - DAG(s) dict_keys(['latest_only_with_trigger']) retrieved from /home/airflow/.local/lib/python3.8/site-packages/airflow/example_dags/example_latest_only_with_trigger.py
[2023-11-23T15:32:57.220+0000] {logging_mixin.py:154} INFO - [2023-11-23T15:32:57.220+0000] {dag.py:2941} INFO - Sync 1 DAGs
[2023-11-23T15:32:57.234+0000] {logging_mixin.py:154} INFO - [2023-11-23T15:32:57.233+0000] {dag.py:3722} INFO - Setting next_dagrun for latest_only_with_trigger to 2023-11-23T11:32:57.233757+00:00, run_after=2023-11-23T15:32:57.233757+00:00
[2023-11-23T15:32:57.244+0000] {processor.py:179} INFO - Processing /home/airflow/.local/lib/python3.8/site-packages/airflow/example_dags/example_latest_only_with_trigger.py took 0.042 seconds
