[2023-11-23T11:22:20.306+0000] {processor.py:157} INFO - Started process (PID=55) to work on /home/airflow/.local/lib/python3.8/site-packages/airflow/example_dags/example_sla_dag.py
[2023-11-23T11:22:20.306+0000] {processor.py:829} INFO - Processing file /home/airflow/.local/lib/python3.8/site-packages/airflow/example_dags/example_sla_dag.py for tasks to queue
[2023-11-23T11:22:20.308+0000] {logging_mixin.py:154} INFO - [2023-11-23T11:22:20.308+0000] {dagbag.py:536} INFO - Filling up the DagBag from /home/airflow/.local/lib/python3.8/site-packages/airflow/example_dags/example_sla_dag.py
[2023-11-23T11:22:20.313+0000] {processor.py:839} INFO - DAG(s) dict_keys(['example_sla_dag']) retrieved from /home/airflow/.local/lib/python3.8/site-packages/airflow/example_dags/example_sla_dag.py
[2023-11-23T11:22:20.321+0000] {logging_mixin.py:154} INFO - [2023-11-23T11:22:20.321+0000] {dag.py:2941} INFO - Sync 1 DAGs
[2023-11-23T11:22:20.340+0000] {logging_mixin.py:154} INFO - [2023-11-23T11:22:20.340+0000] {dag.py:3722} INFO - Setting next_dagrun for example_sla_dag to 2023-11-23T11:20:00+00:00, run_after=2023-11-23T11:22:00+00:00
[2023-11-23T11:22:20.356+0000] {processor.py:179} INFO - Processing /home/airflow/.local/lib/python3.8/site-packages/airflow/example_dags/example_sla_dag.py took 0.052 seconds
[2023-11-23T11:22:50.707+0000] {processor.py:157} INFO - Started process (PID=110) to work on /home/airflow/.local/lib/python3.8/site-packages/airflow/example_dags/example_sla_dag.py
[2023-11-23T11:22:50.707+0000] {processor.py:829} INFO - Processing file /home/airflow/.local/lib/python3.8/site-packages/airflow/example_dags/example_sla_dag.py for tasks to queue
[2023-11-23T11:22:50.709+0000] {logging_mixin.py:154} INFO - [2023-11-23T11:22:50.709+0000] {dagbag.py:536} INFO - Filling up the DagBag from /home/airflow/.local/lib/python3.8/site-packages/airflow/example_dags/example_sla_dag.py
[2023-11-23T11:22:50.713+0000] {processor.py:839} INFO - DAG(s) dict_keys(['example_sla_dag']) retrieved from /home/airflow/.local/lib/python3.8/site-packages/airflow/example_dags/example_sla_dag.py
[2023-11-23T11:22:50.724+0000] {logging_mixin.py:154} INFO - [2023-11-23T11:22:50.724+0000] {dag.py:2941} INFO - Sync 1 DAGs
[2023-11-23T11:22:50.742+0000] {logging_mixin.py:154} INFO - [2023-11-23T11:22:50.742+0000] {dag.py:3722} INFO - Setting next_dagrun for example_sla_dag to 2023-11-23T11:20:00+00:00, run_after=2023-11-23T11:22:00+00:00
[2023-11-23T11:22:50.753+0000] {processor.py:179} INFO - Processing /home/airflow/.local/lib/python3.8/site-packages/airflow/example_dags/example_sla_dag.py took 0.047 seconds
[2023-11-23T11:23:21.426+0000] {processor.py:157} INFO - Started process (PID=164) to work on /home/airflow/.local/lib/python3.8/site-packages/airflow/example_dags/example_sla_dag.py
[2023-11-23T11:23:21.426+0000] {processor.py:829} INFO - Processing file /home/airflow/.local/lib/python3.8/site-packages/airflow/example_dags/example_sla_dag.py for tasks to queue
[2023-11-23T11:23:21.427+0000] {logging_mixin.py:154} INFO - [2023-11-23T11:23:21.427+0000] {dagbag.py:536} INFO - Filling up the DagBag from /home/airflow/.local/lib/python3.8/site-packages/airflow/example_dags/example_sla_dag.py
[2023-11-23T11:23:21.433+0000] {processor.py:839} INFO - DAG(s) dict_keys(['example_sla_dag']) retrieved from /home/airflow/.local/lib/python3.8/site-packages/airflow/example_dags/example_sla_dag.py
[2023-11-23T11:23:21.445+0000] {logging_mixin.py:154} INFO - [2023-11-23T11:23:21.445+0000] {dag.py:2941} INFO - Sync 1 DAGs
[2023-11-23T11:23:21.462+0000] {logging_mixin.py:154} INFO - [2023-11-23T11:23:21.462+0000] {dag.py:3722} INFO - Setting next_dagrun for example_sla_dag to 2023-11-23T11:20:00+00:00, run_after=2023-11-23T11:22:00+00:00
[2023-11-23T11:23:21.475+0000] {processor.py:179} INFO - Processing /home/airflow/.local/lib/python3.8/site-packages/airflow/example_dags/example_sla_dag.py took 0.051 seconds
[2023-11-23T11:23:52.458+0000] {processor.py:157} INFO - Started process (PID=218) to work on /home/airflow/.local/lib/python3.8/site-packages/airflow/example_dags/example_sla_dag.py
[2023-11-23T11:23:52.459+0000] {processor.py:829} INFO - Processing file /home/airflow/.local/lib/python3.8/site-packages/airflow/example_dags/example_sla_dag.py for tasks to queue
[2023-11-23T11:23:52.460+0000] {logging_mixin.py:154} INFO - [2023-11-23T11:23:52.460+0000] {dagbag.py:536} INFO - Filling up the DagBag from /home/airflow/.local/lib/python3.8/site-packages/airflow/example_dags/example_sla_dag.py
[2023-11-23T11:23:52.465+0000] {processor.py:839} INFO - DAG(s) dict_keys(['example_sla_dag']) retrieved from /home/airflow/.local/lib/python3.8/site-packages/airflow/example_dags/example_sla_dag.py
[2023-11-23T11:23:52.476+0000] {logging_mixin.py:154} INFO - [2023-11-23T11:23:52.476+0000] {dag.py:2941} INFO - Sync 1 DAGs
[2023-11-23T11:23:52.493+0000] {logging_mixin.py:154} INFO - [2023-11-23T11:23:52.492+0000] {dag.py:3722} INFO - Setting next_dagrun for example_sla_dag to 2023-11-23T11:20:00+00:00, run_after=2023-11-23T11:22:00+00:00
[2023-11-23T11:23:52.503+0000] {processor.py:179} INFO - Processing /home/airflow/.local/lib/python3.8/site-packages/airflow/example_dags/example_sla_dag.py took 0.047 seconds
[2023-11-23T11:24:23.124+0000] {processor.py:157} INFO - Started process (PID=272) to work on /home/airflow/.local/lib/python3.8/site-packages/airflow/example_dags/example_sla_dag.py
[2023-11-23T11:24:23.125+0000] {processor.py:829} INFO - Processing file /home/airflow/.local/lib/python3.8/site-packages/airflow/example_dags/example_sla_dag.py for tasks to queue
[2023-11-23T11:24:23.126+0000] {logging_mixin.py:154} INFO - [2023-11-23T11:24:23.126+0000] {dagbag.py:536} INFO - Filling up the DagBag from /home/airflow/.local/lib/python3.8/site-packages/airflow/example_dags/example_sla_dag.py
[2023-11-23T11:24:23.131+0000] {processor.py:839} INFO - DAG(s) dict_keys(['example_sla_dag']) retrieved from /home/airflow/.local/lib/python3.8/site-packages/airflow/example_dags/example_sla_dag.py
[2023-11-23T11:24:23.142+0000] {logging_mixin.py:154} INFO - [2023-11-23T11:24:23.142+0000] {dag.py:2941} INFO - Sync 1 DAGs
[2023-11-23T11:24:23.158+0000] {logging_mixin.py:154} INFO - [2023-11-23T11:24:23.158+0000] {dag.py:3722} INFO - Setting next_dagrun for example_sla_dag to 2023-11-23T11:22:00+00:00, run_after=2023-11-23T11:24:00+00:00
[2023-11-23T11:24:23.169+0000] {processor.py:179} INFO - Processing /home/airflow/.local/lib/python3.8/site-packages/airflow/example_dags/example_sla_dag.py took 0.046 seconds
[2023-11-23T11:24:53.724+0000] {processor.py:157} INFO - Started process (PID=326) to work on /home/airflow/.local/lib/python3.8/site-packages/airflow/example_dags/example_sla_dag.py
[2023-11-23T11:24:53.724+0000] {processor.py:829} INFO - Processing file /home/airflow/.local/lib/python3.8/site-packages/airflow/example_dags/example_sla_dag.py for tasks to queue
[2023-11-23T11:24:53.725+0000] {logging_mixin.py:154} INFO - [2023-11-23T11:24:53.725+0000] {dagbag.py:536} INFO - Filling up the DagBag from /home/airflow/.local/lib/python3.8/site-packages/airflow/example_dags/example_sla_dag.py
[2023-11-23T11:24:53.730+0000] {processor.py:839} INFO - DAG(s) dict_keys(['example_sla_dag']) retrieved from /home/airflow/.local/lib/python3.8/site-packages/airflow/example_dags/example_sla_dag.py
[2023-11-23T11:24:53.741+0000] {logging_mixin.py:154} INFO - [2023-11-23T11:24:53.741+0000] {dag.py:2941} INFO - Sync 1 DAGs
[2023-11-23T11:24:53.757+0000] {logging_mixin.py:154} INFO - [2023-11-23T11:24:53.757+0000] {dag.py:3722} INFO - Setting next_dagrun for example_sla_dag to 2023-11-23T11:22:00+00:00, run_after=2023-11-23T11:24:00+00:00
[2023-11-23T11:24:53.768+0000] {processor.py:179} INFO - Processing /home/airflow/.local/lib/python3.8/site-packages/airflow/example_dags/example_sla_dag.py took 0.046 seconds
[2023-11-23T11:25:23.925+0000] {processor.py:157} INFO - Started process (PID=380) to work on /home/airflow/.local/lib/python3.8/site-packages/airflow/example_dags/example_sla_dag.py
[2023-11-23T11:25:23.926+0000] {processor.py:829} INFO - Processing file /home/airflow/.local/lib/python3.8/site-packages/airflow/example_dags/example_sla_dag.py for tasks to queue
[2023-11-23T11:25:23.927+0000] {logging_mixin.py:154} INFO - [2023-11-23T11:25:23.927+0000] {dagbag.py:536} INFO - Filling up the DagBag from /home/airflow/.local/lib/python3.8/site-packages/airflow/example_dags/example_sla_dag.py
[2023-11-23T11:25:23.932+0000] {processor.py:839} INFO - DAG(s) dict_keys(['example_sla_dag']) retrieved from /home/airflow/.local/lib/python3.8/site-packages/airflow/example_dags/example_sla_dag.py
[2023-11-23T11:25:23.942+0000] {logging_mixin.py:154} INFO - [2023-11-23T11:25:23.942+0000] {dag.py:2941} INFO - Sync 1 DAGs
[2023-11-23T11:25:23.958+0000] {logging_mixin.py:154} INFO - [2023-11-23T11:25:23.958+0000] {dag.py:3722} INFO - Setting next_dagrun for example_sla_dag to 2023-11-23T11:22:00+00:00, run_after=2023-11-23T11:24:00+00:00
[2023-11-23T11:25:23.969+0000] {processor.py:179} INFO - Processing /home/airflow/.local/lib/python3.8/site-packages/airflow/example_dags/example_sla_dag.py took 0.046 seconds
[2023-11-23T11:25:54.514+0000] {processor.py:157} INFO - Started process (PID=434) to work on /home/airflow/.local/lib/python3.8/site-packages/airflow/example_dags/example_sla_dag.py
[2023-11-23T11:25:54.515+0000] {processor.py:829} INFO - Processing file /home/airflow/.local/lib/python3.8/site-packages/airflow/example_dags/example_sla_dag.py for tasks to queue
[2023-11-23T11:25:54.516+0000] {logging_mixin.py:154} INFO - [2023-11-23T11:25:54.516+0000] {dagbag.py:536} INFO - Filling up the DagBag from /home/airflow/.local/lib/python3.8/site-packages/airflow/example_dags/example_sla_dag.py
[2023-11-23T11:25:54.521+0000] {processor.py:839} INFO - DAG(s) dict_keys(['example_sla_dag']) retrieved from /home/airflow/.local/lib/python3.8/site-packages/airflow/example_dags/example_sla_dag.py
[2023-11-23T11:25:54.536+0000] {logging_mixin.py:154} INFO - [2023-11-23T11:25:54.536+0000] {dag.py:2941} INFO - Sync 1 DAGs
[2023-11-23T11:25:54.554+0000] {logging_mixin.py:154} INFO - [2023-11-23T11:25:54.554+0000] {dag.py:3722} INFO - Setting next_dagrun for example_sla_dag to 2023-11-23T11:22:00+00:00, run_after=2023-11-23T11:24:00+00:00
[2023-11-23T11:25:54.567+0000] {processor.py:179} INFO - Processing /home/airflow/.local/lib/python3.8/site-packages/airflow/example_dags/example_sla_dag.py took 0.054 seconds
[2023-11-23T11:26:25.146+0000] {processor.py:157} INFO - Started process (PID=488) to work on /home/airflow/.local/lib/python3.8/site-packages/airflow/example_dags/example_sla_dag.py
[2023-11-23T11:26:25.147+0000] {processor.py:829} INFO - Processing file /home/airflow/.local/lib/python3.8/site-packages/airflow/example_dags/example_sla_dag.py for tasks to queue
[2023-11-23T11:26:25.148+0000] {logging_mixin.py:154} INFO - [2023-11-23T11:26:25.147+0000] {dagbag.py:536} INFO - Filling up the DagBag from /home/airflow/.local/lib/python3.8/site-packages/airflow/example_dags/example_sla_dag.py
[2023-11-23T11:26:25.152+0000] {processor.py:839} INFO - DAG(s) dict_keys(['example_sla_dag']) retrieved from /home/airflow/.local/lib/python3.8/site-packages/airflow/example_dags/example_sla_dag.py
[2023-11-23T11:26:25.163+0000] {logging_mixin.py:154} INFO - [2023-11-23T11:26:25.163+0000] {dag.py:2941} INFO - Sync 1 DAGs
[2023-11-23T11:26:25.179+0000] {logging_mixin.py:154} INFO - [2023-11-23T11:26:25.179+0000] {dag.py:3722} INFO - Setting next_dagrun for example_sla_dag to 2023-11-23T11:24:00+00:00, run_after=2023-11-23T11:26:00+00:00
[2023-11-23T11:26:25.190+0000] {processor.py:179} INFO - Processing /home/airflow/.local/lib/python3.8/site-packages/airflow/example_dags/example_sla_dag.py took 0.045 seconds
[2023-11-23T11:26:55.424+0000] {processor.py:157} INFO - Started process (PID=542) to work on /home/airflow/.local/lib/python3.8/site-packages/airflow/example_dags/example_sla_dag.py
[2023-11-23T11:26:55.424+0000] {processor.py:829} INFO - Processing file /home/airflow/.local/lib/python3.8/site-packages/airflow/example_dags/example_sla_dag.py for tasks to queue
[2023-11-23T11:26:55.425+0000] {logging_mixin.py:154} INFO - [2023-11-23T11:26:55.425+0000] {dagbag.py:536} INFO - Filling up the DagBag from /home/airflow/.local/lib/python3.8/site-packages/airflow/example_dags/example_sla_dag.py
[2023-11-23T11:26:55.430+0000] {processor.py:839} INFO - DAG(s) dict_keys(['example_sla_dag']) retrieved from /home/airflow/.local/lib/python3.8/site-packages/airflow/example_dags/example_sla_dag.py
[2023-11-23T11:26:55.441+0000] {logging_mixin.py:154} INFO - [2023-11-23T11:26:55.441+0000] {dag.py:2941} INFO - Sync 1 DAGs
[2023-11-23T11:26:55.458+0000] {logging_mixin.py:154} INFO - [2023-11-23T11:26:55.458+0000] {dag.py:3722} INFO - Setting next_dagrun for example_sla_dag to 2023-11-23T11:24:00+00:00, run_after=2023-11-23T11:26:00+00:00
[2023-11-23T11:26:55.469+0000] {processor.py:179} INFO - Processing /home/airflow/.local/lib/python3.8/site-packages/airflow/example_dags/example_sla_dag.py took 0.047 seconds
[2023-11-23T11:27:26.127+0000] {processor.py:157} INFO - Started process (PID=596) to work on /home/airflow/.local/lib/python3.8/site-packages/airflow/example_dags/example_sla_dag.py
[2023-11-23T11:27:26.128+0000] {processor.py:829} INFO - Processing file /home/airflow/.local/lib/python3.8/site-packages/airflow/example_dags/example_sla_dag.py for tasks to queue
[2023-11-23T11:27:26.129+0000] {logging_mixin.py:154} INFO - [2023-11-23T11:27:26.129+0000] {dagbag.py:536} INFO - Filling up the DagBag from /home/airflow/.local/lib/python3.8/site-packages/airflow/example_dags/example_sla_dag.py
[2023-11-23T11:27:26.133+0000] {processor.py:839} INFO - DAG(s) dict_keys(['example_sla_dag']) retrieved from /home/airflow/.local/lib/python3.8/site-packages/airflow/example_dags/example_sla_dag.py
[2023-11-23T11:27:26.144+0000] {logging_mixin.py:154} INFO - [2023-11-23T11:27:26.144+0000] {dag.py:2941} INFO - Sync 1 DAGs
[2023-11-23T11:27:26.162+0000] {logging_mixin.py:154} INFO - [2023-11-23T11:27:26.162+0000] {dag.py:3722} INFO - Setting next_dagrun for example_sla_dag to 2023-11-23T11:24:00+00:00, run_after=2023-11-23T11:26:00+00:00
[2023-11-23T11:27:26.173+0000] {processor.py:179} INFO - Processing /home/airflow/.local/lib/python3.8/site-packages/airflow/example_dags/example_sla_dag.py took 0.048 seconds
[2023-11-23T11:27:56.707+0000] {processor.py:157} INFO - Started process (PID=650) to work on /home/airflow/.local/lib/python3.8/site-packages/airflow/example_dags/example_sla_dag.py
[2023-11-23T11:27:56.708+0000] {processor.py:829} INFO - Processing file /home/airflow/.local/lib/python3.8/site-packages/airflow/example_dags/example_sla_dag.py for tasks to queue
[2023-11-23T11:27:56.709+0000] {logging_mixin.py:154} INFO - [2023-11-23T11:27:56.709+0000] {dagbag.py:536} INFO - Filling up the DagBag from /home/airflow/.local/lib/python3.8/site-packages/airflow/example_dags/example_sla_dag.py
[2023-11-23T11:27:56.714+0000] {processor.py:839} INFO - DAG(s) dict_keys(['example_sla_dag']) retrieved from /home/airflow/.local/lib/python3.8/site-packages/airflow/example_dags/example_sla_dag.py
[2023-11-23T11:27:56.725+0000] {logging_mixin.py:154} INFO - [2023-11-23T11:27:56.725+0000] {dag.py:2941} INFO - Sync 1 DAGs
[2023-11-23T11:27:56.742+0000] {logging_mixin.py:154} INFO - [2023-11-23T11:27:56.742+0000] {dag.py:3722} INFO - Setting next_dagrun for example_sla_dag to 2023-11-23T11:24:00+00:00, run_after=2023-11-23T11:26:00+00:00
[2023-11-23T11:27:56.754+0000] {processor.py:179} INFO - Processing /home/airflow/.local/lib/python3.8/site-packages/airflow/example_dags/example_sla_dag.py took 0.048 seconds
[2023-11-23T11:28:27.381+0000] {processor.py:157} INFO - Started process (PID=704) to work on /home/airflow/.local/lib/python3.8/site-packages/airflow/example_dags/example_sla_dag.py
[2023-11-23T11:28:27.382+0000] {processor.py:829} INFO - Processing file /home/airflow/.local/lib/python3.8/site-packages/airflow/example_dags/example_sla_dag.py for tasks to queue
[2023-11-23T11:28:27.383+0000] {logging_mixin.py:154} INFO - [2023-11-23T11:28:27.383+0000] {dagbag.py:536} INFO - Filling up the DagBag from /home/airflow/.local/lib/python3.8/site-packages/airflow/example_dags/example_sla_dag.py
[2023-11-23T11:28:27.388+0000] {processor.py:839} INFO - DAG(s) dict_keys(['example_sla_dag']) retrieved from /home/airflow/.local/lib/python3.8/site-packages/airflow/example_dags/example_sla_dag.py
[2023-11-23T11:28:27.399+0000] {logging_mixin.py:154} INFO - [2023-11-23T11:28:27.399+0000] {dag.py:2941} INFO - Sync 1 DAGs
[2023-11-23T11:28:27.415+0000] {logging_mixin.py:154} INFO - [2023-11-23T11:28:27.415+0000] {dag.py:3722} INFO - Setting next_dagrun for example_sla_dag to 2023-11-23T11:26:00+00:00, run_after=2023-11-23T11:28:00+00:00
[2023-11-23T11:28:27.426+0000] {processor.py:179} INFO - Processing /home/airflow/.local/lib/python3.8/site-packages/airflow/example_dags/example_sla_dag.py took 0.047 seconds
[2023-11-23T11:28:58.022+0000] {processor.py:157} INFO - Started process (PID=758) to work on /home/airflow/.local/lib/python3.8/site-packages/airflow/example_dags/example_sla_dag.py
[2023-11-23T11:28:58.022+0000] {processor.py:829} INFO - Processing file /home/airflow/.local/lib/python3.8/site-packages/airflow/example_dags/example_sla_dag.py for tasks to queue
[2023-11-23T11:28:58.024+0000] {logging_mixin.py:154} INFO - [2023-11-23T11:28:58.023+0000] {dagbag.py:536} INFO - Filling up the DagBag from /home/airflow/.local/lib/python3.8/site-packages/airflow/example_dags/example_sla_dag.py
[2023-11-23T11:28:58.029+0000] {processor.py:839} INFO - DAG(s) dict_keys(['example_sla_dag']) retrieved from /home/airflow/.local/lib/python3.8/site-packages/airflow/example_dags/example_sla_dag.py
[2023-11-23T11:28:58.041+0000] {logging_mixin.py:154} INFO - [2023-11-23T11:28:58.040+0000] {dag.py:2941} INFO - Sync 1 DAGs
[2023-11-23T11:28:58.057+0000] {logging_mixin.py:154} INFO - [2023-11-23T11:28:58.057+0000] {dag.py:3722} INFO - Setting next_dagrun for example_sla_dag to 2023-11-23T11:26:00+00:00, run_after=2023-11-23T11:28:00+00:00
[2023-11-23T11:28:58.068+0000] {processor.py:179} INFO - Processing /home/airflow/.local/lib/python3.8/site-packages/airflow/example_dags/example_sla_dag.py took 0.048 seconds
[2023-11-23T11:29:28.650+0000] {processor.py:157} INFO - Started process (PID=813) to work on /home/airflow/.local/lib/python3.8/site-packages/airflow/example_dags/example_sla_dag.py
[2023-11-23T11:29:28.650+0000] {processor.py:829} INFO - Processing file /home/airflow/.local/lib/python3.8/site-packages/airflow/example_dags/example_sla_dag.py for tasks to queue
[2023-11-23T11:29:28.652+0000] {logging_mixin.py:154} INFO - [2023-11-23T11:29:28.651+0000] {dagbag.py:536} INFO - Filling up the DagBag from /home/airflow/.local/lib/python3.8/site-packages/airflow/example_dags/example_sla_dag.py
[2023-11-23T11:29:28.657+0000] {processor.py:839} INFO - DAG(s) dict_keys(['example_sla_dag']) retrieved from /home/airflow/.local/lib/python3.8/site-packages/airflow/example_dags/example_sla_dag.py
[2023-11-23T11:29:28.670+0000] {logging_mixin.py:154} INFO - [2023-11-23T11:29:28.670+0000] {dag.py:2941} INFO - Sync 1 DAGs
[2023-11-23T11:29:28.688+0000] {logging_mixin.py:154} INFO - [2023-11-23T11:29:28.688+0000] {dag.py:3722} INFO - Setting next_dagrun for example_sla_dag to 2023-11-23T11:26:00+00:00, run_after=2023-11-23T11:28:00+00:00
[2023-11-23T11:29:28.700+0000] {processor.py:179} INFO - Processing /home/airflow/.local/lib/python3.8/site-packages/airflow/example_dags/example_sla_dag.py took 0.052 seconds
[2023-11-23T11:29:59.230+0000] {processor.py:157} INFO - Started process (PID=867) to work on /home/airflow/.local/lib/python3.8/site-packages/airflow/example_dags/example_sla_dag.py
[2023-11-23T11:29:59.231+0000] {processor.py:829} INFO - Processing file /home/airflow/.local/lib/python3.8/site-packages/airflow/example_dags/example_sla_dag.py for tasks to queue
[2023-11-23T11:29:59.232+0000] {logging_mixin.py:154} INFO - [2023-11-23T11:29:59.232+0000] {dagbag.py:536} INFO - Filling up the DagBag from /home/airflow/.local/lib/python3.8/site-packages/airflow/example_dags/example_sla_dag.py
[2023-11-23T11:29:59.236+0000] {processor.py:839} INFO - DAG(s) dict_keys(['example_sla_dag']) retrieved from /home/airflow/.local/lib/python3.8/site-packages/airflow/example_dags/example_sla_dag.py
[2023-11-23T11:29:59.247+0000] {logging_mixin.py:154} INFO - [2023-11-23T11:29:59.247+0000] {dag.py:2941} INFO - Sync 1 DAGs
[2023-11-23T11:29:59.263+0000] {logging_mixin.py:154} INFO - [2023-11-23T11:29:59.263+0000] {dag.py:3722} INFO - Setting next_dagrun for example_sla_dag to 2023-11-23T11:26:00+00:00, run_after=2023-11-23T11:28:00+00:00
[2023-11-23T11:29:59.275+0000] {processor.py:179} INFO - Processing /home/airflow/.local/lib/python3.8/site-packages/airflow/example_dags/example_sla_dag.py took 0.046 seconds
[2023-11-23T11:30:29.360+0000] {processor.py:157} INFO - Started process (PID=920) to work on /home/airflow/.local/lib/python3.8/site-packages/airflow/example_dags/example_sla_dag.py
[2023-11-23T11:30:29.361+0000] {processor.py:829} INFO - Processing file /home/airflow/.local/lib/python3.8/site-packages/airflow/example_dags/example_sla_dag.py for tasks to queue
[2023-11-23T11:30:29.362+0000] {logging_mixin.py:154} INFO - [2023-11-23T11:30:29.362+0000] {dagbag.py:536} INFO - Filling up the DagBag from /home/airflow/.local/lib/python3.8/site-packages/airflow/example_dags/example_sla_dag.py
[2023-11-23T11:30:29.367+0000] {processor.py:839} INFO - DAG(s) dict_keys(['example_sla_dag']) retrieved from /home/airflow/.local/lib/python3.8/site-packages/airflow/example_dags/example_sla_dag.py
[2023-11-23T11:30:29.380+0000] {logging_mixin.py:154} INFO - [2023-11-23T11:30:29.379+0000] {dag.py:2941} INFO - Sync 1 DAGs
[2023-11-23T11:30:29.399+0000] {logging_mixin.py:154} INFO - [2023-11-23T11:30:29.399+0000] {dag.py:3722} INFO - Setting next_dagrun for example_sla_dag to 2023-11-23T11:28:00+00:00, run_after=2023-11-23T11:30:00+00:00
[2023-11-23T11:30:29.411+0000] {processor.py:179} INFO - Processing /home/airflow/.local/lib/python3.8/site-packages/airflow/example_dags/example_sla_dag.py took 0.052 seconds
[2023-11-23T11:30:59.679+0000] {processor.py:157} INFO - Started process (PID=975) to work on /home/airflow/.local/lib/python3.8/site-packages/airflow/example_dags/example_sla_dag.py
[2023-11-23T11:30:59.680+0000] {processor.py:829} INFO - Processing file /home/airflow/.local/lib/python3.8/site-packages/airflow/example_dags/example_sla_dag.py for tasks to queue
[2023-11-23T11:30:59.681+0000] {logging_mixin.py:154} INFO - [2023-11-23T11:30:59.681+0000] {dagbag.py:536} INFO - Filling up the DagBag from /home/airflow/.local/lib/python3.8/site-packages/airflow/example_dags/example_sla_dag.py
[2023-11-23T11:30:59.686+0000] {processor.py:839} INFO - DAG(s) dict_keys(['example_sla_dag']) retrieved from /home/airflow/.local/lib/python3.8/site-packages/airflow/example_dags/example_sla_dag.py
[2023-11-23T11:30:59.697+0000] {logging_mixin.py:154} INFO - [2023-11-23T11:30:59.697+0000] {dag.py:2941} INFO - Sync 1 DAGs
[2023-11-23T11:30:59.713+0000] {logging_mixin.py:154} INFO - [2023-11-23T11:30:59.713+0000] {dag.py:3722} INFO - Setting next_dagrun for example_sla_dag to 2023-11-23T11:28:00+00:00, run_after=2023-11-23T11:30:00+00:00
[2023-11-23T11:30:59.724+0000] {processor.py:179} INFO - Processing /home/airflow/.local/lib/python3.8/site-packages/airflow/example_dags/example_sla_dag.py took 0.046 seconds
[2023-11-23T11:31:29.881+0000] {processor.py:157} INFO - Started process (PID=1029) to work on /home/airflow/.local/lib/python3.8/site-packages/airflow/example_dags/example_sla_dag.py
[2023-11-23T11:31:29.882+0000] {processor.py:829} INFO - Processing file /home/airflow/.local/lib/python3.8/site-packages/airflow/example_dags/example_sla_dag.py for tasks to queue
[2023-11-23T11:31:29.884+0000] {logging_mixin.py:154} INFO - [2023-11-23T11:31:29.883+0000] {dagbag.py:536} INFO - Filling up the DagBag from /home/airflow/.local/lib/python3.8/site-packages/airflow/example_dags/example_sla_dag.py
[2023-11-23T11:31:29.889+0000] {processor.py:839} INFO - DAG(s) dict_keys(['example_sla_dag']) retrieved from /home/airflow/.local/lib/python3.8/site-packages/airflow/example_dags/example_sla_dag.py
[2023-11-23T11:31:29.902+0000] {logging_mixin.py:154} INFO - [2023-11-23T11:31:29.902+0000] {dag.py:2941} INFO - Sync 1 DAGs
[2023-11-23T11:31:29.920+0000] {logging_mixin.py:154} INFO - [2023-11-23T11:31:29.920+0000] {dag.py:3722} INFO - Setting next_dagrun for example_sla_dag to 2023-11-23T11:28:00+00:00, run_after=2023-11-23T11:30:00+00:00
[2023-11-23T11:31:29.932+0000] {processor.py:179} INFO - Processing /home/airflow/.local/lib/python3.8/site-packages/airflow/example_dags/example_sla_dag.py took 0.052 seconds
[2023-11-23T11:31:59.951+0000] {processor.py:157} INFO - Started process (PID=1082) to work on /home/airflow/.local/lib/python3.8/site-packages/airflow/example_dags/example_sla_dag.py
[2023-11-23T11:31:59.951+0000] {processor.py:829} INFO - Processing file /home/airflow/.local/lib/python3.8/site-packages/airflow/example_dags/example_sla_dag.py for tasks to queue
[2023-11-23T11:31:59.952+0000] {logging_mixin.py:154} INFO - [2023-11-23T11:31:59.952+0000] {dagbag.py:536} INFO - Filling up the DagBag from /home/airflow/.local/lib/python3.8/site-packages/airflow/example_dags/example_sla_dag.py
[2023-11-23T11:31:59.957+0000] {processor.py:839} INFO - DAG(s) dict_keys(['example_sla_dag']) retrieved from /home/airflow/.local/lib/python3.8/site-packages/airflow/example_dags/example_sla_dag.py
[2023-11-23T11:31:59.969+0000] {logging_mixin.py:154} INFO - [2023-11-23T11:31:59.968+0000] {dag.py:2941} INFO - Sync 1 DAGs
[2023-11-23T11:31:59.985+0000] {logging_mixin.py:154} INFO - [2023-11-23T11:31:59.984+0000] {dag.py:3722} INFO - Setting next_dagrun for example_sla_dag to 2023-11-23T11:28:00+00:00, run_after=2023-11-23T11:30:00+00:00
[2023-11-23T11:31:59.996+0000] {processor.py:179} INFO - Processing /home/airflow/.local/lib/python3.8/site-packages/airflow/example_dags/example_sla_dag.py took 0.047 seconds
[2023-11-23T11:32:30.292+0000] {processor.py:157} INFO - Started process (PID=1136) to work on /home/airflow/.local/lib/python3.8/site-packages/airflow/example_dags/example_sla_dag.py
[2023-11-23T11:32:30.293+0000] {processor.py:829} INFO - Processing file /home/airflow/.local/lib/python3.8/site-packages/airflow/example_dags/example_sla_dag.py for tasks to queue
[2023-11-23T11:32:30.294+0000] {logging_mixin.py:154} INFO - [2023-11-23T11:32:30.294+0000] {dagbag.py:536} INFO - Filling up the DagBag from /home/airflow/.local/lib/python3.8/site-packages/airflow/example_dags/example_sla_dag.py
[2023-11-23T11:32:30.299+0000] {processor.py:839} INFO - DAG(s) dict_keys(['example_sla_dag']) retrieved from /home/airflow/.local/lib/python3.8/site-packages/airflow/example_dags/example_sla_dag.py
[2023-11-23T11:32:30.310+0000] {logging_mixin.py:154} INFO - [2023-11-23T11:32:30.310+0000] {dag.py:2941} INFO - Sync 1 DAGs
[2023-11-23T11:32:30.326+0000] {logging_mixin.py:154} INFO - [2023-11-23T11:32:30.325+0000] {dag.py:3722} INFO - Setting next_dagrun for example_sla_dag to 2023-11-23T11:30:00+00:00, run_after=2023-11-23T11:32:00+00:00
[2023-11-23T11:32:30.337+0000] {processor.py:179} INFO - Processing /home/airflow/.local/lib/python3.8/site-packages/airflow/example_dags/example_sla_dag.py took 0.046 seconds
[2023-11-23T11:33:00.589+0000] {processor.py:157} INFO - Started process (PID=1190) to work on /home/airflow/.local/lib/python3.8/site-packages/airflow/example_dags/example_sla_dag.py
[2023-11-23T11:33:00.589+0000] {processor.py:829} INFO - Processing file /home/airflow/.local/lib/python3.8/site-packages/airflow/example_dags/example_sla_dag.py for tasks to queue
[2023-11-23T11:33:00.590+0000] {logging_mixin.py:154} INFO - [2023-11-23T11:33:00.590+0000] {dagbag.py:536} INFO - Filling up the DagBag from /home/airflow/.local/lib/python3.8/site-packages/airflow/example_dags/example_sla_dag.py
[2023-11-23T11:33:00.595+0000] {processor.py:839} INFO - DAG(s) dict_keys(['example_sla_dag']) retrieved from /home/airflow/.local/lib/python3.8/site-packages/airflow/example_dags/example_sla_dag.py
[2023-11-23T11:33:00.606+0000] {logging_mixin.py:154} INFO - [2023-11-23T11:33:00.606+0000] {dag.py:2941} INFO - Sync 1 DAGs
[2023-11-23T11:33:00.621+0000] {logging_mixin.py:154} INFO - [2023-11-23T11:33:00.621+0000] {dag.py:3722} INFO - Setting next_dagrun for example_sla_dag to 2023-11-23T11:30:00+00:00, run_after=2023-11-23T11:32:00+00:00
[2023-11-23T11:33:00.632+0000] {processor.py:179} INFO - Processing /home/airflow/.local/lib/python3.8/site-packages/airflow/example_dags/example_sla_dag.py took 0.045 seconds
[2023-11-23T11:38:43.270+0000] {processor.py:157} INFO - Started process (PID=58) to work on /home/airflow/.local/lib/python3.8/site-packages/airflow/example_dags/example_sla_dag.py
[2023-11-23T11:38:43.271+0000] {processor.py:829} INFO - Processing file /home/airflow/.local/lib/python3.8/site-packages/airflow/example_dags/example_sla_dag.py for tasks to queue
[2023-11-23T11:38:43.272+0000] {logging_mixin.py:154} INFO - [2023-11-23T11:38:43.272+0000] {dagbag.py:536} INFO - Filling up the DagBag from /home/airflow/.local/lib/python3.8/site-packages/airflow/example_dags/example_sla_dag.py
[2023-11-23T11:38:43.277+0000] {processor.py:839} INFO - DAG(s) dict_keys(['example_sla_dag']) retrieved from /home/airflow/.local/lib/python3.8/site-packages/airflow/example_dags/example_sla_dag.py
[2023-11-23T11:38:43.285+0000] {logging_mixin.py:154} INFO - [2023-11-23T11:38:43.285+0000] {dag.py:2941} INFO - Sync 1 DAGs
[2023-11-23T11:38:43.302+0000] {logging_mixin.py:154} INFO - [2023-11-23T11:38:43.302+0000] {dag.py:3722} INFO - Setting next_dagrun for example_sla_dag to 2023-11-23T11:36:00+00:00, run_after=2023-11-23T11:38:00+00:00
[2023-11-23T11:38:43.314+0000] {processor.py:179} INFO - Processing /home/airflow/.local/lib/python3.8/site-packages/airflow/example_dags/example_sla_dag.py took 0.046 seconds
[2023-11-23T11:39:14.107+0000] {processor.py:157} INFO - Started process (PID=114) to work on /home/airflow/.local/lib/python3.8/site-packages/airflow/example_dags/example_sla_dag.py
[2023-11-23T11:39:14.108+0000] {processor.py:829} INFO - Processing file /home/airflow/.local/lib/python3.8/site-packages/airflow/example_dags/example_sla_dag.py for tasks to queue
[2023-11-23T11:39:14.109+0000] {logging_mixin.py:154} INFO - [2023-11-23T11:39:14.109+0000] {dagbag.py:536} INFO - Filling up the DagBag from /home/airflow/.local/lib/python3.8/site-packages/airflow/example_dags/example_sla_dag.py
[2023-11-23T11:39:14.114+0000] {processor.py:839} INFO - DAG(s) dict_keys(['example_sla_dag']) retrieved from /home/airflow/.local/lib/python3.8/site-packages/airflow/example_dags/example_sla_dag.py
[2023-11-23T11:39:14.125+0000] {logging_mixin.py:154} INFO - [2023-11-23T11:39:14.125+0000] {dag.py:2941} INFO - Sync 1 DAGs
[2023-11-23T11:39:14.142+0000] {logging_mixin.py:154} INFO - [2023-11-23T11:39:14.142+0000] {dag.py:3722} INFO - Setting next_dagrun for example_sla_dag to 2023-11-23T11:36:00+00:00, run_after=2023-11-23T11:38:00+00:00
[2023-11-23T11:39:14.154+0000] {processor.py:179} INFO - Processing /home/airflow/.local/lib/python3.8/site-packages/airflow/example_dags/example_sla_dag.py took 0.048 seconds
[2023-11-23T11:39:45.277+0000] {processor.py:157} INFO - Started process (PID=170) to work on /home/airflow/.local/lib/python3.8/site-packages/airflow/example_dags/example_sla_dag.py
[2023-11-23T11:39:45.278+0000] {processor.py:829} INFO - Processing file /home/airflow/.local/lib/python3.8/site-packages/airflow/example_dags/example_sla_dag.py for tasks to queue
[2023-11-23T11:39:45.279+0000] {logging_mixin.py:154} INFO - [2023-11-23T11:39:45.279+0000] {dagbag.py:536} INFO - Filling up the DagBag from /home/airflow/.local/lib/python3.8/site-packages/airflow/example_dags/example_sla_dag.py
[2023-11-23T11:39:45.284+0000] {processor.py:839} INFO - DAG(s) dict_keys(['example_sla_dag']) retrieved from /home/airflow/.local/lib/python3.8/site-packages/airflow/example_dags/example_sla_dag.py
[2023-11-23T11:39:45.295+0000] {logging_mixin.py:154} INFO - [2023-11-23T11:39:45.295+0000] {dag.py:2941} INFO - Sync 1 DAGs
[2023-11-23T11:39:45.310+0000] {logging_mixin.py:154} INFO - [2023-11-23T11:39:45.310+0000] {dag.py:3722} INFO - Setting next_dagrun for example_sla_dag to 2023-11-23T11:36:00+00:00, run_after=2023-11-23T11:38:00+00:00
[2023-11-23T11:39:45.322+0000] {processor.py:179} INFO - Processing /home/airflow/.local/lib/python3.8/site-packages/airflow/example_dags/example_sla_dag.py took 0.046 seconds
[2023-11-23T11:40:16.600+0000] {processor.py:157} INFO - Started process (PID=226) to work on /home/airflow/.local/lib/python3.8/site-packages/airflow/example_dags/example_sla_dag.py
[2023-11-23T11:40:16.601+0000] {processor.py:829} INFO - Processing file /home/airflow/.local/lib/python3.8/site-packages/airflow/example_dags/example_sla_dag.py for tasks to queue
[2023-11-23T11:40:16.602+0000] {logging_mixin.py:154} INFO - [2023-11-23T11:40:16.602+0000] {dagbag.py:536} INFO - Filling up the DagBag from /home/airflow/.local/lib/python3.8/site-packages/airflow/example_dags/example_sla_dag.py
[2023-11-23T11:40:16.608+0000] {processor.py:839} INFO - DAG(s) dict_keys(['example_sla_dag']) retrieved from /home/airflow/.local/lib/python3.8/site-packages/airflow/example_dags/example_sla_dag.py
[2023-11-23T11:40:16.620+0000] {logging_mixin.py:154} INFO - [2023-11-23T11:40:16.620+0000] {dag.py:2941} INFO - Sync 1 DAGs
[2023-11-23T11:40:16.638+0000] {logging_mixin.py:154} INFO - [2023-11-23T11:40:16.638+0000] {dag.py:3722} INFO - Setting next_dagrun for example_sla_dag to 2023-11-23T11:38:00+00:00, run_after=2023-11-23T11:40:00+00:00
[2023-11-23T11:40:16.649+0000] {processor.py:179} INFO - Processing /home/airflow/.local/lib/python3.8/site-packages/airflow/example_dags/example_sla_dag.py took 0.051 seconds
[2023-11-23T11:40:47.589+0000] {processor.py:157} INFO - Started process (PID=282) to work on /home/airflow/.local/lib/python3.8/site-packages/airflow/example_dags/example_sla_dag.py
[2023-11-23T11:40:47.590+0000] {processor.py:829} INFO - Processing file /home/airflow/.local/lib/python3.8/site-packages/airflow/example_dags/example_sla_dag.py for tasks to queue
[2023-11-23T11:40:47.591+0000] {logging_mixin.py:154} INFO - [2023-11-23T11:40:47.591+0000] {dagbag.py:536} INFO - Filling up the DagBag from /home/airflow/.local/lib/python3.8/site-packages/airflow/example_dags/example_sla_dag.py
[2023-11-23T11:40:47.596+0000] {processor.py:839} INFO - DAG(s) dict_keys(['example_sla_dag']) retrieved from /home/airflow/.local/lib/python3.8/site-packages/airflow/example_dags/example_sla_dag.py
[2023-11-23T11:40:47.607+0000] {logging_mixin.py:154} INFO - [2023-11-23T11:40:47.607+0000] {dag.py:2941} INFO - Sync 1 DAGs
[2023-11-23T11:40:47.624+0000] {logging_mixin.py:154} INFO - [2023-11-23T11:40:47.624+0000] {dag.py:3722} INFO - Setting next_dagrun for example_sla_dag to 2023-11-23T11:38:00+00:00, run_after=2023-11-23T11:40:00+00:00
[2023-11-23T11:40:47.635+0000] {processor.py:179} INFO - Processing /home/airflow/.local/lib/python3.8/site-packages/airflow/example_dags/example_sla_dag.py took 0.047 seconds
[2023-11-23T11:41:18.768+0000] {processor.py:157} INFO - Started process (PID=338) to work on /home/airflow/.local/lib/python3.8/site-packages/airflow/example_dags/example_sla_dag.py
[2023-11-23T11:41:18.769+0000] {processor.py:829} INFO - Processing file /home/airflow/.local/lib/python3.8/site-packages/airflow/example_dags/example_sla_dag.py for tasks to queue
[2023-11-23T11:41:18.770+0000] {logging_mixin.py:154} INFO - [2023-11-23T11:41:18.770+0000] {dagbag.py:536} INFO - Filling up the DagBag from /home/airflow/.local/lib/python3.8/site-packages/airflow/example_dags/example_sla_dag.py
[2023-11-23T11:41:18.775+0000] {processor.py:839} INFO - DAG(s) dict_keys(['example_sla_dag']) retrieved from /home/airflow/.local/lib/python3.8/site-packages/airflow/example_dags/example_sla_dag.py
[2023-11-23T11:41:18.786+0000] {logging_mixin.py:154} INFO - [2023-11-23T11:41:18.786+0000] {dag.py:2941} INFO - Sync 1 DAGs
[2023-11-23T11:41:18.802+0000] {logging_mixin.py:154} INFO - [2023-11-23T11:41:18.802+0000] {dag.py:3722} INFO - Setting next_dagrun for example_sla_dag to 2023-11-23T11:38:00+00:00, run_after=2023-11-23T11:40:00+00:00
[2023-11-23T11:41:18.812+0000] {processor.py:179} INFO - Processing /home/airflow/.local/lib/python3.8/site-packages/airflow/example_dags/example_sla_dag.py took 0.045 seconds
[2023-11-23T11:41:50.039+0000] {processor.py:157} INFO - Started process (PID=394) to work on /home/airflow/.local/lib/python3.8/site-packages/airflow/example_dags/example_sla_dag.py
[2023-11-23T11:41:50.039+0000] {processor.py:829} INFO - Processing file /home/airflow/.local/lib/python3.8/site-packages/airflow/example_dags/example_sla_dag.py for tasks to queue
[2023-11-23T11:41:50.040+0000] {logging_mixin.py:154} INFO - [2023-11-23T11:41:50.040+0000] {dagbag.py:536} INFO - Filling up the DagBag from /home/airflow/.local/lib/python3.8/site-packages/airflow/example_dags/example_sla_dag.py
[2023-11-23T11:41:50.045+0000] {processor.py:839} INFO - DAG(s) dict_keys(['example_sla_dag']) retrieved from /home/airflow/.local/lib/python3.8/site-packages/airflow/example_dags/example_sla_dag.py
[2023-11-23T11:41:50.057+0000] {logging_mixin.py:154} INFO - [2023-11-23T11:41:50.056+0000] {dag.py:2941} INFO - Sync 1 DAGs
[2023-11-23T11:41:50.072+0000] {logging_mixin.py:154} INFO - [2023-11-23T11:41:50.072+0000] {dag.py:3722} INFO - Setting next_dagrun for example_sla_dag to 2023-11-23T11:38:00+00:00, run_after=2023-11-23T11:40:00+00:00
[2023-11-23T11:41:50.084+0000] {processor.py:179} INFO - Processing /home/airflow/.local/lib/python3.8/site-packages/airflow/example_dags/example_sla_dag.py took 0.047 seconds
[2023-11-23T11:42:21.212+0000] {processor.py:157} INFO - Started process (PID=450) to work on /home/airflow/.local/lib/python3.8/site-packages/airflow/example_dags/example_sla_dag.py
[2023-11-23T11:42:21.213+0000] {processor.py:829} INFO - Processing file /home/airflow/.local/lib/python3.8/site-packages/airflow/example_dags/example_sla_dag.py for tasks to queue
[2023-11-23T11:42:21.214+0000] {logging_mixin.py:154} INFO - [2023-11-23T11:42:21.214+0000] {dagbag.py:536} INFO - Filling up the DagBag from /home/airflow/.local/lib/python3.8/site-packages/airflow/example_dags/example_sla_dag.py
[2023-11-23T11:42:21.220+0000] {processor.py:839} INFO - DAG(s) dict_keys(['example_sla_dag']) retrieved from /home/airflow/.local/lib/python3.8/site-packages/airflow/example_dags/example_sla_dag.py
[2023-11-23T11:42:21.232+0000] {logging_mixin.py:154} INFO - [2023-11-23T11:42:21.232+0000] {dag.py:2941} INFO - Sync 1 DAGs
[2023-11-23T11:42:21.250+0000] {logging_mixin.py:154} INFO - [2023-11-23T11:42:21.250+0000] {dag.py:3722} INFO - Setting next_dagrun for example_sla_dag to 2023-11-23T11:40:00+00:00, run_after=2023-11-23T11:42:00+00:00
[2023-11-23T11:42:21.262+0000] {processor.py:179} INFO - Processing /home/airflow/.local/lib/python3.8/site-packages/airflow/example_dags/example_sla_dag.py took 0.052 seconds
[2023-11-23T11:42:51.586+0000] {processor.py:157} INFO - Started process (PID=507) to work on /home/airflow/.local/lib/python3.8/site-packages/airflow/example_dags/example_sla_dag.py
[2023-11-23T11:42:51.587+0000] {processor.py:829} INFO - Processing file /home/airflow/.local/lib/python3.8/site-packages/airflow/example_dags/example_sla_dag.py for tasks to queue
[2023-11-23T11:42:51.588+0000] {logging_mixin.py:154} INFO - [2023-11-23T11:42:51.588+0000] {dagbag.py:536} INFO - Filling up the DagBag from /home/airflow/.local/lib/python3.8/site-packages/airflow/example_dags/example_sla_dag.py
[2023-11-23T11:42:51.593+0000] {processor.py:839} INFO - DAG(s) dict_keys(['example_sla_dag']) retrieved from /home/airflow/.local/lib/python3.8/site-packages/airflow/example_dags/example_sla_dag.py
[2023-11-23T11:42:51.605+0000] {logging_mixin.py:154} INFO - [2023-11-23T11:42:51.605+0000] {dag.py:2941} INFO - Sync 1 DAGs
[2023-11-23T11:42:51.621+0000] {logging_mixin.py:154} INFO - [2023-11-23T11:42:51.621+0000] {dag.py:3722} INFO - Setting next_dagrun for example_sla_dag to 2023-11-23T11:40:00+00:00, run_after=2023-11-23T11:42:00+00:00
[2023-11-23T11:42:51.632+0000] {processor.py:179} INFO - Processing /home/airflow/.local/lib/python3.8/site-packages/airflow/example_dags/example_sla_dag.py took 0.048 seconds
[2023-11-23T11:43:21.851+0000] {processor.py:157} INFO - Started process (PID=563) to work on /home/airflow/.local/lib/python3.8/site-packages/airflow/example_dags/example_sla_dag.py
[2023-11-23T11:43:21.851+0000] {processor.py:829} INFO - Processing file /home/airflow/.local/lib/python3.8/site-packages/airflow/example_dags/example_sla_dag.py for tasks to queue
[2023-11-23T11:43:21.853+0000] {logging_mixin.py:154} INFO - [2023-11-23T11:43:21.852+0000] {dagbag.py:536} INFO - Filling up the DagBag from /home/airflow/.local/lib/python3.8/site-packages/airflow/example_dags/example_sla_dag.py
[2023-11-23T11:43:21.858+0000] {processor.py:839} INFO - DAG(s) dict_keys(['example_sla_dag']) retrieved from /home/airflow/.local/lib/python3.8/site-packages/airflow/example_dags/example_sla_dag.py
[2023-11-23T11:43:21.869+0000] {logging_mixin.py:154} INFO - [2023-11-23T11:43:21.869+0000] {dag.py:2941} INFO - Sync 1 DAGs
[2023-11-23T11:43:21.886+0000] {logging_mixin.py:154} INFO - [2023-11-23T11:43:21.886+0000] {dag.py:3722} INFO - Setting next_dagrun for example_sla_dag to 2023-11-23T11:40:00+00:00, run_after=2023-11-23T11:42:00+00:00
[2023-11-23T11:43:21.897+0000] {processor.py:179} INFO - Processing /home/airflow/.local/lib/python3.8/site-packages/airflow/example_dags/example_sla_dag.py took 0.048 seconds
[2023-11-23T11:43:51.935+0000] {processor.py:157} INFO - Started process (PID=618) to work on /home/airflow/.local/lib/python3.8/site-packages/airflow/example_dags/example_sla_dag.py
[2023-11-23T11:43:51.935+0000] {processor.py:829} INFO - Processing file /home/airflow/.local/lib/python3.8/site-packages/airflow/example_dags/example_sla_dag.py for tasks to queue
[2023-11-23T11:43:51.937+0000] {logging_mixin.py:154} INFO - [2023-11-23T11:43:51.936+0000] {dagbag.py:536} INFO - Filling up the DagBag from /home/airflow/.local/lib/python3.8/site-packages/airflow/example_dags/example_sla_dag.py
[2023-11-23T11:43:51.941+0000] {processor.py:839} INFO - DAG(s) dict_keys(['example_sla_dag']) retrieved from /home/airflow/.local/lib/python3.8/site-packages/airflow/example_dags/example_sla_dag.py
[2023-11-23T11:43:51.953+0000] {logging_mixin.py:154} INFO - [2023-11-23T11:43:51.953+0000] {dag.py:2941} INFO - Sync 1 DAGs
[2023-11-23T11:43:51.969+0000] {logging_mixin.py:154} INFO - [2023-11-23T11:43:51.969+0000] {dag.py:3722} INFO - Setting next_dagrun for example_sla_dag to 2023-11-23T11:40:00+00:00, run_after=2023-11-23T11:42:00+00:00
[2023-11-23T11:43:51.980+0000] {processor.py:179} INFO - Processing /home/airflow/.local/lib/python3.8/site-packages/airflow/example_dags/example_sla_dag.py took 0.047 seconds
[2023-11-23T11:44:23.051+0000] {processor.py:157} INFO - Started process (PID=675) to work on /home/airflow/.local/lib/python3.8/site-packages/airflow/example_dags/example_sla_dag.py
[2023-11-23T11:44:23.051+0000] {processor.py:829} INFO - Processing file /home/airflow/.local/lib/python3.8/site-packages/airflow/example_dags/example_sla_dag.py for tasks to queue
[2023-11-23T11:44:23.052+0000] {logging_mixin.py:154} INFO - [2023-11-23T11:44:23.052+0000] {dagbag.py:536} INFO - Filling up the DagBag from /home/airflow/.local/lib/python3.8/site-packages/airflow/example_dags/example_sla_dag.py
[2023-11-23T11:44:23.057+0000] {processor.py:839} INFO - DAG(s) dict_keys(['example_sla_dag']) retrieved from /home/airflow/.local/lib/python3.8/site-packages/airflow/example_dags/example_sla_dag.py
[2023-11-23T11:44:23.068+0000] {logging_mixin.py:154} INFO - [2023-11-23T11:44:23.068+0000] {dag.py:2941} INFO - Sync 1 DAGs
[2023-11-23T11:44:23.085+0000] {logging_mixin.py:154} INFO - [2023-11-23T11:44:23.085+0000] {dag.py:3722} INFO - Setting next_dagrun for example_sla_dag to 2023-11-23T11:42:00+00:00, run_after=2023-11-23T11:44:00+00:00
[2023-11-23T11:44:23.096+0000] {processor.py:179} INFO - Processing /home/airflow/.local/lib/python3.8/site-packages/airflow/example_dags/example_sla_dag.py took 0.046 seconds
[2023-11-23T11:44:54.250+0000] {processor.py:157} INFO - Started process (PID=731) to work on /home/airflow/.local/lib/python3.8/site-packages/airflow/example_dags/example_sla_dag.py
[2023-11-23T11:44:54.251+0000] {processor.py:829} INFO - Processing file /home/airflow/.local/lib/python3.8/site-packages/airflow/example_dags/example_sla_dag.py for tasks to queue
[2023-11-23T11:44:54.252+0000] {logging_mixin.py:154} INFO - [2023-11-23T11:44:54.252+0000] {dagbag.py:536} INFO - Filling up the DagBag from /home/airflow/.local/lib/python3.8/site-packages/airflow/example_dags/example_sla_dag.py
[2023-11-23T11:44:54.257+0000] {processor.py:839} INFO - DAG(s) dict_keys(['example_sla_dag']) retrieved from /home/airflow/.local/lib/python3.8/site-packages/airflow/example_dags/example_sla_dag.py
[2023-11-23T11:44:54.268+0000] {logging_mixin.py:154} INFO - [2023-11-23T11:44:54.268+0000] {dag.py:2941} INFO - Sync 1 DAGs
[2023-11-23T11:44:54.284+0000] {logging_mixin.py:154} INFO - [2023-11-23T11:44:54.284+0000] {dag.py:3722} INFO - Setting next_dagrun for example_sla_dag to 2023-11-23T11:42:00+00:00, run_after=2023-11-23T11:44:00+00:00
[2023-11-23T11:44:54.296+0000] {processor.py:179} INFO - Processing /home/airflow/.local/lib/python3.8/site-packages/airflow/example_dags/example_sla_dag.py took 0.048 seconds
[2023-11-23T11:45:25.351+0000] {processor.py:157} INFO - Started process (PID=787) to work on /home/airflow/.local/lib/python3.8/site-packages/airflow/example_dags/example_sla_dag.py
[2023-11-23T11:45:25.351+0000] {processor.py:829} INFO - Processing file /home/airflow/.local/lib/python3.8/site-packages/airflow/example_dags/example_sla_dag.py for tasks to queue
[2023-11-23T11:45:25.353+0000] {logging_mixin.py:154} INFO - [2023-11-23T11:45:25.352+0000] {dagbag.py:536} INFO - Filling up the DagBag from /home/airflow/.local/lib/python3.8/site-packages/airflow/example_dags/example_sla_dag.py
[2023-11-23T11:45:25.357+0000] {processor.py:839} INFO - DAG(s) dict_keys(['example_sla_dag']) retrieved from /home/airflow/.local/lib/python3.8/site-packages/airflow/example_dags/example_sla_dag.py
[2023-11-23T11:45:25.368+0000] {logging_mixin.py:154} INFO - [2023-11-23T11:45:25.368+0000] {dag.py:2941} INFO - Sync 1 DAGs
[2023-11-23T11:45:25.384+0000] {logging_mixin.py:154} INFO - [2023-11-23T11:45:25.384+0000] {dag.py:3722} INFO - Setting next_dagrun for example_sla_dag to 2023-11-23T11:42:00+00:00, run_after=2023-11-23T11:44:00+00:00
[2023-11-23T11:45:25.395+0000] {processor.py:179} INFO - Processing /home/airflow/.local/lib/python3.8/site-packages/airflow/example_dags/example_sla_dag.py took 0.046 seconds
[2023-11-23T11:45:56.496+0000] {processor.py:157} INFO - Started process (PID=843) to work on /home/airflow/.local/lib/python3.8/site-packages/airflow/example_dags/example_sla_dag.py
[2023-11-23T11:45:56.496+0000] {processor.py:829} INFO - Processing file /home/airflow/.local/lib/python3.8/site-packages/airflow/example_dags/example_sla_dag.py for tasks to queue
[2023-11-23T11:45:56.497+0000] {logging_mixin.py:154} INFO - [2023-11-23T11:45:56.497+0000] {dagbag.py:536} INFO - Filling up the DagBag from /home/airflow/.local/lib/python3.8/site-packages/airflow/example_dags/example_sla_dag.py
[2023-11-23T11:45:56.502+0000] {processor.py:839} INFO - DAG(s) dict_keys(['example_sla_dag']) retrieved from /home/airflow/.local/lib/python3.8/site-packages/airflow/example_dags/example_sla_dag.py
[2023-11-23T11:45:56.514+0000] {logging_mixin.py:154} INFO - [2023-11-23T11:45:56.514+0000] {dag.py:2941} INFO - Sync 1 DAGs
[2023-11-23T11:45:56.530+0000] {logging_mixin.py:154} INFO - [2023-11-23T11:45:56.530+0000] {dag.py:3722} INFO - Setting next_dagrun for example_sla_dag to 2023-11-23T11:42:00+00:00, run_after=2023-11-23T11:44:00+00:00
[2023-11-23T11:45:56.541+0000] {processor.py:179} INFO - Processing /home/airflow/.local/lib/python3.8/site-packages/airflow/example_dags/example_sla_dag.py took 0.047 seconds
[2023-11-23T11:46:27.626+0000] {processor.py:157} INFO - Started process (PID=899) to work on /home/airflow/.local/lib/python3.8/site-packages/airflow/example_dags/example_sla_dag.py
[2023-11-23T11:46:27.626+0000] {processor.py:829} INFO - Processing file /home/airflow/.local/lib/python3.8/site-packages/airflow/example_dags/example_sla_dag.py for tasks to queue
[2023-11-23T11:46:27.627+0000] {logging_mixin.py:154} INFO - [2023-11-23T11:46:27.627+0000] {dagbag.py:536} INFO - Filling up the DagBag from /home/airflow/.local/lib/python3.8/site-packages/airflow/example_dags/example_sla_dag.py
[2023-11-23T11:46:27.632+0000] {processor.py:839} INFO - DAG(s) dict_keys(['example_sla_dag']) retrieved from /home/airflow/.local/lib/python3.8/site-packages/airflow/example_dags/example_sla_dag.py
[2023-11-23T11:46:27.644+0000] {logging_mixin.py:154} INFO - [2023-11-23T11:46:27.644+0000] {dag.py:2941} INFO - Sync 1 DAGs
[2023-11-23T11:46:27.660+0000] {logging_mixin.py:154} INFO - [2023-11-23T11:46:27.660+0000] {dag.py:3722} INFO - Setting next_dagrun for example_sla_dag to 2023-11-23T11:44:00+00:00, run_after=2023-11-23T11:46:00+00:00
[2023-11-23T11:46:27.672+0000] {processor.py:179} INFO - Processing /home/airflow/.local/lib/python3.8/site-packages/airflow/example_dags/example_sla_dag.py took 0.048 seconds
[2023-11-23T11:46:58.853+0000] {processor.py:157} INFO - Started process (PID=955) to work on /home/airflow/.local/lib/python3.8/site-packages/airflow/example_dags/example_sla_dag.py
[2023-11-23T11:46:58.853+0000] {processor.py:829} INFO - Processing file /home/airflow/.local/lib/python3.8/site-packages/airflow/example_dags/example_sla_dag.py for tasks to queue
[2023-11-23T11:46:58.854+0000] {logging_mixin.py:154} INFO - [2023-11-23T11:46:58.854+0000] {dagbag.py:536} INFO - Filling up the DagBag from /home/airflow/.local/lib/python3.8/site-packages/airflow/example_dags/example_sla_dag.py
[2023-11-23T11:46:58.859+0000] {processor.py:839} INFO - DAG(s) dict_keys(['example_sla_dag']) retrieved from /home/airflow/.local/lib/python3.8/site-packages/airflow/example_dags/example_sla_dag.py
[2023-11-23T11:46:58.871+0000] {logging_mixin.py:154} INFO - [2023-11-23T11:46:58.871+0000] {dag.py:2941} INFO - Sync 1 DAGs
[2023-11-23T11:46:58.888+0000] {logging_mixin.py:154} INFO - [2023-11-23T11:46:58.888+0000] {dag.py:3722} INFO - Setting next_dagrun for example_sla_dag to 2023-11-23T11:44:00+00:00, run_after=2023-11-23T11:46:00+00:00
[2023-11-23T11:46:58.900+0000] {processor.py:179} INFO - Processing /home/airflow/.local/lib/python3.8/site-packages/airflow/example_dags/example_sla_dag.py took 0.049 seconds
[2023-11-23T15:27:49.492+0000] {processor.py:157} INFO - Started process (PID=57) to work on /home/airflow/.local/lib/python3.8/site-packages/airflow/example_dags/example_sla_dag.py
[2023-11-23T15:27:49.522+0000] {processor.py:829} INFO - Processing file /home/airflow/.local/lib/python3.8/site-packages/airflow/example_dags/example_sla_dag.py for tasks to queue
[2023-11-23T15:27:49.524+0000] {logging_mixin.py:154} INFO - [2023-11-23T15:27:49.524+0000] {dagbag.py:536} INFO - Filling up the DagBag from /home/airflow/.local/lib/python3.8/site-packages/airflow/example_dags/example_sla_dag.py
[2023-11-23T15:27:49.530+0000] {processor.py:839} INFO - DAG(s) dict_keys(['example_sla_dag']) retrieved from /home/airflow/.local/lib/python3.8/site-packages/airflow/example_dags/example_sla_dag.py
[2023-11-23T15:27:49.537+0000] {logging_mixin.py:154} INFO - [2023-11-23T15:27:49.537+0000] {dag.py:2941} INFO - Sync 1 DAGs
[2023-11-23T15:27:49.555+0000] {logging_mixin.py:154} INFO - [2023-11-23T15:27:49.554+0000] {dag.py:3722} INFO - Setting next_dagrun for example_sla_dag to 2023-11-23T15:24:00+00:00, run_after=2023-11-23T15:26:00+00:00
[2023-11-23T15:27:49.566+0000] {processor.py:179} INFO - Processing /home/airflow/.local/lib/python3.8/site-packages/airflow/example_dags/example_sla_dag.py took 0.076 seconds
[2023-11-23T15:28:20.241+0000] {processor.py:157} INFO - Started process (PID=113) to work on /home/airflow/.local/lib/python3.8/site-packages/airflow/example_dags/example_sla_dag.py
[2023-11-23T15:28:20.241+0000] {processor.py:829} INFO - Processing file /home/airflow/.local/lib/python3.8/site-packages/airflow/example_dags/example_sla_dag.py for tasks to queue
[2023-11-23T15:28:20.243+0000] {logging_mixin.py:154} INFO - [2023-11-23T15:28:20.243+0000] {dagbag.py:536} INFO - Filling up the DagBag from /home/airflow/.local/lib/python3.8/site-packages/airflow/example_dags/example_sla_dag.py
[2023-11-23T15:28:20.247+0000] {processor.py:839} INFO - DAG(s) dict_keys(['example_sla_dag']) retrieved from /home/airflow/.local/lib/python3.8/site-packages/airflow/example_dags/example_sla_dag.py
[2023-11-23T15:28:20.258+0000] {logging_mixin.py:154} INFO - [2023-11-23T15:28:20.258+0000] {dag.py:2941} INFO - Sync 1 DAGs
[2023-11-23T15:28:20.275+0000] {logging_mixin.py:154} INFO - [2023-11-23T15:28:20.275+0000] {dag.py:3722} INFO - Setting next_dagrun for example_sla_dag to 2023-11-23T15:26:00+00:00, run_after=2023-11-23T15:28:00+00:00
[2023-11-23T15:28:20.285+0000] {processor.py:179} INFO - Processing /home/airflow/.local/lib/python3.8/site-packages/airflow/example_dags/example_sla_dag.py took 0.046 seconds
[2023-11-23T15:28:50.606+0000] {processor.py:157} INFO - Started process (PID=169) to work on /home/airflow/.local/lib/python3.8/site-packages/airflow/example_dags/example_sla_dag.py
[2023-11-23T15:28:50.606+0000] {processor.py:829} INFO - Processing file /home/airflow/.local/lib/python3.8/site-packages/airflow/example_dags/example_sla_dag.py for tasks to queue
[2023-11-23T15:28:50.607+0000] {logging_mixin.py:154} INFO - [2023-11-23T15:28:50.607+0000] {dagbag.py:536} INFO - Filling up the DagBag from /home/airflow/.local/lib/python3.8/site-packages/airflow/example_dags/example_sla_dag.py
[2023-11-23T15:28:50.612+0000] {processor.py:839} INFO - DAG(s) dict_keys(['example_sla_dag']) retrieved from /home/airflow/.local/lib/python3.8/site-packages/airflow/example_dags/example_sla_dag.py
[2023-11-23T15:28:50.623+0000] {logging_mixin.py:154} INFO - [2023-11-23T15:28:50.623+0000] {dag.py:2941} INFO - Sync 1 DAGs
[2023-11-23T15:28:50.639+0000] {logging_mixin.py:154} INFO - [2023-11-23T15:28:50.639+0000] {dag.py:3722} INFO - Setting next_dagrun for example_sla_dag to 2023-11-23T15:26:00+00:00, run_after=2023-11-23T15:28:00+00:00
[2023-11-23T15:28:50.650+0000] {processor.py:179} INFO - Processing /home/airflow/.local/lib/python3.8/site-packages/airflow/example_dags/example_sla_dag.py took 0.046 seconds
[2023-11-23T15:29:20.835+0000] {processor.py:157} INFO - Started process (PID=225) to work on /home/airflow/.local/lib/python3.8/site-packages/airflow/example_dags/example_sla_dag.py
[2023-11-23T15:29:20.835+0000] {processor.py:829} INFO - Processing file /home/airflow/.local/lib/python3.8/site-packages/airflow/example_dags/example_sla_dag.py for tasks to queue
[2023-11-23T15:29:20.837+0000] {logging_mixin.py:154} INFO - [2023-11-23T15:29:20.836+0000] {dagbag.py:536} INFO - Filling up the DagBag from /home/airflow/.local/lib/python3.8/site-packages/airflow/example_dags/example_sla_dag.py
[2023-11-23T15:29:20.841+0000] {processor.py:839} INFO - DAG(s) dict_keys(['example_sla_dag']) retrieved from /home/airflow/.local/lib/python3.8/site-packages/airflow/example_dags/example_sla_dag.py
[2023-11-23T15:29:20.852+0000] {logging_mixin.py:154} INFO - [2023-11-23T15:29:20.852+0000] {dag.py:2941} INFO - Sync 1 DAGs
[2023-11-23T15:29:20.868+0000] {logging_mixin.py:154} INFO - [2023-11-23T15:29:20.868+0000] {dag.py:3722} INFO - Setting next_dagrun for example_sla_dag to 2023-11-23T15:26:00+00:00, run_after=2023-11-23T15:28:00+00:00
[2023-11-23T15:29:20.879+0000] {processor.py:179} INFO - Processing /home/airflow/.local/lib/python3.8/site-packages/airflow/example_dags/example_sla_dag.py took 0.046 seconds
[2023-11-23T15:29:50.929+0000] {processor.py:157} INFO - Started process (PID=280) to work on /home/airflow/.local/lib/python3.8/site-packages/airflow/example_dags/example_sla_dag.py
[2023-11-23T15:29:50.930+0000] {processor.py:829} INFO - Processing file /home/airflow/.local/lib/python3.8/site-packages/airflow/example_dags/example_sla_dag.py for tasks to queue
[2023-11-23T15:29:50.931+0000] {logging_mixin.py:154} INFO - [2023-11-23T15:29:50.931+0000] {dagbag.py:536} INFO - Filling up the DagBag from /home/airflow/.local/lib/python3.8/site-packages/airflow/example_dags/example_sla_dag.py
[2023-11-23T15:29:50.935+0000] {processor.py:839} INFO - DAG(s) dict_keys(['example_sla_dag']) retrieved from /home/airflow/.local/lib/python3.8/site-packages/airflow/example_dags/example_sla_dag.py
[2023-11-23T15:29:50.947+0000] {logging_mixin.py:154} INFO - [2023-11-23T15:29:50.947+0000] {dag.py:2941} INFO - Sync 1 DAGs
[2023-11-23T15:29:50.963+0000] {logging_mixin.py:154} INFO - [2023-11-23T15:29:50.963+0000] {dag.py:3722} INFO - Setting next_dagrun for example_sla_dag to 2023-11-23T15:26:00+00:00, run_after=2023-11-23T15:28:00+00:00
[2023-11-23T15:29:50.973+0000] {processor.py:179} INFO - Processing /home/airflow/.local/lib/python3.8/site-packages/airflow/example_dags/example_sla_dag.py took 0.046 seconds
[2023-11-23T15:30:22.102+0000] {processor.py:157} INFO - Started process (PID=337) to work on /home/airflow/.local/lib/python3.8/site-packages/airflow/example_dags/example_sla_dag.py
[2023-11-23T15:30:22.102+0000] {processor.py:829} INFO - Processing file /home/airflow/.local/lib/python3.8/site-packages/airflow/example_dags/example_sla_dag.py for tasks to queue
[2023-11-23T15:30:22.103+0000] {logging_mixin.py:154} INFO - [2023-11-23T15:30:22.103+0000] {dagbag.py:536} INFO - Filling up the DagBag from /home/airflow/.local/lib/python3.8/site-packages/airflow/example_dags/example_sla_dag.py
[2023-11-23T15:30:22.108+0000] {processor.py:839} INFO - DAG(s) dict_keys(['example_sla_dag']) retrieved from /home/airflow/.local/lib/python3.8/site-packages/airflow/example_dags/example_sla_dag.py
[2023-11-23T15:30:22.119+0000] {logging_mixin.py:154} INFO - [2023-11-23T15:30:22.119+0000] {dag.py:2941} INFO - Sync 1 DAGs
[2023-11-23T15:30:22.136+0000] {logging_mixin.py:154} INFO - [2023-11-23T15:30:22.136+0000] {dag.py:3722} INFO - Setting next_dagrun for example_sla_dag to 2023-11-23T15:28:00+00:00, run_after=2023-11-23T15:30:00+00:00
[2023-11-23T15:30:22.147+0000] {processor.py:179} INFO - Processing /home/airflow/.local/lib/python3.8/site-packages/airflow/example_dags/example_sla_dag.py took 0.047 seconds
[2023-11-23T15:30:52.879+0000] {processor.py:157} INFO - Started process (PID=393) to work on /home/airflow/.local/lib/python3.8/site-packages/airflow/example_dags/example_sla_dag.py
[2023-11-23T15:30:52.879+0000] {processor.py:829} INFO - Processing file /home/airflow/.local/lib/python3.8/site-packages/airflow/example_dags/example_sla_dag.py for tasks to queue
[2023-11-23T15:30:52.881+0000] {logging_mixin.py:154} INFO - [2023-11-23T15:30:52.880+0000] {dagbag.py:536} INFO - Filling up the DagBag from /home/airflow/.local/lib/python3.8/site-packages/airflow/example_dags/example_sla_dag.py
[2023-11-23T15:30:52.885+0000] {processor.py:839} INFO - DAG(s) dict_keys(['example_sla_dag']) retrieved from /home/airflow/.local/lib/python3.8/site-packages/airflow/example_dags/example_sla_dag.py
[2023-11-23T15:30:52.896+0000] {logging_mixin.py:154} INFO - [2023-11-23T15:30:52.896+0000] {dag.py:2941} INFO - Sync 1 DAGs
[2023-11-23T15:30:52.913+0000] {logging_mixin.py:154} INFO - [2023-11-23T15:30:52.913+0000] {dag.py:3722} INFO - Setting next_dagrun for example_sla_dag to 2023-11-23T15:28:00+00:00, run_after=2023-11-23T15:30:00+00:00
[2023-11-23T15:30:52.924+0000] {processor.py:179} INFO - Processing /home/airflow/.local/lib/python3.8/site-packages/airflow/example_dags/example_sla_dag.py took 0.046 seconds
[2023-11-23T15:31:24.030+0000] {processor.py:157} INFO - Started process (PID=449) to work on /home/airflow/.local/lib/python3.8/site-packages/airflow/example_dags/example_sla_dag.py
[2023-11-23T15:31:24.030+0000] {processor.py:829} INFO - Processing file /home/airflow/.local/lib/python3.8/site-packages/airflow/example_dags/example_sla_dag.py for tasks to queue
[2023-11-23T15:31:24.032+0000] {logging_mixin.py:154} INFO - [2023-11-23T15:31:24.032+0000] {dagbag.py:536} INFO - Filling up the DagBag from /home/airflow/.local/lib/python3.8/site-packages/airflow/example_dags/example_sla_dag.py
[2023-11-23T15:31:24.038+0000] {processor.py:839} INFO - DAG(s) dict_keys(['example_sla_dag']) retrieved from /home/airflow/.local/lib/python3.8/site-packages/airflow/example_dags/example_sla_dag.py
[2023-11-23T15:31:24.051+0000] {logging_mixin.py:154} INFO - [2023-11-23T15:31:24.051+0000] {dag.py:2941} INFO - Sync 1 DAGs
[2023-11-23T15:31:24.068+0000] {logging_mixin.py:154} INFO - [2023-11-23T15:31:24.068+0000] {dag.py:3722} INFO - Setting next_dagrun for example_sla_dag to 2023-11-23T15:28:00+00:00, run_after=2023-11-23T15:30:00+00:00
[2023-11-23T15:31:24.080+0000] {processor.py:179} INFO - Processing /home/airflow/.local/lib/python3.8/site-packages/airflow/example_dags/example_sla_dag.py took 0.052 seconds
[2023-11-23T15:31:55.169+0000] {processor.py:157} INFO - Started process (PID=505) to work on /home/airflow/.local/lib/python3.8/site-packages/airflow/example_dags/example_sla_dag.py
[2023-11-23T15:31:55.169+0000] {processor.py:829} INFO - Processing file /home/airflow/.local/lib/python3.8/site-packages/airflow/example_dags/example_sla_dag.py for tasks to queue
[2023-11-23T15:31:55.171+0000] {logging_mixin.py:154} INFO - [2023-11-23T15:31:55.170+0000] {dagbag.py:536} INFO - Filling up the DagBag from /home/airflow/.local/lib/python3.8/site-packages/airflow/example_dags/example_sla_dag.py
[2023-11-23T15:31:55.175+0000] {processor.py:839} INFO - DAG(s) dict_keys(['example_sla_dag']) retrieved from /home/airflow/.local/lib/python3.8/site-packages/airflow/example_dags/example_sla_dag.py
[2023-11-23T15:31:55.186+0000] {logging_mixin.py:154} INFO - [2023-11-23T15:31:55.186+0000] {dag.py:2941} INFO - Sync 1 DAGs
[2023-11-23T15:31:55.205+0000] {logging_mixin.py:154} INFO - [2023-11-23T15:31:55.204+0000] {dag.py:3722} INFO - Setting next_dagrun for example_sla_dag to 2023-11-23T15:28:00+00:00, run_after=2023-11-23T15:30:00+00:00
[2023-11-23T15:31:55.217+0000] {processor.py:179} INFO - Processing /home/airflow/.local/lib/python3.8/site-packages/airflow/example_dags/example_sla_dag.py took 0.049 seconds
[2023-11-23T15:32:25.989+0000] {processor.py:157} INFO - Started process (PID=561) to work on /home/airflow/.local/lib/python3.8/site-packages/airflow/example_dags/example_sla_dag.py
[2023-11-23T15:32:25.990+0000] {processor.py:829} INFO - Processing file /home/airflow/.local/lib/python3.8/site-packages/airflow/example_dags/example_sla_dag.py for tasks to queue
[2023-11-23T15:32:25.991+0000] {logging_mixin.py:154} INFO - [2023-11-23T15:32:25.991+0000] {dagbag.py:536} INFO - Filling up the DagBag from /home/airflow/.local/lib/python3.8/site-packages/airflow/example_dags/example_sla_dag.py
[2023-11-23T15:32:25.996+0000] {processor.py:839} INFO - DAG(s) dict_keys(['example_sla_dag']) retrieved from /home/airflow/.local/lib/python3.8/site-packages/airflow/example_dags/example_sla_dag.py
[2023-11-23T15:32:26.008+0000] {logging_mixin.py:154} INFO - [2023-11-23T15:32:26.008+0000] {dag.py:2941} INFO - Sync 1 DAGs
[2023-11-23T15:32:26.024+0000] {logging_mixin.py:154} INFO - [2023-11-23T15:32:26.024+0000] {dag.py:3722} INFO - Setting next_dagrun for example_sla_dag to 2023-11-23T15:30:00+00:00, run_after=2023-11-23T15:32:00+00:00
[2023-11-23T15:32:26.035+0000] {processor.py:179} INFO - Processing /home/airflow/.local/lib/python3.8/site-packages/airflow/example_dags/example_sla_dag.py took 0.048 seconds
[2023-11-23T15:32:57.146+0000] {processor.py:157} INFO - Started process (PID=617) to work on /home/airflow/.local/lib/python3.8/site-packages/airflow/example_dags/example_sla_dag.py
[2023-11-23T15:32:57.147+0000] {processor.py:829} INFO - Processing file /home/airflow/.local/lib/python3.8/site-packages/airflow/example_dags/example_sla_dag.py for tasks to queue
[2023-11-23T15:32:57.148+0000] {logging_mixin.py:154} INFO - [2023-11-23T15:32:57.147+0000] {dagbag.py:536} INFO - Filling up the DagBag from /home/airflow/.local/lib/python3.8/site-packages/airflow/example_dags/example_sla_dag.py
[2023-11-23T15:32:57.152+0000] {processor.py:839} INFO - DAG(s) dict_keys(['example_sla_dag']) retrieved from /home/airflow/.local/lib/python3.8/site-packages/airflow/example_dags/example_sla_dag.py
[2023-11-23T15:32:57.163+0000] {logging_mixin.py:154} INFO - [2023-11-23T15:32:57.163+0000] {dag.py:2941} INFO - Sync 1 DAGs
[2023-11-23T15:32:57.178+0000] {logging_mixin.py:154} INFO - [2023-11-23T15:32:57.178+0000] {dag.py:3722} INFO - Setting next_dagrun for example_sla_dag to 2023-11-23T15:30:00+00:00, run_after=2023-11-23T15:32:00+00:00
[2023-11-23T15:32:57.188+0000] {processor.py:179} INFO - Processing /home/airflow/.local/lib/python3.8/site-packages/airflow/example_dags/example_sla_dag.py took 0.044 seconds
