[2023-11-23T11:22:20.647+0000] {processor.py:157} INFO - Started process (PID=65) to work on /home/airflow/.local/lib/python3.8/site-packages/airflow/example_dags/example_nested_branch_dag.py
[2023-11-23T11:22:20.648+0000] {processor.py:829} INFO - Processing file /home/airflow/.local/lib/python3.8/site-packages/airflow/example_dags/example_nested_branch_dag.py for tasks to queue
[2023-11-23T11:22:20.649+0000] {logging_mixin.py:154} INFO - [2023-11-23T11:22:20.649+0000] {dagbag.py:536} INFO - Filling up the DagBag from /home/airflow/.local/lib/python3.8/site-packages/airflow/example_dags/example_nested_branch_dag.py
[2023-11-23T11:22:20.657+0000] {processor.py:839} INFO - DAG(s) dict_keys(['example_nested_branch_dag']) retrieved from /home/airflow/.local/lib/python3.8/site-packages/airflow/example_dags/example_nested_branch_dag.py
[2023-11-23T11:22:20.666+0000] {logging_mixin.py:154} INFO - [2023-11-23T11:22:20.665+0000] {dag.py:2941} INFO - Sync 1 DAGs
[2023-11-23T11:22:20.687+0000] {logging_mixin.py:154} INFO - [2023-11-23T11:22:20.686+0000] {dag.py:3722} INFO - Setting next_dagrun for example_nested_branch_dag to 2023-11-22T00:00:00+00:00, run_after=2023-11-23T00:00:00+00:00
[2023-11-23T11:22:20.702+0000] {processor.py:179} INFO - Processing /home/airflow/.local/lib/python3.8/site-packages/airflow/example_dags/example_nested_branch_dag.py took 0.057 seconds
[2023-11-23T11:22:50.987+0000] {processor.py:157} INFO - Started process (PID=120) to work on /home/airflow/.local/lib/python3.8/site-packages/airflow/example_dags/example_nested_branch_dag.py
[2023-11-23T11:22:50.988+0000] {processor.py:829} INFO - Processing file /home/airflow/.local/lib/python3.8/site-packages/airflow/example_dags/example_nested_branch_dag.py for tasks to queue
[2023-11-23T11:22:50.989+0000] {logging_mixin.py:154} INFO - [2023-11-23T11:22:50.989+0000] {dagbag.py:536} INFO - Filling up the DagBag from /home/airflow/.local/lib/python3.8/site-packages/airflow/example_dags/example_nested_branch_dag.py
[2023-11-23T11:22:50.995+0000] {processor.py:839} INFO - DAG(s) dict_keys(['example_nested_branch_dag']) retrieved from /home/airflow/.local/lib/python3.8/site-packages/airflow/example_dags/example_nested_branch_dag.py
[2023-11-23T11:22:51.007+0000] {logging_mixin.py:154} INFO - [2023-11-23T11:22:51.007+0000] {dag.py:2941} INFO - Sync 1 DAGs
[2023-11-23T11:22:51.022+0000] {logging_mixin.py:154} INFO - [2023-11-23T11:22:51.022+0000] {dag.py:3722} INFO - Setting next_dagrun for example_nested_branch_dag to 2023-11-22T00:00:00+00:00, run_after=2023-11-23T00:00:00+00:00
[2023-11-23T11:22:51.033+0000] {processor.py:179} INFO - Processing /home/airflow/.local/lib/python3.8/site-packages/airflow/example_dags/example_nested_branch_dag.py took 0.047 seconds
[2023-11-23T11:23:21.855+0000] {processor.py:157} INFO - Started process (PID=174) to work on /home/airflow/.local/lib/python3.8/site-packages/airflow/example_dags/example_nested_branch_dag.py
[2023-11-23T11:23:21.855+0000] {processor.py:829} INFO - Processing file /home/airflow/.local/lib/python3.8/site-packages/airflow/example_dags/example_nested_branch_dag.py for tasks to queue
[2023-11-23T11:23:21.856+0000] {logging_mixin.py:154} INFO - [2023-11-23T11:23:21.856+0000] {dagbag.py:536} INFO - Filling up the DagBag from /home/airflow/.local/lib/python3.8/site-packages/airflow/example_dags/example_nested_branch_dag.py
[2023-11-23T11:23:21.863+0000] {processor.py:839} INFO - DAG(s) dict_keys(['example_nested_branch_dag']) retrieved from /home/airflow/.local/lib/python3.8/site-packages/airflow/example_dags/example_nested_branch_dag.py
[2023-11-23T11:23:21.876+0000] {logging_mixin.py:154} INFO - [2023-11-23T11:23:21.876+0000] {dag.py:2941} INFO - Sync 1 DAGs
[2023-11-23T11:23:21.892+0000] {logging_mixin.py:154} INFO - [2023-11-23T11:23:21.892+0000] {dag.py:3722} INFO - Setting next_dagrun for example_nested_branch_dag to 2023-11-22T00:00:00+00:00, run_after=2023-11-23T00:00:00+00:00
[2023-11-23T11:23:21.905+0000] {processor.py:179} INFO - Processing /home/airflow/.local/lib/python3.8/site-packages/airflow/example_dags/example_nested_branch_dag.py took 0.052 seconds
[2023-11-23T11:23:52.771+0000] {processor.py:157} INFO - Started process (PID=228) to work on /home/airflow/.local/lib/python3.8/site-packages/airflow/example_dags/example_nested_branch_dag.py
[2023-11-23T11:23:52.772+0000] {processor.py:829} INFO - Processing file /home/airflow/.local/lib/python3.8/site-packages/airflow/example_dags/example_nested_branch_dag.py for tasks to queue
[2023-11-23T11:23:52.773+0000] {logging_mixin.py:154} INFO - [2023-11-23T11:23:52.773+0000] {dagbag.py:536} INFO - Filling up the DagBag from /home/airflow/.local/lib/python3.8/site-packages/airflow/example_dags/example_nested_branch_dag.py
[2023-11-23T11:23:52.779+0000] {processor.py:839} INFO - DAG(s) dict_keys(['example_nested_branch_dag']) retrieved from /home/airflow/.local/lib/python3.8/site-packages/airflow/example_dags/example_nested_branch_dag.py
[2023-11-23T11:23:52.792+0000] {logging_mixin.py:154} INFO - [2023-11-23T11:23:52.792+0000] {dag.py:2941} INFO - Sync 1 DAGs
[2023-11-23T11:23:52.807+0000] {logging_mixin.py:154} INFO - [2023-11-23T11:23:52.807+0000] {dag.py:3722} INFO - Setting next_dagrun for example_nested_branch_dag to 2023-11-22T00:00:00+00:00, run_after=2023-11-23T00:00:00+00:00
[2023-11-23T11:23:52.819+0000] {processor.py:179} INFO - Processing /home/airflow/.local/lib/python3.8/site-packages/airflow/example_dags/example_nested_branch_dag.py took 0.050 seconds
[2023-11-23T11:24:23.487+0000] {processor.py:157} INFO - Started process (PID=282) to work on /home/airflow/.local/lib/python3.8/site-packages/airflow/example_dags/example_nested_branch_dag.py
[2023-11-23T11:24:23.488+0000] {processor.py:829} INFO - Processing file /home/airflow/.local/lib/python3.8/site-packages/airflow/example_dags/example_nested_branch_dag.py for tasks to queue
[2023-11-23T11:24:23.489+0000] {logging_mixin.py:154} INFO - [2023-11-23T11:24:23.488+0000] {dagbag.py:536} INFO - Filling up the DagBag from /home/airflow/.local/lib/python3.8/site-packages/airflow/example_dags/example_nested_branch_dag.py
[2023-11-23T11:24:23.494+0000] {processor.py:839} INFO - DAG(s) dict_keys(['example_nested_branch_dag']) retrieved from /home/airflow/.local/lib/python3.8/site-packages/airflow/example_dags/example_nested_branch_dag.py
[2023-11-23T11:24:23.507+0000] {logging_mixin.py:154} INFO - [2023-11-23T11:24:23.506+0000] {dag.py:2941} INFO - Sync 1 DAGs
[2023-11-23T11:24:23.521+0000] {logging_mixin.py:154} INFO - [2023-11-23T11:24:23.521+0000] {dag.py:3722} INFO - Setting next_dagrun for example_nested_branch_dag to 2023-11-22T00:00:00+00:00, run_after=2023-11-23T00:00:00+00:00
[2023-11-23T11:24:23.532+0000] {processor.py:179} INFO - Processing /home/airflow/.local/lib/python3.8/site-packages/airflow/example_dags/example_nested_branch_dag.py took 0.047 seconds
[2023-11-23T11:24:54.004+0000] {processor.py:157} INFO - Started process (PID=336) to work on /home/airflow/.local/lib/python3.8/site-packages/airflow/example_dags/example_nested_branch_dag.py
[2023-11-23T11:24:54.004+0000] {processor.py:829} INFO - Processing file /home/airflow/.local/lib/python3.8/site-packages/airflow/example_dags/example_nested_branch_dag.py for tasks to queue
[2023-11-23T11:24:54.005+0000] {logging_mixin.py:154} INFO - [2023-11-23T11:24:54.005+0000] {dagbag.py:536} INFO - Filling up the DagBag from /home/airflow/.local/lib/python3.8/site-packages/airflow/example_dags/example_nested_branch_dag.py
[2023-11-23T11:24:54.011+0000] {processor.py:839} INFO - DAG(s) dict_keys(['example_nested_branch_dag']) retrieved from /home/airflow/.local/lib/python3.8/site-packages/airflow/example_dags/example_nested_branch_dag.py
[2023-11-23T11:24:54.023+0000] {logging_mixin.py:154} INFO - [2023-11-23T11:24:54.023+0000] {dag.py:2941} INFO - Sync 1 DAGs
[2023-11-23T11:24:54.037+0000] {logging_mixin.py:154} INFO - [2023-11-23T11:24:54.037+0000] {dag.py:3722} INFO - Setting next_dagrun for example_nested_branch_dag to 2023-11-22T00:00:00+00:00, run_after=2023-11-23T00:00:00+00:00
[2023-11-23T11:24:54.049+0000] {processor.py:179} INFO - Processing /home/airflow/.local/lib/python3.8/site-packages/airflow/example_dags/example_nested_branch_dag.py took 0.046 seconds
[2023-11-23T11:25:24.225+0000] {processor.py:157} INFO - Started process (PID=390) to work on /home/airflow/.local/lib/python3.8/site-packages/airflow/example_dags/example_nested_branch_dag.py
[2023-11-23T11:25:24.226+0000] {processor.py:829} INFO - Processing file /home/airflow/.local/lib/python3.8/site-packages/airflow/example_dags/example_nested_branch_dag.py for tasks to queue
[2023-11-23T11:25:24.227+0000] {logging_mixin.py:154} INFO - [2023-11-23T11:25:24.227+0000] {dagbag.py:536} INFO - Filling up the DagBag from /home/airflow/.local/lib/python3.8/site-packages/airflow/example_dags/example_nested_branch_dag.py
[2023-11-23T11:25:24.232+0000] {processor.py:839} INFO - DAG(s) dict_keys(['example_nested_branch_dag']) retrieved from /home/airflow/.local/lib/python3.8/site-packages/airflow/example_dags/example_nested_branch_dag.py
[2023-11-23T11:25:24.245+0000] {logging_mixin.py:154} INFO - [2023-11-23T11:25:24.245+0000] {dag.py:2941} INFO - Sync 1 DAGs
[2023-11-23T11:25:24.259+0000] {logging_mixin.py:154} INFO - [2023-11-23T11:25:24.259+0000] {dag.py:3722} INFO - Setting next_dagrun for example_nested_branch_dag to 2023-11-22T00:00:00+00:00, run_after=2023-11-23T00:00:00+00:00
[2023-11-23T11:25:24.270+0000] {processor.py:179} INFO - Processing /home/airflow/.local/lib/python3.8/site-packages/airflow/example_dags/example_nested_branch_dag.py took 0.047 seconds
[2023-11-23T11:25:54.818+0000] {processor.py:157} INFO - Started process (PID=444) to work on /home/airflow/.local/lib/python3.8/site-packages/airflow/example_dags/example_nested_branch_dag.py
[2023-11-23T11:25:54.818+0000] {processor.py:829} INFO - Processing file /home/airflow/.local/lib/python3.8/site-packages/airflow/example_dags/example_nested_branch_dag.py for tasks to queue
[2023-11-23T11:25:54.819+0000] {logging_mixin.py:154} INFO - [2023-11-23T11:25:54.819+0000] {dagbag.py:536} INFO - Filling up the DagBag from /home/airflow/.local/lib/python3.8/site-packages/airflow/example_dags/example_nested_branch_dag.py
[2023-11-23T11:25:54.825+0000] {processor.py:839} INFO - DAG(s) dict_keys(['example_nested_branch_dag']) retrieved from /home/airflow/.local/lib/python3.8/site-packages/airflow/example_dags/example_nested_branch_dag.py
[2023-11-23T11:25:54.839+0000] {logging_mixin.py:154} INFO - [2023-11-23T11:25:54.839+0000] {dag.py:2941} INFO - Sync 1 DAGs
[2023-11-23T11:25:54.859+0000] {logging_mixin.py:154} INFO - [2023-11-23T11:25:54.858+0000] {dag.py:3722} INFO - Setting next_dagrun for example_nested_branch_dag to 2023-11-22T00:00:00+00:00, run_after=2023-11-23T00:00:00+00:00
[2023-11-23T11:25:54.872+0000] {processor.py:179} INFO - Processing /home/airflow/.local/lib/python3.8/site-packages/airflow/example_dags/example_nested_branch_dag.py took 0.056 seconds
[2023-11-23T11:26:25.451+0000] {processor.py:157} INFO - Started process (PID=498) to work on /home/airflow/.local/lib/python3.8/site-packages/airflow/example_dags/example_nested_branch_dag.py
[2023-11-23T11:26:25.452+0000] {processor.py:829} INFO - Processing file /home/airflow/.local/lib/python3.8/site-packages/airflow/example_dags/example_nested_branch_dag.py for tasks to queue
[2023-11-23T11:26:25.453+0000] {logging_mixin.py:154} INFO - [2023-11-23T11:26:25.452+0000] {dagbag.py:536} INFO - Filling up the DagBag from /home/airflow/.local/lib/python3.8/site-packages/airflow/example_dags/example_nested_branch_dag.py
[2023-11-23T11:26:25.458+0000] {processor.py:839} INFO - DAG(s) dict_keys(['example_nested_branch_dag']) retrieved from /home/airflow/.local/lib/python3.8/site-packages/airflow/example_dags/example_nested_branch_dag.py
[2023-11-23T11:26:25.471+0000] {logging_mixin.py:154} INFO - [2023-11-23T11:26:25.471+0000] {dag.py:2941} INFO - Sync 1 DAGs
[2023-11-23T11:26:25.488+0000] {logging_mixin.py:154} INFO - [2023-11-23T11:26:25.487+0000] {dag.py:3722} INFO - Setting next_dagrun for example_nested_branch_dag to 2023-11-22T00:00:00+00:00, run_after=2023-11-23T00:00:00+00:00
[2023-11-23T11:26:25.501+0000] {processor.py:179} INFO - Processing /home/airflow/.local/lib/python3.8/site-packages/airflow/example_dags/example_nested_branch_dag.py took 0.052 seconds
[2023-11-23T11:26:55.732+0000] {processor.py:157} INFO - Started process (PID=552) to work on /home/airflow/.local/lib/python3.8/site-packages/airflow/example_dags/example_nested_branch_dag.py
[2023-11-23T11:26:55.733+0000] {processor.py:829} INFO - Processing file /home/airflow/.local/lib/python3.8/site-packages/airflow/example_dags/example_nested_branch_dag.py for tasks to queue
[2023-11-23T11:26:55.734+0000] {logging_mixin.py:154} INFO - [2023-11-23T11:26:55.734+0000] {dagbag.py:536} INFO - Filling up the DagBag from /home/airflow/.local/lib/python3.8/site-packages/airflow/example_dags/example_nested_branch_dag.py
[2023-11-23T11:26:55.740+0000] {processor.py:839} INFO - DAG(s) dict_keys(['example_nested_branch_dag']) retrieved from /home/airflow/.local/lib/python3.8/site-packages/airflow/example_dags/example_nested_branch_dag.py
[2023-11-23T11:26:55.753+0000] {logging_mixin.py:154} INFO - [2023-11-23T11:26:55.753+0000] {dag.py:2941} INFO - Sync 1 DAGs
[2023-11-23T11:26:55.768+0000] {logging_mixin.py:154} INFO - [2023-11-23T11:26:55.768+0000] {dag.py:3722} INFO - Setting next_dagrun for example_nested_branch_dag to 2023-11-22T00:00:00+00:00, run_after=2023-11-23T00:00:00+00:00
[2023-11-23T11:26:55.779+0000] {processor.py:179} INFO - Processing /home/airflow/.local/lib/python3.8/site-packages/airflow/example_dags/example_nested_branch_dag.py took 0.048 seconds
[2023-11-23T11:27:26.441+0000] {processor.py:157} INFO - Started process (PID=606) to work on /home/airflow/.local/lib/python3.8/site-packages/airflow/example_dags/example_nested_branch_dag.py
[2023-11-23T11:27:26.441+0000] {processor.py:829} INFO - Processing file /home/airflow/.local/lib/python3.8/site-packages/airflow/example_dags/example_nested_branch_dag.py for tasks to queue
[2023-11-23T11:27:26.442+0000] {logging_mixin.py:154} INFO - [2023-11-23T11:27:26.442+0000] {dagbag.py:536} INFO - Filling up the DagBag from /home/airflow/.local/lib/python3.8/site-packages/airflow/example_dags/example_nested_branch_dag.py
[2023-11-23T11:27:26.448+0000] {processor.py:839} INFO - DAG(s) dict_keys(['example_nested_branch_dag']) retrieved from /home/airflow/.local/lib/python3.8/site-packages/airflow/example_dags/example_nested_branch_dag.py
[2023-11-23T11:27:26.461+0000] {logging_mixin.py:154} INFO - [2023-11-23T11:27:26.461+0000] {dag.py:2941} INFO - Sync 1 DAGs
[2023-11-23T11:27:26.477+0000] {logging_mixin.py:154} INFO - [2023-11-23T11:27:26.477+0000] {dag.py:3722} INFO - Setting next_dagrun for example_nested_branch_dag to 2023-11-22T00:00:00+00:00, run_after=2023-11-23T00:00:00+00:00
[2023-11-23T11:27:26.488+0000] {processor.py:179} INFO - Processing /home/airflow/.local/lib/python3.8/site-packages/airflow/example_dags/example_nested_branch_dag.py took 0.049 seconds
[2023-11-23T11:27:57.029+0000] {processor.py:157} INFO - Started process (PID=660) to work on /home/airflow/.local/lib/python3.8/site-packages/airflow/example_dags/example_nested_branch_dag.py
[2023-11-23T11:27:57.030+0000] {processor.py:829} INFO - Processing file /home/airflow/.local/lib/python3.8/site-packages/airflow/example_dags/example_nested_branch_dag.py for tasks to queue
[2023-11-23T11:27:57.031+0000] {logging_mixin.py:154} INFO - [2023-11-23T11:27:57.031+0000] {dagbag.py:536} INFO - Filling up the DagBag from /home/airflow/.local/lib/python3.8/site-packages/airflow/example_dags/example_nested_branch_dag.py
[2023-11-23T11:27:57.037+0000] {processor.py:839} INFO - DAG(s) dict_keys(['example_nested_branch_dag']) retrieved from /home/airflow/.local/lib/python3.8/site-packages/airflow/example_dags/example_nested_branch_dag.py
[2023-11-23T11:27:57.052+0000] {logging_mixin.py:154} INFO - [2023-11-23T11:27:57.052+0000] {dag.py:2941} INFO - Sync 1 DAGs
[2023-11-23T11:27:57.068+0000] {logging_mixin.py:154} INFO - [2023-11-23T11:27:57.068+0000] {dag.py:3722} INFO - Setting next_dagrun for example_nested_branch_dag to 2023-11-22T00:00:00+00:00, run_after=2023-11-23T00:00:00+00:00
[2023-11-23T11:27:57.083+0000] {processor.py:179} INFO - Processing /home/airflow/.local/lib/python3.8/site-packages/airflow/example_dags/example_nested_branch_dag.py took 0.056 seconds
[2023-11-23T11:28:27.671+0000] {processor.py:157} INFO - Started process (PID=714) to work on /home/airflow/.local/lib/python3.8/site-packages/airflow/example_dags/example_nested_branch_dag.py
[2023-11-23T11:28:27.671+0000] {processor.py:829} INFO - Processing file /home/airflow/.local/lib/python3.8/site-packages/airflow/example_dags/example_nested_branch_dag.py for tasks to queue
[2023-11-23T11:28:27.672+0000] {logging_mixin.py:154} INFO - [2023-11-23T11:28:27.672+0000] {dagbag.py:536} INFO - Filling up the DagBag from /home/airflow/.local/lib/python3.8/site-packages/airflow/example_dags/example_nested_branch_dag.py
[2023-11-23T11:28:27.678+0000] {processor.py:839} INFO - DAG(s) dict_keys(['example_nested_branch_dag']) retrieved from /home/airflow/.local/lib/python3.8/site-packages/airflow/example_dags/example_nested_branch_dag.py
[2023-11-23T11:28:27.691+0000] {logging_mixin.py:154} INFO - [2023-11-23T11:28:27.691+0000] {dag.py:2941} INFO - Sync 1 DAGs
[2023-11-23T11:28:27.707+0000] {logging_mixin.py:154} INFO - [2023-11-23T11:28:27.707+0000] {dag.py:3722} INFO - Setting next_dagrun for example_nested_branch_dag to 2023-11-22T00:00:00+00:00, run_after=2023-11-23T00:00:00+00:00
[2023-11-23T11:28:27.718+0000] {processor.py:179} INFO - Processing /home/airflow/.local/lib/python3.8/site-packages/airflow/example_dags/example_nested_branch_dag.py took 0.049 seconds
[2023-11-23T11:28:58.348+0000] {processor.py:157} INFO - Started process (PID=768) to work on /home/airflow/.local/lib/python3.8/site-packages/airflow/example_dags/example_nested_branch_dag.py
[2023-11-23T11:28:58.348+0000] {processor.py:829} INFO - Processing file /home/airflow/.local/lib/python3.8/site-packages/airflow/example_dags/example_nested_branch_dag.py for tasks to queue
[2023-11-23T11:28:58.349+0000] {logging_mixin.py:154} INFO - [2023-11-23T11:28:58.349+0000] {dagbag.py:536} INFO - Filling up the DagBag from /home/airflow/.local/lib/python3.8/site-packages/airflow/example_dags/example_nested_branch_dag.py
[2023-11-23T11:28:58.355+0000] {processor.py:839} INFO - DAG(s) dict_keys(['example_nested_branch_dag']) retrieved from /home/airflow/.local/lib/python3.8/site-packages/airflow/example_dags/example_nested_branch_dag.py
[2023-11-23T11:28:58.369+0000] {logging_mixin.py:154} INFO - [2023-11-23T11:28:58.368+0000] {dag.py:2941} INFO - Sync 1 DAGs
[2023-11-23T11:28:58.383+0000] {logging_mixin.py:154} INFO - [2023-11-23T11:28:58.383+0000] {dag.py:3722} INFO - Setting next_dagrun for example_nested_branch_dag to 2023-11-22T00:00:00+00:00, run_after=2023-11-23T00:00:00+00:00
[2023-11-23T11:28:58.395+0000] {processor.py:179} INFO - Processing /home/airflow/.local/lib/python3.8/site-packages/airflow/example_dags/example_nested_branch_dag.py took 0.049 seconds
[2023-11-23T11:29:28.970+0000] {processor.py:157} INFO - Started process (PID=823) to work on /home/airflow/.local/lib/python3.8/site-packages/airflow/example_dags/example_nested_branch_dag.py
[2023-11-23T11:29:28.970+0000] {processor.py:829} INFO - Processing file /home/airflow/.local/lib/python3.8/site-packages/airflow/example_dags/example_nested_branch_dag.py for tasks to queue
[2023-11-23T11:29:28.972+0000] {logging_mixin.py:154} INFO - [2023-11-23T11:29:28.971+0000] {dagbag.py:536} INFO - Filling up the DagBag from /home/airflow/.local/lib/python3.8/site-packages/airflow/example_dags/example_nested_branch_dag.py
[2023-11-23T11:29:28.978+0000] {processor.py:839} INFO - DAG(s) dict_keys(['example_nested_branch_dag']) retrieved from /home/airflow/.local/lib/python3.8/site-packages/airflow/example_dags/example_nested_branch_dag.py
[2023-11-23T11:29:28.992+0000] {logging_mixin.py:154} INFO - [2023-11-23T11:29:28.992+0000] {dag.py:2941} INFO - Sync 1 DAGs
[2023-11-23T11:29:29.009+0000] {logging_mixin.py:154} INFO - [2023-11-23T11:29:29.009+0000] {dag.py:3722} INFO - Setting next_dagrun for example_nested_branch_dag to 2023-11-22T00:00:00+00:00, run_after=2023-11-23T00:00:00+00:00
[2023-11-23T11:29:29.021+0000] {processor.py:179} INFO - Processing /home/airflow/.local/lib/python3.8/site-packages/airflow/example_dags/example_nested_branch_dag.py took 0.053 seconds
[2023-11-23T11:29:59.679+0000] {processor.py:157} INFO - Started process (PID=877) to work on /home/airflow/.local/lib/python3.8/site-packages/airflow/example_dags/example_nested_branch_dag.py
[2023-11-23T11:29:59.679+0000] {processor.py:829} INFO - Processing file /home/airflow/.local/lib/python3.8/site-packages/airflow/example_dags/example_nested_branch_dag.py for tasks to queue
[2023-11-23T11:29:59.681+0000] {logging_mixin.py:154} INFO - [2023-11-23T11:29:59.680+0000] {dagbag.py:536} INFO - Filling up the DagBag from /home/airflow/.local/lib/python3.8/site-packages/airflow/example_dags/example_nested_branch_dag.py
[2023-11-23T11:29:59.686+0000] {processor.py:839} INFO - DAG(s) dict_keys(['example_nested_branch_dag']) retrieved from /home/airflow/.local/lib/python3.8/site-packages/airflow/example_dags/example_nested_branch_dag.py
[2023-11-23T11:29:59.700+0000] {logging_mixin.py:154} INFO - [2023-11-23T11:29:59.700+0000] {dag.py:2941} INFO - Sync 1 DAGs
[2023-11-23T11:29:59.715+0000] {logging_mixin.py:154} INFO - [2023-11-23T11:29:59.714+0000] {dag.py:3722} INFO - Setting next_dagrun for example_nested_branch_dag to 2023-11-22T00:00:00+00:00, run_after=2023-11-23T00:00:00+00:00
[2023-11-23T11:29:59.726+0000] {processor.py:179} INFO - Processing /home/airflow/.local/lib/python3.8/site-packages/airflow/example_dags/example_nested_branch_dag.py took 0.049 seconds
[2023-11-23T11:30:29.765+0000] {processor.py:157} INFO - Started process (PID=931) to work on /home/airflow/.local/lib/python3.8/site-packages/airflow/example_dags/example_nested_branch_dag.py
[2023-11-23T11:30:29.765+0000] {processor.py:829} INFO - Processing file /home/airflow/.local/lib/python3.8/site-packages/airflow/example_dags/example_nested_branch_dag.py for tasks to queue
[2023-11-23T11:30:29.766+0000] {logging_mixin.py:154} INFO - [2023-11-23T11:30:29.766+0000] {dagbag.py:536} INFO - Filling up the DagBag from /home/airflow/.local/lib/python3.8/site-packages/airflow/example_dags/example_nested_branch_dag.py
[2023-11-23T11:30:29.772+0000] {processor.py:839} INFO - DAG(s) dict_keys(['example_nested_branch_dag']) retrieved from /home/airflow/.local/lib/python3.8/site-packages/airflow/example_dags/example_nested_branch_dag.py
[2023-11-23T11:30:29.785+0000] {logging_mixin.py:154} INFO - [2023-11-23T11:30:29.785+0000] {dag.py:2941} INFO - Sync 1 DAGs
[2023-11-23T11:30:29.800+0000] {logging_mixin.py:154} INFO - [2023-11-23T11:30:29.799+0000] {dag.py:3722} INFO - Setting next_dagrun for example_nested_branch_dag to 2023-11-22T00:00:00+00:00, run_after=2023-11-23T00:00:00+00:00
[2023-11-23T11:30:29.811+0000] {processor.py:179} INFO - Processing /home/airflow/.local/lib/python3.8/site-packages/airflow/example_dags/example_nested_branch_dag.py took 0.048 seconds
[2023-11-23T11:30:59.998+0000] {processor.py:157} INFO - Started process (PID=985) to work on /home/airflow/.local/lib/python3.8/site-packages/airflow/example_dags/example_nested_branch_dag.py
[2023-11-23T11:30:59.998+0000] {processor.py:829} INFO - Processing file /home/airflow/.local/lib/python3.8/site-packages/airflow/example_dags/example_nested_branch_dag.py for tasks to queue
[2023-11-23T11:30:59.999+0000] {logging_mixin.py:154} INFO - [2023-11-23T11:30:59.999+0000] {dagbag.py:536} INFO - Filling up the DagBag from /home/airflow/.local/lib/python3.8/site-packages/airflow/example_dags/example_nested_branch_dag.py
[2023-11-23T11:31:00.005+0000] {processor.py:839} INFO - DAG(s) dict_keys(['example_nested_branch_dag']) retrieved from /home/airflow/.local/lib/python3.8/site-packages/airflow/example_dags/example_nested_branch_dag.py
[2023-11-23T11:31:00.021+0000] {logging_mixin.py:154} INFO - [2023-11-23T11:31:00.021+0000] {dag.py:2941} INFO - Sync 1 DAGs
[2023-11-23T11:31:00.037+0000] {logging_mixin.py:154} INFO - [2023-11-23T11:31:00.037+0000] {dag.py:3722} INFO - Setting next_dagrun for example_nested_branch_dag to 2023-11-22T00:00:00+00:00, run_after=2023-11-23T00:00:00+00:00
[2023-11-23T11:31:00.050+0000] {processor.py:179} INFO - Processing /home/airflow/.local/lib/python3.8/site-packages/airflow/example_dags/example_nested_branch_dag.py took 0.054 seconds
[2023-11-23T11:31:30.354+0000] {processor.py:157} INFO - Started process (PID=1040) to work on /home/airflow/.local/lib/python3.8/site-packages/airflow/example_dags/example_nested_branch_dag.py
[2023-11-23T11:31:30.354+0000] {processor.py:829} INFO - Processing file /home/airflow/.local/lib/python3.8/site-packages/airflow/example_dags/example_nested_branch_dag.py for tasks to queue
[2023-11-23T11:31:30.356+0000] {logging_mixin.py:154} INFO - [2023-11-23T11:31:30.355+0000] {dagbag.py:536} INFO - Filling up the DagBag from /home/airflow/.local/lib/python3.8/site-packages/airflow/example_dags/example_nested_branch_dag.py
[2023-11-23T11:31:30.362+0000] {processor.py:839} INFO - DAG(s) dict_keys(['example_nested_branch_dag']) retrieved from /home/airflow/.local/lib/python3.8/site-packages/airflow/example_dags/example_nested_branch_dag.py
[2023-11-23T11:31:30.375+0000] {logging_mixin.py:154} INFO - [2023-11-23T11:31:30.375+0000] {dag.py:2941} INFO - Sync 1 DAGs
[2023-11-23T11:31:30.391+0000] {logging_mixin.py:154} INFO - [2023-11-23T11:31:30.390+0000] {dag.py:3722} INFO - Setting next_dagrun for example_nested_branch_dag to 2023-11-22T00:00:00+00:00, run_after=2023-11-23T00:00:00+00:00
[2023-11-23T11:31:30.402+0000] {processor.py:179} INFO - Processing /home/airflow/.local/lib/python3.8/site-packages/airflow/example_dags/example_nested_branch_dag.py took 0.050 seconds
[2023-11-23T11:32:01.657+0000] {processor.py:157} INFO - Started process (PID=1094) to work on /home/airflow/.local/lib/python3.8/site-packages/airflow/example_dags/example_nested_branch_dag.py
[2023-11-23T11:32:01.658+0000] {processor.py:829} INFO - Processing file /home/airflow/.local/lib/python3.8/site-packages/airflow/example_dags/example_nested_branch_dag.py for tasks to queue
[2023-11-23T11:32:01.659+0000] {logging_mixin.py:154} INFO - [2023-11-23T11:32:01.659+0000] {dagbag.py:536} INFO - Filling up the DagBag from /home/airflow/.local/lib/python3.8/site-packages/airflow/example_dags/example_nested_branch_dag.py
[2023-11-23T11:32:01.665+0000] {processor.py:839} INFO - DAG(s) dict_keys(['example_nested_branch_dag']) retrieved from /home/airflow/.local/lib/python3.8/site-packages/airflow/example_dags/example_nested_branch_dag.py
[2023-11-23T11:32:01.679+0000] {logging_mixin.py:154} INFO - [2023-11-23T11:32:01.679+0000] {dag.py:2941} INFO - Sync 1 DAGs
[2023-11-23T11:32:01.694+0000] {logging_mixin.py:154} INFO - [2023-11-23T11:32:01.694+0000] {dag.py:3722} INFO - Setting next_dagrun for example_nested_branch_dag to 2023-11-22T00:00:00+00:00, run_after=2023-11-23T00:00:00+00:00
[2023-11-23T11:32:01.808+0000] {processor.py:179} INFO - Processing /home/airflow/.local/lib/python3.8/site-packages/airflow/example_dags/example_nested_branch_dag.py took 0.153 seconds
[2023-11-23T11:32:31.845+0000] {processor.py:157} INFO - Started process (PID=1149) to work on /home/airflow/.local/lib/python3.8/site-packages/airflow/example_dags/example_nested_branch_dag.py
[2023-11-23T11:32:31.845+0000] {processor.py:829} INFO - Processing file /home/airflow/.local/lib/python3.8/site-packages/airflow/example_dags/example_nested_branch_dag.py for tasks to queue
[2023-11-23T11:32:31.846+0000] {logging_mixin.py:154} INFO - [2023-11-23T11:32:31.846+0000] {dagbag.py:536} INFO - Filling up the DagBag from /home/airflow/.local/lib/python3.8/site-packages/airflow/example_dags/example_nested_branch_dag.py
[2023-11-23T11:32:31.853+0000] {processor.py:839} INFO - DAG(s) dict_keys(['example_nested_branch_dag']) retrieved from /home/airflow/.local/lib/python3.8/site-packages/airflow/example_dags/example_nested_branch_dag.py
[2023-11-23T11:32:31.867+0000] {logging_mixin.py:154} INFO - [2023-11-23T11:32:31.867+0000] {dag.py:2941} INFO - Sync 1 DAGs
[2023-11-23T11:32:31.883+0000] {logging_mixin.py:154} INFO - [2023-11-23T11:32:31.883+0000] {dag.py:3722} INFO - Setting next_dagrun for example_nested_branch_dag to 2023-11-22T00:00:00+00:00, run_after=2023-11-23T00:00:00+00:00
[2023-11-23T11:32:31.895+0000] {processor.py:179} INFO - Processing /home/airflow/.local/lib/python3.8/site-packages/airflow/example_dags/example_nested_branch_dag.py took 0.053 seconds
[2023-11-23T11:33:02.086+0000] {processor.py:157} INFO - Started process (PID=1203) to work on /home/airflow/.local/lib/python3.8/site-packages/airflow/example_dags/example_nested_branch_dag.py
[2023-11-23T11:33:02.087+0000] {processor.py:829} INFO - Processing file /home/airflow/.local/lib/python3.8/site-packages/airflow/example_dags/example_nested_branch_dag.py for tasks to queue
[2023-11-23T11:33:02.088+0000] {logging_mixin.py:154} INFO - [2023-11-23T11:33:02.088+0000] {dagbag.py:536} INFO - Filling up the DagBag from /home/airflow/.local/lib/python3.8/site-packages/airflow/example_dags/example_nested_branch_dag.py
[2023-11-23T11:33:02.094+0000] {processor.py:839} INFO - DAG(s) dict_keys(['example_nested_branch_dag']) retrieved from /home/airflow/.local/lib/python3.8/site-packages/airflow/example_dags/example_nested_branch_dag.py
[2023-11-23T11:33:02.107+0000] {logging_mixin.py:154} INFO - [2023-11-23T11:33:02.107+0000] {dag.py:2941} INFO - Sync 1 DAGs
[2023-11-23T11:33:02.122+0000] {logging_mixin.py:154} INFO - [2023-11-23T11:33:02.122+0000] {dag.py:3722} INFO - Setting next_dagrun for example_nested_branch_dag to 2023-11-22T00:00:00+00:00, run_after=2023-11-23T00:00:00+00:00
[2023-11-23T11:33:02.133+0000] {processor.py:179} INFO - Processing /home/airflow/.local/lib/python3.8/site-packages/airflow/example_dags/example_nested_branch_dag.py took 0.048 seconds
[2023-11-23T11:38:43.626+0000] {processor.py:157} INFO - Started process (PID=68) to work on /home/airflow/.local/lib/python3.8/site-packages/airflow/example_dags/example_nested_branch_dag.py
[2023-11-23T11:38:43.626+0000] {processor.py:829} INFO - Processing file /home/airflow/.local/lib/python3.8/site-packages/airflow/example_dags/example_nested_branch_dag.py for tasks to queue
[2023-11-23T11:38:43.628+0000] {logging_mixin.py:154} INFO - [2023-11-23T11:38:43.627+0000] {dagbag.py:536} INFO - Filling up the DagBag from /home/airflow/.local/lib/python3.8/site-packages/airflow/example_dags/example_nested_branch_dag.py
[2023-11-23T11:38:43.634+0000] {processor.py:839} INFO - DAG(s) dict_keys(['example_nested_branch_dag']) retrieved from /home/airflow/.local/lib/python3.8/site-packages/airflow/example_dags/example_nested_branch_dag.py
[2023-11-23T11:38:43.642+0000] {logging_mixin.py:154} INFO - [2023-11-23T11:38:43.641+0000] {dag.py:2941} INFO - Sync 1 DAGs
[2023-11-23T11:38:43.658+0000] {logging_mixin.py:154} INFO - [2023-11-23T11:38:43.657+0000] {dag.py:3722} INFO - Setting next_dagrun for example_nested_branch_dag to 2023-11-22T00:00:00+00:00, run_after=2023-11-23T00:00:00+00:00
[2023-11-23T11:38:43.670+0000] {processor.py:179} INFO - Processing /home/airflow/.local/lib/python3.8/site-packages/airflow/example_dags/example_nested_branch_dag.py took 0.046 seconds
[2023-11-23T11:39:14.398+0000] {processor.py:157} INFO - Started process (PID=124) to work on /home/airflow/.local/lib/python3.8/site-packages/airflow/example_dags/example_nested_branch_dag.py
[2023-11-23T11:39:14.399+0000] {processor.py:829} INFO - Processing file /home/airflow/.local/lib/python3.8/site-packages/airflow/example_dags/example_nested_branch_dag.py for tasks to queue
[2023-11-23T11:39:14.400+0000] {logging_mixin.py:154} INFO - [2023-11-23T11:39:14.400+0000] {dagbag.py:536} INFO - Filling up the DagBag from /home/airflow/.local/lib/python3.8/site-packages/airflow/example_dags/example_nested_branch_dag.py
[2023-11-23T11:39:14.406+0000] {processor.py:839} INFO - DAG(s) dict_keys(['example_nested_branch_dag']) retrieved from /home/airflow/.local/lib/python3.8/site-packages/airflow/example_dags/example_nested_branch_dag.py
[2023-11-23T11:39:14.420+0000] {logging_mixin.py:154} INFO - [2023-11-23T11:39:14.420+0000] {dag.py:2941} INFO - Sync 1 DAGs
[2023-11-23T11:39:14.436+0000] {logging_mixin.py:154} INFO - [2023-11-23T11:39:14.435+0000] {dag.py:3722} INFO - Setting next_dagrun for example_nested_branch_dag to 2023-11-22T00:00:00+00:00, run_after=2023-11-23T00:00:00+00:00
[2023-11-23T11:39:14.447+0000] {processor.py:179} INFO - Processing /home/airflow/.local/lib/python3.8/site-packages/airflow/example_dags/example_nested_branch_dag.py took 0.050 seconds
[2023-11-23T11:39:46.004+0000] {processor.py:157} INFO - Started process (PID=180) to work on /home/airflow/.local/lib/python3.8/site-packages/airflow/example_dags/example_nested_branch_dag.py
[2023-11-23T11:39:46.005+0000] {processor.py:829} INFO - Processing file /home/airflow/.local/lib/python3.8/site-packages/airflow/example_dags/example_nested_branch_dag.py for tasks to queue
[2023-11-23T11:39:46.006+0000] {logging_mixin.py:154} INFO - [2023-11-23T11:39:46.006+0000] {dagbag.py:536} INFO - Filling up the DagBag from /home/airflow/.local/lib/python3.8/site-packages/airflow/example_dags/example_nested_branch_dag.py
[2023-11-23T11:39:46.012+0000] {processor.py:839} INFO - DAG(s) dict_keys(['example_nested_branch_dag']) retrieved from /home/airflow/.local/lib/python3.8/site-packages/airflow/example_dags/example_nested_branch_dag.py
[2023-11-23T11:39:46.025+0000] {logging_mixin.py:154} INFO - [2023-11-23T11:39:46.025+0000] {dag.py:2941} INFO - Sync 1 DAGs
[2023-11-23T11:39:46.040+0000] {logging_mixin.py:154} INFO - [2023-11-23T11:39:46.040+0000] {dag.py:3722} INFO - Setting next_dagrun for example_nested_branch_dag to 2023-11-22T00:00:00+00:00, run_after=2023-11-23T00:00:00+00:00
[2023-11-23T11:39:46.053+0000] {processor.py:179} INFO - Processing /home/airflow/.local/lib/python3.8/site-packages/airflow/example_dags/example_nested_branch_dag.py took 0.050 seconds
[2023-11-23T11:40:16.989+0000] {processor.py:157} INFO - Started process (PID=236) to work on /home/airflow/.local/lib/python3.8/site-packages/airflow/example_dags/example_nested_branch_dag.py
[2023-11-23T11:40:16.990+0000] {processor.py:829} INFO - Processing file /home/airflow/.local/lib/python3.8/site-packages/airflow/example_dags/example_nested_branch_dag.py for tasks to queue
[2023-11-23T11:40:16.991+0000] {logging_mixin.py:154} INFO - [2023-11-23T11:40:16.991+0000] {dagbag.py:536} INFO - Filling up the DagBag from /home/airflow/.local/lib/python3.8/site-packages/airflow/example_dags/example_nested_branch_dag.py
[2023-11-23T11:40:16.997+0000] {processor.py:839} INFO - DAG(s) dict_keys(['example_nested_branch_dag']) retrieved from /home/airflow/.local/lib/python3.8/site-packages/airflow/example_dags/example_nested_branch_dag.py
[2023-11-23T11:40:17.012+0000] {logging_mixin.py:154} INFO - [2023-11-23T11:40:17.012+0000] {dag.py:2941} INFO - Sync 1 DAGs
[2023-11-23T11:40:17.028+0000] {logging_mixin.py:154} INFO - [2023-11-23T11:40:17.028+0000] {dag.py:3722} INFO - Setting next_dagrun for example_nested_branch_dag to 2023-11-22T00:00:00+00:00, run_after=2023-11-23T00:00:00+00:00
[2023-11-23T11:40:17.042+0000] {processor.py:179} INFO - Processing /home/airflow/.local/lib/python3.8/site-packages/airflow/example_dags/example_nested_branch_dag.py took 0.055 seconds
[2023-11-23T11:40:47.950+0000] {processor.py:157} INFO - Started process (PID=292) to work on /home/airflow/.local/lib/python3.8/site-packages/airflow/example_dags/example_nested_branch_dag.py
[2023-11-23T11:40:47.951+0000] {processor.py:829} INFO - Processing file /home/airflow/.local/lib/python3.8/site-packages/airflow/example_dags/example_nested_branch_dag.py for tasks to queue
[2023-11-23T11:40:47.952+0000] {logging_mixin.py:154} INFO - [2023-11-23T11:40:47.952+0000] {dagbag.py:536} INFO - Filling up the DagBag from /home/airflow/.local/lib/python3.8/site-packages/airflow/example_dags/example_nested_branch_dag.py
[2023-11-23T11:40:47.958+0000] {processor.py:839} INFO - DAG(s) dict_keys(['example_nested_branch_dag']) retrieved from /home/airflow/.local/lib/python3.8/site-packages/airflow/example_dags/example_nested_branch_dag.py
[2023-11-23T11:40:47.970+0000] {logging_mixin.py:154} INFO - [2023-11-23T11:40:47.970+0000] {dag.py:2941} INFO - Sync 1 DAGs
[2023-11-23T11:40:47.985+0000] {logging_mixin.py:154} INFO - [2023-11-23T11:40:47.985+0000] {dag.py:3722} INFO - Setting next_dagrun for example_nested_branch_dag to 2023-11-22T00:00:00+00:00, run_after=2023-11-23T00:00:00+00:00
[2023-11-23T11:40:47.997+0000] {processor.py:179} INFO - Processing /home/airflow/.local/lib/python3.8/site-packages/airflow/example_dags/example_nested_branch_dag.py took 0.048 seconds
[2023-11-23T11:41:19.141+0000] {processor.py:157} INFO - Started process (PID=348) to work on /home/airflow/.local/lib/python3.8/site-packages/airflow/example_dags/example_nested_branch_dag.py
[2023-11-23T11:41:19.142+0000] {processor.py:829} INFO - Processing file /home/airflow/.local/lib/python3.8/site-packages/airflow/example_dags/example_nested_branch_dag.py for tasks to queue
[2023-11-23T11:41:19.143+0000] {logging_mixin.py:154} INFO - [2023-11-23T11:41:19.143+0000] {dagbag.py:536} INFO - Filling up the DagBag from /home/airflow/.local/lib/python3.8/site-packages/airflow/example_dags/example_nested_branch_dag.py
[2023-11-23T11:41:19.149+0000] {processor.py:839} INFO - DAG(s) dict_keys(['example_nested_branch_dag']) retrieved from /home/airflow/.local/lib/python3.8/site-packages/airflow/example_dags/example_nested_branch_dag.py
[2023-11-23T11:41:19.162+0000] {logging_mixin.py:154} INFO - [2023-11-23T11:41:19.162+0000] {dag.py:2941} INFO - Sync 1 DAGs
[2023-11-23T11:41:19.178+0000] {logging_mixin.py:154} INFO - [2023-11-23T11:41:19.178+0000] {dag.py:3722} INFO - Setting next_dagrun for example_nested_branch_dag to 2023-11-22T00:00:00+00:00, run_after=2023-11-23T00:00:00+00:00
[2023-11-23T11:41:19.190+0000] {processor.py:179} INFO - Processing /home/airflow/.local/lib/python3.8/site-packages/airflow/example_dags/example_nested_branch_dag.py took 0.050 seconds
[2023-11-23T11:41:50.396+0000] {processor.py:157} INFO - Started process (PID=404) to work on /home/airflow/.local/lib/python3.8/site-packages/airflow/example_dags/example_nested_branch_dag.py
[2023-11-23T11:41:50.397+0000] {processor.py:829} INFO - Processing file /home/airflow/.local/lib/python3.8/site-packages/airflow/example_dags/example_nested_branch_dag.py for tasks to queue
[2023-11-23T11:41:50.398+0000] {logging_mixin.py:154} INFO - [2023-11-23T11:41:50.398+0000] {dagbag.py:536} INFO - Filling up the DagBag from /home/airflow/.local/lib/python3.8/site-packages/airflow/example_dags/example_nested_branch_dag.py
[2023-11-23T11:41:50.404+0000] {processor.py:839} INFO - DAG(s) dict_keys(['example_nested_branch_dag']) retrieved from /home/airflow/.local/lib/python3.8/site-packages/airflow/example_dags/example_nested_branch_dag.py
[2023-11-23T11:41:50.417+0000] {logging_mixin.py:154} INFO - [2023-11-23T11:41:50.417+0000] {dag.py:2941} INFO - Sync 1 DAGs
[2023-11-23T11:41:50.432+0000] {logging_mixin.py:154} INFO - [2023-11-23T11:41:50.432+0000] {dag.py:3722} INFO - Setting next_dagrun for example_nested_branch_dag to 2023-11-22T00:00:00+00:00, run_after=2023-11-23T00:00:00+00:00
[2023-11-23T11:41:50.443+0000] {processor.py:179} INFO - Processing /home/airflow/.local/lib/python3.8/site-packages/airflow/example_dags/example_nested_branch_dag.py took 0.048 seconds
[2023-11-23T11:42:21.518+0000] {processor.py:157} INFO - Started process (PID=460) to work on /home/airflow/.local/lib/python3.8/site-packages/airflow/example_dags/example_nested_branch_dag.py
[2023-11-23T11:42:21.518+0000] {processor.py:829} INFO - Processing file /home/airflow/.local/lib/python3.8/site-packages/airflow/example_dags/example_nested_branch_dag.py for tasks to queue
[2023-11-23T11:42:21.519+0000] {logging_mixin.py:154} INFO - [2023-11-23T11:42:21.519+0000] {dagbag.py:536} INFO - Filling up the DagBag from /home/airflow/.local/lib/python3.8/site-packages/airflow/example_dags/example_nested_branch_dag.py
[2023-11-23T11:42:21.525+0000] {processor.py:839} INFO - DAG(s) dict_keys(['example_nested_branch_dag']) retrieved from /home/airflow/.local/lib/python3.8/site-packages/airflow/example_dags/example_nested_branch_dag.py
[2023-11-23T11:42:21.541+0000] {logging_mixin.py:154} INFO - [2023-11-23T11:42:21.541+0000] {dag.py:2941} INFO - Sync 1 DAGs
[2023-11-23T11:42:21.557+0000] {logging_mixin.py:154} INFO - [2023-11-23T11:42:21.557+0000] {dag.py:3722} INFO - Setting next_dagrun for example_nested_branch_dag to 2023-11-22T00:00:00+00:00, run_after=2023-11-23T00:00:00+00:00
[2023-11-23T11:42:21.568+0000] {processor.py:179} INFO - Processing /home/airflow/.local/lib/python3.8/site-packages/airflow/example_dags/example_nested_branch_dag.py took 0.052 seconds
[2023-11-23T11:42:51.878+0000] {processor.py:157} INFO - Started process (PID=517) to work on /home/airflow/.local/lib/python3.8/site-packages/airflow/example_dags/example_nested_branch_dag.py
[2023-11-23T11:42:51.879+0000] {processor.py:829} INFO - Processing file /home/airflow/.local/lib/python3.8/site-packages/airflow/example_dags/example_nested_branch_dag.py for tasks to queue
[2023-11-23T11:42:51.880+0000] {logging_mixin.py:154} INFO - [2023-11-23T11:42:51.880+0000] {dagbag.py:536} INFO - Filling up the DagBag from /home/airflow/.local/lib/python3.8/site-packages/airflow/example_dags/example_nested_branch_dag.py
[2023-11-23T11:42:51.885+0000] {processor.py:839} INFO - DAG(s) dict_keys(['example_nested_branch_dag']) retrieved from /home/airflow/.local/lib/python3.8/site-packages/airflow/example_dags/example_nested_branch_dag.py
[2023-11-23T11:42:51.898+0000] {logging_mixin.py:154} INFO - [2023-11-23T11:42:51.898+0000] {dag.py:2941} INFO - Sync 1 DAGs
[2023-11-23T11:42:51.914+0000] {logging_mixin.py:154} INFO - [2023-11-23T11:42:51.913+0000] {dag.py:3722} INFO - Setting next_dagrun for example_nested_branch_dag to 2023-11-22T00:00:00+00:00, run_after=2023-11-23T00:00:00+00:00
[2023-11-23T11:42:51.926+0000] {processor.py:179} INFO - Processing /home/airflow/.local/lib/python3.8/site-packages/airflow/example_dags/example_nested_branch_dag.py took 0.049 seconds
[2023-11-23T11:43:22.147+0000] {processor.py:157} INFO - Started process (PID=573) to work on /home/airflow/.local/lib/python3.8/site-packages/airflow/example_dags/example_nested_branch_dag.py
[2023-11-23T11:43:22.147+0000] {processor.py:829} INFO - Processing file /home/airflow/.local/lib/python3.8/site-packages/airflow/example_dags/example_nested_branch_dag.py for tasks to queue
[2023-11-23T11:43:22.149+0000] {logging_mixin.py:154} INFO - [2023-11-23T11:43:22.148+0000] {dagbag.py:536} INFO - Filling up the DagBag from /home/airflow/.local/lib/python3.8/site-packages/airflow/example_dags/example_nested_branch_dag.py
[2023-11-23T11:43:22.154+0000] {processor.py:839} INFO - DAG(s) dict_keys(['example_nested_branch_dag']) retrieved from /home/airflow/.local/lib/python3.8/site-packages/airflow/example_dags/example_nested_branch_dag.py
[2023-11-23T11:43:22.167+0000] {logging_mixin.py:154} INFO - [2023-11-23T11:43:22.167+0000] {dag.py:2941} INFO - Sync 1 DAGs
[2023-11-23T11:43:22.182+0000] {logging_mixin.py:154} INFO - [2023-11-23T11:43:22.182+0000] {dag.py:3722} INFO - Setting next_dagrun for example_nested_branch_dag to 2023-11-22T00:00:00+00:00, run_after=2023-11-23T00:00:00+00:00
[2023-11-23T11:43:22.194+0000] {processor.py:179} INFO - Processing /home/airflow/.local/lib/python3.8/site-packages/airflow/example_dags/example_nested_branch_dag.py took 0.049 seconds
[2023-11-23T11:43:52.402+0000] {processor.py:157} INFO - Started process (PID=629) to work on /home/airflow/.local/lib/python3.8/site-packages/airflow/example_dags/example_nested_branch_dag.py
[2023-11-23T11:43:52.403+0000] {processor.py:829} INFO - Processing file /home/airflow/.local/lib/python3.8/site-packages/airflow/example_dags/example_nested_branch_dag.py for tasks to queue
[2023-11-23T11:43:52.404+0000] {logging_mixin.py:154} INFO - [2023-11-23T11:43:52.404+0000] {dagbag.py:536} INFO - Filling up the DagBag from /home/airflow/.local/lib/python3.8/site-packages/airflow/example_dags/example_nested_branch_dag.py
[2023-11-23T11:43:52.410+0000] {processor.py:839} INFO - DAG(s) dict_keys(['example_nested_branch_dag']) retrieved from /home/airflow/.local/lib/python3.8/site-packages/airflow/example_dags/example_nested_branch_dag.py
[2023-11-23T11:43:52.423+0000] {logging_mixin.py:154} INFO - [2023-11-23T11:43:52.422+0000] {dag.py:2941} INFO - Sync 1 DAGs
[2023-11-23T11:43:52.438+0000] {logging_mixin.py:154} INFO - [2023-11-23T11:43:52.438+0000] {dag.py:3722} INFO - Setting next_dagrun for example_nested_branch_dag to 2023-11-22T00:00:00+00:00, run_after=2023-11-23T00:00:00+00:00
[2023-11-23T11:43:52.450+0000] {processor.py:179} INFO - Processing /home/airflow/.local/lib/python3.8/site-packages/airflow/example_dags/example_nested_branch_dag.py took 0.049 seconds
[2023-11-23T11:44:23.423+0000] {processor.py:157} INFO - Started process (PID=685) to work on /home/airflow/.local/lib/python3.8/site-packages/airflow/example_dags/example_nested_branch_dag.py
[2023-11-23T11:44:23.424+0000] {processor.py:829} INFO - Processing file /home/airflow/.local/lib/python3.8/site-packages/airflow/example_dags/example_nested_branch_dag.py for tasks to queue
[2023-11-23T11:44:23.425+0000] {logging_mixin.py:154} INFO - [2023-11-23T11:44:23.425+0000] {dagbag.py:536} INFO - Filling up the DagBag from /home/airflow/.local/lib/python3.8/site-packages/airflow/example_dags/example_nested_branch_dag.py
[2023-11-23T11:44:23.431+0000] {processor.py:839} INFO - DAG(s) dict_keys(['example_nested_branch_dag']) retrieved from /home/airflow/.local/lib/python3.8/site-packages/airflow/example_dags/example_nested_branch_dag.py
[2023-11-23T11:44:23.443+0000] {logging_mixin.py:154} INFO - [2023-11-23T11:44:23.443+0000] {dag.py:2941} INFO - Sync 1 DAGs
[2023-11-23T11:44:23.459+0000] {logging_mixin.py:154} INFO - [2023-11-23T11:44:23.459+0000] {dag.py:3722} INFO - Setting next_dagrun for example_nested_branch_dag to 2023-11-22T00:00:00+00:00, run_after=2023-11-23T00:00:00+00:00
[2023-11-23T11:44:23.470+0000] {processor.py:179} INFO - Processing /home/airflow/.local/lib/python3.8/site-packages/airflow/example_dags/example_nested_branch_dag.py took 0.049 seconds
[2023-11-23T11:44:54.543+0000] {processor.py:157} INFO - Started process (PID=741) to work on /home/airflow/.local/lib/python3.8/site-packages/airflow/example_dags/example_nested_branch_dag.py
[2023-11-23T11:44:54.543+0000] {processor.py:829} INFO - Processing file /home/airflow/.local/lib/python3.8/site-packages/airflow/example_dags/example_nested_branch_dag.py for tasks to queue
[2023-11-23T11:44:54.545+0000] {logging_mixin.py:154} INFO - [2023-11-23T11:44:54.544+0000] {dagbag.py:536} INFO - Filling up the DagBag from /home/airflow/.local/lib/python3.8/site-packages/airflow/example_dags/example_nested_branch_dag.py
[2023-11-23T11:44:54.550+0000] {processor.py:839} INFO - DAG(s) dict_keys(['example_nested_branch_dag']) retrieved from /home/airflow/.local/lib/python3.8/site-packages/airflow/example_dags/example_nested_branch_dag.py
[2023-11-23T11:44:54.564+0000] {logging_mixin.py:154} INFO - [2023-11-23T11:44:54.564+0000] {dag.py:2941} INFO - Sync 1 DAGs
[2023-11-23T11:44:54.583+0000] {logging_mixin.py:154} INFO - [2023-11-23T11:44:54.583+0000] {dag.py:3722} INFO - Setting next_dagrun for example_nested_branch_dag to 2023-11-22T00:00:00+00:00, run_after=2023-11-23T00:00:00+00:00
[2023-11-23T11:44:54.595+0000] {processor.py:179} INFO - Processing /home/airflow/.local/lib/python3.8/site-packages/airflow/example_dags/example_nested_branch_dag.py took 0.054 seconds
[2023-11-23T11:45:25.720+0000] {processor.py:157} INFO - Started process (PID=797) to work on /home/airflow/.local/lib/python3.8/site-packages/airflow/example_dags/example_nested_branch_dag.py
[2023-11-23T11:45:25.720+0000] {processor.py:829} INFO - Processing file /home/airflow/.local/lib/python3.8/site-packages/airflow/example_dags/example_nested_branch_dag.py for tasks to queue
[2023-11-23T11:45:25.722+0000] {logging_mixin.py:154} INFO - [2023-11-23T11:45:25.721+0000] {dagbag.py:536} INFO - Filling up the DagBag from /home/airflow/.local/lib/python3.8/site-packages/airflow/example_dags/example_nested_branch_dag.py
[2023-11-23T11:45:25.727+0000] {processor.py:839} INFO - DAG(s) dict_keys(['example_nested_branch_dag']) retrieved from /home/airflow/.local/lib/python3.8/site-packages/airflow/example_dags/example_nested_branch_dag.py
[2023-11-23T11:45:25.741+0000] {logging_mixin.py:154} INFO - [2023-11-23T11:45:25.741+0000] {dag.py:2941} INFO - Sync 1 DAGs
[2023-11-23T11:45:25.756+0000] {logging_mixin.py:154} INFO - [2023-11-23T11:45:25.756+0000] {dag.py:3722} INFO - Setting next_dagrun for example_nested_branch_dag to 2023-11-22T00:00:00+00:00, run_after=2023-11-23T00:00:00+00:00
[2023-11-23T11:45:25.767+0000] {processor.py:179} INFO - Processing /home/airflow/.local/lib/python3.8/site-packages/airflow/example_dags/example_nested_branch_dag.py took 0.049 seconds
[2023-11-23T11:45:56.807+0000] {processor.py:157} INFO - Started process (PID=853) to work on /home/airflow/.local/lib/python3.8/site-packages/airflow/example_dags/example_nested_branch_dag.py
[2023-11-23T11:45:56.807+0000] {processor.py:829} INFO - Processing file /home/airflow/.local/lib/python3.8/site-packages/airflow/example_dags/example_nested_branch_dag.py for tasks to queue
[2023-11-23T11:45:56.809+0000] {logging_mixin.py:154} INFO - [2023-11-23T11:45:56.809+0000] {dagbag.py:536} INFO - Filling up the DagBag from /home/airflow/.local/lib/python3.8/site-packages/airflow/example_dags/example_nested_branch_dag.py
[2023-11-23T11:45:56.814+0000] {processor.py:839} INFO - DAG(s) dict_keys(['example_nested_branch_dag']) retrieved from /home/airflow/.local/lib/python3.8/site-packages/airflow/example_dags/example_nested_branch_dag.py
[2023-11-23T11:45:56.827+0000] {logging_mixin.py:154} INFO - [2023-11-23T11:45:56.827+0000] {dag.py:2941} INFO - Sync 1 DAGs
[2023-11-23T11:45:56.842+0000] {logging_mixin.py:154} INFO - [2023-11-23T11:45:56.841+0000] {dag.py:3722} INFO - Setting next_dagrun for example_nested_branch_dag to 2023-11-22T00:00:00+00:00, run_after=2023-11-23T00:00:00+00:00
[2023-11-23T11:45:56.853+0000] {processor.py:179} INFO - Processing /home/airflow/.local/lib/python3.8/site-packages/airflow/example_dags/example_nested_branch_dag.py took 0.048 seconds
[2023-11-23T11:46:27.998+0000] {processor.py:157} INFO - Started process (PID=909) to work on /home/airflow/.local/lib/python3.8/site-packages/airflow/example_dags/example_nested_branch_dag.py
[2023-11-23T11:46:27.998+0000] {processor.py:829} INFO - Processing file /home/airflow/.local/lib/python3.8/site-packages/airflow/example_dags/example_nested_branch_dag.py for tasks to queue
[2023-11-23T11:46:27.999+0000] {logging_mixin.py:154} INFO - [2023-11-23T11:46:27.999+0000] {dagbag.py:536} INFO - Filling up the DagBag from /home/airflow/.local/lib/python3.8/site-packages/airflow/example_dags/example_nested_branch_dag.py
[2023-11-23T11:46:28.005+0000] {processor.py:839} INFO - DAG(s) dict_keys(['example_nested_branch_dag']) retrieved from /home/airflow/.local/lib/python3.8/site-packages/airflow/example_dags/example_nested_branch_dag.py
[2023-11-23T11:46:28.019+0000] {logging_mixin.py:154} INFO - [2023-11-23T11:46:28.019+0000] {dag.py:2941} INFO - Sync 1 DAGs
[2023-11-23T11:46:28.034+0000] {logging_mixin.py:154} INFO - [2023-11-23T11:46:28.034+0000] {dag.py:3722} INFO - Setting next_dagrun for example_nested_branch_dag to 2023-11-22T00:00:00+00:00, run_after=2023-11-23T00:00:00+00:00
[2023-11-23T11:46:28.046+0000] {processor.py:179} INFO - Processing /home/airflow/.local/lib/python3.8/site-packages/airflow/example_dags/example_nested_branch_dag.py took 0.050 seconds
[2023-11-23T11:46:59.232+0000] {processor.py:157} INFO - Started process (PID=965) to work on /home/airflow/.local/lib/python3.8/site-packages/airflow/example_dags/example_nested_branch_dag.py
[2023-11-23T11:46:59.233+0000] {processor.py:829} INFO - Processing file /home/airflow/.local/lib/python3.8/site-packages/airflow/example_dags/example_nested_branch_dag.py for tasks to queue
[2023-11-23T11:46:59.234+0000] {logging_mixin.py:154} INFO - [2023-11-23T11:46:59.234+0000] {dagbag.py:536} INFO - Filling up the DagBag from /home/airflow/.local/lib/python3.8/site-packages/airflow/example_dags/example_nested_branch_dag.py
[2023-11-23T11:46:59.240+0000] {processor.py:839} INFO - DAG(s) dict_keys(['example_nested_branch_dag']) retrieved from /home/airflow/.local/lib/python3.8/site-packages/airflow/example_dags/example_nested_branch_dag.py
[2023-11-23T11:46:59.253+0000] {logging_mixin.py:154} INFO - [2023-11-23T11:46:59.253+0000] {dag.py:2941} INFO - Sync 1 DAGs
[2023-11-23T11:46:59.268+0000] {logging_mixin.py:154} INFO - [2023-11-23T11:46:59.268+0000] {dag.py:3722} INFO - Setting next_dagrun for example_nested_branch_dag to 2023-11-22T00:00:00+00:00, run_after=2023-11-23T00:00:00+00:00
[2023-11-23T11:46:59.280+0000] {processor.py:179} INFO - Processing /home/airflow/.local/lib/python3.8/site-packages/airflow/example_dags/example_nested_branch_dag.py took 0.050 seconds
[2023-11-23T15:27:50.348+0000] {processor.py:157} INFO - Started process (PID=67) to work on /home/airflow/.local/lib/python3.8/site-packages/airflow/example_dags/example_nested_branch_dag.py
[2023-11-23T15:27:50.364+0000] {processor.py:829} INFO - Processing file /home/airflow/.local/lib/python3.8/site-packages/airflow/example_dags/example_nested_branch_dag.py for tasks to queue
[2023-11-23T15:27:50.366+0000] {logging_mixin.py:154} INFO - [2023-11-23T15:27:50.366+0000] {dagbag.py:536} INFO - Filling up the DagBag from /home/airflow/.local/lib/python3.8/site-packages/airflow/example_dags/example_nested_branch_dag.py
[2023-11-23T15:27:50.372+0000] {processor.py:839} INFO - DAG(s) dict_keys(['example_nested_branch_dag']) retrieved from /home/airflow/.local/lib/python3.8/site-packages/airflow/example_dags/example_nested_branch_dag.py
[2023-11-23T15:27:50.379+0000] {logging_mixin.py:154} INFO - [2023-11-23T15:27:50.379+0000] {dag.py:2941} INFO - Sync 1 DAGs
[2023-11-23T15:27:50.396+0000] {logging_mixin.py:154} INFO - [2023-11-23T15:27:50.395+0000] {dag.py:3722} INFO - Setting next_dagrun for example_nested_branch_dag to 2023-11-22T00:00:00+00:00, run_after=2023-11-23T00:00:00+00:00
[2023-11-23T15:27:50.407+0000] {processor.py:179} INFO - Processing /home/airflow/.local/lib/python3.8/site-packages/airflow/example_dags/example_nested_branch_dag.py took 0.061 seconds
[2023-11-23T15:28:20.519+0000] {processor.py:157} INFO - Started process (PID=123) to work on /home/airflow/.local/lib/python3.8/site-packages/airflow/example_dags/example_nested_branch_dag.py
[2023-11-23T15:28:20.519+0000] {processor.py:829} INFO - Processing file /home/airflow/.local/lib/python3.8/site-packages/airflow/example_dags/example_nested_branch_dag.py for tasks to queue
[2023-11-23T15:28:20.520+0000] {logging_mixin.py:154} INFO - [2023-11-23T15:28:20.520+0000] {dagbag.py:536} INFO - Filling up the DagBag from /home/airflow/.local/lib/python3.8/site-packages/airflow/example_dags/example_nested_branch_dag.py
[2023-11-23T15:28:20.526+0000] {processor.py:839} INFO - DAG(s) dict_keys(['example_nested_branch_dag']) retrieved from /home/airflow/.local/lib/python3.8/site-packages/airflow/example_dags/example_nested_branch_dag.py
[2023-11-23T15:28:20.538+0000] {logging_mixin.py:154} INFO - [2023-11-23T15:28:20.538+0000] {dag.py:2941} INFO - Sync 1 DAGs
[2023-11-23T15:28:20.554+0000] {logging_mixin.py:154} INFO - [2023-11-23T15:28:20.554+0000] {dag.py:3722} INFO - Setting next_dagrun for example_nested_branch_dag to 2023-11-22T00:00:00+00:00, run_after=2023-11-23T00:00:00+00:00
[2023-11-23T15:28:20.564+0000] {processor.py:179} INFO - Processing /home/airflow/.local/lib/python3.8/site-packages/airflow/example_dags/example_nested_branch_dag.py took 0.047 seconds
[2023-11-23T15:28:50.886+0000] {processor.py:157} INFO - Started process (PID=179) to work on /home/airflow/.local/lib/python3.8/site-packages/airflow/example_dags/example_nested_branch_dag.py
[2023-11-23T15:28:50.886+0000] {processor.py:829} INFO - Processing file /home/airflow/.local/lib/python3.8/site-packages/airflow/example_dags/example_nested_branch_dag.py for tasks to queue
[2023-11-23T15:28:50.887+0000] {logging_mixin.py:154} INFO - [2023-11-23T15:28:50.887+0000] {dagbag.py:536} INFO - Filling up the DagBag from /home/airflow/.local/lib/python3.8/site-packages/airflow/example_dags/example_nested_branch_dag.py
[2023-11-23T15:28:50.893+0000] {processor.py:839} INFO - DAG(s) dict_keys(['example_nested_branch_dag']) retrieved from /home/airflow/.local/lib/python3.8/site-packages/airflow/example_dags/example_nested_branch_dag.py
[2023-11-23T15:28:50.905+0000] {logging_mixin.py:154} INFO - [2023-11-23T15:28:50.905+0000] {dag.py:2941} INFO - Sync 1 DAGs
[2023-11-23T15:28:50.919+0000] {logging_mixin.py:154} INFO - [2023-11-23T15:28:50.919+0000] {dag.py:3722} INFO - Setting next_dagrun for example_nested_branch_dag to 2023-11-22T00:00:00+00:00, run_after=2023-11-23T00:00:00+00:00
[2023-11-23T15:28:50.930+0000] {processor.py:179} INFO - Processing /home/airflow/.local/lib/python3.8/site-packages/airflow/example_dags/example_nested_branch_dag.py took 0.046 seconds
[2023-11-23T15:29:21.240+0000] {processor.py:157} INFO - Started process (PID=235) to work on /home/airflow/.local/lib/python3.8/site-packages/airflow/example_dags/example_nested_branch_dag.py
[2023-11-23T15:29:21.240+0000] {processor.py:829} INFO - Processing file /home/airflow/.local/lib/python3.8/site-packages/airflow/example_dags/example_nested_branch_dag.py for tasks to queue
[2023-11-23T15:29:21.241+0000] {logging_mixin.py:154} INFO - [2023-11-23T15:29:21.241+0000] {dagbag.py:536} INFO - Filling up the DagBag from /home/airflow/.local/lib/python3.8/site-packages/airflow/example_dags/example_nested_branch_dag.py
[2023-11-23T15:29:21.247+0000] {processor.py:839} INFO - DAG(s) dict_keys(['example_nested_branch_dag']) retrieved from /home/airflow/.local/lib/python3.8/site-packages/airflow/example_dags/example_nested_branch_dag.py
[2023-11-23T15:29:21.260+0000] {logging_mixin.py:154} INFO - [2023-11-23T15:29:21.260+0000] {dag.py:2941} INFO - Sync 1 DAGs
[2023-11-23T15:29:21.274+0000] {logging_mixin.py:154} INFO - [2023-11-23T15:29:21.274+0000] {dag.py:3722} INFO - Setting next_dagrun for example_nested_branch_dag to 2023-11-22T00:00:00+00:00, run_after=2023-11-23T00:00:00+00:00
[2023-11-23T15:29:21.285+0000] {processor.py:179} INFO - Processing /home/airflow/.local/lib/python3.8/site-packages/airflow/example_dags/example_nested_branch_dag.py took 0.047 seconds
[2023-11-23T15:29:51.370+0000] {processor.py:157} INFO - Started process (PID=291) to work on /home/airflow/.local/lib/python3.8/site-packages/airflow/example_dags/example_nested_branch_dag.py
[2023-11-23T15:29:51.371+0000] {processor.py:829} INFO - Processing file /home/airflow/.local/lib/python3.8/site-packages/airflow/example_dags/example_nested_branch_dag.py for tasks to queue
[2023-11-23T15:29:51.372+0000] {logging_mixin.py:154} INFO - [2023-11-23T15:29:51.372+0000] {dagbag.py:536} INFO - Filling up the DagBag from /home/airflow/.local/lib/python3.8/site-packages/airflow/example_dags/example_nested_branch_dag.py
[2023-11-23T15:29:51.377+0000] {processor.py:839} INFO - DAG(s) dict_keys(['example_nested_branch_dag']) retrieved from /home/airflow/.local/lib/python3.8/site-packages/airflow/example_dags/example_nested_branch_dag.py
[2023-11-23T15:29:51.390+0000] {logging_mixin.py:154} INFO - [2023-11-23T15:29:51.390+0000] {dag.py:2941} INFO - Sync 1 DAGs
[2023-11-23T15:29:51.405+0000] {logging_mixin.py:154} INFO - [2023-11-23T15:29:51.404+0000] {dag.py:3722} INFO - Setting next_dagrun for example_nested_branch_dag to 2023-11-22T00:00:00+00:00, run_after=2023-11-23T00:00:00+00:00
[2023-11-23T15:29:51.416+0000] {processor.py:179} INFO - Processing /home/airflow/.local/lib/python3.8/site-packages/airflow/example_dags/example_nested_branch_dag.py took 0.047 seconds
[2023-11-23T15:30:22.381+0000] {processor.py:157} INFO - Started process (PID=347) to work on /home/airflow/.local/lib/python3.8/site-packages/airflow/example_dags/example_nested_branch_dag.py
[2023-11-23T15:30:22.382+0000] {processor.py:829} INFO - Processing file /home/airflow/.local/lib/python3.8/site-packages/airflow/example_dags/example_nested_branch_dag.py for tasks to queue
[2023-11-23T15:30:22.383+0000] {logging_mixin.py:154} INFO - [2023-11-23T15:30:22.383+0000] {dagbag.py:536} INFO - Filling up the DagBag from /home/airflow/.local/lib/python3.8/site-packages/airflow/example_dags/example_nested_branch_dag.py
[2023-11-23T15:30:22.388+0000] {processor.py:839} INFO - DAG(s) dict_keys(['example_nested_branch_dag']) retrieved from /home/airflow/.local/lib/python3.8/site-packages/airflow/example_dags/example_nested_branch_dag.py
[2023-11-23T15:30:22.401+0000] {logging_mixin.py:154} INFO - [2023-11-23T15:30:22.401+0000] {dag.py:2941} INFO - Sync 1 DAGs
[2023-11-23T15:30:22.415+0000] {logging_mixin.py:154} INFO - [2023-11-23T15:30:22.414+0000] {dag.py:3722} INFO - Setting next_dagrun for example_nested_branch_dag to 2023-11-22T00:00:00+00:00, run_after=2023-11-23T00:00:00+00:00
[2023-11-23T15:30:22.425+0000] {processor.py:179} INFO - Processing /home/airflow/.local/lib/python3.8/site-packages/airflow/example_dags/example_nested_branch_dag.py took 0.045 seconds
[2023-11-23T15:30:53.251+0000] {processor.py:157} INFO - Started process (PID=403) to work on /home/airflow/.local/lib/python3.8/site-packages/airflow/example_dags/example_nested_branch_dag.py
[2023-11-23T15:30:53.252+0000] {processor.py:829} INFO - Processing file /home/airflow/.local/lib/python3.8/site-packages/airflow/example_dags/example_nested_branch_dag.py for tasks to queue
[2023-11-23T15:30:53.253+0000] {logging_mixin.py:154} INFO - [2023-11-23T15:30:53.253+0000] {dagbag.py:536} INFO - Filling up the DagBag from /home/airflow/.local/lib/python3.8/site-packages/airflow/example_dags/example_nested_branch_dag.py
[2023-11-23T15:30:53.259+0000] {processor.py:839} INFO - DAG(s) dict_keys(['example_nested_branch_dag']) retrieved from /home/airflow/.local/lib/python3.8/site-packages/airflow/example_dags/example_nested_branch_dag.py
[2023-11-23T15:30:53.272+0000] {logging_mixin.py:154} INFO - [2023-11-23T15:30:53.272+0000] {dag.py:2941} INFO - Sync 1 DAGs
[2023-11-23T15:30:53.286+0000] {logging_mixin.py:154} INFO - [2023-11-23T15:30:53.286+0000] {dag.py:3722} INFO - Setting next_dagrun for example_nested_branch_dag to 2023-11-22T00:00:00+00:00, run_after=2023-11-23T00:00:00+00:00
[2023-11-23T15:30:53.297+0000] {processor.py:179} INFO - Processing /home/airflow/.local/lib/python3.8/site-packages/airflow/example_dags/example_nested_branch_dag.py took 0.048 seconds
[2023-11-23T15:31:24.317+0000] {processor.py:157} INFO - Started process (PID=459) to work on /home/airflow/.local/lib/python3.8/site-packages/airflow/example_dags/example_nested_branch_dag.py
[2023-11-23T15:31:24.318+0000] {processor.py:829} INFO - Processing file /home/airflow/.local/lib/python3.8/site-packages/airflow/example_dags/example_nested_branch_dag.py for tasks to queue
[2023-11-23T15:31:24.319+0000] {logging_mixin.py:154} INFO - [2023-11-23T15:31:24.319+0000] {dagbag.py:536} INFO - Filling up the DagBag from /home/airflow/.local/lib/python3.8/site-packages/airflow/example_dags/example_nested_branch_dag.py
[2023-11-23T15:31:24.325+0000] {processor.py:839} INFO - DAG(s) dict_keys(['example_nested_branch_dag']) retrieved from /home/airflow/.local/lib/python3.8/site-packages/airflow/example_dags/example_nested_branch_dag.py
[2023-11-23T15:31:24.338+0000] {logging_mixin.py:154} INFO - [2023-11-23T15:31:24.338+0000] {dag.py:2941} INFO - Sync 1 DAGs
[2023-11-23T15:31:24.353+0000] {logging_mixin.py:154} INFO - [2023-11-23T15:31:24.352+0000] {dag.py:3722} INFO - Setting next_dagrun for example_nested_branch_dag to 2023-11-22T00:00:00+00:00, run_after=2023-11-23T00:00:00+00:00
[2023-11-23T15:31:24.365+0000] {processor.py:179} INFO - Processing /home/airflow/.local/lib/python3.8/site-packages/airflow/example_dags/example_nested_branch_dag.py took 0.049 seconds
[2023-11-23T15:31:55.463+0000] {processor.py:157} INFO - Started process (PID=515) to work on /home/airflow/.local/lib/python3.8/site-packages/airflow/example_dags/example_nested_branch_dag.py
[2023-11-23T15:31:55.464+0000] {processor.py:829} INFO - Processing file /home/airflow/.local/lib/python3.8/site-packages/airflow/example_dags/example_nested_branch_dag.py for tasks to queue
[2023-11-23T15:31:55.465+0000] {logging_mixin.py:154} INFO - [2023-11-23T15:31:55.465+0000] {dagbag.py:536} INFO - Filling up the DagBag from /home/airflow/.local/lib/python3.8/site-packages/airflow/example_dags/example_nested_branch_dag.py
[2023-11-23T15:31:55.472+0000] {processor.py:839} INFO - DAG(s) dict_keys(['example_nested_branch_dag']) retrieved from /home/airflow/.local/lib/python3.8/site-packages/airflow/example_dags/example_nested_branch_dag.py
[2023-11-23T15:31:55.485+0000] {logging_mixin.py:154} INFO - [2023-11-23T15:31:55.485+0000] {dag.py:2941} INFO - Sync 1 DAGs
[2023-11-23T15:31:55.500+0000] {logging_mixin.py:154} INFO - [2023-11-23T15:31:55.500+0000] {dag.py:3722} INFO - Setting next_dagrun for example_nested_branch_dag to 2023-11-22T00:00:00+00:00, run_after=2023-11-23T00:00:00+00:00
[2023-11-23T15:31:55.511+0000] {processor.py:179} INFO - Processing /home/airflow/.local/lib/python3.8/site-packages/airflow/example_dags/example_nested_branch_dag.py took 0.049 seconds
[2023-11-23T15:32:26.336+0000] {processor.py:157} INFO - Started process (PID=571) to work on /home/airflow/.local/lib/python3.8/site-packages/airflow/example_dags/example_nested_branch_dag.py
[2023-11-23T15:32:26.336+0000] {processor.py:829} INFO - Processing file /home/airflow/.local/lib/python3.8/site-packages/airflow/example_dags/example_nested_branch_dag.py for tasks to queue
[2023-11-23T15:32:26.337+0000] {logging_mixin.py:154} INFO - [2023-11-23T15:32:26.337+0000] {dagbag.py:536} INFO - Filling up the DagBag from /home/airflow/.local/lib/python3.8/site-packages/airflow/example_dags/example_nested_branch_dag.py
[2023-11-23T15:32:26.343+0000] {processor.py:839} INFO - DAG(s) dict_keys(['example_nested_branch_dag']) retrieved from /home/airflow/.local/lib/python3.8/site-packages/airflow/example_dags/example_nested_branch_dag.py
[2023-11-23T15:32:26.356+0000] {logging_mixin.py:154} INFO - [2023-11-23T15:32:26.356+0000] {dag.py:2941} INFO - Sync 1 DAGs
[2023-11-23T15:32:26.370+0000] {logging_mixin.py:154} INFO - [2023-11-23T15:32:26.370+0000] {dag.py:3722} INFO - Setting next_dagrun for example_nested_branch_dag to 2023-11-22T00:00:00+00:00, run_after=2023-11-23T00:00:00+00:00
[2023-11-23T15:32:26.383+0000] {processor.py:179} INFO - Processing /home/airflow/.local/lib/python3.8/site-packages/airflow/example_dags/example_nested_branch_dag.py took 0.049 seconds
[2023-11-23T15:32:57.501+0000] {processor.py:157} INFO - Started process (PID=627) to work on /home/airflow/.local/lib/python3.8/site-packages/airflow/example_dags/example_nested_branch_dag.py
[2023-11-23T15:32:57.502+0000] {processor.py:829} INFO - Processing file /home/airflow/.local/lib/python3.8/site-packages/airflow/example_dags/example_nested_branch_dag.py for tasks to queue
[2023-11-23T15:32:57.503+0000] {logging_mixin.py:154} INFO - [2023-11-23T15:32:57.503+0000] {dagbag.py:536} INFO - Filling up the DagBag from /home/airflow/.local/lib/python3.8/site-packages/airflow/example_dags/example_nested_branch_dag.py
[2023-11-23T15:32:57.509+0000] {processor.py:839} INFO - DAG(s) dict_keys(['example_nested_branch_dag']) retrieved from /home/airflow/.local/lib/python3.8/site-packages/airflow/example_dags/example_nested_branch_dag.py
[2023-11-23T15:32:57.521+0000] {logging_mixin.py:154} INFO - [2023-11-23T15:32:57.521+0000] {dag.py:2941} INFO - Sync 1 DAGs
[2023-11-23T15:32:57.536+0000] {logging_mixin.py:154} INFO - [2023-11-23T15:32:57.536+0000] {dag.py:3722} INFO - Setting next_dagrun for example_nested_branch_dag to 2023-11-22T00:00:00+00:00, run_after=2023-11-23T00:00:00+00:00
[2023-11-23T15:32:57.547+0000] {processor.py:179} INFO - Processing /home/airflow/.local/lib/python3.8/site-packages/airflow/example_dags/example_nested_branch_dag.py took 0.047 seconds
