[2023-12-01T17:41:51.230+0000] {processor.py:157} INFO - Started process (PID=82) to work on /home/airflow/.local/lib/python3.8/site-packages/airflow/example_dags/example_branch_labels.py
[2023-12-01T17:41:51.231+0000] {processor.py:829} INFO - Processing file /home/airflow/.local/lib/python3.8/site-packages/airflow/example_dags/example_branch_labels.py for tasks to queue
[2023-12-01T17:41:51.232+0000] {logging_mixin.py:154} INFO - [2023-12-01T17:41:51.232+0000] {dagbag.py:536} INFO - Filling up the DagBag from /home/airflow/.local/lib/python3.8/site-packages/airflow/example_dags/example_branch_labels.py
[2023-12-01T17:41:51.240+0000] {processor.py:839} INFO - DAG(s) dict_keys(['example_branch_labels']) retrieved from /home/airflow/.local/lib/python3.8/site-packages/airflow/example_dags/example_branch_labels.py
[2023-12-01T17:41:51.249+0000] {logging_mixin.py:154} INFO - [2023-12-01T17:41:51.249+0000] {dag.py:2941} INFO - Sync 1 DAGs
[2023-12-01T17:41:51.275+0000] {logging_mixin.py:154} INFO - [2023-12-01T17:41:51.275+0000] {dag.py:3722} INFO - Setting next_dagrun for example_branch_labels to 2023-11-30T00:00:00+00:00, run_after=2023-12-01T00:00:00+00:00
[2023-12-01T17:41:51.290+0000] {processor.py:179} INFO - Processing /home/airflow/.local/lib/python3.8/site-packages/airflow/example_dags/example_branch_labels.py took 0.062 seconds
[2023-12-01T17:42:22.067+0000] {processor.py:157} INFO - Started process (PID=172) to work on /home/airflow/.local/lib/python3.8/site-packages/airflow/example_dags/example_branch_labels.py
[2023-12-01T17:42:22.067+0000] {processor.py:829} INFO - Processing file /home/airflow/.local/lib/python3.8/site-packages/airflow/example_dags/example_branch_labels.py for tasks to queue
[2023-12-01T17:42:22.069+0000] {logging_mixin.py:154} INFO - [2023-12-01T17:42:22.069+0000] {dagbag.py:536} INFO - Filling up the DagBag from /home/airflow/.local/lib/python3.8/site-packages/airflow/example_dags/example_branch_labels.py
[2023-12-01T17:42:22.074+0000] {processor.py:839} INFO - DAG(s) dict_keys(['example_branch_labels']) retrieved from /home/airflow/.local/lib/python3.8/site-packages/airflow/example_dags/example_branch_labels.py
[2023-12-01T17:42:22.087+0000] {logging_mixin.py:154} INFO - [2023-12-01T17:42:22.087+0000] {dag.py:2941} INFO - Sync 1 DAGs
[2023-12-01T17:42:22.102+0000] {logging_mixin.py:154} INFO - [2023-12-01T17:42:22.102+0000] {dag.py:3722} INFO - Setting next_dagrun for example_branch_labels to 2023-11-30T00:00:00+00:00, run_after=2023-12-01T00:00:00+00:00
[2023-12-01T17:42:22.113+0000] {processor.py:179} INFO - Processing /home/airflow/.local/lib/python3.8/site-packages/airflow/example_dags/example_branch_labels.py took 0.048 seconds
[2023-12-01T17:42:52.755+0000] {processor.py:157} INFO - Started process (PID=262) to work on /home/airflow/.local/lib/python3.8/site-packages/airflow/example_dags/example_branch_labels.py
[2023-12-01T17:42:52.756+0000] {processor.py:829} INFO - Processing file /home/airflow/.local/lib/python3.8/site-packages/airflow/example_dags/example_branch_labels.py for tasks to queue
[2023-12-01T17:42:52.757+0000] {logging_mixin.py:154} INFO - [2023-12-01T17:42:52.757+0000] {dagbag.py:536} INFO - Filling up the DagBag from /home/airflow/.local/lib/python3.8/site-packages/airflow/example_dags/example_branch_labels.py
[2023-12-01T17:42:52.762+0000] {processor.py:839} INFO - DAG(s) dict_keys(['example_branch_labels']) retrieved from /home/airflow/.local/lib/python3.8/site-packages/airflow/example_dags/example_branch_labels.py
[2023-12-01T17:42:52.775+0000] {logging_mixin.py:154} INFO - [2023-12-01T17:42:52.775+0000] {dag.py:2941} INFO - Sync 1 DAGs
[2023-12-01T17:42:52.791+0000] {logging_mixin.py:154} INFO - [2023-12-01T17:42:52.790+0000] {dag.py:3722} INFO - Setting next_dagrun for example_branch_labels to 2023-11-30T00:00:00+00:00, run_after=2023-12-01T00:00:00+00:00
[2023-12-01T17:42:52.802+0000] {processor.py:179} INFO - Processing /home/airflow/.local/lib/python3.8/site-packages/airflow/example_dags/example_branch_labels.py took 0.048 seconds
[2023-12-01T17:43:23.609+0000] {processor.py:157} INFO - Started process (PID=352) to work on /home/airflow/.local/lib/python3.8/site-packages/airflow/example_dags/example_branch_labels.py
[2023-12-01T17:43:23.610+0000] {processor.py:829} INFO - Processing file /home/airflow/.local/lib/python3.8/site-packages/airflow/example_dags/example_branch_labels.py for tasks to queue
[2023-12-01T17:43:23.611+0000] {logging_mixin.py:154} INFO - [2023-12-01T17:43:23.611+0000] {dagbag.py:536} INFO - Filling up the DagBag from /home/airflow/.local/lib/python3.8/site-packages/airflow/example_dags/example_branch_labels.py
[2023-12-01T17:43:23.616+0000] {processor.py:839} INFO - DAG(s) dict_keys(['example_branch_labels']) retrieved from /home/airflow/.local/lib/python3.8/site-packages/airflow/example_dags/example_branch_labels.py
[2023-12-01T17:43:23.629+0000] {logging_mixin.py:154} INFO - [2023-12-01T17:43:23.629+0000] {dag.py:2941} INFO - Sync 1 DAGs
[2023-12-01T17:43:23.644+0000] {logging_mixin.py:154} INFO - [2023-12-01T17:43:23.644+0000] {dag.py:3722} INFO - Setting next_dagrun for example_branch_labels to 2023-11-30T00:00:00+00:00, run_after=2023-12-01T00:00:00+00:00
[2023-12-01T17:43:23.656+0000] {processor.py:179} INFO - Processing /home/airflow/.local/lib/python3.8/site-packages/airflow/example_dags/example_branch_labels.py took 0.048 seconds
[2023-12-01T17:43:54.688+0000] {processor.py:157} INFO - Started process (PID=442) to work on /home/airflow/.local/lib/python3.8/site-packages/airflow/example_dags/example_branch_labels.py
[2023-12-01T17:43:54.688+0000] {processor.py:829} INFO - Processing file /home/airflow/.local/lib/python3.8/site-packages/airflow/example_dags/example_branch_labels.py for tasks to queue
[2023-12-01T17:43:54.690+0000] {logging_mixin.py:154} INFO - [2023-12-01T17:43:54.689+0000] {dagbag.py:536} INFO - Filling up the DagBag from /home/airflow/.local/lib/python3.8/site-packages/airflow/example_dags/example_branch_labels.py
[2023-12-01T17:43:54.694+0000] {processor.py:839} INFO - DAG(s) dict_keys(['example_branch_labels']) retrieved from /home/airflow/.local/lib/python3.8/site-packages/airflow/example_dags/example_branch_labels.py
[2023-12-01T17:43:54.708+0000] {logging_mixin.py:154} INFO - [2023-12-01T17:43:54.708+0000] {dag.py:2941} INFO - Sync 1 DAGs
[2023-12-01T17:43:54.723+0000] {logging_mixin.py:154} INFO - [2023-12-01T17:43:54.723+0000] {dag.py:3722} INFO - Setting next_dagrun for example_branch_labels to 2023-11-30T00:00:00+00:00, run_after=2023-12-01T00:00:00+00:00
[2023-12-01T17:43:54.734+0000] {processor.py:179} INFO - Processing /home/airflow/.local/lib/python3.8/site-packages/airflow/example_dags/example_branch_labels.py took 0.048 seconds
[2023-12-01T17:44:25.744+0000] {processor.py:157} INFO - Started process (PID=532) to work on /home/airflow/.local/lib/python3.8/site-packages/airflow/example_dags/example_branch_labels.py
[2023-12-01T17:44:25.745+0000] {processor.py:829} INFO - Processing file /home/airflow/.local/lib/python3.8/site-packages/airflow/example_dags/example_branch_labels.py for tasks to queue
[2023-12-01T17:44:25.746+0000] {logging_mixin.py:154} INFO - [2023-12-01T17:44:25.746+0000] {dagbag.py:536} INFO - Filling up the DagBag from /home/airflow/.local/lib/python3.8/site-packages/airflow/example_dags/example_branch_labels.py
[2023-12-01T17:44:25.751+0000] {processor.py:839} INFO - DAG(s) dict_keys(['example_branch_labels']) retrieved from /home/airflow/.local/lib/python3.8/site-packages/airflow/example_dags/example_branch_labels.py
[2023-12-01T17:44:25.764+0000] {logging_mixin.py:154} INFO - [2023-12-01T17:44:25.764+0000] {dag.py:2941} INFO - Sync 1 DAGs
[2023-12-01T17:44:25.780+0000] {logging_mixin.py:154} INFO - [2023-12-01T17:44:25.780+0000] {dag.py:3722} INFO - Setting next_dagrun for example_branch_labels to 2023-11-30T00:00:00+00:00, run_after=2023-12-01T00:00:00+00:00
[2023-12-01T17:44:25.792+0000] {processor.py:179} INFO - Processing /home/airflow/.local/lib/python3.8/site-packages/airflow/example_dags/example_branch_labels.py took 0.050 seconds
[2023-12-01T17:45:22.807+0000] {processor.py:157} INFO - Started process (PID=82) to work on /home/airflow/.local/lib/python3.8/site-packages/airflow/example_dags/example_branch_labels.py
[2023-12-01T17:45:22.808+0000] {processor.py:829} INFO - Processing file /home/airflow/.local/lib/python3.8/site-packages/airflow/example_dags/example_branch_labels.py for tasks to queue
[2023-12-01T17:45:22.809+0000] {logging_mixin.py:154} INFO - [2023-12-01T17:45:22.809+0000] {dagbag.py:536} INFO - Filling up the DagBag from /home/airflow/.local/lib/python3.8/site-packages/airflow/example_dags/example_branch_labels.py
[2023-12-01T17:45:22.816+0000] {processor.py:839} INFO - DAG(s) dict_keys(['example_branch_labels']) retrieved from /home/airflow/.local/lib/python3.8/site-packages/airflow/example_dags/example_branch_labels.py
[2023-12-01T17:45:22.824+0000] {logging_mixin.py:154} INFO - [2023-12-01T17:45:22.824+0000] {dag.py:2941} INFO - Sync 1 DAGs
[2023-12-01T17:45:22.840+0000] {logging_mixin.py:154} INFO - [2023-12-01T17:45:22.840+0000] {dag.py:3722} INFO - Setting next_dagrun for example_branch_labels to 2023-11-30T00:00:00+00:00, run_after=2023-12-01T00:00:00+00:00
[2023-12-01T17:45:22.853+0000] {processor.py:179} INFO - Processing /home/airflow/.local/lib/python3.8/site-packages/airflow/example_dags/example_branch_labels.py took 0.048 seconds
[2023-12-01T17:45:53.641+0000] {processor.py:157} INFO - Started process (PID=172) to work on /home/airflow/.local/lib/python3.8/site-packages/airflow/example_dags/example_branch_labels.py
[2023-12-01T17:45:53.642+0000] {processor.py:829} INFO - Processing file /home/airflow/.local/lib/python3.8/site-packages/airflow/example_dags/example_branch_labels.py for tasks to queue
[2023-12-01T17:45:53.643+0000] {logging_mixin.py:154} INFO - [2023-12-01T17:45:53.643+0000] {dagbag.py:536} INFO - Filling up the DagBag from /home/airflow/.local/lib/python3.8/site-packages/airflow/example_dags/example_branch_labels.py
[2023-12-01T17:45:53.648+0000] {processor.py:839} INFO - DAG(s) dict_keys(['example_branch_labels']) retrieved from /home/airflow/.local/lib/python3.8/site-packages/airflow/example_dags/example_branch_labels.py
[2023-12-01T17:45:53.662+0000] {logging_mixin.py:154} INFO - [2023-12-01T17:45:53.662+0000] {dag.py:2941} INFO - Sync 1 DAGs
[2023-12-01T17:45:53.677+0000] {logging_mixin.py:154} INFO - [2023-12-01T17:45:53.677+0000] {dag.py:3722} INFO - Setting next_dagrun for example_branch_labels to 2023-11-30T00:00:00+00:00, run_after=2023-12-01T00:00:00+00:00
[2023-12-01T17:45:53.689+0000] {processor.py:179} INFO - Processing /home/airflow/.local/lib/python3.8/site-packages/airflow/example_dags/example_branch_labels.py took 0.050 seconds
[2023-12-01T17:46:24.724+0000] {processor.py:157} INFO - Started process (PID=262) to work on /home/airflow/.local/lib/python3.8/site-packages/airflow/example_dags/example_branch_labels.py
[2023-12-01T17:46:24.725+0000] {processor.py:829} INFO - Processing file /home/airflow/.local/lib/python3.8/site-packages/airflow/example_dags/example_branch_labels.py for tasks to queue
[2023-12-01T17:46:24.726+0000] {logging_mixin.py:154} INFO - [2023-12-01T17:46:24.726+0000] {dagbag.py:536} INFO - Filling up the DagBag from /home/airflow/.local/lib/python3.8/site-packages/airflow/example_dags/example_branch_labels.py
[2023-12-01T17:46:24.732+0000] {processor.py:839} INFO - DAG(s) dict_keys(['example_branch_labels']) retrieved from /home/airflow/.local/lib/python3.8/site-packages/airflow/example_dags/example_branch_labels.py
[2023-12-01T17:46:24.746+0000] {logging_mixin.py:154} INFO - [2023-12-01T17:46:24.746+0000] {dag.py:2941} INFO - Sync 1 DAGs
[2023-12-01T17:46:24.763+0000] {logging_mixin.py:154} INFO - [2023-12-01T17:46:24.763+0000] {dag.py:3722} INFO - Setting next_dagrun for example_branch_labels to 2023-11-30T00:00:00+00:00, run_after=2023-12-01T00:00:00+00:00
[2023-12-01T17:46:24.775+0000] {processor.py:179} INFO - Processing /home/airflow/.local/lib/python3.8/site-packages/airflow/example_dags/example_branch_labels.py took 0.053 seconds
[2023-12-01T17:46:55.717+0000] {processor.py:157} INFO - Started process (PID=352) to work on /home/airflow/.local/lib/python3.8/site-packages/airflow/example_dags/example_branch_labels.py
[2023-12-01T17:46:55.718+0000] {processor.py:829} INFO - Processing file /home/airflow/.local/lib/python3.8/site-packages/airflow/example_dags/example_branch_labels.py for tasks to queue
[2023-12-01T17:46:55.719+0000] {logging_mixin.py:154} INFO - [2023-12-01T17:46:55.719+0000] {dagbag.py:536} INFO - Filling up the DagBag from /home/airflow/.local/lib/python3.8/site-packages/airflow/example_dags/example_branch_labels.py
[2023-12-01T17:46:55.724+0000] {processor.py:839} INFO - DAG(s) dict_keys(['example_branch_labels']) retrieved from /home/airflow/.local/lib/python3.8/site-packages/airflow/example_dags/example_branch_labels.py
[2023-12-01T17:46:55.736+0000] {logging_mixin.py:154} INFO - [2023-12-01T17:46:55.736+0000] {dag.py:2941} INFO - Sync 1 DAGs
[2023-12-01T17:46:55.751+0000] {logging_mixin.py:154} INFO - [2023-12-01T17:46:55.751+0000] {dag.py:3722} INFO - Setting next_dagrun for example_branch_labels to 2023-11-30T00:00:00+00:00, run_after=2023-12-01T00:00:00+00:00
[2023-12-01T17:46:55.762+0000] {processor.py:179} INFO - Processing /home/airflow/.local/lib/python3.8/site-packages/airflow/example_dags/example_branch_labels.py took 0.047 seconds
[2023-12-01T17:47:53.910+0000] {processor.py:157} INFO - Started process (PID=82) to work on /home/airflow/.local/lib/python3.8/site-packages/airflow/example_dags/example_branch_labels.py
[2023-12-01T17:47:53.910+0000] {processor.py:829} INFO - Processing file /home/airflow/.local/lib/python3.8/site-packages/airflow/example_dags/example_branch_labels.py for tasks to queue
[2023-12-01T17:47:53.912+0000] {logging_mixin.py:154} INFO - [2023-12-01T17:47:53.912+0000] {dagbag.py:536} INFO - Filling up the DagBag from /home/airflow/.local/lib/python3.8/site-packages/airflow/example_dags/example_branch_labels.py
[2023-12-01T17:47:53.919+0000] {processor.py:839} INFO - DAG(s) dict_keys(['example_branch_labels']) retrieved from /home/airflow/.local/lib/python3.8/site-packages/airflow/example_dags/example_branch_labels.py
[2023-12-01T17:47:53.927+0000] {logging_mixin.py:154} INFO - [2023-12-01T17:47:53.927+0000] {dag.py:2941} INFO - Sync 1 DAGs
[2023-12-01T17:47:53.944+0000] {logging_mixin.py:154} INFO - [2023-12-01T17:47:53.944+0000] {dag.py:3722} INFO - Setting next_dagrun for example_branch_labels to 2023-11-30T00:00:00+00:00, run_after=2023-12-01T00:00:00+00:00
[2023-12-01T17:47:53.956+0000] {processor.py:179} INFO - Processing /home/airflow/.local/lib/python3.8/site-packages/airflow/example_dags/example_branch_labels.py took 0.048 seconds
[2023-12-01T17:48:25.121+0000] {processor.py:157} INFO - Started process (PID=172) to work on /home/airflow/.local/lib/python3.8/site-packages/airflow/example_dags/example_branch_labels.py
[2023-12-01T17:48:25.122+0000] {processor.py:829} INFO - Processing file /home/airflow/.local/lib/python3.8/site-packages/airflow/example_dags/example_branch_labels.py for tasks to queue
[2023-12-01T17:48:25.123+0000] {logging_mixin.py:154} INFO - [2023-12-01T17:48:25.123+0000] {dagbag.py:536} INFO - Filling up the DagBag from /home/airflow/.local/lib/python3.8/site-packages/airflow/example_dags/example_branch_labels.py
[2023-12-01T17:48:25.129+0000] {processor.py:839} INFO - DAG(s) dict_keys(['example_branch_labels']) retrieved from /home/airflow/.local/lib/python3.8/site-packages/airflow/example_dags/example_branch_labels.py
[2023-12-01T17:48:25.142+0000] {logging_mixin.py:154} INFO - [2023-12-01T17:48:25.142+0000] {dag.py:2941} INFO - Sync 1 DAGs
[2023-12-01T17:48:25.158+0000] {logging_mixin.py:154} INFO - [2023-12-01T17:48:25.158+0000] {dag.py:3722} INFO - Setting next_dagrun for example_branch_labels to 2023-11-30T00:00:00+00:00, run_after=2023-12-01T00:00:00+00:00
[2023-12-01T17:48:25.170+0000] {processor.py:179} INFO - Processing /home/airflow/.local/lib/python3.8/site-packages/airflow/example_dags/example_branch_labels.py took 0.050 seconds
[2023-12-01T17:48:55.760+0000] {processor.py:157} INFO - Started process (PID=262) to work on /home/airflow/.local/lib/python3.8/site-packages/airflow/example_dags/example_branch_labels.py
[2023-12-01T17:48:55.761+0000] {processor.py:829} INFO - Processing file /home/airflow/.local/lib/python3.8/site-packages/airflow/example_dags/example_branch_labels.py for tasks to queue
[2023-12-01T17:48:55.762+0000] {logging_mixin.py:154} INFO - [2023-12-01T17:48:55.762+0000] {dagbag.py:536} INFO - Filling up the DagBag from /home/airflow/.local/lib/python3.8/site-packages/airflow/example_dags/example_branch_labels.py
[2023-12-01T17:48:55.767+0000] {processor.py:839} INFO - DAG(s) dict_keys(['example_branch_labels']) retrieved from /home/airflow/.local/lib/python3.8/site-packages/airflow/example_dags/example_branch_labels.py
[2023-12-01T17:48:55.781+0000] {logging_mixin.py:154} INFO - [2023-12-01T17:48:55.781+0000] {dag.py:2941} INFO - Sync 1 DAGs
[2023-12-01T17:48:55.797+0000] {logging_mixin.py:154} INFO - [2023-12-01T17:48:55.796+0000] {dag.py:3722} INFO - Setting next_dagrun for example_branch_labels to 2023-11-30T00:00:00+00:00, run_after=2023-12-01T00:00:00+00:00
[2023-12-01T17:48:55.808+0000] {processor.py:179} INFO - Processing /home/airflow/.local/lib/python3.8/site-packages/airflow/example_dags/example_branch_labels.py took 0.050 seconds
[2023-12-01T17:49:26.507+0000] {processor.py:157} INFO - Started process (PID=352) to work on /home/airflow/.local/lib/python3.8/site-packages/airflow/example_dags/example_branch_labels.py
[2023-12-01T17:49:26.507+0000] {processor.py:829} INFO - Processing file /home/airflow/.local/lib/python3.8/site-packages/airflow/example_dags/example_branch_labels.py for tasks to queue
[2023-12-01T17:49:26.509+0000] {logging_mixin.py:154} INFO - [2023-12-01T17:49:26.509+0000] {dagbag.py:536} INFO - Filling up the DagBag from /home/airflow/.local/lib/python3.8/site-packages/airflow/example_dags/example_branch_labels.py
[2023-12-01T17:49:26.514+0000] {processor.py:839} INFO - DAG(s) dict_keys(['example_branch_labels']) retrieved from /home/airflow/.local/lib/python3.8/site-packages/airflow/example_dags/example_branch_labels.py
[2023-12-01T17:49:26.527+0000] {logging_mixin.py:154} INFO - [2023-12-01T17:49:26.527+0000] {dag.py:2941} INFO - Sync 1 DAGs
[2023-12-01T17:49:26.542+0000] {logging_mixin.py:154} INFO - [2023-12-01T17:49:26.541+0000] {dag.py:3722} INFO - Setting next_dagrun for example_branch_labels to 2023-11-30T00:00:00+00:00, run_after=2023-12-01T00:00:00+00:00
[2023-12-01T17:49:26.553+0000] {processor.py:179} INFO - Processing /home/airflow/.local/lib/python3.8/site-packages/airflow/example_dags/example_branch_labels.py took 0.048 seconds
[2023-12-01T17:49:57.588+0000] {processor.py:157} INFO - Started process (PID=442) to work on /home/airflow/.local/lib/python3.8/site-packages/airflow/example_dags/example_branch_labels.py
[2023-12-01T17:49:57.589+0000] {processor.py:829} INFO - Processing file /home/airflow/.local/lib/python3.8/site-packages/airflow/example_dags/example_branch_labels.py for tasks to queue
[2023-12-01T17:49:57.590+0000] {logging_mixin.py:154} INFO - [2023-12-01T17:49:57.590+0000] {dagbag.py:536} INFO - Filling up the DagBag from /home/airflow/.local/lib/python3.8/site-packages/airflow/example_dags/example_branch_labels.py
[2023-12-01T17:49:57.595+0000] {processor.py:839} INFO - DAG(s) dict_keys(['example_branch_labels']) retrieved from /home/airflow/.local/lib/python3.8/site-packages/airflow/example_dags/example_branch_labels.py
[2023-12-01T17:49:57.609+0000] {logging_mixin.py:154} INFO - [2023-12-01T17:49:57.609+0000] {dag.py:2941} INFO - Sync 1 DAGs
[2023-12-01T17:49:57.624+0000] {logging_mixin.py:154} INFO - [2023-12-01T17:49:57.624+0000] {dag.py:3722} INFO - Setting next_dagrun for example_branch_labels to 2023-11-30T00:00:00+00:00, run_after=2023-12-01T00:00:00+00:00
[2023-12-01T17:49:57.637+0000] {processor.py:179} INFO - Processing /home/airflow/.local/lib/python3.8/site-packages/airflow/example_dags/example_branch_labels.py took 0.050 seconds
[2023-12-01T17:50:28.338+0000] {processor.py:157} INFO - Started process (PID=532) to work on /home/airflow/.local/lib/python3.8/site-packages/airflow/example_dags/example_branch_labels.py
[2023-12-01T17:50:28.339+0000] {processor.py:829} INFO - Processing file /home/airflow/.local/lib/python3.8/site-packages/airflow/example_dags/example_branch_labels.py for tasks to queue
[2023-12-01T17:50:28.340+0000] {logging_mixin.py:154} INFO - [2023-12-01T17:50:28.340+0000] {dagbag.py:536} INFO - Filling up the DagBag from /home/airflow/.local/lib/python3.8/site-packages/airflow/example_dags/example_branch_labels.py
[2023-12-01T17:50:28.345+0000] {processor.py:839} INFO - DAG(s) dict_keys(['example_branch_labels']) retrieved from /home/airflow/.local/lib/python3.8/site-packages/airflow/example_dags/example_branch_labels.py
[2023-12-01T17:50:28.358+0000] {logging_mixin.py:154} INFO - [2023-12-01T17:50:28.358+0000] {dag.py:2941} INFO - Sync 1 DAGs
[2023-12-01T17:50:28.373+0000] {logging_mixin.py:154} INFO - [2023-12-01T17:50:28.372+0000] {dag.py:3722} INFO - Setting next_dagrun for example_branch_labels to 2023-11-30T00:00:00+00:00, run_after=2023-12-01T00:00:00+00:00
[2023-12-01T17:50:28.384+0000] {processor.py:179} INFO - Processing /home/airflow/.local/lib/python3.8/site-packages/airflow/example_dags/example_branch_labels.py took 0.047 seconds
[2023-12-01T17:50:59.368+0000] {processor.py:157} INFO - Started process (PID=622) to work on /home/airflow/.local/lib/python3.8/site-packages/airflow/example_dags/example_branch_labels.py
[2023-12-01T17:50:59.368+0000] {processor.py:829} INFO - Processing file /home/airflow/.local/lib/python3.8/site-packages/airflow/example_dags/example_branch_labels.py for tasks to queue
[2023-12-01T17:50:59.370+0000] {logging_mixin.py:154} INFO - [2023-12-01T17:50:59.369+0000] {dagbag.py:536} INFO - Filling up the DagBag from /home/airflow/.local/lib/python3.8/site-packages/airflow/example_dags/example_branch_labels.py
[2023-12-01T17:50:59.375+0000] {processor.py:839} INFO - DAG(s) dict_keys(['example_branch_labels']) retrieved from /home/airflow/.local/lib/python3.8/site-packages/airflow/example_dags/example_branch_labels.py
[2023-12-01T17:50:59.388+0000] {logging_mixin.py:154} INFO - [2023-12-01T17:50:59.388+0000] {dag.py:2941} INFO - Sync 1 DAGs
[2023-12-01T17:50:59.403+0000] {logging_mixin.py:154} INFO - [2023-12-01T17:50:59.403+0000] {dag.py:3722} INFO - Setting next_dagrun for example_branch_labels to 2023-11-30T00:00:00+00:00, run_after=2023-12-01T00:00:00+00:00
[2023-12-01T17:50:59.415+0000] {processor.py:179} INFO - Processing /home/airflow/.local/lib/python3.8/site-packages/airflow/example_dags/example_branch_labels.py took 0.050 seconds
[2023-12-01T17:51:30.306+0000] {processor.py:157} INFO - Started process (PID=712) to work on /home/airflow/.local/lib/python3.8/site-packages/airflow/example_dags/example_branch_labels.py
[2023-12-01T17:51:30.306+0000] {processor.py:829} INFO - Processing file /home/airflow/.local/lib/python3.8/site-packages/airflow/example_dags/example_branch_labels.py for tasks to queue
[2023-12-01T17:51:30.308+0000] {logging_mixin.py:154} INFO - [2023-12-01T17:51:30.308+0000] {dagbag.py:536} INFO - Filling up the DagBag from /home/airflow/.local/lib/python3.8/site-packages/airflow/example_dags/example_branch_labels.py
[2023-12-01T17:51:30.314+0000] {processor.py:839} INFO - DAG(s) dict_keys(['example_branch_labels']) retrieved from /home/airflow/.local/lib/python3.8/site-packages/airflow/example_dags/example_branch_labels.py
[2023-12-01T17:51:30.329+0000] {logging_mixin.py:154} INFO - [2023-12-01T17:51:30.329+0000] {dag.py:2941} INFO - Sync 1 DAGs
[2023-12-01T17:51:30.346+0000] {logging_mixin.py:154} INFO - [2023-12-01T17:51:30.346+0000] {dag.py:3722} INFO - Setting next_dagrun for example_branch_labels to 2023-11-30T00:00:00+00:00, run_after=2023-12-01T00:00:00+00:00
[2023-12-01T17:51:30.358+0000] {processor.py:179} INFO - Processing /home/airflow/.local/lib/python3.8/site-packages/airflow/example_dags/example_branch_labels.py took 0.054 seconds
[2023-12-01T17:54:19.037+0000] {processor.py:157} INFO - Started process (PID=82) to work on /home/airflow/.local/lib/python3.8/site-packages/airflow/example_dags/example_branch_labels.py
[2023-12-01T17:54:19.038+0000] {processor.py:829} INFO - Processing file /home/airflow/.local/lib/python3.8/site-packages/airflow/example_dags/example_branch_labels.py for tasks to queue
[2023-12-01T17:54:19.040+0000] {logging_mixin.py:154} INFO - [2023-12-01T17:54:19.039+0000] {dagbag.py:536} INFO - Filling up the DagBag from /home/airflow/.local/lib/python3.8/site-packages/airflow/example_dags/example_branch_labels.py
[2023-12-01T17:54:19.046+0000] {processor.py:839} INFO - DAG(s) dict_keys(['example_branch_labels']) retrieved from /home/airflow/.local/lib/python3.8/site-packages/airflow/example_dags/example_branch_labels.py
[2023-12-01T17:54:19.053+0000] {logging_mixin.py:154} INFO - [2023-12-01T17:54:19.053+0000] {dag.py:2941} INFO - Sync 1 DAGs
[2023-12-01T17:54:19.069+0000] {logging_mixin.py:154} INFO - [2023-12-01T17:54:19.069+0000] {dag.py:3722} INFO - Setting next_dagrun for example_branch_labels to 2023-11-30T00:00:00+00:00, run_after=2023-12-01T00:00:00+00:00
[2023-12-01T17:54:19.083+0000] {processor.py:179} INFO - Processing /home/airflow/.local/lib/python3.8/site-packages/airflow/example_dags/example_branch_labels.py took 0.047 seconds
[2023-12-01T17:54:49.638+0000] {processor.py:157} INFO - Started process (PID=172) to work on /home/airflow/.local/lib/python3.8/site-packages/airflow/example_dags/example_branch_labels.py
[2023-12-01T17:54:49.638+0000] {processor.py:829} INFO - Processing file /home/airflow/.local/lib/python3.8/site-packages/airflow/example_dags/example_branch_labels.py for tasks to queue
[2023-12-01T17:54:49.639+0000] {logging_mixin.py:154} INFO - [2023-12-01T17:54:49.639+0000] {dagbag.py:536} INFO - Filling up the DagBag from /home/airflow/.local/lib/python3.8/site-packages/airflow/example_dags/example_branch_labels.py
[2023-12-01T17:54:49.644+0000] {processor.py:839} INFO - DAG(s) dict_keys(['example_branch_labels']) retrieved from /home/airflow/.local/lib/python3.8/site-packages/airflow/example_dags/example_branch_labels.py
[2023-12-01T17:54:49.658+0000] {logging_mixin.py:154} INFO - [2023-12-01T17:54:49.658+0000] {dag.py:2941} INFO - Sync 1 DAGs
[2023-12-01T17:54:49.673+0000] {logging_mixin.py:154} INFO - [2023-12-01T17:54:49.673+0000] {dag.py:3722} INFO - Setting next_dagrun for example_branch_labels to 2023-11-30T00:00:00+00:00, run_after=2023-12-01T00:00:00+00:00
[2023-12-01T17:54:49.684+0000] {processor.py:179} INFO - Processing /home/airflow/.local/lib/python3.8/site-packages/airflow/example_dags/example_branch_labels.py took 0.049 seconds
[2023-12-01T17:55:20.588+0000] {processor.py:157} INFO - Started process (PID=262) to work on /home/airflow/.local/lib/python3.8/site-packages/airflow/example_dags/example_branch_labels.py
[2023-12-01T17:55:20.589+0000] {processor.py:829} INFO - Processing file /home/airflow/.local/lib/python3.8/site-packages/airflow/example_dags/example_branch_labels.py for tasks to queue
[2023-12-01T17:55:20.590+0000] {logging_mixin.py:154} INFO - [2023-12-01T17:55:20.590+0000] {dagbag.py:536} INFO - Filling up the DagBag from /home/airflow/.local/lib/python3.8/site-packages/airflow/example_dags/example_branch_labels.py
[2023-12-01T17:55:20.595+0000] {processor.py:839} INFO - DAG(s) dict_keys(['example_branch_labels']) retrieved from /home/airflow/.local/lib/python3.8/site-packages/airflow/example_dags/example_branch_labels.py
[2023-12-01T17:55:20.608+0000] {logging_mixin.py:154} INFO - [2023-12-01T17:55:20.608+0000] {dag.py:2941} INFO - Sync 1 DAGs
[2023-12-01T17:55:20.623+0000] {logging_mixin.py:154} INFO - [2023-12-01T17:55:20.623+0000] {dag.py:3722} INFO - Setting next_dagrun for example_branch_labels to 2023-11-30T00:00:00+00:00, run_after=2023-12-01T00:00:00+00:00
[2023-12-01T17:55:20.634+0000] {processor.py:179} INFO - Processing /home/airflow/.local/lib/python3.8/site-packages/airflow/example_dags/example_branch_labels.py took 0.047 seconds
[2023-12-01T17:55:51.352+0000] {processor.py:157} INFO - Started process (PID=352) to work on /home/airflow/.local/lib/python3.8/site-packages/airflow/example_dags/example_branch_labels.py
[2023-12-01T17:55:51.352+0000] {processor.py:829} INFO - Processing file /home/airflow/.local/lib/python3.8/site-packages/airflow/example_dags/example_branch_labels.py for tasks to queue
[2023-12-01T17:55:51.353+0000] {logging_mixin.py:154} INFO - [2023-12-01T17:55:51.353+0000] {dagbag.py:536} INFO - Filling up the DagBag from /home/airflow/.local/lib/python3.8/site-packages/airflow/example_dags/example_branch_labels.py
[2023-12-01T17:55:51.358+0000] {processor.py:839} INFO - DAG(s) dict_keys(['example_branch_labels']) retrieved from /home/airflow/.local/lib/python3.8/site-packages/airflow/example_dags/example_branch_labels.py
[2023-12-01T17:55:51.371+0000] {logging_mixin.py:154} INFO - [2023-12-01T17:55:51.371+0000] {dag.py:2941} INFO - Sync 1 DAGs
[2023-12-01T17:55:51.386+0000] {logging_mixin.py:154} INFO - [2023-12-01T17:55:51.386+0000] {dag.py:3722} INFO - Setting next_dagrun for example_branch_labels to 2023-11-30T00:00:00+00:00, run_after=2023-12-01T00:00:00+00:00
[2023-12-01T17:55:51.398+0000] {processor.py:179} INFO - Processing /home/airflow/.local/lib/python3.8/site-packages/airflow/example_dags/example_branch_labels.py took 0.048 seconds
[2023-12-01T17:56:22.325+0000] {processor.py:157} INFO - Started process (PID=442) to work on /home/airflow/.local/lib/python3.8/site-packages/airflow/example_dags/example_branch_labels.py
[2023-12-01T17:56:22.325+0000] {processor.py:829} INFO - Processing file /home/airflow/.local/lib/python3.8/site-packages/airflow/example_dags/example_branch_labels.py for tasks to queue
[2023-12-01T17:56:22.327+0000] {logging_mixin.py:154} INFO - [2023-12-01T17:56:22.326+0000] {dagbag.py:536} INFO - Filling up the DagBag from /home/airflow/.local/lib/python3.8/site-packages/airflow/example_dags/example_branch_labels.py
[2023-12-01T17:56:22.332+0000] {processor.py:839} INFO - DAG(s) dict_keys(['example_branch_labels']) retrieved from /home/airflow/.local/lib/python3.8/site-packages/airflow/example_dags/example_branch_labels.py
[2023-12-01T17:56:22.345+0000] {logging_mixin.py:154} INFO - [2023-12-01T17:56:22.345+0000] {dag.py:2941} INFO - Sync 1 DAGs
[2023-12-01T17:56:22.360+0000] {logging_mixin.py:154} INFO - [2023-12-01T17:56:22.360+0000] {dag.py:3722} INFO - Setting next_dagrun for example_branch_labels to 2023-11-30T00:00:00+00:00, run_after=2023-12-01T00:00:00+00:00
[2023-12-01T17:56:22.373+0000] {processor.py:179} INFO - Processing /home/airflow/.local/lib/python3.8/site-packages/airflow/example_dags/example_branch_labels.py took 0.050 seconds
[2023-12-01T17:56:52.896+0000] {processor.py:157} INFO - Started process (PID=532) to work on /home/airflow/.local/lib/python3.8/site-packages/airflow/example_dags/example_branch_labels.py
[2023-12-01T17:56:52.897+0000] {processor.py:829} INFO - Processing file /home/airflow/.local/lib/python3.8/site-packages/airflow/example_dags/example_branch_labels.py for tasks to queue
[2023-12-01T17:56:52.898+0000] {logging_mixin.py:154} INFO - [2023-12-01T17:56:52.898+0000] {dagbag.py:536} INFO - Filling up the DagBag from /home/airflow/.local/lib/python3.8/site-packages/airflow/example_dags/example_branch_labels.py
[2023-12-01T17:56:52.903+0000] {processor.py:839} INFO - DAG(s) dict_keys(['example_branch_labels']) retrieved from /home/airflow/.local/lib/python3.8/site-packages/airflow/example_dags/example_branch_labels.py
[2023-12-01T17:56:52.916+0000] {logging_mixin.py:154} INFO - [2023-12-01T17:56:52.916+0000] {dag.py:2941} INFO - Sync 1 DAGs
[2023-12-01T17:56:52.931+0000] {logging_mixin.py:154} INFO - [2023-12-01T17:56:52.931+0000] {dag.py:3722} INFO - Setting next_dagrun for example_branch_labels to 2023-11-30T00:00:00+00:00, run_after=2023-12-01T00:00:00+00:00
[2023-12-01T17:56:52.946+0000] {processor.py:179} INFO - Processing /home/airflow/.local/lib/python3.8/site-packages/airflow/example_dags/example_branch_labels.py took 0.051 seconds
[2023-12-01T17:57:54.454+0000] {processor.py:157} INFO - Started process (PID=82) to work on /home/airflow/.local/lib/python3.8/site-packages/airflow/example_dags/example_branch_labels.py
[2023-12-01T17:57:54.455+0000] {processor.py:829} INFO - Processing file /home/airflow/.local/lib/python3.8/site-packages/airflow/example_dags/example_branch_labels.py for tasks to queue
[2023-12-01T17:57:54.456+0000] {logging_mixin.py:154} INFO - [2023-12-01T17:57:54.456+0000] {dagbag.py:536} INFO - Filling up the DagBag from /home/airflow/.local/lib/python3.8/site-packages/airflow/example_dags/example_branch_labels.py
[2023-12-01T17:57:54.464+0000] {processor.py:839} INFO - DAG(s) dict_keys(['example_branch_labels']) retrieved from /home/airflow/.local/lib/python3.8/site-packages/airflow/example_dags/example_branch_labels.py
[2023-12-01T17:57:54.471+0000] {logging_mixin.py:154} INFO - [2023-12-01T17:57:54.470+0000] {dag.py:2941} INFO - Sync 1 DAGs
[2023-12-01T17:57:54.487+0000] {logging_mixin.py:154} INFO - [2023-12-01T17:57:54.487+0000] {dag.py:3722} INFO - Setting next_dagrun for example_branch_labels to 2023-11-30T00:00:00+00:00, run_after=2023-12-01T00:00:00+00:00
[2023-12-01T17:57:54.501+0000] {processor.py:179} INFO - Processing /home/airflow/.local/lib/python3.8/site-packages/airflow/example_dags/example_branch_labels.py took 0.049 seconds
[2023-12-01T17:58:25.136+0000] {processor.py:157} INFO - Started process (PID=172) to work on /home/airflow/.local/lib/python3.8/site-packages/airflow/example_dags/example_branch_labels.py
[2023-12-01T17:58:25.136+0000] {processor.py:829} INFO - Processing file /home/airflow/.local/lib/python3.8/site-packages/airflow/example_dags/example_branch_labels.py for tasks to queue
[2023-12-01T17:58:25.137+0000] {logging_mixin.py:154} INFO - [2023-12-01T17:58:25.137+0000] {dagbag.py:536} INFO - Filling up the DagBag from /home/airflow/.local/lib/python3.8/site-packages/airflow/example_dags/example_branch_labels.py
[2023-12-01T17:58:25.142+0000] {processor.py:839} INFO - DAG(s) dict_keys(['example_branch_labels']) retrieved from /home/airflow/.local/lib/python3.8/site-packages/airflow/example_dags/example_branch_labels.py
[2023-12-01T17:58:25.155+0000] {logging_mixin.py:154} INFO - [2023-12-01T17:58:25.155+0000] {dag.py:2941} INFO - Sync 1 DAGs
[2023-12-01T17:58:25.171+0000] {logging_mixin.py:154} INFO - [2023-12-01T17:58:25.171+0000] {dag.py:3722} INFO - Setting next_dagrun for example_branch_labels to 2023-11-30T00:00:00+00:00, run_after=2023-12-01T00:00:00+00:00
[2023-12-01T17:58:25.182+0000] {processor.py:179} INFO - Processing /home/airflow/.local/lib/python3.8/site-packages/airflow/example_dags/example_branch_labels.py took 0.048 seconds
[2023-12-01T17:58:55.901+0000] {processor.py:157} INFO - Started process (PID=262) to work on /home/airflow/.local/lib/python3.8/site-packages/airflow/example_dags/example_branch_labels.py
[2023-12-01T17:58:55.902+0000] {processor.py:829} INFO - Processing file /home/airflow/.local/lib/python3.8/site-packages/airflow/example_dags/example_branch_labels.py for tasks to queue
[2023-12-01T17:58:55.903+0000] {logging_mixin.py:154} INFO - [2023-12-01T17:58:55.903+0000] {dagbag.py:536} INFO - Filling up the DagBag from /home/airflow/.local/lib/python3.8/site-packages/airflow/example_dags/example_branch_labels.py
[2023-12-01T17:58:55.908+0000] {processor.py:839} INFO - DAG(s) dict_keys(['example_branch_labels']) retrieved from /home/airflow/.local/lib/python3.8/site-packages/airflow/example_dags/example_branch_labels.py
[2023-12-01T17:58:55.921+0000] {logging_mixin.py:154} INFO - [2023-12-01T17:58:55.921+0000] {dag.py:2941} INFO - Sync 1 DAGs
[2023-12-01T17:58:55.937+0000] {logging_mixin.py:154} INFO - [2023-12-01T17:58:55.937+0000] {dag.py:3722} INFO - Setting next_dagrun for example_branch_labels to 2023-11-30T00:00:00+00:00, run_after=2023-12-01T00:00:00+00:00
[2023-12-01T17:58:55.948+0000] {processor.py:179} INFO - Processing /home/airflow/.local/lib/python3.8/site-packages/airflow/example_dags/example_branch_labels.py took 0.048 seconds
[2023-12-01T17:59:26.633+0000] {processor.py:157} INFO - Started process (PID=352) to work on /home/airflow/.local/lib/python3.8/site-packages/airflow/example_dags/example_branch_labels.py
[2023-12-01T17:59:26.634+0000] {processor.py:829} INFO - Processing file /home/airflow/.local/lib/python3.8/site-packages/airflow/example_dags/example_branch_labels.py for tasks to queue
[2023-12-01T17:59:26.635+0000] {logging_mixin.py:154} INFO - [2023-12-01T17:59:26.635+0000] {dagbag.py:536} INFO - Filling up the DagBag from /home/airflow/.local/lib/python3.8/site-packages/airflow/example_dags/example_branch_labels.py
[2023-12-01T17:59:26.640+0000] {processor.py:839} INFO - DAG(s) dict_keys(['example_branch_labels']) retrieved from /home/airflow/.local/lib/python3.8/site-packages/airflow/example_dags/example_branch_labels.py
[2023-12-01T17:59:26.655+0000] {logging_mixin.py:154} INFO - [2023-12-01T17:59:26.655+0000] {dag.py:2941} INFO - Sync 1 DAGs
[2023-12-01T17:59:26.670+0000] {logging_mixin.py:154} INFO - [2023-12-01T17:59:26.670+0000] {dag.py:3722} INFO - Setting next_dagrun for example_branch_labels to 2023-11-30T00:00:00+00:00, run_after=2023-12-01T00:00:00+00:00
[2023-12-01T17:59:26.681+0000] {processor.py:179} INFO - Processing /home/airflow/.local/lib/python3.8/site-packages/airflow/example_dags/example_branch_labels.py took 0.050 seconds
