[2023-12-01T17:41:51.273+0000] {processor.py:157} INFO - Started process (PID=83) to work on /home/airflow/.local/lib/python3.8/site-packages/airflow/example_dags/example_xcomargs.py
[2023-12-01T17:41:51.274+0000] {processor.py:829} INFO - Processing file /home/airflow/.local/lib/python3.8/site-packages/airflow/example_dags/example_xcomargs.py for tasks to queue
[2023-12-01T17:41:51.276+0000] {logging_mixin.py:154} INFO - [2023-12-01T17:41:51.275+0000] {dagbag.py:536} INFO - Filling up the DagBag from /home/airflow/.local/lib/python3.8/site-packages/airflow/example_dags/example_xcomargs.py
[2023-12-01T17:41:51.283+0000] {processor.py:839} INFO - DAG(s) dict_keys(['example_xcom_args_with_operators', 'example_xcom_args']) retrieved from /home/airflow/.local/lib/python3.8/site-packages/airflow/example_dags/example_xcomargs.py
[2023-12-01T17:41:51.292+0000] {logging_mixin.py:154} INFO - [2023-12-01T17:41:51.292+0000] {dag.py:2941} INFO - Sync 2 DAGs
[2023-12-01T17:41:51.302+0000] {logging_mixin.py:154} INFO - [2023-12-01T17:41:51.302+0000] {dag.py:3722} INFO - Setting next_dagrun for example_xcom_args to None, run_after=None
[2023-12-01T17:41:51.306+0000] {logging_mixin.py:154} INFO - [2023-12-01T17:41:51.306+0000] {dag.py:3722} INFO - Setting next_dagrun for example_xcom_args_with_operators to None, run_after=None
[2023-12-01T17:41:51.319+0000] {processor.py:179} INFO - Processing /home/airflow/.local/lib/python3.8/site-packages/airflow/example_dags/example_xcomargs.py took 0.048 seconds
[2023-12-01T17:42:22.131+0000] {processor.py:157} INFO - Started process (PID=173) to work on /home/airflow/.local/lib/python3.8/site-packages/airflow/example_dags/example_xcomargs.py
[2023-12-01T17:42:22.132+0000] {processor.py:829} INFO - Processing file /home/airflow/.local/lib/python3.8/site-packages/airflow/example_dags/example_xcomargs.py for tasks to queue
[2023-12-01T17:42:22.133+0000] {logging_mixin.py:154} INFO - [2023-12-01T17:42:22.133+0000] {dagbag.py:536} INFO - Filling up the DagBag from /home/airflow/.local/lib/python3.8/site-packages/airflow/example_dags/example_xcomargs.py
[2023-12-01T17:42:22.138+0000] {processor.py:839} INFO - DAG(s) dict_keys(['example_xcom_args', 'example_xcom_args_with_operators']) retrieved from /home/airflow/.local/lib/python3.8/site-packages/airflow/example_dags/example_xcomargs.py
[2023-12-01T17:42:22.153+0000] {logging_mixin.py:154} INFO - [2023-12-01T17:42:22.153+0000] {dag.py:2941} INFO - Sync 2 DAGs
[2023-12-01T17:42:22.161+0000] {logging_mixin.py:154} INFO - [2023-12-01T17:42:22.161+0000] {dag.py:3722} INFO - Setting next_dagrun for example_xcom_args to None, run_after=None
[2023-12-01T17:42:22.164+0000] {logging_mixin.py:154} INFO - [2023-12-01T17:42:22.164+0000] {dag.py:3722} INFO - Setting next_dagrun for example_xcom_args_with_operators to None, run_after=None
[2023-12-01T17:42:22.174+0000] {processor.py:179} INFO - Processing /home/airflow/.local/lib/python3.8/site-packages/airflow/example_dags/example_xcomargs.py took 0.044 seconds
[2023-12-01T17:42:52.795+0000] {processor.py:157} INFO - Started process (PID=263) to work on /home/airflow/.local/lib/python3.8/site-packages/airflow/example_dags/example_xcomargs.py
[2023-12-01T17:42:52.796+0000] {processor.py:829} INFO - Processing file /home/airflow/.local/lib/python3.8/site-packages/airflow/example_dags/example_xcomargs.py for tasks to queue
[2023-12-01T17:42:52.797+0000] {logging_mixin.py:154} INFO - [2023-12-01T17:42:52.797+0000] {dagbag.py:536} INFO - Filling up the DagBag from /home/airflow/.local/lib/python3.8/site-packages/airflow/example_dags/example_xcomargs.py
[2023-12-01T17:42:52.802+0000] {processor.py:839} INFO - DAG(s) dict_keys(['example_xcom_args_with_operators', 'example_xcom_args']) retrieved from /home/airflow/.local/lib/python3.8/site-packages/airflow/example_dags/example_xcomargs.py
[2023-12-01T17:42:52.817+0000] {logging_mixin.py:154} INFO - [2023-12-01T17:42:52.817+0000] {dag.py:2941} INFO - Sync 2 DAGs
[2023-12-01T17:42:52.826+0000] {logging_mixin.py:154} INFO - [2023-12-01T17:42:52.826+0000] {dag.py:3722} INFO - Setting next_dagrun for example_xcom_args to None, run_after=None
[2023-12-01T17:42:52.828+0000] {logging_mixin.py:154} INFO - [2023-12-01T17:42:52.828+0000] {dag.py:3722} INFO - Setting next_dagrun for example_xcom_args_with_operators to None, run_after=None
[2023-12-01T17:42:52.839+0000] {processor.py:179} INFO - Processing /home/airflow/.local/lib/python3.8/site-packages/airflow/example_dags/example_xcomargs.py took 0.045 seconds
[2023-12-01T17:43:23.672+0000] {processor.py:157} INFO - Started process (PID=353) to work on /home/airflow/.local/lib/python3.8/site-packages/airflow/example_dags/example_xcomargs.py
[2023-12-01T17:43:23.673+0000] {processor.py:829} INFO - Processing file /home/airflow/.local/lib/python3.8/site-packages/airflow/example_dags/example_xcomargs.py for tasks to queue
[2023-12-01T17:43:23.674+0000] {logging_mixin.py:154} INFO - [2023-12-01T17:43:23.674+0000] {dagbag.py:536} INFO - Filling up the DagBag from /home/airflow/.local/lib/python3.8/site-packages/airflow/example_dags/example_xcomargs.py
[2023-12-01T17:43:23.680+0000] {processor.py:839} INFO - DAG(s) dict_keys(['example_xcom_args_with_operators', 'example_xcom_args']) retrieved from /home/airflow/.local/lib/python3.8/site-packages/airflow/example_dags/example_xcomargs.py
[2023-12-01T17:43:23.696+0000] {logging_mixin.py:154} INFO - [2023-12-01T17:43:23.696+0000] {dag.py:2941} INFO - Sync 2 DAGs
[2023-12-01T17:43:23.706+0000] {logging_mixin.py:154} INFO - [2023-12-01T17:43:23.706+0000] {dag.py:3722} INFO - Setting next_dagrun for example_xcom_args to None, run_after=None
[2023-12-01T17:43:23.708+0000] {logging_mixin.py:154} INFO - [2023-12-01T17:43:23.708+0000] {dag.py:3722} INFO - Setting next_dagrun for example_xcom_args_with_operators to None, run_after=None
[2023-12-01T17:43:23.719+0000] {processor.py:179} INFO - Processing /home/airflow/.local/lib/python3.8/site-packages/airflow/example_dags/example_xcomargs.py took 0.049 seconds
[2023-12-01T17:43:54.751+0000] {processor.py:157} INFO - Started process (PID=443) to work on /home/airflow/.local/lib/python3.8/site-packages/airflow/example_dags/example_xcomargs.py
[2023-12-01T17:43:54.751+0000] {processor.py:829} INFO - Processing file /home/airflow/.local/lib/python3.8/site-packages/airflow/example_dags/example_xcomargs.py for tasks to queue
[2023-12-01T17:43:54.753+0000] {logging_mixin.py:154} INFO - [2023-12-01T17:43:54.752+0000] {dagbag.py:536} INFO - Filling up the DagBag from /home/airflow/.local/lib/python3.8/site-packages/airflow/example_dags/example_xcomargs.py
[2023-12-01T17:43:54.758+0000] {processor.py:839} INFO - DAG(s) dict_keys(['example_xcom_args', 'example_xcom_args_with_operators']) retrieved from /home/airflow/.local/lib/python3.8/site-packages/airflow/example_dags/example_xcomargs.py
[2023-12-01T17:43:54.773+0000] {logging_mixin.py:154} INFO - [2023-12-01T17:43:54.773+0000] {dag.py:2941} INFO - Sync 2 DAGs
[2023-12-01T17:43:54.782+0000] {logging_mixin.py:154} INFO - [2023-12-01T17:43:54.782+0000] {dag.py:3722} INFO - Setting next_dagrun for example_xcom_args to None, run_after=None
[2023-12-01T17:43:54.784+0000] {logging_mixin.py:154} INFO - [2023-12-01T17:43:54.784+0000] {dag.py:3722} INFO - Setting next_dagrun for example_xcom_args_with_operators to None, run_after=None
[2023-12-01T17:43:54.795+0000] {processor.py:179} INFO - Processing /home/airflow/.local/lib/python3.8/site-packages/airflow/example_dags/example_xcomargs.py took 0.047 seconds
[2023-12-01T17:44:25.807+0000] {processor.py:157} INFO - Started process (PID=533) to work on /home/airflow/.local/lib/python3.8/site-packages/airflow/example_dags/example_xcomargs.py
[2023-12-01T17:44:25.808+0000] {processor.py:829} INFO - Processing file /home/airflow/.local/lib/python3.8/site-packages/airflow/example_dags/example_xcomargs.py for tasks to queue
[2023-12-01T17:44:25.809+0000] {logging_mixin.py:154} INFO - [2023-12-01T17:44:25.809+0000] {dagbag.py:536} INFO - Filling up the DagBag from /home/airflow/.local/lib/python3.8/site-packages/airflow/example_dags/example_xcomargs.py
[2023-12-01T17:44:25.814+0000] {processor.py:839} INFO - DAG(s) dict_keys(['example_xcom_args_with_operators', 'example_xcom_args']) retrieved from /home/airflow/.local/lib/python3.8/site-packages/airflow/example_dags/example_xcomargs.py
[2023-12-01T17:44:25.829+0000] {logging_mixin.py:154} INFO - [2023-12-01T17:44:25.829+0000] {dag.py:2941} INFO - Sync 2 DAGs
[2023-12-01T17:44:25.837+0000] {logging_mixin.py:154} INFO - [2023-12-01T17:44:25.837+0000] {dag.py:3722} INFO - Setting next_dagrun for example_xcom_args to None, run_after=None
[2023-12-01T17:44:25.840+0000] {logging_mixin.py:154} INFO - [2023-12-01T17:44:25.840+0000] {dag.py:3722} INFO - Setting next_dagrun for example_xcom_args_with_operators to None, run_after=None
[2023-12-01T17:44:25.852+0000] {processor.py:179} INFO - Processing /home/airflow/.local/lib/python3.8/site-packages/airflow/example_dags/example_xcomargs.py took 0.047 seconds
[2023-12-01T17:45:22.874+0000] {processor.py:157} INFO - Started process (PID=83) to work on /home/airflow/.local/lib/python3.8/site-packages/airflow/example_dags/example_xcomargs.py
[2023-12-01T17:45:22.875+0000] {processor.py:829} INFO - Processing file /home/airflow/.local/lib/python3.8/site-packages/airflow/example_dags/example_xcomargs.py for tasks to queue
[2023-12-01T17:45:22.876+0000] {logging_mixin.py:154} INFO - [2023-12-01T17:45:22.876+0000] {dagbag.py:536} INFO - Filling up the DagBag from /home/airflow/.local/lib/python3.8/site-packages/airflow/example_dags/example_xcomargs.py
[2023-12-01T17:45:22.883+0000] {processor.py:839} INFO - DAG(s) dict_keys(['example_xcom_args_with_operators', 'example_xcom_args']) retrieved from /home/airflow/.local/lib/python3.8/site-packages/airflow/example_dags/example_xcomargs.py
[2023-12-01T17:45:22.891+0000] {logging_mixin.py:154} INFO - [2023-12-01T17:45:22.890+0000] {dag.py:2941} INFO - Sync 2 DAGs
[2023-12-01T17:45:22.899+0000] {logging_mixin.py:154} INFO - [2023-12-01T17:45:22.899+0000] {dag.py:3722} INFO - Setting next_dagrun for example_xcom_args to None, run_after=None
[2023-12-01T17:45:22.902+0000] {logging_mixin.py:154} INFO - [2023-12-01T17:45:22.902+0000] {dag.py:3722} INFO - Setting next_dagrun for example_xcom_args_with_operators to None, run_after=None
[2023-12-01T17:45:22.915+0000] {processor.py:179} INFO - Processing /home/airflow/.local/lib/python3.8/site-packages/airflow/example_dags/example_xcomargs.py took 0.042 seconds
[2023-12-01T17:45:53.707+0000] {processor.py:157} INFO - Started process (PID=173) to work on /home/airflow/.local/lib/python3.8/site-packages/airflow/example_dags/example_xcomargs.py
[2023-12-01T17:45:53.707+0000] {processor.py:829} INFO - Processing file /home/airflow/.local/lib/python3.8/site-packages/airflow/example_dags/example_xcomargs.py for tasks to queue
[2023-12-01T17:45:53.709+0000] {logging_mixin.py:154} INFO - [2023-12-01T17:45:53.708+0000] {dagbag.py:536} INFO - Filling up the DagBag from /home/airflow/.local/lib/python3.8/site-packages/airflow/example_dags/example_xcomargs.py
[2023-12-01T17:45:53.713+0000] {processor.py:839} INFO - DAG(s) dict_keys(['example_xcom_args_with_operators', 'example_xcom_args']) retrieved from /home/airflow/.local/lib/python3.8/site-packages/airflow/example_dags/example_xcomargs.py
[2023-12-01T17:45:53.728+0000] {logging_mixin.py:154} INFO - [2023-12-01T17:45:53.728+0000] {dag.py:2941} INFO - Sync 2 DAGs
[2023-12-01T17:45:53.736+0000] {logging_mixin.py:154} INFO - [2023-12-01T17:45:53.736+0000] {dag.py:3722} INFO - Setting next_dagrun for example_xcom_args to None, run_after=None
[2023-12-01T17:45:53.739+0000] {logging_mixin.py:154} INFO - [2023-12-01T17:45:53.739+0000] {dag.py:3722} INFO - Setting next_dagrun for example_xcom_args_with_operators to None, run_after=None
[2023-12-01T17:45:53.749+0000] {processor.py:179} INFO - Processing /home/airflow/.local/lib/python3.8/site-packages/airflow/example_dags/example_xcomargs.py took 0.044 seconds
[2023-12-01T17:46:24.736+0000] {processor.py:157} INFO - Started process (PID=263) to work on /home/airflow/.local/lib/python3.8/site-packages/airflow/example_dags/example_xcomargs.py
[2023-12-01T17:46:24.736+0000] {processor.py:829} INFO - Processing file /home/airflow/.local/lib/python3.8/site-packages/airflow/example_dags/example_xcomargs.py for tasks to queue
[2023-12-01T17:46:24.738+0000] {logging_mixin.py:154} INFO - [2023-12-01T17:46:24.738+0000] {dagbag.py:536} INFO - Filling up the DagBag from /home/airflow/.local/lib/python3.8/site-packages/airflow/example_dags/example_xcomargs.py
[2023-12-01T17:46:24.743+0000] {processor.py:839} INFO - DAG(s) dict_keys(['example_xcom_args', 'example_xcom_args_with_operators']) retrieved from /home/airflow/.local/lib/python3.8/site-packages/airflow/example_dags/example_xcomargs.py
[2023-12-01T17:46:24.758+0000] {logging_mixin.py:154} INFO - [2023-12-01T17:46:24.758+0000] {dag.py:2941} INFO - Sync 2 DAGs
[2023-12-01T17:46:24.766+0000] {logging_mixin.py:154} INFO - [2023-12-01T17:46:24.766+0000] {dag.py:3722} INFO - Setting next_dagrun for example_xcom_args to None, run_after=None
[2023-12-01T17:46:24.769+0000] {logging_mixin.py:154} INFO - [2023-12-01T17:46:24.769+0000] {dag.py:3722} INFO - Setting next_dagrun for example_xcom_args_with_operators to None, run_after=None
[2023-12-01T17:46:24.780+0000] {processor.py:179} INFO - Processing /home/airflow/.local/lib/python3.8/site-packages/airflow/example_dags/example_xcomargs.py took 0.046 seconds
[2023-12-01T17:46:55.777+0000] {processor.py:157} INFO - Started process (PID=353) to work on /home/airflow/.local/lib/python3.8/site-packages/airflow/example_dags/example_xcomargs.py
[2023-12-01T17:46:55.777+0000] {processor.py:829} INFO - Processing file /home/airflow/.local/lib/python3.8/site-packages/airflow/example_dags/example_xcomargs.py for tasks to queue
[2023-12-01T17:46:55.779+0000] {logging_mixin.py:154} INFO - [2023-12-01T17:46:55.778+0000] {dagbag.py:536} INFO - Filling up the DagBag from /home/airflow/.local/lib/python3.8/site-packages/airflow/example_dags/example_xcomargs.py
[2023-12-01T17:46:55.783+0000] {processor.py:839} INFO - DAG(s) dict_keys(['example_xcom_args_with_operators', 'example_xcom_args']) retrieved from /home/airflow/.local/lib/python3.8/site-packages/airflow/example_dags/example_xcomargs.py
[2023-12-01T17:46:55.799+0000] {logging_mixin.py:154} INFO - [2023-12-01T17:46:55.799+0000] {dag.py:2941} INFO - Sync 2 DAGs
[2023-12-01T17:46:55.809+0000] {logging_mixin.py:154} INFO - [2023-12-01T17:46:55.809+0000] {dag.py:3722} INFO - Setting next_dagrun for example_xcom_args to None, run_after=None
[2023-12-01T17:46:55.811+0000] {logging_mixin.py:154} INFO - [2023-12-01T17:46:55.811+0000] {dag.py:3722} INFO - Setting next_dagrun for example_xcom_args_with_operators to None, run_after=None
[2023-12-01T17:46:55.823+0000] {processor.py:179} INFO - Processing /home/airflow/.local/lib/python3.8/site-packages/airflow/example_dags/example_xcomargs.py took 0.048 seconds
[2023-12-01T17:47:53.980+0000] {processor.py:157} INFO - Started process (PID=83) to work on /home/airflow/.local/lib/python3.8/site-packages/airflow/example_dags/example_xcomargs.py
[2023-12-01T17:47:53.981+0000] {processor.py:829} INFO - Processing file /home/airflow/.local/lib/python3.8/site-packages/airflow/example_dags/example_xcomargs.py for tasks to queue
[2023-12-01T17:47:53.982+0000] {logging_mixin.py:154} INFO - [2023-12-01T17:47:53.982+0000] {dagbag.py:536} INFO - Filling up the DagBag from /home/airflow/.local/lib/python3.8/site-packages/airflow/example_dags/example_xcomargs.py
[2023-12-01T17:47:53.989+0000] {processor.py:839} INFO - DAG(s) dict_keys(['example_xcom_args', 'example_xcom_args_with_operators']) retrieved from /home/airflow/.local/lib/python3.8/site-packages/airflow/example_dags/example_xcomargs.py
[2023-12-01T17:47:53.999+0000] {logging_mixin.py:154} INFO - [2023-12-01T17:47:53.999+0000] {dag.py:2941} INFO - Sync 2 DAGs
[2023-12-01T17:47:54.009+0000] {logging_mixin.py:154} INFO - [2023-12-01T17:47:54.009+0000] {dag.py:3722} INFO - Setting next_dagrun for example_xcom_args to None, run_after=None
[2023-12-01T17:47:54.012+0000] {logging_mixin.py:154} INFO - [2023-12-01T17:47:54.012+0000] {dag.py:3722} INFO - Setting next_dagrun for example_xcom_args_with_operators to None, run_after=None
[2023-12-01T17:47:54.024+0000] {processor.py:179} INFO - Processing /home/airflow/.local/lib/python3.8/site-packages/airflow/example_dags/example_xcomargs.py took 0.045 seconds
[2023-12-01T17:48:25.185+0000] {processor.py:157} INFO - Started process (PID=173) to work on /home/airflow/.local/lib/python3.8/site-packages/airflow/example_dags/example_xcomargs.py
[2023-12-01T17:48:25.186+0000] {processor.py:829} INFO - Processing file /home/airflow/.local/lib/python3.8/site-packages/airflow/example_dags/example_xcomargs.py for tasks to queue
[2023-12-01T17:48:25.187+0000] {logging_mixin.py:154} INFO - [2023-12-01T17:48:25.187+0000] {dagbag.py:536} INFO - Filling up the DagBag from /home/airflow/.local/lib/python3.8/site-packages/airflow/example_dags/example_xcomargs.py
[2023-12-01T17:48:25.192+0000] {processor.py:839} INFO - DAG(s) dict_keys(['example_xcom_args_with_operators', 'example_xcom_args']) retrieved from /home/airflow/.local/lib/python3.8/site-packages/airflow/example_dags/example_xcomargs.py
[2023-12-01T17:48:25.207+0000] {logging_mixin.py:154} INFO - [2023-12-01T17:48:25.207+0000] {dag.py:2941} INFO - Sync 2 DAGs
[2023-12-01T17:48:25.217+0000] {logging_mixin.py:154} INFO - [2023-12-01T17:48:25.217+0000] {dag.py:3722} INFO - Setting next_dagrun for example_xcom_args to None, run_after=None
[2023-12-01T17:48:25.220+0000] {logging_mixin.py:154} INFO - [2023-12-01T17:48:25.219+0000] {dag.py:3722} INFO - Setting next_dagrun for example_xcom_args_with_operators to None, run_after=None
[2023-12-01T17:48:25.230+0000] {processor.py:179} INFO - Processing /home/airflow/.local/lib/python3.8/site-packages/airflow/example_dags/example_xcomargs.py took 0.047 seconds
[2023-12-01T17:48:55.830+0000] {processor.py:157} INFO - Started process (PID=263) to work on /home/airflow/.local/lib/python3.8/site-packages/airflow/example_dags/example_xcomargs.py
[2023-12-01T17:48:55.831+0000] {processor.py:829} INFO - Processing file /home/airflow/.local/lib/python3.8/site-packages/airflow/example_dags/example_xcomargs.py for tasks to queue
[2023-12-01T17:48:55.832+0000] {logging_mixin.py:154} INFO - [2023-12-01T17:48:55.832+0000] {dagbag.py:536} INFO - Filling up the DagBag from /home/airflow/.local/lib/python3.8/site-packages/airflow/example_dags/example_xcomargs.py
[2023-12-01T17:48:55.838+0000] {processor.py:839} INFO - DAG(s) dict_keys(['example_xcom_args', 'example_xcom_args_with_operators']) retrieved from /home/airflow/.local/lib/python3.8/site-packages/airflow/example_dags/example_xcomargs.py
[2023-12-01T17:48:55.853+0000] {logging_mixin.py:154} INFO - [2023-12-01T17:48:55.853+0000] {dag.py:2941} INFO - Sync 2 DAGs
[2023-12-01T17:48:55.862+0000] {logging_mixin.py:154} INFO - [2023-12-01T17:48:55.862+0000] {dag.py:3722} INFO - Setting next_dagrun for example_xcom_args to None, run_after=None
[2023-12-01T17:48:55.865+0000] {logging_mixin.py:154} INFO - [2023-12-01T17:48:55.865+0000] {dag.py:3722} INFO - Setting next_dagrun for example_xcom_args_with_operators to None, run_after=None
[2023-12-01T17:48:55.876+0000] {processor.py:179} INFO - Processing /home/airflow/.local/lib/python3.8/site-packages/airflow/example_dags/example_xcomargs.py took 0.047 seconds
[2023-12-01T17:49:26.570+0000] {processor.py:157} INFO - Started process (PID=353) to work on /home/airflow/.local/lib/python3.8/site-packages/airflow/example_dags/example_xcomargs.py
[2023-12-01T17:49:26.571+0000] {processor.py:829} INFO - Processing file /home/airflow/.local/lib/python3.8/site-packages/airflow/example_dags/example_xcomargs.py for tasks to queue
[2023-12-01T17:49:26.572+0000] {logging_mixin.py:154} INFO - [2023-12-01T17:49:26.572+0000] {dagbag.py:536} INFO - Filling up the DagBag from /home/airflow/.local/lib/python3.8/site-packages/airflow/example_dags/example_xcomargs.py
[2023-12-01T17:49:26.577+0000] {processor.py:839} INFO - DAG(s) dict_keys(['example_xcom_args', 'example_xcom_args_with_operators']) retrieved from /home/airflow/.local/lib/python3.8/site-packages/airflow/example_dags/example_xcomargs.py
[2023-12-01T17:49:26.592+0000] {logging_mixin.py:154} INFO - [2023-12-01T17:49:26.591+0000] {dag.py:2941} INFO - Sync 2 DAGs
[2023-12-01T17:49:26.600+0000] {logging_mixin.py:154} INFO - [2023-12-01T17:49:26.600+0000] {dag.py:3722} INFO - Setting next_dagrun for example_xcom_args to None, run_after=None
[2023-12-01T17:49:26.602+0000] {logging_mixin.py:154} INFO - [2023-12-01T17:49:26.602+0000] {dag.py:3722} INFO - Setting next_dagrun for example_xcom_args_with_operators to None, run_after=None
[2023-12-01T17:49:26.613+0000] {processor.py:179} INFO - Processing /home/airflow/.local/lib/python3.8/site-packages/airflow/example_dags/example_xcomargs.py took 0.044 seconds
[2023-12-01T17:49:57.656+0000] {processor.py:157} INFO - Started process (PID=443) to work on /home/airflow/.local/lib/python3.8/site-packages/airflow/example_dags/example_xcomargs.py
[2023-12-01T17:49:57.657+0000] {processor.py:829} INFO - Processing file /home/airflow/.local/lib/python3.8/site-packages/airflow/example_dags/example_xcomargs.py for tasks to queue
[2023-12-01T17:49:57.658+0000] {logging_mixin.py:154} INFO - [2023-12-01T17:49:57.658+0000] {dagbag.py:536} INFO - Filling up the DagBag from /home/airflow/.local/lib/python3.8/site-packages/airflow/example_dags/example_xcomargs.py
[2023-12-01T17:49:57.663+0000] {processor.py:839} INFO - DAG(s) dict_keys(['example_xcom_args', 'example_xcom_args_with_operators']) retrieved from /home/airflow/.local/lib/python3.8/site-packages/airflow/example_dags/example_xcomargs.py
[2023-12-01T17:49:57.679+0000] {logging_mixin.py:154} INFO - [2023-12-01T17:49:57.678+0000] {dag.py:2941} INFO - Sync 2 DAGs
[2023-12-01T17:49:57.687+0000] {logging_mixin.py:154} INFO - [2023-12-01T17:49:57.687+0000] {dag.py:3722} INFO - Setting next_dagrun for example_xcom_args to None, run_after=None
[2023-12-01T17:49:57.690+0000] {logging_mixin.py:154} INFO - [2023-12-01T17:49:57.690+0000] {dag.py:3722} INFO - Setting next_dagrun for example_xcom_args_with_operators to None, run_after=None
[2023-12-01T17:49:57.701+0000] {processor.py:179} INFO - Processing /home/airflow/.local/lib/python3.8/site-packages/airflow/example_dags/example_xcomargs.py took 0.046 seconds
[2023-12-01T17:50:28.402+0000] {processor.py:157} INFO - Started process (PID=533) to work on /home/airflow/.local/lib/python3.8/site-packages/airflow/example_dags/example_xcomargs.py
[2023-12-01T17:50:28.403+0000] {processor.py:829} INFO - Processing file /home/airflow/.local/lib/python3.8/site-packages/airflow/example_dags/example_xcomargs.py for tasks to queue
[2023-12-01T17:50:28.404+0000] {logging_mixin.py:154} INFO - [2023-12-01T17:50:28.404+0000] {dagbag.py:536} INFO - Filling up the DagBag from /home/airflow/.local/lib/python3.8/site-packages/airflow/example_dags/example_xcomargs.py
[2023-12-01T17:50:28.409+0000] {processor.py:839} INFO - DAG(s) dict_keys(['example_xcom_args_with_operators', 'example_xcom_args']) retrieved from /home/airflow/.local/lib/python3.8/site-packages/airflow/example_dags/example_xcomargs.py
[2023-12-01T17:50:28.424+0000] {logging_mixin.py:154} INFO - [2023-12-01T17:50:28.423+0000] {dag.py:2941} INFO - Sync 2 DAGs
[2023-12-01T17:50:28.432+0000] {logging_mixin.py:154} INFO - [2023-12-01T17:50:28.432+0000] {dag.py:3722} INFO - Setting next_dagrun for example_xcom_args to None, run_after=None
[2023-12-01T17:50:28.434+0000] {logging_mixin.py:154} INFO - [2023-12-01T17:50:28.434+0000] {dag.py:3722} INFO - Setting next_dagrun for example_xcom_args_with_operators to None, run_after=None
[2023-12-01T17:50:28.444+0000] {processor.py:179} INFO - Processing /home/airflow/.local/lib/python3.8/site-packages/airflow/example_dags/example_xcomargs.py took 0.044 seconds
[2023-12-01T17:50:59.435+0000] {processor.py:157} INFO - Started process (PID=623) to work on /home/airflow/.local/lib/python3.8/site-packages/airflow/example_dags/example_xcomargs.py
[2023-12-01T17:50:59.436+0000] {processor.py:829} INFO - Processing file /home/airflow/.local/lib/python3.8/site-packages/airflow/example_dags/example_xcomargs.py for tasks to queue
[2023-12-01T17:50:59.437+0000] {logging_mixin.py:154} INFO - [2023-12-01T17:50:59.437+0000] {dagbag.py:536} INFO - Filling up the DagBag from /home/airflow/.local/lib/python3.8/site-packages/airflow/example_dags/example_xcomargs.py
[2023-12-01T17:50:59.442+0000] {processor.py:839} INFO - DAG(s) dict_keys(['example_xcom_args_with_operators', 'example_xcom_args']) retrieved from /home/airflow/.local/lib/python3.8/site-packages/airflow/example_dags/example_xcomargs.py
[2023-12-01T17:50:59.459+0000] {logging_mixin.py:154} INFO - [2023-12-01T17:50:59.459+0000] {dag.py:2941} INFO - Sync 2 DAGs
[2023-12-01T17:50:59.468+0000] {logging_mixin.py:154} INFO - [2023-12-01T17:50:59.468+0000] {dag.py:3722} INFO - Setting next_dagrun for example_xcom_args to None, run_after=None
[2023-12-01T17:50:59.470+0000] {logging_mixin.py:154} INFO - [2023-12-01T17:50:59.470+0000] {dag.py:3722} INFO - Setting next_dagrun for example_xcom_args_with_operators to None, run_after=None
[2023-12-01T17:50:59.483+0000] {processor.py:179} INFO - Processing /home/airflow/.local/lib/python3.8/site-packages/airflow/example_dags/example_xcomargs.py took 0.049 seconds
[2023-12-01T17:51:30.375+0000] {processor.py:157} INFO - Started process (PID=713) to work on /home/airflow/.local/lib/python3.8/site-packages/airflow/example_dags/example_xcomargs.py
[2023-12-01T17:51:30.376+0000] {processor.py:829} INFO - Processing file /home/airflow/.local/lib/python3.8/site-packages/airflow/example_dags/example_xcomargs.py for tasks to queue
[2023-12-01T17:51:30.377+0000] {logging_mixin.py:154} INFO - [2023-12-01T17:51:30.377+0000] {dagbag.py:536} INFO - Filling up the DagBag from /home/airflow/.local/lib/python3.8/site-packages/airflow/example_dags/example_xcomargs.py
[2023-12-01T17:51:30.382+0000] {processor.py:839} INFO - DAG(s) dict_keys(['example_xcom_args_with_operators', 'example_xcom_args']) retrieved from /home/airflow/.local/lib/python3.8/site-packages/airflow/example_dags/example_xcomargs.py
[2023-12-01T17:51:30.396+0000] {logging_mixin.py:154} INFO - [2023-12-01T17:51:30.396+0000] {dag.py:2941} INFO - Sync 2 DAGs
[2023-12-01T17:51:30.404+0000] {logging_mixin.py:154} INFO - [2023-12-01T17:51:30.404+0000] {dag.py:3722} INFO - Setting next_dagrun for example_xcom_args to None, run_after=None
[2023-12-01T17:51:30.407+0000] {logging_mixin.py:154} INFO - [2023-12-01T17:51:30.407+0000] {dag.py:3722} INFO - Setting next_dagrun for example_xcom_args_with_operators to None, run_after=None
[2023-12-01T17:51:30.416+0000] {processor.py:179} INFO - Processing /home/airflow/.local/lib/python3.8/site-packages/airflow/example_dags/example_xcomargs.py took 0.043 seconds
[2023-12-01T17:54:19.100+0000] {processor.py:157} INFO - Started process (PID=83) to work on /home/airflow/.local/lib/python3.8/site-packages/airflow/example_dags/example_xcomargs.py
[2023-12-01T17:54:19.101+0000] {processor.py:829} INFO - Processing file /home/airflow/.local/lib/python3.8/site-packages/airflow/example_dags/example_xcomargs.py for tasks to queue
[2023-12-01T17:54:19.103+0000] {logging_mixin.py:154} INFO - [2023-12-01T17:54:19.102+0000] {dagbag.py:536} INFO - Filling up the DagBag from /home/airflow/.local/lib/python3.8/site-packages/airflow/example_dags/example_xcomargs.py
[2023-12-01T17:54:19.110+0000] {processor.py:839} INFO - DAG(s) dict_keys(['example_xcom_args', 'example_xcom_args_with_operators']) retrieved from /home/airflow/.local/lib/python3.8/site-packages/airflow/example_dags/example_xcomargs.py
[2023-12-01T17:54:19.118+0000] {logging_mixin.py:154} INFO - [2023-12-01T17:54:19.118+0000] {dag.py:2941} INFO - Sync 2 DAGs
[2023-12-01T17:54:19.127+0000] {logging_mixin.py:154} INFO - [2023-12-01T17:54:19.127+0000] {dag.py:3722} INFO - Setting next_dagrun for example_xcom_args to None, run_after=None
[2023-12-01T17:54:19.130+0000] {logging_mixin.py:154} INFO - [2023-12-01T17:54:19.130+0000] {dag.py:3722} INFO - Setting next_dagrun for example_xcom_args_with_operators to None, run_after=None
[2023-12-01T17:54:19.141+0000] {processor.py:179} INFO - Processing /home/airflow/.local/lib/python3.8/site-packages/airflow/example_dags/example_xcomargs.py took 0.042 seconds
[2023-12-01T17:54:49.651+0000] {processor.py:157} INFO - Started process (PID=173) to work on /home/airflow/.local/lib/python3.8/site-packages/airflow/example_dags/example_xcomargs.py
[2023-12-01T17:54:49.652+0000] {processor.py:829} INFO - Processing file /home/airflow/.local/lib/python3.8/site-packages/airflow/example_dags/example_xcomargs.py for tasks to queue
[2023-12-01T17:54:49.653+0000] {logging_mixin.py:154} INFO - [2023-12-01T17:54:49.653+0000] {dagbag.py:536} INFO - Filling up the DagBag from /home/airflow/.local/lib/python3.8/site-packages/airflow/example_dags/example_xcomargs.py
[2023-12-01T17:54:49.657+0000] {processor.py:839} INFO - DAG(s) dict_keys(['example_xcom_args', 'example_xcom_args_with_operators']) retrieved from /home/airflow/.local/lib/python3.8/site-packages/airflow/example_dags/example_xcomargs.py
[2023-12-01T17:54:49.672+0000] {logging_mixin.py:154} INFO - [2023-12-01T17:54:49.671+0000] {dag.py:2941} INFO - Sync 2 DAGs
[2023-12-01T17:54:49.680+0000] {logging_mixin.py:154} INFO - [2023-12-01T17:54:49.680+0000] {dag.py:3722} INFO - Setting next_dagrun for example_xcom_args to None, run_after=None
[2023-12-01T17:54:49.682+0000] {logging_mixin.py:154} INFO - [2023-12-01T17:54:49.682+0000] {dag.py:3722} INFO - Setting next_dagrun for example_xcom_args_with_operators to None, run_after=None
[2023-12-01T17:54:49.692+0000] {processor.py:179} INFO - Processing /home/airflow/.local/lib/python3.8/site-packages/airflow/example_dags/example_xcomargs.py took 0.043 seconds
[2023-12-01T17:55:20.598+0000] {processor.py:157} INFO - Started process (PID=263) to work on /home/airflow/.local/lib/python3.8/site-packages/airflow/example_dags/example_xcomargs.py
[2023-12-01T17:55:20.598+0000] {processor.py:829} INFO - Processing file /home/airflow/.local/lib/python3.8/site-packages/airflow/example_dags/example_xcomargs.py for tasks to queue
[2023-12-01T17:55:20.599+0000] {logging_mixin.py:154} INFO - [2023-12-01T17:55:20.599+0000] {dagbag.py:536} INFO - Filling up the DagBag from /home/airflow/.local/lib/python3.8/site-packages/airflow/example_dags/example_xcomargs.py
[2023-12-01T17:55:20.604+0000] {processor.py:839} INFO - DAG(s) dict_keys(['example_xcom_args_with_operators', 'example_xcom_args']) retrieved from /home/airflow/.local/lib/python3.8/site-packages/airflow/example_dags/example_xcomargs.py
[2023-12-01T17:55:20.618+0000] {logging_mixin.py:154} INFO - [2023-12-01T17:55:20.618+0000] {dag.py:2941} INFO - Sync 2 DAGs
[2023-12-01T17:55:20.626+0000] {logging_mixin.py:154} INFO - [2023-12-01T17:55:20.626+0000] {dag.py:3722} INFO - Setting next_dagrun for example_xcom_args to None, run_after=None
[2023-12-01T17:55:20.629+0000] {logging_mixin.py:154} INFO - [2023-12-01T17:55:20.628+0000] {dag.py:3722} INFO - Setting next_dagrun for example_xcom_args_with_operators to None, run_after=None
[2023-12-01T17:55:20.639+0000] {processor.py:179} INFO - Processing /home/airflow/.local/lib/python3.8/site-packages/airflow/example_dags/example_xcomargs.py took 0.043 seconds
[2023-12-01T17:55:51.391+0000] {processor.py:157} INFO - Started process (PID=353) to work on /home/airflow/.local/lib/python3.8/site-packages/airflow/example_dags/example_xcomargs.py
[2023-12-01T17:55:51.392+0000] {processor.py:829} INFO - Processing file /home/airflow/.local/lib/python3.8/site-packages/airflow/example_dags/example_xcomargs.py for tasks to queue
[2023-12-01T17:55:51.393+0000] {logging_mixin.py:154} INFO - [2023-12-01T17:55:51.393+0000] {dagbag.py:536} INFO - Filling up the DagBag from /home/airflow/.local/lib/python3.8/site-packages/airflow/example_dags/example_xcomargs.py
[2023-12-01T17:55:51.398+0000] {processor.py:839} INFO - DAG(s) dict_keys(['example_xcom_args_with_operators', 'example_xcom_args']) retrieved from /home/airflow/.local/lib/python3.8/site-packages/airflow/example_dags/example_xcomargs.py
[2023-12-01T17:55:51.413+0000] {logging_mixin.py:154} INFO - [2023-12-01T17:55:51.413+0000] {dag.py:2941} INFO - Sync 2 DAGs
[2023-12-01T17:55:51.422+0000] {logging_mixin.py:154} INFO - [2023-12-01T17:55:51.422+0000] {dag.py:3722} INFO - Setting next_dagrun for example_xcom_args to None, run_after=None
[2023-12-01T17:55:51.425+0000] {logging_mixin.py:154} INFO - [2023-12-01T17:55:51.425+0000] {dag.py:3722} INFO - Setting next_dagrun for example_xcom_args_with_operators to None, run_after=None
[2023-12-01T17:55:51.435+0000] {processor.py:179} INFO - Processing /home/airflow/.local/lib/python3.8/site-packages/airflow/example_dags/example_xcomargs.py took 0.045 seconds
[2023-12-01T17:56:22.341+0000] {processor.py:157} INFO - Started process (PID=443) to work on /home/airflow/.local/lib/python3.8/site-packages/airflow/example_dags/example_xcomargs.py
[2023-12-01T17:56:22.342+0000] {processor.py:829} INFO - Processing file /home/airflow/.local/lib/python3.8/site-packages/airflow/example_dags/example_xcomargs.py for tasks to queue
[2023-12-01T17:56:22.343+0000] {logging_mixin.py:154} INFO - [2023-12-01T17:56:22.343+0000] {dagbag.py:536} INFO - Filling up the DagBag from /home/airflow/.local/lib/python3.8/site-packages/airflow/example_dags/example_xcomargs.py
[2023-12-01T17:56:22.348+0000] {processor.py:839} INFO - DAG(s) dict_keys(['example_xcom_args', 'example_xcom_args_with_operators']) retrieved from /home/airflow/.local/lib/python3.8/site-packages/airflow/example_dags/example_xcomargs.py
[2023-12-01T17:56:22.363+0000] {logging_mixin.py:154} INFO - [2023-12-01T17:56:22.363+0000] {dag.py:2941} INFO - Sync 2 DAGs
[2023-12-01T17:56:22.371+0000] {logging_mixin.py:154} INFO - [2023-12-01T17:56:22.371+0000] {dag.py:3722} INFO - Setting next_dagrun for example_xcom_args to None, run_after=None
[2023-12-01T17:56:22.374+0000] {logging_mixin.py:154} INFO - [2023-12-01T17:56:22.374+0000] {dag.py:3722} INFO - Setting next_dagrun for example_xcom_args_with_operators to None, run_after=None
[2023-12-01T17:56:22.386+0000] {processor.py:179} INFO - Processing /home/airflow/.local/lib/python3.8/site-packages/airflow/example_dags/example_xcomargs.py took 0.047 seconds
[2023-12-01T17:56:52.940+0000] {processor.py:157} INFO - Started process (PID=533) to work on /home/airflow/.local/lib/python3.8/site-packages/airflow/example_dags/example_xcomargs.py
[2023-12-01T17:56:52.940+0000] {processor.py:829} INFO - Processing file /home/airflow/.local/lib/python3.8/site-packages/airflow/example_dags/example_xcomargs.py for tasks to queue
[2023-12-01T17:56:52.941+0000] {logging_mixin.py:154} INFO - [2023-12-01T17:56:52.941+0000] {dagbag.py:536} INFO - Filling up the DagBag from /home/airflow/.local/lib/python3.8/site-packages/airflow/example_dags/example_xcomargs.py
[2023-12-01T17:56:52.947+0000] {processor.py:839} INFO - DAG(s) dict_keys(['example_xcom_args_with_operators', 'example_xcom_args']) retrieved from /home/airflow/.local/lib/python3.8/site-packages/airflow/example_dags/example_xcomargs.py
[2023-12-01T17:56:52.963+0000] {logging_mixin.py:154} INFO - [2023-12-01T17:56:52.963+0000] {dag.py:2941} INFO - Sync 2 DAGs
[2023-12-01T17:56:52.973+0000] {logging_mixin.py:154} INFO - [2023-12-01T17:56:52.973+0000] {dag.py:3722} INFO - Setting next_dagrun for example_xcom_args to None, run_after=None
[2023-12-01T17:56:52.976+0000] {logging_mixin.py:154} INFO - [2023-12-01T17:56:52.976+0000] {dag.py:3722} INFO - Setting next_dagrun for example_xcom_args_with_operators to None, run_after=None
[2023-12-01T17:56:52.986+0000] {processor.py:179} INFO - Processing /home/airflow/.local/lib/python3.8/site-packages/airflow/example_dags/example_xcomargs.py took 0.049 seconds
[2023-12-01T17:57:54.518+0000] {processor.py:157} INFO - Started process (PID=83) to work on /home/airflow/.local/lib/python3.8/site-packages/airflow/example_dags/example_xcomargs.py
[2023-12-01T17:57:54.518+0000] {processor.py:829} INFO - Processing file /home/airflow/.local/lib/python3.8/site-packages/airflow/example_dags/example_xcomargs.py for tasks to queue
[2023-12-01T17:57:54.520+0000] {logging_mixin.py:154} INFO - [2023-12-01T17:57:54.520+0000] {dagbag.py:536} INFO - Filling up the DagBag from /home/airflow/.local/lib/python3.8/site-packages/airflow/example_dags/example_xcomargs.py
[2023-12-01T17:57:54.528+0000] {processor.py:839} INFO - DAG(s) dict_keys(['example_xcom_args_with_operators', 'example_xcom_args']) retrieved from /home/airflow/.local/lib/python3.8/site-packages/airflow/example_dags/example_xcomargs.py
[2023-12-01T17:57:54.538+0000] {logging_mixin.py:154} INFO - [2023-12-01T17:57:54.538+0000] {dag.py:2941} INFO - Sync 2 DAGs
[2023-12-01T17:57:54.550+0000] {logging_mixin.py:154} INFO - [2023-12-01T17:57:54.550+0000] {dag.py:3722} INFO - Setting next_dagrun for example_xcom_args to None, run_after=None
[2023-12-01T17:57:54.553+0000] {logging_mixin.py:154} INFO - [2023-12-01T17:57:54.552+0000] {dag.py:3722} INFO - Setting next_dagrun for example_xcom_args_with_operators to None, run_after=None
[2023-12-01T17:57:54.566+0000] {processor.py:179} INFO - Processing /home/airflow/.local/lib/python3.8/site-packages/airflow/example_dags/example_xcomargs.py took 0.049 seconds
[2023-12-01T17:58:25.201+0000] {processor.py:157} INFO - Started process (PID=173) to work on /home/airflow/.local/lib/python3.8/site-packages/airflow/example_dags/example_xcomargs.py
[2023-12-01T17:58:25.202+0000] {processor.py:829} INFO - Processing file /home/airflow/.local/lib/python3.8/site-packages/airflow/example_dags/example_xcomargs.py for tasks to queue
[2023-12-01T17:58:25.203+0000] {logging_mixin.py:154} INFO - [2023-12-01T17:58:25.203+0000] {dagbag.py:536} INFO - Filling up the DagBag from /home/airflow/.local/lib/python3.8/site-packages/airflow/example_dags/example_xcomargs.py
[2023-12-01T17:58:25.208+0000] {processor.py:839} INFO - DAG(s) dict_keys(['example_xcom_args_with_operators', 'example_xcom_args']) retrieved from /home/airflow/.local/lib/python3.8/site-packages/airflow/example_dags/example_xcomargs.py
[2023-12-01T17:58:25.223+0000] {logging_mixin.py:154} INFO - [2023-12-01T17:58:25.223+0000] {dag.py:2941} INFO - Sync 2 DAGs
[2023-12-01T17:58:25.232+0000] {logging_mixin.py:154} INFO - [2023-12-01T17:58:25.232+0000] {dag.py:3722} INFO - Setting next_dagrun for example_xcom_args to None, run_after=None
[2023-12-01T17:58:25.234+0000] {logging_mixin.py:154} INFO - [2023-12-01T17:58:25.234+0000] {dag.py:3722} INFO - Setting next_dagrun for example_xcom_args_with_operators to None, run_after=None
[2023-12-01T17:58:25.244+0000] {processor.py:179} INFO - Processing /home/airflow/.local/lib/python3.8/site-packages/airflow/example_dags/example_xcomargs.py took 0.045 seconds
[2023-12-01T17:58:55.935+0000] {processor.py:157} INFO - Started process (PID=263) to work on /home/airflow/.local/lib/python3.8/site-packages/airflow/example_dags/example_xcomargs.py
[2023-12-01T17:58:55.936+0000] {processor.py:829} INFO - Processing file /home/airflow/.local/lib/python3.8/site-packages/airflow/example_dags/example_xcomargs.py for tasks to queue
[2023-12-01T17:58:55.937+0000] {logging_mixin.py:154} INFO - [2023-12-01T17:58:55.937+0000] {dagbag.py:536} INFO - Filling up the DagBag from /home/airflow/.local/lib/python3.8/site-packages/airflow/example_dags/example_xcomargs.py
[2023-12-01T17:58:55.942+0000] {processor.py:839} INFO - DAG(s) dict_keys(['example_xcom_args_with_operators', 'example_xcom_args']) retrieved from /home/airflow/.local/lib/python3.8/site-packages/airflow/example_dags/example_xcomargs.py
[2023-12-01T17:58:55.957+0000] {logging_mixin.py:154} INFO - [2023-12-01T17:58:55.957+0000] {dag.py:2941} INFO - Sync 2 DAGs
[2023-12-01T17:58:55.966+0000] {logging_mixin.py:154} INFO - [2023-12-01T17:58:55.966+0000] {dag.py:3722} INFO - Setting next_dagrun for example_xcom_args to None, run_after=None
[2023-12-01T17:58:55.968+0000] {logging_mixin.py:154} INFO - [2023-12-01T17:58:55.968+0000] {dag.py:3722} INFO - Setting next_dagrun for example_xcom_args_with_operators to None, run_after=None
[2023-12-01T17:58:55.979+0000] {processor.py:179} INFO - Processing /home/airflow/.local/lib/python3.8/site-packages/airflow/example_dags/example_xcomargs.py took 0.045 seconds
[2023-12-01T17:59:26.655+0000] {processor.py:157} INFO - Started process (PID=353) to work on /home/airflow/.local/lib/python3.8/site-packages/airflow/example_dags/example_xcomargs.py
[2023-12-01T17:59:26.655+0000] {processor.py:829} INFO - Processing file /home/airflow/.local/lib/python3.8/site-packages/airflow/example_dags/example_xcomargs.py for tasks to queue
[2023-12-01T17:59:26.656+0000] {logging_mixin.py:154} INFO - [2023-12-01T17:59:26.656+0000] {dagbag.py:536} INFO - Filling up the DagBag from /home/airflow/.local/lib/python3.8/site-packages/airflow/example_dags/example_xcomargs.py
[2023-12-01T17:59:26.661+0000] {processor.py:839} INFO - DAG(s) dict_keys(['example_xcom_args_with_operators', 'example_xcom_args']) retrieved from /home/airflow/.local/lib/python3.8/site-packages/airflow/example_dags/example_xcomargs.py
[2023-12-01T17:59:26.675+0000] {logging_mixin.py:154} INFO - [2023-12-01T17:59:26.675+0000] {dag.py:2941} INFO - Sync 2 DAGs
[2023-12-01T17:59:26.684+0000] {logging_mixin.py:154} INFO - [2023-12-01T17:59:26.684+0000] {dag.py:3722} INFO - Setting next_dagrun for example_xcom_args to None, run_after=None
[2023-12-01T17:59:26.686+0000] {logging_mixin.py:154} INFO - [2023-12-01T17:59:26.686+0000] {dag.py:3722} INFO - Setting next_dagrun for example_xcom_args_with_operators to None, run_after=None
[2023-12-01T17:59:26.698+0000] {processor.py:179} INFO - Processing /home/airflow/.local/lib/python3.8/site-packages/airflow/example_dags/example_xcomargs.py took 0.045 seconds
