[2023-12-01T17:41:52.554+0000] {processor.py:157} INFO - Started process (PID=114) to work on /home/airflow/.local/lib/python3.8/site-packages/airflow/example_dags/example_dynamic_task_mapping.py
[2023-12-01T17:41:52.554+0000] {processor.py:829} INFO - Processing file /home/airflow/.local/lib/python3.8/site-packages/airflow/example_dags/example_dynamic_task_mapping.py for tasks to queue
[2023-12-01T17:41:52.556+0000] {logging_mixin.py:154} INFO - [2023-12-01T17:41:52.556+0000] {dagbag.py:536} INFO - Filling up the DagBag from /home/airflow/.local/lib/python3.8/site-packages/airflow/example_dags/example_dynamic_task_mapping.py
[2023-12-01T17:41:52.561+0000] {processor.py:839} INFO - DAG(s) dict_keys(['example_dynamic_task_mapping']) retrieved from /home/airflow/.local/lib/python3.8/site-packages/airflow/example_dags/example_dynamic_task_mapping.py
[2023-12-01T17:41:52.568+0000] {logging_mixin.py:154} INFO - [2023-12-01T17:41:52.568+0000] {dag.py:2941} INFO - Sync 1 DAGs
[2023-12-01T17:41:52.585+0000] {logging_mixin.py:154} INFO - [2023-12-01T17:41:52.585+0000] {dag.py:3722} INFO - Setting next_dagrun for example_dynamic_task_mapping to 2022-03-04T00:00:00+00:00, run_after=2022-03-05T00:00:00+00:00
[2023-12-01T17:41:52.597+0000] {processor.py:179} INFO - Processing /home/airflow/.local/lib/python3.8/site-packages/airflow/example_dags/example_dynamic_task_mapping.py took 0.045 seconds
[2023-12-01T17:42:23.236+0000] {processor.py:157} INFO - Started process (PID=204) to work on /home/airflow/.local/lib/python3.8/site-packages/airflow/example_dags/example_dynamic_task_mapping.py
[2023-12-01T17:42:23.236+0000] {processor.py:829} INFO - Processing file /home/airflow/.local/lib/python3.8/site-packages/airflow/example_dags/example_dynamic_task_mapping.py for tasks to queue
[2023-12-01T17:42:23.238+0000] {logging_mixin.py:154} INFO - [2023-12-01T17:42:23.238+0000] {dagbag.py:536} INFO - Filling up the DagBag from /home/airflow/.local/lib/python3.8/site-packages/airflow/example_dags/example_dynamic_task_mapping.py
[2023-12-01T17:42:23.241+0000] {processor.py:839} INFO - DAG(s) dict_keys(['example_dynamic_task_mapping']) retrieved from /home/airflow/.local/lib/python3.8/site-packages/airflow/example_dags/example_dynamic_task_mapping.py
[2023-12-01T17:42:23.252+0000] {logging_mixin.py:154} INFO - [2023-12-01T17:42:23.252+0000] {dag.py:2941} INFO - Sync 1 DAGs
[2023-12-01T17:42:23.267+0000] {logging_mixin.py:154} INFO - [2023-12-01T17:42:23.266+0000] {dag.py:3722} INFO - Setting next_dagrun for example_dynamic_task_mapping to 2022-03-04T00:00:00+00:00, run_after=2022-03-05T00:00:00+00:00
[2023-12-01T17:42:23.278+0000] {processor.py:179} INFO - Processing /home/airflow/.local/lib/python3.8/site-packages/airflow/example_dags/example_dynamic_task_mapping.py took 0.044 seconds
[2023-12-01T17:42:53.813+0000] {processor.py:157} INFO - Started process (PID=294) to work on /home/airflow/.local/lib/python3.8/site-packages/airflow/example_dags/example_dynamic_task_mapping.py
[2023-12-01T17:42:53.814+0000] {processor.py:829} INFO - Processing file /home/airflow/.local/lib/python3.8/site-packages/airflow/example_dags/example_dynamic_task_mapping.py for tasks to queue
[2023-12-01T17:42:53.815+0000] {logging_mixin.py:154} INFO - [2023-12-01T17:42:53.815+0000] {dagbag.py:536} INFO - Filling up the DagBag from /home/airflow/.local/lib/python3.8/site-packages/airflow/example_dags/example_dynamic_task_mapping.py
[2023-12-01T17:42:53.818+0000] {processor.py:839} INFO - DAG(s) dict_keys(['example_dynamic_task_mapping']) retrieved from /home/airflow/.local/lib/python3.8/site-packages/airflow/example_dags/example_dynamic_task_mapping.py
[2023-12-01T17:42:53.830+0000] {logging_mixin.py:154} INFO - [2023-12-01T17:42:53.830+0000] {dag.py:2941} INFO - Sync 1 DAGs
[2023-12-01T17:42:53.843+0000] {logging_mixin.py:154} INFO - [2023-12-01T17:42:53.843+0000] {dag.py:3722} INFO - Setting next_dagrun for example_dynamic_task_mapping to 2022-03-04T00:00:00+00:00, run_after=2022-03-05T00:00:00+00:00
[2023-12-01T17:42:53.854+0000] {processor.py:179} INFO - Processing /home/airflow/.local/lib/python3.8/site-packages/airflow/example_dags/example_dynamic_task_mapping.py took 0.043 seconds
[2023-12-01T17:43:24.751+0000] {processor.py:157} INFO - Started process (PID=384) to work on /home/airflow/.local/lib/python3.8/site-packages/airflow/example_dags/example_dynamic_task_mapping.py
[2023-12-01T17:43:24.752+0000] {processor.py:829} INFO - Processing file /home/airflow/.local/lib/python3.8/site-packages/airflow/example_dags/example_dynamic_task_mapping.py for tasks to queue
[2023-12-01T17:43:24.753+0000] {logging_mixin.py:154} INFO - [2023-12-01T17:43:24.753+0000] {dagbag.py:536} INFO - Filling up the DagBag from /home/airflow/.local/lib/python3.8/site-packages/airflow/example_dags/example_dynamic_task_mapping.py
[2023-12-01T17:43:24.757+0000] {processor.py:839} INFO - DAG(s) dict_keys(['example_dynamic_task_mapping']) retrieved from /home/airflow/.local/lib/python3.8/site-packages/airflow/example_dags/example_dynamic_task_mapping.py
[2023-12-01T17:43:24.770+0000] {logging_mixin.py:154} INFO - [2023-12-01T17:43:24.770+0000] {dag.py:2941} INFO - Sync 1 DAGs
[2023-12-01T17:43:24.784+0000] {logging_mixin.py:154} INFO - [2023-12-01T17:43:24.784+0000] {dag.py:3722} INFO - Setting next_dagrun for example_dynamic_task_mapping to 2022-03-04T00:00:00+00:00, run_after=2022-03-05T00:00:00+00:00
[2023-12-01T17:43:24.796+0000] {processor.py:179} INFO - Processing /home/airflow/.local/lib/python3.8/site-packages/airflow/example_dags/example_dynamic_task_mapping.py took 0.046 seconds
[2023-12-01T17:43:56.114+0000] {processor.py:157} INFO - Started process (PID=474) to work on /home/airflow/.local/lib/python3.8/site-packages/airflow/example_dags/example_dynamic_task_mapping.py
[2023-12-01T17:43:56.115+0000] {processor.py:829} INFO - Processing file /home/airflow/.local/lib/python3.8/site-packages/airflow/example_dags/example_dynamic_task_mapping.py for tasks to queue
[2023-12-01T17:43:56.116+0000] {logging_mixin.py:154} INFO - [2023-12-01T17:43:56.116+0000] {dagbag.py:536} INFO - Filling up the DagBag from /home/airflow/.local/lib/python3.8/site-packages/airflow/example_dags/example_dynamic_task_mapping.py
[2023-12-01T17:43:56.120+0000] {processor.py:839} INFO - DAG(s) dict_keys(['example_dynamic_task_mapping']) retrieved from /home/airflow/.local/lib/python3.8/site-packages/airflow/example_dags/example_dynamic_task_mapping.py
[2023-12-01T17:43:56.133+0000] {logging_mixin.py:154} INFO - [2023-12-01T17:43:56.133+0000] {dag.py:2941} INFO - Sync 1 DAGs
[2023-12-01T17:43:56.148+0000] {logging_mixin.py:154} INFO - [2023-12-01T17:43:56.148+0000] {dag.py:3722} INFO - Setting next_dagrun for example_dynamic_task_mapping to 2022-03-04T00:00:00+00:00, run_after=2022-03-05T00:00:00+00:00
[2023-12-01T17:43:56.161+0000] {processor.py:179} INFO - Processing /home/airflow/.local/lib/python3.8/site-packages/airflow/example_dags/example_dynamic_task_mapping.py took 0.049 seconds
[2023-12-01T17:44:26.863+0000] {processor.py:157} INFO - Started process (PID=564) to work on /home/airflow/.local/lib/python3.8/site-packages/airflow/example_dags/example_dynamic_task_mapping.py
[2023-12-01T17:44:26.864+0000] {processor.py:829} INFO - Processing file /home/airflow/.local/lib/python3.8/site-packages/airflow/example_dags/example_dynamic_task_mapping.py for tasks to queue
[2023-12-01T17:44:26.865+0000] {logging_mixin.py:154} INFO - [2023-12-01T17:44:26.865+0000] {dagbag.py:536} INFO - Filling up the DagBag from /home/airflow/.local/lib/python3.8/site-packages/airflow/example_dags/example_dynamic_task_mapping.py
[2023-12-01T17:44:26.869+0000] {processor.py:839} INFO - DAG(s) dict_keys(['example_dynamic_task_mapping']) retrieved from /home/airflow/.local/lib/python3.8/site-packages/airflow/example_dags/example_dynamic_task_mapping.py
[2023-12-01T17:44:26.880+0000] {logging_mixin.py:154} INFO - [2023-12-01T17:44:26.880+0000] {dag.py:2941} INFO - Sync 1 DAGs
[2023-12-01T17:44:26.894+0000] {logging_mixin.py:154} INFO - [2023-12-01T17:44:26.894+0000] {dag.py:3722} INFO - Setting next_dagrun for example_dynamic_task_mapping to 2022-03-04T00:00:00+00:00, run_after=2022-03-05T00:00:00+00:00
[2023-12-01T17:44:26.905+0000] {processor.py:179} INFO - Processing /home/airflow/.local/lib/python3.8/site-packages/airflow/example_dags/example_dynamic_task_mapping.py took 0.044 seconds
[2023-12-01T17:45:23.903+0000] {processor.py:157} INFO - Started process (PID=114) to work on /home/airflow/.local/lib/python3.8/site-packages/airflow/example_dags/example_dynamic_task_mapping.py
[2023-12-01T17:45:23.903+0000] {processor.py:829} INFO - Processing file /home/airflow/.local/lib/python3.8/site-packages/airflow/example_dags/example_dynamic_task_mapping.py for tasks to queue
[2023-12-01T17:45:23.905+0000] {logging_mixin.py:154} INFO - [2023-12-01T17:45:23.904+0000] {dagbag.py:536} INFO - Filling up the DagBag from /home/airflow/.local/lib/python3.8/site-packages/airflow/example_dags/example_dynamic_task_mapping.py
[2023-12-01T17:45:23.909+0000] {processor.py:839} INFO - DAG(s) dict_keys(['example_dynamic_task_mapping']) retrieved from /home/airflow/.local/lib/python3.8/site-packages/airflow/example_dags/example_dynamic_task_mapping.py
[2023-12-01T17:45:23.917+0000] {logging_mixin.py:154} INFO - [2023-12-01T17:45:23.917+0000] {dag.py:2941} INFO - Sync 1 DAGs
[2023-12-01T17:45:23.932+0000] {logging_mixin.py:154} INFO - [2023-12-01T17:45:23.932+0000] {dag.py:3722} INFO - Setting next_dagrun for example_dynamic_task_mapping to 2022-03-04T00:00:00+00:00, run_after=2022-03-05T00:00:00+00:00
[2023-12-01T17:45:23.945+0000] {processor.py:179} INFO - Processing /home/airflow/.local/lib/python3.8/site-packages/airflow/example_dags/example_dynamic_task_mapping.py took 0.044 seconds
[2023-12-01T17:45:55.159+0000] {processor.py:157} INFO - Started process (PID=204) to work on /home/airflow/.local/lib/python3.8/site-packages/airflow/example_dags/example_dynamic_task_mapping.py
[2023-12-01T17:45:55.160+0000] {processor.py:829} INFO - Processing file /home/airflow/.local/lib/python3.8/site-packages/airflow/example_dags/example_dynamic_task_mapping.py for tasks to queue
[2023-12-01T17:45:55.162+0000] {logging_mixin.py:154} INFO - [2023-12-01T17:45:55.161+0000] {dagbag.py:536} INFO - Filling up the DagBag from /home/airflow/.local/lib/python3.8/site-packages/airflow/example_dags/example_dynamic_task_mapping.py
[2023-12-01T17:45:55.167+0000] {processor.py:839} INFO - DAG(s) dict_keys(['example_dynamic_task_mapping']) retrieved from /home/airflow/.local/lib/python3.8/site-packages/airflow/example_dags/example_dynamic_task_mapping.py
[2023-12-01T17:45:55.190+0000] {logging_mixin.py:154} INFO - [2023-12-01T17:45:55.189+0000] {dag.py:2941} INFO - Sync 1 DAGs
[2023-12-01T17:45:55.215+0000] {logging_mixin.py:154} INFO - [2023-12-01T17:45:55.215+0000] {dag.py:3722} INFO - Setting next_dagrun for example_dynamic_task_mapping to 2022-03-04T00:00:00+00:00, run_after=2022-03-05T00:00:00+00:00
[2023-12-01T17:45:55.231+0000] {processor.py:179} INFO - Processing /home/airflow/.local/lib/python3.8/site-packages/airflow/example_dags/example_dynamic_task_mapping.py took 0.075 seconds
[2023-12-01T17:46:26.111+0000] {processor.py:157} INFO - Started process (PID=294) to work on /home/airflow/.local/lib/python3.8/site-packages/airflow/example_dags/example_dynamic_task_mapping.py
[2023-12-01T17:46:26.111+0000] {processor.py:829} INFO - Processing file /home/airflow/.local/lib/python3.8/site-packages/airflow/example_dags/example_dynamic_task_mapping.py for tasks to queue
[2023-12-01T17:46:26.113+0000] {logging_mixin.py:154} INFO - [2023-12-01T17:46:26.112+0000] {dagbag.py:536} INFO - Filling up the DagBag from /home/airflow/.local/lib/python3.8/site-packages/airflow/example_dags/example_dynamic_task_mapping.py
[2023-12-01T17:46:26.117+0000] {processor.py:839} INFO - DAG(s) dict_keys(['example_dynamic_task_mapping']) retrieved from /home/airflow/.local/lib/python3.8/site-packages/airflow/example_dags/example_dynamic_task_mapping.py
[2023-12-01T17:46:26.129+0000] {logging_mixin.py:154} INFO - [2023-12-01T17:46:26.129+0000] {dag.py:2941} INFO - Sync 1 DAGs
[2023-12-01T17:46:26.144+0000] {logging_mixin.py:154} INFO - [2023-12-01T17:46:26.143+0000] {dag.py:3722} INFO - Setting next_dagrun for example_dynamic_task_mapping to 2022-03-04T00:00:00+00:00, run_after=2022-03-05T00:00:00+00:00
[2023-12-01T17:46:26.156+0000] {processor.py:179} INFO - Processing /home/airflow/.local/lib/python3.8/site-packages/airflow/example_dags/example_dynamic_task_mapping.py took 0.047 seconds
[2023-12-01T17:46:56.830+0000] {processor.py:157} INFO - Started process (PID=384) to work on /home/airflow/.local/lib/python3.8/site-packages/airflow/example_dags/example_dynamic_task_mapping.py
[2023-12-01T17:46:56.830+0000] {processor.py:829} INFO - Processing file /home/airflow/.local/lib/python3.8/site-packages/airflow/example_dags/example_dynamic_task_mapping.py for tasks to queue
[2023-12-01T17:46:56.831+0000] {logging_mixin.py:154} INFO - [2023-12-01T17:46:56.831+0000] {dagbag.py:536} INFO - Filling up the DagBag from /home/airflow/.local/lib/python3.8/site-packages/airflow/example_dags/example_dynamic_task_mapping.py
[2023-12-01T17:46:56.835+0000] {processor.py:839} INFO - DAG(s) dict_keys(['example_dynamic_task_mapping']) retrieved from /home/airflow/.local/lib/python3.8/site-packages/airflow/example_dags/example_dynamic_task_mapping.py
[2023-12-01T17:46:56.847+0000] {logging_mixin.py:154} INFO - [2023-12-01T17:46:56.847+0000] {dag.py:2941} INFO - Sync 1 DAGs
[2023-12-01T17:46:56.862+0000] {logging_mixin.py:154} INFO - [2023-12-01T17:46:56.862+0000] {dag.py:3722} INFO - Setting next_dagrun for example_dynamic_task_mapping to 2022-03-04T00:00:00+00:00, run_after=2022-03-05T00:00:00+00:00
[2023-12-01T17:46:56.875+0000] {processor.py:179} INFO - Processing /home/airflow/.local/lib/python3.8/site-packages/airflow/example_dags/example_dynamic_task_mapping.py took 0.047 seconds
[2023-12-01T17:47:55.107+0000] {processor.py:157} INFO - Started process (PID=114) to work on /home/airflow/.local/lib/python3.8/site-packages/airflow/example_dags/example_dynamic_task_mapping.py
[2023-12-01T17:47:55.108+0000] {processor.py:829} INFO - Processing file /home/airflow/.local/lib/python3.8/site-packages/airflow/example_dags/example_dynamic_task_mapping.py for tasks to queue
[2023-12-01T17:47:55.109+0000] {logging_mixin.py:154} INFO - [2023-12-01T17:47:55.109+0000] {dagbag.py:536} INFO - Filling up the DagBag from /home/airflow/.local/lib/python3.8/site-packages/airflow/example_dags/example_dynamic_task_mapping.py
[2023-12-01T17:47:55.113+0000] {processor.py:839} INFO - DAG(s) dict_keys(['example_dynamic_task_mapping']) retrieved from /home/airflow/.local/lib/python3.8/site-packages/airflow/example_dags/example_dynamic_task_mapping.py
[2023-12-01T17:47:55.120+0000] {logging_mixin.py:154} INFO - [2023-12-01T17:47:55.120+0000] {dag.py:2941} INFO - Sync 1 DAGs
[2023-12-01T17:47:55.134+0000] {logging_mixin.py:154} INFO - [2023-12-01T17:47:55.134+0000] {dag.py:3722} INFO - Setting next_dagrun for example_dynamic_task_mapping to 2022-03-04T00:00:00+00:00, run_after=2022-03-05T00:00:00+00:00
[2023-12-01T17:47:55.146+0000] {processor.py:179} INFO - Processing /home/airflow/.local/lib/python3.8/site-packages/airflow/example_dags/example_dynamic_task_mapping.py took 0.041 seconds
[2023-12-01T17:48:26.819+0000] {processor.py:157} INFO - Started process (PID=204) to work on /home/airflow/.local/lib/python3.8/site-packages/airflow/example_dags/example_dynamic_task_mapping.py
[2023-12-01T17:48:26.820+0000] {processor.py:829} INFO - Processing file /home/airflow/.local/lib/python3.8/site-packages/airflow/example_dags/example_dynamic_task_mapping.py for tasks to queue
[2023-12-01T17:48:26.821+0000] {logging_mixin.py:154} INFO - [2023-12-01T17:48:26.821+0000] {dagbag.py:536} INFO - Filling up the DagBag from /home/airflow/.local/lib/python3.8/site-packages/airflow/example_dags/example_dynamic_task_mapping.py
[2023-12-01T17:48:26.825+0000] {processor.py:839} INFO - DAG(s) dict_keys(['example_dynamic_task_mapping']) retrieved from /home/airflow/.local/lib/python3.8/site-packages/airflow/example_dags/example_dynamic_task_mapping.py
[2023-12-01T17:48:26.837+0000] {logging_mixin.py:154} INFO - [2023-12-01T17:48:26.837+0000] {dag.py:2941} INFO - Sync 1 DAGs
[2023-12-01T17:48:26.851+0000] {logging_mixin.py:154} INFO - [2023-12-01T17:48:26.851+0000] {dag.py:3722} INFO - Setting next_dagrun for example_dynamic_task_mapping to 2022-03-04T00:00:00+00:00, run_after=2022-03-05T00:00:00+00:00
[2023-12-01T17:48:26.862+0000] {processor.py:179} INFO - Processing /home/airflow/.local/lib/python3.8/site-packages/airflow/example_dags/example_dynamic_task_mapping.py took 0.044 seconds
[2023-12-01T17:48:57.049+0000] {processor.py:157} INFO - Started process (PID=294) to work on /home/airflow/.local/lib/python3.8/site-packages/airflow/example_dags/example_dynamic_task_mapping.py
[2023-12-01T17:48:57.050+0000] {processor.py:829} INFO - Processing file /home/airflow/.local/lib/python3.8/site-packages/airflow/example_dags/example_dynamic_task_mapping.py for tasks to queue
[2023-12-01T17:48:57.051+0000] {logging_mixin.py:154} INFO - [2023-12-01T17:48:57.051+0000] {dagbag.py:536} INFO - Filling up the DagBag from /home/airflow/.local/lib/python3.8/site-packages/airflow/example_dags/example_dynamic_task_mapping.py
[2023-12-01T17:48:57.055+0000] {processor.py:839} INFO - DAG(s) dict_keys(['example_dynamic_task_mapping']) retrieved from /home/airflow/.local/lib/python3.8/site-packages/airflow/example_dags/example_dynamic_task_mapping.py
[2023-12-01T17:48:57.068+0000] {logging_mixin.py:154} INFO - [2023-12-01T17:48:57.068+0000] {dag.py:2941} INFO - Sync 1 DAGs
[2023-12-01T17:48:57.082+0000] {logging_mixin.py:154} INFO - [2023-12-01T17:48:57.082+0000] {dag.py:3722} INFO - Setting next_dagrun for example_dynamic_task_mapping to 2022-03-04T00:00:00+00:00, run_after=2022-03-05T00:00:00+00:00
[2023-12-01T17:48:57.093+0000] {processor.py:179} INFO - Processing /home/airflow/.local/lib/python3.8/site-packages/airflow/example_dags/example_dynamic_task_mapping.py took 0.045 seconds
[2023-12-01T17:49:27.677+0000] {processor.py:157} INFO - Started process (PID=384) to work on /home/airflow/.local/lib/python3.8/site-packages/airflow/example_dags/example_dynamic_task_mapping.py
[2023-12-01T17:49:27.678+0000] {processor.py:829} INFO - Processing file /home/airflow/.local/lib/python3.8/site-packages/airflow/example_dags/example_dynamic_task_mapping.py for tasks to queue
[2023-12-01T17:49:27.679+0000] {logging_mixin.py:154} INFO - [2023-12-01T17:49:27.679+0000] {dagbag.py:536} INFO - Filling up the DagBag from /home/airflow/.local/lib/python3.8/site-packages/airflow/example_dags/example_dynamic_task_mapping.py
[2023-12-01T17:49:27.683+0000] {processor.py:839} INFO - DAG(s) dict_keys(['example_dynamic_task_mapping']) retrieved from /home/airflow/.local/lib/python3.8/site-packages/airflow/example_dags/example_dynamic_task_mapping.py
[2023-12-01T17:49:27.695+0000] {logging_mixin.py:154} INFO - [2023-12-01T17:49:27.695+0000] {dag.py:2941} INFO - Sync 1 DAGs
[2023-12-01T17:49:27.709+0000] {logging_mixin.py:154} INFO - [2023-12-01T17:49:27.708+0000] {dag.py:3722} INFO - Setting next_dagrun for example_dynamic_task_mapping to 2022-03-04T00:00:00+00:00, run_after=2022-03-05T00:00:00+00:00
[2023-12-01T17:49:27.720+0000] {processor.py:179} INFO - Processing /home/airflow/.local/lib/python3.8/site-packages/airflow/example_dags/example_dynamic_task_mapping.py took 0.044 seconds
[2023-12-01T17:49:58.853+0000] {processor.py:157} INFO - Started process (PID=474) to work on /home/airflow/.local/lib/python3.8/site-packages/airflow/example_dags/example_dynamic_task_mapping.py
[2023-12-01T17:49:58.853+0000] {processor.py:829} INFO - Processing file /home/airflow/.local/lib/python3.8/site-packages/airflow/example_dags/example_dynamic_task_mapping.py for tasks to queue
[2023-12-01T17:49:58.855+0000] {logging_mixin.py:154} INFO - [2023-12-01T17:49:58.854+0000] {dagbag.py:536} INFO - Filling up the DagBag from /home/airflow/.local/lib/python3.8/site-packages/airflow/example_dags/example_dynamic_task_mapping.py
[2023-12-01T17:49:58.859+0000] {processor.py:839} INFO - DAG(s) dict_keys(['example_dynamic_task_mapping']) retrieved from /home/airflow/.local/lib/python3.8/site-packages/airflow/example_dags/example_dynamic_task_mapping.py
[2023-12-01T17:49:58.871+0000] {logging_mixin.py:154} INFO - [2023-12-01T17:49:58.871+0000] {dag.py:2941} INFO - Sync 1 DAGs
[2023-12-01T17:49:58.887+0000] {logging_mixin.py:154} INFO - [2023-12-01T17:49:58.886+0000] {dag.py:3722} INFO - Setting next_dagrun for example_dynamic_task_mapping to 2022-03-04T00:00:00+00:00, run_after=2022-03-05T00:00:00+00:00
[2023-12-01T17:49:58.899+0000] {processor.py:179} INFO - Processing /home/airflow/.local/lib/python3.8/site-packages/airflow/example_dags/example_dynamic_task_mapping.py took 0.048 seconds
[2023-12-01T17:50:29.520+0000] {processor.py:157} INFO - Started process (PID=564) to work on /home/airflow/.local/lib/python3.8/site-packages/airflow/example_dags/example_dynamic_task_mapping.py
[2023-12-01T17:50:29.521+0000] {processor.py:829} INFO - Processing file /home/airflow/.local/lib/python3.8/site-packages/airflow/example_dags/example_dynamic_task_mapping.py for tasks to queue
[2023-12-01T17:50:29.522+0000] {logging_mixin.py:154} INFO - [2023-12-01T17:50:29.522+0000] {dagbag.py:536} INFO - Filling up the DagBag from /home/airflow/.local/lib/python3.8/site-packages/airflow/example_dags/example_dynamic_task_mapping.py
[2023-12-01T17:50:29.526+0000] {processor.py:839} INFO - DAG(s) dict_keys(['example_dynamic_task_mapping']) retrieved from /home/airflow/.local/lib/python3.8/site-packages/airflow/example_dags/example_dynamic_task_mapping.py
[2023-12-01T17:50:29.539+0000] {logging_mixin.py:154} INFO - [2023-12-01T17:50:29.538+0000] {dag.py:2941} INFO - Sync 1 DAGs
[2023-12-01T17:50:29.553+0000] {logging_mixin.py:154} INFO - [2023-12-01T17:50:29.552+0000] {dag.py:3722} INFO - Setting next_dagrun for example_dynamic_task_mapping to 2022-03-04T00:00:00+00:00, run_after=2022-03-05T00:00:00+00:00
[2023-12-01T17:50:29.566+0000] {processor.py:179} INFO - Processing /home/airflow/.local/lib/python3.8/site-packages/airflow/example_dags/example_dynamic_task_mapping.py took 0.047 seconds
[2023-12-01T17:51:00.525+0000] {processor.py:157} INFO - Started process (PID=654) to work on /home/airflow/.local/lib/python3.8/site-packages/airflow/example_dags/example_dynamic_task_mapping.py
[2023-12-01T17:51:00.526+0000] {processor.py:829} INFO - Processing file /home/airflow/.local/lib/python3.8/site-packages/airflow/example_dags/example_dynamic_task_mapping.py for tasks to queue
[2023-12-01T17:51:00.527+0000] {logging_mixin.py:154} INFO - [2023-12-01T17:51:00.527+0000] {dagbag.py:536} INFO - Filling up the DagBag from /home/airflow/.local/lib/python3.8/site-packages/airflow/example_dags/example_dynamic_task_mapping.py
[2023-12-01T17:51:00.530+0000] {processor.py:839} INFO - DAG(s) dict_keys(['example_dynamic_task_mapping']) retrieved from /home/airflow/.local/lib/python3.8/site-packages/airflow/example_dags/example_dynamic_task_mapping.py
[2023-12-01T17:51:00.543+0000] {logging_mixin.py:154} INFO - [2023-12-01T17:51:00.543+0000] {dag.py:2941} INFO - Sync 1 DAGs
[2023-12-01T17:51:00.558+0000] {logging_mixin.py:154} INFO - [2023-12-01T17:51:00.558+0000] {dag.py:3722} INFO - Setting next_dagrun for example_dynamic_task_mapping to 2022-03-04T00:00:00+00:00, run_after=2022-03-05T00:00:00+00:00
[2023-12-01T17:51:00.569+0000] {processor.py:179} INFO - Processing /home/airflow/.local/lib/python3.8/site-packages/airflow/example_dags/example_dynamic_task_mapping.py took 0.046 seconds
[2023-12-01T17:51:31.524+0000] {processor.py:157} INFO - Started process (PID=744) to work on /home/airflow/.local/lib/python3.8/site-packages/airflow/example_dags/example_dynamic_task_mapping.py
[2023-12-01T17:51:31.525+0000] {processor.py:829} INFO - Processing file /home/airflow/.local/lib/python3.8/site-packages/airflow/example_dags/example_dynamic_task_mapping.py for tasks to queue
[2023-12-01T17:51:31.526+0000] {logging_mixin.py:154} INFO - [2023-12-01T17:51:31.526+0000] {dagbag.py:536} INFO - Filling up the DagBag from /home/airflow/.local/lib/python3.8/site-packages/airflow/example_dags/example_dynamic_task_mapping.py
[2023-12-01T17:51:31.529+0000] {processor.py:839} INFO - DAG(s) dict_keys(['example_dynamic_task_mapping']) retrieved from /home/airflow/.local/lib/python3.8/site-packages/airflow/example_dags/example_dynamic_task_mapping.py
[2023-12-01T17:51:31.541+0000] {logging_mixin.py:154} INFO - [2023-12-01T17:51:31.541+0000] {dag.py:2941} INFO - Sync 1 DAGs
[2023-12-01T17:51:31.558+0000] {logging_mixin.py:154} INFO - [2023-12-01T17:51:31.558+0000] {dag.py:3722} INFO - Setting next_dagrun for example_dynamic_task_mapping to 2022-03-04T00:00:00+00:00, run_after=2022-03-05T00:00:00+00:00
[2023-12-01T17:51:31.569+0000] {processor.py:179} INFO - Processing /home/airflow/.local/lib/python3.8/site-packages/airflow/example_dags/example_dynamic_task_mapping.py took 0.047 seconds
[2023-12-01T17:54:20.072+0000] {processor.py:157} INFO - Started process (PID=114) to work on /home/airflow/.local/lib/python3.8/site-packages/airflow/example_dags/example_dynamic_task_mapping.py
[2023-12-01T17:54:20.073+0000] {processor.py:829} INFO - Processing file /home/airflow/.local/lib/python3.8/site-packages/airflow/example_dags/example_dynamic_task_mapping.py for tasks to queue
[2023-12-01T17:54:20.074+0000] {logging_mixin.py:154} INFO - [2023-12-01T17:54:20.074+0000] {dagbag.py:536} INFO - Filling up the DagBag from /home/airflow/.local/lib/python3.8/site-packages/airflow/example_dags/example_dynamic_task_mapping.py
[2023-12-01T17:54:20.078+0000] {processor.py:839} INFO - DAG(s) dict_keys(['example_dynamic_task_mapping']) retrieved from /home/airflow/.local/lib/python3.8/site-packages/airflow/example_dags/example_dynamic_task_mapping.py
[2023-12-01T17:54:20.086+0000] {logging_mixin.py:154} INFO - [2023-12-01T17:54:20.086+0000] {dag.py:2941} INFO - Sync 1 DAGs
[2023-12-01T17:54:20.102+0000] {logging_mixin.py:154} INFO - [2023-12-01T17:54:20.102+0000] {dag.py:3722} INFO - Setting next_dagrun for example_dynamic_task_mapping to 2022-03-04T00:00:00+00:00, run_after=2022-03-05T00:00:00+00:00
[2023-12-01T17:54:20.116+0000] {processor.py:179} INFO - Processing /home/airflow/.local/lib/python3.8/site-packages/airflow/example_dags/example_dynamic_task_mapping.py took 0.046 seconds
[2023-12-01T17:54:51.043+0000] {processor.py:157} INFO - Started process (PID=204) to work on /home/airflow/.local/lib/python3.8/site-packages/airflow/example_dags/example_dynamic_task_mapping.py
[2023-12-01T17:54:51.043+0000] {processor.py:829} INFO - Processing file /home/airflow/.local/lib/python3.8/site-packages/airflow/example_dags/example_dynamic_task_mapping.py for tasks to queue
[2023-12-01T17:54:51.045+0000] {logging_mixin.py:154} INFO - [2023-12-01T17:54:51.044+0000] {dagbag.py:536} INFO - Filling up the DagBag from /home/airflow/.local/lib/python3.8/site-packages/airflow/example_dags/example_dynamic_task_mapping.py
[2023-12-01T17:54:51.049+0000] {processor.py:839} INFO - DAG(s) dict_keys(['example_dynamic_task_mapping']) retrieved from /home/airflow/.local/lib/python3.8/site-packages/airflow/example_dags/example_dynamic_task_mapping.py
[2023-12-01T17:54:51.061+0000] {logging_mixin.py:154} INFO - [2023-12-01T17:54:51.060+0000] {dag.py:2941} INFO - Sync 1 DAGs
[2023-12-01T17:54:51.075+0000] {logging_mixin.py:154} INFO - [2023-12-01T17:54:51.074+0000] {dag.py:3722} INFO - Setting next_dagrun for example_dynamic_task_mapping to 2022-03-04T00:00:00+00:00, run_after=2022-03-05T00:00:00+00:00
[2023-12-01T17:54:51.085+0000] {processor.py:179} INFO - Processing /home/airflow/.local/lib/python3.8/site-packages/airflow/example_dags/example_dynamic_task_mapping.py took 0.045 seconds
[2023-12-01T17:55:21.742+0000] {processor.py:157} INFO - Started process (PID=294) to work on /home/airflow/.local/lib/python3.8/site-packages/airflow/example_dags/example_dynamic_task_mapping.py
[2023-12-01T17:55:21.743+0000] {processor.py:829} INFO - Processing file /home/airflow/.local/lib/python3.8/site-packages/airflow/example_dags/example_dynamic_task_mapping.py for tasks to queue
[2023-12-01T17:55:21.744+0000] {logging_mixin.py:154} INFO - [2023-12-01T17:55:21.744+0000] {dagbag.py:536} INFO - Filling up the DagBag from /home/airflow/.local/lib/python3.8/site-packages/airflow/example_dags/example_dynamic_task_mapping.py
[2023-12-01T17:55:21.748+0000] {processor.py:839} INFO - DAG(s) dict_keys(['example_dynamic_task_mapping']) retrieved from /home/airflow/.local/lib/python3.8/site-packages/airflow/example_dags/example_dynamic_task_mapping.py
[2023-12-01T17:55:21.760+0000] {logging_mixin.py:154} INFO - [2023-12-01T17:55:21.760+0000] {dag.py:2941} INFO - Sync 1 DAGs
[2023-12-01T17:55:21.774+0000] {logging_mixin.py:154} INFO - [2023-12-01T17:55:21.774+0000] {dag.py:3722} INFO - Setting next_dagrun for example_dynamic_task_mapping to 2022-03-04T00:00:00+00:00, run_after=2022-03-05T00:00:00+00:00
[2023-12-01T17:55:21.785+0000] {processor.py:179} INFO - Processing /home/airflow/.local/lib/python3.8/site-packages/airflow/example_dags/example_dynamic_task_mapping.py took 0.044 seconds
[2023-12-01T17:55:52.547+0000] {processor.py:157} INFO - Started process (PID=384) to work on /home/airflow/.local/lib/python3.8/site-packages/airflow/example_dags/example_dynamic_task_mapping.py
[2023-12-01T17:55:52.547+0000] {processor.py:829} INFO - Processing file /home/airflow/.local/lib/python3.8/site-packages/airflow/example_dags/example_dynamic_task_mapping.py for tasks to queue
[2023-12-01T17:55:52.549+0000] {logging_mixin.py:154} INFO - [2023-12-01T17:55:52.549+0000] {dagbag.py:536} INFO - Filling up the DagBag from /home/airflow/.local/lib/python3.8/site-packages/airflow/example_dags/example_dynamic_task_mapping.py
[2023-12-01T17:55:52.552+0000] {processor.py:839} INFO - DAG(s) dict_keys(['example_dynamic_task_mapping']) retrieved from /home/airflow/.local/lib/python3.8/site-packages/airflow/example_dags/example_dynamic_task_mapping.py
[2023-12-01T17:55:52.564+0000] {logging_mixin.py:154} INFO - [2023-12-01T17:55:52.564+0000] {dag.py:2941} INFO - Sync 1 DAGs
[2023-12-01T17:55:52.580+0000] {logging_mixin.py:154} INFO - [2023-12-01T17:55:52.579+0000] {dag.py:3722} INFO - Setting next_dagrun for example_dynamic_task_mapping to 2022-03-04T00:00:00+00:00, run_after=2022-03-05T00:00:00+00:00
[2023-12-01T17:55:52.594+0000] {processor.py:179} INFO - Processing /home/airflow/.local/lib/python3.8/site-packages/airflow/example_dags/example_dynamic_task_mapping.py took 0.049 seconds
[2023-12-01T17:56:23.411+0000] {processor.py:157} INFO - Started process (PID=474) to work on /home/airflow/.local/lib/python3.8/site-packages/airflow/example_dags/example_dynamic_task_mapping.py
[2023-12-01T17:56:23.412+0000] {processor.py:829} INFO - Processing file /home/airflow/.local/lib/python3.8/site-packages/airflow/example_dags/example_dynamic_task_mapping.py for tasks to queue
[2023-12-01T17:56:23.413+0000] {logging_mixin.py:154} INFO - [2023-12-01T17:56:23.413+0000] {dagbag.py:536} INFO - Filling up the DagBag from /home/airflow/.local/lib/python3.8/site-packages/airflow/example_dags/example_dynamic_task_mapping.py
[2023-12-01T17:56:23.417+0000] {processor.py:839} INFO - DAG(s) dict_keys(['example_dynamic_task_mapping']) retrieved from /home/airflow/.local/lib/python3.8/site-packages/airflow/example_dags/example_dynamic_task_mapping.py
[2023-12-01T17:56:23.428+0000] {logging_mixin.py:154} INFO - [2023-12-01T17:56:23.428+0000] {dag.py:2941} INFO - Sync 1 DAGs
[2023-12-01T17:56:23.442+0000] {logging_mixin.py:154} INFO - [2023-12-01T17:56:23.442+0000] {dag.py:3722} INFO - Setting next_dagrun for example_dynamic_task_mapping to 2022-03-04T00:00:00+00:00, run_after=2022-03-05T00:00:00+00:00
[2023-12-01T17:56:23.453+0000] {processor.py:179} INFO - Processing /home/airflow/.local/lib/python3.8/site-packages/airflow/example_dags/example_dynamic_task_mapping.py took 0.044 seconds
[2023-12-01T17:56:53.983+0000] {processor.py:157} INFO - Started process (PID=564) to work on /home/airflow/.local/lib/python3.8/site-packages/airflow/example_dags/example_dynamic_task_mapping.py
[2023-12-01T17:56:53.984+0000] {processor.py:829} INFO - Processing file /home/airflow/.local/lib/python3.8/site-packages/airflow/example_dags/example_dynamic_task_mapping.py for tasks to queue
[2023-12-01T17:56:53.985+0000] {logging_mixin.py:154} INFO - [2023-12-01T17:56:53.985+0000] {dagbag.py:536} INFO - Filling up the DagBag from /home/airflow/.local/lib/python3.8/site-packages/airflow/example_dags/example_dynamic_task_mapping.py
[2023-12-01T17:56:53.989+0000] {processor.py:839} INFO - DAG(s) dict_keys(['example_dynamic_task_mapping']) retrieved from /home/airflow/.local/lib/python3.8/site-packages/airflow/example_dags/example_dynamic_task_mapping.py
[2023-12-01T17:56:54.000+0000] {logging_mixin.py:154} INFO - [2023-12-01T17:56:54.000+0000] {dag.py:2941} INFO - Sync 1 DAGs
[2023-12-01T17:56:54.014+0000] {logging_mixin.py:154} INFO - [2023-12-01T17:56:54.014+0000] {dag.py:3722} INFO - Setting next_dagrun for example_dynamic_task_mapping to 2022-03-04T00:00:00+00:00, run_after=2022-03-05T00:00:00+00:00
[2023-12-01T17:56:54.025+0000] {processor.py:179} INFO - Processing /home/airflow/.local/lib/python3.8/site-packages/airflow/example_dags/example_dynamic_task_mapping.py took 0.043 seconds
[2023-12-01T17:57:55.598+0000] {processor.py:157} INFO - Started process (PID=114) to work on /home/airflow/.local/lib/python3.8/site-packages/airflow/example_dags/example_dynamic_task_mapping.py
[2023-12-01T17:57:55.599+0000] {processor.py:829} INFO - Processing file /home/airflow/.local/lib/python3.8/site-packages/airflow/example_dags/example_dynamic_task_mapping.py for tasks to queue
[2023-12-01T17:57:55.600+0000] {logging_mixin.py:154} INFO - [2023-12-01T17:57:55.600+0000] {dagbag.py:536} INFO - Filling up the DagBag from /home/airflow/.local/lib/python3.8/site-packages/airflow/example_dags/example_dynamic_task_mapping.py
[2023-12-01T17:57:55.604+0000] {processor.py:839} INFO - DAG(s) dict_keys(['example_dynamic_task_mapping']) retrieved from /home/airflow/.local/lib/python3.8/site-packages/airflow/example_dags/example_dynamic_task_mapping.py
[2023-12-01T17:57:55.612+0000] {logging_mixin.py:154} INFO - [2023-12-01T17:57:55.612+0000] {dag.py:2941} INFO - Sync 1 DAGs
[2023-12-01T17:57:55.628+0000] {logging_mixin.py:154} INFO - [2023-12-01T17:57:55.628+0000] {dag.py:3722} INFO - Setting next_dagrun for example_dynamic_task_mapping to 2022-03-04T00:00:00+00:00, run_after=2022-03-05T00:00:00+00:00
[2023-12-01T17:57:55.639+0000] {processor.py:179} INFO - Processing /home/airflow/.local/lib/python3.8/site-packages/airflow/example_dags/example_dynamic_task_mapping.py took 0.043 seconds
[2023-12-01T17:58:26.310+0000] {processor.py:157} INFO - Started process (PID=204) to work on /home/airflow/.local/lib/python3.8/site-packages/airflow/example_dags/example_dynamic_task_mapping.py
[2023-12-01T17:58:26.310+0000] {processor.py:829} INFO - Processing file /home/airflow/.local/lib/python3.8/site-packages/airflow/example_dags/example_dynamic_task_mapping.py for tasks to queue
[2023-12-01T17:58:26.312+0000] {logging_mixin.py:154} INFO - [2023-12-01T17:58:26.311+0000] {dagbag.py:536} INFO - Filling up the DagBag from /home/airflow/.local/lib/python3.8/site-packages/airflow/example_dags/example_dynamic_task_mapping.py
[2023-12-01T17:58:26.315+0000] {processor.py:839} INFO - DAG(s) dict_keys(['example_dynamic_task_mapping']) retrieved from /home/airflow/.local/lib/python3.8/site-packages/airflow/example_dags/example_dynamic_task_mapping.py
[2023-12-01T17:58:26.327+0000] {logging_mixin.py:154} INFO - [2023-12-01T17:58:26.327+0000] {dag.py:2941} INFO - Sync 1 DAGs
[2023-12-01T17:58:26.341+0000] {logging_mixin.py:154} INFO - [2023-12-01T17:58:26.341+0000] {dag.py:3722} INFO - Setting next_dagrun for example_dynamic_task_mapping to 2022-03-04T00:00:00+00:00, run_after=2022-03-05T00:00:00+00:00
[2023-12-01T17:58:26.352+0000] {processor.py:179} INFO - Processing /home/airflow/.local/lib/python3.8/site-packages/airflow/example_dags/example_dynamic_task_mapping.py took 0.044 seconds
[2023-12-01T17:58:56.993+0000] {processor.py:157} INFO - Started process (PID=294) to work on /home/airflow/.local/lib/python3.8/site-packages/airflow/example_dags/example_dynamic_task_mapping.py
[2023-12-01T17:58:56.994+0000] {processor.py:829} INFO - Processing file /home/airflow/.local/lib/python3.8/site-packages/airflow/example_dags/example_dynamic_task_mapping.py for tasks to queue
[2023-12-01T17:58:56.995+0000] {logging_mixin.py:154} INFO - [2023-12-01T17:58:56.995+0000] {dagbag.py:536} INFO - Filling up the DagBag from /home/airflow/.local/lib/python3.8/site-packages/airflow/example_dags/example_dynamic_task_mapping.py
[2023-12-01T17:58:56.999+0000] {processor.py:839} INFO - DAG(s) dict_keys(['example_dynamic_task_mapping']) retrieved from /home/airflow/.local/lib/python3.8/site-packages/airflow/example_dags/example_dynamic_task_mapping.py
[2023-12-01T17:58:57.011+0000] {logging_mixin.py:154} INFO - [2023-12-01T17:58:57.011+0000] {dag.py:2941} INFO - Sync 1 DAGs
[2023-12-01T17:58:57.025+0000] {logging_mixin.py:154} INFO - [2023-12-01T17:58:57.025+0000] {dag.py:3722} INFO - Setting next_dagrun for example_dynamic_task_mapping to 2022-03-04T00:00:00+00:00, run_after=2022-03-05T00:00:00+00:00
[2023-12-01T17:58:57.036+0000] {processor.py:179} INFO - Processing /home/airflow/.local/lib/python3.8/site-packages/airflow/example_dags/example_dynamic_task_mapping.py took 0.044 seconds
[2023-12-01T17:59:27.799+0000] {processor.py:157} INFO - Started process (PID=384) to work on /home/airflow/.local/lib/python3.8/site-packages/airflow/example_dags/example_dynamic_task_mapping.py
[2023-12-01T17:59:27.800+0000] {processor.py:829} INFO - Processing file /home/airflow/.local/lib/python3.8/site-packages/airflow/example_dags/example_dynamic_task_mapping.py for tasks to queue
[2023-12-01T17:59:27.801+0000] {logging_mixin.py:154} INFO - [2023-12-01T17:59:27.801+0000] {dagbag.py:536} INFO - Filling up the DagBag from /home/airflow/.local/lib/python3.8/site-packages/airflow/example_dags/example_dynamic_task_mapping.py
[2023-12-01T17:59:27.805+0000] {processor.py:839} INFO - DAG(s) dict_keys(['example_dynamic_task_mapping']) retrieved from /home/airflow/.local/lib/python3.8/site-packages/airflow/example_dags/example_dynamic_task_mapping.py
[2023-12-01T17:59:27.816+0000] {logging_mixin.py:154} INFO - [2023-12-01T17:59:27.816+0000] {dag.py:2941} INFO - Sync 1 DAGs
[2023-12-01T17:59:27.830+0000] {logging_mixin.py:154} INFO - [2023-12-01T17:59:27.830+0000] {dag.py:3722} INFO - Setting next_dagrun for example_dynamic_task_mapping to 2022-03-04T00:00:00+00:00, run_after=2022-03-05T00:00:00+00:00
[2023-12-01T17:59:27.842+0000] {processor.py:179} INFO - Processing /home/airflow/.local/lib/python3.8/site-packages/airflow/example_dags/example_dynamic_task_mapping.py took 0.044 seconds
