[2023-12-01T17:41:51.733+0000] {processor.py:157} INFO - Started process (PID=93) to work on /home/airflow/.local/lib/python3.8/site-packages/airflow/example_dags/example_short_circuit_decorator.py
[2023-12-01T17:41:51.734+0000] {processor.py:829} INFO - Processing file /home/airflow/.local/lib/python3.8/site-packages/airflow/example_dags/example_short_circuit_decorator.py for tasks to queue
[2023-12-01T17:41:51.736+0000] {logging_mixin.py:154} INFO - [2023-12-01T17:41:51.735+0000] {dagbag.py:536} INFO - Filling up the DagBag from /home/airflow/.local/lib/python3.8/site-packages/airflow/example_dags/example_short_circuit_decorator.py
[2023-12-01T17:41:51.742+0000] {processor.py:839} INFO - DAG(s) dict_keys(['example_short_circuit_decorator']) retrieved from /home/airflow/.local/lib/python3.8/site-packages/airflow/example_dags/example_short_circuit_decorator.py
[2023-12-01T17:41:51.751+0000] {logging_mixin.py:154} INFO - [2023-12-01T17:41:51.751+0000] {dag.py:2941} INFO - Sync 1 DAGs
[2023-12-01T17:41:51.768+0000] {logging_mixin.py:154} INFO - [2023-12-01T17:41:51.768+0000] {dag.py:3722} INFO - Setting next_dagrun for example_short_circuit_decorator to 2023-11-30T17:41:51.767977+00:00, run_after=2023-12-01T17:41:51.767977+00:00
[2023-12-01T17:41:51.781+0000] {processor.py:179} INFO - Processing /home/airflow/.local/lib/python3.8/site-packages/airflow/example_dags/example_short_circuit_decorator.py took 0.049 seconds
[2023-12-01T17:42:22.539+0000] {processor.py:157} INFO - Started process (PID=183) to work on /home/airflow/.local/lib/python3.8/site-packages/airflow/example_dags/example_short_circuit_decorator.py
[2023-12-01T17:42:22.540+0000] {processor.py:829} INFO - Processing file /home/airflow/.local/lib/python3.8/site-packages/airflow/example_dags/example_short_circuit_decorator.py for tasks to queue
[2023-12-01T17:42:22.541+0000] {logging_mixin.py:154} INFO - [2023-12-01T17:42:22.541+0000] {dagbag.py:536} INFO - Filling up the DagBag from /home/airflow/.local/lib/python3.8/site-packages/airflow/example_dags/example_short_circuit_decorator.py
[2023-12-01T17:42:22.547+0000] {processor.py:839} INFO - DAG(s) dict_keys(['example_short_circuit_decorator']) retrieved from /home/airflow/.local/lib/python3.8/site-packages/airflow/example_dags/example_short_circuit_decorator.py
[2023-12-01T17:42:22.560+0000] {logging_mixin.py:154} INFO - [2023-12-01T17:42:22.560+0000] {dag.py:2941} INFO - Sync 1 DAGs
[2023-12-01T17:42:22.574+0000] {logging_mixin.py:154} INFO - [2023-12-01T17:42:22.574+0000] {dag.py:3722} INFO - Setting next_dagrun for example_short_circuit_decorator to 2023-11-30T17:42:22.573976+00:00, run_after=2023-12-01T17:42:22.573976+00:00
[2023-12-01T17:42:22.585+0000] {processor.py:179} INFO - Processing /home/airflow/.local/lib/python3.8/site-packages/airflow/example_dags/example_short_circuit_decorator.py took 0.047 seconds
[2023-12-01T17:42:53.107+0000] {processor.py:157} INFO - Started process (PID=273) to work on /home/airflow/.local/lib/python3.8/site-packages/airflow/example_dags/example_short_circuit_decorator.py
[2023-12-01T17:42:53.108+0000] {processor.py:829} INFO - Processing file /home/airflow/.local/lib/python3.8/site-packages/airflow/example_dags/example_short_circuit_decorator.py for tasks to queue
[2023-12-01T17:42:53.109+0000] {logging_mixin.py:154} INFO - [2023-12-01T17:42:53.109+0000] {dagbag.py:536} INFO - Filling up the DagBag from /home/airflow/.local/lib/python3.8/site-packages/airflow/example_dags/example_short_circuit_decorator.py
[2023-12-01T17:42:53.115+0000] {processor.py:839} INFO - DAG(s) dict_keys(['example_short_circuit_decorator']) retrieved from /home/airflow/.local/lib/python3.8/site-packages/airflow/example_dags/example_short_circuit_decorator.py
[2023-12-01T17:42:53.129+0000] {logging_mixin.py:154} INFO - [2023-12-01T17:42:53.129+0000] {dag.py:2941} INFO - Sync 1 DAGs
[2023-12-01T17:42:53.142+0000] {logging_mixin.py:154} INFO - [2023-12-01T17:42:53.142+0000] {dag.py:3722} INFO - Setting next_dagrun for example_short_circuit_decorator to 2023-11-30T17:42:53.142413+00:00, run_after=2023-12-01T17:42:53.142413+00:00
[2023-12-01T17:42:53.154+0000] {processor.py:179} INFO - Processing /home/airflow/.local/lib/python3.8/site-packages/airflow/example_dags/example_short_circuit_decorator.py took 0.049 seconds
[2023-12-01T17:43:24.031+0000] {processor.py:157} INFO - Started process (PID=363) to work on /home/airflow/.local/lib/python3.8/site-packages/airflow/example_dags/example_short_circuit_decorator.py
[2023-12-01T17:43:24.032+0000] {processor.py:829} INFO - Processing file /home/airflow/.local/lib/python3.8/site-packages/airflow/example_dags/example_short_circuit_decorator.py for tasks to queue
[2023-12-01T17:43:24.033+0000] {logging_mixin.py:154} INFO - [2023-12-01T17:43:24.033+0000] {dagbag.py:536} INFO - Filling up the DagBag from /home/airflow/.local/lib/python3.8/site-packages/airflow/example_dags/example_short_circuit_decorator.py
[2023-12-01T17:43:24.039+0000] {processor.py:839} INFO - DAG(s) dict_keys(['example_short_circuit_decorator']) retrieved from /home/airflow/.local/lib/python3.8/site-packages/airflow/example_dags/example_short_circuit_decorator.py
[2023-12-01T17:43:24.053+0000] {logging_mixin.py:154} INFO - [2023-12-01T17:43:24.053+0000] {dag.py:2941} INFO - Sync 1 DAGs
[2023-12-01T17:43:24.068+0000] {logging_mixin.py:154} INFO - [2023-12-01T17:43:24.068+0000] {dag.py:3722} INFO - Setting next_dagrun for example_short_circuit_decorator to 2023-11-30T17:43:24.068619+00:00, run_after=2023-12-01T17:43:24.068619+00:00
[2023-12-01T17:43:24.080+0000] {processor.py:179} INFO - Processing /home/airflow/.local/lib/python3.8/site-packages/airflow/example_dags/example_short_circuit_decorator.py took 0.050 seconds
[2023-12-01T17:43:55.237+0000] {processor.py:157} INFO - Started process (PID=453) to work on /home/airflow/.local/lib/python3.8/site-packages/airflow/example_dags/example_short_circuit_decorator.py
[2023-12-01T17:43:55.238+0000] {processor.py:829} INFO - Processing file /home/airflow/.local/lib/python3.8/site-packages/airflow/example_dags/example_short_circuit_decorator.py for tasks to queue
[2023-12-01T17:43:55.239+0000] {logging_mixin.py:154} INFO - [2023-12-01T17:43:55.239+0000] {dagbag.py:536} INFO - Filling up the DagBag from /home/airflow/.local/lib/python3.8/site-packages/airflow/example_dags/example_short_circuit_decorator.py
[2023-12-01T17:43:55.245+0000] {processor.py:839} INFO - DAG(s) dict_keys(['example_short_circuit_decorator']) retrieved from /home/airflow/.local/lib/python3.8/site-packages/airflow/example_dags/example_short_circuit_decorator.py
[2023-12-01T17:43:55.260+0000] {logging_mixin.py:154} INFO - [2023-12-01T17:43:55.260+0000] {dag.py:2941} INFO - Sync 1 DAGs
[2023-12-01T17:43:55.278+0000] {logging_mixin.py:154} INFO - [2023-12-01T17:43:55.278+0000] {dag.py:3722} INFO - Setting next_dagrun for example_short_circuit_decorator to 2023-11-30T17:43:55.277894+00:00, run_after=2023-12-01T17:43:55.277894+00:00
[2023-12-01T17:43:55.295+0000] {processor.py:179} INFO - Processing /home/airflow/.local/lib/python3.8/site-packages/airflow/example_dags/example_short_circuit_decorator.py took 0.059 seconds
[2023-12-01T17:44:26.151+0000] {processor.py:157} INFO - Started process (PID=543) to work on /home/airflow/.local/lib/python3.8/site-packages/airflow/example_dags/example_short_circuit_decorator.py
[2023-12-01T17:44:26.152+0000] {processor.py:829} INFO - Processing file /home/airflow/.local/lib/python3.8/site-packages/airflow/example_dags/example_short_circuit_decorator.py for tasks to queue
[2023-12-01T17:44:26.154+0000] {logging_mixin.py:154} INFO - [2023-12-01T17:44:26.153+0000] {dagbag.py:536} INFO - Filling up the DagBag from /home/airflow/.local/lib/python3.8/site-packages/airflow/example_dags/example_short_circuit_decorator.py
[2023-12-01T17:44:26.159+0000] {processor.py:839} INFO - DAG(s) dict_keys(['example_short_circuit_decorator']) retrieved from /home/airflow/.local/lib/python3.8/site-packages/airflow/example_dags/example_short_circuit_decorator.py
[2023-12-01T17:44:26.175+0000] {logging_mixin.py:154} INFO - [2023-12-01T17:44:26.175+0000] {dag.py:2941} INFO - Sync 1 DAGs
[2023-12-01T17:44:26.191+0000] {logging_mixin.py:154} INFO - [2023-12-01T17:44:26.190+0000] {dag.py:3722} INFO - Setting next_dagrun for example_short_circuit_decorator to 2023-11-30T17:44:26.190772+00:00, run_after=2023-12-01T17:44:26.190772+00:00
[2023-12-01T17:44:26.203+0000] {processor.py:179} INFO - Processing /home/airflow/.local/lib/python3.8/site-packages/airflow/example_dags/example_short_circuit_decorator.py took 0.054 seconds
[2023-12-01T17:45:23.201+0000] {processor.py:157} INFO - Started process (PID=93) to work on /home/airflow/.local/lib/python3.8/site-packages/airflow/example_dags/example_short_circuit_decorator.py
[2023-12-01T17:45:23.202+0000] {processor.py:829} INFO - Processing file /home/airflow/.local/lib/python3.8/site-packages/airflow/example_dags/example_short_circuit_decorator.py for tasks to queue
[2023-12-01T17:45:23.203+0000] {logging_mixin.py:154} INFO - [2023-12-01T17:45:23.203+0000] {dagbag.py:536} INFO - Filling up the DagBag from /home/airflow/.local/lib/python3.8/site-packages/airflow/example_dags/example_short_circuit_decorator.py
[2023-12-01T17:45:23.209+0000] {processor.py:839} INFO - DAG(s) dict_keys(['example_short_circuit_decorator']) retrieved from /home/airflow/.local/lib/python3.8/site-packages/airflow/example_dags/example_short_circuit_decorator.py
[2023-12-01T17:45:23.217+0000] {logging_mixin.py:154} INFO - [2023-12-01T17:45:23.217+0000] {dag.py:2941} INFO - Sync 1 DAGs
[2023-12-01T17:45:23.233+0000] {logging_mixin.py:154} INFO - [2023-12-01T17:45:23.233+0000] {dag.py:3722} INFO - Setting next_dagrun for example_short_circuit_decorator to 2023-11-30T17:45:23.233000+00:00, run_after=2023-12-01T17:45:23.233000+00:00
[2023-12-01T17:45:23.245+0000] {processor.py:179} INFO - Processing /home/airflow/.local/lib/python3.8/site-packages/airflow/example_dags/example_short_circuit_decorator.py took 0.046 seconds
[2023-12-01T17:45:54.035+0000] {processor.py:157} INFO - Started process (PID=183) to work on /home/airflow/.local/lib/python3.8/site-packages/airflow/example_dags/example_short_circuit_decorator.py
[2023-12-01T17:45:54.035+0000] {processor.py:829} INFO - Processing file /home/airflow/.local/lib/python3.8/site-packages/airflow/example_dags/example_short_circuit_decorator.py for tasks to queue
[2023-12-01T17:45:54.037+0000] {logging_mixin.py:154} INFO - [2023-12-01T17:45:54.036+0000] {dagbag.py:536} INFO - Filling up the DagBag from /home/airflow/.local/lib/python3.8/site-packages/airflow/example_dags/example_short_circuit_decorator.py
[2023-12-01T17:45:54.042+0000] {processor.py:839} INFO - DAG(s) dict_keys(['example_short_circuit_decorator']) retrieved from /home/airflow/.local/lib/python3.8/site-packages/airflow/example_dags/example_short_circuit_decorator.py
[2023-12-01T17:45:54.056+0000] {logging_mixin.py:154} INFO - [2023-12-01T17:45:54.056+0000] {dag.py:2941} INFO - Sync 1 DAGs
[2023-12-01T17:45:54.070+0000] {logging_mixin.py:154} INFO - [2023-12-01T17:45:54.070+0000] {dag.py:3722} INFO - Setting next_dagrun for example_short_circuit_decorator to 2023-11-30T17:45:54.070516+00:00, run_after=2023-12-01T17:45:54.070516+00:00
[2023-12-01T17:45:54.081+0000] {processor.py:179} INFO - Processing /home/airflow/.local/lib/python3.8/site-packages/airflow/example_dags/example_short_circuit_decorator.py took 0.048 seconds
[2023-12-01T17:46:25.186+0000] {processor.py:157} INFO - Started process (PID=273) to work on /home/airflow/.local/lib/python3.8/site-packages/airflow/example_dags/example_short_circuit_decorator.py
[2023-12-01T17:46:25.186+0000] {processor.py:829} INFO - Processing file /home/airflow/.local/lib/python3.8/site-packages/airflow/example_dags/example_short_circuit_decorator.py for tasks to queue
[2023-12-01T17:46:25.188+0000] {logging_mixin.py:154} INFO - [2023-12-01T17:46:25.187+0000] {dagbag.py:536} INFO - Filling up the DagBag from /home/airflow/.local/lib/python3.8/site-packages/airflow/example_dags/example_short_circuit_decorator.py
[2023-12-01T17:46:25.193+0000] {processor.py:839} INFO - DAG(s) dict_keys(['example_short_circuit_decorator']) retrieved from /home/airflow/.local/lib/python3.8/site-packages/airflow/example_dags/example_short_circuit_decorator.py
[2023-12-01T17:46:25.208+0000] {logging_mixin.py:154} INFO - [2023-12-01T17:46:25.208+0000] {dag.py:2941} INFO - Sync 1 DAGs
[2023-12-01T17:46:25.222+0000] {logging_mixin.py:154} INFO - [2023-12-01T17:46:25.222+0000] {dag.py:3722} INFO - Setting next_dagrun for example_short_circuit_decorator to 2023-11-30T17:46:25.222630+00:00, run_after=2023-12-01T17:46:25.222630+00:00
[2023-12-01T17:46:25.234+0000] {processor.py:179} INFO - Processing /home/airflow/.local/lib/python3.8/site-packages/airflow/example_dags/example_short_circuit_decorator.py took 0.050 seconds
[2023-12-01T17:46:56.110+0000] {processor.py:157} INFO - Started process (PID=363) to work on /home/airflow/.local/lib/python3.8/site-packages/airflow/example_dags/example_short_circuit_decorator.py
[2023-12-01T17:46:56.110+0000] {processor.py:829} INFO - Processing file /home/airflow/.local/lib/python3.8/site-packages/airflow/example_dags/example_short_circuit_decorator.py for tasks to queue
[2023-12-01T17:46:56.112+0000] {logging_mixin.py:154} INFO - [2023-12-01T17:46:56.111+0000] {dagbag.py:536} INFO - Filling up the DagBag from /home/airflow/.local/lib/python3.8/site-packages/airflow/example_dags/example_short_circuit_decorator.py
[2023-12-01T17:46:56.117+0000] {processor.py:839} INFO - DAG(s) dict_keys(['example_short_circuit_decorator']) retrieved from /home/airflow/.local/lib/python3.8/site-packages/airflow/example_dags/example_short_circuit_decorator.py
[2023-12-01T17:46:56.132+0000] {logging_mixin.py:154} INFO - [2023-12-01T17:46:56.132+0000] {dag.py:2941} INFO - Sync 1 DAGs
[2023-12-01T17:46:56.147+0000] {logging_mixin.py:154} INFO - [2023-12-01T17:46:56.147+0000] {dag.py:3722} INFO - Setting next_dagrun for example_short_circuit_decorator to 2023-11-30T17:46:56.146824+00:00, run_after=2023-12-01T17:46:56.146824+00:00
[2023-12-01T17:46:56.159+0000] {processor.py:179} INFO - Processing /home/airflow/.local/lib/python3.8/site-packages/airflow/example_dags/example_short_circuit_decorator.py took 0.051 seconds
[2023-12-01T17:47:54.373+0000] {processor.py:157} INFO - Started process (PID=93) to work on /home/airflow/.local/lib/python3.8/site-packages/airflow/example_dags/example_short_circuit_decorator.py
[2023-12-01T17:47:54.373+0000] {processor.py:829} INFO - Processing file /home/airflow/.local/lib/python3.8/site-packages/airflow/example_dags/example_short_circuit_decorator.py for tasks to queue
[2023-12-01T17:47:54.375+0000] {logging_mixin.py:154} INFO - [2023-12-01T17:47:54.375+0000] {dagbag.py:536} INFO - Filling up the DagBag from /home/airflow/.local/lib/python3.8/site-packages/airflow/example_dags/example_short_circuit_decorator.py
[2023-12-01T17:47:54.382+0000] {processor.py:839} INFO - DAG(s) dict_keys(['example_short_circuit_decorator']) retrieved from /home/airflow/.local/lib/python3.8/site-packages/airflow/example_dags/example_short_circuit_decorator.py
[2023-12-01T17:47:54.389+0000] {logging_mixin.py:154} INFO - [2023-12-01T17:47:54.389+0000] {dag.py:2941} INFO - Sync 1 DAGs
[2023-12-01T17:47:54.411+0000] {logging_mixin.py:154} INFO - [2023-12-01T17:47:54.411+0000] {dag.py:3722} INFO - Setting next_dagrun for example_short_circuit_decorator to 2023-11-30T17:47:54.411525+00:00, run_after=2023-12-01T17:47:54.411525+00:00
[2023-12-01T17:47:54.430+0000] {processor.py:179} INFO - Processing /home/airflow/.local/lib/python3.8/site-packages/airflow/example_dags/example_short_circuit_decorator.py took 0.059 seconds
[2023-12-01T17:48:26.090+0000] {processor.py:157} INFO - Started process (PID=183) to work on /home/airflow/.local/lib/python3.8/site-packages/airflow/example_dags/example_short_circuit_decorator.py
[2023-12-01T17:48:26.090+0000] {processor.py:829} INFO - Processing file /home/airflow/.local/lib/python3.8/site-packages/airflow/example_dags/example_short_circuit_decorator.py for tasks to queue
[2023-12-01T17:48:26.091+0000] {logging_mixin.py:154} INFO - [2023-12-01T17:48:26.091+0000] {dagbag.py:536} INFO - Filling up the DagBag from /home/airflow/.local/lib/python3.8/site-packages/airflow/example_dags/example_short_circuit_decorator.py
[2023-12-01T17:48:26.097+0000] {processor.py:839} INFO - DAG(s) dict_keys(['example_short_circuit_decorator']) retrieved from /home/airflow/.local/lib/python3.8/site-packages/airflow/example_dags/example_short_circuit_decorator.py
[2023-12-01T17:48:26.113+0000] {logging_mixin.py:154} INFO - [2023-12-01T17:48:26.113+0000] {dag.py:2941} INFO - Sync 1 DAGs
[2023-12-01T17:48:26.127+0000] {logging_mixin.py:154} INFO - [2023-12-01T17:48:26.127+0000] {dag.py:3722} INFO - Setting next_dagrun for example_short_circuit_decorator to 2023-11-30T17:48:26.127379+00:00, run_after=2023-12-01T17:48:26.127379+00:00
[2023-12-01T17:48:26.139+0000] {processor.py:179} INFO - Processing /home/airflow/.local/lib/python3.8/site-packages/airflow/example_dags/example_short_circuit_decorator.py took 0.051 seconds
[2023-12-01T17:48:56.191+0000] {processor.py:157} INFO - Started process (PID=273) to work on /home/airflow/.local/lib/python3.8/site-packages/airflow/example_dags/example_short_circuit_decorator.py
[2023-12-01T17:48:56.191+0000] {processor.py:829} INFO - Processing file /home/airflow/.local/lib/python3.8/site-packages/airflow/example_dags/example_short_circuit_decorator.py for tasks to queue
[2023-12-01T17:48:56.192+0000] {logging_mixin.py:154} INFO - [2023-12-01T17:48:56.192+0000] {dagbag.py:536} INFO - Filling up the DagBag from /home/airflow/.local/lib/python3.8/site-packages/airflow/example_dags/example_short_circuit_decorator.py
[2023-12-01T17:48:56.198+0000] {processor.py:839} INFO - DAG(s) dict_keys(['example_short_circuit_decorator']) retrieved from /home/airflow/.local/lib/python3.8/site-packages/airflow/example_dags/example_short_circuit_decorator.py
[2023-12-01T17:48:56.213+0000] {logging_mixin.py:154} INFO - [2023-12-01T17:48:56.213+0000] {dag.py:2941} INFO - Sync 1 DAGs
[2023-12-01T17:48:56.228+0000] {logging_mixin.py:154} INFO - [2023-12-01T17:48:56.228+0000] {dag.py:3722} INFO - Setting next_dagrun for example_short_circuit_decorator to 2023-11-30T17:48:56.228332+00:00, run_after=2023-12-01T17:48:56.228332+00:00
[2023-12-01T17:48:56.240+0000] {processor.py:179} INFO - Processing /home/airflow/.local/lib/python3.8/site-packages/airflow/example_dags/example_short_circuit_decorator.py took 0.051 seconds
[2023-12-01T17:49:26.916+0000] {processor.py:157} INFO - Started process (PID=363) to work on /home/airflow/.local/lib/python3.8/site-packages/airflow/example_dags/example_short_circuit_decorator.py
[2023-12-01T17:49:26.916+0000] {processor.py:829} INFO - Processing file /home/airflow/.local/lib/python3.8/site-packages/airflow/example_dags/example_short_circuit_decorator.py for tasks to queue
[2023-12-01T17:49:26.918+0000] {logging_mixin.py:154} INFO - [2023-12-01T17:49:26.917+0000] {dagbag.py:536} INFO - Filling up the DagBag from /home/airflow/.local/lib/python3.8/site-packages/airflow/example_dags/example_short_circuit_decorator.py
[2023-12-01T17:49:26.923+0000] {processor.py:839} INFO - DAG(s) dict_keys(['example_short_circuit_decorator']) retrieved from /home/airflow/.local/lib/python3.8/site-packages/airflow/example_dags/example_short_circuit_decorator.py
[2023-12-01T17:49:26.937+0000] {logging_mixin.py:154} INFO - [2023-12-01T17:49:26.937+0000] {dag.py:2941} INFO - Sync 1 DAGs
[2023-12-01T17:49:26.952+0000] {logging_mixin.py:154} INFO - [2023-12-01T17:49:26.951+0000] {dag.py:3722} INFO - Setting next_dagrun for example_short_circuit_decorator to 2023-11-30T17:49:26.951685+00:00, run_after=2023-12-01T17:49:26.951685+00:00
[2023-12-01T17:49:26.963+0000] {processor.py:179} INFO - Processing /home/airflow/.local/lib/python3.8/site-packages/airflow/example_dags/example_short_circuit_decorator.py took 0.049 seconds
[2023-12-01T17:49:57.981+0000] {processor.py:157} INFO - Started process (PID=453) to work on /home/airflow/.local/lib/python3.8/site-packages/airflow/example_dags/example_short_circuit_decorator.py
[2023-12-01T17:49:57.981+0000] {processor.py:829} INFO - Processing file /home/airflow/.local/lib/python3.8/site-packages/airflow/example_dags/example_short_circuit_decorator.py for tasks to queue
[2023-12-01T17:49:57.983+0000] {logging_mixin.py:154} INFO - [2023-12-01T17:49:57.982+0000] {dagbag.py:536} INFO - Filling up the DagBag from /home/airflow/.local/lib/python3.8/site-packages/airflow/example_dags/example_short_circuit_decorator.py
[2023-12-01T17:49:57.988+0000] {processor.py:839} INFO - DAG(s) dict_keys(['example_short_circuit_decorator']) retrieved from /home/airflow/.local/lib/python3.8/site-packages/airflow/example_dags/example_short_circuit_decorator.py
[2023-12-01T17:49:58.004+0000] {logging_mixin.py:154} INFO - [2023-12-01T17:49:58.004+0000] {dag.py:2941} INFO - Sync 1 DAGs
[2023-12-01T17:49:58.019+0000] {logging_mixin.py:154} INFO - [2023-12-01T17:49:58.018+0000] {dag.py:3722} INFO - Setting next_dagrun for example_short_circuit_decorator to 2023-11-30T17:49:58.018715+00:00, run_after=2023-12-01T17:49:58.018715+00:00
[2023-12-01T17:49:58.031+0000] {processor.py:179} INFO - Processing /home/airflow/.local/lib/python3.8/site-packages/airflow/example_dags/example_short_circuit_decorator.py took 0.052 seconds
[2023-12-01T17:50:28.776+0000] {processor.py:157} INFO - Started process (PID=543) to work on /home/airflow/.local/lib/python3.8/site-packages/airflow/example_dags/example_short_circuit_decorator.py
[2023-12-01T17:50:28.776+0000] {processor.py:829} INFO - Processing file /home/airflow/.local/lib/python3.8/site-packages/airflow/example_dags/example_short_circuit_decorator.py for tasks to queue
[2023-12-01T17:50:28.778+0000] {logging_mixin.py:154} INFO - [2023-12-01T17:50:28.777+0000] {dagbag.py:536} INFO - Filling up the DagBag from /home/airflow/.local/lib/python3.8/site-packages/airflow/example_dags/example_short_circuit_decorator.py
[2023-12-01T17:50:28.784+0000] {processor.py:839} INFO - DAG(s) dict_keys(['example_short_circuit_decorator']) retrieved from /home/airflow/.local/lib/python3.8/site-packages/airflow/example_dags/example_short_circuit_decorator.py
[2023-12-01T17:50:28.799+0000] {logging_mixin.py:154} INFO - [2023-12-01T17:50:28.799+0000] {dag.py:2941} INFO - Sync 1 DAGs
[2023-12-01T17:50:28.814+0000] {logging_mixin.py:154} INFO - [2023-12-01T17:50:28.814+0000] {dag.py:3722} INFO - Setting next_dagrun for example_short_circuit_decorator to 2023-11-30T17:50:28.814033+00:00, run_after=2023-12-01T17:50:28.814033+00:00
[2023-12-01T17:50:28.825+0000] {processor.py:179} INFO - Processing /home/airflow/.local/lib/python3.8/site-packages/airflow/example_dags/example_short_circuit_decorator.py took 0.051 seconds
[2023-12-01T17:50:59.771+0000] {processor.py:157} INFO - Started process (PID=633) to work on /home/airflow/.local/lib/python3.8/site-packages/airflow/example_dags/example_short_circuit_decorator.py
[2023-12-01T17:50:59.772+0000] {processor.py:829} INFO - Processing file /home/airflow/.local/lib/python3.8/site-packages/airflow/example_dags/example_short_circuit_decorator.py for tasks to queue
[2023-12-01T17:50:59.773+0000] {logging_mixin.py:154} INFO - [2023-12-01T17:50:59.773+0000] {dagbag.py:536} INFO - Filling up the DagBag from /home/airflow/.local/lib/python3.8/site-packages/airflow/example_dags/example_short_circuit_decorator.py
[2023-12-01T17:50:59.779+0000] {processor.py:839} INFO - DAG(s) dict_keys(['example_short_circuit_decorator']) retrieved from /home/airflow/.local/lib/python3.8/site-packages/airflow/example_dags/example_short_circuit_decorator.py
[2023-12-01T17:50:59.794+0000] {logging_mixin.py:154} INFO - [2023-12-01T17:50:59.794+0000] {dag.py:2941} INFO - Sync 1 DAGs
[2023-12-01T17:50:59.808+0000] {logging_mixin.py:154} INFO - [2023-12-01T17:50:59.808+0000] {dag.py:3722} INFO - Setting next_dagrun for example_short_circuit_decorator to 2023-11-30T17:50:59.808343+00:00, run_after=2023-12-01T17:50:59.808343+00:00
[2023-12-01T17:50:59.820+0000] {processor.py:179} INFO - Processing /home/airflow/.local/lib/python3.8/site-packages/airflow/example_dags/example_short_circuit_decorator.py took 0.051 seconds
[2023-12-01T17:51:30.727+0000] {processor.py:157} INFO - Started process (PID=723) to work on /home/airflow/.local/lib/python3.8/site-packages/airflow/example_dags/example_short_circuit_decorator.py
[2023-12-01T17:51:30.728+0000] {processor.py:829} INFO - Processing file /home/airflow/.local/lib/python3.8/site-packages/airflow/example_dags/example_short_circuit_decorator.py for tasks to queue
[2023-12-01T17:51:30.729+0000] {logging_mixin.py:154} INFO - [2023-12-01T17:51:30.729+0000] {dagbag.py:536} INFO - Filling up the DagBag from /home/airflow/.local/lib/python3.8/site-packages/airflow/example_dags/example_short_circuit_decorator.py
[2023-12-01T17:51:30.735+0000] {processor.py:839} INFO - DAG(s) dict_keys(['example_short_circuit_decorator']) retrieved from /home/airflow/.local/lib/python3.8/site-packages/airflow/example_dags/example_short_circuit_decorator.py
[2023-12-01T17:51:30.751+0000] {logging_mixin.py:154} INFO - [2023-12-01T17:51:30.751+0000] {dag.py:2941} INFO - Sync 1 DAGs
[2023-12-01T17:51:30.767+0000] {logging_mixin.py:154} INFO - [2023-12-01T17:51:30.767+0000] {dag.py:3722} INFO - Setting next_dagrun for example_short_circuit_decorator to 2023-11-30T17:51:30.766909+00:00, run_after=2023-12-01T17:51:30.766909+00:00
[2023-12-01T17:51:30.780+0000] {processor.py:179} INFO - Processing /home/airflow/.local/lib/python3.8/site-packages/airflow/example_dags/example_short_circuit_decorator.py took 0.055 seconds
[2023-12-01T17:54:19.427+0000] {processor.py:157} INFO - Started process (PID=93) to work on /home/airflow/.local/lib/python3.8/site-packages/airflow/example_dags/example_short_circuit_decorator.py
[2023-12-01T17:54:19.428+0000] {processor.py:829} INFO - Processing file /home/airflow/.local/lib/python3.8/site-packages/airflow/example_dags/example_short_circuit_decorator.py for tasks to queue
[2023-12-01T17:54:19.429+0000] {logging_mixin.py:154} INFO - [2023-12-01T17:54:19.429+0000] {dagbag.py:536} INFO - Filling up the DagBag from /home/airflow/.local/lib/python3.8/site-packages/airflow/example_dags/example_short_circuit_decorator.py
[2023-12-01T17:54:19.435+0000] {processor.py:839} INFO - DAG(s) dict_keys(['example_short_circuit_decorator']) retrieved from /home/airflow/.local/lib/python3.8/site-packages/airflow/example_dags/example_short_circuit_decorator.py
[2023-12-01T17:54:19.443+0000] {logging_mixin.py:154} INFO - [2023-12-01T17:54:19.442+0000] {dag.py:2941} INFO - Sync 1 DAGs
[2023-12-01T17:54:19.460+0000] {logging_mixin.py:154} INFO - [2023-12-01T17:54:19.460+0000] {dag.py:3722} INFO - Setting next_dagrun for example_short_circuit_decorator to 2023-11-30T17:54:19.459971+00:00, run_after=2023-12-01T17:54:19.459971+00:00
[2023-12-01T17:54:19.473+0000] {processor.py:179} INFO - Processing /home/airflow/.local/lib/python3.8/site-packages/airflow/example_dags/example_short_circuit_decorator.py took 0.048 seconds
[2023-12-01T17:54:50.013+0000] {processor.py:157} INFO - Started process (PID=183) to work on /home/airflow/.local/lib/python3.8/site-packages/airflow/example_dags/example_short_circuit_decorator.py
[2023-12-01T17:54:50.013+0000] {processor.py:829} INFO - Processing file /home/airflow/.local/lib/python3.8/site-packages/airflow/example_dags/example_short_circuit_decorator.py for tasks to queue
[2023-12-01T17:54:50.015+0000] {logging_mixin.py:154} INFO - [2023-12-01T17:54:50.015+0000] {dagbag.py:536} INFO - Filling up the DagBag from /home/airflow/.local/lib/python3.8/site-packages/airflow/example_dags/example_short_circuit_decorator.py
[2023-12-01T17:54:50.021+0000] {processor.py:839} INFO - DAG(s) dict_keys(['example_short_circuit_decorator']) retrieved from /home/airflow/.local/lib/python3.8/site-packages/airflow/example_dags/example_short_circuit_decorator.py
[2023-12-01T17:54:50.036+0000] {logging_mixin.py:154} INFO - [2023-12-01T17:54:50.036+0000] {dag.py:2941} INFO - Sync 1 DAGs
[2023-12-01T17:54:50.050+0000] {logging_mixin.py:154} INFO - [2023-12-01T17:54:50.050+0000] {dag.py:3722} INFO - Setting next_dagrun for example_short_circuit_decorator to 2023-11-30T17:54:50.049961+00:00, run_after=2023-12-01T17:54:50.049961+00:00
[2023-12-01T17:54:50.061+0000] {processor.py:179} INFO - Processing /home/airflow/.local/lib/python3.8/site-packages/airflow/example_dags/example_short_circuit_decorator.py took 0.050 seconds
[2023-12-01T17:55:21.016+0000] {processor.py:157} INFO - Started process (PID=273) to work on /home/airflow/.local/lib/python3.8/site-packages/airflow/example_dags/example_short_circuit_decorator.py
[2023-12-01T17:55:21.017+0000] {processor.py:829} INFO - Processing file /home/airflow/.local/lib/python3.8/site-packages/airflow/example_dags/example_short_circuit_decorator.py for tasks to queue
[2023-12-01T17:55:21.018+0000] {logging_mixin.py:154} INFO - [2023-12-01T17:55:21.018+0000] {dagbag.py:536} INFO - Filling up the DagBag from /home/airflow/.local/lib/python3.8/site-packages/airflow/example_dags/example_short_circuit_decorator.py
[2023-12-01T17:55:21.024+0000] {processor.py:839} INFO - DAG(s) dict_keys(['example_short_circuit_decorator']) retrieved from /home/airflow/.local/lib/python3.8/site-packages/airflow/example_dags/example_short_circuit_decorator.py
[2023-12-01T17:55:21.038+0000] {logging_mixin.py:154} INFO - [2023-12-01T17:55:21.038+0000] {dag.py:2941} INFO - Sync 1 DAGs
[2023-12-01T17:55:21.051+0000] {logging_mixin.py:154} INFO - [2023-12-01T17:55:21.051+0000] {dag.py:3722} INFO - Setting next_dagrun for example_short_circuit_decorator to 2023-11-30T17:55:21.051313+00:00, run_after=2023-12-01T17:55:21.051313+00:00
[2023-12-01T17:55:21.063+0000] {processor.py:179} INFO - Processing /home/airflow/.local/lib/python3.8/site-packages/airflow/example_dags/example_short_circuit_decorator.py took 0.048 seconds
[2023-12-01T17:55:51.701+0000] {processor.py:157} INFO - Started process (PID=363) to work on /home/airflow/.local/lib/python3.8/site-packages/airflow/example_dags/example_short_circuit_decorator.py
[2023-12-01T17:55:51.701+0000] {processor.py:829} INFO - Processing file /home/airflow/.local/lib/python3.8/site-packages/airflow/example_dags/example_short_circuit_decorator.py for tasks to queue
[2023-12-01T17:55:51.703+0000] {logging_mixin.py:154} INFO - [2023-12-01T17:55:51.702+0000] {dagbag.py:536} INFO - Filling up the DagBag from /home/airflow/.local/lib/python3.8/site-packages/airflow/example_dags/example_short_circuit_decorator.py
[2023-12-01T17:55:51.708+0000] {processor.py:839} INFO - DAG(s) dict_keys(['example_short_circuit_decorator']) retrieved from /home/airflow/.local/lib/python3.8/site-packages/airflow/example_dags/example_short_circuit_decorator.py
[2023-12-01T17:55:51.723+0000] {logging_mixin.py:154} INFO - [2023-12-01T17:55:51.723+0000] {dag.py:2941} INFO - Sync 1 DAGs
[2023-12-01T17:55:51.737+0000] {logging_mixin.py:154} INFO - [2023-12-01T17:55:51.737+0000] {dag.py:3722} INFO - Setting next_dagrun for example_short_circuit_decorator to 2023-11-30T17:55:51.736890+00:00, run_after=2023-12-01T17:55:51.736890+00:00
[2023-12-01T17:55:51.748+0000] {processor.py:179} INFO - Processing /home/airflow/.local/lib/python3.8/site-packages/airflow/example_dags/example_short_circuit_decorator.py took 0.049 seconds
[2023-12-01T17:56:22.690+0000] {processor.py:157} INFO - Started process (PID=453) to work on /home/airflow/.local/lib/python3.8/site-packages/airflow/example_dags/example_short_circuit_decorator.py
[2023-12-01T17:56:22.691+0000] {processor.py:829} INFO - Processing file /home/airflow/.local/lib/python3.8/site-packages/airflow/example_dags/example_short_circuit_decorator.py for tasks to queue
[2023-12-01T17:56:22.693+0000] {logging_mixin.py:154} INFO - [2023-12-01T17:56:22.693+0000] {dagbag.py:536} INFO - Filling up the DagBag from /home/airflow/.local/lib/python3.8/site-packages/airflow/example_dags/example_short_circuit_decorator.py
[2023-12-01T17:56:22.700+0000] {processor.py:839} INFO - DAG(s) dict_keys(['example_short_circuit_decorator']) retrieved from /home/airflow/.local/lib/python3.8/site-packages/airflow/example_dags/example_short_circuit_decorator.py
[2023-12-01T17:56:22.715+0000] {logging_mixin.py:154} INFO - [2023-12-01T17:56:22.715+0000] {dag.py:2941} INFO - Sync 1 DAGs
[2023-12-01T17:56:22.731+0000] {logging_mixin.py:154} INFO - [2023-12-01T17:56:22.731+0000] {dag.py:3722} INFO - Setting next_dagrun for example_short_circuit_decorator to 2023-11-30T17:56:22.730882+00:00, run_after=2023-12-01T17:56:22.730882+00:00
[2023-12-01T17:56:22.742+0000] {processor.py:179} INFO - Processing /home/airflow/.local/lib/python3.8/site-packages/airflow/example_dags/example_short_circuit_decorator.py took 0.054 seconds
[2023-12-01T17:56:53.258+0000] {processor.py:157} INFO - Started process (PID=543) to work on /home/airflow/.local/lib/python3.8/site-packages/airflow/example_dags/example_short_circuit_decorator.py
[2023-12-01T17:56:53.258+0000] {processor.py:829} INFO - Processing file /home/airflow/.local/lib/python3.8/site-packages/airflow/example_dags/example_short_circuit_decorator.py for tasks to queue
[2023-12-01T17:56:53.259+0000] {logging_mixin.py:154} INFO - [2023-12-01T17:56:53.259+0000] {dagbag.py:536} INFO - Filling up the DagBag from /home/airflow/.local/lib/python3.8/site-packages/airflow/example_dags/example_short_circuit_decorator.py
[2023-12-01T17:56:53.265+0000] {processor.py:839} INFO - DAG(s) dict_keys(['example_short_circuit_decorator']) retrieved from /home/airflow/.local/lib/python3.8/site-packages/airflow/example_dags/example_short_circuit_decorator.py
[2023-12-01T17:56:53.279+0000] {logging_mixin.py:154} INFO - [2023-12-01T17:56:53.279+0000] {dag.py:2941} INFO - Sync 1 DAGs
[2023-12-01T17:56:53.293+0000] {logging_mixin.py:154} INFO - [2023-12-01T17:56:53.293+0000] {dag.py:3722} INFO - Setting next_dagrun for example_short_circuit_decorator to 2023-11-30T17:56:53.293047+00:00, run_after=2023-12-01T17:56:53.293047+00:00
[2023-12-01T17:56:53.305+0000] {processor.py:179} INFO - Processing /home/airflow/.local/lib/python3.8/site-packages/airflow/example_dags/example_short_circuit_decorator.py took 0.049 seconds
[2023-12-01T17:57:54.874+0000] {processor.py:157} INFO - Started process (PID=93) to work on /home/airflow/.local/lib/python3.8/site-packages/airflow/example_dags/example_short_circuit_decorator.py
[2023-12-01T17:57:54.875+0000] {processor.py:829} INFO - Processing file /home/airflow/.local/lib/python3.8/site-packages/airflow/example_dags/example_short_circuit_decorator.py for tasks to queue
[2023-12-01T17:57:54.876+0000] {logging_mixin.py:154} INFO - [2023-12-01T17:57:54.876+0000] {dagbag.py:536} INFO - Filling up the DagBag from /home/airflow/.local/lib/python3.8/site-packages/airflow/example_dags/example_short_circuit_decorator.py
[2023-12-01T17:57:54.883+0000] {processor.py:839} INFO - DAG(s) dict_keys(['example_short_circuit_decorator']) retrieved from /home/airflow/.local/lib/python3.8/site-packages/airflow/example_dags/example_short_circuit_decorator.py
[2023-12-01T17:57:54.890+0000] {logging_mixin.py:154} INFO - [2023-12-01T17:57:54.890+0000] {dag.py:2941} INFO - Sync 1 DAGs
[2023-12-01T17:57:54.908+0000] {logging_mixin.py:154} INFO - [2023-12-01T17:57:54.908+0000] {dag.py:3722} INFO - Setting next_dagrun for example_short_circuit_decorator to 2023-11-30T17:57:54.908011+00:00, run_after=2023-12-01T17:57:54.908011+00:00
[2023-12-01T17:57:54.921+0000] {processor.py:179} INFO - Processing /home/airflow/.local/lib/python3.8/site-packages/airflow/example_dags/example_short_circuit_decorator.py took 0.049 seconds
[2023-12-01T17:58:25.534+0000] {processor.py:157} INFO - Started process (PID=183) to work on /home/airflow/.local/lib/python3.8/site-packages/airflow/example_dags/example_short_circuit_decorator.py
[2023-12-01T17:58:25.535+0000] {processor.py:829} INFO - Processing file /home/airflow/.local/lib/python3.8/site-packages/airflow/example_dags/example_short_circuit_decorator.py for tasks to queue
[2023-12-01T17:58:25.536+0000] {logging_mixin.py:154} INFO - [2023-12-01T17:58:25.536+0000] {dagbag.py:536} INFO - Filling up the DagBag from /home/airflow/.local/lib/python3.8/site-packages/airflow/example_dags/example_short_circuit_decorator.py
[2023-12-01T17:58:25.541+0000] {processor.py:839} INFO - DAG(s) dict_keys(['example_short_circuit_decorator']) retrieved from /home/airflow/.local/lib/python3.8/site-packages/airflow/example_dags/example_short_circuit_decorator.py
[2023-12-01T17:58:25.556+0000] {logging_mixin.py:154} INFO - [2023-12-01T17:58:25.556+0000] {dag.py:2941} INFO - Sync 1 DAGs
[2023-12-01T17:58:25.570+0000] {logging_mixin.py:154} INFO - [2023-12-01T17:58:25.569+0000] {dag.py:3722} INFO - Setting next_dagrun for example_short_circuit_decorator to 2023-11-30T17:58:25.569816+00:00, run_after=2023-12-01T17:58:25.569816+00:00
[2023-12-01T17:58:25.581+0000] {processor.py:179} INFO - Processing /home/airflow/.local/lib/python3.8/site-packages/airflow/example_dags/example_short_circuit_decorator.py took 0.049 seconds
[2023-12-01T17:58:56.258+0000] {processor.py:157} INFO - Started process (PID=273) to work on /home/airflow/.local/lib/python3.8/site-packages/airflow/example_dags/example_short_circuit_decorator.py
[2023-12-01T17:58:56.258+0000] {processor.py:829} INFO - Processing file /home/airflow/.local/lib/python3.8/site-packages/airflow/example_dags/example_short_circuit_decorator.py for tasks to queue
[2023-12-01T17:58:56.260+0000] {logging_mixin.py:154} INFO - [2023-12-01T17:58:56.259+0000] {dagbag.py:536} INFO - Filling up the DagBag from /home/airflow/.local/lib/python3.8/site-packages/airflow/example_dags/example_short_circuit_decorator.py
[2023-12-01T17:58:56.265+0000] {processor.py:839} INFO - DAG(s) dict_keys(['example_short_circuit_decorator']) retrieved from /home/airflow/.local/lib/python3.8/site-packages/airflow/example_dags/example_short_circuit_decorator.py
[2023-12-01T17:58:56.280+0000] {logging_mixin.py:154} INFO - [2023-12-01T17:58:56.280+0000] {dag.py:2941} INFO - Sync 1 DAGs
[2023-12-01T17:58:56.295+0000] {logging_mixin.py:154} INFO - [2023-12-01T17:58:56.294+0000] {dag.py:3722} INFO - Setting next_dagrun for example_short_circuit_decorator to 2023-11-30T17:58:56.294710+00:00, run_after=2023-12-01T17:58:56.294710+00:00
[2023-12-01T17:58:56.307+0000] {processor.py:179} INFO - Processing /home/airflow/.local/lib/python3.8/site-packages/airflow/example_dags/example_short_circuit_decorator.py took 0.051 seconds
[2023-12-01T17:59:26.977+0000] {processor.py:157} INFO - Started process (PID=363) to work on /home/airflow/.local/lib/python3.8/site-packages/airflow/example_dags/example_short_circuit_decorator.py
[2023-12-01T17:59:26.978+0000] {processor.py:829} INFO - Processing file /home/airflow/.local/lib/python3.8/site-packages/airflow/example_dags/example_short_circuit_decorator.py for tasks to queue
[2023-12-01T17:59:26.979+0000] {logging_mixin.py:154} INFO - [2023-12-01T17:59:26.979+0000] {dagbag.py:536} INFO - Filling up the DagBag from /home/airflow/.local/lib/python3.8/site-packages/airflow/example_dags/example_short_circuit_decorator.py
[2023-12-01T17:59:26.985+0000] {processor.py:839} INFO - DAG(s) dict_keys(['example_short_circuit_decorator']) retrieved from /home/airflow/.local/lib/python3.8/site-packages/airflow/example_dags/example_short_circuit_decorator.py
[2023-12-01T17:59:26.999+0000] {logging_mixin.py:154} INFO - [2023-12-01T17:59:26.999+0000] {dag.py:2941} INFO - Sync 1 DAGs
[2023-12-01T17:59:27.013+0000] {logging_mixin.py:154} INFO - [2023-12-01T17:59:27.013+0000] {dag.py:3722} INFO - Setting next_dagrun for example_short_circuit_decorator to 2023-11-30T17:59:27.013204+00:00, run_after=2023-12-01T17:59:27.013204+00:00
[2023-12-01T17:59:27.025+0000] {processor.py:179} INFO - Processing /home/airflow/.local/lib/python3.8/site-packages/airflow/example_dags/example_short_circuit_decorator.py took 0.049 seconds
