[2023-12-01T17:41:51.916+0000] {processor.py:157} INFO - Started process (PID=98) to work on /home/airflow/.local/lib/python3.8/site-packages/airflow/example_dags/example_skip_dag.py
[2023-12-01T17:41:51.917+0000] {processor.py:829} INFO - Processing file /home/airflow/.local/lib/python3.8/site-packages/airflow/example_dags/example_skip_dag.py for tasks to queue
[2023-12-01T17:41:51.918+0000] {logging_mixin.py:154} INFO - [2023-12-01T17:41:51.918+0000] {dagbag.py:536} INFO - Filling up the DagBag from /home/airflow/.local/lib/python3.8/site-packages/airflow/example_dags/example_skip_dag.py
[2023-12-01T17:41:51.923+0000] {processor.py:839} INFO - DAG(s) dict_keys(['example_skip_dag']) retrieved from /home/airflow/.local/lib/python3.8/site-packages/airflow/example_dags/example_skip_dag.py
[2023-12-01T17:41:51.930+0000] {logging_mixin.py:154} INFO - [2023-12-01T17:41:51.930+0000] {dag.py:2941} INFO - Sync 1 DAGs
[2023-12-01T17:41:51.948+0000] {logging_mixin.py:154} INFO - [2023-12-01T17:41:51.947+0000] {dag.py:3722} INFO - Setting next_dagrun for example_skip_dag to 2023-11-30T17:41:51.947545+00:00, run_after=2023-12-01T17:41:51.947545+00:00
[2023-12-01T17:41:51.970+0000] {processor.py:179} INFO - Processing /home/airflow/.local/lib/python3.8/site-packages/airflow/example_dags/example_skip_dag.py took 0.055 seconds
[2023-12-01T17:42:22.710+0000] {processor.py:157} INFO - Started process (PID=188) to work on /home/airflow/.local/lib/python3.8/site-packages/airflow/example_dags/example_skip_dag.py
[2023-12-01T17:42:22.711+0000] {processor.py:829} INFO - Processing file /home/airflow/.local/lib/python3.8/site-packages/airflow/example_dags/example_skip_dag.py for tasks to queue
[2023-12-01T17:42:22.712+0000] {logging_mixin.py:154} INFO - [2023-12-01T17:42:22.712+0000] {dagbag.py:536} INFO - Filling up the DagBag from /home/airflow/.local/lib/python3.8/site-packages/airflow/example_dags/example_skip_dag.py
[2023-12-01T17:42:22.716+0000] {processor.py:839} INFO - DAG(s) dict_keys(['example_skip_dag']) retrieved from /home/airflow/.local/lib/python3.8/site-packages/airflow/example_dags/example_skip_dag.py
[2023-12-01T17:42:22.729+0000] {logging_mixin.py:154} INFO - [2023-12-01T17:42:22.729+0000] {dag.py:2941} INFO - Sync 1 DAGs
[2023-12-01T17:42:22.744+0000] {logging_mixin.py:154} INFO - [2023-12-01T17:42:22.744+0000] {dag.py:3722} INFO - Setting next_dagrun for example_skip_dag to 2023-11-30T17:42:22.744049+00:00, run_after=2023-12-01T17:42:22.744049+00:00
[2023-12-01T17:42:22.756+0000] {processor.py:179} INFO - Processing /home/airflow/.local/lib/python3.8/site-packages/airflow/example_dags/example_skip_dag.py took 0.047 seconds
[2023-12-01T17:42:53.275+0000] {processor.py:157} INFO - Started process (PID=278) to work on /home/airflow/.local/lib/python3.8/site-packages/airflow/example_dags/example_skip_dag.py
[2023-12-01T17:42:53.276+0000] {processor.py:829} INFO - Processing file /home/airflow/.local/lib/python3.8/site-packages/airflow/example_dags/example_skip_dag.py for tasks to queue
[2023-12-01T17:42:53.278+0000] {logging_mixin.py:154} INFO - [2023-12-01T17:42:53.277+0000] {dagbag.py:536} INFO - Filling up the DagBag from /home/airflow/.local/lib/python3.8/site-packages/airflow/example_dags/example_skip_dag.py
[2023-12-01T17:42:53.281+0000] {processor.py:839} INFO - DAG(s) dict_keys(['example_skip_dag']) retrieved from /home/airflow/.local/lib/python3.8/site-packages/airflow/example_dags/example_skip_dag.py
[2023-12-01T17:42:53.294+0000] {logging_mixin.py:154} INFO - [2023-12-01T17:42:53.294+0000] {dag.py:2941} INFO - Sync 1 DAGs
[2023-12-01T17:42:53.308+0000] {logging_mixin.py:154} INFO - [2023-12-01T17:42:53.308+0000] {dag.py:3722} INFO - Setting next_dagrun for example_skip_dag to 2023-11-30T17:42:53.308529+00:00, run_after=2023-12-01T17:42:53.308529+00:00
[2023-12-01T17:42:53.320+0000] {processor.py:179} INFO - Processing /home/airflow/.local/lib/python3.8/site-packages/airflow/example_dags/example_skip_dag.py took 0.046 seconds
[2023-12-01T17:43:24.201+0000] {processor.py:157} INFO - Started process (PID=368) to work on /home/airflow/.local/lib/python3.8/site-packages/airflow/example_dags/example_skip_dag.py
[2023-12-01T17:43:24.202+0000] {processor.py:829} INFO - Processing file /home/airflow/.local/lib/python3.8/site-packages/airflow/example_dags/example_skip_dag.py for tasks to queue
[2023-12-01T17:43:24.203+0000] {logging_mixin.py:154} INFO - [2023-12-01T17:43:24.203+0000] {dagbag.py:536} INFO - Filling up the DagBag from /home/airflow/.local/lib/python3.8/site-packages/airflow/example_dags/example_skip_dag.py
[2023-12-01T17:43:24.207+0000] {processor.py:839} INFO - DAG(s) dict_keys(['example_skip_dag']) retrieved from /home/airflow/.local/lib/python3.8/site-packages/airflow/example_dags/example_skip_dag.py
[2023-12-01T17:43:24.220+0000] {logging_mixin.py:154} INFO - [2023-12-01T17:43:24.220+0000] {dag.py:2941} INFO - Sync 1 DAGs
[2023-12-01T17:43:24.233+0000] {logging_mixin.py:154} INFO - [2023-12-01T17:43:24.233+0000] {dag.py:3722} INFO - Setting next_dagrun for example_skip_dag to 2023-11-30T17:43:24.233748+00:00, run_after=2023-12-01T17:43:24.233748+00:00
[2023-12-01T17:43:24.245+0000] {processor.py:179} INFO - Processing /home/airflow/.local/lib/python3.8/site-packages/airflow/example_dags/example_skip_dag.py took 0.045 seconds
[2023-12-01T17:43:55.466+0000] {processor.py:157} INFO - Started process (PID=458) to work on /home/airflow/.local/lib/python3.8/site-packages/airflow/example_dags/example_skip_dag.py
[2023-12-01T17:43:55.467+0000] {processor.py:829} INFO - Processing file /home/airflow/.local/lib/python3.8/site-packages/airflow/example_dags/example_skip_dag.py for tasks to queue
[2023-12-01T17:43:55.469+0000] {logging_mixin.py:154} INFO - [2023-12-01T17:43:55.468+0000] {dagbag.py:536} INFO - Filling up the DagBag from /home/airflow/.local/lib/python3.8/site-packages/airflow/example_dags/example_skip_dag.py
[2023-12-01T17:43:55.475+0000] {processor.py:839} INFO - DAG(s) dict_keys(['example_skip_dag']) retrieved from /home/airflow/.local/lib/python3.8/site-packages/airflow/example_dags/example_skip_dag.py
[2023-12-01T17:43:55.496+0000] {logging_mixin.py:154} INFO - [2023-12-01T17:43:55.495+0000] {dag.py:2941} INFO - Sync 1 DAGs
[2023-12-01T17:43:55.518+0000] {logging_mixin.py:154} INFO - [2023-12-01T17:43:55.518+0000] {dag.py:3722} INFO - Setting next_dagrun for example_skip_dag to 2023-11-30T17:43:55.517960+00:00, run_after=2023-12-01T17:43:55.517960+00:00
[2023-12-01T17:43:55.534+0000] {processor.py:179} INFO - Processing /home/airflow/.local/lib/python3.8/site-packages/airflow/example_dags/example_skip_dag.py took 0.071 seconds
[2023-12-01T17:44:26.316+0000] {processor.py:157} INFO - Started process (PID=548) to work on /home/airflow/.local/lib/python3.8/site-packages/airflow/example_dags/example_skip_dag.py
[2023-12-01T17:44:26.316+0000] {processor.py:829} INFO - Processing file /home/airflow/.local/lib/python3.8/site-packages/airflow/example_dags/example_skip_dag.py for tasks to queue
[2023-12-01T17:44:26.318+0000] {logging_mixin.py:154} INFO - [2023-12-01T17:44:26.318+0000] {dagbag.py:536} INFO - Filling up the DagBag from /home/airflow/.local/lib/python3.8/site-packages/airflow/example_dags/example_skip_dag.py
[2023-12-01T17:44:26.322+0000] {processor.py:839} INFO - DAG(s) dict_keys(['example_skip_dag']) retrieved from /home/airflow/.local/lib/python3.8/site-packages/airflow/example_dags/example_skip_dag.py
[2023-12-01T17:44:26.336+0000] {logging_mixin.py:154} INFO - [2023-12-01T17:44:26.336+0000] {dag.py:2941} INFO - Sync 1 DAGs
[2023-12-01T17:44:26.351+0000] {logging_mixin.py:154} INFO - [2023-12-01T17:44:26.351+0000] {dag.py:3722} INFO - Setting next_dagrun for example_skip_dag to 2023-11-30T17:44:26.350997+00:00, run_after=2023-12-01T17:44:26.350997+00:00
[2023-12-01T17:44:26.362+0000] {processor.py:179} INFO - Processing /home/airflow/.local/lib/python3.8/site-packages/airflow/example_dags/example_skip_dag.py took 0.048 seconds
[2023-12-01T17:45:23.371+0000] {processor.py:157} INFO - Started process (PID=98) to work on /home/airflow/.local/lib/python3.8/site-packages/airflow/example_dags/example_skip_dag.py
[2023-12-01T17:45:23.372+0000] {processor.py:829} INFO - Processing file /home/airflow/.local/lib/python3.8/site-packages/airflow/example_dags/example_skip_dag.py for tasks to queue
[2023-12-01T17:45:23.373+0000] {logging_mixin.py:154} INFO - [2023-12-01T17:45:23.373+0000] {dagbag.py:536} INFO - Filling up the DagBag from /home/airflow/.local/lib/python3.8/site-packages/airflow/example_dags/example_skip_dag.py
[2023-12-01T17:45:23.378+0000] {processor.py:839} INFO - DAG(s) dict_keys(['example_skip_dag']) retrieved from /home/airflow/.local/lib/python3.8/site-packages/airflow/example_dags/example_skip_dag.py
[2023-12-01T17:45:23.387+0000] {logging_mixin.py:154} INFO - [2023-12-01T17:45:23.387+0000] {dag.py:2941} INFO - Sync 1 DAGs
[2023-12-01T17:45:23.403+0000] {logging_mixin.py:154} INFO - [2023-12-01T17:45:23.403+0000] {dag.py:3722} INFO - Setting next_dagrun for example_skip_dag to 2023-11-30T17:45:23.403323+00:00, run_after=2023-12-01T17:45:23.403323+00:00
[2023-12-01T17:45:23.416+0000] {processor.py:179} INFO - Processing /home/airflow/.local/lib/python3.8/site-packages/airflow/example_dags/example_skip_dag.py took 0.046 seconds
[2023-12-01T17:45:54.279+0000] {processor.py:157} INFO - Started process (PID=188) to work on /home/airflow/.local/lib/python3.8/site-packages/airflow/example_dags/example_skip_dag.py
[2023-12-01T17:45:54.279+0000] {processor.py:829} INFO - Processing file /home/airflow/.local/lib/python3.8/site-packages/airflow/example_dags/example_skip_dag.py for tasks to queue
[2023-12-01T17:45:54.281+0000] {logging_mixin.py:154} INFO - [2023-12-01T17:45:54.281+0000] {dagbag.py:536} INFO - Filling up the DagBag from /home/airflow/.local/lib/python3.8/site-packages/airflow/example_dags/example_skip_dag.py
[2023-12-01T17:45:54.284+0000] {processor.py:839} INFO - DAG(s) dict_keys(['example_skip_dag']) retrieved from /home/airflow/.local/lib/python3.8/site-packages/airflow/example_dags/example_skip_dag.py
[2023-12-01T17:45:54.299+0000] {logging_mixin.py:154} INFO - [2023-12-01T17:45:54.298+0000] {dag.py:2941} INFO - Sync 1 DAGs
[2023-12-01T17:45:54.314+0000] {logging_mixin.py:154} INFO - [2023-12-01T17:45:54.314+0000] {dag.py:3722} INFO - Setting next_dagrun for example_skip_dag to 2023-11-30T17:45:54.314216+00:00, run_after=2023-12-01T17:45:54.314216+00:00
[2023-12-01T17:45:54.325+0000] {processor.py:179} INFO - Processing /home/airflow/.local/lib/python3.8/site-packages/airflow/example_dags/example_skip_dag.py took 0.048 seconds
[2023-12-01T17:46:25.405+0000] {processor.py:157} INFO - Started process (PID=278) to work on /home/airflow/.local/lib/python3.8/site-packages/airflow/example_dags/example_skip_dag.py
[2023-12-01T17:46:25.406+0000] {processor.py:829} INFO - Processing file /home/airflow/.local/lib/python3.8/site-packages/airflow/example_dags/example_skip_dag.py for tasks to queue
[2023-12-01T17:46:25.407+0000] {logging_mixin.py:154} INFO - [2023-12-01T17:46:25.407+0000] {dagbag.py:536} INFO - Filling up the DagBag from /home/airflow/.local/lib/python3.8/site-packages/airflow/example_dags/example_skip_dag.py
[2023-12-01T17:46:25.411+0000] {processor.py:839} INFO - DAG(s) dict_keys(['example_skip_dag']) retrieved from /home/airflow/.local/lib/python3.8/site-packages/airflow/example_dags/example_skip_dag.py
[2023-12-01T17:46:25.426+0000] {logging_mixin.py:154} INFO - [2023-12-01T17:46:25.426+0000] {dag.py:2941} INFO - Sync 1 DAGs
[2023-12-01T17:46:25.442+0000] {logging_mixin.py:154} INFO - [2023-12-01T17:46:25.442+0000] {dag.py:3722} INFO - Setting next_dagrun for example_skip_dag to 2023-11-30T17:46:25.442417+00:00, run_after=2023-12-01T17:46:25.442417+00:00
[2023-12-01T17:46:25.455+0000] {processor.py:179} INFO - Processing /home/airflow/.local/lib/python3.8/site-packages/airflow/example_dags/example_skip_dag.py took 0.052 seconds
[2023-12-01T17:46:56.285+0000] {processor.py:157} INFO - Started process (PID=368) to work on /home/airflow/.local/lib/python3.8/site-packages/airflow/example_dags/example_skip_dag.py
[2023-12-01T17:46:56.286+0000] {processor.py:829} INFO - Processing file /home/airflow/.local/lib/python3.8/site-packages/airflow/example_dags/example_skip_dag.py for tasks to queue
[2023-12-01T17:46:56.287+0000] {logging_mixin.py:154} INFO - [2023-12-01T17:46:56.287+0000] {dagbag.py:536} INFO - Filling up the DagBag from /home/airflow/.local/lib/python3.8/site-packages/airflow/example_dags/example_skip_dag.py
[2023-12-01T17:46:56.291+0000] {processor.py:839} INFO - DAG(s) dict_keys(['example_skip_dag']) retrieved from /home/airflow/.local/lib/python3.8/site-packages/airflow/example_dags/example_skip_dag.py
[2023-12-01T17:46:56.304+0000] {logging_mixin.py:154} INFO - [2023-12-01T17:46:56.304+0000] {dag.py:2941} INFO - Sync 1 DAGs
[2023-12-01T17:46:56.318+0000] {logging_mixin.py:154} INFO - [2023-12-01T17:46:56.318+0000] {dag.py:3722} INFO - Setting next_dagrun for example_skip_dag to 2023-11-30T17:46:56.318533+00:00, run_after=2023-12-01T17:46:56.318533+00:00
[2023-12-01T17:46:56.330+0000] {processor.py:179} INFO - Processing /home/airflow/.local/lib/python3.8/site-packages/airflow/example_dags/example_skip_dag.py took 0.046 seconds
[2023-12-01T17:47:54.568+0000] {processor.py:157} INFO - Started process (PID=98) to work on /home/airflow/.local/lib/python3.8/site-packages/airflow/example_dags/example_skip_dag.py
[2023-12-01T17:47:54.569+0000] {processor.py:829} INFO - Processing file /home/airflow/.local/lib/python3.8/site-packages/airflow/example_dags/example_skip_dag.py for tasks to queue
[2023-12-01T17:47:54.570+0000] {logging_mixin.py:154} INFO - [2023-12-01T17:47:54.570+0000] {dagbag.py:536} INFO - Filling up the DagBag from /home/airflow/.local/lib/python3.8/site-packages/airflow/example_dags/example_skip_dag.py
[2023-12-01T17:47:54.575+0000] {processor.py:839} INFO - DAG(s) dict_keys(['example_skip_dag']) retrieved from /home/airflow/.local/lib/python3.8/site-packages/airflow/example_dags/example_skip_dag.py
[2023-12-01T17:47:54.583+0000] {logging_mixin.py:154} INFO - [2023-12-01T17:47:54.583+0000] {dag.py:2941} INFO - Sync 1 DAGs
[2023-12-01T17:47:54.599+0000] {logging_mixin.py:154} INFO - [2023-12-01T17:47:54.599+0000] {dag.py:3722} INFO - Setting next_dagrun for example_skip_dag to 2023-11-30T17:47:54.599506+00:00, run_after=2023-12-01T17:47:54.599506+00:00
[2023-12-01T17:47:54.612+0000] {processor.py:179} INFO - Processing /home/airflow/.local/lib/python3.8/site-packages/airflow/example_dags/example_skip_dag.py took 0.045 seconds
[2023-12-01T17:48:26.245+0000] {processor.py:157} INFO - Started process (PID=188) to work on /home/airflow/.local/lib/python3.8/site-packages/airflow/example_dags/example_skip_dag.py
[2023-12-01T17:48:26.246+0000] {processor.py:829} INFO - Processing file /home/airflow/.local/lib/python3.8/site-packages/airflow/example_dags/example_skip_dag.py for tasks to queue
[2023-12-01T17:48:26.247+0000] {logging_mixin.py:154} INFO - [2023-12-01T17:48:26.247+0000] {dagbag.py:536} INFO - Filling up the DagBag from /home/airflow/.local/lib/python3.8/site-packages/airflow/example_dags/example_skip_dag.py
[2023-12-01T17:48:26.251+0000] {processor.py:839} INFO - DAG(s) dict_keys(['example_skip_dag']) retrieved from /home/airflow/.local/lib/python3.8/site-packages/airflow/example_dags/example_skip_dag.py
[2023-12-01T17:48:26.265+0000] {logging_mixin.py:154} INFO - [2023-12-01T17:48:26.265+0000] {dag.py:2941} INFO - Sync 1 DAGs
[2023-12-01T17:48:26.280+0000] {logging_mixin.py:154} INFO - [2023-12-01T17:48:26.280+0000] {dag.py:3722} INFO - Setting next_dagrun for example_skip_dag to 2023-11-30T17:48:26.280443+00:00, run_after=2023-12-01T17:48:26.280443+00:00
[2023-12-01T17:48:26.292+0000] {processor.py:179} INFO - Processing /home/airflow/.local/lib/python3.8/site-packages/airflow/example_dags/example_skip_dag.py took 0.049 seconds
[2023-12-01T17:48:56.378+0000] {processor.py:157} INFO - Started process (PID=278) to work on /home/airflow/.local/lib/python3.8/site-packages/airflow/example_dags/example_skip_dag.py
[2023-12-01T17:48:56.378+0000] {processor.py:829} INFO - Processing file /home/airflow/.local/lib/python3.8/site-packages/airflow/example_dags/example_skip_dag.py for tasks to queue
[2023-12-01T17:48:56.380+0000] {logging_mixin.py:154} INFO - [2023-12-01T17:48:56.380+0000] {dagbag.py:536} INFO - Filling up the DagBag from /home/airflow/.local/lib/python3.8/site-packages/airflow/example_dags/example_skip_dag.py
[2023-12-01T17:48:56.384+0000] {processor.py:839} INFO - DAG(s) dict_keys(['example_skip_dag']) retrieved from /home/airflow/.local/lib/python3.8/site-packages/airflow/example_dags/example_skip_dag.py
[2023-12-01T17:48:56.397+0000] {logging_mixin.py:154} INFO - [2023-12-01T17:48:56.397+0000] {dag.py:2941} INFO - Sync 1 DAGs
[2023-12-01T17:48:56.411+0000] {logging_mixin.py:154} INFO - [2023-12-01T17:48:56.411+0000] {dag.py:3722} INFO - Setting next_dagrun for example_skip_dag to 2023-11-30T17:48:56.411281+00:00, run_after=2023-12-01T17:48:56.411281+00:00
[2023-12-01T17:48:56.423+0000] {processor.py:179} INFO - Processing /home/airflow/.local/lib/python3.8/site-packages/airflow/example_dags/example_skip_dag.py took 0.047 seconds
[2023-12-01T17:49:27.093+0000] {processor.py:157} INFO - Started process (PID=368) to work on /home/airflow/.local/lib/python3.8/site-packages/airflow/example_dags/example_skip_dag.py
[2023-12-01T17:49:27.093+0000] {processor.py:829} INFO - Processing file /home/airflow/.local/lib/python3.8/site-packages/airflow/example_dags/example_skip_dag.py for tasks to queue
[2023-12-01T17:49:27.095+0000] {logging_mixin.py:154} INFO - [2023-12-01T17:49:27.095+0000] {dagbag.py:536} INFO - Filling up the DagBag from /home/airflow/.local/lib/python3.8/site-packages/airflow/example_dags/example_skip_dag.py
[2023-12-01T17:49:27.099+0000] {processor.py:839} INFO - DAG(s) dict_keys(['example_skip_dag']) retrieved from /home/airflow/.local/lib/python3.8/site-packages/airflow/example_dags/example_skip_dag.py
[2023-12-01T17:49:27.112+0000] {logging_mixin.py:154} INFO - [2023-12-01T17:49:27.112+0000] {dag.py:2941} INFO - Sync 1 DAGs
[2023-12-01T17:49:27.127+0000] {logging_mixin.py:154} INFO - [2023-12-01T17:49:27.127+0000] {dag.py:3722} INFO - Setting next_dagrun for example_skip_dag to 2023-11-30T17:49:27.127243+00:00, run_after=2023-12-01T17:49:27.127243+00:00
[2023-12-01T17:49:27.138+0000] {processor.py:179} INFO - Processing /home/airflow/.local/lib/python3.8/site-packages/airflow/example_dags/example_skip_dag.py took 0.048 seconds
[2023-12-01T17:49:58.171+0000] {processor.py:157} INFO - Started process (PID=458) to work on /home/airflow/.local/lib/python3.8/site-packages/airflow/example_dags/example_skip_dag.py
[2023-12-01T17:49:58.172+0000] {processor.py:829} INFO - Processing file /home/airflow/.local/lib/python3.8/site-packages/airflow/example_dags/example_skip_dag.py for tasks to queue
[2023-12-01T17:49:58.173+0000] {logging_mixin.py:154} INFO - [2023-12-01T17:49:58.173+0000] {dagbag.py:536} INFO - Filling up the DagBag from /home/airflow/.local/lib/python3.8/site-packages/airflow/example_dags/example_skip_dag.py
[2023-12-01T17:49:58.177+0000] {processor.py:839} INFO - DAG(s) dict_keys(['example_skip_dag']) retrieved from /home/airflow/.local/lib/python3.8/site-packages/airflow/example_dags/example_skip_dag.py
[2023-12-01T17:49:58.191+0000] {logging_mixin.py:154} INFO - [2023-12-01T17:49:58.191+0000] {dag.py:2941} INFO - Sync 1 DAGs
[2023-12-01T17:49:58.206+0000] {logging_mixin.py:154} INFO - [2023-12-01T17:49:58.205+0000] {dag.py:3722} INFO - Setting next_dagrun for example_skip_dag to 2023-11-30T17:49:58.205784+00:00, run_after=2023-12-01T17:49:58.205784+00:00
[2023-12-01T17:49:58.217+0000] {processor.py:179} INFO - Processing /home/airflow/.local/lib/python3.8/site-packages/airflow/example_dags/example_skip_dag.py took 0.048 seconds
[2023-12-01T17:50:28.950+0000] {processor.py:157} INFO - Started process (PID=548) to work on /home/airflow/.local/lib/python3.8/site-packages/airflow/example_dags/example_skip_dag.py
[2023-12-01T17:50:28.950+0000] {processor.py:829} INFO - Processing file /home/airflow/.local/lib/python3.8/site-packages/airflow/example_dags/example_skip_dag.py for tasks to queue
[2023-12-01T17:50:28.952+0000] {logging_mixin.py:154} INFO - [2023-12-01T17:50:28.952+0000] {dagbag.py:536} INFO - Filling up the DagBag from /home/airflow/.local/lib/python3.8/site-packages/airflow/example_dags/example_skip_dag.py
[2023-12-01T17:50:28.956+0000] {processor.py:839} INFO - DAG(s) dict_keys(['example_skip_dag']) retrieved from /home/airflow/.local/lib/python3.8/site-packages/airflow/example_dags/example_skip_dag.py
[2023-12-01T17:50:28.969+0000] {logging_mixin.py:154} INFO - [2023-12-01T17:50:28.969+0000] {dag.py:2941} INFO - Sync 1 DAGs
[2023-12-01T17:50:28.983+0000] {logging_mixin.py:154} INFO - [2023-12-01T17:50:28.983+0000] {dag.py:3722} INFO - Setting next_dagrun for example_skip_dag to 2023-11-30T17:50:28.983411+00:00, run_after=2023-12-01T17:50:28.983411+00:00
[2023-12-01T17:50:28.994+0000] {processor.py:179} INFO - Processing /home/airflow/.local/lib/python3.8/site-packages/airflow/example_dags/example_skip_dag.py took 0.046 seconds
[2023-12-01T17:50:59.952+0000] {processor.py:157} INFO - Started process (PID=638) to work on /home/airflow/.local/lib/python3.8/site-packages/airflow/example_dags/example_skip_dag.py
[2023-12-01T17:50:59.953+0000] {processor.py:829} INFO - Processing file /home/airflow/.local/lib/python3.8/site-packages/airflow/example_dags/example_skip_dag.py for tasks to queue
[2023-12-01T17:50:59.955+0000] {logging_mixin.py:154} INFO - [2023-12-01T17:50:59.954+0000] {dagbag.py:536} INFO - Filling up the DagBag from /home/airflow/.local/lib/python3.8/site-packages/airflow/example_dags/example_skip_dag.py
[2023-12-01T17:50:59.958+0000] {processor.py:839} INFO - DAG(s) dict_keys(['example_skip_dag']) retrieved from /home/airflow/.local/lib/python3.8/site-packages/airflow/example_dags/example_skip_dag.py
[2023-12-01T17:50:59.972+0000] {logging_mixin.py:154} INFO - [2023-12-01T17:50:59.972+0000] {dag.py:2941} INFO - Sync 1 DAGs
[2023-12-01T17:50:59.987+0000] {logging_mixin.py:154} INFO - [2023-12-01T17:50:59.987+0000] {dag.py:3722} INFO - Setting next_dagrun for example_skip_dag to 2023-11-30T17:50:59.986904+00:00, run_after=2023-12-01T17:50:59.986904+00:00
[2023-12-01T17:50:59.998+0000] {processor.py:179} INFO - Processing /home/airflow/.local/lib/python3.8/site-packages/airflow/example_dags/example_skip_dag.py took 0.047 seconds
[2023-12-01T17:51:30.921+0000] {processor.py:157} INFO - Started process (PID=728) to work on /home/airflow/.local/lib/python3.8/site-packages/airflow/example_dags/example_skip_dag.py
[2023-12-01T17:51:30.922+0000] {processor.py:829} INFO - Processing file /home/airflow/.local/lib/python3.8/site-packages/airflow/example_dags/example_skip_dag.py for tasks to queue
[2023-12-01T17:51:30.924+0000] {logging_mixin.py:154} INFO - [2023-12-01T17:51:30.924+0000] {dagbag.py:536} INFO - Filling up the DagBag from /home/airflow/.local/lib/python3.8/site-packages/airflow/example_dags/example_skip_dag.py
[2023-12-01T17:51:30.928+0000] {processor.py:839} INFO - DAG(s) dict_keys(['example_skip_dag']) retrieved from /home/airflow/.local/lib/python3.8/site-packages/airflow/example_dags/example_skip_dag.py
[2023-12-01T17:51:30.942+0000] {logging_mixin.py:154} INFO - [2023-12-01T17:51:30.942+0000] {dag.py:2941} INFO - Sync 1 DAGs
[2023-12-01T17:51:30.957+0000] {logging_mixin.py:154} INFO - [2023-12-01T17:51:30.957+0000] {dag.py:3722} INFO - Setting next_dagrun for example_skip_dag to 2023-11-30T17:51:30.957365+00:00, run_after=2023-12-01T17:51:30.957365+00:00
[2023-12-01T17:51:30.970+0000] {processor.py:179} INFO - Processing /home/airflow/.local/lib/python3.8/site-packages/airflow/example_dags/example_skip_dag.py took 0.051 seconds
[2023-12-01T17:54:19.595+0000] {processor.py:157} INFO - Started process (PID=98) to work on /home/airflow/.local/lib/python3.8/site-packages/airflow/example_dags/example_skip_dag.py
[2023-12-01T17:54:19.595+0000] {processor.py:829} INFO - Processing file /home/airflow/.local/lib/python3.8/site-packages/airflow/example_dags/example_skip_dag.py for tasks to queue
[2023-12-01T17:54:19.597+0000] {logging_mixin.py:154} INFO - [2023-12-01T17:54:19.597+0000] {dagbag.py:536} INFO - Filling up the DagBag from /home/airflow/.local/lib/python3.8/site-packages/airflow/example_dags/example_skip_dag.py
[2023-12-01T17:54:19.601+0000] {processor.py:839} INFO - DAG(s) dict_keys(['example_skip_dag']) retrieved from /home/airflow/.local/lib/python3.8/site-packages/airflow/example_dags/example_skip_dag.py
[2023-12-01T17:54:19.609+0000] {logging_mixin.py:154} INFO - [2023-12-01T17:54:19.609+0000] {dag.py:2941} INFO - Sync 1 DAGs
[2023-12-01T17:54:19.625+0000] {logging_mixin.py:154} INFO - [2023-12-01T17:54:19.625+0000] {dag.py:3722} INFO - Setting next_dagrun for example_skip_dag to 2023-11-30T17:54:19.625047+00:00, run_after=2023-12-01T17:54:19.625047+00:00
[2023-12-01T17:54:19.637+0000] {processor.py:179} INFO - Processing /home/airflow/.local/lib/python3.8/site-packages/airflow/example_dags/example_skip_dag.py took 0.045 seconds
[2023-12-01T17:54:50.172+0000] {processor.py:157} INFO - Started process (PID=188) to work on /home/airflow/.local/lib/python3.8/site-packages/airflow/example_dags/example_skip_dag.py
[2023-12-01T17:54:50.172+0000] {processor.py:829} INFO - Processing file /home/airflow/.local/lib/python3.8/site-packages/airflow/example_dags/example_skip_dag.py for tasks to queue
[2023-12-01T17:54:50.174+0000] {logging_mixin.py:154} INFO - [2023-12-01T17:54:50.173+0000] {dagbag.py:536} INFO - Filling up the DagBag from /home/airflow/.local/lib/python3.8/site-packages/airflow/example_dags/example_skip_dag.py
[2023-12-01T17:54:50.178+0000] {processor.py:839} INFO - DAG(s) dict_keys(['example_skip_dag']) retrieved from /home/airflow/.local/lib/python3.8/site-packages/airflow/example_dags/example_skip_dag.py
[2023-12-01T17:54:50.192+0000] {logging_mixin.py:154} INFO - [2023-12-01T17:54:50.192+0000] {dag.py:2941} INFO - Sync 1 DAGs
[2023-12-01T17:54:50.205+0000] {logging_mixin.py:154} INFO - [2023-12-01T17:54:50.205+0000] {dag.py:3722} INFO - Setting next_dagrun for example_skip_dag to 2023-11-30T17:54:50.205646+00:00, run_after=2023-12-01T17:54:50.205646+00:00
[2023-12-01T17:54:50.217+0000] {processor.py:179} INFO - Processing /home/airflow/.local/lib/python3.8/site-packages/airflow/example_dags/example_skip_dag.py took 0.047 seconds
[2023-12-01T17:55:21.193+0000] {processor.py:157} INFO - Started process (PID=278) to work on /home/airflow/.local/lib/python3.8/site-packages/airflow/example_dags/example_skip_dag.py
[2023-12-01T17:55:21.194+0000] {processor.py:829} INFO - Processing file /home/airflow/.local/lib/python3.8/site-packages/airflow/example_dags/example_skip_dag.py for tasks to queue
[2023-12-01T17:55:21.195+0000] {logging_mixin.py:154} INFO - [2023-12-01T17:55:21.195+0000] {dagbag.py:536} INFO - Filling up the DagBag from /home/airflow/.local/lib/python3.8/site-packages/airflow/example_dags/example_skip_dag.py
[2023-12-01T17:55:21.199+0000] {processor.py:839} INFO - DAG(s) dict_keys(['example_skip_dag']) retrieved from /home/airflow/.local/lib/python3.8/site-packages/airflow/example_dags/example_skip_dag.py
[2023-12-01T17:55:21.212+0000] {logging_mixin.py:154} INFO - [2023-12-01T17:55:21.212+0000] {dag.py:2941} INFO - Sync 1 DAGs
[2023-12-01T17:55:21.226+0000] {logging_mixin.py:154} INFO - [2023-12-01T17:55:21.226+0000] {dag.py:3722} INFO - Setting next_dagrun for example_skip_dag to 2023-11-30T17:55:21.226245+00:00, run_after=2023-12-01T17:55:21.226245+00:00
[2023-12-01T17:55:21.237+0000] {processor.py:179} INFO - Processing /home/airflow/.local/lib/python3.8/site-packages/airflow/example_dags/example_skip_dag.py took 0.046 seconds
[2023-12-01T17:55:51.900+0000] {processor.py:157} INFO - Started process (PID=368) to work on /home/airflow/.local/lib/python3.8/site-packages/airflow/example_dags/example_skip_dag.py
[2023-12-01T17:55:51.900+0000] {processor.py:829} INFO - Processing file /home/airflow/.local/lib/python3.8/site-packages/airflow/example_dags/example_skip_dag.py for tasks to queue
[2023-12-01T17:55:51.902+0000] {logging_mixin.py:154} INFO - [2023-12-01T17:55:51.901+0000] {dagbag.py:536} INFO - Filling up the DagBag from /home/airflow/.local/lib/python3.8/site-packages/airflow/example_dags/example_skip_dag.py
[2023-12-01T17:55:51.905+0000] {processor.py:839} INFO - DAG(s) dict_keys(['example_skip_dag']) retrieved from /home/airflow/.local/lib/python3.8/site-packages/airflow/example_dags/example_skip_dag.py
[2023-12-01T17:55:51.919+0000] {logging_mixin.py:154} INFO - [2023-12-01T17:55:51.919+0000] {dag.py:2941} INFO - Sync 1 DAGs
[2023-12-01T17:55:51.933+0000] {logging_mixin.py:154} INFO - [2023-12-01T17:55:51.933+0000] {dag.py:3722} INFO - Setting next_dagrun for example_skip_dag to 2023-11-30T17:55:51.933479+00:00, run_after=2023-12-01T17:55:51.933479+00:00
[2023-12-01T17:55:51.945+0000] {processor.py:179} INFO - Processing /home/airflow/.local/lib/python3.8/site-packages/airflow/example_dags/example_skip_dag.py took 0.047 seconds
[2023-12-01T17:56:22.861+0000] {processor.py:157} INFO - Started process (PID=458) to work on /home/airflow/.local/lib/python3.8/site-packages/airflow/example_dags/example_skip_dag.py
[2023-12-01T17:56:22.861+0000] {processor.py:829} INFO - Processing file /home/airflow/.local/lib/python3.8/site-packages/airflow/example_dags/example_skip_dag.py for tasks to queue
[2023-12-01T17:56:22.864+0000] {logging_mixin.py:154} INFO - [2023-12-01T17:56:22.863+0000] {dagbag.py:536} INFO - Filling up the DagBag from /home/airflow/.local/lib/python3.8/site-packages/airflow/example_dags/example_skip_dag.py
[2023-12-01T17:56:22.868+0000] {processor.py:839} INFO - DAG(s) dict_keys(['example_skip_dag']) retrieved from /home/airflow/.local/lib/python3.8/site-packages/airflow/example_dags/example_skip_dag.py
[2023-12-01T17:56:22.881+0000] {logging_mixin.py:154} INFO - [2023-12-01T17:56:22.881+0000] {dag.py:2941} INFO - Sync 1 DAGs
[2023-12-01T17:56:22.895+0000] {logging_mixin.py:154} INFO - [2023-12-01T17:56:22.895+0000] {dag.py:3722} INFO - Setting next_dagrun for example_skip_dag to 2023-11-30T17:56:22.895499+00:00, run_after=2023-12-01T17:56:22.895499+00:00
[2023-12-01T17:56:22.906+0000] {processor.py:179} INFO - Processing /home/airflow/.local/lib/python3.8/site-packages/airflow/example_dags/example_skip_dag.py took 0.048 seconds
[2023-12-01T17:56:53.433+0000] {processor.py:157} INFO - Started process (PID=548) to work on /home/airflow/.local/lib/python3.8/site-packages/airflow/example_dags/example_skip_dag.py
[2023-12-01T17:56:53.433+0000] {processor.py:829} INFO - Processing file /home/airflow/.local/lib/python3.8/site-packages/airflow/example_dags/example_skip_dag.py for tasks to queue
[2023-12-01T17:56:53.435+0000] {logging_mixin.py:154} INFO - [2023-12-01T17:56:53.434+0000] {dagbag.py:536} INFO - Filling up the DagBag from /home/airflow/.local/lib/python3.8/site-packages/airflow/example_dags/example_skip_dag.py
[2023-12-01T17:56:53.438+0000] {processor.py:839} INFO - DAG(s) dict_keys(['example_skip_dag']) retrieved from /home/airflow/.local/lib/python3.8/site-packages/airflow/example_dags/example_skip_dag.py
[2023-12-01T17:56:53.452+0000] {logging_mixin.py:154} INFO - [2023-12-01T17:56:53.452+0000] {dag.py:2941} INFO - Sync 1 DAGs
[2023-12-01T17:56:53.466+0000] {logging_mixin.py:154} INFO - [2023-12-01T17:56:53.466+0000] {dag.py:3722} INFO - Setting next_dagrun for example_skip_dag to 2023-11-30T17:56:53.466186+00:00, run_after=2023-12-01T17:56:53.466186+00:00
[2023-12-01T17:56:53.478+0000] {processor.py:179} INFO - Processing /home/airflow/.local/lib/python3.8/site-packages/airflow/example_dags/example_skip_dag.py took 0.047 seconds
[2023-12-01T17:57:55.057+0000] {processor.py:157} INFO - Started process (PID=98) to work on /home/airflow/.local/lib/python3.8/site-packages/airflow/example_dags/example_skip_dag.py
[2023-12-01T17:57:55.058+0000] {processor.py:829} INFO - Processing file /home/airflow/.local/lib/python3.8/site-packages/airflow/example_dags/example_skip_dag.py for tasks to queue
[2023-12-01T17:57:55.059+0000] {logging_mixin.py:154} INFO - [2023-12-01T17:57:55.059+0000] {dagbag.py:536} INFO - Filling up the DagBag from /home/airflow/.local/lib/python3.8/site-packages/airflow/example_dags/example_skip_dag.py
[2023-12-01T17:57:55.064+0000] {processor.py:839} INFO - DAG(s) dict_keys(['example_skip_dag']) retrieved from /home/airflow/.local/lib/python3.8/site-packages/airflow/example_dags/example_skip_dag.py
[2023-12-01T17:57:55.071+0000] {logging_mixin.py:154} INFO - [2023-12-01T17:57:55.071+0000] {dag.py:2941} INFO - Sync 1 DAGs
[2023-12-01T17:57:55.087+0000] {logging_mixin.py:154} INFO - [2023-12-01T17:57:55.087+0000] {dag.py:3722} INFO - Setting next_dagrun for example_skip_dag to 2023-11-30T17:57:55.087124+00:00, run_after=2023-12-01T17:57:55.087124+00:00
[2023-12-01T17:57:55.099+0000] {processor.py:179} INFO - Processing /home/airflow/.local/lib/python3.8/site-packages/airflow/example_dags/example_skip_dag.py took 0.044 seconds
[2023-12-01T17:58:25.706+0000] {processor.py:157} INFO - Started process (PID=188) to work on /home/airflow/.local/lib/python3.8/site-packages/airflow/example_dags/example_skip_dag.py
[2023-12-01T17:58:25.706+0000] {processor.py:829} INFO - Processing file /home/airflow/.local/lib/python3.8/site-packages/airflow/example_dags/example_skip_dag.py for tasks to queue
[2023-12-01T17:58:25.708+0000] {logging_mixin.py:154} INFO - [2023-12-01T17:58:25.708+0000] {dagbag.py:536} INFO - Filling up the DagBag from /home/airflow/.local/lib/python3.8/site-packages/airflow/example_dags/example_skip_dag.py
[2023-12-01T17:58:25.712+0000] {processor.py:839} INFO - DAG(s) dict_keys(['example_skip_dag']) retrieved from /home/airflow/.local/lib/python3.8/site-packages/airflow/example_dags/example_skip_dag.py
[2023-12-01T17:58:25.725+0000] {logging_mixin.py:154} INFO - [2023-12-01T17:58:25.725+0000] {dag.py:2941} INFO - Sync 1 DAGs
[2023-12-01T17:58:25.739+0000] {logging_mixin.py:154} INFO - [2023-12-01T17:58:25.739+0000] {dag.py:3722} INFO - Setting next_dagrun for example_skip_dag to 2023-11-30T17:58:25.739010+00:00, run_after=2023-12-01T17:58:25.739010+00:00
[2023-12-01T17:58:25.750+0000] {processor.py:179} INFO - Processing /home/airflow/.local/lib/python3.8/site-packages/airflow/example_dags/example_skip_dag.py took 0.046 seconds
[2023-12-01T17:58:56.441+0000] {processor.py:157} INFO - Started process (PID=278) to work on /home/airflow/.local/lib/python3.8/site-packages/airflow/example_dags/example_skip_dag.py
[2023-12-01T17:58:56.441+0000] {processor.py:829} INFO - Processing file /home/airflow/.local/lib/python3.8/site-packages/airflow/example_dags/example_skip_dag.py for tasks to queue
[2023-12-01T17:58:56.443+0000] {logging_mixin.py:154} INFO - [2023-12-01T17:58:56.443+0000] {dagbag.py:536} INFO - Filling up the DagBag from /home/airflow/.local/lib/python3.8/site-packages/airflow/example_dags/example_skip_dag.py
[2023-12-01T17:58:56.447+0000] {processor.py:839} INFO - DAG(s) dict_keys(['example_skip_dag']) retrieved from /home/airflow/.local/lib/python3.8/site-packages/airflow/example_dags/example_skip_dag.py
[2023-12-01T17:58:56.460+0000] {logging_mixin.py:154} INFO - [2023-12-01T17:58:56.460+0000] {dag.py:2941} INFO - Sync 1 DAGs
[2023-12-01T17:58:56.474+0000] {logging_mixin.py:154} INFO - [2023-12-01T17:58:56.474+0000] {dag.py:3722} INFO - Setting next_dagrun for example_skip_dag to 2023-11-30T17:58:56.474264+00:00, run_after=2023-12-01T17:58:56.474264+00:00
[2023-12-01T17:58:56.486+0000] {processor.py:179} INFO - Processing /home/airflow/.local/lib/python3.8/site-packages/airflow/example_dags/example_skip_dag.py took 0.047 seconds
[2023-12-01T17:59:27.152+0000] {processor.py:157} INFO - Started process (PID=368) to work on /home/airflow/.local/lib/python3.8/site-packages/airflow/example_dags/example_skip_dag.py
[2023-12-01T17:59:27.153+0000] {processor.py:829} INFO - Processing file /home/airflow/.local/lib/python3.8/site-packages/airflow/example_dags/example_skip_dag.py for tasks to queue
[2023-12-01T17:59:27.154+0000] {logging_mixin.py:154} INFO - [2023-12-01T17:59:27.154+0000] {dagbag.py:536} INFO - Filling up the DagBag from /home/airflow/.local/lib/python3.8/site-packages/airflow/example_dags/example_skip_dag.py
[2023-12-01T17:59:27.158+0000] {processor.py:839} INFO - DAG(s) dict_keys(['example_skip_dag']) retrieved from /home/airflow/.local/lib/python3.8/site-packages/airflow/example_dags/example_skip_dag.py
[2023-12-01T17:59:27.172+0000] {logging_mixin.py:154} INFO - [2023-12-01T17:59:27.172+0000] {dag.py:2941} INFO - Sync 1 DAGs
[2023-12-01T17:59:27.187+0000] {logging_mixin.py:154} INFO - [2023-12-01T17:59:27.187+0000] {dag.py:3722} INFO - Setting next_dagrun for example_skip_dag to 2023-11-30T17:59:27.187672+00:00, run_after=2023-12-01T17:59:27.187672+00:00
[2023-12-01T17:59:27.199+0000] {processor.py:179} INFO - Processing /home/airflow/.local/lib/python3.8/site-packages/airflow/example_dags/example_skip_dag.py took 0.049 seconds
