[2023-12-01T17:41:51.310+0000] {processor.py:157} INFO - Started process (PID=84) to work on /home/airflow/.local/lib/python3.8/site-packages/airflow/example_dags/example_datasets.py
[2023-12-01T17:41:51.311+0000] {processor.py:829} INFO - Processing file /home/airflow/.local/lib/python3.8/site-packages/airflow/example_dags/example_datasets.py for tasks to queue
[2023-12-01T17:41:51.313+0000] {logging_mixin.py:154} INFO - [2023-12-01T17:41:51.312+0000] {dagbag.py:536} INFO - Filling up the DagBag from /home/airflow/.local/lib/python3.8/site-packages/airflow/example_dags/example_datasets.py
[2023-12-01T17:41:51.322+0000] {processor.py:839} INFO - DAG(s) dict_keys(['dataset_produces_1', 'dataset_consumes_1', 'dataset_consumes_unknown_never_scheduled', 'dataset_consumes_1_and_2', 'dataset_produces_2', 'dataset_consumes_1_never_scheduled']) retrieved from /home/airflow/.local/lib/python3.8/site-packages/airflow/example_dags/example_datasets.py
[2023-12-01T17:41:51.333+0000] {logging_mixin.py:154} INFO - [2023-12-01T17:41:51.333+0000] {dag.py:2941} INFO - Sync 6 DAGs
[2023-12-01T17:41:51.354+0000] {logging_mixin.py:154} INFO - [2023-12-01T17:41:51.354+0000] {dag.py:3722} INFO - Setting next_dagrun for dataset_consumes_1 to None, run_after=None
[2023-12-01T17:41:51.358+0000] {logging_mixin.py:154} INFO - [2023-12-01T17:41:51.358+0000] {dag.py:3722} INFO - Setting next_dagrun for dataset_consumes_1_and_2 to None, run_after=None
[2023-12-01T17:41:51.359+0000] {logging_mixin.py:154} INFO - [2023-12-01T17:41:51.359+0000] {dag.py:3722} INFO - Setting next_dagrun for dataset_consumes_1_never_scheduled to None, run_after=None
[2023-12-01T17:41:51.360+0000] {logging_mixin.py:154} INFO - [2023-12-01T17:41:51.360+0000] {dag.py:3722} INFO - Setting next_dagrun for dataset_consumes_unknown_never_scheduled to None, run_after=None
[2023-12-01T17:41:51.363+0000] {logging_mixin.py:154} INFO - [2023-12-01T17:41:51.363+0000] {dag.py:3722} INFO - Setting next_dagrun for dataset_produces_1 to 2023-11-30T00:00:00+00:00, run_after=2023-12-01T00:00:00+00:00
[2023-12-01T17:41:51.364+0000] {logging_mixin.py:154} INFO - [2023-12-01T17:41:51.364+0000] {dag.py:3722} INFO - Setting next_dagrun for dataset_produces_2 to None, run_after=None
[2023-12-01T17:41:51.391+0000] {processor.py:179} INFO - Processing /home/airflow/.local/lib/python3.8/site-packages/airflow/example_dags/example_datasets.py took 0.082 seconds
[2023-12-01T17:42:22.131+0000] {processor.py:157} INFO - Started process (PID=174) to work on /home/airflow/.local/lib/python3.8/site-packages/airflow/example_dags/example_datasets.py
[2023-12-01T17:42:22.132+0000] {processor.py:829} INFO - Processing file /home/airflow/.local/lib/python3.8/site-packages/airflow/example_dags/example_datasets.py for tasks to queue
[2023-12-01T17:42:22.133+0000] {logging_mixin.py:154} INFO - [2023-12-01T17:42:22.133+0000] {dagbag.py:536} INFO - Filling up the DagBag from /home/airflow/.local/lib/python3.8/site-packages/airflow/example_dags/example_datasets.py
[2023-12-01T17:42:22.139+0000] {processor.py:839} INFO - DAG(s) dict_keys(['dataset_consumes_unknown_never_scheduled', 'dataset_produces_2', 'dataset_consumes_1', 'dataset_produces_1', 'dataset_consumes_1_never_scheduled', 'dataset_consumes_1_and_2']) retrieved from /home/airflow/.local/lib/python3.8/site-packages/airflow/example_dags/example_datasets.py
[2023-12-01T17:42:22.161+0000] {logging_mixin.py:154} INFO - [2023-12-01T17:42:22.161+0000] {dag.py:2941} INFO - Sync 6 DAGs
[2023-12-01T17:42:22.176+0000] {logging_mixin.py:154} INFO - [2023-12-01T17:42:22.176+0000] {dag.py:3722} INFO - Setting next_dagrun for dataset_consumes_1 to None, run_after=None
[2023-12-01T17:42:22.178+0000] {logging_mixin.py:154} INFO - [2023-12-01T17:42:22.178+0000] {dag.py:3722} INFO - Setting next_dagrun for dataset_consumes_1_and_2 to None, run_after=None
[2023-12-01T17:42:22.179+0000] {logging_mixin.py:154} INFO - [2023-12-01T17:42:22.179+0000] {dag.py:3722} INFO - Setting next_dagrun for dataset_consumes_1_never_scheduled to None, run_after=None
[2023-12-01T17:42:22.180+0000] {logging_mixin.py:154} INFO - [2023-12-01T17:42:22.180+0000] {dag.py:3722} INFO - Setting next_dagrun for dataset_consumes_unknown_never_scheduled to None, run_after=None
[2023-12-01T17:42:22.183+0000] {logging_mixin.py:154} INFO - [2023-12-01T17:42:22.182+0000] {dag.py:3722} INFO - Setting next_dagrun for dataset_produces_1 to 2023-11-30T00:00:00+00:00, run_after=2023-12-01T00:00:00+00:00
[2023-12-01T17:42:22.183+0000] {logging_mixin.py:154} INFO - [2023-12-01T17:42:22.183+0000] {dag.py:3722} INFO - Setting next_dagrun for dataset_produces_2 to None, run_after=None
[2023-12-01T17:42:22.205+0000] {processor.py:179} INFO - Processing /home/airflow/.local/lib/python3.8/site-packages/airflow/example_dags/example_datasets.py took 0.075 seconds
[2023-12-01T17:42:52.817+0000] {processor.py:157} INFO - Started process (PID=264) to work on /home/airflow/.local/lib/python3.8/site-packages/airflow/example_dags/example_datasets.py
[2023-12-01T17:42:52.818+0000] {processor.py:829} INFO - Processing file /home/airflow/.local/lib/python3.8/site-packages/airflow/example_dags/example_datasets.py for tasks to queue
[2023-12-01T17:42:52.819+0000] {logging_mixin.py:154} INFO - [2023-12-01T17:42:52.819+0000] {dagbag.py:536} INFO - Filling up the DagBag from /home/airflow/.local/lib/python3.8/site-packages/airflow/example_dags/example_datasets.py
[2023-12-01T17:42:52.825+0000] {processor.py:839} INFO - DAG(s) dict_keys(['dataset_consumes_1_and_2', 'dataset_consumes_1_never_scheduled', 'dataset_consumes_unknown_never_scheduled', 'dataset_produces_2', 'dataset_produces_1', 'dataset_consumes_1']) retrieved from /home/airflow/.local/lib/python3.8/site-packages/airflow/example_dags/example_datasets.py
[2023-12-01T17:42:52.848+0000] {logging_mixin.py:154} INFO - [2023-12-01T17:42:52.847+0000] {dag.py:2941} INFO - Sync 6 DAGs
[2023-12-01T17:42:52.865+0000] {logging_mixin.py:154} INFO - [2023-12-01T17:42:52.864+0000] {dag.py:3722} INFO - Setting next_dagrun for dataset_consumes_1 to None, run_after=None
[2023-12-01T17:42:52.867+0000] {logging_mixin.py:154} INFO - [2023-12-01T17:42:52.867+0000] {dag.py:3722} INFO - Setting next_dagrun for dataset_consumes_1_and_2 to None, run_after=None
[2023-12-01T17:42:52.868+0000] {logging_mixin.py:154} INFO - [2023-12-01T17:42:52.868+0000] {dag.py:3722} INFO - Setting next_dagrun for dataset_consumes_1_never_scheduled to None, run_after=None
[2023-12-01T17:42:52.869+0000] {logging_mixin.py:154} INFO - [2023-12-01T17:42:52.869+0000] {dag.py:3722} INFO - Setting next_dagrun for dataset_consumes_unknown_never_scheduled to None, run_after=None
[2023-12-01T17:42:52.871+0000] {logging_mixin.py:154} INFO - [2023-12-01T17:42:52.871+0000] {dag.py:3722} INFO - Setting next_dagrun for dataset_produces_1 to 2023-11-30T00:00:00+00:00, run_after=2023-12-01T00:00:00+00:00
[2023-12-01T17:42:52.872+0000] {logging_mixin.py:154} INFO - [2023-12-01T17:42:52.872+0000] {dag.py:3722} INFO - Setting next_dagrun for dataset_produces_2 to None, run_after=None
[2023-12-01T17:42:52.892+0000] {processor.py:179} INFO - Processing /home/airflow/.local/lib/python3.8/site-packages/airflow/example_dags/example_datasets.py took 0.076 seconds
[2023-12-01T17:43:23.706+0000] {processor.py:157} INFO - Started process (PID=354) to work on /home/airflow/.local/lib/python3.8/site-packages/airflow/example_dags/example_datasets.py
[2023-12-01T17:43:23.707+0000] {processor.py:829} INFO - Processing file /home/airflow/.local/lib/python3.8/site-packages/airflow/example_dags/example_datasets.py for tasks to queue
[2023-12-01T17:43:23.708+0000] {logging_mixin.py:154} INFO - [2023-12-01T17:43:23.708+0000] {dagbag.py:536} INFO - Filling up the DagBag from /home/airflow/.local/lib/python3.8/site-packages/airflow/example_dags/example_datasets.py
[2023-12-01T17:43:23.714+0000] {processor.py:839} INFO - DAG(s) dict_keys(['dataset_consumes_unknown_never_scheduled', 'dataset_produces_1', 'dataset_consumes_1_and_2', 'dataset_produces_2', 'dataset_consumes_1_never_scheduled', 'dataset_consumes_1']) retrieved from /home/airflow/.local/lib/python3.8/site-packages/airflow/example_dags/example_datasets.py
[2023-12-01T17:43:23.739+0000] {logging_mixin.py:154} INFO - [2023-12-01T17:43:23.738+0000] {dag.py:2941} INFO - Sync 6 DAGs
[2023-12-01T17:43:23.754+0000] {logging_mixin.py:154} INFO - [2023-12-01T17:43:23.754+0000] {dag.py:3722} INFO - Setting next_dagrun for dataset_consumes_1 to None, run_after=None
[2023-12-01T17:43:23.756+0000] {logging_mixin.py:154} INFO - [2023-12-01T17:43:23.756+0000] {dag.py:3722} INFO - Setting next_dagrun for dataset_consumes_1_and_2 to None, run_after=None
[2023-12-01T17:43:23.757+0000] {logging_mixin.py:154} INFO - [2023-12-01T17:43:23.757+0000] {dag.py:3722} INFO - Setting next_dagrun for dataset_consumes_1_never_scheduled to None, run_after=None
[2023-12-01T17:43:23.758+0000] {logging_mixin.py:154} INFO - [2023-12-01T17:43:23.758+0000] {dag.py:3722} INFO - Setting next_dagrun for dataset_consumes_unknown_never_scheduled to None, run_after=None
[2023-12-01T17:43:23.760+0000] {logging_mixin.py:154} INFO - [2023-12-01T17:43:23.760+0000] {dag.py:3722} INFO - Setting next_dagrun for dataset_produces_1 to 2023-11-30T00:00:00+00:00, run_after=2023-12-01T00:00:00+00:00
[2023-12-01T17:43:23.761+0000] {logging_mixin.py:154} INFO - [2023-12-01T17:43:23.761+0000] {dag.py:3722} INFO - Setting next_dagrun for dataset_produces_2 to None, run_after=None
[2023-12-01T17:43:23.781+0000] {processor.py:179} INFO - Processing /home/airflow/.local/lib/python3.8/site-packages/airflow/example_dags/example_datasets.py took 0.076 seconds
[2023-12-01T17:43:54.810+0000] {processor.py:157} INFO - Started process (PID=444) to work on /home/airflow/.local/lib/python3.8/site-packages/airflow/example_dags/example_datasets.py
[2023-12-01T17:43:54.811+0000] {processor.py:829} INFO - Processing file /home/airflow/.local/lib/python3.8/site-packages/airflow/example_dags/example_datasets.py for tasks to queue
[2023-12-01T17:43:54.812+0000] {logging_mixin.py:154} INFO - [2023-12-01T17:43:54.812+0000] {dagbag.py:536} INFO - Filling up the DagBag from /home/airflow/.local/lib/python3.8/site-packages/airflow/example_dags/example_datasets.py
[2023-12-01T17:43:54.818+0000] {processor.py:839} INFO - DAG(s) dict_keys(['dataset_consumes_1_never_scheduled', 'dataset_produces_2', 'dataset_produces_1', 'dataset_consumes_unknown_never_scheduled', 'dataset_consumes_1_and_2', 'dataset_consumes_1']) retrieved from /home/airflow/.local/lib/python3.8/site-packages/airflow/example_dags/example_datasets.py
[2023-12-01T17:43:54.841+0000] {logging_mixin.py:154} INFO - [2023-12-01T17:43:54.841+0000] {dag.py:2941} INFO - Sync 6 DAGs
[2023-12-01T17:43:54.856+0000] {logging_mixin.py:154} INFO - [2023-12-01T17:43:54.856+0000] {dag.py:3722} INFO - Setting next_dagrun for dataset_consumes_1 to None, run_after=None
[2023-12-01T17:43:54.858+0000] {logging_mixin.py:154} INFO - [2023-12-01T17:43:54.858+0000] {dag.py:3722} INFO - Setting next_dagrun for dataset_consumes_1_and_2 to None, run_after=None
[2023-12-01T17:43:54.859+0000] {logging_mixin.py:154} INFO - [2023-12-01T17:43:54.859+0000] {dag.py:3722} INFO - Setting next_dagrun for dataset_consumes_1_never_scheduled to None, run_after=None
[2023-12-01T17:43:54.860+0000] {logging_mixin.py:154} INFO - [2023-12-01T17:43:54.860+0000] {dag.py:3722} INFO - Setting next_dagrun for dataset_consumes_unknown_never_scheduled to None, run_after=None
[2023-12-01T17:43:54.862+0000] {logging_mixin.py:154} INFO - [2023-12-01T17:43:54.862+0000] {dag.py:3722} INFO - Setting next_dagrun for dataset_produces_1 to 2023-11-30T00:00:00+00:00, run_after=2023-12-01T00:00:00+00:00
[2023-12-01T17:43:54.863+0000] {logging_mixin.py:154} INFO - [2023-12-01T17:43:54.863+0000] {dag.py:3722} INFO - Setting next_dagrun for dataset_produces_2 to None, run_after=None
[2023-12-01T17:43:54.885+0000] {processor.py:179} INFO - Processing /home/airflow/.local/lib/python3.8/site-packages/airflow/example_dags/example_datasets.py took 0.077 seconds
[2023-12-01T17:44:25.809+0000] {processor.py:157} INFO - Started process (PID=534) to work on /home/airflow/.local/lib/python3.8/site-packages/airflow/example_dags/example_datasets.py
[2023-12-01T17:44:25.810+0000] {processor.py:829} INFO - Processing file /home/airflow/.local/lib/python3.8/site-packages/airflow/example_dags/example_datasets.py for tasks to queue
[2023-12-01T17:44:25.811+0000] {logging_mixin.py:154} INFO - [2023-12-01T17:44:25.811+0000] {dagbag.py:536} INFO - Filling up the DagBag from /home/airflow/.local/lib/python3.8/site-packages/airflow/example_dags/example_datasets.py
[2023-12-01T17:44:25.817+0000] {processor.py:839} INFO - DAG(s) dict_keys(['dataset_consumes_1_and_2', 'dataset_produces_1', 'dataset_consumes_1_never_scheduled', 'dataset_consumes_unknown_never_scheduled', 'dataset_consumes_1', 'dataset_produces_2']) retrieved from /home/airflow/.local/lib/python3.8/site-packages/airflow/example_dags/example_datasets.py
[2023-12-01T17:44:25.840+0000] {logging_mixin.py:154} INFO - [2023-12-01T17:44:25.840+0000] {dag.py:2941} INFO - Sync 6 DAGs
[2023-12-01T17:44:25.859+0000] {logging_mixin.py:154} INFO - [2023-12-01T17:44:25.858+0000] {dag.py:3722} INFO - Setting next_dagrun for dataset_consumes_1 to None, run_after=None
[2023-12-01T17:44:25.862+0000] {logging_mixin.py:154} INFO - [2023-12-01T17:44:25.862+0000] {dag.py:3722} INFO - Setting next_dagrun for dataset_consumes_1_and_2 to None, run_after=None
[2023-12-01T17:44:25.863+0000] {logging_mixin.py:154} INFO - [2023-12-01T17:44:25.863+0000] {dag.py:3722} INFO - Setting next_dagrun for dataset_consumes_1_never_scheduled to None, run_after=None
[2023-12-01T17:44:25.864+0000] {logging_mixin.py:154} INFO - [2023-12-01T17:44:25.864+0000] {dag.py:3722} INFO - Setting next_dagrun for dataset_consumes_unknown_never_scheduled to None, run_after=None
[2023-12-01T17:44:25.867+0000] {logging_mixin.py:154} INFO - [2023-12-01T17:44:25.867+0000] {dag.py:3722} INFO - Setting next_dagrun for dataset_produces_1 to 2023-11-30T00:00:00+00:00, run_after=2023-12-01T00:00:00+00:00
[2023-12-01T17:44:25.868+0000] {logging_mixin.py:154} INFO - [2023-12-01T17:44:25.868+0000] {dag.py:3722} INFO - Setting next_dagrun for dataset_produces_2 to None, run_after=None
[2023-12-01T17:44:25.889+0000] {processor.py:179} INFO - Processing /home/airflow/.local/lib/python3.8/site-packages/airflow/example_dags/example_datasets.py took 0.082 seconds
[2023-12-01T17:45:22.938+0000] {processor.py:157} INFO - Started process (PID=84) to work on /home/airflow/.local/lib/python3.8/site-packages/airflow/example_dags/example_datasets.py
[2023-12-01T17:45:22.939+0000] {processor.py:829} INFO - Processing file /home/airflow/.local/lib/python3.8/site-packages/airflow/example_dags/example_datasets.py for tasks to queue
[2023-12-01T17:45:22.940+0000] {logging_mixin.py:154} INFO - [2023-12-01T17:45:22.940+0000] {dagbag.py:536} INFO - Filling up the DagBag from /home/airflow/.local/lib/python3.8/site-packages/airflow/example_dags/example_datasets.py
[2023-12-01T17:45:22.948+0000] {processor.py:839} INFO - DAG(s) dict_keys(['dataset_consumes_1', 'dataset_consumes_1_never_scheduled', 'dataset_consumes_1_and_2', 'dataset_produces_2', 'dataset_consumes_unknown_never_scheduled', 'dataset_produces_1']) retrieved from /home/airflow/.local/lib/python3.8/site-packages/airflow/example_dags/example_datasets.py
[2023-12-01T17:45:22.957+0000] {logging_mixin.py:154} INFO - [2023-12-01T17:45:22.957+0000] {dag.py:2941} INFO - Sync 6 DAGs
[2023-12-01T17:45:22.973+0000] {logging_mixin.py:154} INFO - [2023-12-01T17:45:22.973+0000] {dag.py:3722} INFO - Setting next_dagrun for dataset_consumes_1 to None, run_after=None
[2023-12-01T17:45:22.975+0000] {logging_mixin.py:154} INFO - [2023-12-01T17:45:22.975+0000] {dag.py:3722} INFO - Setting next_dagrun for dataset_consumes_1_and_2 to None, run_after=None
[2023-12-01T17:45:22.976+0000] {logging_mixin.py:154} INFO - [2023-12-01T17:45:22.976+0000] {dag.py:3722} INFO - Setting next_dagrun for dataset_consumes_1_never_scheduled to None, run_after=None
[2023-12-01T17:45:22.977+0000] {logging_mixin.py:154} INFO - [2023-12-01T17:45:22.977+0000] {dag.py:3722} INFO - Setting next_dagrun for dataset_consumes_unknown_never_scheduled to None, run_after=None
[2023-12-01T17:45:22.980+0000] {logging_mixin.py:154} INFO - [2023-12-01T17:45:22.979+0000] {dag.py:3722} INFO - Setting next_dagrun for dataset_produces_1 to 2023-11-30T00:00:00+00:00, run_after=2023-12-01T00:00:00+00:00
[2023-12-01T17:45:22.981+0000] {logging_mixin.py:154} INFO - [2023-12-01T17:45:22.980+0000] {dag.py:3722} INFO - Setting next_dagrun for dataset_produces_2 to None, run_after=None
[2023-12-01T17:45:23.002+0000] {processor.py:179} INFO - Processing /home/airflow/.local/lib/python3.8/site-packages/airflow/example_dags/example_datasets.py took 0.066 seconds
[2023-12-01T17:45:53.707+0000] {processor.py:157} INFO - Started process (PID=174) to work on /home/airflow/.local/lib/python3.8/site-packages/airflow/example_dags/example_datasets.py
[2023-12-01T17:45:53.707+0000] {processor.py:829} INFO - Processing file /home/airflow/.local/lib/python3.8/site-packages/airflow/example_dags/example_datasets.py for tasks to queue
[2023-12-01T17:45:53.708+0000] {logging_mixin.py:154} INFO - [2023-12-01T17:45:53.708+0000] {dagbag.py:536} INFO - Filling up the DagBag from /home/airflow/.local/lib/python3.8/site-packages/airflow/example_dags/example_datasets.py
[2023-12-01T17:45:53.714+0000] {processor.py:839} INFO - DAG(s) dict_keys(['dataset_produces_1', 'dataset_consumes_1_and_2', 'dataset_consumes_unknown_never_scheduled', 'dataset_produces_2', 'dataset_consumes_1_never_scheduled', 'dataset_consumes_1']) retrieved from /home/airflow/.local/lib/python3.8/site-packages/airflow/example_dags/example_datasets.py
[2023-12-01T17:45:53.736+0000] {logging_mixin.py:154} INFO - [2023-12-01T17:45:53.736+0000] {dag.py:2941} INFO - Sync 6 DAGs
[2023-12-01T17:45:53.750+0000] {logging_mixin.py:154} INFO - [2023-12-01T17:45:53.750+0000] {dag.py:3722} INFO - Setting next_dagrun for dataset_consumes_1 to None, run_after=None
[2023-12-01T17:45:53.753+0000] {logging_mixin.py:154} INFO - [2023-12-01T17:45:53.753+0000] {dag.py:3722} INFO - Setting next_dagrun for dataset_consumes_1_and_2 to None, run_after=None
[2023-12-01T17:45:53.754+0000] {logging_mixin.py:154} INFO - [2023-12-01T17:45:53.754+0000] {dag.py:3722} INFO - Setting next_dagrun for dataset_consumes_1_never_scheduled to None, run_after=None
[2023-12-01T17:45:53.755+0000] {logging_mixin.py:154} INFO - [2023-12-01T17:45:53.754+0000] {dag.py:3722} INFO - Setting next_dagrun for dataset_consumes_unknown_never_scheduled to None, run_after=None
[2023-12-01T17:45:53.757+0000] {logging_mixin.py:154} INFO - [2023-12-01T17:45:53.757+0000] {dag.py:3722} INFO - Setting next_dagrun for dataset_produces_1 to 2023-11-30T00:00:00+00:00, run_after=2023-12-01T00:00:00+00:00
[2023-12-01T17:45:53.758+0000] {logging_mixin.py:154} INFO - [2023-12-01T17:45:53.758+0000] {dag.py:3722} INFO - Setting next_dagrun for dataset_produces_2 to None, run_after=None
[2023-12-01T17:45:53.778+0000] {processor.py:179} INFO - Processing /home/airflow/.local/lib/python3.8/site-packages/airflow/example_dags/example_datasets.py took 0.073 seconds
[2023-12-01T17:46:24.797+0000] {processor.py:157} INFO - Started process (PID=264) to work on /home/airflow/.local/lib/python3.8/site-packages/airflow/example_dags/example_datasets.py
[2023-12-01T17:46:24.797+0000] {processor.py:829} INFO - Processing file /home/airflow/.local/lib/python3.8/site-packages/airflow/example_dags/example_datasets.py for tasks to queue
[2023-12-01T17:46:24.799+0000] {logging_mixin.py:154} INFO - [2023-12-01T17:46:24.798+0000] {dagbag.py:536} INFO - Filling up the DagBag from /home/airflow/.local/lib/python3.8/site-packages/airflow/example_dags/example_datasets.py
[2023-12-01T17:46:24.804+0000] {processor.py:839} INFO - DAG(s) dict_keys(['dataset_produces_2', 'dataset_consumes_1_never_scheduled', 'dataset_produces_1', 'dataset_consumes_1', 'dataset_consumes_unknown_never_scheduled', 'dataset_consumes_1_and_2']) retrieved from /home/airflow/.local/lib/python3.8/site-packages/airflow/example_dags/example_datasets.py
[2023-12-01T17:46:24.828+0000] {logging_mixin.py:154} INFO - [2023-12-01T17:46:24.828+0000] {dag.py:2941} INFO - Sync 6 DAGs
[2023-12-01T17:46:24.844+0000] {logging_mixin.py:154} INFO - [2023-12-01T17:46:24.844+0000] {dag.py:3722} INFO - Setting next_dagrun for dataset_consumes_1 to None, run_after=None
[2023-12-01T17:46:24.847+0000] {logging_mixin.py:154} INFO - [2023-12-01T17:46:24.846+0000] {dag.py:3722} INFO - Setting next_dagrun for dataset_consumes_1_and_2 to None, run_after=None
[2023-12-01T17:46:24.847+0000] {logging_mixin.py:154} INFO - [2023-12-01T17:46:24.847+0000] {dag.py:3722} INFO - Setting next_dagrun for dataset_consumes_1_never_scheduled to None, run_after=None
[2023-12-01T17:46:24.848+0000] {logging_mixin.py:154} INFO - [2023-12-01T17:46:24.848+0000] {dag.py:3722} INFO - Setting next_dagrun for dataset_consumes_unknown_never_scheduled to None, run_after=None
[2023-12-01T17:46:24.851+0000] {logging_mixin.py:154} INFO - [2023-12-01T17:46:24.851+0000] {dag.py:3722} INFO - Setting next_dagrun for dataset_produces_1 to 2023-11-30T00:00:00+00:00, run_after=2023-12-01T00:00:00+00:00
[2023-12-01T17:46:24.852+0000] {logging_mixin.py:154} INFO - [2023-12-01T17:46:24.852+0000] {dag.py:3722} INFO - Setting next_dagrun for dataset_produces_2 to None, run_after=None
[2023-12-01T17:46:24.872+0000] {processor.py:179} INFO - Processing /home/airflow/.local/lib/python3.8/site-packages/airflow/example_dags/example_datasets.py took 0.077 seconds
[2023-12-01T17:46:55.823+0000] {processor.py:157} INFO - Started process (PID=354) to work on /home/airflow/.local/lib/python3.8/site-packages/airflow/example_dags/example_datasets.py
[2023-12-01T17:46:55.823+0000] {processor.py:829} INFO - Processing file /home/airflow/.local/lib/python3.8/site-packages/airflow/example_dags/example_datasets.py for tasks to queue
[2023-12-01T17:46:55.825+0000] {logging_mixin.py:154} INFO - [2023-12-01T17:46:55.825+0000] {dagbag.py:536} INFO - Filling up the DagBag from /home/airflow/.local/lib/python3.8/site-packages/airflow/example_dags/example_datasets.py
[2023-12-01T17:46:55.831+0000] {processor.py:839} INFO - DAG(s) dict_keys(['dataset_consumes_1', 'dataset_produces_2', 'dataset_consumes_1_never_scheduled', 'dataset_consumes_unknown_never_scheduled', 'dataset_consumes_1_and_2', 'dataset_produces_1']) retrieved from /home/airflow/.local/lib/python3.8/site-packages/airflow/example_dags/example_datasets.py
[2023-12-01T17:46:55.857+0000] {logging_mixin.py:154} INFO - [2023-12-01T17:46:55.856+0000] {dag.py:2941} INFO - Sync 6 DAGs
[2023-12-01T17:46:55.874+0000] {logging_mixin.py:154} INFO - [2023-12-01T17:46:55.874+0000] {dag.py:3722} INFO - Setting next_dagrun for dataset_consumes_1 to None, run_after=None
[2023-12-01T17:46:55.876+0000] {logging_mixin.py:154} INFO - [2023-12-01T17:46:55.876+0000] {dag.py:3722} INFO - Setting next_dagrun for dataset_consumes_1_and_2 to None, run_after=None
[2023-12-01T17:46:55.877+0000] {logging_mixin.py:154} INFO - [2023-12-01T17:46:55.877+0000] {dag.py:3722} INFO - Setting next_dagrun for dataset_consumes_1_never_scheduled to None, run_after=None
[2023-12-01T17:46:55.878+0000] {logging_mixin.py:154} INFO - [2023-12-01T17:46:55.878+0000] {dag.py:3722} INFO - Setting next_dagrun for dataset_consumes_unknown_never_scheduled to None, run_after=None
[2023-12-01T17:46:55.881+0000] {logging_mixin.py:154} INFO - [2023-12-01T17:46:55.880+0000] {dag.py:3722} INFO - Setting next_dagrun for dataset_produces_1 to 2023-11-30T00:00:00+00:00, run_after=2023-12-01T00:00:00+00:00
[2023-12-01T17:46:55.882+0000] {logging_mixin.py:154} INFO - [2023-12-01T17:46:55.881+0000] {dag.py:3722} INFO - Setting next_dagrun for dataset_produces_2 to None, run_after=None
[2023-12-01T17:46:55.903+0000] {processor.py:179} INFO - Processing /home/airflow/.local/lib/python3.8/site-packages/airflow/example_dags/example_datasets.py took 0.082 seconds
[2023-12-01T17:47:54.008+0000] {processor.py:157} INFO - Started process (PID=84) to work on /home/airflow/.local/lib/python3.8/site-packages/airflow/example_dags/example_datasets.py
[2023-12-01T17:47:54.009+0000] {processor.py:829} INFO - Processing file /home/airflow/.local/lib/python3.8/site-packages/airflow/example_dags/example_datasets.py for tasks to queue
[2023-12-01T17:47:54.010+0000] {logging_mixin.py:154} INFO - [2023-12-01T17:47:54.010+0000] {dagbag.py:536} INFO - Filling up the DagBag from /home/airflow/.local/lib/python3.8/site-packages/airflow/example_dags/example_datasets.py
[2023-12-01T17:47:54.018+0000] {processor.py:839} INFO - DAG(s) dict_keys(['dataset_consumes_1_and_2', 'dataset_produces_1', 'dataset_consumes_1', 'dataset_produces_2', 'dataset_consumes_unknown_never_scheduled', 'dataset_consumes_1_never_scheduled']) retrieved from /home/airflow/.local/lib/python3.8/site-packages/airflow/example_dags/example_datasets.py
[2023-12-01T17:47:54.028+0000] {logging_mixin.py:154} INFO - [2023-12-01T17:47:54.028+0000] {dag.py:2941} INFO - Sync 6 DAGs
[2023-12-01T17:47:54.046+0000] {logging_mixin.py:154} INFO - [2023-12-01T17:47:54.046+0000] {dag.py:3722} INFO - Setting next_dagrun for dataset_consumes_1 to None, run_after=None
[2023-12-01T17:47:54.048+0000] {logging_mixin.py:154} INFO - [2023-12-01T17:47:54.048+0000] {dag.py:3722} INFO - Setting next_dagrun for dataset_consumes_1_and_2 to None, run_after=None
[2023-12-01T17:47:54.049+0000] {logging_mixin.py:154} INFO - [2023-12-01T17:47:54.049+0000] {dag.py:3722} INFO - Setting next_dagrun for dataset_consumes_1_never_scheduled to None, run_after=None
[2023-12-01T17:47:54.050+0000] {logging_mixin.py:154} INFO - [2023-12-01T17:47:54.050+0000] {dag.py:3722} INFO - Setting next_dagrun for dataset_consumes_unknown_never_scheduled to None, run_after=None
[2023-12-01T17:47:54.052+0000] {logging_mixin.py:154} INFO - [2023-12-01T17:47:54.052+0000] {dag.py:3722} INFO - Setting next_dagrun for dataset_produces_1 to 2023-11-30T00:00:00+00:00, run_after=2023-12-01T00:00:00+00:00
[2023-12-01T17:47:54.053+0000] {logging_mixin.py:154} INFO - [2023-12-01T17:47:54.053+0000] {dag.py:3722} INFO - Setting next_dagrun for dataset_produces_2 to None, run_after=None
[2023-12-01T17:47:54.074+0000] {processor.py:179} INFO - Processing /home/airflow/.local/lib/python3.8/site-packages/airflow/example_dags/example_datasets.py took 0.068 seconds
[2023-12-01T17:48:25.246+0000] {processor.py:157} INFO - Started process (PID=174) to work on /home/airflow/.local/lib/python3.8/site-packages/airflow/example_dags/example_datasets.py
[2023-12-01T17:48:25.247+0000] {processor.py:829} INFO - Processing file /home/airflow/.local/lib/python3.8/site-packages/airflow/example_dags/example_datasets.py for tasks to queue
[2023-12-01T17:48:25.248+0000] {logging_mixin.py:154} INFO - [2023-12-01T17:48:25.248+0000] {dagbag.py:536} INFO - Filling up the DagBag from /home/airflow/.local/lib/python3.8/site-packages/airflow/example_dags/example_datasets.py
[2023-12-01T17:48:25.254+0000] {processor.py:839} INFO - DAG(s) dict_keys(['dataset_consumes_1', 'dataset_produces_2', 'dataset_produces_1', 'dataset_consumes_1_and_2', 'dataset_consumes_1_never_scheduled', 'dataset_consumes_unknown_never_scheduled']) retrieved from /home/airflow/.local/lib/python3.8/site-packages/airflow/example_dags/example_datasets.py
[2023-12-01T17:48:25.278+0000] {logging_mixin.py:154} INFO - [2023-12-01T17:48:25.277+0000] {dag.py:2941} INFO - Sync 6 DAGs
[2023-12-01T17:48:25.293+0000] {logging_mixin.py:154} INFO - [2023-12-01T17:48:25.293+0000] {dag.py:3722} INFO - Setting next_dagrun for dataset_consumes_1 to None, run_after=None
[2023-12-01T17:48:25.295+0000] {logging_mixin.py:154} INFO - [2023-12-01T17:48:25.295+0000] {dag.py:3722} INFO - Setting next_dagrun for dataset_consumes_1_and_2 to None, run_after=None
[2023-12-01T17:48:25.296+0000] {logging_mixin.py:154} INFO - [2023-12-01T17:48:25.296+0000] {dag.py:3722} INFO - Setting next_dagrun for dataset_consumes_1_never_scheduled to None, run_after=None
[2023-12-01T17:48:25.297+0000] {logging_mixin.py:154} INFO - [2023-12-01T17:48:25.297+0000] {dag.py:3722} INFO - Setting next_dagrun for dataset_consumes_unknown_never_scheduled to None, run_after=None
[2023-12-01T17:48:25.299+0000] {logging_mixin.py:154} INFO - [2023-12-01T17:48:25.299+0000] {dag.py:3722} INFO - Setting next_dagrun for dataset_produces_1 to 2023-11-30T00:00:00+00:00, run_after=2023-12-01T00:00:00+00:00
[2023-12-01T17:48:25.300+0000] {logging_mixin.py:154} INFO - [2023-12-01T17:48:25.300+0000] {dag.py:3722} INFO - Setting next_dagrun for dataset_produces_2 to None, run_after=None
[2023-12-01T17:48:25.320+0000] {processor.py:179} INFO - Processing /home/airflow/.local/lib/python3.8/site-packages/airflow/example_dags/example_datasets.py took 0.076 seconds
[2023-12-01T17:48:55.831+0000] {processor.py:157} INFO - Started process (PID=264) to work on /home/airflow/.local/lib/python3.8/site-packages/airflow/example_dags/example_datasets.py
[2023-12-01T17:48:55.832+0000] {processor.py:829} INFO - Processing file /home/airflow/.local/lib/python3.8/site-packages/airflow/example_dags/example_datasets.py for tasks to queue
[2023-12-01T17:48:55.833+0000] {logging_mixin.py:154} INFO - [2023-12-01T17:48:55.833+0000] {dagbag.py:536} INFO - Filling up the DagBag from /home/airflow/.local/lib/python3.8/site-packages/airflow/example_dags/example_datasets.py
[2023-12-01T17:48:55.839+0000] {processor.py:839} INFO - DAG(s) dict_keys(['dataset_consumes_1_never_scheduled', 'dataset_consumes_1_and_2', 'dataset_consumes_unknown_never_scheduled', 'dataset_consumes_1', 'dataset_produces_2', 'dataset_produces_1']) retrieved from /home/airflow/.local/lib/python3.8/site-packages/airflow/example_dags/example_datasets.py
[2023-12-01T17:48:55.861+0000] {logging_mixin.py:154} INFO - [2023-12-01T17:48:55.861+0000] {dag.py:2941} INFO - Sync 6 DAGs
[2023-12-01T17:48:55.877+0000] {logging_mixin.py:154} INFO - [2023-12-01T17:48:55.877+0000] {dag.py:3722} INFO - Setting next_dagrun for dataset_consumes_1 to None, run_after=None
[2023-12-01T17:48:55.879+0000] {logging_mixin.py:154} INFO - [2023-12-01T17:48:55.879+0000] {dag.py:3722} INFO - Setting next_dagrun for dataset_consumes_1_and_2 to None, run_after=None
[2023-12-01T17:48:55.881+0000] {logging_mixin.py:154} INFO - [2023-12-01T17:48:55.880+0000] {dag.py:3722} INFO - Setting next_dagrun for dataset_consumes_1_never_scheduled to None, run_after=None
[2023-12-01T17:48:55.881+0000] {logging_mixin.py:154} INFO - [2023-12-01T17:48:55.881+0000] {dag.py:3722} INFO - Setting next_dagrun for dataset_consumes_unknown_never_scheduled to None, run_after=None
[2023-12-01T17:48:55.884+0000] {logging_mixin.py:154} INFO - [2023-12-01T17:48:55.884+0000] {dag.py:3722} INFO - Setting next_dagrun for dataset_produces_1 to 2023-11-30T00:00:00+00:00, run_after=2023-12-01T00:00:00+00:00
[2023-12-01T17:48:55.885+0000] {logging_mixin.py:154} INFO - [2023-12-01T17:48:55.885+0000] {dag.py:3722} INFO - Setting next_dagrun for dataset_produces_2 to None, run_after=None
[2023-12-01T17:48:55.906+0000] {processor.py:179} INFO - Processing /home/airflow/.local/lib/python3.8/site-packages/airflow/example_dags/example_datasets.py took 0.076 seconds
[2023-12-01T17:49:26.631+0000] {processor.py:157} INFO - Started process (PID=354) to work on /home/airflow/.local/lib/python3.8/site-packages/airflow/example_dags/example_datasets.py
[2023-12-01T17:49:26.632+0000] {processor.py:829} INFO - Processing file /home/airflow/.local/lib/python3.8/site-packages/airflow/example_dags/example_datasets.py for tasks to queue
[2023-12-01T17:49:26.633+0000] {logging_mixin.py:154} INFO - [2023-12-01T17:49:26.633+0000] {dagbag.py:536} INFO - Filling up the DagBag from /home/airflow/.local/lib/python3.8/site-packages/airflow/example_dags/example_datasets.py
[2023-12-01T17:49:26.639+0000] {processor.py:839} INFO - DAG(s) dict_keys(['dataset_consumes_unknown_never_scheduled', 'dataset_consumes_1', 'dataset_consumes_1_never_scheduled', 'dataset_produces_1', 'dataset_consumes_1_and_2', 'dataset_produces_2']) retrieved from /home/airflow/.local/lib/python3.8/site-packages/airflow/example_dags/example_datasets.py
[2023-12-01T17:49:26.663+0000] {logging_mixin.py:154} INFO - [2023-12-01T17:49:26.663+0000] {dag.py:2941} INFO - Sync 6 DAGs
[2023-12-01T17:49:26.679+0000] {logging_mixin.py:154} INFO - [2023-12-01T17:49:26.679+0000] {dag.py:3722} INFO - Setting next_dagrun for dataset_consumes_1 to None, run_after=None
[2023-12-01T17:49:26.681+0000] {logging_mixin.py:154} INFO - [2023-12-01T17:49:26.681+0000] {dag.py:3722} INFO - Setting next_dagrun for dataset_consumes_1_and_2 to None, run_after=None
[2023-12-01T17:49:26.682+0000] {logging_mixin.py:154} INFO - [2023-12-01T17:49:26.682+0000] {dag.py:3722} INFO - Setting next_dagrun for dataset_consumes_1_never_scheduled to None, run_after=None
[2023-12-01T17:49:26.683+0000] {logging_mixin.py:154} INFO - [2023-12-01T17:49:26.683+0000] {dag.py:3722} INFO - Setting next_dagrun for dataset_consumes_unknown_never_scheduled to None, run_after=None
[2023-12-01T17:49:26.685+0000] {logging_mixin.py:154} INFO - [2023-12-01T17:49:26.685+0000] {dag.py:3722} INFO - Setting next_dagrun for dataset_produces_1 to 2023-11-30T00:00:00+00:00, run_after=2023-12-01T00:00:00+00:00
[2023-12-01T17:49:26.686+0000] {logging_mixin.py:154} INFO - [2023-12-01T17:49:26.686+0000] {dag.py:3722} INFO - Setting next_dagrun for dataset_produces_2 to None, run_after=None
[2023-12-01T17:49:26.706+0000] {processor.py:179} INFO - Processing /home/airflow/.local/lib/python3.8/site-packages/airflow/example_dags/example_datasets.py took 0.077 seconds
[2023-12-01T17:49:57.671+0000] {processor.py:157} INFO - Started process (PID=444) to work on /home/airflow/.local/lib/python3.8/site-packages/airflow/example_dags/example_datasets.py
[2023-12-01T17:49:57.672+0000] {processor.py:829} INFO - Processing file /home/airflow/.local/lib/python3.8/site-packages/airflow/example_dags/example_datasets.py for tasks to queue
[2023-12-01T17:49:57.673+0000] {logging_mixin.py:154} INFO - [2023-12-01T17:49:57.673+0000] {dagbag.py:536} INFO - Filling up the DagBag from /home/airflow/.local/lib/python3.8/site-packages/airflow/example_dags/example_datasets.py
[2023-12-01T17:49:57.679+0000] {processor.py:839} INFO - DAG(s) dict_keys(['dataset_consumes_1_and_2', 'dataset_produces_2', 'dataset_produces_1', 'dataset_consumes_1_never_scheduled', 'dataset_consumes_unknown_never_scheduled', 'dataset_consumes_1']) retrieved from /home/airflow/.local/lib/python3.8/site-packages/airflow/example_dags/example_datasets.py
[2023-12-01T17:49:57.702+0000] {logging_mixin.py:154} INFO - [2023-12-01T17:49:57.702+0000] {dag.py:2941} INFO - Sync 6 DAGs
[2023-12-01T17:49:57.721+0000] {logging_mixin.py:154} INFO - [2023-12-01T17:49:57.720+0000] {dag.py:3722} INFO - Setting next_dagrun for dataset_consumes_1 to None, run_after=None
[2023-12-01T17:49:57.723+0000] {logging_mixin.py:154} INFO - [2023-12-01T17:49:57.723+0000] {dag.py:3722} INFO - Setting next_dagrun for dataset_consumes_1_and_2 to None, run_after=None
[2023-12-01T17:49:57.724+0000] {logging_mixin.py:154} INFO - [2023-12-01T17:49:57.724+0000] {dag.py:3722} INFO - Setting next_dagrun for dataset_consumes_1_never_scheduled to None, run_after=None
[2023-12-01T17:49:57.725+0000] {logging_mixin.py:154} INFO - [2023-12-01T17:49:57.725+0000] {dag.py:3722} INFO - Setting next_dagrun for dataset_consumes_unknown_never_scheduled to None, run_after=None
[2023-12-01T17:49:57.727+0000] {logging_mixin.py:154} INFO - [2023-12-01T17:49:57.727+0000] {dag.py:3722} INFO - Setting next_dagrun for dataset_produces_1 to 2023-11-30T00:00:00+00:00, run_after=2023-12-01T00:00:00+00:00
[2023-12-01T17:49:57.728+0000] {logging_mixin.py:154} INFO - [2023-12-01T17:49:57.728+0000] {dag.py:3722} INFO - Setting next_dagrun for dataset_produces_2 to None, run_after=None
[2023-12-01T17:49:57.749+0000] {processor.py:179} INFO - Processing /home/airflow/.local/lib/python3.8/site-packages/airflow/example_dags/example_datasets.py took 0.079 seconds
[2023-12-01T17:50:28.463+0000] {processor.py:157} INFO - Started process (PID=534) to work on /home/airflow/.local/lib/python3.8/site-packages/airflow/example_dags/example_datasets.py
[2023-12-01T17:50:28.463+0000] {processor.py:829} INFO - Processing file /home/airflow/.local/lib/python3.8/site-packages/airflow/example_dags/example_datasets.py for tasks to queue
[2023-12-01T17:50:28.465+0000] {logging_mixin.py:154} INFO - [2023-12-01T17:50:28.464+0000] {dagbag.py:536} INFO - Filling up the DagBag from /home/airflow/.local/lib/python3.8/site-packages/airflow/example_dags/example_datasets.py
[2023-12-01T17:50:28.470+0000] {processor.py:839} INFO - DAG(s) dict_keys(['dataset_produces_2', 'dataset_consumes_unknown_never_scheduled', 'dataset_consumes_1', 'dataset_produces_1', 'dataset_consumes_1_never_scheduled', 'dataset_consumes_1_and_2']) retrieved from /home/airflow/.local/lib/python3.8/site-packages/airflow/example_dags/example_datasets.py
[2023-12-01T17:50:28.492+0000] {logging_mixin.py:154} INFO - [2023-12-01T17:50:28.492+0000] {dag.py:2941} INFO - Sync 6 DAGs
[2023-12-01T17:50:28.508+0000] {logging_mixin.py:154} INFO - [2023-12-01T17:50:28.508+0000] {dag.py:3722} INFO - Setting next_dagrun for dataset_consumes_1 to None, run_after=None
[2023-12-01T17:50:28.510+0000] {logging_mixin.py:154} INFO - [2023-12-01T17:50:28.510+0000] {dag.py:3722} INFO - Setting next_dagrun for dataset_consumes_1_and_2 to None, run_after=None
[2023-12-01T17:50:28.511+0000] {logging_mixin.py:154} INFO - [2023-12-01T17:50:28.511+0000] {dag.py:3722} INFO - Setting next_dagrun for dataset_consumes_1_never_scheduled to None, run_after=None
[2023-12-01T17:50:28.512+0000] {logging_mixin.py:154} INFO - [2023-12-01T17:50:28.512+0000] {dag.py:3722} INFO - Setting next_dagrun for dataset_consumes_unknown_never_scheduled to None, run_after=None
[2023-12-01T17:50:28.514+0000] {logging_mixin.py:154} INFO - [2023-12-01T17:50:28.514+0000] {dag.py:3722} INFO - Setting next_dagrun for dataset_produces_1 to 2023-11-30T00:00:00+00:00, run_after=2023-12-01T00:00:00+00:00
[2023-12-01T17:50:28.515+0000] {logging_mixin.py:154} INFO - [2023-12-01T17:50:28.515+0000] {dag.py:3722} INFO - Setting next_dagrun for dataset_produces_2 to None, run_after=None
[2023-12-01T17:50:28.535+0000] {processor.py:179} INFO - Processing /home/airflow/.local/lib/python3.8/site-packages/airflow/example_dags/example_datasets.py took 0.074 seconds
[2023-12-01T17:50:59.456+0000] {processor.py:157} INFO - Started process (PID=624) to work on /home/airflow/.local/lib/python3.8/site-packages/airflow/example_dags/example_datasets.py
[2023-12-01T17:50:59.457+0000] {processor.py:829} INFO - Processing file /home/airflow/.local/lib/python3.8/site-packages/airflow/example_dags/example_datasets.py for tasks to queue
[2023-12-01T17:50:59.458+0000] {logging_mixin.py:154} INFO - [2023-12-01T17:50:59.458+0000] {dagbag.py:536} INFO - Filling up the DagBag from /home/airflow/.local/lib/python3.8/site-packages/airflow/example_dags/example_datasets.py
[2023-12-01T17:50:59.464+0000] {processor.py:839} INFO - DAG(s) dict_keys(['dataset_produces_1', 'dataset_consumes_1_and_2', 'dataset_consumes_1', 'dataset_consumes_1_never_scheduled', 'dataset_produces_2', 'dataset_consumes_unknown_never_scheduled']) retrieved from /home/airflow/.local/lib/python3.8/site-packages/airflow/example_dags/example_datasets.py
[2023-12-01T17:50:59.490+0000] {logging_mixin.py:154} INFO - [2023-12-01T17:50:59.489+0000] {dag.py:2941} INFO - Sync 6 DAGs
[2023-12-01T17:50:59.508+0000] {logging_mixin.py:154} INFO - [2023-12-01T17:50:59.508+0000] {dag.py:3722} INFO - Setting next_dagrun for dataset_consumes_1 to None, run_after=None
[2023-12-01T17:50:59.510+0000] {logging_mixin.py:154} INFO - [2023-12-01T17:50:59.510+0000] {dag.py:3722} INFO - Setting next_dagrun for dataset_consumes_1_and_2 to None, run_after=None
[2023-12-01T17:50:59.511+0000] {logging_mixin.py:154} INFO - [2023-12-01T17:50:59.511+0000] {dag.py:3722} INFO - Setting next_dagrun for dataset_consumes_1_never_scheduled to None, run_after=None
[2023-12-01T17:50:59.512+0000] {logging_mixin.py:154} INFO - [2023-12-01T17:50:59.512+0000] {dag.py:3722} INFO - Setting next_dagrun for dataset_consumes_unknown_never_scheduled to None, run_after=None
[2023-12-01T17:50:59.514+0000] {logging_mixin.py:154} INFO - [2023-12-01T17:50:59.514+0000] {dag.py:3722} INFO - Setting next_dagrun for dataset_produces_1 to 2023-11-30T00:00:00+00:00, run_after=2023-12-01T00:00:00+00:00
[2023-12-01T17:50:59.515+0000] {logging_mixin.py:154} INFO - [2023-12-01T17:50:59.515+0000] {dag.py:3722} INFO - Setting next_dagrun for dataset_produces_2 to None, run_after=None
[2023-12-01T17:50:59.536+0000] {processor.py:179} INFO - Processing /home/airflow/.local/lib/python3.8/site-packages/airflow/example_dags/example_datasets.py took 0.081 seconds
[2023-12-01T17:51:30.436+0000] {processor.py:157} INFO - Started process (PID=714) to work on /home/airflow/.local/lib/python3.8/site-packages/airflow/example_dags/example_datasets.py
[2023-12-01T17:51:30.437+0000] {processor.py:829} INFO - Processing file /home/airflow/.local/lib/python3.8/site-packages/airflow/example_dags/example_datasets.py for tasks to queue
[2023-12-01T17:51:30.438+0000] {logging_mixin.py:154} INFO - [2023-12-01T17:51:30.438+0000] {dagbag.py:536} INFO - Filling up the DagBag from /home/airflow/.local/lib/python3.8/site-packages/airflow/example_dags/example_datasets.py
[2023-12-01T17:51:30.444+0000] {processor.py:839} INFO - DAG(s) dict_keys(['dataset_consumes_1_never_scheduled', 'dataset_produces_2', 'dataset_consumes_1_and_2', 'dataset_produces_1', 'dataset_consumes_1', 'dataset_consumes_unknown_never_scheduled']) retrieved from /home/airflow/.local/lib/python3.8/site-packages/airflow/example_dags/example_datasets.py
[2023-12-01T17:51:30.465+0000] {logging_mixin.py:154} INFO - [2023-12-01T17:51:30.465+0000] {dag.py:2941} INFO - Sync 6 DAGs
[2023-12-01T17:51:30.480+0000] {logging_mixin.py:154} INFO - [2023-12-01T17:51:30.480+0000] {dag.py:3722} INFO - Setting next_dagrun for dataset_consumes_1 to None, run_after=None
[2023-12-01T17:51:30.483+0000] {logging_mixin.py:154} INFO - [2023-12-01T17:51:30.482+0000] {dag.py:3722} INFO - Setting next_dagrun for dataset_consumes_1_and_2 to None, run_after=None
[2023-12-01T17:51:30.483+0000] {logging_mixin.py:154} INFO - [2023-12-01T17:51:30.483+0000] {dag.py:3722} INFO - Setting next_dagrun for dataset_consumes_1_never_scheduled to None, run_after=None
[2023-12-01T17:51:30.484+0000] {logging_mixin.py:154} INFO - [2023-12-01T17:51:30.484+0000] {dag.py:3722} INFO - Setting next_dagrun for dataset_consumes_unknown_never_scheduled to None, run_after=None
[2023-12-01T17:51:30.487+0000] {logging_mixin.py:154} INFO - [2023-12-01T17:51:30.487+0000] {dag.py:3722} INFO - Setting next_dagrun for dataset_produces_1 to 2023-11-30T00:00:00+00:00, run_after=2023-12-01T00:00:00+00:00
[2023-12-01T17:51:30.488+0000] {logging_mixin.py:154} INFO - [2023-12-01T17:51:30.488+0000] {dag.py:3722} INFO - Setting next_dagrun for dataset_produces_2 to None, run_after=None
[2023-12-01T17:51:30.510+0000] {processor.py:179} INFO - Processing /home/airflow/.local/lib/python3.8/site-packages/airflow/example_dags/example_datasets.py took 0.076 seconds
[2023-12-01T17:54:19.161+0000] {processor.py:157} INFO - Started process (PID=84) to work on /home/airflow/.local/lib/python3.8/site-packages/airflow/example_dags/example_datasets.py
[2023-12-01T17:54:19.162+0000] {processor.py:829} INFO - Processing file /home/airflow/.local/lib/python3.8/site-packages/airflow/example_dags/example_datasets.py for tasks to queue
[2023-12-01T17:54:19.163+0000] {logging_mixin.py:154} INFO - [2023-12-01T17:54:19.163+0000] {dagbag.py:536} INFO - Filling up the DagBag from /home/airflow/.local/lib/python3.8/site-packages/airflow/example_dags/example_datasets.py
[2023-12-01T17:54:19.171+0000] {processor.py:839} INFO - DAG(s) dict_keys(['dataset_produces_1', 'dataset_consumes_1_and_2', 'dataset_produces_2', 'dataset_consumes_unknown_never_scheduled', 'dataset_consumes_1', 'dataset_consumes_1_never_scheduled']) retrieved from /home/airflow/.local/lib/python3.8/site-packages/airflow/example_dags/example_datasets.py
[2023-12-01T17:54:19.180+0000] {logging_mixin.py:154} INFO - [2023-12-01T17:54:19.180+0000] {dag.py:2941} INFO - Sync 6 DAGs
[2023-12-01T17:54:19.197+0000] {logging_mixin.py:154} INFO - [2023-12-01T17:54:19.197+0000] {dag.py:3722} INFO - Setting next_dagrun for dataset_consumes_1 to None, run_after=None
[2023-12-01T17:54:19.199+0000] {logging_mixin.py:154} INFO - [2023-12-01T17:54:19.199+0000] {dag.py:3722} INFO - Setting next_dagrun for dataset_consumes_1_and_2 to None, run_after=None
[2023-12-01T17:54:19.200+0000] {logging_mixin.py:154} INFO - [2023-12-01T17:54:19.200+0000] {dag.py:3722} INFO - Setting next_dagrun for dataset_consumes_1_never_scheduled to None, run_after=None
[2023-12-01T17:54:19.201+0000] {logging_mixin.py:154} INFO - [2023-12-01T17:54:19.201+0000] {dag.py:3722} INFO - Setting next_dagrun for dataset_consumes_unknown_never_scheduled to None, run_after=None
[2023-12-01T17:54:19.203+0000] {logging_mixin.py:154} INFO - [2023-12-01T17:54:19.203+0000] {dag.py:3722} INFO - Setting next_dagrun for dataset_produces_1 to 2023-11-30T00:00:00+00:00, run_after=2023-12-01T00:00:00+00:00
[2023-12-01T17:54:19.204+0000] {logging_mixin.py:154} INFO - [2023-12-01T17:54:19.204+0000] {dag.py:3722} INFO - Setting next_dagrun for dataset_produces_2 to None, run_after=None
[2023-12-01T17:54:19.226+0000] {processor.py:179} INFO - Processing /home/airflow/.local/lib/python3.8/site-packages/airflow/example_dags/example_datasets.py took 0.066 seconds
[2023-12-01T17:54:49.699+0000] {processor.py:157} INFO - Started process (PID=174) to work on /home/airflow/.local/lib/python3.8/site-packages/airflow/example_dags/example_datasets.py
[2023-12-01T17:54:49.700+0000] {processor.py:829} INFO - Processing file /home/airflow/.local/lib/python3.8/site-packages/airflow/example_dags/example_datasets.py for tasks to queue
[2023-12-01T17:54:49.701+0000] {logging_mixin.py:154} INFO - [2023-12-01T17:54:49.701+0000] {dagbag.py:536} INFO - Filling up the DagBag from /home/airflow/.local/lib/python3.8/site-packages/airflow/example_dags/example_datasets.py
[2023-12-01T17:54:49.707+0000] {processor.py:839} INFO - DAG(s) dict_keys(['dataset_consumes_1', 'dataset_consumes_1_and_2', 'dataset_produces_2', 'dataset_consumes_unknown_never_scheduled', 'dataset_produces_1', 'dataset_consumes_1_never_scheduled']) retrieved from /home/airflow/.local/lib/python3.8/site-packages/airflow/example_dags/example_datasets.py
[2023-12-01T17:54:49.730+0000] {logging_mixin.py:154} INFO - [2023-12-01T17:54:49.729+0000] {dag.py:2941} INFO - Sync 6 DAGs
[2023-12-01T17:54:49.745+0000] {logging_mixin.py:154} INFO - [2023-12-01T17:54:49.745+0000] {dag.py:3722} INFO - Setting next_dagrun for dataset_consumes_1 to None, run_after=None
[2023-12-01T17:54:49.747+0000] {logging_mixin.py:154} INFO - [2023-12-01T17:54:49.747+0000] {dag.py:3722} INFO - Setting next_dagrun for dataset_consumes_1_and_2 to None, run_after=None
[2023-12-01T17:54:49.748+0000] {logging_mixin.py:154} INFO - [2023-12-01T17:54:49.748+0000] {dag.py:3722} INFO - Setting next_dagrun for dataset_consumes_1_never_scheduled to None, run_after=None
[2023-12-01T17:54:49.749+0000] {logging_mixin.py:154} INFO - [2023-12-01T17:54:49.749+0000] {dag.py:3722} INFO - Setting next_dagrun for dataset_consumes_unknown_never_scheduled to None, run_after=None
[2023-12-01T17:54:49.751+0000] {logging_mixin.py:154} INFO - [2023-12-01T17:54:49.751+0000] {dag.py:3722} INFO - Setting next_dagrun for dataset_produces_1 to 2023-11-30T00:00:00+00:00, run_after=2023-12-01T00:00:00+00:00
[2023-12-01T17:54:49.752+0000] {logging_mixin.py:154} INFO - [2023-12-01T17:54:49.752+0000] {dag.py:3722} INFO - Setting next_dagrun for dataset_produces_2 to None, run_after=None
[2023-12-01T17:54:49.772+0000] {processor.py:179} INFO - Processing /home/airflow/.local/lib/python3.8/site-packages/airflow/example_dags/example_datasets.py took 0.075 seconds
[2023-12-01T17:55:20.654+0000] {processor.py:157} INFO - Started process (PID=264) to work on /home/airflow/.local/lib/python3.8/site-packages/airflow/example_dags/example_datasets.py
[2023-12-01T17:55:20.654+0000] {processor.py:829} INFO - Processing file /home/airflow/.local/lib/python3.8/site-packages/airflow/example_dags/example_datasets.py for tasks to queue
[2023-12-01T17:55:20.656+0000] {logging_mixin.py:154} INFO - [2023-12-01T17:55:20.655+0000] {dagbag.py:536} INFO - Filling up the DagBag from /home/airflow/.local/lib/python3.8/site-packages/airflow/example_dags/example_datasets.py
[2023-12-01T17:55:20.661+0000] {processor.py:839} INFO - DAG(s) dict_keys(['dataset_consumes_1_never_scheduled', 'dataset_consumes_unknown_never_scheduled', 'dataset_produces_2', 'dataset_consumes_1', 'dataset_consumes_1_and_2', 'dataset_produces_1']) retrieved from /home/airflow/.local/lib/python3.8/site-packages/airflow/example_dags/example_datasets.py
[2023-12-01T17:55:20.684+0000] {logging_mixin.py:154} INFO - [2023-12-01T17:55:20.684+0000] {dag.py:2941} INFO - Sync 6 DAGs
[2023-12-01T17:55:20.699+0000] {logging_mixin.py:154} INFO - [2023-12-01T17:55:20.699+0000] {dag.py:3722} INFO - Setting next_dagrun for dataset_consumes_1 to None, run_after=None
[2023-12-01T17:55:20.701+0000] {logging_mixin.py:154} INFO - [2023-12-01T17:55:20.701+0000] {dag.py:3722} INFO - Setting next_dagrun for dataset_consumes_1_and_2 to None, run_after=None
[2023-12-01T17:55:20.702+0000] {logging_mixin.py:154} INFO - [2023-12-01T17:55:20.702+0000] {dag.py:3722} INFO - Setting next_dagrun for dataset_consumes_1_never_scheduled to None, run_after=None
[2023-12-01T17:55:20.703+0000] {logging_mixin.py:154} INFO - [2023-12-01T17:55:20.703+0000] {dag.py:3722} INFO - Setting next_dagrun for dataset_consumes_unknown_never_scheduled to None, run_after=None
[2023-12-01T17:55:20.705+0000] {logging_mixin.py:154} INFO - [2023-12-01T17:55:20.705+0000] {dag.py:3722} INFO - Setting next_dagrun for dataset_produces_1 to 2023-11-30T00:00:00+00:00, run_after=2023-12-01T00:00:00+00:00
[2023-12-01T17:55:20.706+0000] {logging_mixin.py:154} INFO - [2023-12-01T17:55:20.706+0000] {dag.py:3722} INFO - Setting next_dagrun for dataset_produces_2 to None, run_after=None
[2023-12-01T17:55:20.726+0000] {processor.py:179} INFO - Processing /home/airflow/.local/lib/python3.8/site-packages/airflow/example_dags/example_datasets.py took 0.074 seconds
[2023-12-01T17:55:51.413+0000] {processor.py:157} INFO - Started process (PID=354) to work on /home/airflow/.local/lib/python3.8/site-packages/airflow/example_dags/example_datasets.py
[2023-12-01T17:55:51.414+0000] {processor.py:829} INFO - Processing file /home/airflow/.local/lib/python3.8/site-packages/airflow/example_dags/example_datasets.py for tasks to queue
[2023-12-01T17:55:51.415+0000] {logging_mixin.py:154} INFO - [2023-12-01T17:55:51.415+0000] {dagbag.py:536} INFO - Filling up the DagBag from /home/airflow/.local/lib/python3.8/site-packages/airflow/example_dags/example_datasets.py
[2023-12-01T17:55:51.421+0000] {processor.py:839} INFO - DAG(s) dict_keys(['dataset_consumes_unknown_never_scheduled', 'dataset_produces_1', 'dataset_consumes_1', 'dataset_produces_2', 'dataset_consumes_1_and_2', 'dataset_consumes_1_never_scheduled']) retrieved from /home/airflow/.local/lib/python3.8/site-packages/airflow/example_dags/example_datasets.py
[2023-12-01T17:55:51.445+0000] {logging_mixin.py:154} INFO - [2023-12-01T17:55:51.444+0000] {dag.py:2941} INFO - Sync 6 DAGs
[2023-12-01T17:55:51.461+0000] {logging_mixin.py:154} INFO - [2023-12-01T17:55:51.461+0000] {dag.py:3722} INFO - Setting next_dagrun for dataset_consumes_1 to None, run_after=None
[2023-12-01T17:55:51.464+0000] {logging_mixin.py:154} INFO - [2023-12-01T17:55:51.463+0000] {dag.py:3722} INFO - Setting next_dagrun for dataset_consumes_1_and_2 to None, run_after=None
[2023-12-01T17:55:51.465+0000] {logging_mixin.py:154} INFO - [2023-12-01T17:55:51.464+0000] {dag.py:3722} INFO - Setting next_dagrun for dataset_consumes_1_never_scheduled to None, run_after=None
[2023-12-01T17:55:51.465+0000] {logging_mixin.py:154} INFO - [2023-12-01T17:55:51.465+0000] {dag.py:3722} INFO - Setting next_dagrun for dataset_consumes_unknown_never_scheduled to None, run_after=None
[2023-12-01T17:55:51.468+0000] {logging_mixin.py:154} INFO - [2023-12-01T17:55:51.468+0000] {dag.py:3722} INFO - Setting next_dagrun for dataset_produces_1 to 2023-11-30T00:00:00+00:00, run_after=2023-12-01T00:00:00+00:00
[2023-12-01T17:55:51.469+0000] {logging_mixin.py:154} INFO - [2023-12-01T17:55:51.469+0000] {dag.py:3722} INFO - Setting next_dagrun for dataset_produces_2 to None, run_after=None
[2023-12-01T17:55:51.489+0000] {processor.py:179} INFO - Processing /home/airflow/.local/lib/python3.8/site-packages/airflow/example_dags/example_datasets.py took 0.078 seconds
[2023-12-01T17:56:22.389+0000] {processor.py:157} INFO - Started process (PID=444) to work on /home/airflow/.local/lib/python3.8/site-packages/airflow/example_dags/example_datasets.py
[2023-12-01T17:56:22.390+0000] {processor.py:829} INFO - Processing file /home/airflow/.local/lib/python3.8/site-packages/airflow/example_dags/example_datasets.py for tasks to queue
[2023-12-01T17:56:22.391+0000] {logging_mixin.py:154} INFO - [2023-12-01T17:56:22.391+0000] {dagbag.py:536} INFO - Filling up the DagBag from /home/airflow/.local/lib/python3.8/site-packages/airflow/example_dags/example_datasets.py
[2023-12-01T17:56:22.398+0000] {processor.py:839} INFO - DAG(s) dict_keys(['dataset_consumes_1_never_scheduled', 'dataset_consumes_unknown_never_scheduled', 'dataset_consumes_1', 'dataset_produces_2', 'dataset_produces_1', 'dataset_consumes_1_and_2']) retrieved from /home/airflow/.local/lib/python3.8/site-packages/airflow/example_dags/example_datasets.py
[2023-12-01T17:56:22.422+0000] {logging_mixin.py:154} INFO - [2023-12-01T17:56:22.422+0000] {dag.py:2941} INFO - Sync 6 DAGs
[2023-12-01T17:56:22.440+0000] {logging_mixin.py:154} INFO - [2023-12-01T17:56:22.439+0000] {dag.py:3722} INFO - Setting next_dagrun for dataset_consumes_1 to None, run_after=None
[2023-12-01T17:56:22.442+0000] {logging_mixin.py:154} INFO - [2023-12-01T17:56:22.442+0000] {dag.py:3722} INFO - Setting next_dagrun for dataset_consumes_1_and_2 to None, run_after=None
[2023-12-01T17:56:22.443+0000] {logging_mixin.py:154} INFO - [2023-12-01T17:56:22.443+0000] {dag.py:3722} INFO - Setting next_dagrun for dataset_consumes_1_never_scheduled to None, run_after=None
[2023-12-01T17:56:22.444+0000] {logging_mixin.py:154} INFO - [2023-12-01T17:56:22.444+0000] {dag.py:3722} INFO - Setting next_dagrun for dataset_consumes_unknown_never_scheduled to None, run_after=None
[2023-12-01T17:56:22.447+0000] {logging_mixin.py:154} INFO - [2023-12-01T17:56:22.447+0000] {dag.py:3722} INFO - Setting next_dagrun for dataset_produces_1 to 2023-11-30T00:00:00+00:00, run_after=2023-12-01T00:00:00+00:00
[2023-12-01T17:56:22.448+0000] {logging_mixin.py:154} INFO - [2023-12-01T17:56:22.448+0000] {dag.py:3722} INFO - Setting next_dagrun for dataset_produces_2 to None, run_after=None
[2023-12-01T17:56:22.471+0000] {processor.py:179} INFO - Processing /home/airflow/.local/lib/python3.8/site-packages/airflow/example_dags/example_datasets.py took 0.084 seconds
[2023-12-01T17:56:52.963+0000] {processor.py:157} INFO - Started process (PID=534) to work on /home/airflow/.local/lib/python3.8/site-packages/airflow/example_dags/example_datasets.py
[2023-12-01T17:56:52.963+0000] {processor.py:829} INFO - Processing file /home/airflow/.local/lib/python3.8/site-packages/airflow/example_dags/example_datasets.py for tasks to queue
[2023-12-01T17:56:52.965+0000] {logging_mixin.py:154} INFO - [2023-12-01T17:56:52.965+0000] {dagbag.py:536} INFO - Filling up the DagBag from /home/airflow/.local/lib/python3.8/site-packages/airflow/example_dags/example_datasets.py
[2023-12-01T17:56:52.971+0000] {processor.py:839} INFO - DAG(s) dict_keys(['dataset_consumes_1', 'dataset_consumes_1_and_2', 'dataset_consumes_unknown_never_scheduled', 'dataset_consumes_1_never_scheduled', 'dataset_produces_2', 'dataset_produces_1']) retrieved from /home/airflow/.local/lib/python3.8/site-packages/airflow/example_dags/example_datasets.py
[2023-12-01T17:56:52.995+0000] {logging_mixin.py:154} INFO - [2023-12-01T17:56:52.994+0000] {dag.py:2941} INFO - Sync 6 DAGs
[2023-12-01T17:56:53.011+0000] {logging_mixin.py:154} INFO - [2023-12-01T17:56:53.011+0000] {dag.py:3722} INFO - Setting next_dagrun for dataset_consumes_1 to None, run_after=None
[2023-12-01T17:56:53.013+0000] {logging_mixin.py:154} INFO - [2023-12-01T17:56:53.013+0000] {dag.py:3722} INFO - Setting next_dagrun for dataset_consumes_1_and_2 to None, run_after=None
[2023-12-01T17:56:53.014+0000] {logging_mixin.py:154} INFO - [2023-12-01T17:56:53.014+0000] {dag.py:3722} INFO - Setting next_dagrun for dataset_consumes_1_never_scheduled to None, run_after=None
[2023-12-01T17:56:53.015+0000] {logging_mixin.py:154} INFO - [2023-12-01T17:56:53.015+0000] {dag.py:3722} INFO - Setting next_dagrun for dataset_consumes_unknown_never_scheduled to None, run_after=None
[2023-12-01T17:56:53.017+0000] {logging_mixin.py:154} INFO - [2023-12-01T17:56:53.017+0000] {dag.py:3722} INFO - Setting next_dagrun for dataset_produces_1 to 2023-11-30T00:00:00+00:00, run_after=2023-12-01T00:00:00+00:00
[2023-12-01T17:56:53.018+0000] {logging_mixin.py:154} INFO - [2023-12-01T17:56:53.018+0000] {dag.py:3722} INFO - Setting next_dagrun for dataset_produces_2 to None, run_after=None
[2023-12-01T17:56:53.039+0000] {processor.py:179} INFO - Processing /home/airflow/.local/lib/python3.8/site-packages/airflow/example_dags/example_datasets.py took 0.078 seconds
[2023-12-01T17:57:54.591+0000] {processor.py:157} INFO - Started process (PID=84) to work on /home/airflow/.local/lib/python3.8/site-packages/airflow/example_dags/example_datasets.py
[2023-12-01T17:57:54.592+0000] {processor.py:829} INFO - Processing file /home/airflow/.local/lib/python3.8/site-packages/airflow/example_dags/example_datasets.py for tasks to queue
[2023-12-01T17:57:54.593+0000] {logging_mixin.py:154} INFO - [2023-12-01T17:57:54.593+0000] {dagbag.py:536} INFO - Filling up the DagBag from /home/airflow/.local/lib/python3.8/site-packages/airflow/example_dags/example_datasets.py
[2023-12-01T17:57:54.601+0000] {processor.py:839} INFO - DAG(s) dict_keys(['dataset_consumes_1', 'dataset_consumes_1_never_scheduled', 'dataset_consumes_1_and_2', 'dataset_consumes_unknown_never_scheduled', 'dataset_produces_2', 'dataset_produces_1']) retrieved from /home/airflow/.local/lib/python3.8/site-packages/airflow/example_dags/example_datasets.py
[2023-12-01T17:57:54.611+0000] {logging_mixin.py:154} INFO - [2023-12-01T17:57:54.611+0000] {dag.py:2941} INFO - Sync 6 DAGs
[2023-12-01T17:57:54.628+0000] {logging_mixin.py:154} INFO - [2023-12-01T17:57:54.628+0000] {dag.py:3722} INFO - Setting next_dagrun for dataset_consumes_1 to None, run_after=None
[2023-12-01T17:57:54.631+0000] {logging_mixin.py:154} INFO - [2023-12-01T17:57:54.631+0000] {dag.py:3722} INFO - Setting next_dagrun for dataset_consumes_1_and_2 to None, run_after=None
[2023-12-01T17:57:54.632+0000] {logging_mixin.py:154} INFO - [2023-12-01T17:57:54.632+0000] {dag.py:3722} INFO - Setting next_dagrun for dataset_consumes_1_never_scheduled to None, run_after=None
[2023-12-01T17:57:54.633+0000] {logging_mixin.py:154} INFO - [2023-12-01T17:57:54.633+0000] {dag.py:3722} INFO - Setting next_dagrun for dataset_consumes_unknown_never_scheduled to None, run_after=None
[2023-12-01T17:57:54.636+0000] {logging_mixin.py:154} INFO - [2023-12-01T17:57:54.635+0000] {dag.py:3722} INFO - Setting next_dagrun for dataset_produces_1 to 2023-11-30T00:00:00+00:00, run_after=2023-12-01T00:00:00+00:00
[2023-12-01T17:57:54.637+0000] {logging_mixin.py:154} INFO - [2023-12-01T17:57:54.637+0000] {dag.py:3722} INFO - Setting next_dagrun for dataset_produces_2 to None, run_after=None
[2023-12-01T17:57:54.659+0000] {processor.py:179} INFO - Processing /home/airflow/.local/lib/python3.8/site-packages/airflow/example_dags/example_datasets.py took 0.069 seconds
[2023-12-01T17:58:25.201+0000] {processor.py:157} INFO - Started process (PID=174) to work on /home/airflow/.local/lib/python3.8/site-packages/airflow/example_dags/example_datasets.py
[2023-12-01T17:58:25.202+0000] {processor.py:829} INFO - Processing file /home/airflow/.local/lib/python3.8/site-packages/airflow/example_dags/example_datasets.py for tasks to queue
[2023-12-01T17:58:25.203+0000] {logging_mixin.py:154} INFO - [2023-12-01T17:58:25.203+0000] {dagbag.py:536} INFO - Filling up the DagBag from /home/airflow/.local/lib/python3.8/site-packages/airflow/example_dags/example_datasets.py
[2023-12-01T17:58:25.209+0000] {processor.py:839} INFO - DAG(s) dict_keys(['dataset_produces_1', 'dataset_consumes_1', 'dataset_consumes_1_never_scheduled', 'dataset_consumes_unknown_never_scheduled', 'dataset_produces_2', 'dataset_consumes_1_and_2']) retrieved from /home/airflow/.local/lib/python3.8/site-packages/airflow/example_dags/example_datasets.py
[2023-12-01T17:58:25.231+0000] {logging_mixin.py:154} INFO - [2023-12-01T17:58:25.231+0000] {dag.py:2941} INFO - Sync 6 DAGs
[2023-12-01T17:58:25.246+0000] {logging_mixin.py:154} INFO - [2023-12-01T17:58:25.246+0000] {dag.py:3722} INFO - Setting next_dagrun for dataset_consumes_1 to None, run_after=None
[2023-12-01T17:58:25.249+0000] {logging_mixin.py:154} INFO - [2023-12-01T17:58:25.248+0000] {dag.py:3722} INFO - Setting next_dagrun for dataset_consumes_1_and_2 to None, run_after=None
[2023-12-01T17:58:25.250+0000] {logging_mixin.py:154} INFO - [2023-12-01T17:58:25.249+0000] {dag.py:3722} INFO - Setting next_dagrun for dataset_consumes_1_never_scheduled to None, run_after=None
[2023-12-01T17:58:25.250+0000] {logging_mixin.py:154} INFO - [2023-12-01T17:58:25.250+0000] {dag.py:3722} INFO - Setting next_dagrun for dataset_consumes_unknown_never_scheduled to None, run_after=None
[2023-12-01T17:58:25.253+0000] {logging_mixin.py:154} INFO - [2023-12-01T17:58:25.253+0000] {dag.py:3722} INFO - Setting next_dagrun for dataset_produces_1 to 2023-11-30T00:00:00+00:00, run_after=2023-12-01T00:00:00+00:00
[2023-12-01T17:58:25.254+0000] {logging_mixin.py:154} INFO - [2023-12-01T17:58:25.254+0000] {dag.py:3722} INFO - Setting next_dagrun for dataset_produces_2 to None, run_after=None
[2023-12-01T17:58:25.274+0000] {processor.py:179} INFO - Processing /home/airflow/.local/lib/python3.8/site-packages/airflow/example_dags/example_datasets.py took 0.075 seconds
[2023-12-01T17:58:55.963+0000] {processor.py:157} INFO - Started process (PID=264) to work on /home/airflow/.local/lib/python3.8/site-packages/airflow/example_dags/example_datasets.py
[2023-12-01T17:58:55.964+0000] {processor.py:829} INFO - Processing file /home/airflow/.local/lib/python3.8/site-packages/airflow/example_dags/example_datasets.py for tasks to queue
[2023-12-01T17:58:55.965+0000] {logging_mixin.py:154} INFO - [2023-12-01T17:58:55.965+0000] {dagbag.py:536} INFO - Filling up the DagBag from /home/airflow/.local/lib/python3.8/site-packages/airflow/example_dags/example_datasets.py
[2023-12-01T17:58:55.971+0000] {processor.py:839} INFO - DAG(s) dict_keys(['dataset_produces_2', 'dataset_consumes_1_and_2', 'dataset_consumes_1', 'dataset_consumes_unknown_never_scheduled', 'dataset_consumes_1_never_scheduled', 'dataset_produces_1']) retrieved from /home/airflow/.local/lib/python3.8/site-packages/airflow/example_dags/example_datasets.py
[2023-12-01T17:58:55.993+0000] {logging_mixin.py:154} INFO - [2023-12-01T17:58:55.993+0000] {dag.py:2941} INFO - Sync 6 DAGs
[2023-12-01T17:58:56.009+0000] {logging_mixin.py:154} INFO - [2023-12-01T17:58:56.009+0000] {dag.py:3722} INFO - Setting next_dagrun for dataset_consumes_1 to None, run_after=None
[2023-12-01T17:58:56.011+0000] {logging_mixin.py:154} INFO - [2023-12-01T17:58:56.011+0000] {dag.py:3722} INFO - Setting next_dagrun for dataset_consumes_1_and_2 to None, run_after=None
[2023-12-01T17:58:56.012+0000] {logging_mixin.py:154} INFO - [2023-12-01T17:58:56.012+0000] {dag.py:3722} INFO - Setting next_dagrun for dataset_consumes_1_never_scheduled to None, run_after=None
[2023-12-01T17:58:56.013+0000] {logging_mixin.py:154} INFO - [2023-12-01T17:58:56.013+0000] {dag.py:3722} INFO - Setting next_dagrun for dataset_consumes_unknown_never_scheduled to None, run_after=None
[2023-12-01T17:58:56.015+0000] {logging_mixin.py:154} INFO - [2023-12-01T17:58:56.015+0000] {dag.py:3722} INFO - Setting next_dagrun for dataset_produces_1 to 2023-11-30T00:00:00+00:00, run_after=2023-12-01T00:00:00+00:00
[2023-12-01T17:58:56.016+0000] {logging_mixin.py:154} INFO - [2023-12-01T17:58:56.016+0000] {dag.py:3722} INFO - Setting next_dagrun for dataset_produces_2 to None, run_after=None
[2023-12-01T17:58:56.036+0000] {processor.py:179} INFO - Processing /home/airflow/.local/lib/python3.8/site-packages/airflow/example_dags/example_datasets.py took 0.074 seconds
[2023-12-01T17:59:26.697+0000] {processor.py:157} INFO - Started process (PID=354) to work on /home/airflow/.local/lib/python3.8/site-packages/airflow/example_dags/example_datasets.py
[2023-12-01T17:59:26.698+0000] {processor.py:829} INFO - Processing file /home/airflow/.local/lib/python3.8/site-packages/airflow/example_dags/example_datasets.py for tasks to queue
[2023-12-01T17:59:26.699+0000] {logging_mixin.py:154} INFO - [2023-12-01T17:59:26.699+0000] {dagbag.py:536} INFO - Filling up the DagBag from /home/airflow/.local/lib/python3.8/site-packages/airflow/example_dags/example_datasets.py
[2023-12-01T17:59:26.705+0000] {processor.py:839} INFO - DAG(s) dict_keys(['dataset_consumes_1_never_scheduled', 'dataset_consumes_1', 'dataset_produces_1', 'dataset_produces_2', 'dataset_consumes_unknown_never_scheduled', 'dataset_consumes_1_and_2']) retrieved from /home/airflow/.local/lib/python3.8/site-packages/airflow/example_dags/example_datasets.py
[2023-12-01T17:59:26.729+0000] {logging_mixin.py:154} INFO - [2023-12-01T17:59:26.728+0000] {dag.py:2941} INFO - Sync 6 DAGs
[2023-12-01T17:59:26.744+0000] {logging_mixin.py:154} INFO - [2023-12-01T17:59:26.744+0000] {dag.py:3722} INFO - Setting next_dagrun for dataset_consumes_1 to None, run_after=None
[2023-12-01T17:59:26.746+0000] {logging_mixin.py:154} INFO - [2023-12-01T17:59:26.746+0000] {dag.py:3722} INFO - Setting next_dagrun for dataset_consumes_1_and_2 to None, run_after=None
[2023-12-01T17:59:26.747+0000] {logging_mixin.py:154} INFO - [2023-12-01T17:59:26.747+0000] {dag.py:3722} INFO - Setting next_dagrun for dataset_consumes_1_never_scheduled to None, run_after=None
[2023-12-01T17:59:26.748+0000] {logging_mixin.py:154} INFO - [2023-12-01T17:59:26.748+0000] {dag.py:3722} INFO - Setting next_dagrun for dataset_consumes_unknown_never_scheduled to None, run_after=None
[2023-12-01T17:59:26.750+0000] {logging_mixin.py:154} INFO - [2023-12-01T17:59:26.750+0000] {dag.py:3722} INFO - Setting next_dagrun for dataset_produces_1 to 2023-11-30T00:00:00+00:00, run_after=2023-12-01T00:00:00+00:00
[2023-12-01T17:59:26.751+0000] {logging_mixin.py:154} INFO - [2023-12-01T17:59:26.751+0000] {dag.py:3722} INFO - Setting next_dagrun for dataset_produces_2 to None, run_after=None
[2023-12-01T17:59:26.773+0000] {processor.py:179} INFO - Processing /home/airflow/.local/lib/python3.8/site-packages/airflow/example_dags/example_datasets.py took 0.078 seconds
