[2023-12-01T17:41:52.489+0000] {processor.py:157} INFO - Started process (PID=112) to work on /home/airflow/.local/lib/python3.8/site-packages/airflow/example_dags/example_short_circuit_operator.py
[2023-12-01T17:41:52.489+0000] {processor.py:829} INFO - Processing file /home/airflow/.local/lib/python3.8/site-packages/airflow/example_dags/example_short_circuit_operator.py for tasks to queue
[2023-12-01T17:41:52.491+0000] {logging_mixin.py:154} INFO - [2023-12-01T17:41:52.491+0000] {dagbag.py:536} INFO - Filling up the DagBag from /home/airflow/.local/lib/python3.8/site-packages/airflow/example_dags/example_short_circuit_operator.py
[2023-12-01T17:41:52.497+0000] {processor.py:839} INFO - DAG(s) dict_keys(['example_short_circuit_operator']) retrieved from /home/airflow/.local/lib/python3.8/site-packages/airflow/example_dags/example_short_circuit_operator.py
[2023-12-01T17:41:52.504+0000] {logging_mixin.py:154} INFO - [2023-12-01T17:41:52.504+0000] {dag.py:2941} INFO - Sync 1 DAGs
[2023-12-01T17:41:52.523+0000] {logging_mixin.py:154} INFO - [2023-12-01T17:41:52.522+0000] {dag.py:3722} INFO - Setting next_dagrun for example_short_circuit_operator to 2023-11-30T17:41:52.522692+00:00, run_after=2023-12-01T17:41:52.522692+00:00
[2023-12-01T17:41:52.536+0000] {processor.py:179} INFO - Processing /home/airflow/.local/lib/python3.8/site-packages/airflow/example_dags/example_short_circuit_operator.py took 0.049 seconds
[2023-12-01T17:42:23.176+0000] {processor.py:157} INFO - Started process (PID=202) to work on /home/airflow/.local/lib/python3.8/site-packages/airflow/example_dags/example_short_circuit_operator.py
[2023-12-01T17:42:23.176+0000] {processor.py:829} INFO - Processing file /home/airflow/.local/lib/python3.8/site-packages/airflow/example_dags/example_short_circuit_operator.py for tasks to queue
[2023-12-01T17:42:23.177+0000] {logging_mixin.py:154} INFO - [2023-12-01T17:42:23.177+0000] {dagbag.py:536} INFO - Filling up the DagBag from /home/airflow/.local/lib/python3.8/site-packages/airflow/example_dags/example_short_circuit_operator.py
[2023-12-01T17:42:23.182+0000] {processor.py:839} INFO - DAG(s) dict_keys(['example_short_circuit_operator']) retrieved from /home/airflow/.local/lib/python3.8/site-packages/airflow/example_dags/example_short_circuit_operator.py
[2023-12-01T17:42:23.197+0000] {logging_mixin.py:154} INFO - [2023-12-01T17:42:23.196+0000] {dag.py:2941} INFO - Sync 1 DAGs
[2023-12-01T17:42:23.210+0000] {logging_mixin.py:154} INFO - [2023-12-01T17:42:23.210+0000] {dag.py:3722} INFO - Setting next_dagrun for example_short_circuit_operator to 2023-11-30T17:42:23.210585+00:00, run_after=2023-12-01T17:42:23.210585+00:00
[2023-12-01T17:42:23.221+0000] {processor.py:179} INFO - Processing /home/airflow/.local/lib/python3.8/site-packages/airflow/example_dags/example_short_circuit_operator.py took 0.048 seconds
[2023-12-01T17:42:53.749+0000] {processor.py:157} INFO - Started process (PID=292) to work on /home/airflow/.local/lib/python3.8/site-packages/airflow/example_dags/example_short_circuit_operator.py
[2023-12-01T17:42:53.749+0000] {processor.py:829} INFO - Processing file /home/airflow/.local/lib/python3.8/site-packages/airflow/example_dags/example_short_circuit_operator.py for tasks to queue
[2023-12-01T17:42:53.751+0000] {logging_mixin.py:154} INFO - [2023-12-01T17:42:53.750+0000] {dagbag.py:536} INFO - Filling up the DagBag from /home/airflow/.local/lib/python3.8/site-packages/airflow/example_dags/example_short_circuit_operator.py
[2023-12-01T17:42:53.755+0000] {processor.py:839} INFO - DAG(s) dict_keys(['example_short_circuit_operator']) retrieved from /home/airflow/.local/lib/python3.8/site-packages/airflow/example_dags/example_short_circuit_operator.py
[2023-12-01T17:42:53.769+0000] {logging_mixin.py:154} INFO - [2023-12-01T17:42:53.769+0000] {dag.py:2941} INFO - Sync 1 DAGs
[2023-12-01T17:42:53.783+0000] {logging_mixin.py:154} INFO - [2023-12-01T17:42:53.783+0000] {dag.py:3722} INFO - Setting next_dagrun for example_short_circuit_operator to 2023-11-30T17:42:53.783115+00:00, run_after=2023-12-01T17:42:53.783115+00:00
[2023-12-01T17:42:53.798+0000] {processor.py:179} INFO - Processing /home/airflow/.local/lib/python3.8/site-packages/airflow/example_dags/example_short_circuit_operator.py took 0.051 seconds
[2023-12-01T17:43:24.687+0000] {processor.py:157} INFO - Started process (PID=382) to work on /home/airflow/.local/lib/python3.8/site-packages/airflow/example_dags/example_short_circuit_operator.py
[2023-12-01T17:43:24.687+0000] {processor.py:829} INFO - Processing file /home/airflow/.local/lib/python3.8/site-packages/airflow/example_dags/example_short_circuit_operator.py for tasks to queue
[2023-12-01T17:43:24.689+0000] {logging_mixin.py:154} INFO - [2023-12-01T17:43:24.688+0000] {dagbag.py:536} INFO - Filling up the DagBag from /home/airflow/.local/lib/python3.8/site-packages/airflow/example_dags/example_short_circuit_operator.py
[2023-12-01T17:43:24.693+0000] {processor.py:839} INFO - DAG(s) dict_keys(['example_short_circuit_operator']) retrieved from /home/airflow/.local/lib/python3.8/site-packages/airflow/example_dags/example_short_circuit_operator.py
[2023-12-01T17:43:24.709+0000] {logging_mixin.py:154} INFO - [2023-12-01T17:43:24.709+0000] {dag.py:2941} INFO - Sync 1 DAGs
[2023-12-01T17:43:24.724+0000] {logging_mixin.py:154} INFO - [2023-12-01T17:43:24.724+0000] {dag.py:3722} INFO - Setting next_dagrun for example_short_circuit_operator to 2023-11-30T17:43:24.723831+00:00, run_after=2023-12-01T17:43:24.723831+00:00
[2023-12-01T17:43:24.736+0000] {processor.py:179} INFO - Processing /home/airflow/.local/lib/python3.8/site-packages/airflow/example_dags/example_short_circuit_operator.py took 0.051 seconds
[2023-12-01T17:43:56.039+0000] {processor.py:157} INFO - Started process (PID=472) to work on /home/airflow/.local/lib/python3.8/site-packages/airflow/example_dags/example_short_circuit_operator.py
[2023-12-01T17:43:56.040+0000] {processor.py:829} INFO - Processing file /home/airflow/.local/lib/python3.8/site-packages/airflow/example_dags/example_short_circuit_operator.py for tasks to queue
[2023-12-01T17:43:56.041+0000] {logging_mixin.py:154} INFO - [2023-12-01T17:43:56.041+0000] {dagbag.py:536} INFO - Filling up the DagBag from /home/airflow/.local/lib/python3.8/site-packages/airflow/example_dags/example_short_circuit_operator.py
[2023-12-01T17:43:56.049+0000] {processor.py:839} INFO - DAG(s) dict_keys(['example_short_circuit_operator']) retrieved from /home/airflow/.local/lib/python3.8/site-packages/airflow/example_dags/example_short_circuit_operator.py
[2023-12-01T17:43:56.065+0000] {logging_mixin.py:154} INFO - [2023-12-01T17:43:56.065+0000] {dag.py:2941} INFO - Sync 1 DAGs
[2023-12-01T17:43:56.081+0000] {logging_mixin.py:154} INFO - [2023-12-01T17:43:56.081+0000] {dag.py:3722} INFO - Setting next_dagrun for example_short_circuit_operator to 2023-11-30T17:43:56.080864+00:00, run_after=2023-12-01T17:43:56.080864+00:00
[2023-12-01T17:43:56.095+0000] {processor.py:179} INFO - Processing /home/airflow/.local/lib/python3.8/site-packages/airflow/example_dags/example_short_circuit_operator.py took 0.057 seconds
[2023-12-01T17:44:26.799+0000] {processor.py:157} INFO - Started process (PID=562) to work on /home/airflow/.local/lib/python3.8/site-packages/airflow/example_dags/example_short_circuit_operator.py
[2023-12-01T17:44:26.800+0000] {processor.py:829} INFO - Processing file /home/airflow/.local/lib/python3.8/site-packages/airflow/example_dags/example_short_circuit_operator.py for tasks to queue
[2023-12-01T17:44:26.801+0000] {logging_mixin.py:154} INFO - [2023-12-01T17:44:26.801+0000] {dagbag.py:536} INFO - Filling up the DagBag from /home/airflow/.local/lib/python3.8/site-packages/airflow/example_dags/example_short_circuit_operator.py
[2023-12-01T17:44:26.806+0000] {processor.py:839} INFO - DAG(s) dict_keys(['example_short_circuit_operator']) retrieved from /home/airflow/.local/lib/python3.8/site-packages/airflow/example_dags/example_short_circuit_operator.py
[2023-12-01T17:44:26.821+0000] {logging_mixin.py:154} INFO - [2023-12-01T17:44:26.821+0000] {dag.py:2941} INFO - Sync 1 DAGs
[2023-12-01T17:44:26.836+0000] {logging_mixin.py:154} INFO - [2023-12-01T17:44:26.836+0000] {dag.py:3722} INFO - Setting next_dagrun for example_short_circuit_operator to 2023-11-30T17:44:26.835998+00:00, run_after=2023-12-01T17:44:26.835998+00:00
[2023-12-01T17:44:26.847+0000] {processor.py:179} INFO - Processing /home/airflow/.local/lib/python3.8/site-packages/airflow/example_dags/example_short_circuit_operator.py took 0.050 seconds
[2023-12-01T17:45:23.845+0000] {processor.py:157} INFO - Started process (PID=112) to work on /home/airflow/.local/lib/python3.8/site-packages/airflow/example_dags/example_short_circuit_operator.py
[2023-12-01T17:45:23.846+0000] {processor.py:829} INFO - Processing file /home/airflow/.local/lib/python3.8/site-packages/airflow/example_dags/example_short_circuit_operator.py for tasks to queue
[2023-12-01T17:45:23.847+0000] {logging_mixin.py:154} INFO - [2023-12-01T17:45:23.847+0000] {dagbag.py:536} INFO - Filling up the DagBag from /home/airflow/.local/lib/python3.8/site-packages/airflow/example_dags/example_short_circuit_operator.py
[2023-12-01T17:45:23.853+0000] {processor.py:839} INFO - DAG(s) dict_keys(['example_short_circuit_operator']) retrieved from /home/airflow/.local/lib/python3.8/site-packages/airflow/example_dags/example_short_circuit_operator.py
[2023-12-01T17:45:23.860+0000] {logging_mixin.py:154} INFO - [2023-12-01T17:45:23.860+0000] {dag.py:2941} INFO - Sync 1 DAGs
[2023-12-01T17:45:23.875+0000] {logging_mixin.py:154} INFO - [2023-12-01T17:45:23.875+0000] {dag.py:3722} INFO - Setting next_dagrun for example_short_circuit_operator to 2023-11-30T17:45:23.874984+00:00, run_after=2023-12-01T17:45:23.874984+00:00
[2023-12-01T17:45:23.888+0000] {processor.py:179} INFO - Processing /home/airflow/.local/lib/python3.8/site-packages/airflow/example_dags/example_short_circuit_operator.py took 0.044 seconds
[2023-12-01T17:45:55.058+0000] {processor.py:157} INFO - Started process (PID=202) to work on /home/airflow/.local/lib/python3.8/site-packages/airflow/example_dags/example_short_circuit_operator.py
[2023-12-01T17:45:55.059+0000] {processor.py:829} INFO - Processing file /home/airflow/.local/lib/python3.8/site-packages/airflow/example_dags/example_short_circuit_operator.py for tasks to queue
[2023-12-01T17:45:55.060+0000] {logging_mixin.py:154} INFO - [2023-12-01T17:45:55.060+0000] {dagbag.py:536} INFO - Filling up the DagBag from /home/airflow/.local/lib/python3.8/site-packages/airflow/example_dags/example_short_circuit_operator.py
[2023-12-01T17:45:55.065+0000] {processor.py:839} INFO - DAG(s) dict_keys(['example_short_circuit_operator']) retrieved from /home/airflow/.local/lib/python3.8/site-packages/airflow/example_dags/example_short_circuit_operator.py
[2023-12-01T17:45:55.085+0000] {logging_mixin.py:154} INFO - [2023-12-01T17:45:55.085+0000] {dag.py:2941} INFO - Sync 1 DAGs
[2023-12-01T17:45:55.111+0000] {logging_mixin.py:154} INFO - [2023-12-01T17:45:55.111+0000] {dag.py:3722} INFO - Setting next_dagrun for example_short_circuit_operator to 2023-11-30T17:45:55.111202+00:00, run_after=2023-12-01T17:45:55.111202+00:00
[2023-12-01T17:45:55.131+0000] {processor.py:179} INFO - Processing /home/airflow/.local/lib/python3.8/site-packages/airflow/example_dags/example_short_circuit_operator.py took 0.074 seconds
[2023-12-01T17:46:26.044+0000] {processor.py:157} INFO - Started process (PID=292) to work on /home/airflow/.local/lib/python3.8/site-packages/airflow/example_dags/example_short_circuit_operator.py
[2023-12-01T17:46:26.044+0000] {processor.py:829} INFO - Processing file /home/airflow/.local/lib/python3.8/site-packages/airflow/example_dags/example_short_circuit_operator.py for tasks to queue
[2023-12-01T17:46:26.046+0000] {logging_mixin.py:154} INFO - [2023-12-01T17:46:26.045+0000] {dagbag.py:536} INFO - Filling up the DagBag from /home/airflow/.local/lib/python3.8/site-packages/airflow/example_dags/example_short_circuit_operator.py
[2023-12-01T17:46:26.050+0000] {processor.py:839} INFO - DAG(s) dict_keys(['example_short_circuit_operator']) retrieved from /home/airflow/.local/lib/python3.8/site-packages/airflow/example_dags/example_short_circuit_operator.py
[2023-12-01T17:46:26.066+0000] {logging_mixin.py:154} INFO - [2023-12-01T17:46:26.066+0000] {dag.py:2941} INFO - Sync 1 DAGs
[2023-12-01T17:46:26.082+0000] {logging_mixin.py:154} INFO - [2023-12-01T17:46:26.082+0000] {dag.py:3722} INFO - Setting next_dagrun for example_short_circuit_operator to 2023-11-30T17:46:26.082405+00:00, run_after=2023-12-01T17:46:26.082405+00:00
[2023-12-01T17:46:26.095+0000] {processor.py:179} INFO - Processing /home/airflow/.local/lib/python3.8/site-packages/airflow/example_dags/example_short_circuit_operator.py took 0.053 seconds
[2023-12-01T17:46:56.765+0000] {processor.py:157} INFO - Started process (PID=382) to work on /home/airflow/.local/lib/python3.8/site-packages/airflow/example_dags/example_short_circuit_operator.py
[2023-12-01T17:46:56.765+0000] {processor.py:829} INFO - Processing file /home/airflow/.local/lib/python3.8/site-packages/airflow/example_dags/example_short_circuit_operator.py for tasks to queue
[2023-12-01T17:46:56.767+0000] {logging_mixin.py:154} INFO - [2023-12-01T17:46:56.766+0000] {dagbag.py:536} INFO - Filling up the DagBag from /home/airflow/.local/lib/python3.8/site-packages/airflow/example_dags/example_short_circuit_operator.py
[2023-12-01T17:46:56.771+0000] {processor.py:839} INFO - DAG(s) dict_keys(['example_short_circuit_operator']) retrieved from /home/airflow/.local/lib/python3.8/site-packages/airflow/example_dags/example_short_circuit_operator.py
[2023-12-01T17:46:56.786+0000] {logging_mixin.py:154} INFO - [2023-12-01T17:46:56.786+0000] {dag.py:2941} INFO - Sync 1 DAGs
[2023-12-01T17:46:56.801+0000] {logging_mixin.py:154} INFO - [2023-12-01T17:46:56.801+0000] {dag.py:3722} INFO - Setting next_dagrun for example_short_circuit_operator to 2023-11-30T17:46:56.801125+00:00, run_after=2023-12-01T17:46:56.801125+00:00
[2023-12-01T17:46:56.812+0000] {processor.py:179} INFO - Processing /home/airflow/.local/lib/python3.8/site-packages/airflow/example_dags/example_short_circuit_operator.py took 0.049 seconds
[2023-12-01T17:47:55.049+0000] {processor.py:157} INFO - Started process (PID=112) to work on /home/airflow/.local/lib/python3.8/site-packages/airflow/example_dags/example_short_circuit_operator.py
[2023-12-01T17:47:55.050+0000] {processor.py:829} INFO - Processing file /home/airflow/.local/lib/python3.8/site-packages/airflow/example_dags/example_short_circuit_operator.py for tasks to queue
[2023-12-01T17:47:55.051+0000] {logging_mixin.py:154} INFO - [2023-12-01T17:47:55.051+0000] {dagbag.py:536} INFO - Filling up the DagBag from /home/airflow/.local/lib/python3.8/site-packages/airflow/example_dags/example_short_circuit_operator.py
[2023-12-01T17:47:55.057+0000] {processor.py:839} INFO - DAG(s) dict_keys(['example_short_circuit_operator']) retrieved from /home/airflow/.local/lib/python3.8/site-packages/airflow/example_dags/example_short_circuit_operator.py
[2023-12-01T17:47:55.064+0000] {logging_mixin.py:154} INFO - [2023-12-01T17:47:55.064+0000] {dag.py:2941} INFO - Sync 1 DAGs
[2023-12-01T17:47:55.080+0000] {logging_mixin.py:154} INFO - [2023-12-01T17:47:55.080+0000] {dag.py:3722} INFO - Setting next_dagrun for example_short_circuit_operator to 2023-11-30T17:47:55.080320+00:00, run_after=2023-12-01T17:47:55.080320+00:00
[2023-12-01T17:47:55.092+0000] {processor.py:179} INFO - Processing /home/airflow/.local/lib/python3.8/site-packages/airflow/example_dags/example_short_circuit_operator.py took 0.044 seconds
[2023-12-01T17:48:26.754+0000] {processor.py:157} INFO - Started process (PID=202) to work on /home/airflow/.local/lib/python3.8/site-packages/airflow/example_dags/example_short_circuit_operator.py
[2023-12-01T17:48:26.755+0000] {processor.py:829} INFO - Processing file /home/airflow/.local/lib/python3.8/site-packages/airflow/example_dags/example_short_circuit_operator.py for tasks to queue
[2023-12-01T17:48:26.756+0000] {logging_mixin.py:154} INFO - [2023-12-01T17:48:26.756+0000] {dagbag.py:536} INFO - Filling up the DagBag from /home/airflow/.local/lib/python3.8/site-packages/airflow/example_dags/example_short_circuit_operator.py
[2023-12-01T17:48:26.761+0000] {processor.py:839} INFO - DAG(s) dict_keys(['example_short_circuit_operator']) retrieved from /home/airflow/.local/lib/python3.8/site-packages/airflow/example_dags/example_short_circuit_operator.py
[2023-12-01T17:48:26.777+0000] {logging_mixin.py:154} INFO - [2023-12-01T17:48:26.777+0000] {dag.py:2941} INFO - Sync 1 DAGs
[2023-12-01T17:48:26.791+0000] {logging_mixin.py:154} INFO - [2023-12-01T17:48:26.791+0000] {dag.py:3722} INFO - Setting next_dagrun for example_short_circuit_operator to 2023-11-30T17:48:26.791515+00:00, run_after=2023-12-01T17:48:26.791515+00:00
[2023-12-01T17:48:26.803+0000] {processor.py:179} INFO - Processing /home/airflow/.local/lib/python3.8/site-packages/airflow/example_dags/example_short_circuit_operator.py took 0.050 seconds
[2023-12-01T17:48:56.977+0000] {processor.py:157} INFO - Started process (PID=292) to work on /home/airflow/.local/lib/python3.8/site-packages/airflow/example_dags/example_short_circuit_operator.py
[2023-12-01T17:48:56.978+0000] {processor.py:829} INFO - Processing file /home/airflow/.local/lib/python3.8/site-packages/airflow/example_dags/example_short_circuit_operator.py for tasks to queue
[2023-12-01T17:48:56.979+0000] {logging_mixin.py:154} INFO - [2023-12-01T17:48:56.979+0000] {dagbag.py:536} INFO - Filling up the DagBag from /home/airflow/.local/lib/python3.8/site-packages/airflow/example_dags/example_short_circuit_operator.py
[2023-12-01T17:48:56.983+0000] {processor.py:839} INFO - DAG(s) dict_keys(['example_short_circuit_operator']) retrieved from /home/airflow/.local/lib/python3.8/site-packages/airflow/example_dags/example_short_circuit_operator.py
[2023-12-01T17:48:57.002+0000] {logging_mixin.py:154} INFO - [2023-12-01T17:48:57.002+0000] {dag.py:2941} INFO - Sync 1 DAGs
[2023-12-01T17:48:57.017+0000] {logging_mixin.py:154} INFO - [2023-12-01T17:48:57.017+0000] {dag.py:3722} INFO - Setting next_dagrun for example_short_circuit_operator to 2023-11-30T17:48:57.017011+00:00, run_after=2023-12-01T17:48:57.017011+00:00
[2023-12-01T17:48:57.029+0000] {processor.py:179} INFO - Processing /home/airflow/.local/lib/python3.8/site-packages/airflow/example_dags/example_short_circuit_operator.py took 0.053 seconds
[2023-12-01T17:49:27.615+0000] {processor.py:157} INFO - Started process (PID=382) to work on /home/airflow/.local/lib/python3.8/site-packages/airflow/example_dags/example_short_circuit_operator.py
[2023-12-01T17:49:27.615+0000] {processor.py:829} INFO - Processing file /home/airflow/.local/lib/python3.8/site-packages/airflow/example_dags/example_short_circuit_operator.py for tasks to queue
[2023-12-01T17:49:27.617+0000] {logging_mixin.py:154} INFO - [2023-12-01T17:49:27.616+0000] {dagbag.py:536} INFO - Filling up the DagBag from /home/airflow/.local/lib/python3.8/site-packages/airflow/example_dags/example_short_circuit_operator.py
[2023-12-01T17:49:27.621+0000] {processor.py:839} INFO - DAG(s) dict_keys(['example_short_circuit_operator']) retrieved from /home/airflow/.local/lib/python3.8/site-packages/airflow/example_dags/example_short_circuit_operator.py
[2023-12-01T17:49:27.637+0000] {logging_mixin.py:154} INFO - [2023-12-01T17:49:27.636+0000] {dag.py:2941} INFO - Sync 1 DAGs
[2023-12-01T17:49:27.650+0000] {logging_mixin.py:154} INFO - [2023-12-01T17:49:27.650+0000] {dag.py:3722} INFO - Setting next_dagrun for example_short_circuit_operator to 2023-11-30T17:49:27.650633+00:00, run_after=2023-12-01T17:49:27.650633+00:00
[2023-12-01T17:49:27.662+0000] {processor.py:179} INFO - Processing /home/airflow/.local/lib/python3.8/site-packages/airflow/example_dags/example_short_circuit_operator.py took 0.049 seconds
[2023-12-01T17:49:58.784+0000] {processor.py:157} INFO - Started process (PID=472) to work on /home/airflow/.local/lib/python3.8/site-packages/airflow/example_dags/example_short_circuit_operator.py
[2023-12-01T17:49:58.785+0000] {processor.py:829} INFO - Processing file /home/airflow/.local/lib/python3.8/site-packages/airflow/example_dags/example_short_circuit_operator.py for tasks to queue
[2023-12-01T17:49:58.786+0000] {logging_mixin.py:154} INFO - [2023-12-01T17:49:58.786+0000] {dagbag.py:536} INFO - Filling up the DagBag from /home/airflow/.local/lib/python3.8/site-packages/airflow/example_dags/example_short_circuit_operator.py
[2023-12-01T17:49:58.791+0000] {processor.py:839} INFO - DAG(s) dict_keys(['example_short_circuit_operator']) retrieved from /home/airflow/.local/lib/python3.8/site-packages/airflow/example_dags/example_short_circuit_operator.py
[2023-12-01T17:49:58.808+0000] {logging_mixin.py:154} INFO - [2023-12-01T17:49:58.808+0000] {dag.py:2941} INFO - Sync 1 DAGs
[2023-12-01T17:49:58.824+0000] {logging_mixin.py:154} INFO - [2023-12-01T17:49:58.823+0000] {dag.py:3722} INFO - Setting next_dagrun for example_short_circuit_operator to 2023-11-30T17:49:58.823733+00:00, run_after=2023-12-01T17:49:58.823733+00:00
[2023-12-01T17:49:58.836+0000] {processor.py:179} INFO - Processing /home/airflow/.local/lib/python3.8/site-packages/airflow/example_dags/example_short_circuit_operator.py took 0.054 seconds
[2023-12-01T17:50:29.451+0000] {processor.py:157} INFO - Started process (PID=562) to work on /home/airflow/.local/lib/python3.8/site-packages/airflow/example_dags/example_short_circuit_operator.py
[2023-12-01T17:50:29.452+0000] {processor.py:829} INFO - Processing file /home/airflow/.local/lib/python3.8/site-packages/airflow/example_dags/example_short_circuit_operator.py for tasks to queue
[2023-12-01T17:50:29.453+0000] {logging_mixin.py:154} INFO - [2023-12-01T17:50:29.453+0000] {dagbag.py:536} INFO - Filling up the DagBag from /home/airflow/.local/lib/python3.8/site-packages/airflow/example_dags/example_short_circuit_operator.py
[2023-12-01T17:50:29.458+0000] {processor.py:839} INFO - DAG(s) dict_keys(['example_short_circuit_operator']) retrieved from /home/airflow/.local/lib/python3.8/site-packages/airflow/example_dags/example_short_circuit_operator.py
[2023-12-01T17:50:29.474+0000] {logging_mixin.py:154} INFO - [2023-12-01T17:50:29.474+0000] {dag.py:2941} INFO - Sync 1 DAGs
[2023-12-01T17:50:29.490+0000] {logging_mixin.py:154} INFO - [2023-12-01T17:50:29.489+0000] {dag.py:3722} INFO - Setting next_dagrun for example_short_circuit_operator to 2023-11-30T17:50:29.489634+00:00, run_after=2023-12-01T17:50:29.489634+00:00
[2023-12-01T17:50:29.504+0000] {processor.py:179} INFO - Processing /home/airflow/.local/lib/python3.8/site-packages/airflow/example_dags/example_short_circuit_operator.py took 0.054 seconds
[2023-12-01T17:51:00.458+0000] {processor.py:157} INFO - Started process (PID=652) to work on /home/airflow/.local/lib/python3.8/site-packages/airflow/example_dags/example_short_circuit_operator.py
[2023-12-01T17:51:00.459+0000] {processor.py:829} INFO - Processing file /home/airflow/.local/lib/python3.8/site-packages/airflow/example_dags/example_short_circuit_operator.py for tasks to queue
[2023-12-01T17:51:00.460+0000] {logging_mixin.py:154} INFO - [2023-12-01T17:51:00.460+0000] {dagbag.py:536} INFO - Filling up the DagBag from /home/airflow/.local/lib/python3.8/site-packages/airflow/example_dags/example_short_circuit_operator.py
[2023-12-01T17:51:00.465+0000] {processor.py:839} INFO - DAG(s) dict_keys(['example_short_circuit_operator']) retrieved from /home/airflow/.local/lib/python3.8/site-packages/airflow/example_dags/example_short_circuit_operator.py
[2023-12-01T17:51:00.480+0000] {logging_mixin.py:154} INFO - [2023-12-01T17:51:00.480+0000] {dag.py:2941} INFO - Sync 1 DAGs
[2023-12-01T17:51:00.495+0000] {logging_mixin.py:154} INFO - [2023-12-01T17:51:00.494+0000] {dag.py:3722} INFO - Setting next_dagrun for example_short_circuit_operator to 2023-11-30T17:51:00.494798+00:00, run_after=2023-12-01T17:51:00.494798+00:00
[2023-12-01T17:51:00.508+0000] {processor.py:179} INFO - Processing /home/airflow/.local/lib/python3.8/site-packages/airflow/example_dags/example_short_circuit_operator.py took 0.051 seconds
[2023-12-01T17:51:31.458+0000] {processor.py:157} INFO - Started process (PID=742) to work on /home/airflow/.local/lib/python3.8/site-packages/airflow/example_dags/example_short_circuit_operator.py
[2023-12-01T17:51:31.458+0000] {processor.py:829} INFO - Processing file /home/airflow/.local/lib/python3.8/site-packages/airflow/example_dags/example_short_circuit_operator.py for tasks to queue
[2023-12-01T17:51:31.459+0000] {logging_mixin.py:154} INFO - [2023-12-01T17:51:31.459+0000] {dagbag.py:536} INFO - Filling up the DagBag from /home/airflow/.local/lib/python3.8/site-packages/airflow/example_dags/example_short_circuit_operator.py
[2023-12-01T17:51:31.464+0000] {processor.py:839} INFO - DAG(s) dict_keys(['example_short_circuit_operator']) retrieved from /home/airflow/.local/lib/python3.8/site-packages/airflow/example_dags/example_short_circuit_operator.py
[2023-12-01T17:51:31.480+0000] {logging_mixin.py:154} INFO - [2023-12-01T17:51:31.480+0000] {dag.py:2941} INFO - Sync 1 DAGs
[2023-12-01T17:51:31.495+0000] {logging_mixin.py:154} INFO - [2023-12-01T17:51:31.494+0000] {dag.py:3722} INFO - Setting next_dagrun for example_short_circuit_operator to 2023-11-30T17:51:31.494744+00:00, run_after=2023-12-01T17:51:31.494744+00:00
[2023-12-01T17:51:31.507+0000] {processor.py:179} INFO - Processing /home/airflow/.local/lib/python3.8/site-packages/airflow/example_dags/example_short_circuit_operator.py took 0.052 seconds
[2023-12-01T17:54:20.005+0000] {processor.py:157} INFO - Started process (PID=112) to work on /home/airflow/.local/lib/python3.8/site-packages/airflow/example_dags/example_short_circuit_operator.py
[2023-12-01T17:54:20.006+0000] {processor.py:829} INFO - Processing file /home/airflow/.local/lib/python3.8/site-packages/airflow/example_dags/example_short_circuit_operator.py for tasks to queue
[2023-12-01T17:54:20.008+0000] {logging_mixin.py:154} INFO - [2023-12-01T17:54:20.008+0000] {dagbag.py:536} INFO - Filling up the DagBag from /home/airflow/.local/lib/python3.8/site-packages/airflow/example_dags/example_short_circuit_operator.py
[2023-12-01T17:54:20.017+0000] {processor.py:839} INFO - DAG(s) dict_keys(['example_short_circuit_operator']) retrieved from /home/airflow/.local/lib/python3.8/site-packages/airflow/example_dags/example_short_circuit_operator.py
[2023-12-01T17:54:20.024+0000] {logging_mixin.py:154} INFO - [2023-12-01T17:54:20.024+0000] {dag.py:2941} INFO - Sync 1 DAGs
[2023-12-01T17:54:20.041+0000] {logging_mixin.py:154} INFO - [2023-12-01T17:54:20.040+0000] {dag.py:3722} INFO - Setting next_dagrun for example_short_circuit_operator to 2023-11-30T17:54:20.040735+00:00, run_after=2023-12-01T17:54:20.040735+00:00
[2023-12-01T17:54:20.055+0000] {processor.py:179} INFO - Processing /home/airflow/.local/lib/python3.8/site-packages/airflow/example_dags/example_short_circuit_operator.py took 0.053 seconds
[2023-12-01T17:54:50.978+0000] {processor.py:157} INFO - Started process (PID=202) to work on /home/airflow/.local/lib/python3.8/site-packages/airflow/example_dags/example_short_circuit_operator.py
[2023-12-01T17:54:50.978+0000] {processor.py:829} INFO - Processing file /home/airflow/.local/lib/python3.8/site-packages/airflow/example_dags/example_short_circuit_operator.py for tasks to queue
[2023-12-01T17:54:50.980+0000] {logging_mixin.py:154} INFO - [2023-12-01T17:54:50.979+0000] {dagbag.py:536} INFO - Filling up the DagBag from /home/airflow/.local/lib/python3.8/site-packages/airflow/example_dags/example_short_circuit_operator.py
[2023-12-01T17:54:50.984+0000] {processor.py:839} INFO - DAG(s) dict_keys(['example_short_circuit_operator']) retrieved from /home/airflow/.local/lib/python3.8/site-packages/airflow/example_dags/example_short_circuit_operator.py
[2023-12-01T17:54:50.999+0000] {logging_mixin.py:154} INFO - [2023-12-01T17:54:50.999+0000] {dag.py:2941} INFO - Sync 1 DAGs
[2023-12-01T17:54:51.012+0000] {logging_mixin.py:154} INFO - [2023-12-01T17:54:51.012+0000] {dag.py:3722} INFO - Setting next_dagrun for example_short_circuit_operator to 2023-11-30T17:54:51.012607+00:00, run_after=2023-12-01T17:54:51.012607+00:00
[2023-12-01T17:54:51.024+0000] {processor.py:179} INFO - Processing /home/airflow/.local/lib/python3.8/site-packages/airflow/example_dags/example_short_circuit_operator.py took 0.048 seconds
[2023-12-01T17:55:21.679+0000] {processor.py:157} INFO - Started process (PID=292) to work on /home/airflow/.local/lib/python3.8/site-packages/airflow/example_dags/example_short_circuit_operator.py
[2023-12-01T17:55:21.679+0000] {processor.py:829} INFO - Processing file /home/airflow/.local/lib/python3.8/site-packages/airflow/example_dags/example_short_circuit_operator.py for tasks to queue
[2023-12-01T17:55:21.680+0000] {logging_mixin.py:154} INFO - [2023-12-01T17:55:21.680+0000] {dagbag.py:536} INFO - Filling up the DagBag from /home/airflow/.local/lib/python3.8/site-packages/airflow/example_dags/example_short_circuit_operator.py
[2023-12-01T17:55:21.685+0000] {processor.py:839} INFO - DAG(s) dict_keys(['example_short_circuit_operator']) retrieved from /home/airflow/.local/lib/python3.8/site-packages/airflow/example_dags/example_short_circuit_operator.py
[2023-12-01T17:55:21.701+0000] {logging_mixin.py:154} INFO - [2023-12-01T17:55:21.701+0000] {dag.py:2941} INFO - Sync 1 DAGs
[2023-12-01T17:55:21.715+0000] {logging_mixin.py:154} INFO - [2023-12-01T17:55:21.715+0000] {dag.py:3722} INFO - Setting next_dagrun for example_short_circuit_operator to 2023-11-30T17:55:21.715012+00:00, run_after=2023-12-01T17:55:21.715012+00:00
[2023-12-01T17:55:21.727+0000] {processor.py:179} INFO - Processing /home/airflow/.local/lib/python3.8/site-packages/airflow/example_dags/example_short_circuit_operator.py took 0.051 seconds
[2023-12-01T17:55:52.485+0000] {processor.py:157} INFO - Started process (PID=382) to work on /home/airflow/.local/lib/python3.8/site-packages/airflow/example_dags/example_short_circuit_operator.py
[2023-12-01T17:55:52.486+0000] {processor.py:829} INFO - Processing file /home/airflow/.local/lib/python3.8/site-packages/airflow/example_dags/example_short_circuit_operator.py for tasks to queue
[2023-12-01T17:55:52.487+0000] {logging_mixin.py:154} INFO - [2023-12-01T17:55:52.487+0000] {dagbag.py:536} INFO - Filling up the DagBag from /home/airflow/.local/lib/python3.8/site-packages/airflow/example_dags/example_short_circuit_operator.py
[2023-12-01T17:55:52.491+0000] {processor.py:839} INFO - DAG(s) dict_keys(['example_short_circuit_operator']) retrieved from /home/airflow/.local/lib/python3.8/site-packages/airflow/example_dags/example_short_circuit_operator.py
[2023-12-01T17:55:52.507+0000] {logging_mixin.py:154} INFO - [2023-12-01T17:55:52.507+0000] {dag.py:2941} INFO - Sync 1 DAGs
[2023-12-01T17:55:52.521+0000] {logging_mixin.py:154} INFO - [2023-12-01T17:55:52.521+0000] {dag.py:3722} INFO - Setting next_dagrun for example_short_circuit_operator to 2023-11-30T17:55:52.520914+00:00, run_after=2023-12-01T17:55:52.520914+00:00
[2023-12-01T17:55:52.532+0000] {processor.py:179} INFO - Processing /home/airflow/.local/lib/python3.8/site-packages/airflow/example_dags/example_short_circuit_operator.py took 0.049 seconds
[2023-12-01T17:56:23.342+0000] {processor.py:157} INFO - Started process (PID=472) to work on /home/airflow/.local/lib/python3.8/site-packages/airflow/example_dags/example_short_circuit_operator.py
[2023-12-01T17:56:23.343+0000] {processor.py:829} INFO - Processing file /home/airflow/.local/lib/python3.8/site-packages/airflow/example_dags/example_short_circuit_operator.py for tasks to queue
[2023-12-01T17:56:23.344+0000] {logging_mixin.py:154} INFO - [2023-12-01T17:56:23.344+0000] {dagbag.py:536} INFO - Filling up the DagBag from /home/airflow/.local/lib/python3.8/site-packages/airflow/example_dags/example_short_circuit_operator.py
[2023-12-01T17:56:23.349+0000] {processor.py:839} INFO - DAG(s) dict_keys(['example_short_circuit_operator']) retrieved from /home/airflow/.local/lib/python3.8/site-packages/airflow/example_dags/example_short_circuit_operator.py
[2023-12-01T17:56:23.363+0000] {logging_mixin.py:154} INFO - [2023-12-01T17:56:23.363+0000] {dag.py:2941} INFO - Sync 1 DAGs
[2023-12-01T17:56:23.377+0000] {logging_mixin.py:154} INFO - [2023-12-01T17:56:23.377+0000] {dag.py:3722} INFO - Setting next_dagrun for example_short_circuit_operator to 2023-11-30T17:56:23.377655+00:00, run_after=2023-12-01T17:56:23.377655+00:00
[2023-12-01T17:56:23.389+0000] {processor.py:179} INFO - Processing /home/airflow/.local/lib/python3.8/site-packages/airflow/example_dags/example_short_circuit_operator.py took 0.049 seconds
[2023-12-01T17:56:53.920+0000] {processor.py:157} INFO - Started process (PID=562) to work on /home/airflow/.local/lib/python3.8/site-packages/airflow/example_dags/example_short_circuit_operator.py
[2023-12-01T17:56:53.920+0000] {processor.py:829} INFO - Processing file /home/airflow/.local/lib/python3.8/site-packages/airflow/example_dags/example_short_circuit_operator.py for tasks to queue
[2023-12-01T17:56:53.921+0000] {logging_mixin.py:154} INFO - [2023-12-01T17:56:53.921+0000] {dagbag.py:536} INFO - Filling up the DagBag from /home/airflow/.local/lib/python3.8/site-packages/airflow/example_dags/example_short_circuit_operator.py
[2023-12-01T17:56:53.926+0000] {processor.py:839} INFO - DAG(s) dict_keys(['example_short_circuit_operator']) retrieved from /home/airflow/.local/lib/python3.8/site-packages/airflow/example_dags/example_short_circuit_operator.py
[2023-12-01T17:56:53.941+0000] {logging_mixin.py:154} INFO - [2023-12-01T17:56:53.941+0000] {dag.py:2941} INFO - Sync 1 DAGs
[2023-12-01T17:56:53.955+0000] {logging_mixin.py:154} INFO - [2023-12-01T17:56:53.955+0000] {dag.py:3722} INFO - Setting next_dagrun for example_short_circuit_operator to 2023-11-30T17:56:53.955500+00:00, run_after=2023-12-01T17:56:53.955500+00:00
[2023-12-01T17:56:53.968+0000] {processor.py:179} INFO - Processing /home/airflow/.local/lib/python3.8/site-packages/airflow/example_dags/example_short_circuit_operator.py took 0.050 seconds
[2023-12-01T17:57:55.536+0000] {processor.py:157} INFO - Started process (PID=112) to work on /home/airflow/.local/lib/python3.8/site-packages/airflow/example_dags/example_short_circuit_operator.py
[2023-12-01T17:57:55.537+0000] {processor.py:829} INFO - Processing file /home/airflow/.local/lib/python3.8/site-packages/airflow/example_dags/example_short_circuit_operator.py for tasks to queue
[2023-12-01T17:57:55.538+0000] {logging_mixin.py:154} INFO - [2023-12-01T17:57:55.538+0000] {dagbag.py:536} INFO - Filling up the DagBag from /home/airflow/.local/lib/python3.8/site-packages/airflow/example_dags/example_short_circuit_operator.py
[2023-12-01T17:57:55.543+0000] {processor.py:839} INFO - DAG(s) dict_keys(['example_short_circuit_operator']) retrieved from /home/airflow/.local/lib/python3.8/site-packages/airflow/example_dags/example_short_circuit_operator.py
[2023-12-01T17:57:55.550+0000] {logging_mixin.py:154} INFO - [2023-12-01T17:57:55.550+0000] {dag.py:2941} INFO - Sync 1 DAGs
[2023-12-01T17:57:55.565+0000] {logging_mixin.py:154} INFO - [2023-12-01T17:57:55.565+0000] {dag.py:3722} INFO - Setting next_dagrun for example_short_circuit_operator to 2023-11-30T17:57:55.564853+00:00, run_after=2023-12-01T17:57:55.564853+00:00
[2023-12-01T17:57:55.581+0000] {processor.py:179} INFO - Processing /home/airflow/.local/lib/python3.8/site-packages/airflow/example_dags/example_short_circuit_operator.py took 0.046 seconds
[2023-12-01T17:58:26.130+0000] {processor.py:157} INFO - Started process (PID=202) to work on /home/airflow/.local/lib/python3.8/site-packages/airflow/example_dags/example_short_circuit_operator.py
[2023-12-01T17:58:26.131+0000] {processor.py:829} INFO - Processing file /home/airflow/.local/lib/python3.8/site-packages/airflow/example_dags/example_short_circuit_operator.py for tasks to queue
[2023-12-01T17:58:26.132+0000] {logging_mixin.py:154} INFO - [2023-12-01T17:58:26.132+0000] {dagbag.py:536} INFO - Filling up the DagBag from /home/airflow/.local/lib/python3.8/site-packages/airflow/example_dags/example_short_circuit_operator.py
[2023-12-01T17:58:26.137+0000] {processor.py:839} INFO - DAG(s) dict_keys(['example_short_circuit_operator']) retrieved from /home/airflow/.local/lib/python3.8/site-packages/airflow/example_dags/example_short_circuit_operator.py
[2023-12-01T17:58:26.152+0000] {logging_mixin.py:154} INFO - [2023-12-01T17:58:26.151+0000] {dag.py:2941} INFO - Sync 1 DAGs
[2023-12-01T17:58:26.167+0000] {logging_mixin.py:154} INFO - [2023-12-01T17:58:26.167+0000] {dag.py:3722} INFO - Setting next_dagrun for example_short_circuit_operator to 2023-11-30T17:58:26.166881+00:00, run_after=2023-12-01T17:58:26.166881+00:00
[2023-12-01T17:58:26.178+0000] {processor.py:179} INFO - Processing /home/airflow/.local/lib/python3.8/site-packages/airflow/example_dags/example_short_circuit_operator.py took 0.050 seconds
[2023-12-01T17:58:56.929+0000] {processor.py:157} INFO - Started process (PID=292) to work on /home/airflow/.local/lib/python3.8/site-packages/airflow/example_dags/example_short_circuit_operator.py
[2023-12-01T17:58:56.929+0000] {processor.py:829} INFO - Processing file /home/airflow/.local/lib/python3.8/site-packages/airflow/example_dags/example_short_circuit_operator.py for tasks to queue
[2023-12-01T17:58:56.931+0000] {logging_mixin.py:154} INFO - [2023-12-01T17:58:56.931+0000] {dagbag.py:536} INFO - Filling up the DagBag from /home/airflow/.local/lib/python3.8/site-packages/airflow/example_dags/example_short_circuit_operator.py
[2023-12-01T17:58:56.936+0000] {processor.py:839} INFO - DAG(s) dict_keys(['example_short_circuit_operator']) retrieved from /home/airflow/.local/lib/python3.8/site-packages/airflow/example_dags/example_short_circuit_operator.py
[2023-12-01T17:58:56.950+0000] {logging_mixin.py:154} INFO - [2023-12-01T17:58:56.950+0000] {dag.py:2941} INFO - Sync 1 DAGs
[2023-12-01T17:58:56.964+0000] {logging_mixin.py:154} INFO - [2023-12-01T17:58:56.964+0000] {dag.py:3722} INFO - Setting next_dagrun for example_short_circuit_operator to 2023-11-30T17:58:56.964212+00:00, run_after=2023-12-01T17:58:56.964212+00:00
[2023-12-01T17:58:56.976+0000] {processor.py:179} INFO - Processing /home/airflow/.local/lib/python3.8/site-packages/airflow/example_dags/example_short_circuit_operator.py took 0.049 seconds
[2023-12-01T17:59:27.738+0000] {processor.py:157} INFO - Started process (PID=382) to work on /home/airflow/.local/lib/python3.8/site-packages/airflow/example_dags/example_short_circuit_operator.py
[2023-12-01T17:59:27.739+0000] {processor.py:829} INFO - Processing file /home/airflow/.local/lib/python3.8/site-packages/airflow/example_dags/example_short_circuit_operator.py for tasks to queue
[2023-12-01T17:59:27.740+0000] {logging_mixin.py:154} INFO - [2023-12-01T17:59:27.740+0000] {dagbag.py:536} INFO - Filling up the DagBag from /home/airflow/.local/lib/python3.8/site-packages/airflow/example_dags/example_short_circuit_operator.py
[2023-12-01T17:59:27.745+0000] {processor.py:839} INFO - DAG(s) dict_keys(['example_short_circuit_operator']) retrieved from /home/airflow/.local/lib/python3.8/site-packages/airflow/example_dags/example_short_circuit_operator.py
[2023-12-01T17:59:27.759+0000] {logging_mixin.py:154} INFO - [2023-12-01T17:59:27.759+0000] {dag.py:2941} INFO - Sync 1 DAGs
[2023-12-01T17:59:27.773+0000] {logging_mixin.py:154} INFO - [2023-12-01T17:59:27.773+0000] {dag.py:3722} INFO - Setting next_dagrun for example_short_circuit_operator to 2023-11-30T17:59:27.773168+00:00, run_after=2023-12-01T17:59:27.773168+00:00
[2023-12-01T17:59:27.784+0000] {processor.py:179} INFO - Processing /home/airflow/.local/lib/python3.8/site-packages/airflow/example_dags/example_short_circuit_operator.py took 0.048 seconds
