[2023-12-01T17:41:52.689+0000] {processor.py:157} INFO - Started process (PID=119) to work on /home/airflow/.local/lib/python3.8/site-packages/airflow/example_dags/example_dynamic_task_mapping_with_no_taskflow_operators.py
[2023-12-01T17:41:52.690+0000] {processor.py:829} INFO - Processing file /home/airflow/.local/lib/python3.8/site-packages/airflow/example_dags/example_dynamic_task_mapping_with_no_taskflow_operators.py for tasks to queue
[2023-12-01T17:41:52.691+0000] {logging_mixin.py:154} INFO - [2023-12-01T17:41:52.691+0000] {dagbag.py:536} INFO - Filling up the DagBag from /home/airflow/.local/lib/python3.8/site-packages/airflow/example_dags/example_dynamic_task_mapping_with_no_taskflow_operators.py
[2023-12-01T17:41:52.695+0000] {processor.py:839} INFO - DAG(s) dict_keys(['example_dynamic_task_mapping_with_no_taskflow_operators']) retrieved from /home/airflow/.local/lib/python3.8/site-packages/airflow/example_dags/example_dynamic_task_mapping_with_no_taskflow_operators.py
[2023-12-01T17:41:52.702+0000] {logging_mixin.py:154} INFO - [2023-12-01T17:41:52.702+0000] {dag.py:2941} INFO - Sync 1 DAGs
[2023-12-01T17:41:52.717+0000] {logging_mixin.py:154} INFO - [2023-12-01T17:41:52.717+0000] {dag.py:3722} INFO - Setting next_dagrun for example_dynamic_task_mapping_with_no_taskflow_operators to 2023-11-30T17:41:52.717130+00:00, run_after=2023-12-01T17:41:52.717130+00:00
[2023-12-01T17:41:52.729+0000] {processor.py:179} INFO - Processing /home/airflow/.local/lib/python3.8/site-packages/airflow/example_dags/example_dynamic_task_mapping_with_no_taskflow_operators.py took 0.041 seconds
[2023-12-01T17:42:23.424+0000] {processor.py:157} INFO - Started process (PID=209) to work on /home/airflow/.local/lib/python3.8/site-packages/airflow/example_dags/example_dynamic_task_mapping_with_no_taskflow_operators.py
[2023-12-01T17:42:23.424+0000] {processor.py:829} INFO - Processing file /home/airflow/.local/lib/python3.8/site-packages/airflow/example_dags/example_dynamic_task_mapping_with_no_taskflow_operators.py for tasks to queue
[2023-12-01T17:42:23.426+0000] {logging_mixin.py:154} INFO - [2023-12-01T17:42:23.425+0000] {dagbag.py:536} INFO - Filling up the DagBag from /home/airflow/.local/lib/python3.8/site-packages/airflow/example_dags/example_dynamic_task_mapping_with_no_taskflow_operators.py
[2023-12-01T17:42:23.429+0000] {processor.py:839} INFO - DAG(s) dict_keys(['example_dynamic_task_mapping_with_no_taskflow_operators']) retrieved from /home/airflow/.local/lib/python3.8/site-packages/airflow/example_dags/example_dynamic_task_mapping_with_no_taskflow_operators.py
[2023-12-01T17:42:23.441+0000] {logging_mixin.py:154} INFO - [2023-12-01T17:42:23.441+0000] {dag.py:2941} INFO - Sync 1 DAGs
[2023-12-01T17:42:23.455+0000] {logging_mixin.py:154} INFO - [2023-12-01T17:42:23.455+0000] {dag.py:3722} INFO - Setting next_dagrun for example_dynamic_task_mapping_with_no_taskflow_operators to 2023-11-30T17:42:23.455626+00:00, run_after=2023-12-01T17:42:23.455626+00:00
[2023-12-01T17:42:23.467+0000] {processor.py:179} INFO - Processing /home/airflow/.local/lib/python3.8/site-packages/airflow/example_dags/example_dynamic_task_mapping_with_no_taskflow_operators.py took 0.045 seconds
[2023-12-01T17:42:53.985+0000] {processor.py:157} INFO - Started process (PID=299) to work on /home/airflow/.local/lib/python3.8/site-packages/airflow/example_dags/example_dynamic_task_mapping_with_no_taskflow_operators.py
[2023-12-01T17:42:53.986+0000] {processor.py:829} INFO - Processing file /home/airflow/.local/lib/python3.8/site-packages/airflow/example_dags/example_dynamic_task_mapping_with_no_taskflow_operators.py for tasks to queue
[2023-12-01T17:42:53.987+0000] {logging_mixin.py:154} INFO - [2023-12-01T17:42:53.987+0000] {dagbag.py:536} INFO - Filling up the DagBag from /home/airflow/.local/lib/python3.8/site-packages/airflow/example_dags/example_dynamic_task_mapping_with_no_taskflow_operators.py
[2023-12-01T17:42:53.990+0000] {processor.py:839} INFO - DAG(s) dict_keys(['example_dynamic_task_mapping_with_no_taskflow_operators']) retrieved from /home/airflow/.local/lib/python3.8/site-packages/airflow/example_dags/example_dynamic_task_mapping_with_no_taskflow_operators.py
[2023-12-01T17:42:54.002+0000] {logging_mixin.py:154} INFO - [2023-12-01T17:42:54.002+0000] {dag.py:2941} INFO - Sync 1 DAGs
[2023-12-01T17:42:54.016+0000] {logging_mixin.py:154} INFO - [2023-12-01T17:42:54.016+0000] {dag.py:3722} INFO - Setting next_dagrun for example_dynamic_task_mapping_with_no_taskflow_operators to 2023-11-30T17:42:54.016511+00:00, run_after=2023-12-01T17:42:54.016511+00:00
[2023-12-01T17:42:54.027+0000] {processor.py:179} INFO - Processing /home/airflow/.local/lib/python3.8/site-packages/airflow/example_dags/example_dynamic_task_mapping_with_no_taskflow_operators.py took 0.044 seconds
[2023-12-01T17:43:24.957+0000] {processor.py:157} INFO - Started process (PID=389) to work on /home/airflow/.local/lib/python3.8/site-packages/airflow/example_dags/example_dynamic_task_mapping_with_no_taskflow_operators.py
[2023-12-01T17:43:24.958+0000] {processor.py:829} INFO - Processing file /home/airflow/.local/lib/python3.8/site-packages/airflow/example_dags/example_dynamic_task_mapping_with_no_taskflow_operators.py for tasks to queue
[2023-12-01T17:43:24.959+0000] {logging_mixin.py:154} INFO - [2023-12-01T17:43:24.959+0000] {dagbag.py:536} INFO - Filling up the DagBag from /home/airflow/.local/lib/python3.8/site-packages/airflow/example_dags/example_dynamic_task_mapping_with_no_taskflow_operators.py
[2023-12-01T17:43:24.963+0000] {processor.py:839} INFO - DAG(s) dict_keys(['example_dynamic_task_mapping_with_no_taskflow_operators']) retrieved from /home/airflow/.local/lib/python3.8/site-packages/airflow/example_dags/example_dynamic_task_mapping_with_no_taskflow_operators.py
[2023-12-01T17:43:24.975+0000] {logging_mixin.py:154} INFO - [2023-12-01T17:43:24.975+0000] {dag.py:2941} INFO - Sync 1 DAGs
[2023-12-01T17:43:24.992+0000] {logging_mixin.py:154} INFO - [2023-12-01T17:43:24.991+0000] {dag.py:3722} INFO - Setting next_dagrun for example_dynamic_task_mapping_with_no_taskflow_operators to 2023-11-30T17:43:24.991705+00:00, run_after=2023-12-01T17:43:24.991705+00:00
[2023-12-01T17:43:25.006+0000] {processor.py:179} INFO - Processing /home/airflow/.local/lib/python3.8/site-packages/airflow/example_dags/example_dynamic_task_mapping_with_no_taskflow_operators.py took 0.050 seconds
[2023-12-01T17:43:56.320+0000] {processor.py:157} INFO - Started process (PID=479) to work on /home/airflow/.local/lib/python3.8/site-packages/airflow/example_dags/example_dynamic_task_mapping_with_no_taskflow_operators.py
[2023-12-01T17:43:56.321+0000] {processor.py:829} INFO - Processing file /home/airflow/.local/lib/python3.8/site-packages/airflow/example_dags/example_dynamic_task_mapping_with_no_taskflow_operators.py for tasks to queue
[2023-12-01T17:43:56.322+0000] {logging_mixin.py:154} INFO - [2023-12-01T17:43:56.322+0000] {dagbag.py:536} INFO - Filling up the DagBag from /home/airflow/.local/lib/python3.8/site-packages/airflow/example_dags/example_dynamic_task_mapping_with_no_taskflow_operators.py
[2023-12-01T17:43:56.327+0000] {processor.py:839} INFO - DAG(s) dict_keys(['example_dynamic_task_mapping_with_no_taskflow_operators']) retrieved from /home/airflow/.local/lib/python3.8/site-packages/airflow/example_dags/example_dynamic_task_mapping_with_no_taskflow_operators.py
[2023-12-01T17:43:56.341+0000] {logging_mixin.py:154} INFO - [2023-12-01T17:43:56.341+0000] {dag.py:2941} INFO - Sync 1 DAGs
[2023-12-01T17:43:56.356+0000] {logging_mixin.py:154} INFO - [2023-12-01T17:43:56.356+0000] {dag.py:3722} INFO - Setting next_dagrun for example_dynamic_task_mapping_with_no_taskflow_operators to 2023-11-30T17:43:56.356162+00:00, run_after=2023-12-01T17:43:56.356162+00:00
[2023-12-01T17:43:56.369+0000] {processor.py:179} INFO - Processing /home/airflow/.local/lib/python3.8/site-packages/airflow/example_dags/example_dynamic_task_mapping_with_no_taskflow_operators.py took 0.051 seconds
[2023-12-01T17:44:27.163+0000] {processor.py:157} INFO - Started process (PID=569) to work on /home/airflow/.local/lib/python3.8/site-packages/airflow/example_dags/example_dynamic_task_mapping_with_no_taskflow_operators.py
[2023-12-01T17:44:27.164+0000] {processor.py:829} INFO - Processing file /home/airflow/.local/lib/python3.8/site-packages/airflow/example_dags/example_dynamic_task_mapping_with_no_taskflow_operators.py for tasks to queue
[2023-12-01T17:44:27.165+0000] {logging_mixin.py:154} INFO - [2023-12-01T17:44:27.165+0000] {dagbag.py:536} INFO - Filling up the DagBag from /home/airflow/.local/lib/python3.8/site-packages/airflow/example_dags/example_dynamic_task_mapping_with_no_taskflow_operators.py
[2023-12-01T17:44:27.168+0000] {processor.py:839} INFO - DAG(s) dict_keys(['example_dynamic_task_mapping_with_no_taskflow_operators']) retrieved from /home/airflow/.local/lib/python3.8/site-packages/airflow/example_dags/example_dynamic_task_mapping_with_no_taskflow_operators.py
[2023-12-01T17:44:27.180+0000] {logging_mixin.py:154} INFO - [2023-12-01T17:44:27.180+0000] {dag.py:2941} INFO - Sync 1 DAGs
[2023-12-01T17:44:27.195+0000] {logging_mixin.py:154} INFO - [2023-12-01T17:44:27.194+0000] {dag.py:3722} INFO - Setting next_dagrun for example_dynamic_task_mapping_with_no_taskflow_operators to 2023-11-30T17:44:27.194797+00:00, run_after=2023-12-01T17:44:27.194797+00:00
[2023-12-01T17:44:27.206+0000] {processor.py:179} INFO - Processing /home/airflow/.local/lib/python3.8/site-packages/airflow/example_dags/example_dynamic_task_mapping_with_no_taskflow_operators.py took 0.045 seconds
[2023-12-01T17:45:24.082+0000] {processor.py:157} INFO - Started process (PID=119) to work on /home/airflow/.local/lib/python3.8/site-packages/airflow/example_dags/example_dynamic_task_mapping_with_no_taskflow_operators.py
[2023-12-01T17:45:24.082+0000] {processor.py:829} INFO - Processing file /home/airflow/.local/lib/python3.8/site-packages/airflow/example_dags/example_dynamic_task_mapping_with_no_taskflow_operators.py for tasks to queue
[2023-12-01T17:45:24.083+0000] {logging_mixin.py:154} INFO - [2023-12-01T17:45:24.083+0000] {dagbag.py:536} INFO - Filling up the DagBag from /home/airflow/.local/lib/python3.8/site-packages/airflow/example_dags/example_dynamic_task_mapping_with_no_taskflow_operators.py
[2023-12-01T17:45:24.087+0000] {processor.py:839} INFO - DAG(s) dict_keys(['example_dynamic_task_mapping_with_no_taskflow_operators']) retrieved from /home/airflow/.local/lib/python3.8/site-packages/airflow/example_dags/example_dynamic_task_mapping_with_no_taskflow_operators.py
[2023-12-01T17:45:24.095+0000] {logging_mixin.py:154} INFO - [2023-12-01T17:45:24.095+0000] {dag.py:2941} INFO - Sync 1 DAGs
[2023-12-01T17:45:24.109+0000] {logging_mixin.py:154} INFO - [2023-12-01T17:45:24.109+0000] {dag.py:3722} INFO - Setting next_dagrun for example_dynamic_task_mapping_with_no_taskflow_operators to 2023-11-30T17:45:24.109143+00:00, run_after=2023-12-01T17:45:24.109143+00:00
[2023-12-01T17:45:24.120+0000] {processor.py:179} INFO - Processing /home/airflow/.local/lib/python3.8/site-packages/airflow/example_dags/example_dynamic_task_mapping_with_no_taskflow_operators.py took 0.040 seconds
[2023-12-01T17:45:55.418+0000] {processor.py:157} INFO - Started process (PID=209) to work on /home/airflow/.local/lib/python3.8/site-packages/airflow/example_dags/example_dynamic_task_mapping_with_no_taskflow_operators.py
[2023-12-01T17:45:55.419+0000] {processor.py:829} INFO - Processing file /home/airflow/.local/lib/python3.8/site-packages/airflow/example_dags/example_dynamic_task_mapping_with_no_taskflow_operators.py for tasks to queue
[2023-12-01T17:45:55.420+0000] {logging_mixin.py:154} INFO - [2023-12-01T17:45:55.420+0000] {dagbag.py:536} INFO - Filling up the DagBag from /home/airflow/.local/lib/python3.8/site-packages/airflow/example_dags/example_dynamic_task_mapping_with_no_taskflow_operators.py
[2023-12-01T17:45:55.424+0000] {processor.py:839} INFO - DAG(s) dict_keys(['example_dynamic_task_mapping_with_no_taskflow_operators']) retrieved from /home/airflow/.local/lib/python3.8/site-packages/airflow/example_dags/example_dynamic_task_mapping_with_no_taskflow_operators.py
[2023-12-01T17:45:55.437+0000] {logging_mixin.py:154} INFO - [2023-12-01T17:45:55.437+0000] {dag.py:2941} INFO - Sync 1 DAGs
[2023-12-01T17:45:55.452+0000] {logging_mixin.py:154} INFO - [2023-12-01T17:45:55.452+0000] {dag.py:3722} INFO - Setting next_dagrun for example_dynamic_task_mapping_with_no_taskflow_operators to 2023-11-30T17:45:55.452372+00:00, run_after=2023-12-01T17:45:55.452372+00:00
[2023-12-01T17:45:55.465+0000] {processor.py:179} INFO - Processing /home/airflow/.local/lib/python3.8/site-packages/airflow/example_dags/example_dynamic_task_mapping_with_no_taskflow_operators.py took 0.049 seconds
[2023-12-01T17:46:26.299+0000] {processor.py:157} INFO - Started process (PID=299) to work on /home/airflow/.local/lib/python3.8/site-packages/airflow/example_dags/example_dynamic_task_mapping_with_no_taskflow_operators.py
[2023-12-01T17:46:26.299+0000] {processor.py:829} INFO - Processing file /home/airflow/.local/lib/python3.8/site-packages/airflow/example_dags/example_dynamic_task_mapping_with_no_taskflow_operators.py for tasks to queue
[2023-12-01T17:46:26.301+0000] {logging_mixin.py:154} INFO - [2023-12-01T17:46:26.300+0000] {dagbag.py:536} INFO - Filling up the DagBag from /home/airflow/.local/lib/python3.8/site-packages/airflow/example_dags/example_dynamic_task_mapping_with_no_taskflow_operators.py
[2023-12-01T17:46:26.305+0000] {processor.py:839} INFO - DAG(s) dict_keys(['example_dynamic_task_mapping_with_no_taskflow_operators']) retrieved from /home/airflow/.local/lib/python3.8/site-packages/airflow/example_dags/example_dynamic_task_mapping_with_no_taskflow_operators.py
[2023-12-01T17:46:26.318+0000] {logging_mixin.py:154} INFO - [2023-12-01T17:46:26.317+0000] {dag.py:2941} INFO - Sync 1 DAGs
[2023-12-01T17:46:26.333+0000] {logging_mixin.py:154} INFO - [2023-12-01T17:46:26.332+0000] {dag.py:3722} INFO - Setting next_dagrun for example_dynamic_task_mapping_with_no_taskflow_operators to 2023-11-30T17:46:26.332704+00:00, run_after=2023-12-01T17:46:26.332704+00:00
[2023-12-01T17:46:26.345+0000] {processor.py:179} INFO - Processing /home/airflow/.local/lib/python3.8/site-packages/airflow/example_dags/example_dynamic_task_mapping_with_no_taskflow_operators.py took 0.048 seconds
[2023-12-01T17:46:57.029+0000] {processor.py:157} INFO - Started process (PID=389) to work on /home/airflow/.local/lib/python3.8/site-packages/airflow/example_dags/example_dynamic_task_mapping_with_no_taskflow_operators.py
[2023-12-01T17:46:57.029+0000] {processor.py:829} INFO - Processing file /home/airflow/.local/lib/python3.8/site-packages/airflow/example_dags/example_dynamic_task_mapping_with_no_taskflow_operators.py for tasks to queue
[2023-12-01T17:46:57.031+0000] {logging_mixin.py:154} INFO - [2023-12-01T17:46:57.030+0000] {dagbag.py:536} INFO - Filling up the DagBag from /home/airflow/.local/lib/python3.8/site-packages/airflow/example_dags/example_dynamic_task_mapping_with_no_taskflow_operators.py
[2023-12-01T17:46:57.034+0000] {processor.py:839} INFO - DAG(s) dict_keys(['example_dynamic_task_mapping_with_no_taskflow_operators']) retrieved from /home/airflow/.local/lib/python3.8/site-packages/airflow/example_dags/example_dynamic_task_mapping_with_no_taskflow_operators.py
[2023-12-01T17:46:57.047+0000] {logging_mixin.py:154} INFO - [2023-12-01T17:46:57.047+0000] {dag.py:2941} INFO - Sync 1 DAGs
[2023-12-01T17:46:57.062+0000] {logging_mixin.py:154} INFO - [2023-12-01T17:46:57.062+0000] {dag.py:3722} INFO - Setting next_dagrun for example_dynamic_task_mapping_with_no_taskflow_operators to 2023-11-30T17:46:57.061840+00:00, run_after=2023-12-01T17:46:57.061840+00:00
[2023-12-01T17:46:57.074+0000] {processor.py:179} INFO - Processing /home/airflow/.local/lib/python3.8/site-packages/airflow/example_dags/example_dynamic_task_mapping_with_no_taskflow_operators.py took 0.047 seconds
[2023-12-01T17:47:55.268+0000] {processor.py:157} INFO - Started process (PID=119) to work on /home/airflow/.local/lib/python3.8/site-packages/airflow/example_dags/example_dynamic_task_mapping_with_no_taskflow_operators.py
[2023-12-01T17:47:55.268+0000] {processor.py:829} INFO - Processing file /home/airflow/.local/lib/python3.8/site-packages/airflow/example_dags/example_dynamic_task_mapping_with_no_taskflow_operators.py for tasks to queue
[2023-12-01T17:47:55.270+0000] {logging_mixin.py:154} INFO - [2023-12-01T17:47:55.270+0000] {dagbag.py:536} INFO - Filling up the DagBag from /home/airflow/.local/lib/python3.8/site-packages/airflow/example_dags/example_dynamic_task_mapping_with_no_taskflow_operators.py
[2023-12-01T17:47:55.274+0000] {processor.py:839} INFO - DAG(s) dict_keys(['example_dynamic_task_mapping_with_no_taskflow_operators']) retrieved from /home/airflow/.local/lib/python3.8/site-packages/airflow/example_dags/example_dynamic_task_mapping_with_no_taskflow_operators.py
[2023-12-01T17:47:55.282+0000] {logging_mixin.py:154} INFO - [2023-12-01T17:47:55.281+0000] {dag.py:2941} INFO - Sync 1 DAGs
[2023-12-01T17:47:55.297+0000] {logging_mixin.py:154} INFO - [2023-12-01T17:47:55.297+0000] {dag.py:3722} INFO - Setting next_dagrun for example_dynamic_task_mapping_with_no_taskflow_operators to 2023-11-30T17:47:55.297204+00:00, run_after=2023-12-01T17:47:55.297204+00:00
[2023-12-01T17:47:55.309+0000] {processor.py:179} INFO - Processing /home/airflow/.local/lib/python3.8/site-packages/airflow/example_dags/example_dynamic_task_mapping_with_no_taskflow_operators.py took 0.043 seconds
[2023-12-01T17:48:27.120+0000] {processor.py:157} INFO - Started process (PID=209) to work on /home/airflow/.local/lib/python3.8/site-packages/airflow/example_dags/example_dynamic_task_mapping_with_no_taskflow_operators.py
[2023-12-01T17:48:27.121+0000] {processor.py:829} INFO - Processing file /home/airflow/.local/lib/python3.8/site-packages/airflow/example_dags/example_dynamic_task_mapping_with_no_taskflow_operators.py for tasks to queue
[2023-12-01T17:48:27.122+0000] {logging_mixin.py:154} INFO - [2023-12-01T17:48:27.122+0000] {dagbag.py:536} INFO - Filling up the DagBag from /home/airflow/.local/lib/python3.8/site-packages/airflow/example_dags/example_dynamic_task_mapping_with_no_taskflow_operators.py
[2023-12-01T17:48:27.126+0000] {processor.py:839} INFO - DAG(s) dict_keys(['example_dynamic_task_mapping_with_no_taskflow_operators']) retrieved from /home/airflow/.local/lib/python3.8/site-packages/airflow/example_dags/example_dynamic_task_mapping_with_no_taskflow_operators.py
[2023-12-01T17:48:27.138+0000] {logging_mixin.py:154} INFO - [2023-12-01T17:48:27.138+0000] {dag.py:2941} INFO - Sync 1 DAGs
[2023-12-01T17:48:27.153+0000] {logging_mixin.py:154} INFO - [2023-12-01T17:48:27.153+0000] {dag.py:3722} INFO - Setting next_dagrun for example_dynamic_task_mapping_with_no_taskflow_operators to 2023-11-30T17:48:27.152884+00:00, run_after=2023-12-01T17:48:27.152884+00:00
[2023-12-01T17:48:27.165+0000] {processor.py:179} INFO - Processing /home/airflow/.local/lib/python3.8/site-packages/airflow/example_dags/example_dynamic_task_mapping_with_no_taskflow_operators.py took 0.046 seconds
[2023-12-01T17:48:57.294+0000] {processor.py:157} INFO - Started process (PID=300) to work on /home/airflow/.local/lib/python3.8/site-packages/airflow/example_dags/example_dynamic_task_mapping_with_no_taskflow_operators.py
[2023-12-01T17:48:57.295+0000] {processor.py:829} INFO - Processing file /home/airflow/.local/lib/python3.8/site-packages/airflow/example_dags/example_dynamic_task_mapping_with_no_taskflow_operators.py for tasks to queue
[2023-12-01T17:48:57.296+0000] {logging_mixin.py:154} INFO - [2023-12-01T17:48:57.296+0000] {dagbag.py:536} INFO - Filling up the DagBag from /home/airflow/.local/lib/python3.8/site-packages/airflow/example_dags/example_dynamic_task_mapping_with_no_taskflow_operators.py
[2023-12-01T17:48:57.299+0000] {processor.py:839} INFO - DAG(s) dict_keys(['example_dynamic_task_mapping_with_no_taskflow_operators']) retrieved from /home/airflow/.local/lib/python3.8/site-packages/airflow/example_dags/example_dynamic_task_mapping_with_no_taskflow_operators.py
[2023-12-01T17:48:57.311+0000] {logging_mixin.py:154} INFO - [2023-12-01T17:48:57.311+0000] {dag.py:2941} INFO - Sync 1 DAGs
[2023-12-01T17:48:57.325+0000] {logging_mixin.py:154} INFO - [2023-12-01T17:48:57.325+0000] {dag.py:3722} INFO - Setting next_dagrun for example_dynamic_task_mapping_with_no_taskflow_operators to 2023-11-30T17:48:57.325488+00:00, run_after=2023-12-01T17:48:57.325488+00:00
[2023-12-01T17:48:57.336+0000] {processor.py:179} INFO - Processing /home/airflow/.local/lib/python3.8/site-packages/airflow/example_dags/example_dynamic_task_mapping_with_no_taskflow_operators.py took 0.044 seconds
[2023-12-01T17:49:27.903+0000] {processor.py:157} INFO - Started process (PID=389) to work on /home/airflow/.local/lib/python3.8/site-packages/airflow/example_dags/example_dynamic_task_mapping_with_no_taskflow_operators.py
[2023-12-01T17:49:27.904+0000] {processor.py:829} INFO - Processing file /home/airflow/.local/lib/python3.8/site-packages/airflow/example_dags/example_dynamic_task_mapping_with_no_taskflow_operators.py for tasks to queue
[2023-12-01T17:49:27.906+0000] {logging_mixin.py:154} INFO - [2023-12-01T17:49:27.906+0000] {dagbag.py:536} INFO - Filling up the DagBag from /home/airflow/.local/lib/python3.8/site-packages/airflow/example_dags/example_dynamic_task_mapping_with_no_taskflow_operators.py
[2023-12-01T17:49:27.910+0000] {processor.py:839} INFO - DAG(s) dict_keys(['example_dynamic_task_mapping_with_no_taskflow_operators']) retrieved from /home/airflow/.local/lib/python3.8/site-packages/airflow/example_dags/example_dynamic_task_mapping_with_no_taskflow_operators.py
[2023-12-01T17:49:27.924+0000] {logging_mixin.py:154} INFO - [2023-12-01T17:49:27.924+0000] {dag.py:2941} INFO - Sync 1 DAGs
[2023-12-01T17:49:27.939+0000] {logging_mixin.py:154} INFO - [2023-12-01T17:49:27.939+0000] {dag.py:3722} INFO - Setting next_dagrun for example_dynamic_task_mapping_with_no_taskflow_operators to 2023-11-30T17:49:27.939674+00:00, run_after=2023-12-01T17:49:27.939674+00:00
[2023-12-01T17:49:27.951+0000] {processor.py:179} INFO - Processing /home/airflow/.local/lib/python3.8/site-packages/airflow/example_dags/example_dynamic_task_mapping_with_no_taskflow_operators.py took 0.050 seconds
[2023-12-01T17:49:59.168+0000] {processor.py:157} INFO - Started process (PID=479) to work on /home/airflow/.local/lib/python3.8/site-packages/airflow/example_dags/example_dynamic_task_mapping_with_no_taskflow_operators.py
[2023-12-01T17:49:59.169+0000] {processor.py:829} INFO - Processing file /home/airflow/.local/lib/python3.8/site-packages/airflow/example_dags/example_dynamic_task_mapping_with_no_taskflow_operators.py for tasks to queue
[2023-12-01T17:49:59.170+0000] {logging_mixin.py:154} INFO - [2023-12-01T17:49:59.170+0000] {dagbag.py:536} INFO - Filling up the DagBag from /home/airflow/.local/lib/python3.8/site-packages/airflow/example_dags/example_dynamic_task_mapping_with_no_taskflow_operators.py
[2023-12-01T17:49:59.174+0000] {processor.py:839} INFO - DAG(s) dict_keys(['example_dynamic_task_mapping_with_no_taskflow_operators']) retrieved from /home/airflow/.local/lib/python3.8/site-packages/airflow/example_dags/example_dynamic_task_mapping_with_no_taskflow_operators.py
[2023-12-01T17:49:59.187+0000] {logging_mixin.py:154} INFO - [2023-12-01T17:49:59.187+0000] {dag.py:2941} INFO - Sync 1 DAGs
[2023-12-01T17:49:59.204+0000] {logging_mixin.py:154} INFO - [2023-12-01T17:49:59.204+0000] {dag.py:3722} INFO - Setting next_dagrun for example_dynamic_task_mapping_with_no_taskflow_operators to 2023-11-30T17:49:59.204014+00:00, run_after=2023-12-01T17:49:59.204014+00:00
[2023-12-01T17:49:59.216+0000] {processor.py:179} INFO - Processing /home/airflow/.local/lib/python3.8/site-packages/airflow/example_dags/example_dynamic_task_mapping_with_no_taskflow_operators.py took 0.050 seconds
[2023-12-01T17:50:29.753+0000] {processor.py:157} INFO - Started process (PID=569) to work on /home/airflow/.local/lib/python3.8/site-packages/airflow/example_dags/example_dynamic_task_mapping_with_no_taskflow_operators.py
[2023-12-01T17:50:29.753+0000] {processor.py:829} INFO - Processing file /home/airflow/.local/lib/python3.8/site-packages/airflow/example_dags/example_dynamic_task_mapping_with_no_taskflow_operators.py for tasks to queue
[2023-12-01T17:50:29.755+0000] {logging_mixin.py:154} INFO - [2023-12-01T17:50:29.755+0000] {dagbag.py:536} INFO - Filling up the DagBag from /home/airflow/.local/lib/python3.8/site-packages/airflow/example_dags/example_dynamic_task_mapping_with_no_taskflow_operators.py
[2023-12-01T17:50:29.759+0000] {processor.py:839} INFO - DAG(s) dict_keys(['example_dynamic_task_mapping_with_no_taskflow_operators']) retrieved from /home/airflow/.local/lib/python3.8/site-packages/airflow/example_dags/example_dynamic_task_mapping_with_no_taskflow_operators.py
[2023-12-01T17:50:29.772+0000] {logging_mixin.py:154} INFO - [2023-12-01T17:50:29.771+0000] {dag.py:2941} INFO - Sync 1 DAGs
[2023-12-01T17:50:29.785+0000] {logging_mixin.py:154} INFO - [2023-12-01T17:50:29.785+0000] {dag.py:3722} INFO - Setting next_dagrun for example_dynamic_task_mapping_with_no_taskflow_operators to 2023-11-30T17:50:29.785633+00:00, run_after=2023-12-01T17:50:29.785633+00:00
[2023-12-01T17:50:29.797+0000] {processor.py:179} INFO - Processing /home/airflow/.local/lib/python3.8/site-packages/airflow/example_dags/example_dynamic_task_mapping_with_no_taskflow_operators.py took 0.046 seconds
[2023-12-01T17:51:00.745+0000] {processor.py:157} INFO - Started process (PID=659) to work on /home/airflow/.local/lib/python3.8/site-packages/airflow/example_dags/example_dynamic_task_mapping_with_no_taskflow_operators.py
[2023-12-01T17:51:00.746+0000] {processor.py:829} INFO - Processing file /home/airflow/.local/lib/python3.8/site-packages/airflow/example_dags/example_dynamic_task_mapping_with_no_taskflow_operators.py for tasks to queue
[2023-12-01T17:51:00.747+0000] {logging_mixin.py:154} INFO - [2023-12-01T17:51:00.747+0000] {dagbag.py:536} INFO - Filling up the DagBag from /home/airflow/.local/lib/python3.8/site-packages/airflow/example_dags/example_dynamic_task_mapping_with_no_taskflow_operators.py
[2023-12-01T17:51:00.751+0000] {processor.py:839} INFO - DAG(s) dict_keys(['example_dynamic_task_mapping_with_no_taskflow_operators']) retrieved from /home/airflow/.local/lib/python3.8/site-packages/airflow/example_dags/example_dynamic_task_mapping_with_no_taskflow_operators.py
[2023-12-01T17:51:00.764+0000] {logging_mixin.py:154} INFO - [2023-12-01T17:51:00.764+0000] {dag.py:2941} INFO - Sync 1 DAGs
[2023-12-01T17:51:00.778+0000] {logging_mixin.py:154} INFO - [2023-12-01T17:51:00.778+0000] {dag.py:3722} INFO - Setting next_dagrun for example_dynamic_task_mapping_with_no_taskflow_operators to 2023-11-30T17:51:00.778169+00:00, run_after=2023-12-01T17:51:00.778169+00:00
[2023-12-01T17:51:00.789+0000] {processor.py:179} INFO - Processing /home/airflow/.local/lib/python3.8/site-packages/airflow/example_dags/example_dynamic_task_mapping_with_no_taskflow_operators.py took 0.046 seconds
[2023-12-01T17:51:31.761+0000] {processor.py:157} INFO - Started process (PID=749) to work on /home/airflow/.local/lib/python3.8/site-packages/airflow/example_dags/example_dynamic_task_mapping_with_no_taskflow_operators.py
[2023-12-01T17:51:31.761+0000] {processor.py:829} INFO - Processing file /home/airflow/.local/lib/python3.8/site-packages/airflow/example_dags/example_dynamic_task_mapping_with_no_taskflow_operators.py for tasks to queue
[2023-12-01T17:51:31.763+0000] {logging_mixin.py:154} INFO - [2023-12-01T17:51:31.762+0000] {dagbag.py:536} INFO - Filling up the DagBag from /home/airflow/.local/lib/python3.8/site-packages/airflow/example_dags/example_dynamic_task_mapping_with_no_taskflow_operators.py
[2023-12-01T17:51:31.766+0000] {processor.py:839} INFO - DAG(s) dict_keys(['example_dynamic_task_mapping_with_no_taskflow_operators']) retrieved from /home/airflow/.local/lib/python3.8/site-packages/airflow/example_dags/example_dynamic_task_mapping_with_no_taskflow_operators.py
[2023-12-01T17:51:31.778+0000] {logging_mixin.py:154} INFO - [2023-12-01T17:51:31.778+0000] {dag.py:2941} INFO - Sync 1 DAGs
[2023-12-01T17:51:31.792+0000] {logging_mixin.py:154} INFO - [2023-12-01T17:51:31.792+0000] {dag.py:3722} INFO - Setting next_dagrun for example_dynamic_task_mapping_with_no_taskflow_operators to 2023-11-30T17:51:31.792431+00:00, run_after=2023-12-01T17:51:31.792431+00:00
[2023-12-01T17:51:31.803+0000] {processor.py:179} INFO - Processing /home/airflow/.local/lib/python3.8/site-packages/airflow/example_dags/example_dynamic_task_mapping_with_no_taskflow_operators.py took 0.044 seconds
[2023-12-01T17:54:20.265+0000] {processor.py:157} INFO - Started process (PID=119) to work on /home/airflow/.local/lib/python3.8/site-packages/airflow/example_dags/example_dynamic_task_mapping_with_no_taskflow_operators.py
[2023-12-01T17:54:20.265+0000] {processor.py:829} INFO - Processing file /home/airflow/.local/lib/python3.8/site-packages/airflow/example_dags/example_dynamic_task_mapping_with_no_taskflow_operators.py for tasks to queue
[2023-12-01T17:54:20.267+0000] {logging_mixin.py:154} INFO - [2023-12-01T17:54:20.267+0000] {dagbag.py:536} INFO - Filling up the DagBag from /home/airflow/.local/lib/python3.8/site-packages/airflow/example_dags/example_dynamic_task_mapping_with_no_taskflow_operators.py
[2023-12-01T17:54:20.271+0000] {processor.py:839} INFO - DAG(s) dict_keys(['example_dynamic_task_mapping_with_no_taskflow_operators']) retrieved from /home/airflow/.local/lib/python3.8/site-packages/airflow/example_dags/example_dynamic_task_mapping_with_no_taskflow_operators.py
[2023-12-01T17:54:20.279+0000] {logging_mixin.py:154} INFO - [2023-12-01T17:54:20.279+0000] {dag.py:2941} INFO - Sync 1 DAGs
[2023-12-01T17:54:20.293+0000] {logging_mixin.py:154} INFO - [2023-12-01T17:54:20.293+0000] {dag.py:3722} INFO - Setting next_dagrun for example_dynamic_task_mapping_with_no_taskflow_operators to 2023-11-30T17:54:20.293415+00:00, run_after=2023-12-01T17:54:20.293415+00:00
[2023-12-01T17:54:20.304+0000] {processor.py:179} INFO - Processing /home/airflow/.local/lib/python3.8/site-packages/airflow/example_dags/example_dynamic_task_mapping_with_no_taskflow_operators.py took 0.041 seconds
[2023-12-01T17:54:51.253+0000] {processor.py:157} INFO - Started process (PID=209) to work on /home/airflow/.local/lib/python3.8/site-packages/airflow/example_dags/example_dynamic_task_mapping_with_no_taskflow_operators.py
[2023-12-01T17:54:51.254+0000] {processor.py:829} INFO - Processing file /home/airflow/.local/lib/python3.8/site-packages/airflow/example_dags/example_dynamic_task_mapping_with_no_taskflow_operators.py for tasks to queue
[2023-12-01T17:54:51.255+0000] {logging_mixin.py:154} INFO - [2023-12-01T17:54:51.255+0000] {dagbag.py:536} INFO - Filling up the DagBag from /home/airflow/.local/lib/python3.8/site-packages/airflow/example_dags/example_dynamic_task_mapping_with_no_taskflow_operators.py
[2023-12-01T17:54:51.259+0000] {processor.py:839} INFO - DAG(s) dict_keys(['example_dynamic_task_mapping_with_no_taskflow_operators']) retrieved from /home/airflow/.local/lib/python3.8/site-packages/airflow/example_dags/example_dynamic_task_mapping_with_no_taskflow_operators.py
[2023-12-01T17:54:51.271+0000] {logging_mixin.py:154} INFO - [2023-12-01T17:54:51.271+0000] {dag.py:2941} INFO - Sync 1 DAGs
[2023-12-01T17:54:51.285+0000] {logging_mixin.py:154} INFO - [2023-12-01T17:54:51.285+0000] {dag.py:3722} INFO - Setting next_dagrun for example_dynamic_task_mapping_with_no_taskflow_operators to 2023-11-30T17:54:51.285276+00:00, run_after=2023-12-01T17:54:51.285276+00:00
[2023-12-01T17:54:51.297+0000] {processor.py:179} INFO - Processing /home/airflow/.local/lib/python3.8/site-packages/airflow/example_dags/example_dynamic_task_mapping_with_no_taskflow_operators.py took 0.045 seconds
[2023-12-01T17:55:21.947+0000] {processor.py:157} INFO - Started process (PID=299) to work on /home/airflow/.local/lib/python3.8/site-packages/airflow/example_dags/example_dynamic_task_mapping_with_no_taskflow_operators.py
[2023-12-01T17:55:21.947+0000] {processor.py:829} INFO - Processing file /home/airflow/.local/lib/python3.8/site-packages/airflow/example_dags/example_dynamic_task_mapping_with_no_taskflow_operators.py for tasks to queue
[2023-12-01T17:55:21.949+0000] {logging_mixin.py:154} INFO - [2023-12-01T17:55:21.949+0000] {dagbag.py:536} INFO - Filling up the DagBag from /home/airflow/.local/lib/python3.8/site-packages/airflow/example_dags/example_dynamic_task_mapping_with_no_taskflow_operators.py
[2023-12-01T17:55:21.954+0000] {processor.py:839} INFO - DAG(s) dict_keys(['example_dynamic_task_mapping_with_no_taskflow_operators']) retrieved from /home/airflow/.local/lib/python3.8/site-packages/airflow/example_dags/example_dynamic_task_mapping_with_no_taskflow_operators.py
[2023-12-01T17:55:21.966+0000] {logging_mixin.py:154} INFO - [2023-12-01T17:55:21.966+0000] {dag.py:2941} INFO - Sync 1 DAGs
[2023-12-01T17:55:21.980+0000] {logging_mixin.py:154} INFO - [2023-12-01T17:55:21.980+0000] {dag.py:3722} INFO - Setting next_dagrun for example_dynamic_task_mapping_with_no_taskflow_operators to 2023-11-30T17:55:21.979862+00:00, run_after=2023-12-01T17:55:21.979862+00:00
[2023-12-01T17:55:21.991+0000] {processor.py:179} INFO - Processing /home/airflow/.local/lib/python3.8/site-packages/airflow/example_dags/example_dynamic_task_mapping_with_no_taskflow_operators.py took 0.046 seconds
[2023-12-01T17:55:52.735+0000] {processor.py:157} INFO - Started process (PID=389) to work on /home/airflow/.local/lib/python3.8/site-packages/airflow/example_dags/example_dynamic_task_mapping_with_no_taskflow_operators.py
[2023-12-01T17:55:52.736+0000] {processor.py:829} INFO - Processing file /home/airflow/.local/lib/python3.8/site-packages/airflow/example_dags/example_dynamic_task_mapping_with_no_taskflow_operators.py for tasks to queue
[2023-12-01T17:55:52.737+0000] {logging_mixin.py:154} INFO - [2023-12-01T17:55:52.737+0000] {dagbag.py:536} INFO - Filling up the DagBag from /home/airflow/.local/lib/python3.8/site-packages/airflow/example_dags/example_dynamic_task_mapping_with_no_taskflow_operators.py
[2023-12-01T17:55:52.741+0000] {processor.py:839} INFO - DAG(s) dict_keys(['example_dynamic_task_mapping_with_no_taskflow_operators']) retrieved from /home/airflow/.local/lib/python3.8/site-packages/airflow/example_dags/example_dynamic_task_mapping_with_no_taskflow_operators.py
[2023-12-01T17:55:52.753+0000] {logging_mixin.py:154} INFO - [2023-12-01T17:55:52.752+0000] {dag.py:2941} INFO - Sync 1 DAGs
[2023-12-01T17:55:52.767+0000] {logging_mixin.py:154} INFO - [2023-12-01T17:55:52.767+0000] {dag.py:3722} INFO - Setting next_dagrun for example_dynamic_task_mapping_with_no_taskflow_operators to 2023-11-30T17:55:52.767161+00:00, run_after=2023-12-01T17:55:52.767161+00:00
[2023-12-01T17:55:52.778+0000] {processor.py:179} INFO - Processing /home/airflow/.local/lib/python3.8/site-packages/airflow/example_dags/example_dynamic_task_mapping_with_no_taskflow_operators.py took 0.045 seconds
[2023-12-01T17:56:23.615+0000] {processor.py:157} INFO - Started process (PID=479) to work on /home/airflow/.local/lib/python3.8/site-packages/airflow/example_dags/example_dynamic_task_mapping_with_no_taskflow_operators.py
[2023-12-01T17:56:23.616+0000] {processor.py:829} INFO - Processing file /home/airflow/.local/lib/python3.8/site-packages/airflow/example_dags/example_dynamic_task_mapping_with_no_taskflow_operators.py for tasks to queue
[2023-12-01T17:56:23.617+0000] {logging_mixin.py:154} INFO - [2023-12-01T17:56:23.617+0000] {dagbag.py:536} INFO - Filling up the DagBag from /home/airflow/.local/lib/python3.8/site-packages/airflow/example_dags/example_dynamic_task_mapping_with_no_taskflow_operators.py
[2023-12-01T17:56:23.621+0000] {processor.py:839} INFO - DAG(s) dict_keys(['example_dynamic_task_mapping_with_no_taskflow_operators']) retrieved from /home/airflow/.local/lib/python3.8/site-packages/airflow/example_dags/example_dynamic_task_mapping_with_no_taskflow_operators.py
[2023-12-01T17:56:23.633+0000] {logging_mixin.py:154} INFO - [2023-12-01T17:56:23.633+0000] {dag.py:2941} INFO - Sync 1 DAGs
[2023-12-01T17:56:23.648+0000] {logging_mixin.py:154} INFO - [2023-12-01T17:56:23.647+0000] {dag.py:3722} INFO - Setting next_dagrun for example_dynamic_task_mapping_with_no_taskflow_operators to 2023-11-30T17:56:23.647775+00:00, run_after=2023-12-01T17:56:23.647775+00:00
[2023-12-01T17:56:23.659+0000] {processor.py:179} INFO - Processing /home/airflow/.local/lib/python3.8/site-packages/airflow/example_dags/example_dynamic_task_mapping_with_no_taskflow_operators.py took 0.046 seconds
[2023-12-01T17:56:54.184+0000] {processor.py:157} INFO - Started process (PID=569) to work on /home/airflow/.local/lib/python3.8/site-packages/airflow/example_dags/example_dynamic_task_mapping_with_no_taskflow_operators.py
[2023-12-01T17:56:54.185+0000] {processor.py:829} INFO - Processing file /home/airflow/.local/lib/python3.8/site-packages/airflow/example_dags/example_dynamic_task_mapping_with_no_taskflow_operators.py for tasks to queue
[2023-12-01T17:56:54.186+0000] {logging_mixin.py:154} INFO - [2023-12-01T17:56:54.186+0000] {dagbag.py:536} INFO - Filling up the DagBag from /home/airflow/.local/lib/python3.8/site-packages/airflow/example_dags/example_dynamic_task_mapping_with_no_taskflow_operators.py
[2023-12-01T17:56:54.190+0000] {processor.py:839} INFO - DAG(s) dict_keys(['example_dynamic_task_mapping_with_no_taskflow_operators']) retrieved from /home/airflow/.local/lib/python3.8/site-packages/airflow/example_dags/example_dynamic_task_mapping_with_no_taskflow_operators.py
[2023-12-01T17:56:54.202+0000] {logging_mixin.py:154} INFO - [2023-12-01T17:56:54.202+0000] {dag.py:2941} INFO - Sync 1 DAGs
[2023-12-01T17:56:54.216+0000] {logging_mixin.py:154} INFO - [2023-12-01T17:56:54.216+0000] {dag.py:3722} INFO - Setting next_dagrun for example_dynamic_task_mapping_with_no_taskflow_operators to 2023-11-30T17:56:54.216186+00:00, run_after=2023-12-01T17:56:54.216186+00:00
[2023-12-01T17:56:54.228+0000] {processor.py:179} INFO - Processing /home/airflow/.local/lib/python3.8/site-packages/airflow/example_dags/example_dynamic_task_mapping_with_no_taskflow_operators.py took 0.045 seconds
[2023-12-01T17:57:55.744+0000] {processor.py:157} INFO - Started process (PID=119) to work on /home/airflow/.local/lib/python3.8/site-packages/airflow/example_dags/example_dynamic_task_mapping_with_no_taskflow_operators.py
[2023-12-01T17:57:55.745+0000] {processor.py:829} INFO - Processing file /home/airflow/.local/lib/python3.8/site-packages/airflow/example_dags/example_dynamic_task_mapping_with_no_taskflow_operators.py for tasks to queue
[2023-12-01T17:57:55.746+0000] {logging_mixin.py:154} INFO - [2023-12-01T17:57:55.746+0000] {dagbag.py:536} INFO - Filling up the DagBag from /home/airflow/.local/lib/python3.8/site-packages/airflow/example_dags/example_dynamic_task_mapping_with_no_taskflow_operators.py
[2023-12-01T17:57:55.750+0000] {processor.py:839} INFO - DAG(s) dict_keys(['example_dynamic_task_mapping_with_no_taskflow_operators']) retrieved from /home/airflow/.local/lib/python3.8/site-packages/airflow/example_dags/example_dynamic_task_mapping_with_no_taskflow_operators.py
[2023-12-01T17:57:55.757+0000] {logging_mixin.py:154} INFO - [2023-12-01T17:57:55.757+0000] {dag.py:2941} INFO - Sync 1 DAGs
[2023-12-01T17:57:55.774+0000] {logging_mixin.py:154} INFO - [2023-12-01T17:57:55.774+0000] {dag.py:3722} INFO - Setting next_dagrun for example_dynamic_task_mapping_with_no_taskflow_operators to 2023-11-30T17:57:55.773996+00:00, run_after=2023-12-01T17:57:55.773996+00:00
[2023-12-01T17:57:55.786+0000] {processor.py:179} INFO - Processing /home/airflow/.local/lib/python3.8/site-packages/airflow/example_dags/example_dynamic_task_mapping_with_no_taskflow_operators.py took 0.044 seconds
[2023-12-01T17:58:26.459+0000] {processor.py:157} INFO - Started process (PID=209) to work on /home/airflow/.local/lib/python3.8/site-packages/airflow/example_dags/example_dynamic_task_mapping_with_no_taskflow_operators.py
[2023-12-01T17:58:26.460+0000] {processor.py:829} INFO - Processing file /home/airflow/.local/lib/python3.8/site-packages/airflow/example_dags/example_dynamic_task_mapping_with_no_taskflow_operators.py for tasks to queue
[2023-12-01T17:58:26.461+0000] {logging_mixin.py:154} INFO - [2023-12-01T17:58:26.461+0000] {dagbag.py:536} INFO - Filling up the DagBag from /home/airflow/.local/lib/python3.8/site-packages/airflow/example_dags/example_dynamic_task_mapping_with_no_taskflow_operators.py
[2023-12-01T17:58:26.465+0000] {processor.py:839} INFO - DAG(s) dict_keys(['example_dynamic_task_mapping_with_no_taskflow_operators']) retrieved from /home/airflow/.local/lib/python3.8/site-packages/airflow/example_dags/example_dynamic_task_mapping_with_no_taskflow_operators.py
[2023-12-01T17:58:26.477+0000] {logging_mixin.py:154} INFO - [2023-12-01T17:58:26.477+0000] {dag.py:2941} INFO - Sync 1 DAGs
[2023-12-01T17:58:26.491+0000] {logging_mixin.py:154} INFO - [2023-12-01T17:58:26.491+0000] {dag.py:3722} INFO - Setting next_dagrun for example_dynamic_task_mapping_with_no_taskflow_operators to 2023-11-30T17:58:26.491374+00:00, run_after=2023-12-01T17:58:26.491374+00:00
[2023-12-01T17:58:26.503+0000] {processor.py:179} INFO - Processing /home/airflow/.local/lib/python3.8/site-packages/airflow/example_dags/example_dynamic_task_mapping_with_no_taskflow_operators.py took 0.045 seconds
[2023-12-01T17:58:57.205+0000] {processor.py:157} INFO - Started process (PID=299) to work on /home/airflow/.local/lib/python3.8/site-packages/airflow/example_dags/example_dynamic_task_mapping_with_no_taskflow_operators.py
[2023-12-01T17:58:57.205+0000] {processor.py:829} INFO - Processing file /home/airflow/.local/lib/python3.8/site-packages/airflow/example_dags/example_dynamic_task_mapping_with_no_taskflow_operators.py for tasks to queue
[2023-12-01T17:58:57.206+0000] {logging_mixin.py:154} INFO - [2023-12-01T17:58:57.206+0000] {dagbag.py:536} INFO - Filling up the DagBag from /home/airflow/.local/lib/python3.8/site-packages/airflow/example_dags/example_dynamic_task_mapping_with_no_taskflow_operators.py
[2023-12-01T17:58:57.210+0000] {processor.py:839} INFO - DAG(s) dict_keys(['example_dynamic_task_mapping_with_no_taskflow_operators']) retrieved from /home/airflow/.local/lib/python3.8/site-packages/airflow/example_dags/example_dynamic_task_mapping_with_no_taskflow_operators.py
[2023-12-01T17:58:57.222+0000] {logging_mixin.py:154} INFO - [2023-12-01T17:58:57.222+0000] {dag.py:2941} INFO - Sync 1 DAGs
[2023-12-01T17:58:57.236+0000] {logging_mixin.py:154} INFO - [2023-12-01T17:58:57.236+0000] {dag.py:3722} INFO - Setting next_dagrun for example_dynamic_task_mapping_with_no_taskflow_operators to 2023-11-30T17:58:57.236282+00:00, run_after=2023-12-01T17:58:57.236282+00:00
[2023-12-01T17:58:57.248+0000] {processor.py:179} INFO - Processing /home/airflow/.local/lib/python3.8/site-packages/airflow/example_dags/example_dynamic_task_mapping_with_no_taskflow_operators.py took 0.045 seconds
[2023-12-01T17:59:27.979+0000] {processor.py:157} INFO - Started process (PID=389) to work on /home/airflow/.local/lib/python3.8/site-packages/airflow/example_dags/example_dynamic_task_mapping_with_no_taskflow_operators.py
[2023-12-01T17:59:27.980+0000] {processor.py:829} INFO - Processing file /home/airflow/.local/lib/python3.8/site-packages/airflow/example_dags/example_dynamic_task_mapping_with_no_taskflow_operators.py for tasks to queue
[2023-12-01T17:59:27.981+0000] {logging_mixin.py:154} INFO - [2023-12-01T17:59:27.981+0000] {dagbag.py:536} INFO - Filling up the DagBag from /home/airflow/.local/lib/python3.8/site-packages/airflow/example_dags/example_dynamic_task_mapping_with_no_taskflow_operators.py
[2023-12-01T17:59:27.985+0000] {processor.py:839} INFO - DAG(s) dict_keys(['example_dynamic_task_mapping_with_no_taskflow_operators']) retrieved from /home/airflow/.local/lib/python3.8/site-packages/airflow/example_dags/example_dynamic_task_mapping_with_no_taskflow_operators.py
[2023-12-01T17:59:27.997+0000] {logging_mixin.py:154} INFO - [2023-12-01T17:59:27.997+0000] {dag.py:2941} INFO - Sync 1 DAGs
[2023-12-01T17:59:28.012+0000] {logging_mixin.py:154} INFO - [2023-12-01T17:59:28.012+0000] {dag.py:3722} INFO - Setting next_dagrun for example_dynamic_task_mapping_with_no_taskflow_operators to 2023-11-30T17:59:28.012204+00:00, run_after=2023-12-01T17:59:28.012204+00:00
[2023-12-01T17:59:28.024+0000] {processor.py:179} INFO - Processing /home/airflow/.local/lib/python3.8/site-packages/airflow/example_dags/example_dynamic_task_mapping_with_no_taskflow_operators.py took 0.046 seconds
