[2023-12-01T17:41:51.999+0000] {processor.py:157} INFO - Started process (PID=100) to work on /home/airflow/.local/lib/python3.8/site-packages/airflow/example_dags/example_sensors.py
[2023-12-01T17:41:52.000+0000] {processor.py:829} INFO - Processing file /home/airflow/.local/lib/python3.8/site-packages/airflow/example_dags/example_sensors.py for tasks to queue
[2023-12-01T17:41:52.002+0000] {logging_mixin.py:154} INFO - [2023-12-01T17:41:52.002+0000] {dagbag.py:536} INFO - Filling up the DagBag from /home/airflow/.local/lib/python3.8/site-packages/airflow/example_dags/example_sensors.py
[2023-12-01T17:41:52.011+0000] {processor.py:839} INFO - DAG(s) dict_keys(['example_sensors']) retrieved from /home/airflow/.local/lib/python3.8/site-packages/airflow/example_dags/example_sensors.py
[2023-12-01T17:41:52.020+0000] {logging_mixin.py:154} INFO - [2023-12-01T17:41:52.020+0000] {dag.py:2941} INFO - Sync 1 DAGs
[2023-12-01T17:41:52.030+0000] {logging_mixin.py:154} INFO - [2023-12-01T17:41:52.029+0000] {dag.py:3722} INFO - Setting next_dagrun for example_sensors to None, run_after=None
[2023-12-01T17:41:52.043+0000] {processor.py:179} INFO - Processing /home/airflow/.local/lib/python3.8/site-packages/airflow/example_dags/example_sensors.py took 0.047 seconds
[2023-12-01T17:42:22.771+0000] {processor.py:157} INFO - Started process (PID=190) to work on /home/airflow/.local/lib/python3.8/site-packages/airflow/example_dags/example_sensors.py
[2023-12-01T17:42:22.771+0000] {processor.py:829} INFO - Processing file /home/airflow/.local/lib/python3.8/site-packages/airflow/example_dags/example_sensors.py for tasks to queue
[2023-12-01T17:42:22.772+0000] {logging_mixin.py:154} INFO - [2023-12-01T17:42:22.772+0000] {dagbag.py:536} INFO - Filling up the DagBag from /home/airflow/.local/lib/python3.8/site-packages/airflow/example_dags/example_sensors.py
[2023-12-01T17:42:22.778+0000] {processor.py:839} INFO - DAG(s) dict_keys(['example_sensors']) retrieved from /home/airflow/.local/lib/python3.8/site-packages/airflow/example_dags/example_sensors.py
[2023-12-01T17:42:22.794+0000] {logging_mixin.py:154} INFO - [2023-12-01T17:42:22.794+0000] {dag.py:2941} INFO - Sync 1 DAGs
[2023-12-01T17:42:22.802+0000] {logging_mixin.py:154} INFO - [2023-12-01T17:42:22.802+0000] {dag.py:3722} INFO - Setting next_dagrun for example_sensors to None, run_after=None
[2023-12-01T17:42:22.814+0000] {processor.py:179} INFO - Processing /home/airflow/.local/lib/python3.8/site-packages/airflow/example_dags/example_sensors.py took 0.045 seconds
[2023-12-01T17:42:53.335+0000] {processor.py:157} INFO - Started process (PID=280) to work on /home/airflow/.local/lib/python3.8/site-packages/airflow/example_dags/example_sensors.py
[2023-12-01T17:42:53.336+0000] {processor.py:829} INFO - Processing file /home/airflow/.local/lib/python3.8/site-packages/airflow/example_dags/example_sensors.py for tasks to queue
[2023-12-01T17:42:53.337+0000] {logging_mixin.py:154} INFO - [2023-12-01T17:42:53.337+0000] {dagbag.py:536} INFO - Filling up the DagBag from /home/airflow/.local/lib/python3.8/site-packages/airflow/example_dags/example_sensors.py
[2023-12-01T17:42:53.343+0000] {processor.py:839} INFO - DAG(s) dict_keys(['example_sensors']) retrieved from /home/airflow/.local/lib/python3.8/site-packages/airflow/example_dags/example_sensors.py
[2023-12-01T17:42:53.359+0000] {logging_mixin.py:154} INFO - [2023-12-01T17:42:53.359+0000] {dag.py:2941} INFO - Sync 1 DAGs
[2023-12-01T17:42:53.367+0000] {logging_mixin.py:154} INFO - [2023-12-01T17:42:53.367+0000] {dag.py:3722} INFO - Setting next_dagrun for example_sensors to None, run_after=None
[2023-12-01T17:42:53.378+0000] {processor.py:179} INFO - Processing /home/airflow/.local/lib/python3.8/site-packages/airflow/example_dags/example_sensors.py took 0.045 seconds
[2023-12-01T17:43:24.266+0000] {processor.py:157} INFO - Started process (PID=370) to work on /home/airflow/.local/lib/python3.8/site-packages/airflow/example_dags/example_sensors.py
[2023-12-01T17:43:24.266+0000] {processor.py:829} INFO - Processing file /home/airflow/.local/lib/python3.8/site-packages/airflow/example_dags/example_sensors.py for tasks to queue
[2023-12-01T17:43:24.268+0000] {logging_mixin.py:154} INFO - [2023-12-01T17:43:24.267+0000] {dagbag.py:536} INFO - Filling up the DagBag from /home/airflow/.local/lib/python3.8/site-packages/airflow/example_dags/example_sensors.py
[2023-12-01T17:43:24.273+0000] {processor.py:839} INFO - DAG(s) dict_keys(['example_sensors']) retrieved from /home/airflow/.local/lib/python3.8/site-packages/airflow/example_dags/example_sensors.py
[2023-12-01T17:43:24.288+0000] {logging_mixin.py:154} INFO - [2023-12-01T17:43:24.288+0000] {dag.py:2941} INFO - Sync 1 DAGs
[2023-12-01T17:43:24.295+0000] {logging_mixin.py:154} INFO - [2023-12-01T17:43:24.295+0000] {dag.py:3722} INFO - Setting next_dagrun for example_sensors to None, run_after=None
[2023-12-01T17:43:24.307+0000] {processor.py:179} INFO - Processing /home/airflow/.local/lib/python3.8/site-packages/airflow/example_dags/example_sensors.py took 0.043 seconds
[2023-12-01T17:43:55.558+0000] {processor.py:157} INFO - Started process (PID=460) to work on /home/airflow/.local/lib/python3.8/site-packages/airflow/example_dags/example_sensors.py
[2023-12-01T17:43:55.559+0000] {processor.py:829} INFO - Processing file /home/airflow/.local/lib/python3.8/site-packages/airflow/example_dags/example_sensors.py for tasks to queue
[2023-12-01T17:43:55.561+0000] {logging_mixin.py:154} INFO - [2023-12-01T17:43:55.561+0000] {dagbag.py:536} INFO - Filling up the DagBag from /home/airflow/.local/lib/python3.8/site-packages/airflow/example_dags/example_sensors.py
[2023-12-01T17:43:55.571+0000] {processor.py:839} INFO - DAG(s) dict_keys(['example_sensors']) retrieved from /home/airflow/.local/lib/python3.8/site-packages/airflow/example_dags/example_sensors.py
[2023-12-01T17:43:55.590+0000] {logging_mixin.py:154} INFO - [2023-12-01T17:43:55.590+0000] {dag.py:2941} INFO - Sync 1 DAGs
[2023-12-01T17:43:55.599+0000] {logging_mixin.py:154} INFO - [2023-12-01T17:43:55.599+0000] {dag.py:3722} INFO - Setting next_dagrun for example_sensors to None, run_after=None
[2023-12-01T17:43:55.611+0000] {processor.py:179} INFO - Processing /home/airflow/.local/lib/python3.8/site-packages/airflow/example_dags/example_sensors.py took 0.056 seconds
[2023-12-01T17:44:26.378+0000] {processor.py:157} INFO - Started process (PID=550) to work on /home/airflow/.local/lib/python3.8/site-packages/airflow/example_dags/example_sensors.py
[2023-12-01T17:44:26.379+0000] {processor.py:829} INFO - Processing file /home/airflow/.local/lib/python3.8/site-packages/airflow/example_dags/example_sensors.py for tasks to queue
[2023-12-01T17:44:26.380+0000] {logging_mixin.py:154} INFO - [2023-12-01T17:44:26.380+0000] {dagbag.py:536} INFO - Filling up the DagBag from /home/airflow/.local/lib/python3.8/site-packages/airflow/example_dags/example_sensors.py
[2023-12-01T17:44:26.386+0000] {processor.py:839} INFO - DAG(s) dict_keys(['example_sensors']) retrieved from /home/airflow/.local/lib/python3.8/site-packages/airflow/example_dags/example_sensors.py
[2023-12-01T17:44:26.403+0000] {logging_mixin.py:154} INFO - [2023-12-01T17:44:26.402+0000] {dag.py:2941} INFO - Sync 1 DAGs
[2023-12-01T17:44:26.412+0000] {logging_mixin.py:154} INFO - [2023-12-01T17:44:26.412+0000] {dag.py:3722} INFO - Setting next_dagrun for example_sensors to None, run_after=None
[2023-12-01T17:44:26.424+0000] {processor.py:179} INFO - Processing /home/airflow/.local/lib/python3.8/site-packages/airflow/example_dags/example_sensors.py took 0.048 seconds
[2023-12-01T17:45:23.442+0000] {processor.py:157} INFO - Started process (PID=100) to work on /home/airflow/.local/lib/python3.8/site-packages/airflow/example_dags/example_sensors.py
[2023-12-01T17:45:23.442+0000] {processor.py:829} INFO - Processing file /home/airflow/.local/lib/python3.8/site-packages/airflow/example_dags/example_sensors.py for tasks to queue
[2023-12-01T17:45:23.443+0000] {logging_mixin.py:154} INFO - [2023-12-01T17:45:23.443+0000] {dagbag.py:536} INFO - Filling up the DagBag from /home/airflow/.local/lib/python3.8/site-packages/airflow/example_dags/example_sensors.py
[2023-12-01T17:45:23.450+0000] {processor.py:839} INFO - DAG(s) dict_keys(['example_sensors']) retrieved from /home/airflow/.local/lib/python3.8/site-packages/airflow/example_dags/example_sensors.py
[2023-12-01T17:45:23.458+0000] {logging_mixin.py:154} INFO - [2023-12-01T17:45:23.457+0000] {dag.py:2941} INFO - Sync 1 DAGs
[2023-12-01T17:45:23.466+0000] {logging_mixin.py:154} INFO - [2023-12-01T17:45:23.466+0000] {dag.py:3722} INFO - Setting next_dagrun for example_sensors to None, run_after=None
[2023-12-01T17:45:23.478+0000] {processor.py:179} INFO - Processing /home/airflow/.local/lib/python3.8/site-packages/airflow/example_dags/example_sensors.py took 0.038 seconds
[2023-12-01T17:45:54.341+0000] {processor.py:157} INFO - Started process (PID=190) to work on /home/airflow/.local/lib/python3.8/site-packages/airflow/example_dags/example_sensors.py
[2023-12-01T17:45:54.342+0000] {processor.py:829} INFO - Processing file /home/airflow/.local/lib/python3.8/site-packages/airflow/example_dags/example_sensors.py for tasks to queue
[2023-12-01T17:45:54.343+0000] {logging_mixin.py:154} INFO - [2023-12-01T17:45:54.343+0000] {dagbag.py:536} INFO - Filling up the DagBag from /home/airflow/.local/lib/python3.8/site-packages/airflow/example_dags/example_sensors.py
[2023-12-01T17:45:54.349+0000] {processor.py:839} INFO - DAG(s) dict_keys(['example_sensors']) retrieved from /home/airflow/.local/lib/python3.8/site-packages/airflow/example_dags/example_sensors.py
[2023-12-01T17:45:54.366+0000] {logging_mixin.py:154} INFO - [2023-12-01T17:45:54.365+0000] {dag.py:2941} INFO - Sync 1 DAGs
[2023-12-01T17:45:54.374+0000] {logging_mixin.py:154} INFO - [2023-12-01T17:45:54.374+0000] {dag.py:3722} INFO - Setting next_dagrun for example_sensors to None, run_after=None
[2023-12-01T17:45:54.386+0000] {processor.py:179} INFO - Processing /home/airflow/.local/lib/python3.8/site-packages/airflow/example_dags/example_sensors.py took 0.046 seconds
[2023-12-01T17:46:25.474+0000] {processor.py:157} INFO - Started process (PID=280) to work on /home/airflow/.local/lib/python3.8/site-packages/airflow/example_dags/example_sensors.py
[2023-12-01T17:46:25.474+0000] {processor.py:829} INFO - Processing file /home/airflow/.local/lib/python3.8/site-packages/airflow/example_dags/example_sensors.py for tasks to queue
[2023-12-01T17:46:25.476+0000] {logging_mixin.py:154} INFO - [2023-12-01T17:46:25.476+0000] {dagbag.py:536} INFO - Filling up the DagBag from /home/airflow/.local/lib/python3.8/site-packages/airflow/example_dags/example_sensors.py
[2023-12-01T17:46:25.482+0000] {processor.py:839} INFO - DAG(s) dict_keys(['example_sensors']) retrieved from /home/airflow/.local/lib/python3.8/site-packages/airflow/example_dags/example_sensors.py
[2023-12-01T17:46:25.500+0000] {logging_mixin.py:154} INFO - [2023-12-01T17:46:25.500+0000] {dag.py:2941} INFO - Sync 1 DAGs
[2023-12-01T17:46:25.509+0000] {logging_mixin.py:154} INFO - [2023-12-01T17:46:25.509+0000] {dag.py:3722} INFO - Setting next_dagrun for example_sensors to None, run_after=None
[2023-12-01T17:46:25.523+0000] {processor.py:179} INFO - Processing /home/airflow/.local/lib/python3.8/site-packages/airflow/example_dags/example_sensors.py took 0.051 seconds
[2023-12-01T17:46:56.346+0000] {processor.py:157} INFO - Started process (PID=370) to work on /home/airflow/.local/lib/python3.8/site-packages/airflow/example_dags/example_sensors.py
[2023-12-01T17:46:56.346+0000] {processor.py:829} INFO - Processing file /home/airflow/.local/lib/python3.8/site-packages/airflow/example_dags/example_sensors.py for tasks to queue
[2023-12-01T17:46:56.347+0000] {logging_mixin.py:154} INFO - [2023-12-01T17:46:56.347+0000] {dagbag.py:536} INFO - Filling up the DagBag from /home/airflow/.local/lib/python3.8/site-packages/airflow/example_dags/example_sensors.py
[2023-12-01T17:46:56.353+0000] {processor.py:839} INFO - DAG(s) dict_keys(['example_sensors']) retrieved from /home/airflow/.local/lib/python3.8/site-packages/airflow/example_dags/example_sensors.py
[2023-12-01T17:46:56.369+0000] {logging_mixin.py:154} INFO - [2023-12-01T17:46:56.369+0000] {dag.py:2941} INFO - Sync 1 DAGs
[2023-12-01T17:46:56.378+0000] {logging_mixin.py:154} INFO - [2023-12-01T17:46:56.377+0000] {dag.py:3722} INFO - Setting next_dagrun for example_sensors to None, run_after=None
[2023-12-01T17:46:56.389+0000] {processor.py:179} INFO - Processing /home/airflow/.local/lib/python3.8/site-packages/airflow/example_dags/example_sensors.py took 0.045 seconds
[2023-12-01T17:47:54.641+0000] {processor.py:157} INFO - Started process (PID=100) to work on /home/airflow/.local/lib/python3.8/site-packages/airflow/example_dags/example_sensors.py
[2023-12-01T17:47:54.642+0000] {processor.py:829} INFO - Processing file /home/airflow/.local/lib/python3.8/site-packages/airflow/example_dags/example_sensors.py for tasks to queue
[2023-12-01T17:47:54.643+0000] {logging_mixin.py:154} INFO - [2023-12-01T17:47:54.643+0000] {dagbag.py:536} INFO - Filling up the DagBag from /home/airflow/.local/lib/python3.8/site-packages/airflow/example_dags/example_sensors.py
[2023-12-01T17:47:54.650+0000] {processor.py:839} INFO - DAG(s) dict_keys(['example_sensors']) retrieved from /home/airflow/.local/lib/python3.8/site-packages/airflow/example_dags/example_sensors.py
[2023-12-01T17:47:54.658+0000] {logging_mixin.py:154} INFO - [2023-12-01T17:47:54.657+0000] {dag.py:2941} INFO - Sync 1 DAGs
[2023-12-01T17:47:54.667+0000] {logging_mixin.py:154} INFO - [2023-12-01T17:47:54.667+0000] {dag.py:3722} INFO - Setting next_dagrun for example_sensors to None, run_after=None
[2023-12-01T17:47:54.679+0000] {processor.py:179} INFO - Processing /home/airflow/.local/lib/python3.8/site-packages/airflow/example_dags/example_sensors.py took 0.040 seconds
[2023-12-01T17:48:26.309+0000] {processor.py:157} INFO - Started process (PID=190) to work on /home/airflow/.local/lib/python3.8/site-packages/airflow/example_dags/example_sensors.py
[2023-12-01T17:48:26.309+0000] {processor.py:829} INFO - Processing file /home/airflow/.local/lib/python3.8/site-packages/airflow/example_dags/example_sensors.py for tasks to queue
[2023-12-01T17:48:26.310+0000] {logging_mixin.py:154} INFO - [2023-12-01T17:48:26.310+0000] {dagbag.py:536} INFO - Filling up the DagBag from /home/airflow/.local/lib/python3.8/site-packages/airflow/example_dags/example_sensors.py
[2023-12-01T17:48:26.316+0000] {processor.py:839} INFO - DAG(s) dict_keys(['example_sensors']) retrieved from /home/airflow/.local/lib/python3.8/site-packages/airflow/example_dags/example_sensors.py
[2023-12-01T17:48:26.334+0000] {logging_mixin.py:154} INFO - [2023-12-01T17:48:26.334+0000] {dag.py:2941} INFO - Sync 1 DAGs
[2023-12-01T17:48:26.343+0000] {logging_mixin.py:154} INFO - [2023-12-01T17:48:26.343+0000] {dag.py:3722} INFO - Setting next_dagrun for example_sensors to None, run_after=None
[2023-12-01T17:48:26.355+0000] {processor.py:179} INFO - Processing /home/airflow/.local/lib/python3.8/site-packages/airflow/example_dags/example_sensors.py took 0.048 seconds
[2023-12-01T17:48:56.446+0000] {processor.py:157} INFO - Started process (PID=280) to work on /home/airflow/.local/lib/python3.8/site-packages/airflow/example_dags/example_sensors.py
[2023-12-01T17:48:56.447+0000] {processor.py:829} INFO - Processing file /home/airflow/.local/lib/python3.8/site-packages/airflow/example_dags/example_sensors.py for tasks to queue
[2023-12-01T17:48:56.448+0000] {logging_mixin.py:154} INFO - [2023-12-01T17:48:56.448+0000] {dagbag.py:536} INFO - Filling up the DagBag from /home/airflow/.local/lib/python3.8/site-packages/airflow/example_dags/example_sensors.py
[2023-12-01T17:48:56.454+0000] {processor.py:839} INFO - DAG(s) dict_keys(['example_sensors']) retrieved from /home/airflow/.local/lib/python3.8/site-packages/airflow/example_dags/example_sensors.py
[2023-12-01T17:48:56.469+0000] {logging_mixin.py:154} INFO - [2023-12-01T17:48:56.469+0000] {dag.py:2941} INFO - Sync 1 DAGs
[2023-12-01T17:48:56.477+0000] {logging_mixin.py:154} INFO - [2023-12-01T17:48:56.477+0000] {dag.py:3722} INFO - Setting next_dagrun for example_sensors to None, run_after=None
[2023-12-01T17:48:56.488+0000] {processor.py:179} INFO - Processing /home/airflow/.local/lib/python3.8/site-packages/airflow/example_dags/example_sensors.py took 0.044 seconds
[2023-12-01T17:49:27.159+0000] {processor.py:157} INFO - Started process (PID=370) to work on /home/airflow/.local/lib/python3.8/site-packages/airflow/example_dags/example_sensors.py
[2023-12-01T17:49:27.160+0000] {processor.py:829} INFO - Processing file /home/airflow/.local/lib/python3.8/site-packages/airflow/example_dags/example_sensors.py for tasks to queue
[2023-12-01T17:49:27.161+0000] {logging_mixin.py:154} INFO - [2023-12-01T17:49:27.161+0000] {dagbag.py:536} INFO - Filling up the DagBag from /home/airflow/.local/lib/python3.8/site-packages/airflow/example_dags/example_sensors.py
[2023-12-01T17:49:27.166+0000] {processor.py:839} INFO - DAG(s) dict_keys(['example_sensors']) retrieved from /home/airflow/.local/lib/python3.8/site-packages/airflow/example_dags/example_sensors.py
[2023-12-01T17:49:27.183+0000] {logging_mixin.py:154} INFO - [2023-12-01T17:49:27.183+0000] {dag.py:2941} INFO - Sync 1 DAGs
[2023-12-01T17:49:27.191+0000] {logging_mixin.py:154} INFO - [2023-12-01T17:49:27.191+0000] {dag.py:3722} INFO - Setting next_dagrun for example_sensors to None, run_after=None
[2023-12-01T17:49:27.202+0000] {processor.py:179} INFO - Processing /home/airflow/.local/lib/python3.8/site-packages/airflow/example_dags/example_sensors.py took 0.045 seconds
[2023-12-01T17:49:58.237+0000] {processor.py:157} INFO - Started process (PID=460) to work on /home/airflow/.local/lib/python3.8/site-packages/airflow/example_dags/example_sensors.py
[2023-12-01T17:49:58.238+0000] {processor.py:829} INFO - Processing file /home/airflow/.local/lib/python3.8/site-packages/airflow/example_dags/example_sensors.py for tasks to queue
[2023-12-01T17:49:58.239+0000] {logging_mixin.py:154} INFO - [2023-12-01T17:49:58.239+0000] {dagbag.py:536} INFO - Filling up the DagBag from /home/airflow/.local/lib/python3.8/site-packages/airflow/example_dags/example_sensors.py
[2023-12-01T17:49:58.244+0000] {processor.py:839} INFO - DAG(s) dict_keys(['example_sensors']) retrieved from /home/airflow/.local/lib/python3.8/site-packages/airflow/example_dags/example_sensors.py
[2023-12-01T17:49:58.260+0000] {logging_mixin.py:154} INFO - [2023-12-01T17:49:58.260+0000] {dag.py:2941} INFO - Sync 1 DAGs
[2023-12-01T17:49:58.268+0000] {logging_mixin.py:154} INFO - [2023-12-01T17:49:58.268+0000] {dag.py:3722} INFO - Setting next_dagrun for example_sensors to None, run_after=None
[2023-12-01T17:49:58.280+0000] {processor.py:179} INFO - Processing /home/airflow/.local/lib/python3.8/site-packages/airflow/example_dags/example_sensors.py took 0.044 seconds
[2023-12-01T17:50:29.014+0000] {processor.py:157} INFO - Started process (PID=550) to work on /home/airflow/.local/lib/python3.8/site-packages/airflow/example_dags/example_sensors.py
[2023-12-01T17:50:29.015+0000] {processor.py:829} INFO - Processing file /home/airflow/.local/lib/python3.8/site-packages/airflow/example_dags/example_sensors.py for tasks to queue
[2023-12-01T17:50:29.016+0000] {logging_mixin.py:154} INFO - [2023-12-01T17:50:29.016+0000] {dagbag.py:536} INFO - Filling up the DagBag from /home/airflow/.local/lib/python3.8/site-packages/airflow/example_dags/example_sensors.py
[2023-12-01T17:50:29.021+0000] {processor.py:839} INFO - DAG(s) dict_keys(['example_sensors']) retrieved from /home/airflow/.local/lib/python3.8/site-packages/airflow/example_dags/example_sensors.py
[2023-12-01T17:50:29.037+0000] {logging_mixin.py:154} INFO - [2023-12-01T17:50:29.037+0000] {dag.py:2941} INFO - Sync 1 DAGs
[2023-12-01T17:50:29.046+0000] {logging_mixin.py:154} INFO - [2023-12-01T17:50:29.046+0000] {dag.py:3722} INFO - Setting next_dagrun for example_sensors to None, run_after=None
[2023-12-01T17:50:29.060+0000] {processor.py:179} INFO - Processing /home/airflow/.local/lib/python3.8/site-packages/airflow/example_dags/example_sensors.py took 0.047 seconds
[2023-12-01T17:51:00.021+0000] {processor.py:157} INFO - Started process (PID=640) to work on /home/airflow/.local/lib/python3.8/site-packages/airflow/example_dags/example_sensors.py
[2023-12-01T17:51:00.022+0000] {processor.py:829} INFO - Processing file /home/airflow/.local/lib/python3.8/site-packages/airflow/example_dags/example_sensors.py for tasks to queue
[2023-12-01T17:51:00.023+0000] {logging_mixin.py:154} INFO - [2023-12-01T17:51:00.023+0000] {dagbag.py:536} INFO - Filling up the DagBag from /home/airflow/.local/lib/python3.8/site-packages/airflow/example_dags/example_sensors.py
[2023-12-01T17:51:00.029+0000] {processor.py:839} INFO - DAG(s) dict_keys(['example_sensors']) retrieved from /home/airflow/.local/lib/python3.8/site-packages/airflow/example_dags/example_sensors.py
[2023-12-01T17:51:00.044+0000] {logging_mixin.py:154} INFO - [2023-12-01T17:51:00.043+0000] {dag.py:2941} INFO - Sync 1 DAGs
[2023-12-01T17:51:00.052+0000] {logging_mixin.py:154} INFO - [2023-12-01T17:51:00.051+0000] {dag.py:3722} INFO - Setting next_dagrun for example_sensors to None, run_after=None
[2023-12-01T17:51:00.063+0000] {processor.py:179} INFO - Processing /home/airflow/.local/lib/python3.8/site-packages/airflow/example_dags/example_sensors.py took 0.043 seconds
[2023-12-01T17:51:30.992+0000] {processor.py:157} INFO - Started process (PID=730) to work on /home/airflow/.local/lib/python3.8/site-packages/airflow/example_dags/example_sensors.py
[2023-12-01T17:51:30.993+0000] {processor.py:829} INFO - Processing file /home/airflow/.local/lib/python3.8/site-packages/airflow/example_dags/example_sensors.py for tasks to queue
[2023-12-01T17:51:30.994+0000] {logging_mixin.py:154} INFO - [2023-12-01T17:51:30.994+0000] {dagbag.py:536} INFO - Filling up the DagBag from /home/airflow/.local/lib/python3.8/site-packages/airflow/example_dags/example_sensors.py
[2023-12-01T17:51:31.000+0000] {processor.py:839} INFO - DAG(s) dict_keys(['example_sensors']) retrieved from /home/airflow/.local/lib/python3.8/site-packages/airflow/example_dags/example_sensors.py
[2023-12-01T17:51:31.017+0000] {logging_mixin.py:154} INFO - [2023-12-01T17:51:31.016+0000] {dag.py:2941} INFO - Sync 1 DAGs
[2023-12-01T17:51:31.026+0000] {logging_mixin.py:154} INFO - [2023-12-01T17:51:31.025+0000] {dag.py:3722} INFO - Setting next_dagrun for example_sensors to None, run_after=None
[2023-12-01T17:51:31.038+0000] {processor.py:179} INFO - Processing /home/airflow/.local/lib/python3.8/site-packages/airflow/example_dags/example_sensors.py took 0.047 seconds
[2023-12-01T17:54:19.658+0000] {processor.py:157} INFO - Started process (PID=100) to work on /home/airflow/.local/lib/python3.8/site-packages/airflow/example_dags/example_sensors.py
[2023-12-01T17:54:19.659+0000] {processor.py:829} INFO - Processing file /home/airflow/.local/lib/python3.8/site-packages/airflow/example_dags/example_sensors.py for tasks to queue
[2023-12-01T17:54:19.660+0000] {logging_mixin.py:154} INFO - [2023-12-01T17:54:19.660+0000] {dagbag.py:536} INFO - Filling up the DagBag from /home/airflow/.local/lib/python3.8/site-packages/airflow/example_dags/example_sensors.py
[2023-12-01T17:54:19.668+0000] {processor.py:839} INFO - DAG(s) dict_keys(['example_sensors']) retrieved from /home/airflow/.local/lib/python3.8/site-packages/airflow/example_dags/example_sensors.py
[2023-12-01T17:54:19.676+0000] {logging_mixin.py:154} INFO - [2023-12-01T17:54:19.676+0000] {dag.py:2941} INFO - Sync 1 DAGs
[2023-12-01T17:54:19.685+0000] {logging_mixin.py:154} INFO - [2023-12-01T17:54:19.685+0000] {dag.py:3722} INFO - Setting next_dagrun for example_sensors to None, run_after=None
[2023-12-01T17:54:19.697+0000] {processor.py:179} INFO - Processing /home/airflow/.local/lib/python3.8/site-packages/airflow/example_dags/example_sensors.py took 0.041 seconds
[2023-12-01T17:54:50.232+0000] {processor.py:157} INFO - Started process (PID=190) to work on /home/airflow/.local/lib/python3.8/site-packages/airflow/example_dags/example_sensors.py
[2023-12-01T17:54:50.232+0000] {processor.py:829} INFO - Processing file /home/airflow/.local/lib/python3.8/site-packages/airflow/example_dags/example_sensors.py for tasks to queue
[2023-12-01T17:54:50.234+0000] {logging_mixin.py:154} INFO - [2023-12-01T17:54:50.234+0000] {dagbag.py:536} INFO - Filling up the DagBag from /home/airflow/.local/lib/python3.8/site-packages/airflow/example_dags/example_sensors.py
[2023-12-01T17:54:50.240+0000] {processor.py:839} INFO - DAG(s) dict_keys(['example_sensors']) retrieved from /home/airflow/.local/lib/python3.8/site-packages/airflow/example_dags/example_sensors.py
[2023-12-01T17:54:50.256+0000] {logging_mixin.py:154} INFO - [2023-12-01T17:54:50.256+0000] {dag.py:2941} INFO - Sync 1 DAGs
[2023-12-01T17:54:50.264+0000] {logging_mixin.py:154} INFO - [2023-12-01T17:54:50.264+0000] {dag.py:3722} INFO - Setting next_dagrun for example_sensors to None, run_after=None
[2023-12-01T17:54:50.276+0000] {processor.py:179} INFO - Processing /home/airflow/.local/lib/python3.8/site-packages/airflow/example_dags/example_sensors.py took 0.046 seconds
[2023-12-01T17:55:21.257+0000] {processor.py:157} INFO - Started process (PID=280) to work on /home/airflow/.local/lib/python3.8/site-packages/airflow/example_dags/example_sensors.py
[2023-12-01T17:55:21.257+0000] {processor.py:829} INFO - Processing file /home/airflow/.local/lib/python3.8/site-packages/airflow/example_dags/example_sensors.py for tasks to queue
[2023-12-01T17:55:21.259+0000] {logging_mixin.py:154} INFO - [2023-12-01T17:55:21.259+0000] {dagbag.py:536} INFO - Filling up the DagBag from /home/airflow/.local/lib/python3.8/site-packages/airflow/example_dags/example_sensors.py
[2023-12-01T17:55:21.264+0000] {processor.py:839} INFO - DAG(s) dict_keys(['example_sensors']) retrieved from /home/airflow/.local/lib/python3.8/site-packages/airflow/example_dags/example_sensors.py
[2023-12-01T17:55:21.280+0000] {logging_mixin.py:154} INFO - [2023-12-01T17:55:21.280+0000] {dag.py:2941} INFO - Sync 1 DAGs
[2023-12-01T17:55:21.288+0000] {logging_mixin.py:154} INFO - [2023-12-01T17:55:21.288+0000] {dag.py:3722} INFO - Setting next_dagrun for example_sensors to None, run_after=None
[2023-12-01T17:55:21.299+0000] {processor.py:179} INFO - Processing /home/airflow/.local/lib/python3.8/site-packages/airflow/example_dags/example_sensors.py took 0.044 seconds
[2023-12-01T17:55:51.960+0000] {processor.py:157} INFO - Started process (PID=370) to work on /home/airflow/.local/lib/python3.8/site-packages/airflow/example_dags/example_sensors.py
[2023-12-01T17:55:51.961+0000] {processor.py:829} INFO - Processing file /home/airflow/.local/lib/python3.8/site-packages/airflow/example_dags/example_sensors.py for tasks to queue
[2023-12-01T17:55:51.962+0000] {logging_mixin.py:154} INFO - [2023-12-01T17:55:51.962+0000] {dagbag.py:536} INFO - Filling up the DagBag from /home/airflow/.local/lib/python3.8/site-packages/airflow/example_dags/example_sensors.py
[2023-12-01T17:55:51.967+0000] {processor.py:839} INFO - DAG(s) dict_keys(['example_sensors']) retrieved from /home/airflow/.local/lib/python3.8/site-packages/airflow/example_dags/example_sensors.py
[2023-12-01T17:55:51.983+0000] {logging_mixin.py:154} INFO - [2023-12-01T17:55:51.983+0000] {dag.py:2941} INFO - Sync 1 DAGs
[2023-12-01T17:55:51.991+0000] {logging_mixin.py:154} INFO - [2023-12-01T17:55:51.991+0000] {dag.py:3722} INFO - Setting next_dagrun for example_sensors to None, run_after=None
[2023-12-01T17:55:52.004+0000] {processor.py:179} INFO - Processing /home/airflow/.local/lib/python3.8/site-packages/airflow/example_dags/example_sensors.py took 0.046 seconds
[2023-12-01T17:56:22.923+0000] {processor.py:157} INFO - Started process (PID=460) to work on /home/airflow/.local/lib/python3.8/site-packages/airflow/example_dags/example_sensors.py
[2023-12-01T17:56:22.923+0000] {processor.py:829} INFO - Processing file /home/airflow/.local/lib/python3.8/site-packages/airflow/example_dags/example_sensors.py for tasks to queue
[2023-12-01T17:56:22.925+0000] {logging_mixin.py:154} INFO - [2023-12-01T17:56:22.924+0000] {dagbag.py:536} INFO - Filling up the DagBag from /home/airflow/.local/lib/python3.8/site-packages/airflow/example_dags/example_sensors.py
[2023-12-01T17:56:22.931+0000] {processor.py:839} INFO - DAG(s) dict_keys(['example_sensors']) retrieved from /home/airflow/.local/lib/python3.8/site-packages/airflow/example_dags/example_sensors.py
[2023-12-01T17:56:22.947+0000] {logging_mixin.py:154} INFO - [2023-12-01T17:56:22.946+0000] {dag.py:2941} INFO - Sync 1 DAGs
[2023-12-01T17:56:22.955+0000] {logging_mixin.py:154} INFO - [2023-12-01T17:56:22.955+0000] {dag.py:3722} INFO - Setting next_dagrun for example_sensors to None, run_after=None
[2023-12-01T17:56:22.966+0000] {processor.py:179} INFO - Processing /home/airflow/.local/lib/python3.8/site-packages/airflow/example_dags/example_sensors.py took 0.046 seconds
[2023-12-01T17:56:53.501+0000] {processor.py:157} INFO - Started process (PID=550) to work on /home/airflow/.local/lib/python3.8/site-packages/airflow/example_dags/example_sensors.py
[2023-12-01T17:56:53.502+0000] {processor.py:829} INFO - Processing file /home/airflow/.local/lib/python3.8/site-packages/airflow/example_dags/example_sensors.py for tasks to queue
[2023-12-01T17:56:53.503+0000] {logging_mixin.py:154} INFO - [2023-12-01T17:56:53.503+0000] {dagbag.py:536} INFO - Filling up the DagBag from /home/airflow/.local/lib/python3.8/site-packages/airflow/example_dags/example_sensors.py
[2023-12-01T17:56:53.509+0000] {processor.py:839} INFO - DAG(s) dict_keys(['example_sensors']) retrieved from /home/airflow/.local/lib/python3.8/site-packages/airflow/example_dags/example_sensors.py
[2023-12-01T17:56:53.525+0000] {logging_mixin.py:154} INFO - [2023-12-01T17:56:53.525+0000] {dag.py:2941} INFO - Sync 1 DAGs
[2023-12-01T17:56:53.533+0000] {logging_mixin.py:154} INFO - [2023-12-01T17:56:53.533+0000] {dag.py:3722} INFO - Setting next_dagrun for example_sensors to None, run_after=None
[2023-12-01T17:56:53.545+0000] {processor.py:179} INFO - Processing /home/airflow/.local/lib/python3.8/site-packages/airflow/example_dags/example_sensors.py took 0.045 seconds
[2023-12-01T17:57:55.124+0000] {processor.py:157} INFO - Started process (PID=100) to work on /home/airflow/.local/lib/python3.8/site-packages/airflow/example_dags/example_sensors.py
[2023-12-01T17:57:55.125+0000] {processor.py:829} INFO - Processing file /home/airflow/.local/lib/python3.8/site-packages/airflow/example_dags/example_sensors.py for tasks to queue
[2023-12-01T17:57:55.126+0000] {logging_mixin.py:154} INFO - [2023-12-01T17:57:55.126+0000] {dagbag.py:536} INFO - Filling up the DagBag from /home/airflow/.local/lib/python3.8/site-packages/airflow/example_dags/example_sensors.py
[2023-12-01T17:57:55.133+0000] {processor.py:839} INFO - DAG(s) dict_keys(['example_sensors']) retrieved from /home/airflow/.local/lib/python3.8/site-packages/airflow/example_dags/example_sensors.py
[2023-12-01T17:57:55.139+0000] {logging_mixin.py:154} INFO - [2023-12-01T17:57:55.139+0000] {dag.py:2941} INFO - Sync 1 DAGs
[2023-12-01T17:57:55.147+0000] {logging_mixin.py:154} INFO - [2023-12-01T17:57:55.147+0000] {dag.py:3722} INFO - Setting next_dagrun for example_sensors to None, run_after=None
[2023-12-01T17:57:55.159+0000] {processor.py:179} INFO - Processing /home/airflow/.local/lib/python3.8/site-packages/airflow/example_dags/example_sensors.py took 0.036 seconds
[2023-12-01T17:58:25.766+0000] {processor.py:157} INFO - Started process (PID=190) to work on /home/airflow/.local/lib/python3.8/site-packages/airflow/example_dags/example_sensors.py
[2023-12-01T17:58:25.767+0000] {processor.py:829} INFO - Processing file /home/airflow/.local/lib/python3.8/site-packages/airflow/example_dags/example_sensors.py for tasks to queue
[2023-12-01T17:58:25.768+0000] {logging_mixin.py:154} INFO - [2023-12-01T17:58:25.768+0000] {dagbag.py:536} INFO - Filling up the DagBag from /home/airflow/.local/lib/python3.8/site-packages/airflow/example_dags/example_sensors.py
[2023-12-01T17:58:25.774+0000] {processor.py:839} INFO - DAG(s) dict_keys(['example_sensors']) retrieved from /home/airflow/.local/lib/python3.8/site-packages/airflow/example_dags/example_sensors.py
[2023-12-01T17:58:25.790+0000] {logging_mixin.py:154} INFO - [2023-12-01T17:58:25.790+0000] {dag.py:2941} INFO - Sync 1 DAGs
[2023-12-01T17:58:25.798+0000] {logging_mixin.py:154} INFO - [2023-12-01T17:58:25.798+0000] {dag.py:3722} INFO - Setting next_dagrun for example_sensors to None, run_after=None
[2023-12-01T17:58:25.811+0000] {processor.py:179} INFO - Processing /home/airflow/.local/lib/python3.8/site-packages/airflow/example_dags/example_sensors.py took 0.046 seconds
[2023-12-01T17:58:56.508+0000] {processor.py:157} INFO - Started process (PID=280) to work on /home/airflow/.local/lib/python3.8/site-packages/airflow/example_dags/example_sensors.py
[2023-12-01T17:58:56.508+0000] {processor.py:829} INFO - Processing file /home/airflow/.local/lib/python3.8/site-packages/airflow/example_dags/example_sensors.py for tasks to queue
[2023-12-01T17:58:56.509+0000] {logging_mixin.py:154} INFO - [2023-12-01T17:58:56.509+0000] {dagbag.py:536} INFO - Filling up the DagBag from /home/airflow/.local/lib/python3.8/site-packages/airflow/example_dags/example_sensors.py
[2023-12-01T17:58:56.515+0000] {processor.py:839} INFO - DAG(s) dict_keys(['example_sensors']) retrieved from /home/airflow/.local/lib/python3.8/site-packages/airflow/example_dags/example_sensors.py
[2023-12-01T17:58:56.530+0000] {logging_mixin.py:154} INFO - [2023-12-01T17:58:56.530+0000] {dag.py:2941} INFO - Sync 1 DAGs
[2023-12-01T17:58:56.538+0000] {logging_mixin.py:154} INFO - [2023-12-01T17:58:56.538+0000] {dag.py:3722} INFO - Setting next_dagrun for example_sensors to None, run_after=None
[2023-12-01T17:58:56.549+0000] {processor.py:179} INFO - Processing /home/airflow/.local/lib/python3.8/site-packages/airflow/example_dags/example_sensors.py took 0.043 seconds
[2023-12-01T17:59:27.220+0000] {processor.py:157} INFO - Started process (PID=370) to work on /home/airflow/.local/lib/python3.8/site-packages/airflow/example_dags/example_sensors.py
[2023-12-01T17:59:27.220+0000] {processor.py:829} INFO - Processing file /home/airflow/.local/lib/python3.8/site-packages/airflow/example_dags/example_sensors.py for tasks to queue
[2023-12-01T17:59:27.222+0000] {logging_mixin.py:154} INFO - [2023-12-01T17:59:27.221+0000] {dagbag.py:536} INFO - Filling up the DagBag from /home/airflow/.local/lib/python3.8/site-packages/airflow/example_dags/example_sensors.py
[2023-12-01T17:59:27.227+0000] {processor.py:839} INFO - DAG(s) dict_keys(['example_sensors']) retrieved from /home/airflow/.local/lib/python3.8/site-packages/airflow/example_dags/example_sensors.py
[2023-12-01T17:59:27.243+0000] {logging_mixin.py:154} INFO - [2023-12-01T17:59:27.243+0000] {dag.py:2941} INFO - Sync 1 DAGs
[2023-12-01T17:59:27.251+0000] {logging_mixin.py:154} INFO - [2023-12-01T17:59:27.250+0000] {dag.py:3722} INFO - Setting next_dagrun for example_sensors to None, run_after=None
[2023-12-01T17:59:27.262+0000] {processor.py:179} INFO - Processing /home/airflow/.local/lib/python3.8/site-packages/airflow/example_dags/example_sensors.py took 0.044 seconds
