[2023-12-01T17:41:51.802+0000] {processor.py:157} INFO - Started process (PID=95) to work on /home/airflow/.local/lib/python3.8/site-packages/airflow/example_dags/example_external_task_marker_dag.py
[2023-12-01T17:41:51.803+0000] {processor.py:829} INFO - Processing file /home/airflow/.local/lib/python3.8/site-packages/airflow/example_dags/example_external_task_marker_dag.py for tasks to queue
[2023-12-01T17:41:51.805+0000] {logging_mixin.py:154} INFO - [2023-12-01T17:41:51.805+0000] {dagbag.py:536} INFO - Filling up the DagBag from /home/airflow/.local/lib/python3.8/site-packages/airflow/example_dags/example_external_task_marker_dag.py
[2023-12-01T17:41:51.810+0000] {processor.py:839} INFO - DAG(s) dict_keys(['example_external_task_marker_parent', 'example_external_task_marker_child']) retrieved from /home/airflow/.local/lib/python3.8/site-packages/airflow/example_dags/example_external_task_marker_dag.py
[2023-12-01T17:41:51.825+0000] {logging_mixin.py:154} INFO - [2023-12-01T17:41:51.825+0000] {dag.py:2941} INFO - Sync 2 DAGs
[2023-12-01T17:41:51.845+0000] {logging_mixin.py:154} INFO - [2023-12-01T17:41:51.845+0000] {dag.py:3722} INFO - Setting next_dagrun for example_external_task_marker_child to None, run_after=None
[2023-12-01T17:41:51.850+0000] {logging_mixin.py:154} INFO - [2023-12-01T17:41:51.849+0000] {dag.py:3722} INFO - Setting next_dagrun for example_external_task_marker_parent to None, run_after=None
[2023-12-01T17:41:51.864+0000] {processor.py:179} INFO - Processing /home/airflow/.local/lib/python3.8/site-packages/airflow/example_dags/example_external_task_marker_dag.py took 0.064 seconds
[2023-12-01T17:42:22.602+0000] {processor.py:157} INFO - Started process (PID=185) to work on /home/airflow/.local/lib/python3.8/site-packages/airflow/example_dags/example_external_task_marker_dag.py
[2023-12-01T17:42:22.602+0000] {processor.py:829} INFO - Processing file /home/airflow/.local/lib/python3.8/site-packages/airflow/example_dags/example_external_task_marker_dag.py for tasks to queue
[2023-12-01T17:42:22.603+0000] {logging_mixin.py:154} INFO - [2023-12-01T17:42:22.603+0000] {dagbag.py:536} INFO - Filling up the DagBag from /home/airflow/.local/lib/python3.8/site-packages/airflow/example_dags/example_external_task_marker_dag.py
[2023-12-01T17:42:22.607+0000] {processor.py:839} INFO - DAG(s) dict_keys(['example_external_task_marker_parent', 'example_external_task_marker_child']) retrieved from /home/airflow/.local/lib/python3.8/site-packages/airflow/example_dags/example_external_task_marker_dag.py
[2023-12-01T17:42:22.621+0000] {logging_mixin.py:154} INFO - [2023-12-01T17:42:22.621+0000] {dag.py:2941} INFO - Sync 2 DAGs
[2023-12-01T17:42:22.630+0000] {logging_mixin.py:154} INFO - [2023-12-01T17:42:22.630+0000] {dag.py:3722} INFO - Setting next_dagrun for example_external_task_marker_child to None, run_after=None
[2023-12-01T17:42:22.632+0000] {logging_mixin.py:154} INFO - [2023-12-01T17:42:22.632+0000] {dag.py:3722} INFO - Setting next_dagrun for example_external_task_marker_parent to None, run_after=None
[2023-12-01T17:42:22.642+0000] {processor.py:179} INFO - Processing /home/airflow/.local/lib/python3.8/site-packages/airflow/example_dags/example_external_task_marker_dag.py took 0.042 seconds
[2023-12-01T17:42:53.170+0000] {processor.py:157} INFO - Started process (PID=275) to work on /home/airflow/.local/lib/python3.8/site-packages/airflow/example_dags/example_external_task_marker_dag.py
[2023-12-01T17:42:53.170+0000] {processor.py:829} INFO - Processing file /home/airflow/.local/lib/python3.8/site-packages/airflow/example_dags/example_external_task_marker_dag.py for tasks to queue
[2023-12-01T17:42:53.171+0000] {logging_mixin.py:154} INFO - [2023-12-01T17:42:53.171+0000] {dagbag.py:536} INFO - Filling up the DagBag from /home/airflow/.local/lib/python3.8/site-packages/airflow/example_dags/example_external_task_marker_dag.py
[2023-12-01T17:42:53.175+0000] {processor.py:839} INFO - DAG(s) dict_keys(['example_external_task_marker_child', 'example_external_task_marker_parent']) retrieved from /home/airflow/.local/lib/python3.8/site-packages/airflow/example_dags/example_external_task_marker_dag.py
[2023-12-01T17:42:53.189+0000] {logging_mixin.py:154} INFO - [2023-12-01T17:42:53.189+0000] {dag.py:2941} INFO - Sync 2 DAGs
[2023-12-01T17:42:53.197+0000] {logging_mixin.py:154} INFO - [2023-12-01T17:42:53.197+0000] {dag.py:3722} INFO - Setting next_dagrun for example_external_task_marker_child to None, run_after=None
[2023-12-01T17:42:53.200+0000] {logging_mixin.py:154} INFO - [2023-12-01T17:42:53.200+0000] {dag.py:3722} INFO - Setting next_dagrun for example_external_task_marker_parent to None, run_after=None
[2023-12-01T17:42:53.210+0000] {processor.py:179} INFO - Processing /home/airflow/.local/lib/python3.8/site-packages/airflow/example_dags/example_external_task_marker_dag.py took 0.043 seconds
[2023-12-01T17:43:24.094+0000] {processor.py:157} INFO - Started process (PID=365) to work on /home/airflow/.local/lib/python3.8/site-packages/airflow/example_dags/example_external_task_marker_dag.py
[2023-12-01T17:43:24.095+0000] {processor.py:829} INFO - Processing file /home/airflow/.local/lib/python3.8/site-packages/airflow/example_dags/example_external_task_marker_dag.py for tasks to queue
[2023-12-01T17:43:24.096+0000] {logging_mixin.py:154} INFO - [2023-12-01T17:43:24.096+0000] {dagbag.py:536} INFO - Filling up the DagBag from /home/airflow/.local/lib/python3.8/site-packages/airflow/example_dags/example_external_task_marker_dag.py
[2023-12-01T17:43:24.100+0000] {processor.py:839} INFO - DAG(s) dict_keys(['example_external_task_marker_parent', 'example_external_task_marker_child']) retrieved from /home/airflow/.local/lib/python3.8/site-packages/airflow/example_dags/example_external_task_marker_dag.py
[2023-12-01T17:43:24.114+0000] {logging_mixin.py:154} INFO - [2023-12-01T17:43:24.114+0000] {dag.py:2941} INFO - Sync 2 DAGs
[2023-12-01T17:43:24.123+0000] {logging_mixin.py:154} INFO - [2023-12-01T17:43:24.123+0000] {dag.py:3722} INFO - Setting next_dagrun for example_external_task_marker_child to None, run_after=None
[2023-12-01T17:43:24.125+0000] {logging_mixin.py:154} INFO - [2023-12-01T17:43:24.125+0000] {dag.py:3722} INFO - Setting next_dagrun for example_external_task_marker_parent to None, run_after=None
[2023-12-01T17:43:24.136+0000] {processor.py:179} INFO - Processing /home/airflow/.local/lib/python3.8/site-packages/airflow/example_dags/example_external_task_marker_dag.py took 0.044 seconds
[2023-12-01T17:43:55.318+0000] {processor.py:157} INFO - Started process (PID=455) to work on /home/airflow/.local/lib/python3.8/site-packages/airflow/example_dags/example_external_task_marker_dag.py
[2023-12-01T17:43:55.319+0000] {processor.py:829} INFO - Processing file /home/airflow/.local/lib/python3.8/site-packages/airflow/example_dags/example_external_task_marker_dag.py for tasks to queue
[2023-12-01T17:43:55.321+0000] {logging_mixin.py:154} INFO - [2023-12-01T17:43:55.321+0000] {dagbag.py:536} INFO - Filling up the DagBag from /home/airflow/.local/lib/python3.8/site-packages/airflow/example_dags/example_external_task_marker_dag.py
[2023-12-01T17:43:55.327+0000] {processor.py:839} INFO - DAG(s) dict_keys(['example_external_task_marker_parent', 'example_external_task_marker_child']) retrieved from /home/airflow/.local/lib/python3.8/site-packages/airflow/example_dags/example_external_task_marker_dag.py
[2023-12-01T17:43:55.351+0000] {logging_mixin.py:154} INFO - [2023-12-01T17:43:55.351+0000] {dag.py:2941} INFO - Sync 2 DAGs
[2023-12-01T17:43:55.363+0000] {logging_mixin.py:154} INFO - [2023-12-01T17:43:55.363+0000] {dag.py:3722} INFO - Setting next_dagrun for example_external_task_marker_child to None, run_after=None
[2023-12-01T17:43:55.368+0000] {logging_mixin.py:154} INFO - [2023-12-01T17:43:55.368+0000] {dag.py:3722} INFO - Setting next_dagrun for example_external_task_marker_parent to None, run_after=None
[2023-12-01T17:43:55.384+0000] {processor.py:179} INFO - Processing /home/airflow/.local/lib/python3.8/site-packages/airflow/example_dags/example_external_task_marker_dag.py took 0.068 seconds
[2023-12-01T17:44:26.221+0000] {processor.py:157} INFO - Started process (PID=545) to work on /home/airflow/.local/lib/python3.8/site-packages/airflow/example_dags/example_external_task_marker_dag.py
[2023-12-01T17:44:26.222+0000] {processor.py:829} INFO - Processing file /home/airflow/.local/lib/python3.8/site-packages/airflow/example_dags/example_external_task_marker_dag.py for tasks to queue
[2023-12-01T17:44:26.223+0000] {logging_mixin.py:154} INFO - [2023-12-01T17:44:26.223+0000] {dagbag.py:536} INFO - Filling up the DagBag from /home/airflow/.local/lib/python3.8/site-packages/airflow/example_dags/example_external_task_marker_dag.py
[2023-12-01T17:44:26.227+0000] {processor.py:839} INFO - DAG(s) dict_keys(['example_external_task_marker_parent', 'example_external_task_marker_child']) retrieved from /home/airflow/.local/lib/python3.8/site-packages/airflow/example_dags/example_external_task_marker_dag.py
[2023-12-01T17:44:26.244+0000] {logging_mixin.py:154} INFO - [2023-12-01T17:44:26.243+0000] {dag.py:2941} INFO - Sync 2 DAGs
[2023-12-01T17:44:26.252+0000] {logging_mixin.py:154} INFO - [2023-12-01T17:44:26.252+0000] {dag.py:3722} INFO - Setting next_dagrun for example_external_task_marker_child to None, run_after=None
[2023-12-01T17:44:26.255+0000] {logging_mixin.py:154} INFO - [2023-12-01T17:44:26.255+0000] {dag.py:3722} INFO - Setting next_dagrun for example_external_task_marker_parent to None, run_after=None
[2023-12-01T17:44:26.266+0000] {processor.py:179} INFO - Processing /home/airflow/.local/lib/python3.8/site-packages/airflow/example_dags/example_external_task_marker_dag.py took 0.047 seconds
[2023-12-01T17:45:23.266+0000] {processor.py:157} INFO - Started process (PID=95) to work on /home/airflow/.local/lib/python3.8/site-packages/airflow/example_dags/example_external_task_marker_dag.py
[2023-12-01T17:45:23.266+0000] {processor.py:829} INFO - Processing file /home/airflow/.local/lib/python3.8/site-packages/airflow/example_dags/example_external_task_marker_dag.py for tasks to queue
[2023-12-01T17:45:23.268+0000] {logging_mixin.py:154} INFO - [2023-12-01T17:45:23.267+0000] {dagbag.py:536} INFO - Filling up the DagBag from /home/airflow/.local/lib/python3.8/site-packages/airflow/example_dags/example_external_task_marker_dag.py
[2023-12-01T17:45:23.271+0000] {processor.py:839} INFO - DAG(s) dict_keys(['example_external_task_marker_parent', 'example_external_task_marker_child']) retrieved from /home/airflow/.local/lib/python3.8/site-packages/airflow/example_dags/example_external_task_marker_dag.py
[2023-12-01T17:45:23.279+0000] {logging_mixin.py:154} INFO - [2023-12-01T17:45:23.279+0000] {dag.py:2941} INFO - Sync 2 DAGs
[2023-12-01T17:45:23.289+0000] {logging_mixin.py:154} INFO - [2023-12-01T17:45:23.289+0000] {dag.py:3722} INFO - Setting next_dagrun for example_external_task_marker_child to None, run_after=None
[2023-12-01T17:45:23.292+0000] {logging_mixin.py:154} INFO - [2023-12-01T17:45:23.292+0000] {dag.py:3722} INFO - Setting next_dagrun for example_external_task_marker_parent to None, run_after=None
[2023-12-01T17:45:23.303+0000] {processor.py:179} INFO - Processing /home/airflow/.local/lib/python3.8/site-packages/airflow/example_dags/example_external_task_marker_dag.py took 0.039 seconds
[2023-12-01T17:45:54.167+0000] {processor.py:157} INFO - Started process (PID=185) to work on /home/airflow/.local/lib/python3.8/site-packages/airflow/example_dags/example_external_task_marker_dag.py
[2023-12-01T17:45:54.168+0000] {processor.py:829} INFO - Processing file /home/airflow/.local/lib/python3.8/site-packages/airflow/example_dags/example_external_task_marker_dag.py for tasks to queue
[2023-12-01T17:45:54.169+0000] {logging_mixin.py:154} INFO - [2023-12-01T17:45:54.169+0000] {dagbag.py:536} INFO - Filling up the DagBag from /home/airflow/.local/lib/python3.8/site-packages/airflow/example_dags/example_external_task_marker_dag.py
[2023-12-01T17:45:54.173+0000] {processor.py:839} INFO - DAG(s) dict_keys(['example_external_task_marker_parent', 'example_external_task_marker_child']) retrieved from /home/airflow/.local/lib/python3.8/site-packages/airflow/example_dags/example_external_task_marker_dag.py
[2023-12-01T17:45:54.187+0000] {logging_mixin.py:154} INFO - [2023-12-01T17:45:54.187+0000] {dag.py:2941} INFO - Sync 2 DAGs
[2023-12-01T17:45:54.195+0000] {logging_mixin.py:154} INFO - [2023-12-01T17:45:54.195+0000] {dag.py:3722} INFO - Setting next_dagrun for example_external_task_marker_child to None, run_after=None
[2023-12-01T17:45:54.198+0000] {logging_mixin.py:154} INFO - [2023-12-01T17:45:54.197+0000] {dag.py:3722} INFO - Setting next_dagrun for example_external_task_marker_parent to None, run_after=None
[2023-12-01T17:45:54.207+0000] {processor.py:179} INFO - Processing /home/airflow/.local/lib/python3.8/site-packages/airflow/example_dags/example_external_task_marker_dag.py took 0.042 seconds
[2023-12-01T17:46:25.323+0000] {processor.py:157} INFO - Started process (PID=275) to work on /home/airflow/.local/lib/python3.8/site-packages/airflow/example_dags/example_external_task_marker_dag.py
[2023-12-01T17:46:25.324+0000] {processor.py:829} INFO - Processing file /home/airflow/.local/lib/python3.8/site-packages/airflow/example_dags/example_external_task_marker_dag.py for tasks to queue
[2023-12-01T17:46:25.325+0000] {logging_mixin.py:154} INFO - [2023-12-01T17:46:25.325+0000] {dagbag.py:536} INFO - Filling up the DagBag from /home/airflow/.local/lib/python3.8/site-packages/airflow/example_dags/example_external_task_marker_dag.py
[2023-12-01T17:46:25.329+0000] {processor.py:839} INFO - DAG(s) dict_keys(['example_external_task_marker_child', 'example_external_task_marker_parent']) retrieved from /home/airflow/.local/lib/python3.8/site-packages/airflow/example_dags/example_external_task_marker_dag.py
[2023-12-01T17:46:25.345+0000] {logging_mixin.py:154} INFO - [2023-12-01T17:46:25.345+0000] {dag.py:2941} INFO - Sync 2 DAGs
[2023-12-01T17:46:25.354+0000] {logging_mixin.py:154} INFO - [2023-12-01T17:46:25.354+0000] {dag.py:3722} INFO - Setting next_dagrun for example_external_task_marker_child to None, run_after=None
[2023-12-01T17:46:25.357+0000] {logging_mixin.py:154} INFO - [2023-12-01T17:46:25.357+0000] {dag.py:3722} INFO - Setting next_dagrun for example_external_task_marker_parent to None, run_after=None
[2023-12-01T17:46:25.368+0000] {processor.py:179} INFO - Processing /home/airflow/.local/lib/python3.8/site-packages/airflow/example_dags/example_external_task_marker_dag.py took 0.047 seconds
[2023-12-01T17:46:56.175+0000] {processor.py:157} INFO - Started process (PID=365) to work on /home/airflow/.local/lib/python3.8/site-packages/airflow/example_dags/example_external_task_marker_dag.py
[2023-12-01T17:46:56.175+0000] {processor.py:829} INFO - Processing file /home/airflow/.local/lib/python3.8/site-packages/airflow/example_dags/example_external_task_marker_dag.py for tasks to queue
[2023-12-01T17:46:56.177+0000] {logging_mixin.py:154} INFO - [2023-12-01T17:46:56.177+0000] {dagbag.py:536} INFO - Filling up the DagBag from /home/airflow/.local/lib/python3.8/site-packages/airflow/example_dags/example_external_task_marker_dag.py
[2023-12-01T17:46:56.180+0000] {processor.py:839} INFO - DAG(s) dict_keys(['example_external_task_marker_child', 'example_external_task_marker_parent']) retrieved from /home/airflow/.local/lib/python3.8/site-packages/airflow/example_dags/example_external_task_marker_dag.py
[2023-12-01T17:46:56.195+0000] {logging_mixin.py:154} INFO - [2023-12-01T17:46:56.194+0000] {dag.py:2941} INFO - Sync 2 DAGs
[2023-12-01T17:46:56.203+0000] {logging_mixin.py:154} INFO - [2023-12-01T17:46:56.203+0000] {dag.py:3722} INFO - Setting next_dagrun for example_external_task_marker_child to None, run_after=None
[2023-12-01T17:46:56.205+0000] {logging_mixin.py:154} INFO - [2023-12-01T17:46:56.205+0000] {dag.py:3722} INFO - Setting next_dagrun for example_external_task_marker_parent to None, run_after=None
[2023-12-01T17:46:56.216+0000] {processor.py:179} INFO - Processing /home/airflow/.local/lib/python3.8/site-packages/airflow/example_dags/example_external_task_marker_dag.py took 0.043 seconds
[2023-12-01T17:47:54.453+0000] {processor.py:157} INFO - Started process (PID=95) to work on /home/airflow/.local/lib/python3.8/site-packages/airflow/example_dags/example_external_task_marker_dag.py
[2023-12-01T17:47:54.453+0000] {processor.py:829} INFO - Processing file /home/airflow/.local/lib/python3.8/site-packages/airflow/example_dags/example_external_task_marker_dag.py for tasks to queue
[2023-12-01T17:47:54.455+0000] {logging_mixin.py:154} INFO - [2023-12-01T17:47:54.455+0000] {dagbag.py:536} INFO - Filling up the DagBag from /home/airflow/.local/lib/python3.8/site-packages/airflow/example_dags/example_external_task_marker_dag.py
[2023-12-01T17:47:54.459+0000] {processor.py:839} INFO - DAG(s) dict_keys(['example_external_task_marker_child', 'example_external_task_marker_parent']) retrieved from /home/airflow/.local/lib/python3.8/site-packages/airflow/example_dags/example_external_task_marker_dag.py
[2023-12-01T17:47:54.468+0000] {logging_mixin.py:154} INFO - [2023-12-01T17:47:54.467+0000] {dag.py:2941} INFO - Sync 2 DAGs
[2023-12-01T17:47:54.478+0000] {logging_mixin.py:154} INFO - [2023-12-01T17:47:54.478+0000] {dag.py:3722} INFO - Setting next_dagrun for example_external_task_marker_child to None, run_after=None
[2023-12-01T17:47:54.481+0000] {logging_mixin.py:154} INFO - [2023-12-01T17:47:54.481+0000] {dag.py:3722} INFO - Setting next_dagrun for example_external_task_marker_parent to None, run_after=None
[2023-12-01T17:47:54.492+0000] {processor.py:179} INFO - Processing /home/airflow/.local/lib/python3.8/site-packages/airflow/example_dags/example_external_task_marker_dag.py took 0.041 seconds
[2023-12-01T17:48:26.155+0000] {processor.py:157} INFO - Started process (PID=185) to work on /home/airflow/.local/lib/python3.8/site-packages/airflow/example_dags/example_external_task_marker_dag.py
[2023-12-01T17:48:26.156+0000] {processor.py:829} INFO - Processing file /home/airflow/.local/lib/python3.8/site-packages/airflow/example_dags/example_external_task_marker_dag.py for tasks to queue
[2023-12-01T17:48:26.157+0000] {logging_mixin.py:154} INFO - [2023-12-01T17:48:26.157+0000] {dagbag.py:536} INFO - Filling up the DagBag from /home/airflow/.local/lib/python3.8/site-packages/airflow/example_dags/example_external_task_marker_dag.py
[2023-12-01T17:48:26.161+0000] {processor.py:839} INFO - DAG(s) dict_keys(['example_external_task_marker_parent', 'example_external_task_marker_child']) retrieved from /home/airflow/.local/lib/python3.8/site-packages/airflow/example_dags/example_external_task_marker_dag.py
[2023-12-01T17:48:26.176+0000] {logging_mixin.py:154} INFO - [2023-12-01T17:48:26.176+0000] {dag.py:2941} INFO - Sync 2 DAGs
[2023-12-01T17:48:26.185+0000] {logging_mixin.py:154} INFO - [2023-12-01T17:48:26.185+0000] {dag.py:3722} INFO - Setting next_dagrun for example_external_task_marker_child to None, run_after=None
[2023-12-01T17:48:26.187+0000] {logging_mixin.py:154} INFO - [2023-12-01T17:48:26.187+0000] {dag.py:3722} INFO - Setting next_dagrun for example_external_task_marker_parent to None, run_after=None
[2023-12-01T17:48:26.201+0000] {processor.py:179} INFO - Processing /home/airflow/.local/lib/python3.8/site-packages/airflow/example_dags/example_external_task_marker_dag.py took 0.047 seconds
[2023-12-01T17:48:56.260+0000] {processor.py:157} INFO - Started process (PID=275) to work on /home/airflow/.local/lib/python3.8/site-packages/airflow/example_dags/example_external_task_marker_dag.py
[2023-12-01T17:48:56.260+0000] {processor.py:829} INFO - Processing file /home/airflow/.local/lib/python3.8/site-packages/airflow/example_dags/example_external_task_marker_dag.py for tasks to queue
[2023-12-01T17:48:56.262+0000] {logging_mixin.py:154} INFO - [2023-12-01T17:48:56.261+0000] {dagbag.py:536} INFO - Filling up the DagBag from /home/airflow/.local/lib/python3.8/site-packages/airflow/example_dags/example_external_task_marker_dag.py
[2023-12-01T17:48:56.265+0000] {processor.py:839} INFO - DAG(s) dict_keys(['example_external_task_marker_parent', 'example_external_task_marker_child']) retrieved from /home/airflow/.local/lib/python3.8/site-packages/airflow/example_dags/example_external_task_marker_dag.py
[2023-12-01T17:48:56.280+0000] {logging_mixin.py:154} INFO - [2023-12-01T17:48:56.280+0000] {dag.py:2941} INFO - Sync 2 DAGs
[2023-12-01T17:48:56.290+0000] {logging_mixin.py:154} INFO - [2023-12-01T17:48:56.289+0000] {dag.py:3722} INFO - Setting next_dagrun for example_external_task_marker_child to None, run_after=None
[2023-12-01T17:48:56.292+0000] {logging_mixin.py:154} INFO - [2023-12-01T17:48:56.292+0000] {dag.py:3722} INFO - Setting next_dagrun for example_external_task_marker_parent to None, run_after=None
[2023-12-01T17:48:56.303+0000] {processor.py:179} INFO - Processing /home/airflow/.local/lib/python3.8/site-packages/airflow/example_dags/example_external_task_marker_dag.py took 0.045 seconds
[2023-12-01T17:49:26.979+0000] {processor.py:157} INFO - Started process (PID=365) to work on /home/airflow/.local/lib/python3.8/site-packages/airflow/example_dags/example_external_task_marker_dag.py
[2023-12-01T17:49:26.979+0000] {processor.py:829} INFO - Processing file /home/airflow/.local/lib/python3.8/site-packages/airflow/example_dags/example_external_task_marker_dag.py for tasks to queue
[2023-12-01T17:49:26.980+0000] {logging_mixin.py:154} INFO - [2023-12-01T17:49:26.980+0000] {dagbag.py:536} INFO - Filling up the DagBag from /home/airflow/.local/lib/python3.8/site-packages/airflow/example_dags/example_external_task_marker_dag.py
[2023-12-01T17:49:26.984+0000] {processor.py:839} INFO - DAG(s) dict_keys(['example_external_task_marker_parent', 'example_external_task_marker_child']) retrieved from /home/airflow/.local/lib/python3.8/site-packages/airflow/example_dags/example_external_task_marker_dag.py
[2023-12-01T17:49:26.998+0000] {logging_mixin.py:154} INFO - [2023-12-01T17:49:26.998+0000] {dag.py:2941} INFO - Sync 2 DAGs
[2023-12-01T17:49:27.006+0000] {logging_mixin.py:154} INFO - [2023-12-01T17:49:27.006+0000] {dag.py:3722} INFO - Setting next_dagrun for example_external_task_marker_child to None, run_after=None
[2023-12-01T17:49:27.009+0000] {logging_mixin.py:154} INFO - [2023-12-01T17:49:27.009+0000] {dag.py:3722} INFO - Setting next_dagrun for example_external_task_marker_parent to None, run_after=None
[2023-12-01T17:49:27.020+0000] {processor.py:179} INFO - Processing /home/airflow/.local/lib/python3.8/site-packages/airflow/example_dags/example_external_task_marker_dag.py took 0.044 seconds
[2023-12-01T17:49:58.048+0000] {processor.py:157} INFO - Started process (PID=455) to work on /home/airflow/.local/lib/python3.8/site-packages/airflow/example_dags/example_external_task_marker_dag.py
[2023-12-01T17:49:58.049+0000] {processor.py:829} INFO - Processing file /home/airflow/.local/lib/python3.8/site-packages/airflow/example_dags/example_external_task_marker_dag.py for tasks to queue
[2023-12-01T17:49:58.050+0000] {logging_mixin.py:154} INFO - [2023-12-01T17:49:58.050+0000] {dagbag.py:536} INFO - Filling up the DagBag from /home/airflow/.local/lib/python3.8/site-packages/airflow/example_dags/example_external_task_marker_dag.py
[2023-12-01T17:49:58.053+0000] {processor.py:839} INFO - DAG(s) dict_keys(['example_external_task_marker_child', 'example_external_task_marker_parent']) retrieved from /home/airflow/.local/lib/python3.8/site-packages/airflow/example_dags/example_external_task_marker_dag.py
[2023-12-01T17:49:58.070+0000] {logging_mixin.py:154} INFO - [2023-12-01T17:49:58.070+0000] {dag.py:2941} INFO - Sync 2 DAGs
[2023-12-01T17:49:58.079+0000] {logging_mixin.py:154} INFO - [2023-12-01T17:49:58.079+0000] {dag.py:3722} INFO - Setting next_dagrun for example_external_task_marker_child to None, run_after=None
[2023-12-01T17:49:58.081+0000] {logging_mixin.py:154} INFO - [2023-12-01T17:49:58.081+0000] {dag.py:3722} INFO - Setting next_dagrun for example_external_task_marker_parent to None, run_after=None
[2023-12-01T17:49:58.094+0000] {processor.py:179} INFO - Processing /home/airflow/.local/lib/python3.8/site-packages/airflow/example_dags/example_external_task_marker_dag.py took 0.048 seconds
[2023-12-01T17:50:28.841+0000] {processor.py:157} INFO - Started process (PID=545) to work on /home/airflow/.local/lib/python3.8/site-packages/airflow/example_dags/example_external_task_marker_dag.py
[2023-12-01T17:50:28.841+0000] {processor.py:829} INFO - Processing file /home/airflow/.local/lib/python3.8/site-packages/airflow/example_dags/example_external_task_marker_dag.py for tasks to queue
[2023-12-01T17:50:28.842+0000] {logging_mixin.py:154} INFO - [2023-12-01T17:50:28.842+0000] {dagbag.py:536} INFO - Filling up the DagBag from /home/airflow/.local/lib/python3.8/site-packages/airflow/example_dags/example_external_task_marker_dag.py
[2023-12-01T17:50:28.846+0000] {processor.py:839} INFO - DAG(s) dict_keys(['example_external_task_marker_parent', 'example_external_task_marker_child']) retrieved from /home/airflow/.local/lib/python3.8/site-packages/airflow/example_dags/example_external_task_marker_dag.py
[2023-12-01T17:50:28.862+0000] {logging_mixin.py:154} INFO - [2023-12-01T17:50:28.862+0000] {dag.py:2941} INFO - Sync 2 DAGs
[2023-12-01T17:50:28.871+0000] {logging_mixin.py:154} INFO - [2023-12-01T17:50:28.871+0000] {dag.py:3722} INFO - Setting next_dagrun for example_external_task_marker_child to None, run_after=None
[2023-12-01T17:50:28.873+0000] {logging_mixin.py:154} INFO - [2023-12-01T17:50:28.873+0000] {dag.py:3722} INFO - Setting next_dagrun for example_external_task_marker_parent to None, run_after=None
[2023-12-01T17:50:28.883+0000] {processor.py:179} INFO - Processing /home/airflow/.local/lib/python3.8/site-packages/airflow/example_dags/example_external_task_marker_dag.py took 0.044 seconds
[2023-12-01T17:50:59.837+0000] {processor.py:157} INFO - Started process (PID=635) to work on /home/airflow/.local/lib/python3.8/site-packages/airflow/example_dags/example_external_task_marker_dag.py
[2023-12-01T17:50:59.837+0000] {processor.py:829} INFO - Processing file /home/airflow/.local/lib/python3.8/site-packages/airflow/example_dags/example_external_task_marker_dag.py for tasks to queue
[2023-12-01T17:50:59.839+0000] {logging_mixin.py:154} INFO - [2023-12-01T17:50:59.838+0000] {dagbag.py:536} INFO - Filling up the DagBag from /home/airflow/.local/lib/python3.8/site-packages/airflow/example_dags/example_external_task_marker_dag.py
[2023-12-01T17:50:59.842+0000] {processor.py:839} INFO - DAG(s) dict_keys(['example_external_task_marker_child', 'example_external_task_marker_parent']) retrieved from /home/airflow/.local/lib/python3.8/site-packages/airflow/example_dags/example_external_task_marker_dag.py
[2023-12-01T17:50:59.857+0000] {logging_mixin.py:154} INFO - [2023-12-01T17:50:59.857+0000] {dag.py:2941} INFO - Sync 2 DAGs
[2023-12-01T17:50:59.866+0000] {logging_mixin.py:154} INFO - [2023-12-01T17:50:59.865+0000] {dag.py:3722} INFO - Setting next_dagrun for example_external_task_marker_child to None, run_after=None
[2023-12-01T17:50:59.868+0000] {logging_mixin.py:154} INFO - [2023-12-01T17:50:59.868+0000] {dag.py:3722} INFO - Setting next_dagrun for example_external_task_marker_parent to None, run_after=None
[2023-12-01T17:50:59.879+0000] {processor.py:179} INFO - Processing /home/airflow/.local/lib/python3.8/site-packages/airflow/example_dags/example_external_task_marker_dag.py took 0.044 seconds
[2023-12-01T17:51:30.798+0000] {processor.py:157} INFO - Started process (PID=725) to work on /home/airflow/.local/lib/python3.8/site-packages/airflow/example_dags/example_external_task_marker_dag.py
[2023-12-01T17:51:30.799+0000] {processor.py:829} INFO - Processing file /home/airflow/.local/lib/python3.8/site-packages/airflow/example_dags/example_external_task_marker_dag.py for tasks to queue
[2023-12-01T17:51:30.800+0000] {logging_mixin.py:154} INFO - [2023-12-01T17:51:30.800+0000] {dagbag.py:536} INFO - Filling up the DagBag from /home/airflow/.local/lib/python3.8/site-packages/airflow/example_dags/example_external_task_marker_dag.py
[2023-12-01T17:51:30.804+0000] {processor.py:839} INFO - DAG(s) dict_keys(['example_external_task_marker_child', 'example_external_task_marker_parent']) retrieved from /home/airflow/.local/lib/python3.8/site-packages/airflow/example_dags/example_external_task_marker_dag.py
[2023-12-01T17:51:30.819+0000] {logging_mixin.py:154} INFO - [2023-12-01T17:51:30.819+0000] {dag.py:2941} INFO - Sync 2 DAGs
[2023-12-01T17:51:30.828+0000] {logging_mixin.py:154} INFO - [2023-12-01T17:51:30.828+0000] {dag.py:3722} INFO - Setting next_dagrun for example_external_task_marker_child to None, run_after=None
[2023-12-01T17:51:30.831+0000] {logging_mixin.py:154} INFO - [2023-12-01T17:51:30.831+0000] {dag.py:3722} INFO - Setting next_dagrun for example_external_task_marker_parent to None, run_after=None
[2023-12-01T17:51:30.843+0000] {processor.py:179} INFO - Processing /home/airflow/.local/lib/python3.8/site-packages/airflow/example_dags/example_external_task_marker_dag.py took 0.047 seconds
[2023-12-01T17:54:19.492+0000] {processor.py:157} INFO - Started process (PID=95) to work on /home/airflow/.local/lib/python3.8/site-packages/airflow/example_dags/example_external_task_marker_dag.py
[2023-12-01T17:54:19.493+0000] {processor.py:829} INFO - Processing file /home/airflow/.local/lib/python3.8/site-packages/airflow/example_dags/example_external_task_marker_dag.py for tasks to queue
[2023-12-01T17:54:19.494+0000] {logging_mixin.py:154} INFO - [2023-12-01T17:54:19.494+0000] {dagbag.py:536} INFO - Filling up the DagBag from /home/airflow/.local/lib/python3.8/site-packages/airflow/example_dags/example_external_task_marker_dag.py
[2023-12-01T17:54:19.498+0000] {processor.py:839} INFO - DAG(s) dict_keys(['example_external_task_marker_child', 'example_external_task_marker_parent']) retrieved from /home/airflow/.local/lib/python3.8/site-packages/airflow/example_dags/example_external_task_marker_dag.py
[2023-12-01T17:54:19.507+0000] {logging_mixin.py:154} INFO - [2023-12-01T17:54:19.506+0000] {dag.py:2941} INFO - Sync 2 DAGs
[2023-12-01T17:54:19.517+0000] {logging_mixin.py:154} INFO - [2023-12-01T17:54:19.517+0000] {dag.py:3722} INFO - Setting next_dagrun for example_external_task_marker_child to None, run_after=None
[2023-12-01T17:54:19.520+0000] {logging_mixin.py:154} INFO - [2023-12-01T17:54:19.520+0000] {dag.py:3722} INFO - Setting next_dagrun for example_external_task_marker_parent to None, run_after=None
[2023-12-01T17:54:19.532+0000] {processor.py:179} INFO - Processing /home/airflow/.local/lib/python3.8/site-packages/airflow/example_dags/example_external_task_marker_dag.py took 0.041 seconds
[2023-12-01T17:54:50.076+0000] {processor.py:157} INFO - Started process (PID=185) to work on /home/airflow/.local/lib/python3.8/site-packages/airflow/example_dags/example_external_task_marker_dag.py
[2023-12-01T17:54:50.076+0000] {processor.py:829} INFO - Processing file /home/airflow/.local/lib/python3.8/site-packages/airflow/example_dags/example_external_task_marker_dag.py for tasks to queue
[2023-12-01T17:54:50.077+0000] {logging_mixin.py:154} INFO - [2023-12-01T17:54:50.077+0000] {dagbag.py:536} INFO - Filling up the DagBag from /home/airflow/.local/lib/python3.8/site-packages/airflow/example_dags/example_external_task_marker_dag.py
[2023-12-01T17:54:50.081+0000] {processor.py:839} INFO - DAG(s) dict_keys(['example_external_task_marker_child', 'example_external_task_marker_parent']) retrieved from /home/airflow/.local/lib/python3.8/site-packages/airflow/example_dags/example_external_task_marker_dag.py
[2023-12-01T17:54:50.096+0000] {logging_mixin.py:154} INFO - [2023-12-01T17:54:50.096+0000] {dag.py:2941} INFO - Sync 2 DAGs
[2023-12-01T17:54:50.104+0000] {logging_mixin.py:154} INFO - [2023-12-01T17:54:50.104+0000] {dag.py:3722} INFO - Setting next_dagrun for example_external_task_marker_child to None, run_after=None
[2023-12-01T17:54:50.107+0000] {logging_mixin.py:154} INFO - [2023-12-01T17:54:50.107+0000] {dag.py:3722} INFO - Setting next_dagrun for example_external_task_marker_parent to None, run_after=None
[2023-12-01T17:54:50.117+0000] {processor.py:179} INFO - Processing /home/airflow/.local/lib/python3.8/site-packages/airflow/example_dags/example_external_task_marker_dag.py took 0.044 seconds
[2023-12-01T17:55:21.078+0000] {processor.py:157} INFO - Started process (PID=275) to work on /home/airflow/.local/lib/python3.8/site-packages/airflow/example_dags/example_external_task_marker_dag.py
[2023-12-01T17:55:21.079+0000] {processor.py:829} INFO - Processing file /home/airflow/.local/lib/python3.8/site-packages/airflow/example_dags/example_external_task_marker_dag.py for tasks to queue
[2023-12-01T17:55:21.080+0000] {logging_mixin.py:154} INFO - [2023-12-01T17:55:21.080+0000] {dagbag.py:536} INFO - Filling up the DagBag from /home/airflow/.local/lib/python3.8/site-packages/airflow/example_dags/example_external_task_marker_dag.py
[2023-12-01T17:55:21.084+0000] {processor.py:839} INFO - DAG(s) dict_keys(['example_external_task_marker_parent', 'example_external_task_marker_child']) retrieved from /home/airflow/.local/lib/python3.8/site-packages/airflow/example_dags/example_external_task_marker_dag.py
[2023-12-01T17:55:21.098+0000] {logging_mixin.py:154} INFO - [2023-12-01T17:55:21.098+0000] {dag.py:2941} INFO - Sync 2 DAGs
[2023-12-01T17:55:21.106+0000] {logging_mixin.py:154} INFO - [2023-12-01T17:55:21.106+0000] {dag.py:3722} INFO - Setting next_dagrun for example_external_task_marker_child to None, run_after=None
[2023-12-01T17:55:21.109+0000] {logging_mixin.py:154} INFO - [2023-12-01T17:55:21.109+0000] {dag.py:3722} INFO - Setting next_dagrun for example_external_task_marker_parent to None, run_after=None
[2023-12-01T17:55:21.119+0000] {processor.py:179} INFO - Processing /home/airflow/.local/lib/python3.8/site-packages/airflow/example_dags/example_external_task_marker_dag.py took 0.043 seconds
[2023-12-01T17:55:51.825+0000] {processor.py:157} INFO - Started process (PID=365) to work on /home/airflow/.local/lib/python3.8/site-packages/airflow/example_dags/example_external_task_marker_dag.py
[2023-12-01T17:55:51.825+0000] {processor.py:829} INFO - Processing file /home/airflow/.local/lib/python3.8/site-packages/airflow/example_dags/example_external_task_marker_dag.py for tasks to queue
[2023-12-01T17:55:51.827+0000] {logging_mixin.py:154} INFO - [2023-12-01T17:55:51.827+0000] {dagbag.py:536} INFO - Filling up the DagBag from /home/airflow/.local/lib/python3.8/site-packages/airflow/example_dags/example_external_task_marker_dag.py
[2023-12-01T17:55:51.830+0000] {processor.py:839} INFO - DAG(s) dict_keys(['example_external_task_marker_child', 'example_external_task_marker_parent']) retrieved from /home/airflow/.local/lib/python3.8/site-packages/airflow/example_dags/example_external_task_marker_dag.py
[2023-12-01T17:55:51.846+0000] {logging_mixin.py:154} INFO - [2023-12-01T17:55:51.846+0000] {dag.py:2941} INFO - Sync 2 DAGs
[2023-12-01T17:55:51.856+0000] {logging_mixin.py:154} INFO - [2023-12-01T17:55:51.856+0000] {dag.py:3722} INFO - Setting next_dagrun for example_external_task_marker_child to None, run_after=None
[2023-12-01T17:55:51.858+0000] {logging_mixin.py:154} INFO - [2023-12-01T17:55:51.858+0000] {dag.py:3722} INFO - Setting next_dagrun for example_external_task_marker_parent to None, run_after=None
[2023-12-01T17:55:51.868+0000] {processor.py:179} INFO - Processing /home/airflow/.local/lib/python3.8/site-packages/airflow/example_dags/example_external_task_marker_dag.py took 0.046 seconds
[2023-12-01T17:56:22.758+0000] {processor.py:157} INFO - Started process (PID=455) to work on /home/airflow/.local/lib/python3.8/site-packages/airflow/example_dags/example_external_task_marker_dag.py
[2023-12-01T17:56:22.758+0000] {processor.py:829} INFO - Processing file /home/airflow/.local/lib/python3.8/site-packages/airflow/example_dags/example_external_task_marker_dag.py for tasks to queue
[2023-12-01T17:56:22.760+0000] {logging_mixin.py:154} INFO - [2023-12-01T17:56:22.760+0000] {dagbag.py:536} INFO - Filling up the DagBag from /home/airflow/.local/lib/python3.8/site-packages/airflow/example_dags/example_external_task_marker_dag.py
[2023-12-01T17:56:22.763+0000] {processor.py:839} INFO - DAG(s) dict_keys(['example_external_task_marker_child', 'example_external_task_marker_parent']) retrieved from /home/airflow/.local/lib/python3.8/site-packages/airflow/example_dags/example_external_task_marker_dag.py
[2023-12-01T17:56:22.779+0000] {logging_mixin.py:154} INFO - [2023-12-01T17:56:22.779+0000] {dag.py:2941} INFO - Sync 2 DAGs
[2023-12-01T17:56:22.788+0000] {logging_mixin.py:154} INFO - [2023-12-01T17:56:22.788+0000] {dag.py:3722} INFO - Setting next_dagrun for example_external_task_marker_child to None, run_after=None
[2023-12-01T17:56:22.790+0000] {logging_mixin.py:154} INFO - [2023-12-01T17:56:22.790+0000] {dag.py:3722} INFO - Setting next_dagrun for example_external_task_marker_parent to None, run_after=None
[2023-12-01T17:56:22.800+0000] {processor.py:179} INFO - Processing /home/airflow/.local/lib/python3.8/site-packages/airflow/example_dags/example_external_task_marker_dag.py took 0.044 seconds
[2023-12-01T17:56:53.320+0000] {processor.py:157} INFO - Started process (PID=545) to work on /home/airflow/.local/lib/python3.8/site-packages/airflow/example_dags/example_external_task_marker_dag.py
[2023-12-01T17:56:53.321+0000] {processor.py:829} INFO - Processing file /home/airflow/.local/lib/python3.8/site-packages/airflow/example_dags/example_external_task_marker_dag.py for tasks to queue
[2023-12-01T17:56:53.322+0000] {logging_mixin.py:154} INFO - [2023-12-01T17:56:53.322+0000] {dagbag.py:536} INFO - Filling up the DagBag from /home/airflow/.local/lib/python3.8/site-packages/airflow/example_dags/example_external_task_marker_dag.py
[2023-12-01T17:56:53.325+0000] {processor.py:839} INFO - DAG(s) dict_keys(['example_external_task_marker_parent', 'example_external_task_marker_child']) retrieved from /home/airflow/.local/lib/python3.8/site-packages/airflow/example_dags/example_external_task_marker_dag.py
[2023-12-01T17:56:53.340+0000] {logging_mixin.py:154} INFO - [2023-12-01T17:56:53.340+0000] {dag.py:2941} INFO - Sync 2 DAGs
[2023-12-01T17:56:53.348+0000] {logging_mixin.py:154} INFO - [2023-12-01T17:56:53.348+0000] {dag.py:3722} INFO - Setting next_dagrun for example_external_task_marker_child to None, run_after=None
[2023-12-01T17:56:53.351+0000] {logging_mixin.py:154} INFO - [2023-12-01T17:56:53.351+0000] {dag.py:3722} INFO - Setting next_dagrun for example_external_task_marker_parent to None, run_after=None
[2023-12-01T17:56:53.362+0000] {processor.py:179} INFO - Processing /home/airflow/.local/lib/python3.8/site-packages/airflow/example_dags/example_external_task_marker_dag.py took 0.044 seconds
[2023-12-01T17:57:54.944+0000] {processor.py:157} INFO - Started process (PID=95) to work on /home/airflow/.local/lib/python3.8/site-packages/airflow/example_dags/example_external_task_marker_dag.py
[2023-12-01T17:57:54.945+0000] {processor.py:829} INFO - Processing file /home/airflow/.local/lib/python3.8/site-packages/airflow/example_dags/example_external_task_marker_dag.py for tasks to queue
[2023-12-01T17:57:54.947+0000] {logging_mixin.py:154} INFO - [2023-12-01T17:57:54.946+0000] {dagbag.py:536} INFO - Filling up the DagBag from /home/airflow/.local/lib/python3.8/site-packages/airflow/example_dags/example_external_task_marker_dag.py
[2023-12-01T17:57:54.951+0000] {processor.py:839} INFO - DAG(s) dict_keys(['example_external_task_marker_child', 'example_external_task_marker_parent']) retrieved from /home/airflow/.local/lib/python3.8/site-packages/airflow/example_dags/example_external_task_marker_dag.py
[2023-12-01T17:57:54.960+0000] {logging_mixin.py:154} INFO - [2023-12-01T17:57:54.960+0000] {dag.py:2941} INFO - Sync 2 DAGs
[2023-12-01T17:57:54.971+0000] {logging_mixin.py:154} INFO - [2023-12-01T17:57:54.971+0000] {dag.py:3722} INFO - Setting next_dagrun for example_external_task_marker_child to None, run_after=None
[2023-12-01T17:57:54.974+0000] {logging_mixin.py:154} INFO - [2023-12-01T17:57:54.974+0000] {dag.py:3722} INFO - Setting next_dagrun for example_external_task_marker_parent to None, run_after=None
[2023-12-01T17:57:54.985+0000] {processor.py:179} INFO - Processing /home/airflow/.local/lib/python3.8/site-packages/airflow/example_dags/example_external_task_marker_dag.py took 0.043 seconds
[2023-12-01T17:58:25.597+0000] {processor.py:157} INFO - Started process (PID=185) to work on /home/airflow/.local/lib/python3.8/site-packages/airflow/example_dags/example_external_task_marker_dag.py
[2023-12-01T17:58:25.598+0000] {processor.py:829} INFO - Processing file /home/airflow/.local/lib/python3.8/site-packages/airflow/example_dags/example_external_task_marker_dag.py for tasks to queue
[2023-12-01T17:58:25.599+0000] {logging_mixin.py:154} INFO - [2023-12-01T17:58:25.599+0000] {dagbag.py:536} INFO - Filling up the DagBag from /home/airflow/.local/lib/python3.8/site-packages/airflow/example_dags/example_external_task_marker_dag.py
[2023-12-01T17:58:25.603+0000] {processor.py:839} INFO - DAG(s) dict_keys(['example_external_task_marker_parent', 'example_external_task_marker_child']) retrieved from /home/airflow/.local/lib/python3.8/site-packages/airflow/example_dags/example_external_task_marker_dag.py
[2023-12-01T17:58:25.617+0000] {logging_mixin.py:154} INFO - [2023-12-01T17:58:25.617+0000] {dag.py:2941} INFO - Sync 2 DAGs
[2023-12-01T17:58:25.625+0000] {logging_mixin.py:154} INFO - [2023-12-01T17:58:25.625+0000] {dag.py:3722} INFO - Setting next_dagrun for example_external_task_marker_child to None, run_after=None
[2023-12-01T17:58:25.627+0000] {logging_mixin.py:154} INFO - [2023-12-01T17:58:25.627+0000] {dag.py:3722} INFO - Setting next_dagrun for example_external_task_marker_parent to None, run_after=None
[2023-12-01T17:58:25.638+0000] {processor.py:179} INFO - Processing /home/airflow/.local/lib/python3.8/site-packages/airflow/example_dags/example_external_task_marker_dag.py took 0.043 seconds
[2023-12-01T17:58:56.323+0000] {processor.py:157} INFO - Started process (PID=275) to work on /home/airflow/.local/lib/python3.8/site-packages/airflow/example_dags/example_external_task_marker_dag.py
[2023-12-01T17:58:56.323+0000] {processor.py:829} INFO - Processing file /home/airflow/.local/lib/python3.8/site-packages/airflow/example_dags/example_external_task_marker_dag.py for tasks to queue
[2023-12-01T17:58:56.325+0000] {logging_mixin.py:154} INFO - [2023-12-01T17:58:56.325+0000] {dagbag.py:536} INFO - Filling up the DagBag from /home/airflow/.local/lib/python3.8/site-packages/airflow/example_dags/example_external_task_marker_dag.py
[2023-12-01T17:58:56.328+0000] {processor.py:839} INFO - DAG(s) dict_keys(['example_external_task_marker_parent', 'example_external_task_marker_child']) retrieved from /home/airflow/.local/lib/python3.8/site-packages/airflow/example_dags/example_external_task_marker_dag.py
[2023-12-01T17:58:56.343+0000] {logging_mixin.py:154} INFO - [2023-12-01T17:58:56.343+0000] {dag.py:2941} INFO - Sync 2 DAGs
[2023-12-01T17:58:56.352+0000] {logging_mixin.py:154} INFO - [2023-12-01T17:58:56.352+0000] {dag.py:3722} INFO - Setting next_dagrun for example_external_task_marker_child to None, run_after=None
[2023-12-01T17:58:56.355+0000] {logging_mixin.py:154} INFO - [2023-12-01T17:58:56.354+0000] {dag.py:3722} INFO - Setting next_dagrun for example_external_task_marker_parent to None, run_after=None
[2023-12-01T17:58:56.367+0000] {processor.py:179} INFO - Processing /home/airflow/.local/lib/python3.8/site-packages/airflow/example_dags/example_external_task_marker_dag.py took 0.046 seconds
[2023-12-01T17:59:27.041+0000] {processor.py:157} INFO - Started process (PID=365) to work on /home/airflow/.local/lib/python3.8/site-packages/airflow/example_dags/example_external_task_marker_dag.py
[2023-12-01T17:59:27.042+0000] {processor.py:829} INFO - Processing file /home/airflow/.local/lib/python3.8/site-packages/airflow/example_dags/example_external_task_marker_dag.py for tasks to queue
[2023-12-01T17:59:27.043+0000] {logging_mixin.py:154} INFO - [2023-12-01T17:59:27.043+0000] {dagbag.py:536} INFO - Filling up the DagBag from /home/airflow/.local/lib/python3.8/site-packages/airflow/example_dags/example_external_task_marker_dag.py
[2023-12-01T17:59:27.046+0000] {processor.py:839} INFO - DAG(s) dict_keys(['example_external_task_marker_parent', 'example_external_task_marker_child']) retrieved from /home/airflow/.local/lib/python3.8/site-packages/airflow/example_dags/example_external_task_marker_dag.py
[2023-12-01T17:59:27.062+0000] {logging_mixin.py:154} INFO - [2023-12-01T17:59:27.061+0000] {dag.py:2941} INFO - Sync 2 DAGs
[2023-12-01T17:59:27.070+0000] {logging_mixin.py:154} INFO - [2023-12-01T17:59:27.070+0000] {dag.py:3722} INFO - Setting next_dagrun for example_external_task_marker_child to None, run_after=None
[2023-12-01T17:59:27.072+0000] {logging_mixin.py:154} INFO - [2023-12-01T17:59:27.072+0000] {dag.py:3722} INFO - Setting next_dagrun for example_external_task_marker_parent to None, run_after=None
[2023-12-01T17:59:27.083+0000] {processor.py:179} INFO - Processing /home/airflow/.local/lib/python3.8/site-packages/airflow/example_dags/example_external_task_marker_dag.py took 0.044 seconds
