[2023-12-01T17:41:52.670+0000] {processor.py:157} INFO - Started process (PID=118) to work on /home/airflow/.local/lib/python3.8/site-packages/airflow/example_dags/example_task_group_decorator.py
[2023-12-01T17:41:52.671+0000] {processor.py:829} INFO - Processing file /home/airflow/.local/lib/python3.8/site-packages/airflow/example_dags/example_task_group_decorator.py for tasks to queue
[2023-12-01T17:41:52.672+0000] {logging_mixin.py:154} INFO - [2023-12-01T17:41:52.672+0000] {dagbag.py:536} INFO - Filling up the DagBag from /home/airflow/.local/lib/python3.8/site-packages/airflow/example_dags/example_task_group_decorator.py
[2023-12-01T17:41:52.682+0000] {processor.py:839} INFO - DAG(s) dict_keys(['example_task_group_decorator']) retrieved from /home/airflow/.local/lib/python3.8/site-packages/airflow/example_dags/example_task_group_decorator.py
[2023-12-01T17:41:52.690+0000] {logging_mixin.py:154} INFO - [2023-12-01T17:41:52.690+0000] {dag.py:2941} INFO - Sync 1 DAGs
[2023-12-01T17:41:52.705+0000] {logging_mixin.py:154} INFO - [2023-12-01T17:41:52.704+0000] {dag.py:3722} INFO - Setting next_dagrun for example_task_group_decorator to 2023-11-30T17:41:52.704722+00:00, run_after=2023-12-01T17:41:52.704722+00:00
[2023-12-01T17:41:52.717+0000] {processor.py:179} INFO - Processing /home/airflow/.local/lib/python3.8/site-packages/airflow/example_dags/example_task_group_decorator.py took 0.048 seconds
[2023-12-01T17:42:23.378+0000] {processor.py:157} INFO - Started process (PID=208) to work on /home/airflow/.local/lib/python3.8/site-packages/airflow/example_dags/example_task_group_decorator.py
[2023-12-01T17:42:23.379+0000] {processor.py:829} INFO - Processing file /home/airflow/.local/lib/python3.8/site-packages/airflow/example_dags/example_task_group_decorator.py for tasks to queue
[2023-12-01T17:42:23.380+0000] {logging_mixin.py:154} INFO - [2023-12-01T17:42:23.380+0000] {dagbag.py:536} INFO - Filling up the DagBag from /home/airflow/.local/lib/python3.8/site-packages/airflow/example_dags/example_task_group_decorator.py
[2023-12-01T17:42:23.392+0000] {processor.py:839} INFO - DAG(s) dict_keys(['example_task_group_decorator']) retrieved from /home/airflow/.local/lib/python3.8/site-packages/airflow/example_dags/example_task_group_decorator.py
[2023-12-01T17:42:23.409+0000] {logging_mixin.py:154} INFO - [2023-12-01T17:42:23.409+0000] {dag.py:2941} INFO - Sync 1 DAGs
[2023-12-01T17:42:23.424+0000] {logging_mixin.py:154} INFO - [2023-12-01T17:42:23.423+0000] {dag.py:3722} INFO - Setting next_dagrun for example_task_group_decorator to 2023-11-30T17:42:23.423740+00:00, run_after=2023-12-01T17:42:23.423740+00:00
[2023-12-01T17:42:23.435+0000] {processor.py:179} INFO - Processing /home/airflow/.local/lib/python3.8/site-packages/airflow/example_dags/example_task_group_decorator.py took 0.059 seconds
[2023-12-01T17:42:53.943+0000] {processor.py:157} INFO - Started process (PID=298) to work on /home/airflow/.local/lib/python3.8/site-packages/airflow/example_dags/example_task_group_decorator.py
[2023-12-01T17:42:53.944+0000] {processor.py:829} INFO - Processing file /home/airflow/.local/lib/python3.8/site-packages/airflow/example_dags/example_task_group_decorator.py for tasks to queue
[2023-12-01T17:42:53.945+0000] {logging_mixin.py:154} INFO - [2023-12-01T17:42:53.945+0000] {dagbag.py:536} INFO - Filling up the DagBag from /home/airflow/.local/lib/python3.8/site-packages/airflow/example_dags/example_task_group_decorator.py
[2023-12-01T17:42:53.954+0000] {processor.py:839} INFO - DAG(s) dict_keys(['example_task_group_decorator']) retrieved from /home/airflow/.local/lib/python3.8/site-packages/airflow/example_dags/example_task_group_decorator.py
[2023-12-01T17:42:53.969+0000] {logging_mixin.py:154} INFO - [2023-12-01T17:42:53.969+0000] {dag.py:2941} INFO - Sync 1 DAGs
[2023-12-01T17:42:53.984+0000] {logging_mixin.py:154} INFO - [2023-12-01T17:42:53.984+0000] {dag.py:3722} INFO - Setting next_dagrun for example_task_group_decorator to 2023-11-30T17:42:53.984500+00:00, run_after=2023-12-01T17:42:53.984500+00:00
[2023-12-01T17:42:53.996+0000] {processor.py:179} INFO - Processing /home/airflow/.local/lib/python3.8/site-packages/airflow/example_dags/example_task_group_decorator.py took 0.055 seconds
[2023-12-01T17:43:24.910+0000] {processor.py:157} INFO - Started process (PID=388) to work on /home/airflow/.local/lib/python3.8/site-packages/airflow/example_dags/example_task_group_decorator.py
[2023-12-01T17:43:24.911+0000] {processor.py:829} INFO - Processing file /home/airflow/.local/lib/python3.8/site-packages/airflow/example_dags/example_task_group_decorator.py for tasks to queue
[2023-12-01T17:43:24.912+0000] {logging_mixin.py:154} INFO - [2023-12-01T17:43:24.912+0000] {dagbag.py:536} INFO - Filling up the DagBag from /home/airflow/.local/lib/python3.8/site-packages/airflow/example_dags/example_task_group_decorator.py
[2023-12-01T17:43:24.921+0000] {processor.py:839} INFO - DAG(s) dict_keys(['example_task_group_decorator']) retrieved from /home/airflow/.local/lib/python3.8/site-packages/airflow/example_dags/example_task_group_decorator.py
[2023-12-01T17:43:24.936+0000] {logging_mixin.py:154} INFO - [2023-12-01T17:43:24.936+0000] {dag.py:2941} INFO - Sync 1 DAGs
[2023-12-01T17:43:24.950+0000] {logging_mixin.py:154} INFO - [2023-12-01T17:43:24.950+0000] {dag.py:3722} INFO - Setting next_dagrun for example_task_group_decorator to 2023-11-30T17:43:24.950318+00:00, run_after=2023-12-01T17:43:24.950318+00:00
[2023-12-01T17:43:24.962+0000] {processor.py:179} INFO - Processing /home/airflow/.local/lib/python3.8/site-packages/airflow/example_dags/example_task_group_decorator.py took 0.053 seconds
[2023-12-01T17:43:56.260+0000] {processor.py:157} INFO - Started process (PID=478) to work on /home/airflow/.local/lib/python3.8/site-packages/airflow/example_dags/example_task_group_decorator.py
[2023-12-01T17:43:56.261+0000] {processor.py:829} INFO - Processing file /home/airflow/.local/lib/python3.8/site-packages/airflow/example_dags/example_task_group_decorator.py for tasks to queue
[2023-12-01T17:43:56.262+0000] {logging_mixin.py:154} INFO - [2023-12-01T17:43:56.262+0000] {dagbag.py:536} INFO - Filling up the DagBag from /home/airflow/.local/lib/python3.8/site-packages/airflow/example_dags/example_task_group_decorator.py
[2023-12-01T17:43:56.272+0000] {processor.py:839} INFO - DAG(s) dict_keys(['example_task_group_decorator']) retrieved from /home/airflow/.local/lib/python3.8/site-packages/airflow/example_dags/example_task_group_decorator.py
[2023-12-01T17:43:56.288+0000] {logging_mixin.py:154} INFO - [2023-12-01T17:43:56.288+0000] {dag.py:2941} INFO - Sync 1 DAGs
[2023-12-01T17:43:56.306+0000] {logging_mixin.py:154} INFO - [2023-12-01T17:43:56.306+0000] {dag.py:3722} INFO - Setting next_dagrun for example_task_group_decorator to 2023-11-30T17:43:56.306281+00:00, run_after=2023-12-01T17:43:56.306281+00:00
[2023-12-01T17:43:56.320+0000] {processor.py:179} INFO - Processing /home/airflow/.local/lib/python3.8/site-packages/airflow/example_dags/example_task_group_decorator.py took 0.062 seconds
[2023-12-01T17:44:27.086+0000] {processor.py:157} INFO - Started process (PID=568) to work on /home/airflow/.local/lib/python3.8/site-packages/airflow/example_dags/example_task_group_decorator.py
[2023-12-01T17:44:27.087+0000] {processor.py:829} INFO - Processing file /home/airflow/.local/lib/python3.8/site-packages/airflow/example_dags/example_task_group_decorator.py for tasks to queue
[2023-12-01T17:44:27.088+0000] {logging_mixin.py:154} INFO - [2023-12-01T17:44:27.088+0000] {dagbag.py:536} INFO - Filling up the DagBag from /home/airflow/.local/lib/python3.8/site-packages/airflow/example_dags/example_task_group_decorator.py
[2023-12-01T17:44:27.098+0000] {processor.py:839} INFO - DAG(s) dict_keys(['example_task_group_decorator']) retrieved from /home/airflow/.local/lib/python3.8/site-packages/airflow/example_dags/example_task_group_decorator.py
[2023-12-01T17:44:27.116+0000] {logging_mixin.py:154} INFO - [2023-12-01T17:44:27.116+0000] {dag.py:2941} INFO - Sync 1 DAGs
[2023-12-01T17:44:27.131+0000] {logging_mixin.py:154} INFO - [2023-12-01T17:44:27.131+0000] {dag.py:3722} INFO - Setting next_dagrun for example_task_group_decorator to 2023-11-30T17:44:27.131353+00:00, run_after=2023-12-01T17:44:27.131353+00:00
[2023-12-01T17:44:27.143+0000] {processor.py:179} INFO - Processing /home/airflow/.local/lib/python3.8/site-packages/airflow/example_dags/example_task_group_decorator.py took 0.058 seconds
[2023-12-01T17:45:24.082+0000] {processor.py:157} INFO - Started process (PID=118) to work on /home/airflow/.local/lib/python3.8/site-packages/airflow/example_dags/example_task_group_decorator.py
[2023-12-01T17:45:24.082+0000] {processor.py:829} INFO - Processing file /home/airflow/.local/lib/python3.8/site-packages/airflow/example_dags/example_task_group_decorator.py for tasks to queue
[2023-12-01T17:45:24.083+0000] {logging_mixin.py:154} INFO - [2023-12-01T17:45:24.083+0000] {dagbag.py:536} INFO - Filling up the DagBag from /home/airflow/.local/lib/python3.8/site-packages/airflow/example_dags/example_task_group_decorator.py
[2023-12-01T17:45:24.093+0000] {processor.py:839} INFO - DAG(s) dict_keys(['example_task_group_decorator']) retrieved from /home/airflow/.local/lib/python3.8/site-packages/airflow/example_dags/example_task_group_decorator.py
[2023-12-01T17:45:24.100+0000] {logging_mixin.py:154} INFO - [2023-12-01T17:45:24.100+0000] {dag.py:2941} INFO - Sync 1 DAGs
[2023-12-01T17:45:24.114+0000] {logging_mixin.py:154} INFO - [2023-12-01T17:45:24.114+0000] {dag.py:3722} INFO - Setting next_dagrun for example_task_group_decorator to 2023-11-30T17:45:24.113971+00:00, run_after=2023-12-01T17:45:24.113971+00:00
[2023-12-01T17:45:24.125+0000] {processor.py:179} INFO - Processing /home/airflow/.local/lib/python3.8/site-packages/airflow/example_dags/example_task_group_decorator.py took 0.045 seconds
[2023-12-01T17:45:55.357+0000] {processor.py:157} INFO - Started process (PID=208) to work on /home/airflow/.local/lib/python3.8/site-packages/airflow/example_dags/example_task_group_decorator.py
[2023-12-01T17:45:55.358+0000] {processor.py:829} INFO - Processing file /home/airflow/.local/lib/python3.8/site-packages/airflow/example_dags/example_task_group_decorator.py for tasks to queue
[2023-12-01T17:45:55.359+0000] {logging_mixin.py:154} INFO - [2023-12-01T17:45:55.359+0000] {dagbag.py:536} INFO - Filling up the DagBag from /home/airflow/.local/lib/python3.8/site-packages/airflow/example_dags/example_task_group_decorator.py
[2023-12-01T17:45:55.370+0000] {processor.py:839} INFO - DAG(s) dict_keys(['example_task_group_decorator']) retrieved from /home/airflow/.local/lib/python3.8/site-packages/airflow/example_dags/example_task_group_decorator.py
[2023-12-01T17:45:55.389+0000] {logging_mixin.py:154} INFO - [2023-12-01T17:45:55.389+0000] {dag.py:2941} INFO - Sync 1 DAGs
[2023-12-01T17:45:55.405+0000] {logging_mixin.py:154} INFO - [2023-12-01T17:45:55.405+0000] {dag.py:3722} INFO - Setting next_dagrun for example_task_group_decorator to 2023-11-30T17:45:55.405004+00:00, run_after=2023-12-01T17:45:55.405004+00:00
[2023-12-01T17:45:55.419+0000] {processor.py:179} INFO - Processing /home/airflow/.local/lib/python3.8/site-packages/airflow/example_dags/example_task_group_decorator.py took 0.064 seconds
[2023-12-01T17:46:26.242+0000] {processor.py:157} INFO - Started process (PID=298) to work on /home/airflow/.local/lib/python3.8/site-packages/airflow/example_dags/example_task_group_decorator.py
[2023-12-01T17:46:26.243+0000] {processor.py:829} INFO - Processing file /home/airflow/.local/lib/python3.8/site-packages/airflow/example_dags/example_task_group_decorator.py for tasks to queue
[2023-12-01T17:46:26.244+0000] {logging_mixin.py:154} INFO - [2023-12-01T17:46:26.244+0000] {dagbag.py:536} INFO - Filling up the DagBag from /home/airflow/.local/lib/python3.8/site-packages/airflow/example_dags/example_task_group_decorator.py
[2023-12-01T17:46:26.254+0000] {processor.py:839} INFO - DAG(s) dict_keys(['example_task_group_decorator']) retrieved from /home/airflow/.local/lib/python3.8/site-packages/airflow/example_dags/example_task_group_decorator.py
[2023-12-01T17:46:26.270+0000] {logging_mixin.py:154} INFO - [2023-12-01T17:46:26.270+0000] {dag.py:2941} INFO - Sync 1 DAGs
[2023-12-01T17:46:26.284+0000] {logging_mixin.py:154} INFO - [2023-12-01T17:46:26.284+0000] {dag.py:3722} INFO - Setting next_dagrun for example_task_group_decorator to 2023-11-30T17:46:26.284396+00:00, run_after=2023-12-01T17:46:26.284396+00:00
[2023-12-01T17:46:26.297+0000] {processor.py:179} INFO - Processing /home/airflow/.local/lib/python3.8/site-packages/airflow/example_dags/example_task_group_decorator.py took 0.056 seconds
[2023-12-01T17:46:56.970+0000] {processor.py:157} INFO - Started process (PID=388) to work on /home/airflow/.local/lib/python3.8/site-packages/airflow/example_dags/example_task_group_decorator.py
[2023-12-01T17:46:56.971+0000] {processor.py:829} INFO - Processing file /home/airflow/.local/lib/python3.8/site-packages/airflow/example_dags/example_task_group_decorator.py for tasks to queue
[2023-12-01T17:46:56.972+0000] {logging_mixin.py:154} INFO - [2023-12-01T17:46:56.972+0000] {dagbag.py:536} INFO - Filling up the DagBag from /home/airflow/.local/lib/python3.8/site-packages/airflow/example_dags/example_task_group_decorator.py
[2023-12-01T17:46:56.982+0000] {processor.py:839} INFO - DAG(s) dict_keys(['example_task_group_decorator']) retrieved from /home/airflow/.local/lib/python3.8/site-packages/airflow/example_dags/example_task_group_decorator.py
[2023-12-01T17:46:57.001+0000] {logging_mixin.py:154} INFO - [2023-12-01T17:46:57.000+0000] {dag.py:2941} INFO - Sync 1 DAGs
[2023-12-01T17:46:57.015+0000] {logging_mixin.py:154} INFO - [2023-12-01T17:46:57.014+0000] {dag.py:3722} INFO - Setting next_dagrun for example_task_group_decorator to 2023-11-30T17:46:57.014736+00:00, run_after=2023-12-01T17:46:57.014736+00:00
[2023-12-01T17:46:57.027+0000] {processor.py:179} INFO - Processing /home/airflow/.local/lib/python3.8/site-packages/airflow/example_dags/example_task_group_decorator.py took 0.058 seconds
[2023-12-01T17:47:55.221+0000] {processor.py:157} INFO - Started process (PID=118) to work on /home/airflow/.local/lib/python3.8/site-packages/airflow/example_dags/example_task_group_decorator.py
[2023-12-01T17:47:55.221+0000] {processor.py:829} INFO - Processing file /home/airflow/.local/lib/python3.8/site-packages/airflow/example_dags/example_task_group_decorator.py for tasks to queue
[2023-12-01T17:47:55.223+0000] {logging_mixin.py:154} INFO - [2023-12-01T17:47:55.222+0000] {dagbag.py:536} INFO - Filling up the DagBag from /home/airflow/.local/lib/python3.8/site-packages/airflow/example_dags/example_task_group_decorator.py
[2023-12-01T17:47:55.233+0000] {processor.py:839} INFO - DAG(s) dict_keys(['example_task_group_decorator']) retrieved from /home/airflow/.local/lib/python3.8/site-packages/airflow/example_dags/example_task_group_decorator.py
[2023-12-01T17:47:55.240+0000] {logging_mixin.py:154} INFO - [2023-12-01T17:47:55.240+0000] {dag.py:2941} INFO - Sync 1 DAGs
[2023-12-01T17:47:55.255+0000] {logging_mixin.py:154} INFO - [2023-12-01T17:47:55.255+0000] {dag.py:3722} INFO - Setting next_dagrun for example_task_group_decorator to 2023-11-30T17:47:55.255478+00:00, run_after=2023-12-01T17:47:55.255478+00:00
[2023-12-01T17:47:55.268+0000] {processor.py:179} INFO - Processing /home/airflow/.local/lib/python3.8/site-packages/airflow/example_dags/example_task_group_decorator.py took 0.050 seconds
[2023-12-01T17:48:27.044+0000] {processor.py:157} INFO - Started process (PID=208) to work on /home/airflow/.local/lib/python3.8/site-packages/airflow/example_dags/example_task_group_decorator.py
[2023-12-01T17:48:27.044+0000] {processor.py:829} INFO - Processing file /home/airflow/.local/lib/python3.8/site-packages/airflow/example_dags/example_task_group_decorator.py for tasks to queue
[2023-12-01T17:48:27.046+0000] {logging_mixin.py:154} INFO - [2023-12-01T17:48:27.045+0000] {dagbag.py:536} INFO - Filling up the DagBag from /home/airflow/.local/lib/python3.8/site-packages/airflow/example_dags/example_task_group_decorator.py
[2023-12-01T17:48:27.055+0000] {processor.py:839} INFO - DAG(s) dict_keys(['example_task_group_decorator']) retrieved from /home/airflow/.local/lib/python3.8/site-packages/airflow/example_dags/example_task_group_decorator.py
[2023-12-01T17:48:27.072+0000] {logging_mixin.py:154} INFO - [2023-12-01T17:48:27.072+0000] {dag.py:2941} INFO - Sync 1 DAGs
[2023-12-01T17:48:27.087+0000] {logging_mixin.py:154} INFO - [2023-12-01T17:48:27.087+0000] {dag.py:3722} INFO - Setting next_dagrun for example_task_group_decorator to 2023-11-30T17:48:27.086894+00:00, run_after=2023-12-01T17:48:27.086894+00:00
[2023-12-01T17:48:27.099+0000] {processor.py:179} INFO - Processing /home/airflow/.local/lib/python3.8/site-packages/airflow/example_dags/example_task_group_decorator.py took 0.057 seconds
[2023-12-01T17:48:57.219+0000] {processor.py:157} INFO - Started process (PID=298) to work on /home/airflow/.local/lib/python3.8/site-packages/airflow/example_dags/example_task_group_decorator.py
[2023-12-01T17:48:57.219+0000] {processor.py:829} INFO - Processing file /home/airflow/.local/lib/python3.8/site-packages/airflow/example_dags/example_task_group_decorator.py for tasks to queue
[2023-12-01T17:48:57.221+0000] {logging_mixin.py:154} INFO - [2023-12-01T17:48:57.220+0000] {dagbag.py:536} INFO - Filling up the DagBag from /home/airflow/.local/lib/python3.8/site-packages/airflow/example_dags/example_task_group_decorator.py
[2023-12-01T17:48:57.230+0000] {processor.py:839} INFO - DAG(s) dict_keys(['example_task_group_decorator']) retrieved from /home/airflow/.local/lib/python3.8/site-packages/airflow/example_dags/example_task_group_decorator.py
[2023-12-01T17:48:57.247+0000] {logging_mixin.py:154} INFO - [2023-12-01T17:48:57.246+0000] {dag.py:2941} INFO - Sync 1 DAGs
[2023-12-01T17:48:57.262+0000] {logging_mixin.py:154} INFO - [2023-12-01T17:48:57.262+0000] {dag.py:3722} INFO - Setting next_dagrun for example_task_group_decorator to 2023-11-30T17:48:57.261975+00:00, run_after=2023-12-01T17:48:57.261975+00:00
[2023-12-01T17:48:57.274+0000] {processor.py:179} INFO - Processing /home/airflow/.local/lib/python3.8/site-packages/airflow/example_dags/example_task_group_decorator.py took 0.057 seconds
[2023-12-01T17:49:27.902+0000] {processor.py:157} INFO - Started process (PID=388) to work on /home/airflow/.local/lib/python3.8/site-packages/airflow/example_dags/example_task_group_decorator.py
[2023-12-01T17:49:27.902+0000] {processor.py:829} INFO - Processing file /home/airflow/.local/lib/python3.8/site-packages/airflow/example_dags/example_task_group_decorator.py for tasks to queue
[2023-12-01T17:49:27.904+0000] {logging_mixin.py:154} INFO - [2023-12-01T17:49:27.904+0000] {dagbag.py:536} INFO - Filling up the DagBag from /home/airflow/.local/lib/python3.8/site-packages/airflow/example_dags/example_task_group_decorator.py
[2023-12-01T17:49:27.914+0000] {processor.py:839} INFO - DAG(s) dict_keys(['example_task_group_decorator']) retrieved from /home/airflow/.local/lib/python3.8/site-packages/airflow/example_dags/example_task_group_decorator.py
[2023-12-01T17:49:27.929+0000] {logging_mixin.py:154} INFO - [2023-12-01T17:49:27.928+0000] {dag.py:2941} INFO - Sync 1 DAGs
[2023-12-01T17:49:27.942+0000] {logging_mixin.py:154} INFO - [2023-12-01T17:49:27.942+0000] {dag.py:3722} INFO - Setting next_dagrun for example_task_group_decorator to 2023-11-30T17:49:27.942231+00:00, run_after=2023-12-01T17:49:27.942231+00:00
[2023-12-01T17:49:27.953+0000] {processor.py:179} INFO - Processing /home/airflow/.local/lib/python3.8/site-packages/airflow/example_dags/example_task_group_decorator.py took 0.053 seconds
[2023-12-01T17:49:59.088+0000] {processor.py:157} INFO - Started process (PID=478) to work on /home/airflow/.local/lib/python3.8/site-packages/airflow/example_dags/example_task_group_decorator.py
[2023-12-01T17:49:59.089+0000] {processor.py:829} INFO - Processing file /home/airflow/.local/lib/python3.8/site-packages/airflow/example_dags/example_task_group_decorator.py for tasks to queue
[2023-12-01T17:49:59.090+0000] {logging_mixin.py:154} INFO - [2023-12-01T17:49:59.090+0000] {dagbag.py:536} INFO - Filling up the DagBag from /home/airflow/.local/lib/python3.8/site-packages/airflow/example_dags/example_task_group_decorator.py
[2023-12-01T17:49:59.100+0000] {processor.py:839} INFO - DAG(s) dict_keys(['example_task_group_decorator']) retrieved from /home/airflow/.local/lib/python3.8/site-packages/airflow/example_dags/example_task_group_decorator.py
[2023-12-01T17:49:59.117+0000] {logging_mixin.py:154} INFO - [2023-12-01T17:49:59.117+0000] {dag.py:2941} INFO - Sync 1 DAGs
[2023-12-01T17:49:59.132+0000] {logging_mixin.py:154} INFO - [2023-12-01T17:49:59.132+0000] {dag.py:3722} INFO - Setting next_dagrun for example_task_group_decorator to 2023-11-30T17:49:59.132195+00:00, run_after=2023-12-01T17:49:59.132195+00:00
[2023-12-01T17:49:59.145+0000] {processor.py:179} INFO - Processing /home/airflow/.local/lib/python3.8/site-packages/airflow/example_dags/example_task_group_decorator.py took 0.058 seconds
[2023-12-01T17:50:29.752+0000] {processor.py:157} INFO - Started process (PID=568) to work on /home/airflow/.local/lib/python3.8/site-packages/airflow/example_dags/example_task_group_decorator.py
[2023-12-01T17:50:29.753+0000] {processor.py:829} INFO - Processing file /home/airflow/.local/lib/python3.8/site-packages/airflow/example_dags/example_task_group_decorator.py for tasks to queue
[2023-12-01T17:50:29.755+0000] {logging_mixin.py:154} INFO - [2023-12-01T17:50:29.754+0000] {dagbag.py:536} INFO - Filling up the DagBag from /home/airflow/.local/lib/python3.8/site-packages/airflow/example_dags/example_task_group_decorator.py
[2023-12-01T17:50:29.765+0000] {processor.py:839} INFO - DAG(s) dict_keys(['example_task_group_decorator']) retrieved from /home/airflow/.local/lib/python3.8/site-packages/airflow/example_dags/example_task_group_decorator.py
[2023-12-01T17:50:29.781+0000] {logging_mixin.py:154} INFO - [2023-12-01T17:50:29.780+0000] {dag.py:2941} INFO - Sync 1 DAGs
[2023-12-01T17:50:29.794+0000] {logging_mixin.py:154} INFO - [2023-12-01T17:50:29.794+0000] {dag.py:3722} INFO - Setting next_dagrun for example_task_group_decorator to 2023-11-30T17:50:29.794694+00:00, run_after=2023-12-01T17:50:29.794694+00:00
[2023-12-01T17:50:29.806+0000] {processor.py:179} INFO - Processing /home/airflow/.local/lib/python3.8/site-packages/airflow/example_dags/example_task_group_decorator.py took 0.056 seconds
[2023-12-01T17:51:00.745+0000] {processor.py:157} INFO - Started process (PID=658) to work on /home/airflow/.local/lib/python3.8/site-packages/airflow/example_dags/example_task_group_decorator.py
[2023-12-01T17:51:00.746+0000] {processor.py:829} INFO - Processing file /home/airflow/.local/lib/python3.8/site-packages/airflow/example_dags/example_task_group_decorator.py for tasks to queue
[2023-12-01T17:51:00.747+0000] {logging_mixin.py:154} INFO - [2023-12-01T17:51:00.747+0000] {dagbag.py:536} INFO - Filling up the DagBag from /home/airflow/.local/lib/python3.8/site-packages/airflow/example_dags/example_task_group_decorator.py
[2023-12-01T17:51:00.757+0000] {processor.py:839} INFO - DAG(s) dict_keys(['example_task_group_decorator']) retrieved from /home/airflow/.local/lib/python3.8/site-packages/airflow/example_dags/example_task_group_decorator.py
[2023-12-01T17:51:00.773+0000] {logging_mixin.py:154} INFO - [2023-12-01T17:51:00.772+0000] {dag.py:2941} INFO - Sync 1 DAGs
[2023-12-01T17:51:00.786+0000] {logging_mixin.py:154} INFO - [2023-12-01T17:51:00.786+0000] {dag.py:3722} INFO - Setting next_dagrun for example_task_group_decorator to 2023-11-30T17:51:00.786476+00:00, run_after=2023-12-01T17:51:00.786476+00:00
[2023-12-01T17:51:00.798+0000] {processor.py:179} INFO - Processing /home/airflow/.local/lib/python3.8/site-packages/airflow/example_dags/example_task_group_decorator.py took 0.055 seconds
[2023-12-01T17:51:31.761+0000] {processor.py:157} INFO - Started process (PID=748) to work on /home/airflow/.local/lib/python3.8/site-packages/airflow/example_dags/example_task_group_decorator.py
[2023-12-01T17:51:31.761+0000] {processor.py:829} INFO - Processing file /home/airflow/.local/lib/python3.8/site-packages/airflow/example_dags/example_task_group_decorator.py for tasks to queue
[2023-12-01T17:51:31.763+0000] {logging_mixin.py:154} INFO - [2023-12-01T17:51:31.762+0000] {dagbag.py:536} INFO - Filling up the DagBag from /home/airflow/.local/lib/python3.8/site-packages/airflow/example_dags/example_task_group_decorator.py
[2023-12-01T17:51:31.772+0000] {processor.py:839} INFO - DAG(s) dict_keys(['example_task_group_decorator']) retrieved from /home/airflow/.local/lib/python3.8/site-packages/airflow/example_dags/example_task_group_decorator.py
[2023-12-01T17:51:31.787+0000] {logging_mixin.py:154} INFO - [2023-12-01T17:51:31.787+0000] {dag.py:2941} INFO - Sync 1 DAGs
[2023-12-01T17:51:31.800+0000] {logging_mixin.py:154} INFO - [2023-12-01T17:51:31.800+0000] {dag.py:3722} INFO - Setting next_dagrun for example_task_group_decorator to 2023-11-30T17:51:31.800597+00:00, run_after=2023-12-01T17:51:31.800597+00:00
[2023-12-01T17:51:31.812+0000] {processor.py:179} INFO - Processing /home/airflow/.local/lib/python3.8/site-packages/airflow/example_dags/example_task_group_decorator.py took 0.053 seconds
[2023-12-01T17:54:20.265+0000] {processor.py:157} INFO - Started process (PID=118) to work on /home/airflow/.local/lib/python3.8/site-packages/airflow/example_dags/example_task_group_decorator.py
[2023-12-01T17:54:20.265+0000] {processor.py:829} INFO - Processing file /home/airflow/.local/lib/python3.8/site-packages/airflow/example_dags/example_task_group_decorator.py for tasks to queue
[2023-12-01T17:54:20.267+0000] {logging_mixin.py:154} INFO - [2023-12-01T17:54:20.267+0000] {dagbag.py:536} INFO - Filling up the DagBag from /home/airflow/.local/lib/python3.8/site-packages/airflow/example_dags/example_task_group_decorator.py
[2023-12-01T17:54:20.277+0000] {processor.py:839} INFO - DAG(s) dict_keys(['example_task_group_decorator']) retrieved from /home/airflow/.local/lib/python3.8/site-packages/airflow/example_dags/example_task_group_decorator.py
[2023-12-01T17:54:20.284+0000] {logging_mixin.py:154} INFO - [2023-12-01T17:54:20.284+0000] {dag.py:2941} INFO - Sync 1 DAGs
[2023-12-01T17:54:20.298+0000] {logging_mixin.py:154} INFO - [2023-12-01T17:54:20.297+0000] {dag.py:3722} INFO - Setting next_dagrun for example_task_group_decorator to 2023-11-30T17:54:20.297723+00:00, run_after=2023-12-01T17:54:20.297723+00:00
[2023-12-01T17:54:20.309+0000] {processor.py:179} INFO - Processing /home/airflow/.local/lib/python3.8/site-packages/airflow/example_dags/example_task_group_decorator.py took 0.046 seconds
[2023-12-01T17:54:51.211+0000] {processor.py:157} INFO - Started process (PID=208) to work on /home/airflow/.local/lib/python3.8/site-packages/airflow/example_dags/example_task_group_decorator.py
[2023-12-01T17:54:51.211+0000] {processor.py:829} INFO - Processing file /home/airflow/.local/lib/python3.8/site-packages/airflow/example_dags/example_task_group_decorator.py for tasks to queue
[2023-12-01T17:54:51.212+0000] {logging_mixin.py:154} INFO - [2023-12-01T17:54:51.212+0000] {dagbag.py:536} INFO - Filling up the DagBag from /home/airflow/.local/lib/python3.8/site-packages/airflow/example_dags/example_task_group_decorator.py
[2023-12-01T17:54:51.222+0000] {processor.py:839} INFO - DAG(s) dict_keys(['example_task_group_decorator']) retrieved from /home/airflow/.local/lib/python3.8/site-packages/airflow/example_dags/example_task_group_decorator.py
[2023-12-01T17:54:51.238+0000] {logging_mixin.py:154} INFO - [2023-12-01T17:54:51.238+0000] {dag.py:2941} INFO - Sync 1 DAGs
[2023-12-01T17:54:51.252+0000] {logging_mixin.py:154} INFO - [2023-12-01T17:54:51.252+0000] {dag.py:3722} INFO - Setting next_dagrun for example_task_group_decorator to 2023-11-30T17:54:51.252317+00:00, run_after=2023-12-01T17:54:51.252317+00:00
[2023-12-01T17:54:51.264+0000] {processor.py:179} INFO - Processing /home/airflow/.local/lib/python3.8/site-packages/airflow/example_dags/example_task_group_decorator.py took 0.055 seconds
[2023-12-01T17:55:21.892+0000] {processor.py:157} INFO - Started process (PID=298) to work on /home/airflow/.local/lib/python3.8/site-packages/airflow/example_dags/example_task_group_decorator.py
[2023-12-01T17:55:21.892+0000] {processor.py:829} INFO - Processing file /home/airflow/.local/lib/python3.8/site-packages/airflow/example_dags/example_task_group_decorator.py for tasks to queue
[2023-12-01T17:55:21.893+0000] {logging_mixin.py:154} INFO - [2023-12-01T17:55:21.893+0000] {dagbag.py:536} INFO - Filling up the DagBag from /home/airflow/.local/lib/python3.8/site-packages/airflow/example_dags/example_task_group_decorator.py
[2023-12-01T17:55:21.903+0000] {processor.py:839} INFO - DAG(s) dict_keys(['example_task_group_decorator']) retrieved from /home/airflow/.local/lib/python3.8/site-packages/airflow/example_dags/example_task_group_decorator.py
[2023-12-01T17:55:21.918+0000] {logging_mixin.py:154} INFO - [2023-12-01T17:55:21.918+0000] {dag.py:2941} INFO - Sync 1 DAGs
[2023-12-01T17:55:21.932+0000] {logging_mixin.py:154} INFO - [2023-12-01T17:55:21.932+0000] {dag.py:3722} INFO - Setting next_dagrun for example_task_group_decorator to 2023-11-30T17:55:21.932080+00:00, run_after=2023-12-01T17:55:21.932080+00:00
[2023-12-01T17:55:21.944+0000] {processor.py:179} INFO - Processing /home/airflow/.local/lib/python3.8/site-packages/airflow/example_dags/example_task_group_decorator.py took 0.054 seconds
[2023-12-01T17:55:52.679+0000] {processor.py:157} INFO - Started process (PID=388) to work on /home/airflow/.local/lib/python3.8/site-packages/airflow/example_dags/example_task_group_decorator.py
[2023-12-01T17:55:52.679+0000] {processor.py:829} INFO - Processing file /home/airflow/.local/lib/python3.8/site-packages/airflow/example_dags/example_task_group_decorator.py for tasks to queue
[2023-12-01T17:55:52.680+0000] {logging_mixin.py:154} INFO - [2023-12-01T17:55:52.680+0000] {dagbag.py:536} INFO - Filling up the DagBag from /home/airflow/.local/lib/python3.8/site-packages/airflow/example_dags/example_task_group_decorator.py
[2023-12-01T17:55:52.690+0000] {processor.py:839} INFO - DAG(s) dict_keys(['example_task_group_decorator']) retrieved from /home/airflow/.local/lib/python3.8/site-packages/airflow/example_dags/example_task_group_decorator.py
[2023-12-01T17:55:52.708+0000] {logging_mixin.py:154} INFO - [2023-12-01T17:55:52.708+0000] {dag.py:2941} INFO - Sync 1 DAGs
[2023-12-01T17:55:52.722+0000] {logging_mixin.py:154} INFO - [2023-12-01T17:55:52.722+0000] {dag.py:3722} INFO - Setting next_dagrun for example_task_group_decorator to 2023-11-30T17:55:52.722491+00:00, run_after=2023-12-01T17:55:52.722491+00:00
[2023-12-01T17:55:52.736+0000] {processor.py:179} INFO - Processing /home/airflow/.local/lib/python3.8/site-packages/airflow/example_dags/example_task_group_decorator.py took 0.060 seconds
[2023-12-01T17:56:23.575+0000] {processor.py:157} INFO - Started process (PID=478) to work on /home/airflow/.local/lib/python3.8/site-packages/airflow/example_dags/example_task_group_decorator.py
[2023-12-01T17:56:23.576+0000] {processor.py:829} INFO - Processing file /home/airflow/.local/lib/python3.8/site-packages/airflow/example_dags/example_task_group_decorator.py for tasks to queue
[2023-12-01T17:56:23.577+0000] {logging_mixin.py:154} INFO - [2023-12-01T17:56:23.577+0000] {dagbag.py:536} INFO - Filling up the DagBag from /home/airflow/.local/lib/python3.8/site-packages/airflow/example_dags/example_task_group_decorator.py
[2023-12-01T17:56:23.587+0000] {processor.py:839} INFO - DAG(s) dict_keys(['example_task_group_decorator']) retrieved from /home/airflow/.local/lib/python3.8/site-packages/airflow/example_dags/example_task_group_decorator.py
[2023-12-01T17:56:23.602+0000] {logging_mixin.py:154} INFO - [2023-12-01T17:56:23.602+0000] {dag.py:2941} INFO - Sync 1 DAGs
[2023-12-01T17:56:23.617+0000] {logging_mixin.py:154} INFO - [2023-12-01T17:56:23.617+0000] {dag.py:3722} INFO - Setting next_dagrun for example_task_group_decorator to 2023-11-30T17:56:23.617145+00:00, run_after=2023-12-01T17:56:23.617145+00:00
[2023-12-01T17:56:23.628+0000] {processor.py:179} INFO - Processing /home/airflow/.local/lib/python3.8/site-packages/airflow/example_dags/example_task_group_decorator.py took 0.055 seconds
[2023-12-01T17:56:54.131+0000] {processor.py:157} INFO - Started process (PID=568) to work on /home/airflow/.local/lib/python3.8/site-packages/airflow/example_dags/example_task_group_decorator.py
[2023-12-01T17:56:54.132+0000] {processor.py:829} INFO - Processing file /home/airflow/.local/lib/python3.8/site-packages/airflow/example_dags/example_task_group_decorator.py for tasks to queue
[2023-12-01T17:56:54.133+0000] {logging_mixin.py:154} INFO - [2023-12-01T17:56:54.133+0000] {dagbag.py:536} INFO - Filling up the DagBag from /home/airflow/.local/lib/python3.8/site-packages/airflow/example_dags/example_task_group_decorator.py
[2023-12-01T17:56:54.142+0000] {processor.py:839} INFO - DAG(s) dict_keys(['example_task_group_decorator']) retrieved from /home/airflow/.local/lib/python3.8/site-packages/airflow/example_dags/example_task_group_decorator.py
[2023-12-01T17:56:54.158+0000] {logging_mixin.py:154} INFO - [2023-12-01T17:56:54.158+0000] {dag.py:2941} INFO - Sync 1 DAGs
[2023-12-01T17:56:54.172+0000] {logging_mixin.py:154} INFO - [2023-12-01T17:56:54.171+0000] {dag.py:3722} INFO - Setting next_dagrun for example_task_group_decorator to 2023-11-30T17:56:54.171806+00:00, run_after=2023-12-01T17:56:54.171806+00:00
[2023-12-01T17:56:54.185+0000] {processor.py:179} INFO - Processing /home/airflow/.local/lib/python3.8/site-packages/airflow/example_dags/example_task_group_decorator.py took 0.055 seconds
[2023-12-01T17:57:55.713+0000] {processor.py:157} INFO - Started process (PID=118) to work on /home/airflow/.local/lib/python3.8/site-packages/airflow/example_dags/example_task_group_decorator.py
[2023-12-01T17:57:55.714+0000] {processor.py:829} INFO - Processing file /home/airflow/.local/lib/python3.8/site-packages/airflow/example_dags/example_task_group_decorator.py for tasks to queue
[2023-12-01T17:57:55.715+0000] {logging_mixin.py:154} INFO - [2023-12-01T17:57:55.715+0000] {dagbag.py:536} INFO - Filling up the DagBag from /home/airflow/.local/lib/python3.8/site-packages/airflow/example_dags/example_task_group_decorator.py
[2023-12-01T17:57:55.725+0000] {processor.py:839} INFO - DAG(s) dict_keys(['example_task_group_decorator']) retrieved from /home/airflow/.local/lib/python3.8/site-packages/airflow/example_dags/example_task_group_decorator.py
[2023-12-01T17:57:55.733+0000] {logging_mixin.py:154} INFO - [2023-12-01T17:57:55.732+0000] {dag.py:2941} INFO - Sync 1 DAGs
[2023-12-01T17:57:55.748+0000] {logging_mixin.py:154} INFO - [2023-12-01T17:57:55.748+0000] {dag.py:3722} INFO - Setting next_dagrun for example_task_group_decorator to 2023-11-30T17:57:55.748438+00:00, run_after=2023-12-01T17:57:55.748438+00:00
[2023-12-01T17:57:55.760+0000] {processor.py:179} INFO - Processing /home/airflow/.local/lib/python3.8/site-packages/airflow/example_dags/example_task_group_decorator.py took 0.049 seconds
[2023-12-01T17:58:26.427+0000] {processor.py:157} INFO - Started process (PID=208) to work on /home/airflow/.local/lib/python3.8/site-packages/airflow/example_dags/example_task_group_decorator.py
[2023-12-01T17:58:26.427+0000] {processor.py:829} INFO - Processing file /home/airflow/.local/lib/python3.8/site-packages/airflow/example_dags/example_task_group_decorator.py for tasks to queue
[2023-12-01T17:58:26.429+0000] {logging_mixin.py:154} INFO - [2023-12-01T17:58:26.428+0000] {dagbag.py:536} INFO - Filling up the DagBag from /home/airflow/.local/lib/python3.8/site-packages/airflow/example_dags/example_task_group_decorator.py
[2023-12-01T17:58:26.438+0000] {processor.py:839} INFO - DAG(s) dict_keys(['example_task_group_decorator']) retrieved from /home/airflow/.local/lib/python3.8/site-packages/airflow/example_dags/example_task_group_decorator.py
[2023-12-01T17:58:26.454+0000] {logging_mixin.py:154} INFO - [2023-12-01T17:58:26.454+0000] {dag.py:2941} INFO - Sync 1 DAGs
[2023-12-01T17:58:26.469+0000] {logging_mixin.py:154} INFO - [2023-12-01T17:58:26.469+0000] {dag.py:3722} INFO - Setting next_dagrun for example_task_group_decorator to 2023-11-30T17:58:26.469294+00:00, run_after=2023-12-01T17:58:26.469294+00:00
[2023-12-01T17:58:26.480+0000] {processor.py:179} INFO - Processing /home/airflow/.local/lib/python3.8/site-packages/airflow/example_dags/example_task_group_decorator.py took 0.055 seconds
[2023-12-01T17:58:57.170+0000] {processor.py:157} INFO - Started process (PID=298) to work on /home/airflow/.local/lib/python3.8/site-packages/airflow/example_dags/example_task_group_decorator.py
[2023-12-01T17:58:57.171+0000] {processor.py:829} INFO - Processing file /home/airflow/.local/lib/python3.8/site-packages/airflow/example_dags/example_task_group_decorator.py for tasks to queue
[2023-12-01T17:58:57.173+0000] {logging_mixin.py:154} INFO - [2023-12-01T17:58:57.172+0000] {dagbag.py:536} INFO - Filling up the DagBag from /home/airflow/.local/lib/python3.8/site-packages/airflow/example_dags/example_task_group_decorator.py
[2023-12-01T17:58:57.182+0000] {processor.py:839} INFO - DAG(s) dict_keys(['example_task_group_decorator']) retrieved from /home/airflow/.local/lib/python3.8/site-packages/airflow/example_dags/example_task_group_decorator.py
[2023-12-01T17:58:57.199+0000] {logging_mixin.py:154} INFO - [2023-12-01T17:58:57.199+0000] {dag.py:2941} INFO - Sync 1 DAGs
[2023-12-01T17:58:57.214+0000] {logging_mixin.py:154} INFO - [2023-12-01T17:58:57.214+0000] {dag.py:3722} INFO - Setting next_dagrun for example_task_group_decorator to 2023-11-30T17:58:57.214223+00:00, run_after=2023-12-01T17:58:57.214223+00:00
[2023-12-01T17:58:57.226+0000] {processor.py:179} INFO - Processing /home/airflow/.local/lib/python3.8/site-packages/airflow/example_dags/example_task_group_decorator.py took 0.058 seconds
[2023-12-01T17:59:27.932+0000] {processor.py:157} INFO - Started process (PID=388) to work on /home/airflow/.local/lib/python3.8/site-packages/airflow/example_dags/example_task_group_decorator.py
[2023-12-01T17:59:27.932+0000] {processor.py:829} INFO - Processing file /home/airflow/.local/lib/python3.8/site-packages/airflow/example_dags/example_task_group_decorator.py for tasks to queue
[2023-12-01T17:59:27.933+0000] {logging_mixin.py:154} INFO - [2023-12-01T17:59:27.933+0000] {dagbag.py:536} INFO - Filling up the DagBag from /home/airflow/.local/lib/python3.8/site-packages/airflow/example_dags/example_task_group_decorator.py
[2023-12-01T17:59:27.943+0000] {processor.py:839} INFO - DAG(s) dict_keys(['example_task_group_decorator']) retrieved from /home/airflow/.local/lib/python3.8/site-packages/airflow/example_dags/example_task_group_decorator.py
[2023-12-01T17:59:27.958+0000] {logging_mixin.py:154} INFO - [2023-12-01T17:59:27.958+0000] {dag.py:2941} INFO - Sync 1 DAGs
[2023-12-01T17:59:27.973+0000] {logging_mixin.py:154} INFO - [2023-12-01T17:59:27.973+0000] {dag.py:3722} INFO - Setting next_dagrun for example_task_group_decorator to 2023-11-30T17:59:27.972885+00:00, run_after=2023-12-01T17:59:27.972885+00:00
[2023-12-01T17:59:27.985+0000] {processor.py:179} INFO - Processing /home/airflow/.local/lib/python3.8/site-packages/airflow/example_dags/example_task_group_decorator.py took 0.055 seconds
