[2023-12-01T17:41:51.671+0000] {processor.py:157} INFO - Started process (PID=92) to work on /home/airflow/.local/lib/python3.8/site-packages/airflow/example_dags/example_latest_only_with_trigger.py
[2023-12-01T17:41:51.672+0000] {processor.py:829} INFO - Processing file /home/airflow/.local/lib/python3.8/site-packages/airflow/example_dags/example_latest_only_with_trigger.py for tasks to queue
[2023-12-01T17:41:51.676+0000] {logging_mixin.py:154} INFO - [2023-12-01T17:41:51.676+0000] {dagbag.py:536} INFO - Filling up the DagBag from /home/airflow/.local/lib/python3.8/site-packages/airflow/example_dags/example_latest_only_with_trigger.py
[2023-12-01T17:41:51.684+0000] {processor.py:839} INFO - DAG(s) dict_keys(['latest_only_with_trigger']) retrieved from /home/airflow/.local/lib/python3.8/site-packages/airflow/example_dags/example_latest_only_with_trigger.py
[2023-12-01T17:41:51.700+0000] {logging_mixin.py:154} INFO - [2023-12-01T17:41:51.700+0000] {dag.py:2941} INFO - Sync 1 DAGs
[2023-12-01T17:41:51.722+0000] {logging_mixin.py:154} INFO - [2023-12-01T17:41:51.722+0000] {dag.py:3722} INFO - Setting next_dagrun for latest_only_with_trigger to 2023-12-01T13:41:51.722457+00:00, run_after=2023-12-01T17:41:51.722457+00:00
[2023-12-01T17:41:51.736+0000] {processor.py:179} INFO - Processing /home/airflow/.local/lib/python3.8/site-packages/airflow/example_dags/example_latest_only_with_trigger.py took 0.071 seconds
[2023-12-01T17:42:22.480+0000] {processor.py:157} INFO - Started process (PID=182) to work on /home/airflow/.local/lib/python3.8/site-packages/airflow/example_dags/example_latest_only_with_trigger.py
[2023-12-01T17:42:22.480+0000] {processor.py:829} INFO - Processing file /home/airflow/.local/lib/python3.8/site-packages/airflow/example_dags/example_latest_only_with_trigger.py for tasks to queue
[2023-12-01T17:42:22.481+0000] {logging_mixin.py:154} INFO - [2023-12-01T17:42:22.481+0000] {dagbag.py:536} INFO - Filling up the DagBag from /home/airflow/.local/lib/python3.8/site-packages/airflow/example_dags/example_latest_only_with_trigger.py
[2023-12-01T17:42:22.485+0000] {processor.py:839} INFO - DAG(s) dict_keys(['latest_only_with_trigger']) retrieved from /home/airflow/.local/lib/python3.8/site-packages/airflow/example_dags/example_latest_only_with_trigger.py
[2023-12-01T17:42:22.497+0000] {logging_mixin.py:154} INFO - [2023-12-01T17:42:22.497+0000] {dag.py:2941} INFO - Sync 1 DAGs
[2023-12-01T17:42:22.511+0000] {logging_mixin.py:154} INFO - [2023-12-01T17:42:22.511+0000] {dag.py:3722} INFO - Setting next_dagrun for latest_only_with_trigger to 2023-12-01T13:42:22.511170+00:00, run_after=2023-12-01T17:42:22.511170+00:00
[2023-12-01T17:42:22.522+0000] {processor.py:179} INFO - Processing /home/airflow/.local/lib/python3.8/site-packages/airflow/example_dags/example_latest_only_with_trigger.py took 0.044 seconds
[2023-12-01T17:42:53.095+0000] {processor.py:157} INFO - Started process (PID=272) to work on /home/airflow/.local/lib/python3.8/site-packages/airflow/example_dags/example_latest_only_with_trigger.py
[2023-12-01T17:42:53.096+0000] {processor.py:829} INFO - Processing file /home/airflow/.local/lib/python3.8/site-packages/airflow/example_dags/example_latest_only_with_trigger.py for tasks to queue
[2023-12-01T17:42:53.097+0000] {logging_mixin.py:154} INFO - [2023-12-01T17:42:53.097+0000] {dagbag.py:536} INFO - Filling up the DagBag from /home/airflow/.local/lib/python3.8/site-packages/airflow/example_dags/example_latest_only_with_trigger.py
[2023-12-01T17:42:53.100+0000] {processor.py:839} INFO - DAG(s) dict_keys(['latest_only_with_trigger']) retrieved from /home/airflow/.local/lib/python3.8/site-packages/airflow/example_dags/example_latest_only_with_trigger.py
[2023-12-01T17:42:53.114+0000] {logging_mixin.py:154} INFO - [2023-12-01T17:42:53.114+0000] {dag.py:2941} INFO - Sync 1 DAGs
[2023-12-01T17:42:53.128+0000] {logging_mixin.py:154} INFO - [2023-12-01T17:42:53.128+0000] {dag.py:3722} INFO - Setting next_dagrun for latest_only_with_trigger to 2023-12-01T13:42:53.128015+00:00, run_after=2023-12-01T17:42:53.128015+00:00
[2023-12-01T17:42:53.139+0000] {processor.py:179} INFO - Processing /home/airflow/.local/lib/python3.8/site-packages/airflow/example_dags/example_latest_only_with_trigger.py took 0.046 seconds
[2023-12-01T17:43:24.000+0000] {processor.py:157} INFO - Started process (PID=362) to work on /home/airflow/.local/lib/python3.8/site-packages/airflow/example_dags/example_latest_only_with_trigger.py
[2023-12-01T17:43:24.000+0000] {processor.py:829} INFO - Processing file /home/airflow/.local/lib/python3.8/site-packages/airflow/example_dags/example_latest_only_with_trigger.py for tasks to queue
[2023-12-01T17:43:24.001+0000] {logging_mixin.py:154} INFO - [2023-12-01T17:43:24.001+0000] {dagbag.py:536} INFO - Filling up the DagBag from /home/airflow/.local/lib/python3.8/site-packages/airflow/example_dags/example_latest_only_with_trigger.py
[2023-12-01T17:43:24.005+0000] {processor.py:839} INFO - DAG(s) dict_keys(['latest_only_with_trigger']) retrieved from /home/airflow/.local/lib/python3.8/site-packages/airflow/example_dags/example_latest_only_with_trigger.py
[2023-12-01T17:43:24.019+0000] {logging_mixin.py:154} INFO - [2023-12-01T17:43:24.019+0000] {dag.py:2941} INFO - Sync 1 DAGs
[2023-12-01T17:43:24.034+0000] {logging_mixin.py:154} INFO - [2023-12-01T17:43:24.034+0000] {dag.py:3722} INFO - Setting next_dagrun for latest_only_with_trigger to 2023-12-01T13:43:24.034566+00:00, run_after=2023-12-01T17:43:24.034566+00:00
[2023-12-01T17:43:24.046+0000] {processor.py:179} INFO - Processing /home/airflow/.local/lib/python3.8/site-packages/airflow/example_dags/example_latest_only_with_trigger.py took 0.048 seconds
[2023-12-01T17:43:55.174+0000] {processor.py:157} INFO - Started process (PID=452) to work on /home/airflow/.local/lib/python3.8/site-packages/airflow/example_dags/example_latest_only_with_trigger.py
[2023-12-01T17:43:55.174+0000] {processor.py:829} INFO - Processing file /home/airflow/.local/lib/python3.8/site-packages/airflow/example_dags/example_latest_only_with_trigger.py for tasks to queue
[2023-12-01T17:43:55.176+0000] {logging_mixin.py:154} INFO - [2023-12-01T17:43:55.175+0000] {dagbag.py:536} INFO - Filling up the DagBag from /home/airflow/.local/lib/python3.8/site-packages/airflow/example_dags/example_latest_only_with_trigger.py
[2023-12-01T17:43:55.179+0000] {processor.py:839} INFO - DAG(s) dict_keys(['latest_only_with_trigger']) retrieved from /home/airflow/.local/lib/python3.8/site-packages/airflow/example_dags/example_latest_only_with_trigger.py
[2023-12-01T17:43:55.192+0000] {logging_mixin.py:154} INFO - [2023-12-01T17:43:55.192+0000] {dag.py:2941} INFO - Sync 1 DAGs
[2023-12-01T17:43:55.207+0000] {logging_mixin.py:154} INFO - [2023-12-01T17:43:55.207+0000] {dag.py:3722} INFO - Setting next_dagrun for latest_only_with_trigger to 2023-12-01T13:43:55.206848+00:00, run_after=2023-12-01T17:43:55.206848+00:00
[2023-12-01T17:43:55.218+0000] {processor.py:179} INFO - Processing /home/airflow/.local/lib/python3.8/site-packages/airflow/example_dags/example_latest_only_with_trigger.py took 0.046 seconds
[2023-12-01T17:44:26.102+0000] {processor.py:157} INFO - Started process (PID=542) to work on /home/airflow/.local/lib/python3.8/site-packages/airflow/example_dags/example_latest_only_with_trigger.py
[2023-12-01T17:44:26.103+0000] {processor.py:829} INFO - Processing file /home/airflow/.local/lib/python3.8/site-packages/airflow/example_dags/example_latest_only_with_trigger.py for tasks to queue
[2023-12-01T17:44:26.104+0000] {logging_mixin.py:154} INFO - [2023-12-01T17:44:26.104+0000] {dagbag.py:536} INFO - Filling up the DagBag from /home/airflow/.local/lib/python3.8/site-packages/airflow/example_dags/example_latest_only_with_trigger.py
[2023-12-01T17:44:26.108+0000] {processor.py:839} INFO - DAG(s) dict_keys(['latest_only_with_trigger']) retrieved from /home/airflow/.local/lib/python3.8/site-packages/airflow/example_dags/example_latest_only_with_trigger.py
[2023-12-01T17:44:26.127+0000] {logging_mixin.py:154} INFO - [2023-12-01T17:44:26.127+0000] {dag.py:2941} INFO - Sync 1 DAGs
[2023-12-01T17:44:26.146+0000] {logging_mixin.py:154} INFO - [2023-12-01T17:44:26.146+0000] {dag.py:3722} INFO - Setting next_dagrun for latest_only_with_trigger to 2023-12-01T13:44:26.146355+00:00, run_after=2023-12-01T17:44:26.146355+00:00
[2023-12-01T17:44:26.159+0000] {processor.py:179} INFO - Processing /home/airflow/.local/lib/python3.8/site-packages/airflow/example_dags/example_latest_only_with_trigger.py took 0.058 seconds
[2023-12-01T17:45:23.174+0000] {processor.py:157} INFO - Started process (PID=92) to work on /home/airflow/.local/lib/python3.8/site-packages/airflow/example_dags/example_latest_only_with_trigger.py
[2023-12-01T17:45:23.175+0000] {processor.py:829} INFO - Processing file /home/airflow/.local/lib/python3.8/site-packages/airflow/example_dags/example_latest_only_with_trigger.py for tasks to queue
[2023-12-01T17:45:23.176+0000] {logging_mixin.py:154} INFO - [2023-12-01T17:45:23.176+0000] {dagbag.py:536} INFO - Filling up the DagBag from /home/airflow/.local/lib/python3.8/site-packages/airflow/example_dags/example_latest_only_with_trigger.py
[2023-12-01T17:45:23.179+0000] {processor.py:839} INFO - DAG(s) dict_keys(['latest_only_with_trigger']) retrieved from /home/airflow/.local/lib/python3.8/site-packages/airflow/example_dags/example_latest_only_with_trigger.py
[2023-12-01T17:45:23.187+0000] {logging_mixin.py:154} INFO - [2023-12-01T17:45:23.187+0000] {dag.py:2941} INFO - Sync 1 DAGs
[2023-12-01T17:45:23.213+0000] {logging_mixin.py:154} INFO - [2023-12-01T17:45:23.212+0000] {dag.py:3722} INFO - Setting next_dagrun for latest_only_with_trigger to 2023-12-01T13:45:23.212790+00:00, run_after=2023-12-01T17:45:23.212790+00:00
[2023-12-01T17:45:23.225+0000] {processor.py:179} INFO - Processing /home/airflow/.local/lib/python3.8/site-packages/airflow/example_dags/example_latest_only_with_trigger.py took 0.053 seconds
[2023-12-01T17:45:54.032+0000] {processor.py:157} INFO - Started process (PID=182) to work on /home/airflow/.local/lib/python3.8/site-packages/airflow/example_dags/example_latest_only_with_trigger.py
[2023-12-01T17:45:54.033+0000] {processor.py:829} INFO - Processing file /home/airflow/.local/lib/python3.8/site-packages/airflow/example_dags/example_latest_only_with_trigger.py for tasks to queue
[2023-12-01T17:45:54.034+0000] {logging_mixin.py:154} INFO - [2023-12-01T17:45:54.034+0000] {dagbag.py:536} INFO - Filling up the DagBag from /home/airflow/.local/lib/python3.8/site-packages/airflow/example_dags/example_latest_only_with_trigger.py
[2023-12-01T17:45:54.038+0000] {processor.py:839} INFO - DAG(s) dict_keys(['latest_only_with_trigger']) retrieved from /home/airflow/.local/lib/python3.8/site-packages/airflow/example_dags/example_latest_only_with_trigger.py
[2023-12-01T17:45:54.052+0000] {logging_mixin.py:154} INFO - [2023-12-01T17:45:54.051+0000] {dag.py:2941} INFO - Sync 1 DAGs
[2023-12-01T17:45:54.065+0000] {logging_mixin.py:154} INFO - [2023-12-01T17:45:54.065+0000] {dag.py:3722} INFO - Setting next_dagrun for latest_only_with_trigger to 2023-12-01T13:45:54.065361+00:00, run_after=2023-12-01T17:45:54.065361+00:00
[2023-12-01T17:45:54.076+0000] {processor.py:179} INFO - Processing /home/airflow/.local/lib/python3.8/site-packages/airflow/example_dags/example_latest_only_with_trigger.py took 0.046 seconds
[2023-12-01T17:46:25.183+0000] {processor.py:157} INFO - Started process (PID=272) to work on /home/airflow/.local/lib/python3.8/site-packages/airflow/example_dags/example_latest_only_with_trigger.py
[2023-12-01T17:46:25.184+0000] {processor.py:829} INFO - Processing file /home/airflow/.local/lib/python3.8/site-packages/airflow/example_dags/example_latest_only_with_trigger.py for tasks to queue
[2023-12-01T17:46:25.185+0000] {logging_mixin.py:154} INFO - [2023-12-01T17:46:25.185+0000] {dagbag.py:536} INFO - Filling up the DagBag from /home/airflow/.local/lib/python3.8/site-packages/airflow/example_dags/example_latest_only_with_trigger.py
[2023-12-01T17:46:25.189+0000] {processor.py:839} INFO - DAG(s) dict_keys(['latest_only_with_trigger']) retrieved from /home/airflow/.local/lib/python3.8/site-packages/airflow/example_dags/example_latest_only_with_trigger.py
[2023-12-01T17:46:25.203+0000] {logging_mixin.py:154} INFO - [2023-12-01T17:46:25.203+0000] {dag.py:2941} INFO - Sync 1 DAGs
[2023-12-01T17:46:25.217+0000] {logging_mixin.py:154} INFO - [2023-12-01T17:46:25.217+0000] {dag.py:3722} INFO - Setting next_dagrun for latest_only_with_trigger to 2023-12-01T13:46:25.217458+00:00, run_after=2023-12-01T17:46:25.217458+00:00
[2023-12-01T17:46:25.230+0000] {processor.py:179} INFO - Processing /home/airflow/.local/lib/python3.8/site-packages/airflow/example_dags/example_latest_only_with_trigger.py took 0.048 seconds
[2023-12-01T17:46:56.093+0000] {processor.py:157} INFO - Started process (PID=362) to work on /home/airflow/.local/lib/python3.8/site-packages/airflow/example_dags/example_latest_only_with_trigger.py
[2023-12-01T17:46:56.094+0000] {processor.py:829} INFO - Processing file /home/airflow/.local/lib/python3.8/site-packages/airflow/example_dags/example_latest_only_with_trigger.py for tasks to queue
[2023-12-01T17:46:56.096+0000] {logging_mixin.py:154} INFO - [2023-12-01T17:46:56.095+0000] {dagbag.py:536} INFO - Filling up the DagBag from /home/airflow/.local/lib/python3.8/site-packages/airflow/example_dags/example_latest_only_with_trigger.py
[2023-12-01T17:46:56.099+0000] {processor.py:839} INFO - DAG(s) dict_keys(['latest_only_with_trigger']) retrieved from /home/airflow/.local/lib/python3.8/site-packages/airflow/example_dags/example_latest_only_with_trigger.py
[2023-12-01T17:46:56.113+0000] {logging_mixin.py:154} INFO - [2023-12-01T17:46:56.113+0000] {dag.py:2941} INFO - Sync 1 DAGs
[2023-12-01T17:46:56.130+0000] {logging_mixin.py:154} INFO - [2023-12-01T17:46:56.129+0000] {dag.py:3722} INFO - Setting next_dagrun for latest_only_with_trigger to 2023-12-01T13:46:56.129758+00:00, run_after=2023-12-01T17:46:56.129758+00:00
[2023-12-01T17:46:56.142+0000] {processor.py:179} INFO - Processing /home/airflow/.local/lib/python3.8/site-packages/airflow/example_dags/example_latest_only_with_trigger.py took 0.050 seconds
[2023-12-01T17:47:54.362+0000] {processor.py:157} INFO - Started process (PID=92) to work on /home/airflow/.local/lib/python3.8/site-packages/airflow/example_dags/example_latest_only_with_trigger.py
[2023-12-01T17:47:54.362+0000] {processor.py:829} INFO - Processing file /home/airflow/.local/lib/python3.8/site-packages/airflow/example_dags/example_latest_only_with_trigger.py for tasks to queue
[2023-12-01T17:47:54.364+0000] {logging_mixin.py:154} INFO - [2023-12-01T17:47:54.364+0000] {dagbag.py:536} INFO - Filling up the DagBag from /home/airflow/.local/lib/python3.8/site-packages/airflow/example_dags/example_latest_only_with_trigger.py
[2023-12-01T17:47:54.368+0000] {processor.py:839} INFO - DAG(s) dict_keys(['latest_only_with_trigger']) retrieved from /home/airflow/.local/lib/python3.8/site-packages/airflow/example_dags/example_latest_only_with_trigger.py
[2023-12-01T17:47:54.377+0000] {logging_mixin.py:154} INFO - [2023-12-01T17:47:54.377+0000] {dag.py:2941} INFO - Sync 1 DAGs
[2023-12-01T17:47:54.395+0000] {logging_mixin.py:154} INFO - [2023-12-01T17:47:54.395+0000] {dag.py:3722} INFO - Setting next_dagrun for latest_only_with_trigger to 2023-12-01T13:47:54.394837+00:00, run_after=2023-12-01T17:47:54.394837+00:00
[2023-12-01T17:47:54.412+0000] {processor.py:179} INFO - Processing /home/airflow/.local/lib/python3.8/site-packages/airflow/example_dags/example_latest_only_with_trigger.py took 0.053 seconds
[2023-12-01T17:48:26.043+0000] {processor.py:157} INFO - Started process (PID=182) to work on /home/airflow/.local/lib/python3.8/site-packages/airflow/example_dags/example_latest_only_with_trigger.py
[2023-12-01T17:48:26.044+0000] {processor.py:829} INFO - Processing file /home/airflow/.local/lib/python3.8/site-packages/airflow/example_dags/example_latest_only_with_trigger.py for tasks to queue
[2023-12-01T17:48:26.045+0000] {logging_mixin.py:154} INFO - [2023-12-01T17:48:26.045+0000] {dagbag.py:536} INFO - Filling up the DagBag from /home/airflow/.local/lib/python3.8/site-packages/airflow/example_dags/example_latest_only_with_trigger.py
[2023-12-01T17:48:26.049+0000] {processor.py:839} INFO - DAG(s) dict_keys(['latest_only_with_trigger']) retrieved from /home/airflow/.local/lib/python3.8/site-packages/airflow/example_dags/example_latest_only_with_trigger.py
[2023-12-01T17:48:26.062+0000] {logging_mixin.py:154} INFO - [2023-12-01T17:48:26.061+0000] {dag.py:2941} INFO - Sync 1 DAGs
[2023-12-01T17:48:26.076+0000] {logging_mixin.py:154} INFO - [2023-12-01T17:48:26.075+0000] {dag.py:3722} INFO - Setting next_dagrun for latest_only_with_trigger to 2023-12-01T13:48:26.075748+00:00, run_after=2023-12-01T17:48:26.075748+00:00
[2023-12-01T17:48:26.088+0000] {processor.py:179} INFO - Processing /home/airflow/.local/lib/python3.8/site-packages/airflow/example_dags/example_latest_only_with_trigger.py took 0.046 seconds
[2023-12-01T17:48:56.173+0000] {processor.py:157} INFO - Started process (PID=272) to work on /home/airflow/.local/lib/python3.8/site-packages/airflow/example_dags/example_latest_only_with_trigger.py
[2023-12-01T17:48:56.174+0000] {processor.py:829} INFO - Processing file /home/airflow/.local/lib/python3.8/site-packages/airflow/example_dags/example_latest_only_with_trigger.py for tasks to queue
[2023-12-01T17:48:56.175+0000] {logging_mixin.py:154} INFO - [2023-12-01T17:48:56.175+0000] {dagbag.py:536} INFO - Filling up the DagBag from /home/airflow/.local/lib/python3.8/site-packages/airflow/example_dags/example_latest_only_with_trigger.py
[2023-12-01T17:48:56.179+0000] {processor.py:839} INFO - DAG(s) dict_keys(['latest_only_with_trigger']) retrieved from /home/airflow/.local/lib/python3.8/site-packages/airflow/example_dags/example_latest_only_with_trigger.py
[2023-12-01T17:48:56.192+0000] {logging_mixin.py:154} INFO - [2023-12-01T17:48:56.192+0000] {dag.py:2941} INFO - Sync 1 DAGs
[2023-12-01T17:48:56.207+0000] {logging_mixin.py:154} INFO - [2023-12-01T17:48:56.207+0000] {dag.py:3722} INFO - Setting next_dagrun for latest_only_with_trigger to 2023-12-01T13:48:56.207512+00:00, run_after=2023-12-01T17:48:56.207512+00:00
[2023-12-01T17:48:56.219+0000] {processor.py:179} INFO - Processing /home/airflow/.local/lib/python3.8/site-packages/airflow/example_dags/example_latest_only_with_trigger.py took 0.048 seconds
[2023-12-01T17:49:26.900+0000] {processor.py:157} INFO - Started process (PID=362) to work on /home/airflow/.local/lib/python3.8/site-packages/airflow/example_dags/example_latest_only_with_trigger.py
[2023-12-01T17:49:26.901+0000] {processor.py:829} INFO - Processing file /home/airflow/.local/lib/python3.8/site-packages/airflow/example_dags/example_latest_only_with_trigger.py for tasks to queue
[2023-12-01T17:49:26.902+0000] {logging_mixin.py:154} INFO - [2023-12-01T17:49:26.902+0000] {dagbag.py:536} INFO - Filling up the DagBag from /home/airflow/.local/lib/python3.8/site-packages/airflow/example_dags/example_latest_only_with_trigger.py
[2023-12-01T17:49:26.906+0000] {processor.py:839} INFO - DAG(s) dict_keys(['latest_only_with_trigger']) retrieved from /home/airflow/.local/lib/python3.8/site-packages/airflow/example_dags/example_latest_only_with_trigger.py
[2023-12-01T17:49:26.919+0000] {logging_mixin.py:154} INFO - [2023-12-01T17:49:26.919+0000] {dag.py:2941} INFO - Sync 1 DAGs
[2023-12-01T17:49:26.933+0000] {logging_mixin.py:154} INFO - [2023-12-01T17:49:26.933+0000] {dag.py:3722} INFO - Setting next_dagrun for latest_only_with_trigger to 2023-12-01T13:49:26.933269+00:00, run_after=2023-12-01T17:49:26.933269+00:00
[2023-12-01T17:49:26.944+0000] {processor.py:179} INFO - Processing /home/airflow/.local/lib/python3.8/site-packages/airflow/example_dags/example_latest_only_with_trigger.py took 0.046 seconds
[2023-12-01T17:49:57.965+0000] {processor.py:157} INFO - Started process (PID=452) to work on /home/airflow/.local/lib/python3.8/site-packages/airflow/example_dags/example_latest_only_with_trigger.py
[2023-12-01T17:49:57.965+0000] {processor.py:829} INFO - Processing file /home/airflow/.local/lib/python3.8/site-packages/airflow/example_dags/example_latest_only_with_trigger.py for tasks to queue
[2023-12-01T17:49:57.967+0000] {logging_mixin.py:154} INFO - [2023-12-01T17:49:57.967+0000] {dagbag.py:536} INFO - Filling up the DagBag from /home/airflow/.local/lib/python3.8/site-packages/airflow/example_dags/example_latest_only_with_trigger.py
[2023-12-01T17:49:57.971+0000] {processor.py:839} INFO - DAG(s) dict_keys(['latest_only_with_trigger']) retrieved from /home/airflow/.local/lib/python3.8/site-packages/airflow/example_dags/example_latest_only_with_trigger.py
[2023-12-01T17:49:57.984+0000] {logging_mixin.py:154} INFO - [2023-12-01T17:49:57.984+0000] {dag.py:2941} INFO - Sync 1 DAGs
[2023-12-01T17:49:57.999+0000] {logging_mixin.py:154} INFO - [2023-12-01T17:49:57.999+0000] {dag.py:3722} INFO - Setting next_dagrun for latest_only_with_trigger to 2023-12-01T13:49:57.999366+00:00, run_after=2023-12-01T17:49:57.999366+00:00
[2023-12-01T17:49:58.011+0000] {processor.py:179} INFO - Processing /home/airflow/.local/lib/python3.8/site-packages/airflow/example_dags/example_latest_only_with_trigger.py took 0.048 seconds
[2023-12-01T17:50:28.746+0000] {processor.py:157} INFO - Started process (PID=542) to work on /home/airflow/.local/lib/python3.8/site-packages/airflow/example_dags/example_latest_only_with_trigger.py
[2023-12-01T17:50:28.747+0000] {processor.py:829} INFO - Processing file /home/airflow/.local/lib/python3.8/site-packages/airflow/example_dags/example_latest_only_with_trigger.py for tasks to queue
[2023-12-01T17:50:28.748+0000] {logging_mixin.py:154} INFO - [2023-12-01T17:50:28.748+0000] {dagbag.py:536} INFO - Filling up the DagBag from /home/airflow/.local/lib/python3.8/site-packages/airflow/example_dags/example_latest_only_with_trigger.py
[2023-12-01T17:50:28.751+0000] {processor.py:839} INFO - DAG(s) dict_keys(['latest_only_with_trigger']) retrieved from /home/airflow/.local/lib/python3.8/site-packages/airflow/example_dags/example_latest_only_with_trigger.py
[2023-12-01T17:50:28.765+0000] {logging_mixin.py:154} INFO - [2023-12-01T17:50:28.765+0000] {dag.py:2941} INFO - Sync 1 DAGs
[2023-12-01T17:50:28.780+0000] {logging_mixin.py:154} INFO - [2023-12-01T17:50:28.780+0000] {dag.py:3722} INFO - Setting next_dagrun for latest_only_with_trigger to 2023-12-01T13:50:28.779885+00:00, run_after=2023-12-01T17:50:28.779885+00:00
[2023-12-01T17:50:28.792+0000] {processor.py:179} INFO - Processing /home/airflow/.local/lib/python3.8/site-packages/airflow/example_dags/example_latest_only_with_trigger.py took 0.048 seconds
[2023-12-01T17:50:59.755+0000] {processor.py:157} INFO - Started process (PID=632) to work on /home/airflow/.local/lib/python3.8/site-packages/airflow/example_dags/example_latest_only_with_trigger.py
[2023-12-01T17:50:59.756+0000] {processor.py:829} INFO - Processing file /home/airflow/.local/lib/python3.8/site-packages/airflow/example_dags/example_latest_only_with_trigger.py for tasks to queue
[2023-12-01T17:50:59.757+0000] {logging_mixin.py:154} INFO - [2023-12-01T17:50:59.757+0000] {dagbag.py:536} INFO - Filling up the DagBag from /home/airflow/.local/lib/python3.8/site-packages/airflow/example_dags/example_latest_only_with_trigger.py
[2023-12-01T17:50:59.760+0000] {processor.py:839} INFO - DAG(s) dict_keys(['latest_only_with_trigger']) retrieved from /home/airflow/.local/lib/python3.8/site-packages/airflow/example_dags/example_latest_only_with_trigger.py
[2023-12-01T17:50:59.774+0000] {logging_mixin.py:154} INFO - [2023-12-01T17:50:59.774+0000] {dag.py:2941} INFO - Sync 1 DAGs
[2023-12-01T17:50:59.789+0000] {logging_mixin.py:154} INFO - [2023-12-01T17:50:59.789+0000] {dag.py:3722} INFO - Setting next_dagrun for latest_only_with_trigger to 2023-12-01T13:50:59.788956+00:00, run_after=2023-12-01T17:50:59.788956+00:00
[2023-12-01T17:50:59.800+0000] {processor.py:179} INFO - Processing /home/airflow/.local/lib/python3.8/site-packages/airflow/example_dags/example_latest_only_with_trigger.py took 0.047 seconds
[2023-12-01T17:51:30.702+0000] {processor.py:157} INFO - Started process (PID=722) to work on /home/airflow/.local/lib/python3.8/site-packages/airflow/example_dags/example_latest_only_with_trigger.py
[2023-12-01T17:51:30.703+0000] {processor.py:829} INFO - Processing file /home/airflow/.local/lib/python3.8/site-packages/airflow/example_dags/example_latest_only_with_trigger.py for tasks to queue
[2023-12-01T17:51:30.705+0000] {logging_mixin.py:154} INFO - [2023-12-01T17:51:30.705+0000] {dagbag.py:536} INFO - Filling up the DagBag from /home/airflow/.local/lib/python3.8/site-packages/airflow/example_dags/example_latest_only_with_trigger.py
[2023-12-01T17:51:30.708+0000] {processor.py:839} INFO - DAG(s) dict_keys(['latest_only_with_trigger']) retrieved from /home/airflow/.local/lib/python3.8/site-packages/airflow/example_dags/example_latest_only_with_trigger.py
[2023-12-01T17:51:30.724+0000] {logging_mixin.py:154} INFO - [2023-12-01T17:51:30.724+0000] {dag.py:2941} INFO - Sync 1 DAGs
[2023-12-01T17:51:30.739+0000] {logging_mixin.py:154} INFO - [2023-12-01T17:51:30.739+0000] {dag.py:3722} INFO - Setting next_dagrun for latest_only_with_trigger to 2023-12-01T13:51:30.739389+00:00, run_after=2023-12-01T17:51:30.739389+00:00
[2023-12-01T17:51:30.752+0000] {processor.py:179} INFO - Processing /home/airflow/.local/lib/python3.8/site-packages/airflow/example_dags/example_latest_only_with_trigger.py took 0.051 seconds
[2023-12-01T17:54:19.401+0000] {processor.py:157} INFO - Started process (PID=92) to work on /home/airflow/.local/lib/python3.8/site-packages/airflow/example_dags/example_latest_only_with_trigger.py
[2023-12-01T17:54:19.402+0000] {processor.py:829} INFO - Processing file /home/airflow/.local/lib/python3.8/site-packages/airflow/example_dags/example_latest_only_with_trigger.py for tasks to queue
[2023-12-01T17:54:19.403+0000] {logging_mixin.py:154} INFO - [2023-12-01T17:54:19.403+0000] {dagbag.py:536} INFO - Filling up the DagBag from /home/airflow/.local/lib/python3.8/site-packages/airflow/example_dags/example_latest_only_with_trigger.py
[2023-12-01T17:54:19.407+0000] {processor.py:839} INFO - DAG(s) dict_keys(['latest_only_with_trigger']) retrieved from /home/airflow/.local/lib/python3.8/site-packages/airflow/example_dags/example_latest_only_with_trigger.py
[2023-12-01T17:54:19.415+0000] {logging_mixin.py:154} INFO - [2023-12-01T17:54:19.415+0000] {dag.py:2941} INFO - Sync 1 DAGs
[2023-12-01T17:54:19.431+0000] {logging_mixin.py:154} INFO - [2023-12-01T17:54:19.431+0000] {dag.py:3722} INFO - Setting next_dagrun for latest_only_with_trigger to 2023-12-01T13:54:19.431255+00:00, run_after=2023-12-01T17:54:19.431255+00:00
[2023-12-01T17:54:19.443+0000] {processor.py:179} INFO - Processing /home/airflow/.local/lib/python3.8/site-packages/airflow/example_dags/example_latest_only_with_trigger.py took 0.044 seconds
[2023-12-01T17:54:49.980+0000] {processor.py:157} INFO - Started process (PID=182) to work on /home/airflow/.local/lib/python3.8/site-packages/airflow/example_dags/example_latest_only_with_trigger.py
[2023-12-01T17:54:49.981+0000] {processor.py:829} INFO - Processing file /home/airflow/.local/lib/python3.8/site-packages/airflow/example_dags/example_latest_only_with_trigger.py for tasks to queue
[2023-12-01T17:54:49.982+0000] {logging_mixin.py:154} INFO - [2023-12-01T17:54:49.982+0000] {dagbag.py:536} INFO - Filling up the DagBag from /home/airflow/.local/lib/python3.8/site-packages/airflow/example_dags/example_latest_only_with_trigger.py
[2023-12-01T17:54:49.985+0000] {processor.py:839} INFO - DAG(s) dict_keys(['latest_only_with_trigger']) retrieved from /home/airflow/.local/lib/python3.8/site-packages/airflow/example_dags/example_latest_only_with_trigger.py
[2023-12-01T17:54:49.998+0000] {logging_mixin.py:154} INFO - [2023-12-01T17:54:49.998+0000] {dag.py:2941} INFO - Sync 1 DAGs
[2023-12-01T17:54:50.013+0000] {logging_mixin.py:154} INFO - [2023-12-01T17:54:50.013+0000] {dag.py:3722} INFO - Setting next_dagrun for latest_only_with_trigger to 2023-12-01T13:54:50.013175+00:00, run_after=2023-12-01T17:54:50.013175+00:00
[2023-12-01T17:54:50.025+0000] {processor.py:179} INFO - Processing /home/airflow/.local/lib/python3.8/site-packages/airflow/example_dags/example_latest_only_with_trigger.py took 0.047 seconds
[2023-12-01T17:55:21.004+0000] {processor.py:157} INFO - Started process (PID=272) to work on /home/airflow/.local/lib/python3.8/site-packages/airflow/example_dags/example_latest_only_with_trigger.py
[2023-12-01T17:55:21.005+0000] {processor.py:829} INFO - Processing file /home/airflow/.local/lib/python3.8/site-packages/airflow/example_dags/example_latest_only_with_trigger.py for tasks to queue
[2023-12-01T17:55:21.006+0000] {logging_mixin.py:154} INFO - [2023-12-01T17:55:21.006+0000] {dagbag.py:536} INFO - Filling up the DagBag from /home/airflow/.local/lib/python3.8/site-packages/airflow/example_dags/example_latest_only_with_trigger.py
[2023-12-01T17:55:21.009+0000] {processor.py:839} INFO - DAG(s) dict_keys(['latest_only_with_trigger']) retrieved from /home/airflow/.local/lib/python3.8/site-packages/airflow/example_dags/example_latest_only_with_trigger.py
[2023-12-01T17:55:21.023+0000] {logging_mixin.py:154} INFO - [2023-12-01T17:55:21.023+0000] {dag.py:2941} INFO - Sync 1 DAGs
[2023-12-01T17:55:21.036+0000] {logging_mixin.py:154} INFO - [2023-12-01T17:55:21.036+0000] {dag.py:3722} INFO - Setting next_dagrun for latest_only_with_trigger to 2023-12-01T13:55:21.036589+00:00, run_after=2023-12-01T17:55:21.036589+00:00
[2023-12-01T17:55:21.048+0000] {processor.py:179} INFO - Processing /home/airflow/.local/lib/python3.8/site-packages/airflow/example_dags/example_latest_only_with_trigger.py took 0.046 seconds
[2023-12-01T17:55:51.699+0000] {processor.py:157} INFO - Started process (PID=362) to work on /home/airflow/.local/lib/python3.8/site-packages/airflow/example_dags/example_latest_only_with_trigger.py
[2023-12-01T17:55:51.700+0000] {processor.py:829} INFO - Processing file /home/airflow/.local/lib/python3.8/site-packages/airflow/example_dags/example_latest_only_with_trigger.py for tasks to queue
[2023-12-01T17:55:51.701+0000] {logging_mixin.py:154} INFO - [2023-12-01T17:55:51.701+0000] {dagbag.py:536} INFO - Filling up the DagBag from /home/airflow/.local/lib/python3.8/site-packages/airflow/example_dags/example_latest_only_with_trigger.py
[2023-12-01T17:55:51.704+0000] {processor.py:839} INFO - DAG(s) dict_keys(['latest_only_with_trigger']) retrieved from /home/airflow/.local/lib/python3.8/site-packages/airflow/example_dags/example_latest_only_with_trigger.py
[2023-12-01T17:55:51.718+0000] {logging_mixin.py:154} INFO - [2023-12-01T17:55:51.717+0000] {dag.py:2941} INFO - Sync 1 DAGs
[2023-12-01T17:55:51.731+0000] {logging_mixin.py:154} INFO - [2023-12-01T17:55:51.731+0000] {dag.py:3722} INFO - Setting next_dagrun for latest_only_with_trigger to 2023-12-01T13:55:51.731424+00:00, run_after=2023-12-01T17:55:51.731424+00:00
[2023-12-01T17:55:51.743+0000] {processor.py:179} INFO - Processing /home/airflow/.local/lib/python3.8/site-packages/airflow/example_dags/example_latest_only_with_trigger.py took 0.046 seconds
[2023-12-01T17:56:22.661+0000] {processor.py:157} INFO - Started process (PID=452) to work on /home/airflow/.local/lib/python3.8/site-packages/airflow/example_dags/example_latest_only_with_trigger.py
[2023-12-01T17:56:22.662+0000] {processor.py:829} INFO - Processing file /home/airflow/.local/lib/python3.8/site-packages/airflow/example_dags/example_latest_only_with_trigger.py for tasks to queue
[2023-12-01T17:56:22.663+0000] {logging_mixin.py:154} INFO - [2023-12-01T17:56:22.663+0000] {dagbag.py:536} INFO - Filling up the DagBag from /home/airflow/.local/lib/python3.8/site-packages/airflow/example_dags/example_latest_only_with_trigger.py
[2023-12-01T17:56:22.667+0000] {processor.py:839} INFO - DAG(s) dict_keys(['latest_only_with_trigger']) retrieved from /home/airflow/.local/lib/python3.8/site-packages/airflow/example_dags/example_latest_only_with_trigger.py
[2023-12-01T17:56:22.680+0000] {logging_mixin.py:154} INFO - [2023-12-01T17:56:22.680+0000] {dag.py:2941} INFO - Sync 1 DAGs
[2023-12-01T17:56:22.694+0000] {logging_mixin.py:154} INFO - [2023-12-01T17:56:22.694+0000] {dag.py:3722} INFO - Setting next_dagrun for latest_only_with_trigger to 2023-12-01T13:56:22.694499+00:00, run_after=2023-12-01T17:56:22.694499+00:00
[2023-12-01T17:56:22.706+0000] {processor.py:179} INFO - Processing /home/airflow/.local/lib/python3.8/site-packages/airflow/example_dags/example_latest_only_with_trigger.py took 0.047 seconds
[2023-12-01T17:56:53.241+0000] {processor.py:157} INFO - Started process (PID=542) to work on /home/airflow/.local/lib/python3.8/site-packages/airflow/example_dags/example_latest_only_with_trigger.py
[2023-12-01T17:56:53.241+0000] {processor.py:829} INFO - Processing file /home/airflow/.local/lib/python3.8/site-packages/airflow/example_dags/example_latest_only_with_trigger.py for tasks to queue
[2023-12-01T17:56:53.243+0000] {logging_mixin.py:154} INFO - [2023-12-01T17:56:53.242+0000] {dagbag.py:536} INFO - Filling up the DagBag from /home/airflow/.local/lib/python3.8/site-packages/airflow/example_dags/example_latest_only_with_trigger.py
[2023-12-01T17:56:53.246+0000] {processor.py:839} INFO - DAG(s) dict_keys(['latest_only_with_trigger']) retrieved from /home/airflow/.local/lib/python3.8/site-packages/airflow/example_dags/example_latest_only_with_trigger.py
[2023-12-01T17:56:53.259+0000] {logging_mixin.py:154} INFO - [2023-12-01T17:56:53.259+0000] {dag.py:2941} INFO - Sync 1 DAGs
[2023-12-01T17:56:53.273+0000] {logging_mixin.py:154} INFO - [2023-12-01T17:56:53.273+0000] {dag.py:3722} INFO - Setting next_dagrun for latest_only_with_trigger to 2023-12-01T13:56:53.272945+00:00, run_after=2023-12-01T17:56:53.272945+00:00
[2023-12-01T17:56:53.284+0000] {processor.py:179} INFO - Processing /home/airflow/.local/lib/python3.8/site-packages/airflow/example_dags/example_latest_only_with_trigger.py took 0.045 seconds
[2023-12-01T17:57:54.847+0000] {processor.py:157} INFO - Started process (PID=92) to work on /home/airflow/.local/lib/python3.8/site-packages/airflow/example_dags/example_latest_only_with_trigger.py
[2023-12-01T17:57:54.848+0000] {processor.py:829} INFO - Processing file /home/airflow/.local/lib/python3.8/site-packages/airflow/example_dags/example_latest_only_with_trigger.py for tasks to queue
[2023-12-01T17:57:54.850+0000] {logging_mixin.py:154} INFO - [2023-12-01T17:57:54.850+0000] {dagbag.py:536} INFO - Filling up the DagBag from /home/airflow/.local/lib/python3.8/site-packages/airflow/example_dags/example_latest_only_with_trigger.py
[2023-12-01T17:57:54.853+0000] {processor.py:839} INFO - DAG(s) dict_keys(['latest_only_with_trigger']) retrieved from /home/airflow/.local/lib/python3.8/site-packages/airflow/example_dags/example_latest_only_with_trigger.py
[2023-12-01T17:57:54.862+0000] {logging_mixin.py:154} INFO - [2023-12-01T17:57:54.862+0000] {dag.py:2941} INFO - Sync 1 DAGs
[2023-12-01T17:57:54.880+0000] {logging_mixin.py:154} INFO - [2023-12-01T17:57:54.880+0000] {dag.py:3722} INFO - Setting next_dagrun for latest_only_with_trigger to 2023-12-01T13:57:54.880435+00:00, run_after=2023-12-01T17:57:54.880435+00:00
[2023-12-01T17:57:54.893+0000] {processor.py:179} INFO - Processing /home/airflow/.local/lib/python3.8/site-packages/airflow/example_dags/example_latest_only_with_trigger.py took 0.047 seconds
[2023-12-01T17:58:25.523+0000] {processor.py:157} INFO - Started process (PID=182) to work on /home/airflow/.local/lib/python3.8/site-packages/airflow/example_dags/example_latest_only_with_trigger.py
[2023-12-01T17:58:25.523+0000] {processor.py:829} INFO - Processing file /home/airflow/.local/lib/python3.8/site-packages/airflow/example_dags/example_latest_only_with_trigger.py for tasks to queue
[2023-12-01T17:58:25.525+0000] {logging_mixin.py:154} INFO - [2023-12-01T17:58:25.524+0000] {dagbag.py:536} INFO - Filling up the DagBag from /home/airflow/.local/lib/python3.8/site-packages/airflow/example_dags/example_latest_only_with_trigger.py
[2023-12-01T17:58:25.528+0000] {processor.py:839} INFO - DAG(s) dict_keys(['latest_only_with_trigger']) retrieved from /home/airflow/.local/lib/python3.8/site-packages/airflow/example_dags/example_latest_only_with_trigger.py
[2023-12-01T17:58:25.541+0000] {logging_mixin.py:154} INFO - [2023-12-01T17:58:25.541+0000] {dag.py:2941} INFO - Sync 1 DAGs
[2023-12-01T17:58:25.555+0000] {logging_mixin.py:154} INFO - [2023-12-01T17:58:25.555+0000] {dag.py:3722} INFO - Setting next_dagrun for latest_only_with_trigger to 2023-12-01T13:58:25.555647+00:00, run_after=2023-12-01T17:58:25.555647+00:00
[2023-12-01T17:58:25.567+0000] {processor.py:179} INFO - Processing /home/airflow/.local/lib/python3.8/site-packages/airflow/example_dags/example_latest_only_with_trigger.py took 0.046 seconds
[2023-12-01T17:58:56.240+0000] {processor.py:157} INFO - Started process (PID=272) to work on /home/airflow/.local/lib/python3.8/site-packages/airflow/example_dags/example_latest_only_with_trigger.py
[2023-12-01T17:58:56.241+0000] {processor.py:829} INFO - Processing file /home/airflow/.local/lib/python3.8/site-packages/airflow/example_dags/example_latest_only_with_trigger.py for tasks to queue
[2023-12-01T17:58:56.242+0000] {logging_mixin.py:154} INFO - [2023-12-01T17:58:56.242+0000] {dagbag.py:536} INFO - Filling up the DagBag from /home/airflow/.local/lib/python3.8/site-packages/airflow/example_dags/example_latest_only_with_trigger.py
[2023-12-01T17:58:56.246+0000] {processor.py:839} INFO - DAG(s) dict_keys(['latest_only_with_trigger']) retrieved from /home/airflow/.local/lib/python3.8/site-packages/airflow/example_dags/example_latest_only_with_trigger.py
[2023-12-01T17:58:56.260+0000] {logging_mixin.py:154} INFO - [2023-12-01T17:58:56.260+0000] {dag.py:2941} INFO - Sync 1 DAGs
[2023-12-01T17:58:56.276+0000] {logging_mixin.py:154} INFO - [2023-12-01T17:58:56.276+0000] {dag.py:3722} INFO - Setting next_dagrun for latest_only_with_trigger to 2023-12-01T13:58:56.276164+00:00, run_after=2023-12-01T17:58:56.276164+00:00
[2023-12-01T17:58:56.287+0000] {processor.py:179} INFO - Processing /home/airflow/.local/lib/python3.8/site-packages/airflow/example_dags/example_latest_only_with_trigger.py took 0.049 seconds
[2023-12-01T17:59:26.965+0000] {processor.py:157} INFO - Started process (PID=362) to work on /home/airflow/.local/lib/python3.8/site-packages/airflow/example_dags/example_latest_only_with_trigger.py
[2023-12-01T17:59:26.966+0000] {processor.py:829} INFO - Processing file /home/airflow/.local/lib/python3.8/site-packages/airflow/example_dags/example_latest_only_with_trigger.py for tasks to queue
[2023-12-01T17:59:26.967+0000] {logging_mixin.py:154} INFO - [2023-12-01T17:59:26.967+0000] {dagbag.py:536} INFO - Filling up the DagBag from /home/airflow/.local/lib/python3.8/site-packages/airflow/example_dags/example_latest_only_with_trigger.py
[2023-12-01T17:59:26.970+0000] {processor.py:839} INFO - DAG(s) dict_keys(['latest_only_with_trigger']) retrieved from /home/airflow/.local/lib/python3.8/site-packages/airflow/example_dags/example_latest_only_with_trigger.py
[2023-12-01T17:59:26.983+0000] {logging_mixin.py:154} INFO - [2023-12-01T17:59:26.983+0000] {dag.py:2941} INFO - Sync 1 DAGs
[2023-12-01T17:59:26.997+0000] {logging_mixin.py:154} INFO - [2023-12-01T17:59:26.997+0000] {dag.py:3722} INFO - Setting next_dagrun for latest_only_with_trigger to 2023-12-01T13:59:26.997602+00:00, run_after=2023-12-01T17:59:26.997602+00:00
[2023-12-01T17:59:27.009+0000] {processor.py:179} INFO - Processing /home/airflow/.local/lib/python3.8/site-packages/airflow/example_dags/example_latest_only_with_trigger.py took 0.045 seconds
