[2023-12-01T17:41:50.996+0000] {processor.py:157} INFO - Started process (PID=80) to work on /home/airflow/.local/lib/python3.8/site-packages/airflow/example_dags/example_dag_decorator.py
[2023-12-01T17:41:50.997+0000] {processor.py:829} INFO - Processing file /home/airflow/.local/lib/python3.8/site-packages/airflow/example_dags/example_dag_decorator.py for tasks to queue
[2023-12-01T17:41:50.999+0000] {logging_mixin.py:154} INFO - [2023-12-01T17:41:50.999+0000] {dagbag.py:536} INFO - Filling up the DagBag from /home/airflow/.local/lib/python3.8/site-packages/airflow/example_dags/example_dag_decorator.py
[2023-12-01T17:41:51.142+0000] {processor.py:839} INFO - DAG(s) dict_keys(['example_dag_decorator']) retrieved from /home/airflow/.local/lib/python3.8/site-packages/airflow/example_dags/example_dag_decorator.py
[2023-12-01T17:41:51.155+0000] {logging_mixin.py:154} INFO - [2023-12-01T17:41:51.155+0000] {dag.py:2941} INFO - Sync 1 DAGs
[2023-12-01T17:41:51.167+0000] {logging_mixin.py:154} INFO - [2023-12-01T17:41:51.167+0000] {dag.py:3722} INFO - Setting next_dagrun for example_dag_decorator to None, run_after=None
[2023-12-01T17:41:51.183+0000] {processor.py:179} INFO - Processing /home/airflow/.local/lib/python3.8/site-packages/airflow/example_dags/example_dag_decorator.py took 0.190 seconds
[2023-12-01T17:42:21.753+0000] {processor.py:157} INFO - Started process (PID=170) to work on /home/airflow/.local/lib/python3.8/site-packages/airflow/example_dags/example_dag_decorator.py
[2023-12-01T17:42:21.753+0000] {processor.py:829} INFO - Processing file /home/airflow/.local/lib/python3.8/site-packages/airflow/example_dags/example_dag_decorator.py for tasks to queue
[2023-12-01T17:42:21.755+0000] {logging_mixin.py:154} INFO - [2023-12-01T17:42:21.755+0000] {dagbag.py:536} INFO - Filling up the DagBag from /home/airflow/.local/lib/python3.8/site-packages/airflow/example_dags/example_dag_decorator.py
[2023-12-01T17:42:21.805+0000] {processor.py:839} INFO - DAG(s) dict_keys(['example_dag_decorator']) retrieved from /home/airflow/.local/lib/python3.8/site-packages/airflow/example_dags/example_dag_decorator.py
[2023-12-01T17:42:21.875+0000] {logging_mixin.py:154} INFO - [2023-12-01T17:42:21.875+0000] {dag.py:2941} INFO - Sync 1 DAGs
[2023-12-01T17:42:21.883+0000] {logging_mixin.py:154} INFO - [2023-12-01T17:42:21.883+0000] {dag.py:3722} INFO - Setting next_dagrun for example_dag_decorator to None, run_after=None
[2023-12-01T17:42:21.990+0000] {processor.py:179} INFO - Processing /home/airflow/.local/lib/python3.8/site-packages/airflow/example_dags/example_dag_decorator.py took 0.239 seconds
[2023-12-01T17:42:52.541+0000] {processor.py:157} INFO - Started process (PID=260) to work on /home/airflow/.local/lib/python3.8/site-packages/airflow/example_dags/example_dag_decorator.py
[2023-12-01T17:42:52.542+0000] {processor.py:829} INFO - Processing file /home/airflow/.local/lib/python3.8/site-packages/airflow/example_dags/example_dag_decorator.py for tasks to queue
[2023-12-01T17:42:52.543+0000] {logging_mixin.py:154} INFO - [2023-12-01T17:42:52.543+0000] {dagbag.py:536} INFO - Filling up the DagBag from /home/airflow/.local/lib/python3.8/site-packages/airflow/example_dags/example_dag_decorator.py
[2023-12-01T17:42:52.594+0000] {processor.py:839} INFO - DAG(s) dict_keys(['example_dag_decorator']) retrieved from /home/airflow/.local/lib/python3.8/site-packages/airflow/example_dags/example_dag_decorator.py
[2023-12-01T17:42:52.662+0000] {logging_mixin.py:154} INFO - [2023-12-01T17:42:52.662+0000] {dag.py:2941} INFO - Sync 1 DAGs
[2023-12-01T17:42:52.669+0000] {logging_mixin.py:154} INFO - [2023-12-01T17:42:52.669+0000] {dag.py:3722} INFO - Setting next_dagrun for example_dag_decorator to None, run_after=None
[2023-12-01T17:42:52.682+0000] {processor.py:179} INFO - Processing /home/airflow/.local/lib/python3.8/site-packages/airflow/example_dags/example_dag_decorator.py took 0.142 seconds
[2023-12-01T17:43:23.396+0000] {processor.py:157} INFO - Started process (PID=350) to work on /home/airflow/.local/lib/python3.8/site-packages/airflow/example_dags/example_dag_decorator.py
[2023-12-01T17:43:23.397+0000] {processor.py:829} INFO - Processing file /home/airflow/.local/lib/python3.8/site-packages/airflow/example_dags/example_dag_decorator.py for tasks to queue
[2023-12-01T17:43:23.398+0000] {logging_mixin.py:154} INFO - [2023-12-01T17:43:23.398+0000] {dagbag.py:536} INFO - Filling up the DagBag from /home/airflow/.local/lib/python3.8/site-packages/airflow/example_dags/example_dag_decorator.py
[2023-12-01T17:43:23.448+0000] {processor.py:839} INFO - DAG(s) dict_keys(['example_dag_decorator']) retrieved from /home/airflow/.local/lib/python3.8/site-packages/airflow/example_dags/example_dag_decorator.py
[2023-12-01T17:43:23.518+0000] {logging_mixin.py:154} INFO - [2023-12-01T17:43:23.518+0000] {dag.py:2941} INFO - Sync 1 DAGs
[2023-12-01T17:43:23.525+0000] {logging_mixin.py:154} INFO - [2023-12-01T17:43:23.525+0000] {dag.py:3722} INFO - Setting next_dagrun for example_dag_decorator to None, run_after=None
[2023-12-01T17:43:23.538+0000] {processor.py:179} INFO - Processing /home/airflow/.local/lib/python3.8/site-packages/airflow/example_dags/example_dag_decorator.py took 0.143 seconds
[2023-12-01T17:43:54.635+0000] {processor.py:157} INFO - Started process (PID=440) to work on /home/airflow/.local/lib/python3.8/site-packages/airflow/example_dags/example_dag_decorator.py
[2023-12-01T17:43:54.636+0000] {processor.py:829} INFO - Processing file /home/airflow/.local/lib/python3.8/site-packages/airflow/example_dags/example_dag_decorator.py for tasks to queue
[2023-12-01T17:43:54.637+0000] {logging_mixin.py:154} INFO - [2023-12-01T17:43:54.637+0000] {dagbag.py:536} INFO - Filling up the DagBag from /home/airflow/.local/lib/python3.8/site-packages/airflow/example_dags/example_dag_decorator.py
[2023-12-01T17:43:54.688+0000] {processor.py:839} INFO - DAG(s) dict_keys(['example_dag_decorator']) retrieved from /home/airflow/.local/lib/python3.8/site-packages/airflow/example_dags/example_dag_decorator.py
[2023-12-01T17:43:54.858+0000] {logging_mixin.py:154} INFO - [2023-12-01T17:43:54.858+0000] {dag.py:2941} INFO - Sync 1 DAGs
[2023-12-01T17:43:54.865+0000] {logging_mixin.py:154} INFO - [2023-12-01T17:43:54.865+0000] {dag.py:3722} INFO - Setting next_dagrun for example_dag_decorator to None, run_after=None
[2023-12-01T17:43:54.878+0000] {processor.py:179} INFO - Processing /home/airflow/.local/lib/python3.8/site-packages/airflow/example_dags/example_dag_decorator.py took 0.245 seconds
[2023-12-01T17:44:25.405+0000] {processor.py:157} INFO - Started process (PID=529) to work on /home/airflow/.local/lib/python3.8/site-packages/airflow/example_dags/example_dag_decorator.py
[2023-12-01T17:44:25.405+0000] {processor.py:829} INFO - Processing file /home/airflow/.local/lib/python3.8/site-packages/airflow/example_dags/example_dag_decorator.py for tasks to queue
[2023-12-01T17:44:25.406+0000] {logging_mixin.py:154} INFO - [2023-12-01T17:44:25.406+0000] {dagbag.py:536} INFO - Filling up the DagBag from /home/airflow/.local/lib/python3.8/site-packages/airflow/example_dags/example_dag_decorator.py
[2023-12-01T17:44:25.456+0000] {processor.py:839} INFO - DAG(s) dict_keys(['example_dag_decorator']) retrieved from /home/airflow/.local/lib/python3.8/site-packages/airflow/example_dags/example_dag_decorator.py
[2023-12-01T17:44:25.645+0000] {logging_mixin.py:154} INFO - [2023-12-01T17:44:25.644+0000] {dag.py:2941} INFO - Sync 1 DAGs
[2023-12-01T17:44:25.651+0000] {logging_mixin.py:154} INFO - [2023-12-01T17:44:25.651+0000] {dag.py:3722} INFO - Setting next_dagrun for example_dag_decorator to None, run_after=None
[2023-12-01T17:44:25.664+0000] {processor.py:179} INFO - Processing /home/airflow/.local/lib/python3.8/site-packages/airflow/example_dags/example_dag_decorator.py took 0.261 seconds
[2023-12-01T17:45:22.645+0000] {processor.py:157} INFO - Started process (PID=80) to work on /home/airflow/.local/lib/python3.8/site-packages/airflow/example_dags/example_dag_decorator.py
[2023-12-01T17:45:22.645+0000] {processor.py:829} INFO - Processing file /home/airflow/.local/lib/python3.8/site-packages/airflow/example_dags/example_dag_decorator.py for tasks to queue
[2023-12-01T17:45:22.647+0000] {logging_mixin.py:154} INFO - [2023-12-01T17:45:22.647+0000] {dagbag.py:536} INFO - Filling up the DagBag from /home/airflow/.local/lib/python3.8/site-packages/airflow/example_dags/example_dag_decorator.py
[2023-12-01T17:45:22.750+0000] {processor.py:839} INFO - DAG(s) dict_keys(['example_dag_decorator']) retrieved from /home/airflow/.local/lib/python3.8/site-packages/airflow/example_dags/example_dag_decorator.py
[2023-12-01T17:45:22.759+0000] {logging_mixin.py:154} INFO - [2023-12-01T17:45:22.759+0000] {dag.py:2941} INFO - Sync 1 DAGs
[2023-12-01T17:45:22.769+0000] {logging_mixin.py:154} INFO - [2023-12-01T17:45:22.769+0000] {dag.py:3722} INFO - Setting next_dagrun for example_dag_decorator to None, run_after=None
[2023-12-01T17:45:22.783+0000] {processor.py:179} INFO - Processing /home/airflow/.local/lib/python3.8/site-packages/airflow/example_dags/example_dag_decorator.py took 0.140 seconds
[2023-12-01T17:45:53.344+0000] {processor.py:157} INFO - Started process (PID=170) to work on /home/airflow/.local/lib/python3.8/site-packages/airflow/example_dags/example_dag_decorator.py
[2023-12-01T17:45:53.345+0000] {processor.py:829} INFO - Processing file /home/airflow/.local/lib/python3.8/site-packages/airflow/example_dags/example_dag_decorator.py for tasks to queue
[2023-12-01T17:45:53.346+0000] {logging_mixin.py:154} INFO - [2023-12-01T17:45:53.346+0000] {dagbag.py:536} INFO - Filling up the DagBag from /home/airflow/.local/lib/python3.8/site-packages/airflow/example_dags/example_dag_decorator.py
[2023-12-01T17:45:53.410+0000] {processor.py:839} INFO - DAG(s) dict_keys(['example_dag_decorator']) retrieved from /home/airflow/.local/lib/python3.8/site-packages/airflow/example_dags/example_dag_decorator.py
[2023-12-01T17:45:53.488+0000] {logging_mixin.py:154} INFO - [2023-12-01T17:45:53.488+0000] {dag.py:2941} INFO - Sync 1 DAGs
[2023-12-01T17:45:53.498+0000] {logging_mixin.py:154} INFO - [2023-12-01T17:45:53.498+0000] {dag.py:3722} INFO - Setting next_dagrun for example_dag_decorator to None, run_after=None
[2023-12-01T17:45:53.622+0000] {processor.py:179} INFO - Processing /home/airflow/.local/lib/python3.8/site-packages/airflow/example_dags/example_dag_decorator.py took 0.280 seconds
[2023-12-01T17:46:24.515+0000] {processor.py:157} INFO - Started process (PID=260) to work on /home/airflow/.local/lib/python3.8/site-packages/airflow/example_dags/example_dag_decorator.py
[2023-12-01T17:46:24.515+0000] {processor.py:829} INFO - Processing file /home/airflow/.local/lib/python3.8/site-packages/airflow/example_dags/example_dag_decorator.py for tasks to queue
[2023-12-01T17:46:24.517+0000] {logging_mixin.py:154} INFO - [2023-12-01T17:46:24.517+0000] {dagbag.py:536} INFO - Filling up the DagBag from /home/airflow/.local/lib/python3.8/site-packages/airflow/example_dags/example_dag_decorator.py
[2023-12-01T17:46:24.569+0000] {processor.py:839} INFO - DAG(s) dict_keys(['example_dag_decorator']) retrieved from /home/airflow/.local/lib/python3.8/site-packages/airflow/example_dags/example_dag_decorator.py
[2023-12-01T17:46:24.640+0000] {logging_mixin.py:154} INFO - [2023-12-01T17:46:24.640+0000] {dag.py:2941} INFO - Sync 1 DAGs
[2023-12-01T17:46:24.648+0000] {logging_mixin.py:154} INFO - [2023-12-01T17:46:24.648+0000] {dag.py:3722} INFO - Setting next_dagrun for example_dag_decorator to None, run_after=None
[2023-12-01T17:46:24.661+0000] {processor.py:179} INFO - Processing /home/airflow/.local/lib/python3.8/site-packages/airflow/example_dags/example_dag_decorator.py took 0.148 seconds
[2023-12-01T17:46:55.664+0000] {processor.py:157} INFO - Started process (PID=350) to work on /home/airflow/.local/lib/python3.8/site-packages/airflow/example_dags/example_dag_decorator.py
[2023-12-01T17:46:55.664+0000] {processor.py:829} INFO - Processing file /home/airflow/.local/lib/python3.8/site-packages/airflow/example_dags/example_dag_decorator.py for tasks to queue
[2023-12-01T17:46:55.665+0000] {logging_mixin.py:154} INFO - [2023-12-01T17:46:55.665+0000] {dagbag.py:536} INFO - Filling up the DagBag from /home/airflow/.local/lib/python3.8/site-packages/airflow/example_dags/example_dag_decorator.py
[2023-12-01T17:46:55.715+0000] {processor.py:839} INFO - DAG(s) dict_keys(['example_dag_decorator']) retrieved from /home/airflow/.local/lib/python3.8/site-packages/airflow/example_dags/example_dag_decorator.py
[2023-12-01T17:46:55.785+0000] {logging_mixin.py:154} INFO - [2023-12-01T17:46:55.784+0000] {dag.py:2941} INFO - Sync 1 DAGs
[2023-12-01T17:46:55.792+0000] {logging_mixin.py:154} INFO - [2023-12-01T17:46:55.792+0000] {dag.py:3722} INFO - Setting next_dagrun for example_dag_decorator to None, run_after=None
[2023-12-01T17:46:55.806+0000] {processor.py:179} INFO - Processing /home/airflow/.local/lib/python3.8/site-packages/airflow/example_dags/example_dag_decorator.py took 0.144 seconds
[2023-12-01T17:47:53.697+0000] {processor.py:157} INFO - Started process (PID=80) to work on /home/airflow/.local/lib/python3.8/site-packages/airflow/example_dags/example_dag_decorator.py
[2023-12-01T17:47:53.698+0000] {processor.py:829} INFO - Processing file /home/airflow/.local/lib/python3.8/site-packages/airflow/example_dags/example_dag_decorator.py for tasks to queue
[2023-12-01T17:47:53.699+0000] {logging_mixin.py:154} INFO - [2023-12-01T17:47:53.699+0000] {dagbag.py:536} INFO - Filling up the DagBag from /home/airflow/.local/lib/python3.8/site-packages/airflow/example_dags/example_dag_decorator.py
[2023-12-01T17:47:53.803+0000] {processor.py:839} INFO - DAG(s) dict_keys(['example_dag_decorator']) retrieved from /home/airflow/.local/lib/python3.8/site-packages/airflow/example_dags/example_dag_decorator.py
[2023-12-01T17:47:53.812+0000] {logging_mixin.py:154} INFO - [2023-12-01T17:47:53.812+0000] {dag.py:2941} INFO - Sync 1 DAGs
[2023-12-01T17:47:53.822+0000] {logging_mixin.py:154} INFO - [2023-12-01T17:47:53.822+0000] {dag.py:3722} INFO - Setting next_dagrun for example_dag_decorator to None, run_after=None
[2023-12-01T17:47:53.835+0000] {processor.py:179} INFO - Processing /home/airflow/.local/lib/python3.8/site-packages/airflow/example_dags/example_dag_decorator.py took 0.140 seconds
[2023-12-01T17:48:25.066+0000] {processor.py:157} INFO - Started process (PID=170) to work on /home/airflow/.local/lib/python3.8/site-packages/airflow/example_dags/example_dag_decorator.py
[2023-12-01T17:48:25.067+0000] {processor.py:829} INFO - Processing file /home/airflow/.local/lib/python3.8/site-packages/airflow/example_dags/example_dag_decorator.py for tasks to queue
[2023-12-01T17:48:25.068+0000] {logging_mixin.py:154} INFO - [2023-12-01T17:48:25.068+0000] {dagbag.py:536} INFO - Filling up the DagBag from /home/airflow/.local/lib/python3.8/site-packages/airflow/example_dags/example_dag_decorator.py
[2023-12-01T17:48:25.120+0000] {processor.py:839} INFO - DAG(s) dict_keys(['example_dag_decorator']) retrieved from /home/airflow/.local/lib/python3.8/site-packages/airflow/example_dags/example_dag_decorator.py
[2023-12-01T17:48:25.195+0000] {logging_mixin.py:154} INFO - [2023-12-01T17:48:25.195+0000] {dag.py:2941} INFO - Sync 1 DAGs
[2023-12-01T17:48:25.204+0000] {logging_mixin.py:154} INFO - [2023-12-01T17:48:25.204+0000] {dag.py:3722} INFO - Setting next_dagrun for example_dag_decorator to None, run_after=None
[2023-12-01T17:48:25.332+0000] {processor.py:179} INFO - Processing /home/airflow/.local/lib/python3.8/site-packages/airflow/example_dags/example_dag_decorator.py took 0.268 seconds
[2023-12-01T17:48:55.533+0000] {processor.py:157} INFO - Started process (PID=260) to work on /home/airflow/.local/lib/python3.8/site-packages/airflow/example_dags/example_dag_decorator.py
[2023-12-01T17:48:55.534+0000] {processor.py:829} INFO - Processing file /home/airflow/.local/lib/python3.8/site-packages/airflow/example_dags/example_dag_decorator.py for tasks to queue
[2023-12-01T17:48:55.535+0000] {logging_mixin.py:154} INFO - [2023-12-01T17:48:55.535+0000] {dagbag.py:536} INFO - Filling up the DagBag from /home/airflow/.local/lib/python3.8/site-packages/airflow/example_dags/example_dag_decorator.py
[2023-12-01T17:48:55.587+0000] {processor.py:839} INFO - DAG(s) dict_keys(['example_dag_decorator']) retrieved from /home/airflow/.local/lib/python3.8/site-packages/airflow/example_dags/example_dag_decorator.py
[2023-12-01T17:48:55.660+0000] {logging_mixin.py:154} INFO - [2023-12-01T17:48:55.660+0000] {dag.py:2941} INFO - Sync 1 DAGs
[2023-12-01T17:48:55.668+0000] {logging_mixin.py:154} INFO - [2023-12-01T17:48:55.668+0000] {dag.py:3722} INFO - Setting next_dagrun for example_dag_decorator to None, run_after=None
[2023-12-01T17:48:55.682+0000] {processor.py:179} INFO - Processing /home/airflow/.local/lib/python3.8/site-packages/airflow/example_dags/example_dag_decorator.py took 0.151 seconds
[2023-12-01T17:49:26.291+0000] {processor.py:157} INFO - Started process (PID=349) to work on /home/airflow/.local/lib/python3.8/site-packages/airflow/example_dags/example_dag_decorator.py
[2023-12-01T17:49:26.292+0000] {processor.py:829} INFO - Processing file /home/airflow/.local/lib/python3.8/site-packages/airflow/example_dags/example_dag_decorator.py for tasks to queue
[2023-12-01T17:49:26.293+0000] {logging_mixin.py:154} INFO - [2023-12-01T17:49:26.293+0000] {dagbag.py:536} INFO - Filling up the DagBag from /home/airflow/.local/lib/python3.8/site-packages/airflow/example_dags/example_dag_decorator.py
[2023-12-01T17:49:26.342+0000] {processor.py:839} INFO - DAG(s) dict_keys(['example_dag_decorator']) retrieved from /home/airflow/.local/lib/python3.8/site-packages/airflow/example_dags/example_dag_decorator.py
[2023-12-01T17:49:26.411+0000] {logging_mixin.py:154} INFO - [2023-12-01T17:49:26.411+0000] {dag.py:2941} INFO - Sync 1 DAGs
[2023-12-01T17:49:26.418+0000] {logging_mixin.py:154} INFO - [2023-12-01T17:49:26.418+0000] {dag.py:3722} INFO - Setting next_dagrun for example_dag_decorator to None, run_after=None
[2023-12-01T17:49:26.430+0000] {processor.py:179} INFO - Processing /home/airflow/.local/lib/python3.8/site-packages/airflow/example_dags/example_dag_decorator.py took 0.141 seconds
[2023-12-01T17:49:57.264+0000] {processor.py:157} INFO - Started process (PID=438) to work on /home/airflow/.local/lib/python3.8/site-packages/airflow/example_dags/example_dag_decorator.py
[2023-12-01T17:49:57.265+0000] {processor.py:829} INFO - Processing file /home/airflow/.local/lib/python3.8/site-packages/airflow/example_dags/example_dag_decorator.py for tasks to queue
[2023-12-01T17:49:57.266+0000] {logging_mixin.py:154} INFO - [2023-12-01T17:49:57.266+0000] {dagbag.py:536} INFO - Filling up the DagBag from /home/airflow/.local/lib/python3.8/site-packages/airflow/example_dags/example_dag_decorator.py
[2023-12-01T17:49:57.316+0000] {processor.py:839} INFO - DAG(s) dict_keys(['example_dag_decorator']) retrieved from /home/airflow/.local/lib/python3.8/site-packages/airflow/example_dags/example_dag_decorator.py
[2023-12-01T17:49:57.489+0000] {logging_mixin.py:154} INFO - [2023-12-01T17:49:57.489+0000] {dag.py:2941} INFO - Sync 1 DAGs
[2023-12-01T17:49:57.497+0000] {logging_mixin.py:154} INFO - [2023-12-01T17:49:57.496+0000] {dag.py:3722} INFO - Setting next_dagrun for example_dag_decorator to None, run_after=None
[2023-12-01T17:49:57.510+0000] {processor.py:179} INFO - Processing /home/airflow/.local/lib/python3.8/site-packages/airflow/example_dags/example_dag_decorator.py took 0.247 seconds
[2023-12-01T17:50:28.175+0000] {processor.py:157} INFO - Started process (PID=529) to work on /home/airflow/.local/lib/python3.8/site-packages/airflow/example_dags/example_dag_decorator.py
[2023-12-01T17:50:28.175+0000] {processor.py:829} INFO - Processing file /home/airflow/.local/lib/python3.8/site-packages/airflow/example_dags/example_dag_decorator.py for tasks to queue
[2023-12-01T17:50:28.176+0000] {logging_mixin.py:154} INFO - [2023-12-01T17:50:28.176+0000] {dagbag.py:536} INFO - Filling up the DagBag from /home/airflow/.local/lib/python3.8/site-packages/airflow/example_dags/example_dag_decorator.py
[2023-12-01T17:50:28.226+0000] {processor.py:839} INFO - DAG(s) dict_keys(['example_dag_decorator']) retrieved from /home/airflow/.local/lib/python3.8/site-packages/airflow/example_dags/example_dag_decorator.py
[2023-12-01T17:50:28.244+0000] {logging_mixin.py:154} INFO - [2023-12-01T17:50:28.243+0000] {dag.py:2941} INFO - Sync 1 DAGs
[2023-12-01T17:50:28.252+0000] {logging_mixin.py:154} INFO - [2023-12-01T17:50:28.252+0000] {dag.py:3722} INFO - Setting next_dagrun for example_dag_decorator to None, run_after=None
[2023-12-01T17:50:28.264+0000] {processor.py:179} INFO - Processing /home/airflow/.local/lib/python3.8/site-packages/airflow/example_dags/example_dag_decorator.py took 0.091 seconds
[2023-12-01T17:50:59.041+0000] {processor.py:157} INFO - Started process (PID=618) to work on /home/airflow/.local/lib/python3.8/site-packages/airflow/example_dags/example_dag_decorator.py
[2023-12-01T17:50:59.041+0000] {processor.py:829} INFO - Processing file /home/airflow/.local/lib/python3.8/site-packages/airflow/example_dags/example_dag_decorator.py for tasks to queue
[2023-12-01T17:50:59.042+0000] {logging_mixin.py:154} INFO - [2023-12-01T17:50:59.042+0000] {dagbag.py:536} INFO - Filling up the DagBag from /home/airflow/.local/lib/python3.8/site-packages/airflow/example_dags/example_dag_decorator.py
[2023-12-01T17:50:59.097+0000] {processor.py:839} INFO - DAG(s) dict_keys(['example_dag_decorator']) retrieved from /home/airflow/.local/lib/python3.8/site-packages/airflow/example_dags/example_dag_decorator.py
[2023-12-01T17:50:59.274+0000] {logging_mixin.py:154} INFO - [2023-12-01T17:50:59.273+0000] {dag.py:2941} INFO - Sync 1 DAGs
[2023-12-01T17:50:59.280+0000] {logging_mixin.py:154} INFO - [2023-12-01T17:50:59.280+0000] {dag.py:3722} INFO - Setting next_dagrun for example_dag_decorator to None, run_after=None
[2023-12-01T17:50:59.292+0000] {processor.py:179} INFO - Processing /home/airflow/.local/lib/python3.8/site-packages/airflow/example_dags/example_dag_decorator.py took 0.253 seconds
[2023-12-01T17:51:30.073+0000] {processor.py:157} INFO - Started process (PID=710) to work on /home/airflow/.local/lib/python3.8/site-packages/airflow/example_dags/example_dag_decorator.py
[2023-12-01T17:51:30.073+0000] {processor.py:829} INFO - Processing file /home/airflow/.local/lib/python3.8/site-packages/airflow/example_dags/example_dag_decorator.py for tasks to queue
[2023-12-01T17:51:30.075+0000] {logging_mixin.py:154} INFO - [2023-12-01T17:51:30.075+0000] {dagbag.py:536} INFO - Filling up the DagBag from /home/airflow/.local/lib/python3.8/site-packages/airflow/example_dags/example_dag_decorator.py
[2023-12-01T17:51:30.128+0000] {processor.py:839} INFO - DAG(s) dict_keys(['example_dag_decorator']) retrieved from /home/airflow/.local/lib/python3.8/site-packages/airflow/example_dags/example_dag_decorator.py
[2023-12-01T17:51:30.330+0000] {logging_mixin.py:154} INFO - [2023-12-01T17:51:30.330+0000] {dag.py:2941} INFO - Sync 1 DAGs
[2023-12-01T17:51:30.338+0000] {logging_mixin.py:154} INFO - [2023-12-01T17:51:30.337+0000] {dag.py:3722} INFO - Setting next_dagrun for example_dag_decorator to None, run_after=None
[2023-12-01T17:51:30.351+0000] {processor.py:179} INFO - Processing /home/airflow/.local/lib/python3.8/site-packages/airflow/example_dags/example_dag_decorator.py took 0.280 seconds
[2023-12-01T17:54:18.890+0000] {processor.py:157} INFO - Started process (PID=80) to work on /home/airflow/.local/lib/python3.8/site-packages/airflow/example_dags/example_dag_decorator.py
[2023-12-01T17:54:18.891+0000] {processor.py:829} INFO - Processing file /home/airflow/.local/lib/python3.8/site-packages/airflow/example_dags/example_dag_decorator.py for tasks to queue
[2023-12-01T17:54:18.892+0000] {logging_mixin.py:154} INFO - [2023-12-01T17:54:18.892+0000] {dagbag.py:536} INFO - Filling up the DagBag from /home/airflow/.local/lib/python3.8/site-packages/airflow/example_dags/example_dag_decorator.py
[2023-12-01T17:54:18.990+0000] {processor.py:839} INFO - DAG(s) dict_keys(['example_dag_decorator']) retrieved from /home/airflow/.local/lib/python3.8/site-packages/airflow/example_dags/example_dag_decorator.py
[2023-12-01T17:54:18.997+0000] {logging_mixin.py:154} INFO - [2023-12-01T17:54:18.997+0000] {dag.py:2941} INFO - Sync 1 DAGs
[2023-12-01T17:54:19.006+0000] {logging_mixin.py:154} INFO - [2023-12-01T17:54:19.006+0000] {dag.py:3722} INFO - Setting next_dagrun for example_dag_decorator to None, run_after=None
[2023-12-01T17:54:19.018+0000] {processor.py:179} INFO - Processing /home/airflow/.local/lib/python3.8/site-packages/airflow/example_dags/example_dag_decorator.py took 0.129 seconds
[2023-12-01T17:54:49.377+0000] {processor.py:157} INFO - Started process (PID=170) to work on /home/airflow/.local/lib/python3.8/site-packages/airflow/example_dags/example_dag_decorator.py
[2023-12-01T17:54:49.378+0000] {processor.py:829} INFO - Processing file /home/airflow/.local/lib/python3.8/site-packages/airflow/example_dags/example_dag_decorator.py for tasks to queue
[2023-12-01T17:54:49.379+0000] {logging_mixin.py:154} INFO - [2023-12-01T17:54:49.379+0000] {dagbag.py:536} INFO - Filling up the DagBag from /home/airflow/.local/lib/python3.8/site-packages/airflow/example_dags/example_dag_decorator.py
[2023-12-01T17:54:49.431+0000] {processor.py:839} INFO - DAG(s) dict_keys(['example_dag_decorator']) retrieved from /home/airflow/.local/lib/python3.8/site-packages/airflow/example_dags/example_dag_decorator.py
[2023-12-01T17:54:49.499+0000] {logging_mixin.py:154} INFO - [2023-12-01T17:54:49.499+0000] {dag.py:2941} INFO - Sync 1 DAGs
[2023-12-01T17:54:49.507+0000] {logging_mixin.py:154} INFO - [2023-12-01T17:54:49.507+0000] {dag.py:3722} INFO - Setting next_dagrun for example_dag_decorator to None, run_after=None
[2023-12-01T17:54:49.620+0000] {processor.py:179} INFO - Processing /home/airflow/.local/lib/python3.8/site-packages/airflow/example_dags/example_dag_decorator.py took 0.245 seconds
[2023-12-01T17:55:20.274+0000] {processor.py:157} INFO - Started process (PID=259) to work on /home/airflow/.local/lib/python3.8/site-packages/airflow/example_dags/example_dag_decorator.py
[2023-12-01T17:55:20.275+0000] {processor.py:829} INFO - Processing file /home/airflow/.local/lib/python3.8/site-packages/airflow/example_dags/example_dag_decorator.py for tasks to queue
[2023-12-01T17:55:20.276+0000] {logging_mixin.py:154} INFO - [2023-12-01T17:55:20.276+0000] {dagbag.py:536} INFO - Filling up the DagBag from /home/airflow/.local/lib/python3.8/site-packages/airflow/example_dags/example_dag_decorator.py
[2023-12-01T17:55:20.327+0000] {processor.py:839} INFO - DAG(s) dict_keys(['example_dag_decorator']) retrieved from /home/airflow/.local/lib/python3.8/site-packages/airflow/example_dags/example_dag_decorator.py
[2023-12-01T17:55:20.399+0000] {logging_mixin.py:154} INFO - [2023-12-01T17:55:20.398+0000] {dag.py:2941} INFO - Sync 1 DAGs
[2023-12-01T17:55:20.407+0000] {logging_mixin.py:154} INFO - [2023-12-01T17:55:20.407+0000] {dag.py:3722} INFO - Setting next_dagrun for example_dag_decorator to None, run_after=None
[2023-12-01T17:55:20.514+0000] {processor.py:179} INFO - Processing /home/airflow/.local/lib/python3.8/site-packages/airflow/example_dags/example_dag_decorator.py took 0.241 seconds
[2023-12-01T17:55:51.177+0000] {processor.py:157} INFO - Started process (PID=350) to work on /home/airflow/.local/lib/python3.8/site-packages/airflow/example_dags/example_dag_decorator.py
[2023-12-01T17:55:51.177+0000] {processor.py:829} INFO - Processing file /home/airflow/.local/lib/python3.8/site-packages/airflow/example_dags/example_dag_decorator.py for tasks to queue
[2023-12-01T17:55:51.178+0000] {logging_mixin.py:154} INFO - [2023-12-01T17:55:51.178+0000] {dagbag.py:536} INFO - Filling up the DagBag from /home/airflow/.local/lib/python3.8/site-packages/airflow/example_dags/example_dag_decorator.py
[2023-12-01T17:55:51.227+0000] {processor.py:839} INFO - DAG(s) dict_keys(['example_dag_decorator']) retrieved from /home/airflow/.local/lib/python3.8/site-packages/airflow/example_dags/example_dag_decorator.py
[2023-12-01T17:55:51.301+0000] {logging_mixin.py:154} INFO - [2023-12-01T17:55:51.301+0000] {dag.py:2941} INFO - Sync 1 DAGs
[2023-12-01T17:55:51.308+0000] {logging_mixin.py:154} INFO - [2023-12-01T17:55:51.308+0000] {dag.py:3722} INFO - Setting next_dagrun for example_dag_decorator to None, run_after=None
[2023-12-01T17:55:51.321+0000] {processor.py:179} INFO - Processing /home/airflow/.local/lib/python3.8/site-packages/airflow/example_dags/example_dag_decorator.py took 0.146 seconds
[2023-12-01T17:56:22.011+0000] {processor.py:157} INFO - Started process (PID=440) to work on /home/airflow/.local/lib/python3.8/site-packages/airflow/example_dags/example_dag_decorator.py
[2023-12-01T17:56:22.012+0000] {processor.py:829} INFO - Processing file /home/airflow/.local/lib/python3.8/site-packages/airflow/example_dags/example_dag_decorator.py for tasks to queue
[2023-12-01T17:56:22.013+0000] {logging_mixin.py:154} INFO - [2023-12-01T17:56:22.013+0000] {dagbag.py:536} INFO - Filling up the DagBag from /home/airflow/.local/lib/python3.8/site-packages/airflow/example_dags/example_dag_decorator.py
[2023-12-01T17:56:22.069+0000] {processor.py:839} INFO - DAG(s) dict_keys(['example_dag_decorator']) retrieved from /home/airflow/.local/lib/python3.8/site-packages/airflow/example_dags/example_dag_decorator.py
[2023-12-01T17:56:22.245+0000] {logging_mixin.py:154} INFO - [2023-12-01T17:56:22.245+0000] {dag.py:2941} INFO - Sync 1 DAGs
[2023-12-01T17:56:22.252+0000] {logging_mixin.py:154} INFO - [2023-12-01T17:56:22.252+0000] {dag.py:3722} INFO - Setting next_dagrun for example_dag_decorator to None, run_after=None
[2023-12-01T17:56:22.265+0000] {processor.py:179} INFO - Processing /home/airflow/.local/lib/python3.8/site-packages/airflow/example_dags/example_dag_decorator.py took 0.255 seconds
[2023-12-01T17:56:52.640+0000] {processor.py:157} INFO - Started process (PID=530) to work on /home/airflow/.local/lib/python3.8/site-packages/airflow/example_dags/example_dag_decorator.py
[2023-12-01T17:56:52.644+0000] {processor.py:829} INFO - Processing file /home/airflow/.local/lib/python3.8/site-packages/airflow/example_dags/example_dag_decorator.py for tasks to queue
[2023-12-01T17:56:52.646+0000] {logging_mixin.py:154} INFO - [2023-12-01T17:56:52.645+0000] {dagbag.py:536} INFO - Filling up the DagBag from /home/airflow/.local/lib/python3.8/site-packages/airflow/example_dags/example_dag_decorator.py
[2023-12-01T17:56:52.694+0000] {processor.py:839} INFO - DAG(s) dict_keys(['example_dag_decorator']) retrieved from /home/airflow/.local/lib/python3.8/site-packages/airflow/example_dags/example_dag_decorator.py
[2023-12-01T17:56:52.858+0000] {logging_mixin.py:154} INFO - [2023-12-01T17:56:52.858+0000] {dag.py:2941} INFO - Sync 1 DAGs
[2023-12-01T17:56:52.865+0000] {logging_mixin.py:154} INFO - [2023-12-01T17:56:52.865+0000] {dag.py:3722} INFO - Setting next_dagrun for example_dag_decorator to None, run_after=None
[2023-12-01T17:56:52.877+0000] {processor.py:179} INFO - Processing /home/airflow/.local/lib/python3.8/site-packages/airflow/example_dags/example_dag_decorator.py took 0.239 seconds
[2023-12-01T17:57:54.292+0000] {processor.py:157} INFO - Started process (PID=80) to work on /home/airflow/.local/lib/python3.8/site-packages/airflow/example_dags/example_dag_decorator.py
[2023-12-01T17:57:54.293+0000] {processor.py:829} INFO - Processing file /home/airflow/.local/lib/python3.8/site-packages/airflow/example_dags/example_dag_decorator.py for tasks to queue
[2023-12-01T17:57:54.294+0000] {logging_mixin.py:154} INFO - [2023-12-01T17:57:54.294+0000] {dagbag.py:536} INFO - Filling up the DagBag from /home/airflow/.local/lib/python3.8/site-packages/airflow/example_dags/example_dag_decorator.py
[2023-12-01T17:57:54.399+0000] {processor.py:839} INFO - DAG(s) dict_keys(['example_dag_decorator']) retrieved from /home/airflow/.local/lib/python3.8/site-packages/airflow/example_dags/example_dag_decorator.py
[2023-12-01T17:57:54.406+0000] {logging_mixin.py:154} INFO - [2023-12-01T17:57:54.406+0000] {dag.py:2941} INFO - Sync 1 DAGs
[2023-12-01T17:57:54.416+0000] {logging_mixin.py:154} INFO - [2023-12-01T17:57:54.416+0000] {dag.py:3722} INFO - Setting next_dagrun for example_dag_decorator to None, run_after=None
[2023-12-01T17:57:54.430+0000] {processor.py:179} INFO - Processing /home/airflow/.local/lib/python3.8/site-packages/airflow/example_dags/example_dag_decorator.py took 0.139 seconds
[2023-12-01T17:58:24.871+0000] {processor.py:157} INFO - Started process (PID=170) to work on /home/airflow/.local/lib/python3.8/site-packages/airflow/example_dags/example_dag_decorator.py
[2023-12-01T17:58:24.872+0000] {processor.py:829} INFO - Processing file /home/airflow/.local/lib/python3.8/site-packages/airflow/example_dags/example_dag_decorator.py for tasks to queue
[2023-12-01T17:58:24.873+0000] {logging_mixin.py:154} INFO - [2023-12-01T17:58:24.873+0000] {dagbag.py:536} INFO - Filling up the DagBag from /home/airflow/.local/lib/python3.8/site-packages/airflow/example_dags/example_dag_decorator.py
[2023-12-01T17:58:24.923+0000] {processor.py:839} INFO - DAG(s) dict_keys(['example_dag_decorator']) retrieved from /home/airflow/.local/lib/python3.8/site-packages/airflow/example_dags/example_dag_decorator.py
[2023-12-01T17:58:24.992+0000] {logging_mixin.py:154} INFO - [2023-12-01T17:58:24.992+0000] {dag.py:2941} INFO - Sync 1 DAGs
[2023-12-01T17:58:25.000+0000] {logging_mixin.py:154} INFO - [2023-12-01T17:58:25.000+0000] {dag.py:3722} INFO - Setting next_dagrun for example_dag_decorator to None, run_after=None
[2023-12-01T17:58:25.113+0000] {processor.py:179} INFO - Processing /home/airflow/.local/lib/python3.8/site-packages/airflow/example_dags/example_dag_decorator.py took 0.244 seconds
[2023-12-01T17:58:55.717+0000] {processor.py:157} INFO - Started process (PID=260) to work on /home/airflow/.local/lib/python3.8/site-packages/airflow/example_dags/example_dag_decorator.py
[2023-12-01T17:58:55.718+0000] {processor.py:829} INFO - Processing file /home/airflow/.local/lib/python3.8/site-packages/airflow/example_dags/example_dag_decorator.py for tasks to queue
[2023-12-01T17:58:55.719+0000] {logging_mixin.py:154} INFO - [2023-12-01T17:58:55.719+0000] {dagbag.py:536} INFO - Filling up the DagBag from /home/airflow/.local/lib/python3.8/site-packages/airflow/example_dags/example_dag_decorator.py
[2023-12-01T17:58:55.772+0000] {processor.py:839} INFO - DAG(s) dict_keys(['example_dag_decorator']) retrieved from /home/airflow/.local/lib/python3.8/site-packages/airflow/example_dags/example_dag_decorator.py
[2023-12-01T17:58:55.842+0000] {logging_mixin.py:154} INFO - [2023-12-01T17:58:55.842+0000] {dag.py:2941} INFO - Sync 1 DAGs
[2023-12-01T17:58:55.850+0000] {logging_mixin.py:154} INFO - [2023-12-01T17:58:55.849+0000] {dag.py:3722} INFO - Setting next_dagrun for example_dag_decorator to None, run_after=None
[2023-12-01T17:58:55.863+0000] {processor.py:179} INFO - Processing /home/airflow/.local/lib/python3.8/site-packages/airflow/example_dags/example_dag_decorator.py took 0.148 seconds
[2023-12-01T17:59:26.477+0000] {processor.py:157} INFO - Started process (PID=350) to work on /home/airflow/.local/lib/python3.8/site-packages/airflow/example_dags/example_dag_decorator.py
[2023-12-01T17:59:26.478+0000] {processor.py:829} INFO - Processing file /home/airflow/.local/lib/python3.8/site-packages/airflow/example_dags/example_dag_decorator.py for tasks to queue
[2023-12-01T17:59:26.479+0000] {logging_mixin.py:154} INFO - [2023-12-01T17:59:26.479+0000] {dagbag.py:536} INFO - Filling up the DagBag from /home/airflow/.local/lib/python3.8/site-packages/airflow/example_dags/example_dag_decorator.py
[2023-12-01T17:59:26.528+0000] {processor.py:839} INFO - DAG(s) dict_keys(['example_dag_decorator']) retrieved from /home/airflow/.local/lib/python3.8/site-packages/airflow/example_dags/example_dag_decorator.py
[2023-12-01T17:59:26.597+0000] {logging_mixin.py:154} INFO - [2023-12-01T17:59:26.597+0000] {dag.py:2941} INFO - Sync 1 DAGs
[2023-12-01T17:59:26.605+0000] {logging_mixin.py:154} INFO - [2023-12-01T17:59:26.605+0000] {dag.py:3722} INFO - Setting next_dagrun for example_dag_decorator to None, run_after=None
[2023-12-01T17:59:26.617+0000] {processor.py:179} INFO - Processing /home/airflow/.local/lib/python3.8/site-packages/airflow/example_dags/example_dag_decorator.py took 0.142 seconds
