[2023-12-01T17:41:52.251+0000] {processor.py:157} INFO - Started process (PID=107) to work on /home/airflow/.local/lib/python3.8/site-packages/airflow/example_dags/example_task_group.py
[2023-12-01T17:41:52.251+0000] {processor.py:829} INFO - Processing file /home/airflow/.local/lib/python3.8/site-packages/airflow/example_dags/example_task_group.py for tasks to queue
[2023-12-01T17:41:52.253+0000] {logging_mixin.py:154} INFO - [2023-12-01T17:41:52.253+0000] {dagbag.py:536} INFO - Filling up the DagBag from /home/airflow/.local/lib/python3.8/site-packages/airflow/example_dags/example_task_group.py
[2023-12-01T17:41:52.261+0000] {processor.py:839} INFO - DAG(s) dict_keys(['example_task_group']) retrieved from /home/airflow/.local/lib/python3.8/site-packages/airflow/example_dags/example_task_group.py
[2023-12-01T17:41:52.273+0000] {logging_mixin.py:154} INFO - [2023-12-01T17:41:52.273+0000] {dag.py:2941} INFO - Sync 1 DAGs
[2023-12-01T17:41:52.301+0000] {logging_mixin.py:154} INFO - [2023-12-01T17:41:52.300+0000] {dag.py:3722} INFO - Setting next_dagrun for example_task_group to 2023-11-30T17:41:52.300765+00:00, run_after=2023-12-01T17:41:52.300765+00:00
[2023-12-01T17:41:52.317+0000] {processor.py:179} INFO - Processing /home/airflow/.local/lib/python3.8/site-packages/airflow/example_dags/example_task_group.py took 0.069 seconds
[2023-12-01T17:42:22.996+0000] {processor.py:157} INFO - Started process (PID=197) to work on /home/airflow/.local/lib/python3.8/site-packages/airflow/example_dags/example_task_group.py
[2023-12-01T17:42:22.996+0000] {processor.py:829} INFO - Processing file /home/airflow/.local/lib/python3.8/site-packages/airflow/example_dags/example_task_group.py for tasks to queue
[2023-12-01T17:42:22.998+0000] {logging_mixin.py:154} INFO - [2023-12-01T17:42:22.997+0000] {dagbag.py:536} INFO - Filling up the DagBag from /home/airflow/.local/lib/python3.8/site-packages/airflow/example_dags/example_task_group.py
[2023-12-01T17:42:23.002+0000] {processor.py:839} INFO - DAG(s) dict_keys(['example_task_group']) retrieved from /home/airflow/.local/lib/python3.8/site-packages/airflow/example_dags/example_task_group.py
[2023-12-01T17:42:23.016+0000] {logging_mixin.py:154} INFO - [2023-12-01T17:42:23.016+0000] {dag.py:2941} INFO - Sync 1 DAGs
[2023-12-01T17:42:23.031+0000] {logging_mixin.py:154} INFO - [2023-12-01T17:42:23.031+0000] {dag.py:3722} INFO - Setting next_dagrun for example_task_group to 2023-11-30T17:42:23.031446+00:00, run_after=2023-12-01T17:42:23.031446+00:00
[2023-12-01T17:42:23.043+0000] {processor.py:179} INFO - Processing /home/airflow/.local/lib/python3.8/site-packages/airflow/example_dags/example_task_group.py took 0.049 seconds
[2023-12-01T17:42:53.547+0000] {processor.py:157} INFO - Started process (PID=287) to work on /home/airflow/.local/lib/python3.8/site-packages/airflow/example_dags/example_task_group.py
[2023-12-01T17:42:53.547+0000] {processor.py:829} INFO - Processing file /home/airflow/.local/lib/python3.8/site-packages/airflow/example_dags/example_task_group.py for tasks to queue
[2023-12-01T17:42:53.548+0000] {logging_mixin.py:154} INFO - [2023-12-01T17:42:53.548+0000] {dagbag.py:536} INFO - Filling up the DagBag from /home/airflow/.local/lib/python3.8/site-packages/airflow/example_dags/example_task_group.py
[2023-12-01T17:42:53.553+0000] {processor.py:839} INFO - DAG(s) dict_keys(['example_task_group']) retrieved from /home/airflow/.local/lib/python3.8/site-packages/airflow/example_dags/example_task_group.py
[2023-12-01T17:42:53.566+0000] {logging_mixin.py:154} INFO - [2023-12-01T17:42:53.566+0000] {dag.py:2941} INFO - Sync 1 DAGs
[2023-12-01T17:42:53.580+0000] {logging_mixin.py:154} INFO - [2023-12-01T17:42:53.580+0000] {dag.py:3722} INFO - Setting next_dagrun for example_task_group to 2023-11-30T17:42:53.580213+00:00, run_after=2023-12-01T17:42:53.580213+00:00
[2023-12-01T17:42:53.591+0000] {processor.py:179} INFO - Processing /home/airflow/.local/lib/python3.8/site-packages/airflow/example_dags/example_task_group.py took 0.046 seconds
[2023-12-01T17:43:24.541+0000] {processor.py:157} INFO - Started process (PID=377) to work on /home/airflow/.local/lib/python3.8/site-packages/airflow/example_dags/example_task_group.py
[2023-12-01T17:43:24.542+0000] {processor.py:829} INFO - Processing file /home/airflow/.local/lib/python3.8/site-packages/airflow/example_dags/example_task_group.py for tasks to queue
[2023-12-01T17:43:24.543+0000] {logging_mixin.py:154} INFO - [2023-12-01T17:43:24.543+0000] {dagbag.py:536} INFO - Filling up the DagBag from /home/airflow/.local/lib/python3.8/site-packages/airflow/example_dags/example_task_group.py
[2023-12-01T17:43:24.547+0000] {processor.py:839} INFO - DAG(s) dict_keys(['example_task_group']) retrieved from /home/airflow/.local/lib/python3.8/site-packages/airflow/example_dags/example_task_group.py
[2023-12-01T17:43:24.564+0000] {logging_mixin.py:154} INFO - [2023-12-01T17:43:24.563+0000] {dag.py:2941} INFO - Sync 1 DAGs
[2023-12-01T17:43:24.581+0000] {logging_mixin.py:154} INFO - [2023-12-01T17:43:24.580+0000] {dag.py:3722} INFO - Setting next_dagrun for example_task_group to 2023-11-30T17:43:24.580766+00:00, run_after=2023-12-01T17:43:24.580766+00:00
[2023-12-01T17:43:24.593+0000] {processor.py:179} INFO - Processing /home/airflow/.local/lib/python3.8/site-packages/airflow/example_dags/example_task_group.py took 0.053 seconds
[2023-12-01T17:43:55.809+0000] {processor.py:157} INFO - Started process (PID=467) to work on /home/airflow/.local/lib/python3.8/site-packages/airflow/example_dags/example_task_group.py
[2023-12-01T17:43:55.810+0000] {processor.py:829} INFO - Processing file /home/airflow/.local/lib/python3.8/site-packages/airflow/example_dags/example_task_group.py for tasks to queue
[2023-12-01T17:43:55.811+0000] {logging_mixin.py:154} INFO - [2023-12-01T17:43:55.811+0000] {dagbag.py:536} INFO - Filling up the DagBag from /home/airflow/.local/lib/python3.8/site-packages/airflow/example_dags/example_task_group.py
[2023-12-01T17:43:55.816+0000] {processor.py:839} INFO - DAG(s) dict_keys(['example_task_group']) retrieved from /home/airflow/.local/lib/python3.8/site-packages/airflow/example_dags/example_task_group.py
[2023-12-01T17:43:55.831+0000] {logging_mixin.py:154} INFO - [2023-12-01T17:43:55.831+0000] {dag.py:2941} INFO - Sync 1 DAGs
[2023-12-01T17:43:55.846+0000] {logging_mixin.py:154} INFO - [2023-12-01T17:43:55.846+0000] {dag.py:3722} INFO - Setting next_dagrun for example_task_group to 2023-11-30T17:43:55.846073+00:00, run_after=2023-12-01T17:43:55.846073+00:00
[2023-12-01T17:43:55.859+0000] {processor.py:179} INFO - Processing /home/airflow/.local/lib/python3.8/site-packages/airflow/example_dags/example_task_group.py took 0.052 seconds
[2023-12-01T17:44:26.613+0000] {processor.py:157} INFO - Started process (PID=557) to work on /home/airflow/.local/lib/python3.8/site-packages/airflow/example_dags/example_task_group.py
[2023-12-01T17:44:26.614+0000] {processor.py:829} INFO - Processing file /home/airflow/.local/lib/python3.8/site-packages/airflow/example_dags/example_task_group.py for tasks to queue
[2023-12-01T17:44:26.615+0000] {logging_mixin.py:154} INFO - [2023-12-01T17:44:26.615+0000] {dagbag.py:536} INFO - Filling up the DagBag from /home/airflow/.local/lib/python3.8/site-packages/airflow/example_dags/example_task_group.py
[2023-12-01T17:44:26.619+0000] {processor.py:839} INFO - DAG(s) dict_keys(['example_task_group']) retrieved from /home/airflow/.local/lib/python3.8/site-packages/airflow/example_dags/example_task_group.py
[2023-12-01T17:44:26.632+0000] {logging_mixin.py:154} INFO - [2023-12-01T17:44:26.632+0000] {dag.py:2941} INFO - Sync 1 DAGs
[2023-12-01T17:44:26.646+0000] {logging_mixin.py:154} INFO - [2023-12-01T17:44:26.646+0000] {dag.py:3722} INFO - Setting next_dagrun for example_task_group to 2023-11-30T17:44:26.646448+00:00, run_after=2023-12-01T17:44:26.646448+00:00
[2023-12-01T17:44:26.657+0000] {processor.py:179} INFO - Processing /home/airflow/.local/lib/python3.8/site-packages/airflow/example_dags/example_task_group.py took 0.046 seconds
[2023-12-01T17:45:23.695+0000] {processor.py:157} INFO - Started process (PID=107) to work on /home/airflow/.local/lib/python3.8/site-packages/airflow/example_dags/example_task_group.py
[2023-12-01T17:45:23.696+0000] {processor.py:829} INFO - Processing file /home/airflow/.local/lib/python3.8/site-packages/airflow/example_dags/example_task_group.py for tasks to queue
[2023-12-01T17:45:23.697+0000] {logging_mixin.py:154} INFO - [2023-12-01T17:45:23.697+0000] {dagbag.py:536} INFO - Filling up the DagBag from /home/airflow/.local/lib/python3.8/site-packages/airflow/example_dags/example_task_group.py
[2023-12-01T17:45:23.702+0000] {processor.py:839} INFO - DAG(s) dict_keys(['example_task_group']) retrieved from /home/airflow/.local/lib/python3.8/site-packages/airflow/example_dags/example_task_group.py
[2023-12-01T17:45:23.710+0000] {logging_mixin.py:154} INFO - [2023-12-01T17:45:23.709+0000] {dag.py:2941} INFO - Sync 1 DAGs
[2023-12-01T17:45:23.726+0000] {logging_mixin.py:154} INFO - [2023-12-01T17:45:23.725+0000] {dag.py:3722} INFO - Setting next_dagrun for example_task_group to 2023-11-30T17:45:23.725761+00:00, run_after=2023-12-01T17:45:23.725761+00:00
[2023-12-01T17:45:23.739+0000] {processor.py:179} INFO - Processing /home/airflow/.local/lib/python3.8/site-packages/airflow/example_dags/example_task_group.py took 0.046 seconds
[2023-12-01T17:45:54.887+0000] {processor.py:157} INFO - Started process (PID=197) to work on /home/airflow/.local/lib/python3.8/site-packages/airflow/example_dags/example_task_group.py
[2023-12-01T17:45:54.888+0000] {processor.py:829} INFO - Processing file /home/airflow/.local/lib/python3.8/site-packages/airflow/example_dags/example_task_group.py for tasks to queue
[2023-12-01T17:45:54.889+0000] {logging_mixin.py:154} INFO - [2023-12-01T17:45:54.889+0000] {dagbag.py:536} INFO - Filling up the DagBag from /home/airflow/.local/lib/python3.8/site-packages/airflow/example_dags/example_task_group.py
[2023-12-01T17:45:54.895+0000] {processor.py:839} INFO - DAG(s) dict_keys(['example_task_group']) retrieved from /home/airflow/.local/lib/python3.8/site-packages/airflow/example_dags/example_task_group.py
[2023-12-01T17:45:54.909+0000] {logging_mixin.py:154} INFO - [2023-12-01T17:45:54.909+0000] {dag.py:2941} INFO - Sync 1 DAGs
[2023-12-01T17:45:54.923+0000] {logging_mixin.py:154} INFO - [2023-12-01T17:45:54.923+0000] {dag.py:3722} INFO - Setting next_dagrun for example_task_group to 2023-11-30T17:45:54.923502+00:00, run_after=2023-12-01T17:45:54.923502+00:00
[2023-12-01T17:45:54.935+0000] {processor.py:179} INFO - Processing /home/airflow/.local/lib/python3.8/site-packages/airflow/example_dags/example_task_group.py took 0.050 seconds
[2023-12-01T17:46:25.755+0000] {processor.py:157} INFO - Started process (PID=287) to work on /home/airflow/.local/lib/python3.8/site-packages/airflow/example_dags/example_task_group.py
[2023-12-01T17:46:25.756+0000] {processor.py:829} INFO - Processing file /home/airflow/.local/lib/python3.8/site-packages/airflow/example_dags/example_task_group.py for tasks to queue
[2023-12-01T17:46:25.757+0000] {logging_mixin.py:154} INFO - [2023-12-01T17:46:25.757+0000] {dagbag.py:536} INFO - Filling up the DagBag from /home/airflow/.local/lib/python3.8/site-packages/airflow/example_dags/example_task_group.py
[2023-12-01T17:46:25.762+0000] {processor.py:839} INFO - DAG(s) dict_keys(['example_task_group']) retrieved from /home/airflow/.local/lib/python3.8/site-packages/airflow/example_dags/example_task_group.py
[2023-12-01T17:46:25.776+0000] {logging_mixin.py:154} INFO - [2023-12-01T17:46:25.775+0000] {dag.py:2941} INFO - Sync 1 DAGs
[2023-12-01T17:46:25.791+0000] {logging_mixin.py:154} INFO - [2023-12-01T17:46:25.790+0000] {dag.py:3722} INFO - Setting next_dagrun for example_task_group to 2023-11-30T17:46:25.790628+00:00, run_after=2023-12-01T17:46:25.790628+00:00
[2023-12-01T17:46:25.803+0000] {processor.py:179} INFO - Processing /home/airflow/.local/lib/python3.8/site-packages/airflow/example_dags/example_task_group.py took 0.049 seconds
[2023-12-01T17:46:56.559+0000] {processor.py:157} INFO - Started process (PID=377) to work on /home/airflow/.local/lib/python3.8/site-packages/airflow/example_dags/example_task_group.py
[2023-12-01T17:46:56.560+0000] {processor.py:829} INFO - Processing file /home/airflow/.local/lib/python3.8/site-packages/airflow/example_dags/example_task_group.py for tasks to queue
[2023-12-01T17:46:56.561+0000] {logging_mixin.py:154} INFO - [2023-12-01T17:46:56.561+0000] {dagbag.py:536} INFO - Filling up the DagBag from /home/airflow/.local/lib/python3.8/site-packages/airflow/example_dags/example_task_group.py
[2023-12-01T17:46:56.566+0000] {processor.py:839} INFO - DAG(s) dict_keys(['example_task_group']) retrieved from /home/airflow/.local/lib/python3.8/site-packages/airflow/example_dags/example_task_group.py
[2023-12-01T17:46:56.580+0000] {logging_mixin.py:154} INFO - [2023-12-01T17:46:56.580+0000] {dag.py:2941} INFO - Sync 1 DAGs
[2023-12-01T17:46:56.594+0000] {logging_mixin.py:154} INFO - [2023-12-01T17:46:56.594+0000] {dag.py:3722} INFO - Setting next_dagrun for example_task_group to 2023-11-30T17:46:56.594465+00:00, run_after=2023-12-01T17:46:56.594465+00:00
[2023-12-01T17:46:56.606+0000] {processor.py:179} INFO - Processing /home/airflow/.local/lib/python3.8/site-packages/airflow/example_dags/example_task_group.py took 0.048 seconds
[2023-12-01T17:47:54.893+0000] {processor.py:157} INFO - Started process (PID=107) to work on /home/airflow/.local/lib/python3.8/site-packages/airflow/example_dags/example_task_group.py
[2023-12-01T17:47:54.894+0000] {processor.py:829} INFO - Processing file /home/airflow/.local/lib/python3.8/site-packages/airflow/example_dags/example_task_group.py for tasks to queue
[2023-12-01T17:47:54.895+0000] {logging_mixin.py:154} INFO - [2023-12-01T17:47:54.895+0000] {dagbag.py:536} INFO - Filling up the DagBag from /home/airflow/.local/lib/python3.8/site-packages/airflow/example_dags/example_task_group.py
[2023-12-01T17:47:54.901+0000] {processor.py:839} INFO - DAG(s) dict_keys(['example_task_group']) retrieved from /home/airflow/.local/lib/python3.8/site-packages/airflow/example_dags/example_task_group.py
[2023-12-01T17:47:54.908+0000] {logging_mixin.py:154} INFO - [2023-12-01T17:47:54.908+0000] {dag.py:2941} INFO - Sync 1 DAGs
[2023-12-01T17:47:54.922+0000] {logging_mixin.py:154} INFO - [2023-12-01T17:47:54.922+0000] {dag.py:3722} INFO - Setting next_dagrun for example_task_group to 2023-11-30T17:47:54.922365+00:00, run_after=2023-12-01T17:47:54.922365+00:00
[2023-12-01T17:47:54.935+0000] {processor.py:179} INFO - Processing /home/airflow/.local/lib/python3.8/site-packages/airflow/example_dags/example_task_group.py took 0.043 seconds
[2023-12-01T17:48:26.566+0000] {processor.py:157} INFO - Started process (PID=197) to work on /home/airflow/.local/lib/python3.8/site-packages/airflow/example_dags/example_task_group.py
[2023-12-01T17:48:26.566+0000] {processor.py:829} INFO - Processing file /home/airflow/.local/lib/python3.8/site-packages/airflow/example_dags/example_task_group.py for tasks to queue
[2023-12-01T17:48:26.567+0000] {logging_mixin.py:154} INFO - [2023-12-01T17:48:26.567+0000] {dagbag.py:536} INFO - Filling up the DagBag from /home/airflow/.local/lib/python3.8/site-packages/airflow/example_dags/example_task_group.py
[2023-12-01T17:48:26.572+0000] {processor.py:839} INFO - DAG(s) dict_keys(['example_task_group']) retrieved from /home/airflow/.local/lib/python3.8/site-packages/airflow/example_dags/example_task_group.py
[2023-12-01T17:48:26.585+0000] {logging_mixin.py:154} INFO - [2023-12-01T17:48:26.585+0000] {dag.py:2941} INFO - Sync 1 DAGs
[2023-12-01T17:48:26.598+0000] {logging_mixin.py:154} INFO - [2023-12-01T17:48:26.598+0000] {dag.py:3722} INFO - Setting next_dagrun for example_task_group to 2023-11-30T17:48:26.598692+00:00, run_after=2023-12-01T17:48:26.598692+00:00
[2023-12-01T17:48:26.610+0000] {processor.py:179} INFO - Processing /home/airflow/.local/lib/python3.8/site-packages/airflow/example_dags/example_task_group.py took 0.046 seconds
[2023-12-01T17:48:56.769+0000] {processor.py:157} INFO - Started process (PID=287) to work on /home/airflow/.local/lib/python3.8/site-packages/airflow/example_dags/example_task_group.py
[2023-12-01T17:48:56.769+0000] {processor.py:829} INFO - Processing file /home/airflow/.local/lib/python3.8/site-packages/airflow/example_dags/example_task_group.py for tasks to queue
[2023-12-01T17:48:56.771+0000] {logging_mixin.py:154} INFO - [2023-12-01T17:48:56.770+0000] {dagbag.py:536} INFO - Filling up the DagBag from /home/airflow/.local/lib/python3.8/site-packages/airflow/example_dags/example_task_group.py
[2023-12-01T17:48:56.775+0000] {processor.py:839} INFO - DAG(s) dict_keys(['example_task_group']) retrieved from /home/airflow/.local/lib/python3.8/site-packages/airflow/example_dags/example_task_group.py
[2023-12-01T17:48:56.789+0000] {logging_mixin.py:154} INFO - [2023-12-01T17:48:56.789+0000] {dag.py:2941} INFO - Sync 1 DAGs
[2023-12-01T17:48:56.803+0000] {logging_mixin.py:154} INFO - [2023-12-01T17:48:56.803+0000] {dag.py:3722} INFO - Setting next_dagrun for example_task_group to 2023-11-30T17:48:56.803487+00:00, run_after=2023-12-01T17:48:56.803487+00:00
[2023-12-01T17:48:56.815+0000] {processor.py:179} INFO - Processing /home/airflow/.local/lib/python3.8/site-packages/airflow/example_dags/example_task_group.py took 0.048 seconds
[2023-12-01T17:49:27.421+0000] {processor.py:157} INFO - Started process (PID=377) to work on /home/airflow/.local/lib/python3.8/site-packages/airflow/example_dags/example_task_group.py
[2023-12-01T17:49:27.421+0000] {processor.py:829} INFO - Processing file /home/airflow/.local/lib/python3.8/site-packages/airflow/example_dags/example_task_group.py for tasks to queue
[2023-12-01T17:49:27.423+0000] {logging_mixin.py:154} INFO - [2023-12-01T17:49:27.423+0000] {dagbag.py:536} INFO - Filling up the DagBag from /home/airflow/.local/lib/python3.8/site-packages/airflow/example_dags/example_task_group.py
[2023-12-01T17:49:27.427+0000] {processor.py:839} INFO - DAG(s) dict_keys(['example_task_group']) retrieved from /home/airflow/.local/lib/python3.8/site-packages/airflow/example_dags/example_task_group.py
[2023-12-01T17:49:27.441+0000] {logging_mixin.py:154} INFO - [2023-12-01T17:49:27.441+0000] {dag.py:2941} INFO - Sync 1 DAGs
[2023-12-01T17:49:27.456+0000] {logging_mixin.py:154} INFO - [2023-12-01T17:49:27.455+0000] {dag.py:3722} INFO - Setting next_dagrun for example_task_group to 2023-11-30T17:49:27.455714+00:00, run_after=2023-12-01T17:49:27.455714+00:00
[2023-12-01T17:49:27.468+0000] {processor.py:179} INFO - Processing /home/airflow/.local/lib/python3.8/site-packages/airflow/example_dags/example_task_group.py took 0.049 seconds
[2023-12-01T17:49:58.570+0000] {processor.py:157} INFO - Started process (PID=467) to work on /home/airflow/.local/lib/python3.8/site-packages/airflow/example_dags/example_task_group.py
[2023-12-01T17:49:58.570+0000] {processor.py:829} INFO - Processing file /home/airflow/.local/lib/python3.8/site-packages/airflow/example_dags/example_task_group.py for tasks to queue
[2023-12-01T17:49:58.571+0000] {logging_mixin.py:154} INFO - [2023-12-01T17:49:58.571+0000] {dagbag.py:536} INFO - Filling up the DagBag from /home/airflow/.local/lib/python3.8/site-packages/airflow/example_dags/example_task_group.py
[2023-12-01T17:49:58.576+0000] {processor.py:839} INFO - DAG(s) dict_keys(['example_task_group']) retrieved from /home/airflow/.local/lib/python3.8/site-packages/airflow/example_dags/example_task_group.py
[2023-12-01T17:49:58.591+0000] {logging_mixin.py:154} INFO - [2023-12-01T17:49:58.591+0000] {dag.py:2941} INFO - Sync 1 DAGs
[2023-12-01T17:49:58.605+0000] {logging_mixin.py:154} INFO - [2023-12-01T17:49:58.605+0000] {dag.py:3722} INFO - Setting next_dagrun for example_task_group to 2023-11-30T17:49:58.605131+00:00, run_after=2023-12-01T17:49:58.605131+00:00
[2023-12-01T17:49:58.616+0000] {processor.py:179} INFO - Processing /home/airflow/.local/lib/python3.8/site-packages/airflow/example_dags/example_task_group.py took 0.049 seconds
[2023-12-01T17:50:29.292+0000] {processor.py:157} INFO - Started process (PID=557) to work on /home/airflow/.local/lib/python3.8/site-packages/airflow/example_dags/example_task_group.py
[2023-12-01T17:50:29.292+0000] {processor.py:829} INFO - Processing file /home/airflow/.local/lib/python3.8/site-packages/airflow/example_dags/example_task_group.py for tasks to queue
[2023-12-01T17:50:29.294+0000] {logging_mixin.py:154} INFO - [2023-12-01T17:50:29.293+0000] {dagbag.py:536} INFO - Filling up the DagBag from /home/airflow/.local/lib/python3.8/site-packages/airflow/example_dags/example_task_group.py
[2023-12-01T17:50:29.298+0000] {processor.py:839} INFO - DAG(s) dict_keys(['example_task_group']) retrieved from /home/airflow/.local/lib/python3.8/site-packages/airflow/example_dags/example_task_group.py
[2023-12-01T17:50:29.312+0000] {logging_mixin.py:154} INFO - [2023-12-01T17:50:29.312+0000] {dag.py:2941} INFO - Sync 1 DAGs
[2023-12-01T17:50:29.327+0000] {logging_mixin.py:154} INFO - [2023-12-01T17:50:29.327+0000] {dag.py:3722} INFO - Setting next_dagrun for example_task_group to 2023-11-30T17:50:29.327308+00:00, run_after=2023-12-01T17:50:29.327308+00:00
[2023-12-01T17:50:29.339+0000] {processor.py:179} INFO - Processing /home/airflow/.local/lib/python3.8/site-packages/airflow/example_dags/example_task_group.py took 0.049 seconds
[2023-12-01T17:51:00.301+0000] {processor.py:157} INFO - Started process (PID=647) to work on /home/airflow/.local/lib/python3.8/site-packages/airflow/example_dags/example_task_group.py
[2023-12-01T17:51:00.301+0000] {processor.py:829} INFO - Processing file /home/airflow/.local/lib/python3.8/site-packages/airflow/example_dags/example_task_group.py for tasks to queue
[2023-12-01T17:51:00.303+0000] {logging_mixin.py:154} INFO - [2023-12-01T17:51:00.303+0000] {dagbag.py:536} INFO - Filling up the DagBag from /home/airflow/.local/lib/python3.8/site-packages/airflow/example_dags/example_task_group.py
[2023-12-01T17:51:00.307+0000] {processor.py:839} INFO - DAG(s) dict_keys(['example_task_group']) retrieved from /home/airflow/.local/lib/python3.8/site-packages/airflow/example_dags/example_task_group.py
[2023-12-01T17:51:00.321+0000] {logging_mixin.py:154} INFO - [2023-12-01T17:51:00.321+0000] {dag.py:2941} INFO - Sync 1 DAGs
[2023-12-01T17:51:00.337+0000] {logging_mixin.py:154} INFO - [2023-12-01T17:51:00.337+0000] {dag.py:3722} INFO - Setting next_dagrun for example_task_group to 2023-11-30T17:51:00.336915+00:00, run_after=2023-12-01T17:51:00.336915+00:00
[2023-12-01T17:51:00.349+0000] {processor.py:179} INFO - Processing /home/airflow/.local/lib/python3.8/site-packages/airflow/example_dags/example_task_group.py took 0.050 seconds
[2023-12-01T17:51:31.284+0000] {processor.py:157} INFO - Started process (PID=737) to work on /home/airflow/.local/lib/python3.8/site-packages/airflow/example_dags/example_task_group.py
[2023-12-01T17:51:31.285+0000] {processor.py:829} INFO - Processing file /home/airflow/.local/lib/python3.8/site-packages/airflow/example_dags/example_task_group.py for tasks to queue
[2023-12-01T17:51:31.286+0000] {logging_mixin.py:154} INFO - [2023-12-01T17:51:31.286+0000] {dagbag.py:536} INFO - Filling up the DagBag from /home/airflow/.local/lib/python3.8/site-packages/airflow/example_dags/example_task_group.py
[2023-12-01T17:51:31.291+0000] {processor.py:839} INFO - DAG(s) dict_keys(['example_task_group']) retrieved from /home/airflow/.local/lib/python3.8/site-packages/airflow/example_dags/example_task_group.py
[2023-12-01T17:51:31.306+0000] {logging_mixin.py:154} INFO - [2023-12-01T17:51:31.306+0000] {dag.py:2941} INFO - Sync 1 DAGs
[2023-12-01T17:51:31.325+0000] {logging_mixin.py:154} INFO - [2023-12-01T17:51:31.325+0000] {dag.py:3722} INFO - Setting next_dagrun for example_task_group to 2023-11-30T17:51:31.325529+00:00, run_after=2023-12-01T17:51:31.325529+00:00
[2023-12-01T17:51:31.338+0000] {processor.py:179} INFO - Processing /home/airflow/.local/lib/python3.8/site-packages/airflow/example_dags/example_task_group.py took 0.056 seconds
[2023-12-01T17:54:19.856+0000] {processor.py:157} INFO - Started process (PID=107) to work on /home/airflow/.local/lib/python3.8/site-packages/airflow/example_dags/example_task_group.py
[2023-12-01T17:54:19.857+0000] {processor.py:829} INFO - Processing file /home/airflow/.local/lib/python3.8/site-packages/airflow/example_dags/example_task_group.py for tasks to queue
[2023-12-01T17:54:19.858+0000] {logging_mixin.py:154} INFO - [2023-12-01T17:54:19.858+0000] {dagbag.py:536} INFO - Filling up the DagBag from /home/airflow/.local/lib/python3.8/site-packages/airflow/example_dags/example_task_group.py
[2023-12-01T17:54:19.864+0000] {processor.py:839} INFO - DAG(s) dict_keys(['example_task_group']) retrieved from /home/airflow/.local/lib/python3.8/site-packages/airflow/example_dags/example_task_group.py
[2023-12-01T17:54:19.872+0000] {logging_mixin.py:154} INFO - [2023-12-01T17:54:19.872+0000] {dag.py:2941} INFO - Sync 1 DAGs
[2023-12-01T17:54:19.887+0000] {logging_mixin.py:154} INFO - [2023-12-01T17:54:19.887+0000] {dag.py:3722} INFO - Setting next_dagrun for example_task_group to 2023-11-30T17:54:19.887368+00:00, run_after=2023-12-01T17:54:19.887368+00:00
[2023-12-01T17:54:19.899+0000] {processor.py:179} INFO - Processing /home/airflow/.local/lib/python3.8/site-packages/airflow/example_dags/example_task_group.py took 0.045 seconds
[2023-12-01T17:54:50.455+0000] {processor.py:157} INFO - Started process (PID=197) to work on /home/airflow/.local/lib/python3.8/site-packages/airflow/example_dags/example_task_group.py
[2023-12-01T17:54:50.456+0000] {processor.py:829} INFO - Processing file /home/airflow/.local/lib/python3.8/site-packages/airflow/example_dags/example_task_group.py for tasks to queue
[2023-12-01T17:54:50.458+0000] {logging_mixin.py:154} INFO - [2023-12-01T17:54:50.458+0000] {dagbag.py:536} INFO - Filling up the DagBag from /home/airflow/.local/lib/python3.8/site-packages/airflow/example_dags/example_task_group.py
[2023-12-01T17:54:50.463+0000] {processor.py:839} INFO - DAG(s) dict_keys(['example_task_group']) retrieved from /home/airflow/.local/lib/python3.8/site-packages/airflow/example_dags/example_task_group.py
[2023-12-01T17:54:50.480+0000] {logging_mixin.py:154} INFO - [2023-12-01T17:54:50.480+0000] {dag.py:2941} INFO - Sync 1 DAGs
[2023-12-01T17:54:50.497+0000] {logging_mixin.py:154} INFO - [2023-12-01T17:54:50.497+0000] {dag.py:3722} INFO - Setting next_dagrun for example_task_group to 2023-11-30T17:54:50.497437+00:00, run_after=2023-12-01T17:54:50.497437+00:00
[2023-12-01T17:54:50.510+0000] {processor.py:179} INFO - Processing /home/airflow/.local/lib/python3.8/site-packages/airflow/example_dags/example_task_group.py took 0.057 seconds
[2023-12-01T17:55:21.521+0000] {processor.py:157} INFO - Started process (PID=287) to work on /home/airflow/.local/lib/python3.8/site-packages/airflow/example_dags/example_task_group.py
[2023-12-01T17:55:21.521+0000] {processor.py:829} INFO - Processing file /home/airflow/.local/lib/python3.8/site-packages/airflow/example_dags/example_task_group.py for tasks to queue
[2023-12-01T17:55:21.522+0000] {logging_mixin.py:154} INFO - [2023-12-01T17:55:21.522+0000] {dagbag.py:536} INFO - Filling up the DagBag from /home/airflow/.local/lib/python3.8/site-packages/airflow/example_dags/example_task_group.py
[2023-12-01T17:55:21.527+0000] {processor.py:839} INFO - DAG(s) dict_keys(['example_task_group']) retrieved from /home/airflow/.local/lib/python3.8/site-packages/airflow/example_dags/example_task_group.py
[2023-12-01T17:55:21.540+0000] {logging_mixin.py:154} INFO - [2023-12-01T17:55:21.540+0000] {dag.py:2941} INFO - Sync 1 DAGs
[2023-12-01T17:55:21.555+0000] {logging_mixin.py:154} INFO - [2023-12-01T17:55:21.555+0000] {dag.py:3722} INFO - Setting next_dagrun for example_task_group to 2023-11-30T17:55:21.555017+00:00, run_after=2023-12-01T17:55:21.555017+00:00
[2023-12-01T17:55:21.566+0000] {processor.py:179} INFO - Processing /home/airflow/.local/lib/python3.8/site-packages/airflow/example_dags/example_task_group.py took 0.047 seconds
[2023-12-01T17:55:52.208+0000] {processor.py:157} INFO - Started process (PID=377) to work on /home/airflow/.local/lib/python3.8/site-packages/airflow/example_dags/example_task_group.py
[2023-12-01T17:55:52.209+0000] {processor.py:829} INFO - Processing file /home/airflow/.local/lib/python3.8/site-packages/airflow/example_dags/example_task_group.py for tasks to queue
[2023-12-01T17:55:52.210+0000] {logging_mixin.py:154} INFO - [2023-12-01T17:55:52.210+0000] {dagbag.py:536} INFO - Filling up the DagBag from /home/airflow/.local/lib/python3.8/site-packages/airflow/example_dags/example_task_group.py
[2023-12-01T17:55:52.214+0000] {processor.py:839} INFO - DAG(s) dict_keys(['example_task_group']) retrieved from /home/airflow/.local/lib/python3.8/site-packages/airflow/example_dags/example_task_group.py
[2023-12-01T17:55:52.227+0000] {logging_mixin.py:154} INFO - [2023-12-01T17:55:52.227+0000] {dag.py:2941} INFO - Sync 1 DAGs
[2023-12-01T17:55:52.242+0000] {logging_mixin.py:154} INFO - [2023-12-01T17:55:52.242+0000] {dag.py:3722} INFO - Setting next_dagrun for example_task_group to 2023-11-30T17:55:52.241855+00:00, run_after=2023-12-01T17:55:52.241855+00:00
[2023-12-01T17:55:52.253+0000] {processor.py:179} INFO - Processing /home/airflow/.local/lib/python3.8/site-packages/airflow/example_dags/example_task_group.py took 0.047 seconds
[2023-12-01T17:56:23.139+0000] {processor.py:157} INFO - Started process (PID=467) to work on /home/airflow/.local/lib/python3.8/site-packages/airflow/example_dags/example_task_group.py
[2023-12-01T17:56:23.140+0000] {processor.py:829} INFO - Processing file /home/airflow/.local/lib/python3.8/site-packages/airflow/example_dags/example_task_group.py for tasks to queue
[2023-12-01T17:56:23.141+0000] {logging_mixin.py:154} INFO - [2023-12-01T17:56:23.141+0000] {dagbag.py:536} INFO - Filling up the DagBag from /home/airflow/.local/lib/python3.8/site-packages/airflow/example_dags/example_task_group.py
[2023-12-01T17:56:23.146+0000] {processor.py:839} INFO - DAG(s) dict_keys(['example_task_group']) retrieved from /home/airflow/.local/lib/python3.8/site-packages/airflow/example_dags/example_task_group.py
[2023-12-01T17:56:23.160+0000] {logging_mixin.py:154} INFO - [2023-12-01T17:56:23.159+0000] {dag.py:2941} INFO - Sync 1 DAGs
[2023-12-01T17:56:23.173+0000] {logging_mixin.py:154} INFO - [2023-12-01T17:56:23.173+0000] {dag.py:3722} INFO - Setting next_dagrun for example_task_group to 2023-11-30T17:56:23.173543+00:00, run_after=2023-12-01T17:56:23.173543+00:00
[2023-12-01T17:56:23.185+0000] {processor.py:179} INFO - Processing /home/airflow/.local/lib/python3.8/site-packages/airflow/example_dags/example_task_group.py took 0.047 seconds
[2023-12-01T17:56:53.770+0000] {processor.py:157} INFO - Started process (PID=557) to work on /home/airflow/.local/lib/python3.8/site-packages/airflow/example_dags/example_task_group.py
[2023-12-01T17:56:53.770+0000] {processor.py:829} INFO - Processing file /home/airflow/.local/lib/python3.8/site-packages/airflow/example_dags/example_task_group.py for tasks to queue
[2023-12-01T17:56:53.772+0000] {logging_mixin.py:154} INFO - [2023-12-01T17:56:53.772+0000] {dagbag.py:536} INFO - Filling up the DagBag from /home/airflow/.local/lib/python3.8/site-packages/airflow/example_dags/example_task_group.py
[2023-12-01T17:56:53.776+0000] {processor.py:839} INFO - DAG(s) dict_keys(['example_task_group']) retrieved from /home/airflow/.local/lib/python3.8/site-packages/airflow/example_dags/example_task_group.py
[2023-12-01T17:56:53.790+0000] {logging_mixin.py:154} INFO - [2023-12-01T17:56:53.789+0000] {dag.py:2941} INFO - Sync 1 DAGs
[2023-12-01T17:56:53.804+0000] {logging_mixin.py:154} INFO - [2023-12-01T17:56:53.804+0000] {dag.py:3722} INFO - Setting next_dagrun for example_task_group to 2023-11-30T17:56:53.804330+00:00, run_after=2023-12-01T17:56:53.804330+00:00
[2023-12-01T17:56:53.816+0000] {processor.py:179} INFO - Processing /home/airflow/.local/lib/python3.8/site-packages/airflow/example_dags/example_task_group.py took 0.048 seconds
[2023-12-01T17:57:55.360+0000] {processor.py:157} INFO - Started process (PID=107) to work on /home/airflow/.local/lib/python3.8/site-packages/airflow/example_dags/example_task_group.py
[2023-12-01T17:57:55.360+0000] {processor.py:829} INFO - Processing file /home/airflow/.local/lib/python3.8/site-packages/airflow/example_dags/example_task_group.py for tasks to queue
[2023-12-01T17:57:55.362+0000] {logging_mixin.py:154} INFO - [2023-12-01T17:57:55.361+0000] {dagbag.py:536} INFO - Filling up the DagBag from /home/airflow/.local/lib/python3.8/site-packages/airflow/example_dags/example_task_group.py
[2023-12-01T17:57:55.367+0000] {processor.py:839} INFO - DAG(s) dict_keys(['example_task_group']) retrieved from /home/airflow/.local/lib/python3.8/site-packages/airflow/example_dags/example_task_group.py
[2023-12-01T17:57:55.374+0000] {logging_mixin.py:154} INFO - [2023-12-01T17:57:55.373+0000] {dag.py:2941} INFO - Sync 1 DAGs
[2023-12-01T17:57:55.389+0000] {logging_mixin.py:154} INFO - [2023-12-01T17:57:55.389+0000] {dag.py:3722} INFO - Setting next_dagrun for example_task_group to 2023-11-30T17:57:55.389000+00:00, run_after=2023-12-01T17:57:55.389000+00:00
[2023-12-01T17:57:55.401+0000] {processor.py:179} INFO - Processing /home/airflow/.local/lib/python3.8/site-packages/airflow/example_dags/example_task_group.py took 0.043 seconds
[2023-12-01T17:58:25.992+0000] {processor.py:157} INFO - Started process (PID=197) to work on /home/airflow/.local/lib/python3.8/site-packages/airflow/example_dags/example_task_group.py
[2023-12-01T17:58:25.993+0000] {processor.py:829} INFO - Processing file /home/airflow/.local/lib/python3.8/site-packages/airflow/example_dags/example_task_group.py for tasks to queue
[2023-12-01T17:58:25.994+0000] {logging_mixin.py:154} INFO - [2023-12-01T17:58:25.994+0000] {dagbag.py:536} INFO - Filling up the DagBag from /home/airflow/.local/lib/python3.8/site-packages/airflow/example_dags/example_task_group.py
[2023-12-01T17:58:25.999+0000] {processor.py:839} INFO - DAG(s) dict_keys(['example_task_group']) retrieved from /home/airflow/.local/lib/python3.8/site-packages/airflow/example_dags/example_task_group.py
[2023-12-01T17:58:26.014+0000] {logging_mixin.py:154} INFO - [2023-12-01T17:58:26.014+0000] {dag.py:2941} INFO - Sync 1 DAGs
[2023-12-01T17:58:26.029+0000] {logging_mixin.py:154} INFO - [2023-12-01T17:58:26.029+0000] {dag.py:3722} INFO - Setting next_dagrun for example_task_group to 2023-11-30T17:58:26.028964+00:00, run_after=2023-12-01T17:58:26.028964+00:00
[2023-12-01T17:58:26.040+0000] {processor.py:179} INFO - Processing /home/airflow/.local/lib/python3.8/site-packages/airflow/example_dags/example_task_group.py took 0.050 seconds
[2023-12-01T17:58:56.775+0000] {processor.py:157} INFO - Started process (PID=287) to work on /home/airflow/.local/lib/python3.8/site-packages/airflow/example_dags/example_task_group.py
[2023-12-01T17:58:56.775+0000] {processor.py:829} INFO - Processing file /home/airflow/.local/lib/python3.8/site-packages/airflow/example_dags/example_task_group.py for tasks to queue
[2023-12-01T17:58:56.776+0000] {logging_mixin.py:154} INFO - [2023-12-01T17:58:56.776+0000] {dagbag.py:536} INFO - Filling up the DagBag from /home/airflow/.local/lib/python3.8/site-packages/airflow/example_dags/example_task_group.py
[2023-12-01T17:58:56.781+0000] {processor.py:839} INFO - DAG(s) dict_keys(['example_task_group']) retrieved from /home/airflow/.local/lib/python3.8/site-packages/airflow/example_dags/example_task_group.py
[2023-12-01T17:58:56.794+0000] {logging_mixin.py:154} INFO - [2023-12-01T17:58:56.794+0000] {dag.py:2941} INFO - Sync 1 DAGs
[2023-12-01T17:58:56.810+0000] {logging_mixin.py:154} INFO - [2023-12-01T17:58:56.810+0000] {dag.py:3722} INFO - Setting next_dagrun for example_task_group to 2023-11-30T17:58:56.810165+00:00, run_after=2023-12-01T17:58:56.810165+00:00
[2023-12-01T17:58:56.822+0000] {processor.py:179} INFO - Processing /home/airflow/.local/lib/python3.8/site-packages/airflow/example_dags/example_task_group.py took 0.049 seconds
[2023-12-01T17:59:27.475+0000] {processor.py:157} INFO - Started process (PID=377) to work on /home/airflow/.local/lib/python3.8/site-packages/airflow/example_dags/example_task_group.py
[2023-12-01T17:59:27.476+0000] {processor.py:829} INFO - Processing file /home/airflow/.local/lib/python3.8/site-packages/airflow/example_dags/example_task_group.py for tasks to queue
[2023-12-01T17:59:27.477+0000] {logging_mixin.py:154} INFO - [2023-12-01T17:59:27.477+0000] {dagbag.py:536} INFO - Filling up the DagBag from /home/airflow/.local/lib/python3.8/site-packages/airflow/example_dags/example_task_group.py
[2023-12-01T17:59:27.482+0000] {processor.py:839} INFO - DAG(s) dict_keys(['example_task_group']) retrieved from /home/airflow/.local/lib/python3.8/site-packages/airflow/example_dags/example_task_group.py
[2023-12-01T17:59:27.495+0000] {logging_mixin.py:154} INFO - [2023-12-01T17:59:27.495+0000] {dag.py:2941} INFO - Sync 1 DAGs
[2023-12-01T17:59:27.508+0000] {logging_mixin.py:154} INFO - [2023-12-01T17:59:27.508+0000] {dag.py:3722} INFO - Setting next_dagrun for example_task_group to 2023-11-30T17:59:27.508164+00:00, run_after=2023-12-01T17:59:27.508164+00:00
[2023-12-01T17:59:27.519+0000] {processor.py:179} INFO - Processing /home/airflow/.local/lib/python3.8/site-packages/airflow/example_dags/example_task_group.py took 0.045 seconds
