[2023-12-01T17:41:51.882+0000] {processor.py:157} INFO - Started process (PID=97) to work on /home/airflow/.local/lib/python3.8/site-packages/airflow/example_dags/tutorial_dag.py
[2023-12-01T17:41:51.883+0000] {processor.py:829} INFO - Processing file /home/airflow/.local/lib/python3.8/site-packages/airflow/example_dags/tutorial_dag.py for tasks to queue
[2023-12-01T17:41:51.884+0000] {logging_mixin.py:154} INFO - [2023-12-01T17:41:51.884+0000] {dagbag.py:536} INFO - Filling up the DagBag from /home/airflow/.local/lib/python3.8/site-packages/airflow/example_dags/tutorial_dag.py
[2023-12-01T17:41:51.888+0000] {processor.py:839} INFO - DAG(s) dict_keys(['tutorial_dag']) retrieved from /home/airflow/.local/lib/python3.8/site-packages/airflow/example_dags/tutorial_dag.py
[2023-12-01T17:41:51.896+0000] {logging_mixin.py:154} INFO - [2023-12-01T17:41:51.895+0000] {dag.py:2941} INFO - Sync 1 DAGs
[2023-12-01T17:41:51.905+0000] {logging_mixin.py:154} INFO - [2023-12-01T17:41:51.905+0000] {dag.py:3722} INFO - Setting next_dagrun for tutorial_dag to None, run_after=None
[2023-12-01T17:41:51.918+0000] {processor.py:179} INFO - Processing /home/airflow/.local/lib/python3.8/site-packages/airflow/example_dags/tutorial_dag.py took 0.038 seconds
[2023-12-01T17:42:22.660+0000] {processor.py:157} INFO - Started process (PID=187) to work on /home/airflow/.local/lib/python3.8/site-packages/airflow/example_dags/tutorial_dag.py
[2023-12-01T17:42:22.660+0000] {processor.py:829} INFO - Processing file /home/airflow/.local/lib/python3.8/site-packages/airflow/example_dags/tutorial_dag.py for tasks to queue
[2023-12-01T17:42:22.662+0000] {logging_mixin.py:154} INFO - [2023-12-01T17:42:22.662+0000] {dagbag.py:536} INFO - Filling up the DagBag from /home/airflow/.local/lib/python3.8/site-packages/airflow/example_dags/tutorial_dag.py
[2023-12-01T17:42:22.665+0000] {processor.py:839} INFO - DAG(s) dict_keys(['tutorial_dag']) retrieved from /home/airflow/.local/lib/python3.8/site-packages/airflow/example_dags/tutorial_dag.py
[2023-12-01T17:42:22.677+0000] {logging_mixin.py:154} INFO - [2023-12-01T17:42:22.677+0000] {dag.py:2941} INFO - Sync 1 DAGs
[2023-12-01T17:42:22.685+0000] {logging_mixin.py:154} INFO - [2023-12-01T17:42:22.685+0000] {dag.py:3722} INFO - Setting next_dagrun for tutorial_dag to None, run_after=None
[2023-12-01T17:42:22.696+0000] {processor.py:179} INFO - Processing /home/airflow/.local/lib/python3.8/site-packages/airflow/example_dags/tutorial_dag.py took 0.038 seconds
[2023-12-01T17:42:53.225+0000] {processor.py:157} INFO - Started process (PID=277) to work on /home/airflow/.local/lib/python3.8/site-packages/airflow/example_dags/tutorial_dag.py
[2023-12-01T17:42:53.226+0000] {processor.py:829} INFO - Processing file /home/airflow/.local/lib/python3.8/site-packages/airflow/example_dags/tutorial_dag.py for tasks to queue
[2023-12-01T17:42:53.227+0000] {logging_mixin.py:154} INFO - [2023-12-01T17:42:53.227+0000] {dagbag.py:536} INFO - Filling up the DagBag from /home/airflow/.local/lib/python3.8/site-packages/airflow/example_dags/tutorial_dag.py
[2023-12-01T17:42:53.230+0000] {processor.py:839} INFO - DAG(s) dict_keys(['tutorial_dag']) retrieved from /home/airflow/.local/lib/python3.8/site-packages/airflow/example_dags/tutorial_dag.py
[2023-12-01T17:42:53.241+0000] {logging_mixin.py:154} INFO - [2023-12-01T17:42:53.241+0000] {dag.py:2941} INFO - Sync 1 DAGs
[2023-12-01T17:42:53.249+0000] {logging_mixin.py:154} INFO - [2023-12-01T17:42:53.249+0000] {dag.py:3722} INFO - Setting next_dagrun for tutorial_dag to None, run_after=None
[2023-12-01T17:42:53.260+0000] {processor.py:179} INFO - Processing /home/airflow/.local/lib/python3.8/site-packages/airflow/example_dags/tutorial_dag.py took 0.037 seconds
[2023-12-01T17:43:24.151+0000] {processor.py:157} INFO - Started process (PID=367) to work on /home/airflow/.local/lib/python3.8/site-packages/airflow/example_dags/tutorial_dag.py
[2023-12-01T17:43:24.152+0000] {processor.py:829} INFO - Processing file /home/airflow/.local/lib/python3.8/site-packages/airflow/example_dags/tutorial_dag.py for tasks to queue
[2023-12-01T17:43:24.153+0000] {logging_mixin.py:154} INFO - [2023-12-01T17:43:24.153+0000] {dagbag.py:536} INFO - Filling up the DagBag from /home/airflow/.local/lib/python3.8/site-packages/airflow/example_dags/tutorial_dag.py
[2023-12-01T17:43:24.156+0000] {processor.py:839} INFO - DAG(s) dict_keys(['tutorial_dag']) retrieved from /home/airflow/.local/lib/python3.8/site-packages/airflow/example_dags/tutorial_dag.py
[2023-12-01T17:43:24.168+0000] {logging_mixin.py:154} INFO - [2023-12-01T17:43:24.168+0000] {dag.py:2941} INFO - Sync 1 DAGs
[2023-12-01T17:43:24.176+0000] {logging_mixin.py:154} INFO - [2023-12-01T17:43:24.176+0000] {dag.py:3722} INFO - Setting next_dagrun for tutorial_dag to None, run_after=None
[2023-12-01T17:43:24.187+0000] {processor.py:179} INFO - Processing /home/airflow/.local/lib/python3.8/site-packages/airflow/example_dags/tutorial_dag.py took 0.037 seconds
[2023-12-01T17:43:55.410+0000] {processor.py:157} INFO - Started process (PID=457) to work on /home/airflow/.local/lib/python3.8/site-packages/airflow/example_dags/tutorial_dag.py
[2023-12-01T17:43:55.411+0000] {processor.py:829} INFO - Processing file /home/airflow/.local/lib/python3.8/site-packages/airflow/example_dags/tutorial_dag.py for tasks to queue
[2023-12-01T17:43:55.412+0000] {logging_mixin.py:154} INFO - [2023-12-01T17:43:55.412+0000] {dagbag.py:536} INFO - Filling up the DagBag from /home/airflow/.local/lib/python3.8/site-packages/airflow/example_dags/tutorial_dag.py
[2023-12-01T17:43:55.416+0000] {processor.py:839} INFO - DAG(s) dict_keys(['tutorial_dag']) retrieved from /home/airflow/.local/lib/python3.8/site-packages/airflow/example_dags/tutorial_dag.py
[2023-12-01T17:43:55.429+0000] {logging_mixin.py:154} INFO - [2023-12-01T17:43:55.428+0000] {dag.py:2941} INFO - Sync 1 DAGs
[2023-12-01T17:43:55.437+0000] {logging_mixin.py:154} INFO - [2023-12-01T17:43:55.437+0000] {dag.py:3722} INFO - Setting next_dagrun for tutorial_dag to None, run_after=None
[2023-12-01T17:43:55.449+0000] {processor.py:179} INFO - Processing /home/airflow/.local/lib/python3.8/site-packages/airflow/example_dags/tutorial_dag.py took 0.041 seconds
[2023-12-01T17:44:26.283+0000] {processor.py:157} INFO - Started process (PID=547) to work on /home/airflow/.local/lib/python3.8/site-packages/airflow/example_dags/tutorial_dag.py
[2023-12-01T17:44:26.284+0000] {processor.py:829} INFO - Processing file /home/airflow/.local/lib/python3.8/site-packages/airflow/example_dags/tutorial_dag.py for tasks to queue
[2023-12-01T17:44:26.285+0000] {logging_mixin.py:154} INFO - [2023-12-01T17:44:26.285+0000] {dagbag.py:536} INFO - Filling up the DagBag from /home/airflow/.local/lib/python3.8/site-packages/airflow/example_dags/tutorial_dag.py
[2023-12-01T17:44:26.288+0000] {processor.py:839} INFO - DAG(s) dict_keys(['tutorial_dag']) retrieved from /home/airflow/.local/lib/python3.8/site-packages/airflow/example_dags/tutorial_dag.py
[2023-12-01T17:44:26.300+0000] {logging_mixin.py:154} INFO - [2023-12-01T17:44:26.300+0000] {dag.py:2941} INFO - Sync 1 DAGs
[2023-12-01T17:44:26.309+0000] {logging_mixin.py:154} INFO - [2023-12-01T17:44:26.309+0000] {dag.py:3722} INFO - Setting next_dagrun for tutorial_dag to None, run_after=None
[2023-12-01T17:44:26.322+0000] {processor.py:179} INFO - Processing /home/airflow/.local/lib/python3.8/site-packages/airflow/example_dags/tutorial_dag.py took 0.041 seconds
[2023-12-01T17:45:23.319+0000] {processor.py:157} INFO - Started process (PID=97) to work on /home/airflow/.local/lib/python3.8/site-packages/airflow/example_dags/tutorial_dag.py
[2023-12-01T17:45:23.320+0000] {processor.py:829} INFO - Processing file /home/airflow/.local/lib/python3.8/site-packages/airflow/example_dags/tutorial_dag.py for tasks to queue
[2023-12-01T17:45:23.321+0000] {logging_mixin.py:154} INFO - [2023-12-01T17:45:23.321+0000] {dagbag.py:536} INFO - Filling up the DagBag from /home/airflow/.local/lib/python3.8/site-packages/airflow/example_dags/tutorial_dag.py
[2023-12-01T17:45:23.325+0000] {processor.py:839} INFO - DAG(s) dict_keys(['tutorial_dag']) retrieved from /home/airflow/.local/lib/python3.8/site-packages/airflow/example_dags/tutorial_dag.py
[2023-12-01T17:45:23.332+0000] {logging_mixin.py:154} INFO - [2023-12-01T17:45:23.332+0000] {dag.py:2941} INFO - Sync 1 DAGs
[2023-12-01T17:45:23.342+0000] {logging_mixin.py:154} INFO - [2023-12-01T17:45:23.342+0000] {dag.py:3722} INFO - Setting next_dagrun for tutorial_dag to None, run_after=None
[2023-12-01T17:45:23.354+0000] {processor.py:179} INFO - Processing /home/airflow/.local/lib/python3.8/site-packages/airflow/example_dags/tutorial_dag.py took 0.036 seconds
[2023-12-01T17:45:54.228+0000] {processor.py:157} INFO - Started process (PID=187) to work on /home/airflow/.local/lib/python3.8/site-packages/airflow/example_dags/tutorial_dag.py
[2023-12-01T17:45:54.229+0000] {processor.py:829} INFO - Processing file /home/airflow/.local/lib/python3.8/site-packages/airflow/example_dags/tutorial_dag.py for tasks to queue
[2023-12-01T17:45:54.230+0000] {logging_mixin.py:154} INFO - [2023-12-01T17:45:54.230+0000] {dagbag.py:536} INFO - Filling up the DagBag from /home/airflow/.local/lib/python3.8/site-packages/airflow/example_dags/tutorial_dag.py
[2023-12-01T17:45:54.233+0000] {processor.py:839} INFO - DAG(s) dict_keys(['tutorial_dag']) retrieved from /home/airflow/.local/lib/python3.8/site-packages/airflow/example_dags/tutorial_dag.py
[2023-12-01T17:45:54.245+0000] {logging_mixin.py:154} INFO - [2023-12-01T17:45:54.245+0000] {dag.py:2941} INFO - Sync 1 DAGs
[2023-12-01T17:45:54.253+0000] {logging_mixin.py:154} INFO - [2023-12-01T17:45:54.253+0000] {dag.py:3722} INFO - Setting next_dagrun for tutorial_dag to None, run_after=None
[2023-12-01T17:45:54.264+0000] {processor.py:179} INFO - Processing /home/airflow/.local/lib/python3.8/site-packages/airflow/example_dags/tutorial_dag.py took 0.038 seconds
[2023-12-01T17:46:25.386+0000] {processor.py:157} INFO - Started process (PID=277) to work on /home/airflow/.local/lib/python3.8/site-packages/airflow/example_dags/tutorial_dag.py
[2023-12-01T17:46:25.387+0000] {processor.py:829} INFO - Processing file /home/airflow/.local/lib/python3.8/site-packages/airflow/example_dags/tutorial_dag.py for tasks to queue
[2023-12-01T17:46:25.388+0000] {logging_mixin.py:154} INFO - [2023-12-01T17:46:25.388+0000] {dagbag.py:536} INFO - Filling up the DagBag from /home/airflow/.local/lib/python3.8/site-packages/airflow/example_dags/tutorial_dag.py
[2023-12-01T17:46:25.391+0000] {processor.py:839} INFO - DAG(s) dict_keys(['tutorial_dag']) retrieved from /home/airflow/.local/lib/python3.8/site-packages/airflow/example_dags/tutorial_dag.py
[2023-12-01T17:46:25.405+0000] {logging_mixin.py:154} INFO - [2023-12-01T17:46:25.405+0000] {dag.py:2941} INFO - Sync 1 DAGs
[2023-12-01T17:46:25.415+0000] {logging_mixin.py:154} INFO - [2023-12-01T17:46:25.415+0000] {dag.py:3722} INFO - Setting next_dagrun for tutorial_dag to None, run_after=None
[2023-12-01T17:46:25.428+0000] {processor.py:179} INFO - Processing /home/airflow/.local/lib/python3.8/site-packages/airflow/example_dags/tutorial_dag.py took 0.044 seconds
[2023-12-01T17:46:56.233+0000] {processor.py:157} INFO - Started process (PID=367) to work on /home/airflow/.local/lib/python3.8/site-packages/airflow/example_dags/tutorial_dag.py
[2023-12-01T17:46:56.234+0000] {processor.py:829} INFO - Processing file /home/airflow/.local/lib/python3.8/site-packages/airflow/example_dags/tutorial_dag.py for tasks to queue
[2023-12-01T17:46:56.235+0000] {logging_mixin.py:154} INFO - [2023-12-01T17:46:56.235+0000] {dagbag.py:536} INFO - Filling up the DagBag from /home/airflow/.local/lib/python3.8/site-packages/airflow/example_dags/tutorial_dag.py
[2023-12-01T17:46:56.238+0000] {processor.py:839} INFO - DAG(s) dict_keys(['tutorial_dag']) retrieved from /home/airflow/.local/lib/python3.8/site-packages/airflow/example_dags/tutorial_dag.py
[2023-12-01T17:46:56.249+0000] {logging_mixin.py:154} INFO - [2023-12-01T17:46:56.249+0000] {dag.py:2941} INFO - Sync 1 DAGs
[2023-12-01T17:46:56.258+0000] {logging_mixin.py:154} INFO - [2023-12-01T17:46:56.258+0000] {dag.py:3722} INFO - Setting next_dagrun for tutorial_dag to None, run_after=None
[2023-12-01T17:46:56.269+0000] {processor.py:179} INFO - Processing /home/airflow/.local/lib/python3.8/site-packages/airflow/example_dags/tutorial_dag.py took 0.038 seconds
[2023-12-01T17:47:54.512+0000] {processor.py:157} INFO - Started process (PID=97) to work on /home/airflow/.local/lib/python3.8/site-packages/airflow/example_dags/tutorial_dag.py
[2023-12-01T17:47:54.512+0000] {processor.py:829} INFO - Processing file /home/airflow/.local/lib/python3.8/site-packages/airflow/example_dags/tutorial_dag.py for tasks to queue
[2023-12-01T17:47:54.514+0000] {logging_mixin.py:154} INFO - [2023-12-01T17:47:54.513+0000] {dagbag.py:536} INFO - Filling up the DagBag from /home/airflow/.local/lib/python3.8/site-packages/airflow/example_dags/tutorial_dag.py
[2023-12-01T17:47:54.518+0000] {processor.py:839} INFO - DAG(s) dict_keys(['tutorial_dag']) retrieved from /home/airflow/.local/lib/python3.8/site-packages/airflow/example_dags/tutorial_dag.py
[2023-12-01T17:47:54.525+0000] {logging_mixin.py:154} INFO - [2023-12-01T17:47:54.525+0000] {dag.py:2941} INFO - Sync 1 DAGs
[2023-12-01T17:47:54.535+0000] {logging_mixin.py:154} INFO - [2023-12-01T17:47:54.535+0000] {dag.py:3722} INFO - Setting next_dagrun for tutorial_dag to None, run_after=None
[2023-12-01T17:47:54.547+0000] {processor.py:179} INFO - Processing /home/airflow/.local/lib/python3.8/site-packages/airflow/example_dags/tutorial_dag.py took 0.037 seconds
[2023-12-01T17:48:26.218+0000] {processor.py:157} INFO - Started process (PID=187) to work on /home/airflow/.local/lib/python3.8/site-packages/airflow/example_dags/tutorial_dag.py
[2023-12-01T17:48:26.218+0000] {processor.py:829} INFO - Processing file /home/airflow/.local/lib/python3.8/site-packages/airflow/example_dags/tutorial_dag.py for tasks to queue
[2023-12-01T17:48:26.219+0000] {logging_mixin.py:154} INFO - [2023-12-01T17:48:26.219+0000] {dagbag.py:536} INFO - Filling up the DagBag from /home/airflow/.local/lib/python3.8/site-packages/airflow/example_dags/tutorial_dag.py
[2023-12-01T17:48:26.223+0000] {processor.py:839} INFO - DAG(s) dict_keys(['tutorial_dag']) retrieved from /home/airflow/.local/lib/python3.8/site-packages/airflow/example_dags/tutorial_dag.py
[2023-12-01T17:48:26.235+0000] {logging_mixin.py:154} INFO - [2023-12-01T17:48:26.235+0000] {dag.py:2941} INFO - Sync 1 DAGs
[2023-12-01T17:48:26.244+0000] {logging_mixin.py:154} INFO - [2023-12-01T17:48:26.244+0000] {dag.py:3722} INFO - Setting next_dagrun for tutorial_dag to None, run_after=None
[2023-12-01T17:48:26.256+0000] {processor.py:179} INFO - Processing /home/airflow/.local/lib/python3.8/site-packages/airflow/example_dags/tutorial_dag.py took 0.041 seconds
[2023-12-01T17:48:56.321+0000] {processor.py:157} INFO - Started process (PID=277) to work on /home/airflow/.local/lib/python3.8/site-packages/airflow/example_dags/tutorial_dag.py
[2023-12-01T17:48:56.322+0000] {processor.py:829} INFO - Processing file /home/airflow/.local/lib/python3.8/site-packages/airflow/example_dags/tutorial_dag.py for tasks to queue
[2023-12-01T17:48:56.323+0000] {logging_mixin.py:154} INFO - [2023-12-01T17:48:56.323+0000] {dagbag.py:536} INFO - Filling up the DagBag from /home/airflow/.local/lib/python3.8/site-packages/airflow/example_dags/tutorial_dag.py
[2023-12-01T17:48:56.326+0000] {processor.py:839} INFO - DAG(s) dict_keys(['tutorial_dag']) retrieved from /home/airflow/.local/lib/python3.8/site-packages/airflow/example_dags/tutorial_dag.py
[2023-12-01T17:48:56.338+0000] {logging_mixin.py:154} INFO - [2023-12-01T17:48:56.338+0000] {dag.py:2941} INFO - Sync 1 DAGs
[2023-12-01T17:48:56.347+0000] {logging_mixin.py:154} INFO - [2023-12-01T17:48:56.347+0000] {dag.py:3722} INFO - Setting next_dagrun for tutorial_dag to None, run_after=None
[2023-12-01T17:48:56.358+0000] {processor.py:179} INFO - Processing /home/airflow/.local/lib/python3.8/site-packages/airflow/example_dags/tutorial_dag.py took 0.038 seconds
[2023-12-01T17:49:27.036+0000] {processor.py:157} INFO - Started process (PID=367) to work on /home/airflow/.local/lib/python3.8/site-packages/airflow/example_dags/tutorial_dag.py
[2023-12-01T17:49:27.037+0000] {processor.py:829} INFO - Processing file /home/airflow/.local/lib/python3.8/site-packages/airflow/example_dags/tutorial_dag.py for tasks to queue
[2023-12-01T17:49:27.039+0000] {logging_mixin.py:154} INFO - [2023-12-01T17:49:27.038+0000] {dagbag.py:536} INFO - Filling up the DagBag from /home/airflow/.local/lib/python3.8/site-packages/airflow/example_dags/tutorial_dag.py
[2023-12-01T17:49:27.041+0000] {processor.py:839} INFO - DAG(s) dict_keys(['tutorial_dag']) retrieved from /home/airflow/.local/lib/python3.8/site-packages/airflow/example_dags/tutorial_dag.py
[2023-12-01T17:49:27.053+0000] {logging_mixin.py:154} INFO - [2023-12-01T17:49:27.053+0000] {dag.py:2941} INFO - Sync 1 DAGs
[2023-12-01T17:49:27.061+0000] {logging_mixin.py:154} INFO - [2023-12-01T17:49:27.061+0000] {dag.py:3722} INFO - Setting next_dagrun for tutorial_dag to None, run_after=None
[2023-12-01T17:49:27.073+0000] {processor.py:179} INFO - Processing /home/airflow/.local/lib/python3.8/site-packages/airflow/example_dags/tutorial_dag.py took 0.038 seconds
[2023-12-01T17:49:58.112+0000] {processor.py:157} INFO - Started process (PID=457) to work on /home/airflow/.local/lib/python3.8/site-packages/airflow/example_dags/tutorial_dag.py
[2023-12-01T17:49:58.112+0000] {processor.py:829} INFO - Processing file /home/airflow/.local/lib/python3.8/site-packages/airflow/example_dags/tutorial_dag.py for tasks to queue
[2023-12-01T17:49:58.114+0000] {logging_mixin.py:154} INFO - [2023-12-01T17:49:58.114+0000] {dagbag.py:536} INFO - Filling up the DagBag from /home/airflow/.local/lib/python3.8/site-packages/airflow/example_dags/tutorial_dag.py
[2023-12-01T17:49:58.117+0000] {processor.py:839} INFO - DAG(s) dict_keys(['tutorial_dag']) retrieved from /home/airflow/.local/lib/python3.8/site-packages/airflow/example_dags/tutorial_dag.py
[2023-12-01T17:49:58.129+0000] {logging_mixin.py:154} INFO - [2023-12-01T17:49:58.129+0000] {dag.py:2941} INFO - Sync 1 DAGs
[2023-12-01T17:49:58.138+0000] {logging_mixin.py:154} INFO - [2023-12-01T17:49:58.138+0000] {dag.py:3722} INFO - Setting next_dagrun for tutorial_dag to None, run_after=None
[2023-12-01T17:49:58.150+0000] {processor.py:179} INFO - Processing /home/airflow/.local/lib/python3.8/site-packages/airflow/example_dags/tutorial_dag.py took 0.040 seconds
[2023-12-01T17:50:28.899+0000] {processor.py:157} INFO - Started process (PID=547) to work on /home/airflow/.local/lib/python3.8/site-packages/airflow/example_dags/tutorial_dag.py
[2023-12-01T17:50:28.899+0000] {processor.py:829} INFO - Processing file /home/airflow/.local/lib/python3.8/site-packages/airflow/example_dags/tutorial_dag.py for tasks to queue
[2023-12-01T17:50:28.901+0000] {logging_mixin.py:154} INFO - [2023-12-01T17:50:28.901+0000] {dagbag.py:536} INFO - Filling up the DagBag from /home/airflow/.local/lib/python3.8/site-packages/airflow/example_dags/tutorial_dag.py
[2023-12-01T17:50:28.904+0000] {processor.py:839} INFO - DAG(s) dict_keys(['tutorial_dag']) retrieved from /home/airflow/.local/lib/python3.8/site-packages/airflow/example_dags/tutorial_dag.py
[2023-12-01T17:50:28.915+0000] {logging_mixin.py:154} INFO - [2023-12-01T17:50:28.915+0000] {dag.py:2941} INFO - Sync 1 DAGs
[2023-12-01T17:50:28.923+0000] {logging_mixin.py:154} INFO - [2023-12-01T17:50:28.923+0000] {dag.py:3722} INFO - Setting next_dagrun for tutorial_dag to None, run_after=None
[2023-12-01T17:50:28.934+0000] {processor.py:179} INFO - Processing /home/airflow/.local/lib/python3.8/site-packages/airflow/example_dags/tutorial_dag.py took 0.037 seconds
[2023-12-01T17:50:59.895+0000] {processor.py:157} INFO - Started process (PID=637) to work on /home/airflow/.local/lib/python3.8/site-packages/airflow/example_dags/tutorial_dag.py
[2023-12-01T17:50:59.895+0000] {processor.py:829} INFO - Processing file /home/airflow/.local/lib/python3.8/site-packages/airflow/example_dags/tutorial_dag.py for tasks to queue
[2023-12-01T17:50:59.897+0000] {logging_mixin.py:154} INFO - [2023-12-01T17:50:59.897+0000] {dagbag.py:536} INFO - Filling up the DagBag from /home/airflow/.local/lib/python3.8/site-packages/airflow/example_dags/tutorial_dag.py
[2023-12-01T17:50:59.900+0000] {processor.py:839} INFO - DAG(s) dict_keys(['tutorial_dag']) retrieved from /home/airflow/.local/lib/python3.8/site-packages/airflow/example_dags/tutorial_dag.py
[2023-12-01T17:50:59.912+0000] {logging_mixin.py:154} INFO - [2023-12-01T17:50:59.912+0000] {dag.py:2941} INFO - Sync 1 DAGs
[2023-12-01T17:50:59.920+0000] {logging_mixin.py:154} INFO - [2023-12-01T17:50:59.920+0000] {dag.py:3722} INFO - Setting next_dagrun for tutorial_dag to None, run_after=None
[2023-12-01T17:50:59.932+0000] {processor.py:179} INFO - Processing /home/airflow/.local/lib/python3.8/site-packages/airflow/example_dags/tutorial_dag.py took 0.039 seconds
[2023-12-01T17:51:30.861+0000] {processor.py:157} INFO - Started process (PID=727) to work on /home/airflow/.local/lib/python3.8/site-packages/airflow/example_dags/tutorial_dag.py
[2023-12-01T17:51:30.862+0000] {processor.py:829} INFO - Processing file /home/airflow/.local/lib/python3.8/site-packages/airflow/example_dags/tutorial_dag.py for tasks to queue
[2023-12-01T17:51:30.863+0000] {logging_mixin.py:154} INFO - [2023-12-01T17:51:30.863+0000] {dagbag.py:536} INFO - Filling up the DagBag from /home/airflow/.local/lib/python3.8/site-packages/airflow/example_dags/tutorial_dag.py
[2023-12-01T17:51:30.866+0000] {processor.py:839} INFO - DAG(s) dict_keys(['tutorial_dag']) retrieved from /home/airflow/.local/lib/python3.8/site-packages/airflow/example_dags/tutorial_dag.py
[2023-12-01T17:51:30.879+0000] {logging_mixin.py:154} INFO - [2023-12-01T17:51:30.879+0000] {dag.py:2941} INFO - Sync 1 DAGs
[2023-12-01T17:51:30.888+0000] {logging_mixin.py:154} INFO - [2023-12-01T17:51:30.887+0000] {dag.py:3722} INFO - Setting next_dagrun for tutorial_dag to None, run_after=None
[2023-12-01T17:51:30.899+0000] {processor.py:179} INFO - Processing /home/airflow/.local/lib/python3.8/site-packages/airflow/example_dags/tutorial_dag.py took 0.040 seconds
[2023-12-01T17:54:19.549+0000] {processor.py:157} INFO - Started process (PID=97) to work on /home/airflow/.local/lib/python3.8/site-packages/airflow/example_dags/tutorial_dag.py
[2023-12-01T17:54:19.550+0000] {processor.py:829} INFO - Processing file /home/airflow/.local/lib/python3.8/site-packages/airflow/example_dags/tutorial_dag.py for tasks to queue
[2023-12-01T17:54:19.551+0000] {logging_mixin.py:154} INFO - [2023-12-01T17:54:19.551+0000] {dagbag.py:536} INFO - Filling up the DagBag from /home/airflow/.local/lib/python3.8/site-packages/airflow/example_dags/tutorial_dag.py
[2023-12-01T17:54:19.555+0000] {processor.py:839} INFO - DAG(s) dict_keys(['tutorial_dag']) retrieved from /home/airflow/.local/lib/python3.8/site-packages/airflow/example_dags/tutorial_dag.py
[2023-12-01T17:54:19.563+0000] {logging_mixin.py:154} INFO - [2023-12-01T17:54:19.563+0000] {dag.py:2941} INFO - Sync 1 DAGs
[2023-12-01T17:54:19.573+0000] {logging_mixin.py:154} INFO - [2023-12-01T17:54:19.573+0000] {dag.py:3722} INFO - Setting next_dagrun for tutorial_dag to None, run_after=None
[2023-12-01T17:54:19.588+0000] {processor.py:179} INFO - Processing /home/airflow/.local/lib/python3.8/site-packages/airflow/example_dags/tutorial_dag.py took 0.040 seconds
[2023-12-01T17:54:50.134+0000] {processor.py:157} INFO - Started process (PID=187) to work on /home/airflow/.local/lib/python3.8/site-packages/airflow/example_dags/tutorial_dag.py
[2023-12-01T17:54:50.134+0000] {processor.py:829} INFO - Processing file /home/airflow/.local/lib/python3.8/site-packages/airflow/example_dags/tutorial_dag.py for tasks to queue
[2023-12-01T17:54:50.136+0000] {logging_mixin.py:154} INFO - [2023-12-01T17:54:50.136+0000] {dagbag.py:536} INFO - Filling up the DagBag from /home/airflow/.local/lib/python3.8/site-packages/airflow/example_dags/tutorial_dag.py
[2023-12-01T17:54:50.138+0000] {processor.py:839} INFO - DAG(s) dict_keys(['tutorial_dag']) retrieved from /home/airflow/.local/lib/python3.8/site-packages/airflow/example_dags/tutorial_dag.py
[2023-12-01T17:54:50.151+0000] {logging_mixin.py:154} INFO - [2023-12-01T17:54:50.150+0000] {dag.py:2941} INFO - Sync 1 DAGs
[2023-12-01T17:54:50.158+0000] {logging_mixin.py:154} INFO - [2023-12-01T17:54:50.158+0000] {dag.py:3722} INFO - Setting next_dagrun for tutorial_dag to None, run_after=None
[2023-12-01T17:54:50.170+0000] {processor.py:179} INFO - Processing /home/airflow/.local/lib/python3.8/site-packages/airflow/example_dags/tutorial_dag.py took 0.038 seconds
[2023-12-01T17:55:21.135+0000] {processor.py:157} INFO - Started process (PID=277) to work on /home/airflow/.local/lib/python3.8/site-packages/airflow/example_dags/tutorial_dag.py
[2023-12-01T17:55:21.135+0000] {processor.py:829} INFO - Processing file /home/airflow/.local/lib/python3.8/site-packages/airflow/example_dags/tutorial_dag.py for tasks to queue
[2023-12-01T17:55:21.137+0000] {logging_mixin.py:154} INFO - [2023-12-01T17:55:21.137+0000] {dagbag.py:536} INFO - Filling up the DagBag from /home/airflow/.local/lib/python3.8/site-packages/airflow/example_dags/tutorial_dag.py
[2023-12-01T17:55:21.140+0000] {processor.py:839} INFO - DAG(s) dict_keys(['tutorial_dag']) retrieved from /home/airflow/.local/lib/python3.8/site-packages/airflow/example_dags/tutorial_dag.py
[2023-12-01T17:55:21.152+0000] {logging_mixin.py:154} INFO - [2023-12-01T17:55:21.152+0000] {dag.py:2941} INFO - Sync 1 DAGs
[2023-12-01T17:55:21.160+0000] {logging_mixin.py:154} INFO - [2023-12-01T17:55:21.160+0000] {dag.py:3722} INFO - Setting next_dagrun for tutorial_dag to None, run_after=None
[2023-12-01T17:55:21.171+0000] {processor.py:179} INFO - Processing /home/airflow/.local/lib/python3.8/site-packages/airflow/example_dags/tutorial_dag.py took 0.038 seconds
[2023-12-01T17:55:51.883+0000] {processor.py:157} INFO - Started process (PID=367) to work on /home/airflow/.local/lib/python3.8/site-packages/airflow/example_dags/tutorial_dag.py
[2023-12-01T17:55:51.884+0000] {processor.py:829} INFO - Processing file /home/airflow/.local/lib/python3.8/site-packages/airflow/example_dags/tutorial_dag.py for tasks to queue
[2023-12-01T17:55:51.885+0000] {logging_mixin.py:154} INFO - [2023-12-01T17:55:51.885+0000] {dagbag.py:536} INFO - Filling up the DagBag from /home/airflow/.local/lib/python3.8/site-packages/airflow/example_dags/tutorial_dag.py
[2023-12-01T17:55:51.888+0000] {processor.py:839} INFO - DAG(s) dict_keys(['tutorial_dag']) retrieved from /home/airflow/.local/lib/python3.8/site-packages/airflow/example_dags/tutorial_dag.py
[2023-12-01T17:55:51.901+0000] {logging_mixin.py:154} INFO - [2023-12-01T17:55:51.901+0000] {dag.py:2941} INFO - Sync 1 DAGs
[2023-12-01T17:55:51.909+0000] {logging_mixin.py:154} INFO - [2023-12-01T17:55:51.909+0000] {dag.py:3722} INFO - Setting next_dagrun for tutorial_dag to None, run_after=None
[2023-12-01T17:55:51.921+0000] {processor.py:179} INFO - Processing /home/airflow/.local/lib/python3.8/site-packages/airflow/example_dags/tutorial_dag.py took 0.039 seconds
[2023-12-01T17:56:22.816+0000] {processor.py:157} INFO - Started process (PID=457) to work on /home/airflow/.local/lib/python3.8/site-packages/airflow/example_dags/tutorial_dag.py
[2023-12-01T17:56:22.817+0000] {processor.py:829} INFO - Processing file /home/airflow/.local/lib/python3.8/site-packages/airflow/example_dags/tutorial_dag.py for tasks to queue
[2023-12-01T17:56:22.819+0000] {logging_mixin.py:154} INFO - [2023-12-01T17:56:22.819+0000] {dagbag.py:536} INFO - Filling up the DagBag from /home/airflow/.local/lib/python3.8/site-packages/airflow/example_dags/tutorial_dag.py
[2023-12-01T17:56:22.822+0000] {processor.py:839} INFO - DAG(s) dict_keys(['tutorial_dag']) retrieved from /home/airflow/.local/lib/python3.8/site-packages/airflow/example_dags/tutorial_dag.py
[2023-12-01T17:56:22.835+0000] {logging_mixin.py:154} INFO - [2023-12-01T17:56:22.835+0000] {dag.py:2941} INFO - Sync 1 DAGs
[2023-12-01T17:56:22.844+0000] {logging_mixin.py:154} INFO - [2023-12-01T17:56:22.844+0000] {dag.py:3722} INFO - Setting next_dagrun for tutorial_dag to None, run_after=None
[2023-12-01T17:56:22.858+0000] {processor.py:179} INFO - Processing /home/airflow/.local/lib/python3.8/site-packages/airflow/example_dags/tutorial_dag.py took 0.044 seconds
[2023-12-01T17:56:53.377+0000] {processor.py:157} INFO - Started process (PID=547) to work on /home/airflow/.local/lib/python3.8/site-packages/airflow/example_dags/tutorial_dag.py
[2023-12-01T17:56:53.378+0000] {processor.py:829} INFO - Processing file /home/airflow/.local/lib/python3.8/site-packages/airflow/example_dags/tutorial_dag.py for tasks to queue
[2023-12-01T17:56:53.380+0000] {logging_mixin.py:154} INFO - [2023-12-01T17:56:53.379+0000] {dagbag.py:536} INFO - Filling up the DagBag from /home/airflow/.local/lib/python3.8/site-packages/airflow/example_dags/tutorial_dag.py
[2023-12-01T17:56:53.382+0000] {processor.py:839} INFO - DAG(s) dict_keys(['tutorial_dag']) retrieved from /home/airflow/.local/lib/python3.8/site-packages/airflow/example_dags/tutorial_dag.py
[2023-12-01T17:56:53.394+0000] {logging_mixin.py:154} INFO - [2023-12-01T17:56:53.394+0000] {dag.py:2941} INFO - Sync 1 DAGs
[2023-12-01T17:56:53.402+0000] {logging_mixin.py:154} INFO - [2023-12-01T17:56:53.402+0000] {dag.py:3722} INFO - Setting next_dagrun for tutorial_dag to None, run_after=None
[2023-12-01T17:56:53.413+0000] {processor.py:179} INFO - Processing /home/airflow/.local/lib/python3.8/site-packages/airflow/example_dags/tutorial_dag.py took 0.037 seconds
[2023-12-01T17:57:55.003+0000] {processor.py:157} INFO - Started process (PID=97) to work on /home/airflow/.local/lib/python3.8/site-packages/airflow/example_dags/tutorial_dag.py
[2023-12-01T17:57:55.003+0000] {processor.py:829} INFO - Processing file /home/airflow/.local/lib/python3.8/site-packages/airflow/example_dags/tutorial_dag.py for tasks to queue
[2023-12-01T17:57:55.005+0000] {logging_mixin.py:154} INFO - [2023-12-01T17:57:55.005+0000] {dagbag.py:536} INFO - Filling up the DagBag from /home/airflow/.local/lib/python3.8/site-packages/airflow/example_dags/tutorial_dag.py
[2023-12-01T17:57:55.008+0000] {processor.py:839} INFO - DAG(s) dict_keys(['tutorial_dag']) retrieved from /home/airflow/.local/lib/python3.8/site-packages/airflow/example_dags/tutorial_dag.py
[2023-12-01T17:57:55.016+0000] {logging_mixin.py:154} INFO - [2023-12-01T17:57:55.016+0000] {dag.py:2941} INFO - Sync 1 DAGs
[2023-12-01T17:57:55.026+0000] {logging_mixin.py:154} INFO - [2023-12-01T17:57:55.026+0000] {dag.py:3722} INFO - Setting next_dagrun for tutorial_dag to None, run_after=None
[2023-12-01T17:57:55.038+0000] {processor.py:179} INFO - Processing /home/airflow/.local/lib/python3.8/site-packages/airflow/example_dags/tutorial_dag.py took 0.037 seconds
[2023-12-01T17:58:25.654+0000] {processor.py:157} INFO - Started process (PID=187) to work on /home/airflow/.local/lib/python3.8/site-packages/airflow/example_dags/tutorial_dag.py
[2023-12-01T17:58:25.655+0000] {processor.py:829} INFO - Processing file /home/airflow/.local/lib/python3.8/site-packages/airflow/example_dags/tutorial_dag.py for tasks to queue
[2023-12-01T17:58:25.656+0000] {logging_mixin.py:154} INFO - [2023-12-01T17:58:25.656+0000] {dagbag.py:536} INFO - Filling up the DagBag from /home/airflow/.local/lib/python3.8/site-packages/airflow/example_dags/tutorial_dag.py
[2023-12-01T17:58:25.659+0000] {processor.py:839} INFO - DAG(s) dict_keys(['tutorial_dag']) retrieved from /home/airflow/.local/lib/python3.8/site-packages/airflow/example_dags/tutorial_dag.py
[2023-12-01T17:58:25.670+0000] {logging_mixin.py:154} INFO - [2023-12-01T17:58:25.670+0000] {dag.py:2941} INFO - Sync 1 DAGs
[2023-12-01T17:58:25.679+0000] {logging_mixin.py:154} INFO - [2023-12-01T17:58:25.678+0000] {dag.py:3722} INFO - Setting next_dagrun for tutorial_dag to None, run_after=None
[2023-12-01T17:58:25.691+0000] {processor.py:179} INFO - Processing /home/airflow/.local/lib/python3.8/site-packages/airflow/example_dags/tutorial_dag.py took 0.038 seconds
[2023-12-01T17:58:56.383+0000] {processor.py:157} INFO - Started process (PID=277) to work on /home/airflow/.local/lib/python3.8/site-packages/airflow/example_dags/tutorial_dag.py
[2023-12-01T17:58:56.384+0000] {processor.py:829} INFO - Processing file /home/airflow/.local/lib/python3.8/site-packages/airflow/example_dags/tutorial_dag.py for tasks to queue
[2023-12-01T17:58:56.385+0000] {logging_mixin.py:154} INFO - [2023-12-01T17:58:56.385+0000] {dagbag.py:536} INFO - Filling up the DagBag from /home/airflow/.local/lib/python3.8/site-packages/airflow/example_dags/tutorial_dag.py
[2023-12-01T17:58:56.388+0000] {processor.py:839} INFO - DAG(s) dict_keys(['tutorial_dag']) retrieved from /home/airflow/.local/lib/python3.8/site-packages/airflow/example_dags/tutorial_dag.py
[2023-12-01T17:58:56.400+0000] {logging_mixin.py:154} INFO - [2023-12-01T17:58:56.400+0000] {dag.py:2941} INFO - Sync 1 DAGs
[2023-12-01T17:58:56.408+0000] {logging_mixin.py:154} INFO - [2023-12-01T17:58:56.408+0000] {dag.py:3722} INFO - Setting next_dagrun for tutorial_dag to None, run_after=None
[2023-12-01T17:58:56.420+0000] {processor.py:179} INFO - Processing /home/airflow/.local/lib/python3.8/site-packages/airflow/example_dags/tutorial_dag.py took 0.038 seconds
[2023-12-01T17:59:27.099+0000] {processor.py:157} INFO - Started process (PID=367) to work on /home/airflow/.local/lib/python3.8/site-packages/airflow/example_dags/tutorial_dag.py
[2023-12-01T17:59:27.099+0000] {processor.py:829} INFO - Processing file /home/airflow/.local/lib/python3.8/site-packages/airflow/example_dags/tutorial_dag.py for tasks to queue
[2023-12-01T17:59:27.101+0000] {logging_mixin.py:154} INFO - [2023-12-01T17:59:27.101+0000] {dagbag.py:536} INFO - Filling up the DagBag from /home/airflow/.local/lib/python3.8/site-packages/airflow/example_dags/tutorial_dag.py
[2023-12-01T17:59:27.104+0000] {processor.py:839} INFO - DAG(s) dict_keys(['tutorial_dag']) retrieved from /home/airflow/.local/lib/python3.8/site-packages/airflow/example_dags/tutorial_dag.py
[2023-12-01T17:59:27.116+0000] {logging_mixin.py:154} INFO - [2023-12-01T17:59:27.116+0000] {dag.py:2941} INFO - Sync 1 DAGs
[2023-12-01T17:59:27.124+0000] {logging_mixin.py:154} INFO - [2023-12-01T17:59:27.124+0000] {dag.py:3722} INFO - Setting next_dagrun for tutorial_dag to None, run_after=None
[2023-12-01T17:59:27.135+0000] {processor.py:179} INFO - Processing /home/airflow/.local/lib/python3.8/site-packages/airflow/example_dags/tutorial_dag.py took 0.038 seconds
