[2023-12-01T17:41:51.754+0000] {processor.py:157} INFO - Started process (PID=94) to work on /home/airflow/.local/lib/python3.8/site-packages/airflow/example_dags/tutorial.py
[2023-12-01T17:41:51.755+0000] {processor.py:829} INFO - Processing file /home/airflow/.local/lib/python3.8/site-packages/airflow/example_dags/tutorial.py for tasks to queue
[2023-12-01T17:41:51.756+0000] {logging_mixin.py:154} INFO - [2023-12-01T17:41:51.756+0000] {dagbag.py:536} INFO - Filling up the DagBag from /home/airflow/.local/lib/python3.8/site-packages/airflow/example_dags/tutorial.py
[2023-12-01T17:41:51.760+0000] {processor.py:839} INFO - DAG(s) dict_keys(['tutorial']) retrieved from /home/airflow/.local/lib/python3.8/site-packages/airflow/example_dags/tutorial.py
[2023-12-01T17:41:51.767+0000] {logging_mixin.py:154} INFO - [2023-12-01T17:41:51.767+0000] {dag.py:2941} INFO - Sync 1 DAGs
[2023-12-01T17:41:51.784+0000] {logging_mixin.py:154} INFO - [2023-12-01T17:41:51.784+0000] {dag.py:3722} INFO - Setting next_dagrun for tutorial to 2023-11-30T17:41:51.783999+00:00, run_after=2023-12-01T17:41:51.783999+00:00
[2023-12-01T17:41:51.796+0000] {processor.py:179} INFO - Processing /home/airflow/.local/lib/python3.8/site-packages/airflow/example_dags/tutorial.py took 0.044 seconds
[2023-12-01T17:42:22.539+0000] {processor.py:157} INFO - Started process (PID=184) to work on /home/airflow/.local/lib/python3.8/site-packages/airflow/example_dags/tutorial.py
[2023-12-01T17:42:22.540+0000] {processor.py:829} INFO - Processing file /home/airflow/.local/lib/python3.8/site-packages/airflow/example_dags/tutorial.py for tasks to queue
[2023-12-01T17:42:22.541+0000] {logging_mixin.py:154} INFO - [2023-12-01T17:42:22.541+0000] {dagbag.py:536} INFO - Filling up the DagBag from /home/airflow/.local/lib/python3.8/site-packages/airflow/example_dags/tutorial.py
[2023-12-01T17:42:22.545+0000] {processor.py:839} INFO - DAG(s) dict_keys(['tutorial']) retrieved from /home/airflow/.local/lib/python3.8/site-packages/airflow/example_dags/tutorial.py
[2023-12-01T17:42:22.557+0000] {logging_mixin.py:154} INFO - [2023-12-01T17:42:22.557+0000] {dag.py:2941} INFO - Sync 1 DAGs
[2023-12-01T17:42:22.571+0000] {logging_mixin.py:154} INFO - [2023-12-01T17:42:22.571+0000] {dag.py:3722} INFO - Setting next_dagrun for tutorial to 2023-11-30T17:42:22.571325+00:00, run_after=2023-12-01T17:42:22.571325+00:00
[2023-12-01T17:42:22.582+0000] {processor.py:179} INFO - Processing /home/airflow/.local/lib/python3.8/site-packages/airflow/example_dags/tutorial.py took 0.045 seconds
[2023-12-01T17:42:53.155+0000] {processor.py:157} INFO - Started process (PID=274) to work on /home/airflow/.local/lib/python3.8/site-packages/airflow/example_dags/tutorial.py
[2023-12-01T17:42:53.155+0000] {processor.py:829} INFO - Processing file /home/airflow/.local/lib/python3.8/site-packages/airflow/example_dags/tutorial.py for tasks to queue
[2023-12-01T17:42:53.156+0000] {logging_mixin.py:154} INFO - [2023-12-01T17:42:53.156+0000] {dagbag.py:536} INFO - Filling up the DagBag from /home/airflow/.local/lib/python3.8/site-packages/airflow/example_dags/tutorial.py
[2023-12-01T17:42:53.160+0000] {processor.py:839} INFO - DAG(s) dict_keys(['tutorial']) retrieved from /home/airflow/.local/lib/python3.8/site-packages/airflow/example_dags/tutorial.py
[2023-12-01T17:42:53.172+0000] {logging_mixin.py:154} INFO - [2023-12-01T17:42:53.172+0000] {dag.py:2941} INFO - Sync 1 DAGs
[2023-12-01T17:42:53.186+0000] {logging_mixin.py:154} INFO - [2023-12-01T17:42:53.186+0000] {dag.py:3722} INFO - Setting next_dagrun for tutorial to 2023-11-30T17:42:53.186662+00:00, run_after=2023-12-01T17:42:53.186662+00:00
[2023-12-01T17:42:53.198+0000] {processor.py:179} INFO - Processing /home/airflow/.local/lib/python3.8/site-packages/airflow/example_dags/tutorial.py took 0.045 seconds
[2023-12-01T17:43:24.060+0000] {processor.py:157} INFO - Started process (PID=364) to work on /home/airflow/.local/lib/python3.8/site-packages/airflow/example_dags/tutorial.py
[2023-12-01T17:43:24.060+0000] {processor.py:829} INFO - Processing file /home/airflow/.local/lib/python3.8/site-packages/airflow/example_dags/tutorial.py for tasks to queue
[2023-12-01T17:43:24.061+0000] {logging_mixin.py:154} INFO - [2023-12-01T17:43:24.061+0000] {dagbag.py:536} INFO - Filling up the DagBag from /home/airflow/.local/lib/python3.8/site-packages/airflow/example_dags/tutorial.py
[2023-12-01T17:43:24.065+0000] {processor.py:839} INFO - DAG(s) dict_keys(['tutorial']) retrieved from /home/airflow/.local/lib/python3.8/site-packages/airflow/example_dags/tutorial.py
[2023-12-01T17:43:24.077+0000] {logging_mixin.py:154} INFO - [2023-12-01T17:43:24.077+0000] {dag.py:2941} INFO - Sync 1 DAGs
[2023-12-01T17:43:24.093+0000] {logging_mixin.py:154} INFO - [2023-12-01T17:43:24.092+0000] {dag.py:3722} INFO - Setting next_dagrun for tutorial to 2023-11-30T17:43:24.092635+00:00, run_after=2023-12-01T17:43:24.092635+00:00
[2023-12-01T17:43:24.104+0000] {processor.py:179} INFO - Processing /home/airflow/.local/lib/python3.8/site-packages/airflow/example_dags/tutorial.py took 0.046 seconds
[2023-12-01T17:43:55.237+0000] {processor.py:157} INFO - Started process (PID=454) to work on /home/airflow/.local/lib/python3.8/site-packages/airflow/example_dags/tutorial.py
[2023-12-01T17:43:55.238+0000] {processor.py:829} INFO - Processing file /home/airflow/.local/lib/python3.8/site-packages/airflow/example_dags/tutorial.py for tasks to queue
[2023-12-01T17:43:55.239+0000] {logging_mixin.py:154} INFO - [2023-12-01T17:43:55.239+0000] {dagbag.py:536} INFO - Filling up the DagBag from /home/airflow/.local/lib/python3.8/site-packages/airflow/example_dags/tutorial.py
[2023-12-01T17:43:55.243+0000] {processor.py:839} INFO - DAG(s) dict_keys(['tutorial']) retrieved from /home/airflow/.local/lib/python3.8/site-packages/airflow/example_dags/tutorial.py
[2023-12-01T17:43:55.255+0000] {logging_mixin.py:154} INFO - [2023-12-01T17:43:55.255+0000] {dag.py:2941} INFO - Sync 1 DAGs
[2023-12-01T17:43:55.274+0000] {logging_mixin.py:154} INFO - [2023-12-01T17:43:55.274+0000] {dag.py:3722} INFO - Setting next_dagrun for tutorial to 2023-11-30T17:43:55.274203+00:00, run_after=2023-12-01T17:43:55.274203+00:00
[2023-12-01T17:43:55.290+0000] {processor.py:179} INFO - Processing /home/airflow/.local/lib/python3.8/site-packages/airflow/example_dags/tutorial.py took 0.055 seconds
[2023-12-01T17:44:26.175+0000] {processor.py:157} INFO - Started process (PID=544) to work on /home/airflow/.local/lib/python3.8/site-packages/airflow/example_dags/tutorial.py
[2023-12-01T17:44:26.176+0000] {processor.py:829} INFO - Processing file /home/airflow/.local/lib/python3.8/site-packages/airflow/example_dags/tutorial.py for tasks to queue
[2023-12-01T17:44:26.177+0000] {logging_mixin.py:154} INFO - [2023-12-01T17:44:26.177+0000] {dagbag.py:536} INFO - Filling up the DagBag from /home/airflow/.local/lib/python3.8/site-packages/airflow/example_dags/tutorial.py
[2023-12-01T17:44:26.181+0000] {processor.py:839} INFO - DAG(s) dict_keys(['tutorial']) retrieved from /home/airflow/.local/lib/python3.8/site-packages/airflow/example_dags/tutorial.py
[2023-12-01T17:44:26.194+0000] {logging_mixin.py:154} INFO - [2023-12-01T17:44:26.194+0000] {dag.py:2941} INFO - Sync 1 DAGs
[2023-12-01T17:44:26.209+0000] {logging_mixin.py:154} INFO - [2023-12-01T17:44:26.209+0000] {dag.py:3722} INFO - Setting next_dagrun for tutorial to 2023-11-30T17:44:26.209139+00:00, run_after=2023-12-01T17:44:26.209139+00:00
[2023-12-01T17:44:26.222+0000] {processor.py:179} INFO - Processing /home/airflow/.local/lib/python3.8/site-packages/airflow/example_dags/tutorial.py took 0.048 seconds
[2023-12-01T17:45:23.241+0000] {processor.py:157} INFO - Started process (PID=94) to work on /home/airflow/.local/lib/python3.8/site-packages/airflow/example_dags/tutorial.py
[2023-12-01T17:45:23.241+0000] {processor.py:829} INFO - Processing file /home/airflow/.local/lib/python3.8/site-packages/airflow/example_dags/tutorial.py for tasks to queue
[2023-12-01T17:45:23.243+0000] {logging_mixin.py:154} INFO - [2023-12-01T17:45:23.242+0000] {dagbag.py:536} INFO - Filling up the DagBag from /home/airflow/.local/lib/python3.8/site-packages/airflow/example_dags/tutorial.py
[2023-12-01T17:45:23.247+0000] {processor.py:839} INFO - DAG(s) dict_keys(['tutorial']) retrieved from /home/airflow/.local/lib/python3.8/site-packages/airflow/example_dags/tutorial.py
[2023-12-01T17:45:23.254+0000] {logging_mixin.py:154} INFO - [2023-12-01T17:45:23.254+0000] {dag.py:2941} INFO - Sync 1 DAGs
[2023-12-01T17:45:23.270+0000] {logging_mixin.py:154} INFO - [2023-12-01T17:45:23.270+0000] {dag.py:3722} INFO - Setting next_dagrun for tutorial to 2023-11-30T17:45:23.270435+00:00, run_after=2023-12-01T17:45:23.270435+00:00
[2023-12-01T17:45:23.282+0000] {processor.py:179} INFO - Processing /home/airflow/.local/lib/python3.8/site-packages/airflow/example_dags/tutorial.py took 0.043 seconds
[2023-12-01T17:45:54.097+0000] {processor.py:157} INFO - Started process (PID=184) to work on /home/airflow/.local/lib/python3.8/site-packages/airflow/example_dags/tutorial.py
[2023-12-01T17:45:54.098+0000] {processor.py:829} INFO - Processing file /home/airflow/.local/lib/python3.8/site-packages/airflow/example_dags/tutorial.py for tasks to queue
[2023-12-01T17:45:54.099+0000] {logging_mixin.py:154} INFO - [2023-12-01T17:45:54.099+0000] {dagbag.py:536} INFO - Filling up the DagBag from /home/airflow/.local/lib/python3.8/site-packages/airflow/example_dags/tutorial.py
[2023-12-01T17:45:54.103+0000] {processor.py:839} INFO - DAG(s) dict_keys(['tutorial']) retrieved from /home/airflow/.local/lib/python3.8/site-packages/airflow/example_dags/tutorial.py
[2023-12-01T17:45:54.115+0000] {logging_mixin.py:154} INFO - [2023-12-01T17:45:54.115+0000] {dag.py:2941} INFO - Sync 1 DAGs
[2023-12-01T17:45:54.135+0000] {logging_mixin.py:154} INFO - [2023-12-01T17:45:54.134+0000] {dag.py:3722} INFO - Setting next_dagrun for tutorial to 2023-11-30T17:45:54.134779+00:00, run_after=2023-12-01T17:45:54.134779+00:00
[2023-12-01T17:45:54.147+0000] {processor.py:179} INFO - Processing /home/airflow/.local/lib/python3.8/site-packages/airflow/example_dags/tutorial.py took 0.052 seconds
[2023-12-01T17:46:25.251+0000] {processor.py:157} INFO - Started process (PID=274) to work on /home/airflow/.local/lib/python3.8/site-packages/airflow/example_dags/tutorial.py
[2023-12-01T17:46:25.251+0000] {processor.py:829} INFO - Processing file /home/airflow/.local/lib/python3.8/site-packages/airflow/example_dags/tutorial.py for tasks to queue
[2023-12-01T17:46:25.253+0000] {logging_mixin.py:154} INFO - [2023-12-01T17:46:25.252+0000] {dagbag.py:536} INFO - Filling up the DagBag from /home/airflow/.local/lib/python3.8/site-packages/airflow/example_dags/tutorial.py
[2023-12-01T17:46:25.256+0000] {processor.py:839} INFO - DAG(s) dict_keys(['tutorial']) retrieved from /home/airflow/.local/lib/python3.8/site-packages/airflow/example_dags/tutorial.py
[2023-12-01T17:46:25.271+0000] {logging_mixin.py:154} INFO - [2023-12-01T17:46:25.270+0000] {dag.py:2941} INFO - Sync 1 DAGs
[2023-12-01T17:46:25.287+0000] {logging_mixin.py:154} INFO - [2023-12-01T17:46:25.287+0000] {dag.py:3722} INFO - Setting next_dagrun for tutorial to 2023-11-30T17:46:25.287451+00:00, run_after=2023-12-01T17:46:25.287451+00:00
[2023-12-01T17:46:25.300+0000] {processor.py:179} INFO - Processing /home/airflow/.local/lib/python3.8/site-packages/airflow/example_dags/tutorial.py took 0.052 seconds
[2023-12-01T17:46:56.159+0000] {processor.py:157} INFO - Started process (PID=364) to work on /home/airflow/.local/lib/python3.8/site-packages/airflow/example_dags/tutorial.py
[2023-12-01T17:46:56.160+0000] {processor.py:829} INFO - Processing file /home/airflow/.local/lib/python3.8/site-packages/airflow/example_dags/tutorial.py for tasks to queue
[2023-12-01T17:46:56.161+0000] {logging_mixin.py:154} INFO - [2023-12-01T17:46:56.161+0000] {dagbag.py:536} INFO - Filling up the DagBag from /home/airflow/.local/lib/python3.8/site-packages/airflow/example_dags/tutorial.py
[2023-12-01T17:46:56.164+0000] {processor.py:839} INFO - DAG(s) dict_keys(['tutorial']) retrieved from /home/airflow/.local/lib/python3.8/site-packages/airflow/example_dags/tutorial.py
[2023-12-01T17:46:56.177+0000] {logging_mixin.py:154} INFO - [2023-12-01T17:46:56.177+0000] {dag.py:2941} INFO - Sync 1 DAGs
[2023-12-01T17:46:56.191+0000] {logging_mixin.py:154} INFO - [2023-12-01T17:46:56.191+0000] {dag.py:3722} INFO - Setting next_dagrun for tutorial to 2023-11-30T17:46:56.191546+00:00, run_after=2023-12-01T17:46:56.191546+00:00
[2023-12-01T17:46:56.202+0000] {processor.py:179} INFO - Processing /home/airflow/.local/lib/python3.8/site-packages/airflow/example_dags/tutorial.py took 0.045 seconds
[2023-12-01T17:47:54.435+0000] {processor.py:157} INFO - Started process (PID=94) to work on /home/airflow/.local/lib/python3.8/site-packages/airflow/example_dags/tutorial.py
[2023-12-01T17:47:54.435+0000] {processor.py:829} INFO - Processing file /home/airflow/.local/lib/python3.8/site-packages/airflow/example_dags/tutorial.py for tasks to queue
[2023-12-01T17:47:54.437+0000] {logging_mixin.py:154} INFO - [2023-12-01T17:47:54.437+0000] {dagbag.py:536} INFO - Filling up the DagBag from /home/airflow/.local/lib/python3.8/site-packages/airflow/example_dags/tutorial.py
[2023-12-01T17:47:54.441+0000] {processor.py:839} INFO - DAG(s) dict_keys(['tutorial']) retrieved from /home/airflow/.local/lib/python3.8/site-packages/airflow/example_dags/tutorial.py
[2023-12-01T17:47:54.449+0000] {logging_mixin.py:154} INFO - [2023-12-01T17:47:54.448+0000] {dag.py:2941} INFO - Sync 1 DAGs
[2023-12-01T17:47:54.465+0000] {logging_mixin.py:154} INFO - [2023-12-01T17:47:54.465+0000] {dag.py:3722} INFO - Setting next_dagrun for tutorial to 2023-11-30T17:47:54.465615+00:00, run_after=2023-12-01T17:47:54.465615+00:00
[2023-12-01T17:47:54.478+0000] {processor.py:179} INFO - Processing /home/airflow/.local/lib/python3.8/site-packages/airflow/example_dags/tutorial.py took 0.046 seconds
[2023-12-01T17:48:26.104+0000] {processor.py:157} INFO - Started process (PID=184) to work on /home/airflow/.local/lib/python3.8/site-packages/airflow/example_dags/tutorial.py
[2023-12-01T17:48:26.104+0000] {processor.py:829} INFO - Processing file /home/airflow/.local/lib/python3.8/site-packages/airflow/example_dags/tutorial.py for tasks to queue
[2023-12-01T17:48:26.106+0000] {logging_mixin.py:154} INFO - [2023-12-01T17:48:26.105+0000] {dagbag.py:536} INFO - Filling up the DagBag from /home/airflow/.local/lib/python3.8/site-packages/airflow/example_dags/tutorial.py
[2023-12-01T17:48:26.109+0000] {processor.py:839} INFO - DAG(s) dict_keys(['tutorial']) retrieved from /home/airflow/.local/lib/python3.8/site-packages/airflow/example_dags/tutorial.py
[2023-12-01T17:48:26.121+0000] {logging_mixin.py:154} INFO - [2023-12-01T17:48:26.121+0000] {dag.py:2941} INFO - Sync 1 DAGs
[2023-12-01T17:48:26.135+0000] {logging_mixin.py:154} INFO - [2023-12-01T17:48:26.135+0000] {dag.py:3722} INFO - Setting next_dagrun for tutorial to 2023-11-30T17:48:26.135662+00:00, run_after=2023-12-01T17:48:26.135662+00:00
[2023-12-01T17:48:26.147+0000] {processor.py:179} INFO - Processing /home/airflow/.local/lib/python3.8/site-packages/airflow/example_dags/tutorial.py took 0.045 seconds
[2023-12-01T17:48:56.235+0000] {processor.py:157} INFO - Started process (PID=274) to work on /home/airflow/.local/lib/python3.8/site-packages/airflow/example_dags/tutorial.py
[2023-12-01T17:48:56.236+0000] {processor.py:829} INFO - Processing file /home/airflow/.local/lib/python3.8/site-packages/airflow/example_dags/tutorial.py for tasks to queue
[2023-12-01T17:48:56.237+0000] {logging_mixin.py:154} INFO - [2023-12-01T17:48:56.237+0000] {dagbag.py:536} INFO - Filling up the DagBag from /home/airflow/.local/lib/python3.8/site-packages/airflow/example_dags/tutorial.py
[2023-12-01T17:48:56.241+0000] {processor.py:839} INFO - DAG(s) dict_keys(['tutorial']) retrieved from /home/airflow/.local/lib/python3.8/site-packages/airflow/example_dags/tutorial.py
[2023-12-01T17:48:56.255+0000] {logging_mixin.py:154} INFO - [2023-12-01T17:48:56.255+0000] {dag.py:2941} INFO - Sync 1 DAGs
[2023-12-01T17:48:56.270+0000] {logging_mixin.py:154} INFO - [2023-12-01T17:48:56.269+0000] {dag.py:3722} INFO - Setting next_dagrun for tutorial to 2023-11-30T17:48:56.269740+00:00, run_after=2023-12-01T17:48:56.269740+00:00
[2023-12-01T17:48:56.281+0000] {processor.py:179} INFO - Processing /home/airflow/.local/lib/python3.8/site-packages/airflow/example_dags/tutorial.py took 0.048 seconds
[2023-12-01T17:49:26.962+0000] {processor.py:157} INFO - Started process (PID=364) to work on /home/airflow/.local/lib/python3.8/site-packages/airflow/example_dags/tutorial.py
[2023-12-01T17:49:26.962+0000] {processor.py:829} INFO - Processing file /home/airflow/.local/lib/python3.8/site-packages/airflow/example_dags/tutorial.py for tasks to queue
[2023-12-01T17:49:26.964+0000] {logging_mixin.py:154} INFO - [2023-12-01T17:49:26.964+0000] {dagbag.py:536} INFO - Filling up the DagBag from /home/airflow/.local/lib/python3.8/site-packages/airflow/example_dags/tutorial.py
[2023-12-01T17:49:26.968+0000] {processor.py:839} INFO - DAG(s) dict_keys(['tutorial']) retrieved from /home/airflow/.local/lib/python3.8/site-packages/airflow/example_dags/tutorial.py
[2023-12-01T17:49:26.980+0000] {logging_mixin.py:154} INFO - [2023-12-01T17:49:26.980+0000] {dag.py:2941} INFO - Sync 1 DAGs
[2023-12-01T17:49:26.994+0000] {logging_mixin.py:154} INFO - [2023-12-01T17:49:26.994+0000] {dag.py:3722} INFO - Setting next_dagrun for tutorial to 2023-11-30T17:49:26.994531+00:00, run_after=2023-12-01T17:49:26.994531+00:00
[2023-12-01T17:49:27.005+0000] {processor.py:179} INFO - Processing /home/airflow/.local/lib/python3.8/site-packages/airflow/example_dags/tutorial.py took 0.045 seconds
[2023-12-01T17:49:58.027+0000] {processor.py:157} INFO - Started process (PID=454) to work on /home/airflow/.local/lib/python3.8/site-packages/airflow/example_dags/tutorial.py
[2023-12-01T17:49:58.027+0000] {processor.py:829} INFO - Processing file /home/airflow/.local/lib/python3.8/site-packages/airflow/example_dags/tutorial.py for tasks to queue
[2023-12-01T17:49:58.029+0000] {logging_mixin.py:154} INFO - [2023-12-01T17:49:58.029+0000] {dagbag.py:536} INFO - Filling up the DagBag from /home/airflow/.local/lib/python3.8/site-packages/airflow/example_dags/tutorial.py
[2023-12-01T17:49:58.032+0000] {processor.py:839} INFO - DAG(s) dict_keys(['tutorial']) retrieved from /home/airflow/.local/lib/python3.8/site-packages/airflow/example_dags/tutorial.py
[2023-12-01T17:49:58.046+0000] {logging_mixin.py:154} INFO - [2023-12-01T17:49:58.045+0000] {dag.py:2941} INFO - Sync 1 DAGs
[2023-12-01T17:49:58.061+0000] {logging_mixin.py:154} INFO - [2023-12-01T17:49:58.061+0000] {dag.py:3722} INFO - Setting next_dagrun for tutorial to 2023-11-30T17:49:58.061216+00:00, run_after=2023-12-01T17:49:58.061216+00:00
[2023-12-01T17:49:58.073+0000] {processor.py:179} INFO - Processing /home/airflow/.local/lib/python3.8/site-packages/airflow/example_dags/tutorial.py took 0.048 seconds
[2023-12-01T17:50:28.808+0000] {processor.py:157} INFO - Started process (PID=544) to work on /home/airflow/.local/lib/python3.8/site-packages/airflow/example_dags/tutorial.py
[2023-12-01T17:50:28.809+0000] {processor.py:829} INFO - Processing file /home/airflow/.local/lib/python3.8/site-packages/airflow/example_dags/tutorial.py for tasks to queue
[2023-12-01T17:50:28.810+0000] {logging_mixin.py:154} INFO - [2023-12-01T17:50:28.810+0000] {dagbag.py:536} INFO - Filling up the DagBag from /home/airflow/.local/lib/python3.8/site-packages/airflow/example_dags/tutorial.py
[2023-12-01T17:50:28.814+0000] {processor.py:839} INFO - DAG(s) dict_keys(['tutorial']) retrieved from /home/airflow/.local/lib/python3.8/site-packages/airflow/example_dags/tutorial.py
[2023-12-01T17:50:28.826+0000] {logging_mixin.py:154} INFO - [2023-12-01T17:50:28.825+0000] {dag.py:2941} INFO - Sync 1 DAGs
[2023-12-01T17:50:28.840+0000] {logging_mixin.py:154} INFO - [2023-12-01T17:50:28.840+0000] {dag.py:3722} INFO - Setting next_dagrun for tutorial to 2023-11-30T17:50:28.840619+00:00, run_after=2023-12-01T17:50:28.840619+00:00
[2023-12-01T17:50:28.852+0000] {processor.py:179} INFO - Processing /home/airflow/.local/lib/python3.8/site-packages/airflow/example_dags/tutorial.py took 0.046 seconds
[2023-12-01T17:50:59.815+0000] {processor.py:157} INFO - Started process (PID=634) to work on /home/airflow/.local/lib/python3.8/site-packages/airflow/example_dags/tutorial.py
[2023-12-01T17:50:59.816+0000] {processor.py:829} INFO - Processing file /home/airflow/.local/lib/python3.8/site-packages/airflow/example_dags/tutorial.py for tasks to queue
[2023-12-01T17:50:59.817+0000] {logging_mixin.py:154} INFO - [2023-12-01T17:50:59.817+0000] {dagbag.py:536} INFO - Filling up the DagBag from /home/airflow/.local/lib/python3.8/site-packages/airflow/example_dags/tutorial.py
[2023-12-01T17:50:59.821+0000] {processor.py:839} INFO - DAG(s) dict_keys(['tutorial']) retrieved from /home/airflow/.local/lib/python3.8/site-packages/airflow/example_dags/tutorial.py
[2023-12-01T17:50:59.833+0000] {logging_mixin.py:154} INFO - [2023-12-01T17:50:59.833+0000] {dag.py:2941} INFO - Sync 1 DAGs
[2023-12-01T17:50:59.848+0000] {logging_mixin.py:154} INFO - [2023-12-01T17:50:59.848+0000] {dag.py:3722} INFO - Setting next_dagrun for tutorial to 2023-11-30T17:50:59.848371+00:00, run_after=2023-12-01T17:50:59.848371+00:00
[2023-12-01T17:50:59.859+0000] {processor.py:179} INFO - Processing /home/airflow/.local/lib/python3.8/site-packages/airflow/example_dags/tutorial.py took 0.046 seconds
[2023-12-01T17:51:30.771+0000] {processor.py:157} INFO - Started process (PID=724) to work on /home/airflow/.local/lib/python3.8/site-packages/airflow/example_dags/tutorial.py
[2023-12-01T17:51:30.772+0000] {processor.py:829} INFO - Processing file /home/airflow/.local/lib/python3.8/site-packages/airflow/example_dags/tutorial.py for tasks to queue
[2023-12-01T17:51:30.773+0000] {logging_mixin.py:154} INFO - [2023-12-01T17:51:30.773+0000] {dagbag.py:536} INFO - Filling up the DagBag from /home/airflow/.local/lib/python3.8/site-packages/airflow/example_dags/tutorial.py
[2023-12-01T17:51:30.777+0000] {processor.py:839} INFO - DAG(s) dict_keys(['tutorial']) retrieved from /home/airflow/.local/lib/python3.8/site-packages/airflow/example_dags/tutorial.py
[2023-12-01T17:51:30.791+0000] {logging_mixin.py:154} INFO - [2023-12-01T17:51:30.790+0000] {dag.py:2941} INFO - Sync 1 DAGs
[2023-12-01T17:51:30.807+0000] {logging_mixin.py:154} INFO - [2023-12-01T17:51:30.807+0000] {dag.py:3722} INFO - Setting next_dagrun for tutorial to 2023-11-30T17:51:30.807257+00:00, run_after=2023-12-01T17:51:30.807257+00:00
[2023-12-01T17:51:30.819+0000] {processor.py:179} INFO - Processing /home/airflow/.local/lib/python3.8/site-packages/airflow/example_dags/tutorial.py took 0.050 seconds
[2023-12-01T17:54:19.459+0000] {processor.py:157} INFO - Started process (PID=94) to work on /home/airflow/.local/lib/python3.8/site-packages/airflow/example_dags/tutorial.py
[2023-12-01T17:54:19.460+0000] {processor.py:829} INFO - Processing file /home/airflow/.local/lib/python3.8/site-packages/airflow/example_dags/tutorial.py for tasks to queue
[2023-12-01T17:54:19.461+0000] {logging_mixin.py:154} INFO - [2023-12-01T17:54:19.461+0000] {dagbag.py:536} INFO - Filling up the DagBag from /home/airflow/.local/lib/python3.8/site-packages/airflow/example_dags/tutorial.py
[2023-12-01T17:54:19.465+0000] {processor.py:839} INFO - DAG(s) dict_keys(['tutorial']) retrieved from /home/airflow/.local/lib/python3.8/site-packages/airflow/example_dags/tutorial.py
[2023-12-01T17:54:19.472+0000] {logging_mixin.py:154} INFO - [2023-12-01T17:54:19.472+0000] {dag.py:2941} INFO - Sync 1 DAGs
[2023-12-01T17:54:19.489+0000] {logging_mixin.py:154} INFO - [2023-12-01T17:54:19.489+0000] {dag.py:3722} INFO - Setting next_dagrun for tutorial to 2023-11-30T17:54:19.489131+00:00, run_after=2023-12-01T17:54:19.489131+00:00
[2023-12-01T17:54:19.502+0000] {processor.py:179} INFO - Processing /home/airflow/.local/lib/python3.8/site-packages/airflow/example_dags/tutorial.py took 0.045 seconds
[2023-12-01T17:54:50.039+0000] {processor.py:157} INFO - Started process (PID=184) to work on /home/airflow/.local/lib/python3.8/site-packages/airflow/example_dags/tutorial.py
[2023-12-01T17:54:50.040+0000] {processor.py:829} INFO - Processing file /home/airflow/.local/lib/python3.8/site-packages/airflow/example_dags/tutorial.py for tasks to queue
[2023-12-01T17:54:50.041+0000] {logging_mixin.py:154} INFO - [2023-12-01T17:54:50.041+0000] {dagbag.py:536} INFO - Filling up the DagBag from /home/airflow/.local/lib/python3.8/site-packages/airflow/example_dags/tutorial.py
[2023-12-01T17:54:50.044+0000] {processor.py:839} INFO - DAG(s) dict_keys(['tutorial']) retrieved from /home/airflow/.local/lib/python3.8/site-packages/airflow/example_dags/tutorial.py
[2023-12-01T17:54:50.056+0000] {logging_mixin.py:154} INFO - [2023-12-01T17:54:50.056+0000] {dag.py:2941} INFO - Sync 1 DAGs
[2023-12-01T17:54:50.071+0000] {logging_mixin.py:154} INFO - [2023-12-01T17:54:50.070+0000] {dag.py:3722} INFO - Setting next_dagrun for tutorial to 2023-11-30T17:54:50.070607+00:00, run_after=2023-12-01T17:54:50.070607+00:00
[2023-12-01T17:54:50.083+0000] {processor.py:179} INFO - Processing /home/airflow/.local/lib/python3.8/site-packages/airflow/example_dags/tutorial.py took 0.046 seconds
[2023-12-01T17:55:21.063+0000] {processor.py:157} INFO - Started process (PID=274) to work on /home/airflow/.local/lib/python3.8/site-packages/airflow/example_dags/tutorial.py
[2023-12-01T17:55:21.063+0000] {processor.py:829} INFO - Processing file /home/airflow/.local/lib/python3.8/site-packages/airflow/example_dags/tutorial.py for tasks to queue
[2023-12-01T17:55:21.064+0000] {logging_mixin.py:154} INFO - [2023-12-01T17:55:21.064+0000] {dagbag.py:536} INFO - Filling up the DagBag from /home/airflow/.local/lib/python3.8/site-packages/airflow/example_dags/tutorial.py
[2023-12-01T17:55:21.068+0000] {processor.py:839} INFO - DAG(s) dict_keys(['tutorial']) retrieved from /home/airflow/.local/lib/python3.8/site-packages/airflow/example_dags/tutorial.py
[2023-12-01T17:55:21.081+0000] {logging_mixin.py:154} INFO - [2023-12-01T17:55:21.081+0000] {dag.py:2941} INFO - Sync 1 DAGs
[2023-12-01T17:55:21.095+0000] {logging_mixin.py:154} INFO - [2023-12-01T17:55:21.095+0000] {dag.py:3722} INFO - Setting next_dagrun for tutorial to 2023-11-30T17:55:21.095183+00:00, run_after=2023-12-01T17:55:21.095183+00:00
[2023-12-01T17:55:21.106+0000] {processor.py:179} INFO - Processing /home/airflow/.local/lib/python3.8/site-packages/airflow/example_dags/tutorial.py took 0.045 seconds
[2023-12-01T17:55:51.763+0000] {processor.py:157} INFO - Started process (PID=364) to work on /home/airflow/.local/lib/python3.8/site-packages/airflow/example_dags/tutorial.py
[2023-12-01T17:55:51.763+0000] {processor.py:829} INFO - Processing file /home/airflow/.local/lib/python3.8/site-packages/airflow/example_dags/tutorial.py for tasks to queue
[2023-12-01T17:55:51.765+0000] {logging_mixin.py:154} INFO - [2023-12-01T17:55:51.764+0000] {dagbag.py:536} INFO - Filling up the DagBag from /home/airflow/.local/lib/python3.8/site-packages/airflow/example_dags/tutorial.py
[2023-12-01T17:55:51.768+0000] {processor.py:839} INFO - DAG(s) dict_keys(['tutorial']) retrieved from /home/airflow/.local/lib/python3.8/site-packages/airflow/example_dags/tutorial.py
[2023-12-01T17:55:51.781+0000] {logging_mixin.py:154} INFO - [2023-12-01T17:55:51.781+0000] {dag.py:2941} INFO - Sync 1 DAGs
[2023-12-01T17:55:51.795+0000] {logging_mixin.py:154} INFO - [2023-12-01T17:55:51.795+0000] {dag.py:3722} INFO - Setting next_dagrun for tutorial to 2023-11-30T17:55:51.794929+00:00, run_after=2023-12-01T17:55:51.794929+00:00
[2023-12-01T17:55:51.806+0000] {processor.py:179} INFO - Processing /home/airflow/.local/lib/python3.8/site-packages/airflow/example_dags/tutorial.py took 0.045 seconds
[2023-12-01T17:56:22.721+0000] {processor.py:157} INFO - Started process (PID=454) to work on /home/airflow/.local/lib/python3.8/site-packages/airflow/example_dags/tutorial.py
[2023-12-01T17:56:22.721+0000] {processor.py:829} INFO - Processing file /home/airflow/.local/lib/python3.8/site-packages/airflow/example_dags/tutorial.py for tasks to queue
[2023-12-01T17:56:22.722+0000] {logging_mixin.py:154} INFO - [2023-12-01T17:56:22.722+0000] {dagbag.py:536} INFO - Filling up the DagBag from /home/airflow/.local/lib/python3.8/site-packages/airflow/example_dags/tutorial.py
[2023-12-01T17:56:22.726+0000] {processor.py:839} INFO - DAG(s) dict_keys(['tutorial']) retrieved from /home/airflow/.local/lib/python3.8/site-packages/airflow/example_dags/tutorial.py
[2023-12-01T17:56:22.738+0000] {logging_mixin.py:154} INFO - [2023-12-01T17:56:22.738+0000] {dag.py:2941} INFO - Sync 1 DAGs
[2023-12-01T17:56:22.753+0000] {logging_mixin.py:154} INFO - [2023-12-01T17:56:22.753+0000] {dag.py:3722} INFO - Setting next_dagrun for tutorial to 2023-11-30T17:56:22.753292+00:00, run_after=2023-12-01T17:56:22.753292+00:00
[2023-12-01T17:56:22.765+0000] {processor.py:179} INFO - Processing /home/airflow/.local/lib/python3.8/site-packages/airflow/example_dags/tutorial.py took 0.046 seconds
[2023-12-01T17:56:53.299+0000] {processor.py:157} INFO - Started process (PID=544) to work on /home/airflow/.local/lib/python3.8/site-packages/airflow/example_dags/tutorial.py
[2023-12-01T17:56:53.300+0000] {processor.py:829} INFO - Processing file /home/airflow/.local/lib/python3.8/site-packages/airflow/example_dags/tutorial.py for tasks to queue
[2023-12-01T17:56:53.301+0000] {logging_mixin.py:154} INFO - [2023-12-01T17:56:53.301+0000] {dagbag.py:536} INFO - Filling up the DagBag from /home/airflow/.local/lib/python3.8/site-packages/airflow/example_dags/tutorial.py
[2023-12-01T17:56:53.304+0000] {processor.py:839} INFO - DAG(s) dict_keys(['tutorial']) retrieved from /home/airflow/.local/lib/python3.8/site-packages/airflow/example_dags/tutorial.py
[2023-12-01T17:56:53.317+0000] {logging_mixin.py:154} INFO - [2023-12-01T17:56:53.317+0000] {dag.py:2941} INFO - Sync 1 DAGs
[2023-12-01T17:56:53.331+0000] {logging_mixin.py:154} INFO - [2023-12-01T17:56:53.331+0000] {dag.py:3722} INFO - Setting next_dagrun for tutorial to 2023-11-30T17:56:53.331593+00:00, run_after=2023-12-01T17:56:53.331593+00:00
[2023-12-01T17:56:53.343+0000] {processor.py:179} INFO - Processing /home/airflow/.local/lib/python3.8/site-packages/airflow/example_dags/tutorial.py took 0.045 seconds
[2023-12-01T17:57:54.911+0000] {processor.py:157} INFO - Started process (PID=94) to work on /home/airflow/.local/lib/python3.8/site-packages/airflow/example_dags/tutorial.py
[2023-12-01T17:57:54.912+0000] {processor.py:829} INFO - Processing file /home/airflow/.local/lib/python3.8/site-packages/airflow/example_dags/tutorial.py for tasks to queue
[2023-12-01T17:57:54.913+0000] {logging_mixin.py:154} INFO - [2023-12-01T17:57:54.913+0000] {dagbag.py:536} INFO - Filling up the DagBag from /home/airflow/.local/lib/python3.8/site-packages/airflow/example_dags/tutorial.py
[2023-12-01T17:57:54.917+0000] {processor.py:839} INFO - DAG(s) dict_keys(['tutorial']) retrieved from /home/airflow/.local/lib/python3.8/site-packages/airflow/example_dags/tutorial.py
[2023-12-01T17:57:54.926+0000] {logging_mixin.py:154} INFO - [2023-12-01T17:57:54.926+0000] {dag.py:2941} INFO - Sync 1 DAGs
[2023-12-01T17:57:54.950+0000] {logging_mixin.py:154} INFO - [2023-12-01T17:57:54.949+0000] {dag.py:3722} INFO - Setting next_dagrun for tutorial to 2023-11-30T17:57:54.949608+00:00, run_after=2023-12-01T17:57:54.949608+00:00
[2023-12-01T17:57:54.964+0000] {processor.py:179} INFO - Processing /home/airflow/.local/lib/python3.8/site-packages/airflow/example_dags/tutorial.py took 0.054 seconds
[2023-12-01T17:58:25.582+0000] {processor.py:157} INFO - Started process (PID=184) to work on /home/airflow/.local/lib/python3.8/site-packages/airflow/example_dags/tutorial.py
[2023-12-01T17:58:25.583+0000] {processor.py:829} INFO - Processing file /home/airflow/.local/lib/python3.8/site-packages/airflow/example_dags/tutorial.py for tasks to queue
[2023-12-01T17:58:25.584+0000] {logging_mixin.py:154} INFO - [2023-12-01T17:58:25.584+0000] {dagbag.py:536} INFO - Filling up the DagBag from /home/airflow/.local/lib/python3.8/site-packages/airflow/example_dags/tutorial.py
[2023-12-01T17:58:25.588+0000] {processor.py:839} INFO - DAG(s) dict_keys(['tutorial']) retrieved from /home/airflow/.local/lib/python3.8/site-packages/airflow/example_dags/tutorial.py
[2023-12-01T17:58:25.601+0000] {logging_mixin.py:154} INFO - [2023-12-01T17:58:25.600+0000] {dag.py:2941} INFO - Sync 1 DAGs
[2023-12-01T17:58:25.615+0000] {logging_mixin.py:154} INFO - [2023-12-01T17:58:25.615+0000] {dag.py:3722} INFO - Setting next_dagrun for tutorial to 2023-11-30T17:58:25.614923+00:00, run_after=2023-12-01T17:58:25.614923+00:00
[2023-12-01T17:58:25.626+0000] {processor.py:179} INFO - Processing /home/airflow/.local/lib/python3.8/site-packages/airflow/example_dags/tutorial.py took 0.046 seconds
[2023-12-01T17:58:56.303+0000] {processor.py:157} INFO - Started process (PID=274) to work on /home/airflow/.local/lib/python3.8/site-packages/airflow/example_dags/tutorial.py
[2023-12-01T17:58:56.303+0000] {processor.py:829} INFO - Processing file /home/airflow/.local/lib/python3.8/site-packages/airflow/example_dags/tutorial.py for tasks to queue
[2023-12-01T17:58:56.305+0000] {logging_mixin.py:154} INFO - [2023-12-01T17:58:56.304+0000] {dagbag.py:536} INFO - Filling up the DagBag from /home/airflow/.local/lib/python3.8/site-packages/airflow/example_dags/tutorial.py
[2023-12-01T17:58:56.308+0000] {processor.py:839} INFO - DAG(s) dict_keys(['tutorial']) retrieved from /home/airflow/.local/lib/python3.8/site-packages/airflow/example_dags/tutorial.py
[2023-12-01T17:58:56.321+0000] {logging_mixin.py:154} INFO - [2023-12-01T17:58:56.321+0000] {dag.py:2941} INFO - Sync 1 DAGs
[2023-12-01T17:58:56.336+0000] {logging_mixin.py:154} INFO - [2023-12-01T17:58:56.336+0000] {dag.py:3722} INFO - Setting next_dagrun for tutorial to 2023-11-30T17:58:56.336258+00:00, run_after=2023-12-01T17:58:56.336258+00:00
[2023-12-01T17:58:56.348+0000] {processor.py:179} INFO - Processing /home/airflow/.local/lib/python3.8/site-packages/airflow/example_dags/tutorial.py took 0.047 seconds
[2023-12-01T17:59:27.024+0000] {processor.py:157} INFO - Started process (PID=364) to work on /home/airflow/.local/lib/python3.8/site-packages/airflow/example_dags/tutorial.py
[2023-12-01T17:59:27.025+0000] {processor.py:829} INFO - Processing file /home/airflow/.local/lib/python3.8/site-packages/airflow/example_dags/tutorial.py for tasks to queue
[2023-12-01T17:59:27.026+0000] {logging_mixin.py:154} INFO - [2023-12-01T17:59:27.026+0000] {dagbag.py:536} INFO - Filling up the DagBag from /home/airflow/.local/lib/python3.8/site-packages/airflow/example_dags/tutorial.py
[2023-12-01T17:59:27.030+0000] {processor.py:839} INFO - DAG(s) dict_keys(['tutorial']) retrieved from /home/airflow/.local/lib/python3.8/site-packages/airflow/example_dags/tutorial.py
[2023-12-01T17:59:27.042+0000] {logging_mixin.py:154} INFO - [2023-12-01T17:59:27.042+0000] {dag.py:2941} INFO - Sync 1 DAGs
[2023-12-01T17:59:27.057+0000] {logging_mixin.py:154} INFO - [2023-12-01T17:59:27.057+0000] {dag.py:3722} INFO - Setting next_dagrun for tutorial to 2023-11-30T17:59:27.057161+00:00, run_after=2023-12-01T17:59:27.057161+00:00
[2023-12-01T17:59:27.068+0000] {processor.py:179} INFO - Processing /home/airflow/.local/lib/python3.8/site-packages/airflow/example_dags/tutorial.py took 0.046 seconds
