[2023-12-01T17:58:13.314+0000] {taskinstance.py:1159} INFO - Dependencies all met for dep_context=non-requeueable deps ti=<TaskInstance: heart_attack_classification.read_csv manual__2023-12-01T17:58:12.041533+00:00 [queued]>
[2023-12-01T17:58:13.320+0000] {taskinstance.py:1159} INFO - Dependencies all met for dep_context=requeueable deps ti=<TaskInstance: heart_attack_classification.read_csv manual__2023-12-01T17:58:12.041533+00:00 [queued]>
[2023-12-01T17:58:13.320+0000] {taskinstance.py:1361} INFO - Starting attempt 1 of 3
[2023-12-01T17:58:13.330+0000] {taskinstance.py:1382} INFO - Executing <Task(PythonOperator): read_csv> on 2023-12-01 17:58:12.041533+00:00
[2023-12-01T17:58:13.336+0000] {standard_task_runner.py:57} INFO - Started process 102 to run task
[2023-12-01T17:58:13.337+0000] {standard_task_runner.py:84} INFO - Running: ['***', 'tasks', 'run', 'heart_attack_classification', 'read_csv', 'manual__2023-12-01T17:58:12.041533+00:00', '--job-id', '73', '--raw', '--subdir', 'DAGS_FOLDER/ml_pipeline.py', '--cfg-path', '/tmp/tmpnkdjsiap']
[2023-12-01T17:58:13.338+0000] {standard_task_runner.py:85} INFO - Job 73: Subtask read_csv
[2023-12-01T17:58:13.368+0000] {task_command.py:416} INFO - Running <TaskInstance: heart_attack_classification.read_csv manual__2023-12-01T17:58:12.041533+00:00 [running]> on host 9c3d798934ef
[2023-12-01T17:58:13.420+0000] {taskinstance.py:1662} INFO - Exporting env vars: AIRFLOW_CTX_DAG_OWNER='jino' AIRFLOW_CTX_DAG_ID='heart_attack_classification' AIRFLOW_CTX_TASK_ID='read_csv' AIRFLOW_CTX_EXECUTION_DATE='2023-12-01T17:58:12.041533+00:00' AIRFLOW_CTX_TRY_NUMBER='1' AIRFLOW_CTX_DAG_RUN_ID='manual__2023-12-01T17:58:12.041533+00:00'
[2023-12-01T17:58:13.428+0000] {python.py:194} INFO - Done. Returned value was:      Age Sex ChestPainType  ...  Oldpeak  ST_Slope  HeartDisease
0     40   M           ATA  ...      0.0        Up             0
1     49   F           NAP  ...      1.0      Flat             1
2     37   M           ATA  ...      0.0        Up             0
3     48   F           ASY  ...      1.5      Flat             1
4     54   M           NAP  ...      0.0        Up             0
..   ...  ..           ...  ...      ...       ...           ...
913   45   M            TA  ...      1.2      Flat             1
914   68   M           ASY  ...      3.4      Flat             1
915   57   M           ASY  ...      1.2      Flat             1
916   57   F           ATA  ...      0.0      Flat             1
917   38   M           NAP  ...      0.0        Up             0

[918 rows x 12 columns]
[2023-12-01T17:58:13.494+0000] {taskinstance.py:1400} INFO - Marking task as SUCCESS. dag_id=heart_attack_classification, task_id=read_csv, execution_date=20231201T175812, start_date=20231201T175813, end_date=20231201T175813
[2023-12-01T17:58:13.511+0000] {local_task_job_runner.py:228} INFO - Task exited with return code 0
[2023-12-01T17:58:13.529+0000] {taskinstance.py:2778} INFO - 1 downstream tasks scheduled from follow-on schedule check
