[2023-11-23T11:38:42.332+0000] {processor.py:157} INFO - Started process (PID=43) to work on /opt/airflow/dags/first_dag.py
[2023-11-23T11:38:42.332+0000] {processor.py:829} INFO - Processing file /opt/airflow/dags/first_dag.py for tasks to queue
[2023-11-23T11:38:42.334+0000] {logging_mixin.py:154} INFO - [2023-11-23T11:38:42.334+0000] {dagbag.py:536} INFO - Filling up the DagBag from /opt/airflow/dags/first_dag.py
[2023-11-23T11:38:43.216+0000] {logging_mixin.py:154} INFO - All Dag modules are ok ......
[2023-11-23T11:38:43.221+0000] {processor.py:839} INFO - DAG(s) dict_keys(['first_dag']) retrieved from /opt/airflow/dags/first_dag.py
[2023-11-23T11:38:43.363+0000] {logging_mixin.py:154} INFO - [2023-11-23T11:38:43.362+0000] {manager.py:499} INFO - Created Permission View: %s
[2023-11-23T11:38:43.371+0000] {logging_mixin.py:154} INFO - [2023-11-23T11:38:43.371+0000] {manager.py:499} INFO - Created Permission View: %s
[2023-11-23T11:38:43.375+0000] {logging_mixin.py:154} INFO - [2023-11-23T11:38:43.375+0000] {manager.py:499} INFO - Created Permission View: %s
[2023-11-23T11:38:43.376+0000] {logging_mixin.py:154} INFO - [2023-11-23T11:38:43.376+0000] {dag.py:2941} INFO - Sync 1 DAGs
[2023-11-23T11:38:43.384+0000] {logging_mixin.py:154} INFO - [2023-11-23T11:38:43.384+0000] {dag.py:2963} INFO - Creating ORM DAG for first_dag
[2023-11-23T11:38:43.392+0000] {logging_mixin.py:154} INFO - [2023-11-23T11:38:43.392+0000] {dag.py:3722} INFO - Setting next_dagrun for first_dag to 2023-11-22T00:00:00+00:00, run_after=2023-11-23T00:00:00+00:00
[2023-11-23T11:38:43.404+0000] {processor.py:179} INFO - Processing /opt/airflow/dags/first_dag.py took 1.074 seconds
[2023-11-23T11:39:13.516+0000] {processor.py:157} INFO - Started process (PID=101) to work on /opt/airflow/dags/first_dag.py
[2023-11-23T11:39:13.516+0000] {processor.py:829} INFO - Processing file /opt/airflow/dags/first_dag.py for tasks to queue
[2023-11-23T11:39:13.517+0000] {logging_mixin.py:154} INFO - [2023-11-23T11:39:13.517+0000] {dagbag.py:536} INFO - Filling up the DagBag from /opt/airflow/dags/first_dag.py
[2023-11-23T11:39:13.825+0000] {logging_mixin.py:154} INFO - All Dag modules are ok ......
[2023-11-23T11:39:13.828+0000] {processor.py:839} INFO - DAG(s) dict_keys(['first_dag']) retrieved from /opt/airflow/dags/first_dag.py
[2023-11-23T11:39:13.839+0000] {logging_mixin.py:154} INFO - [2023-11-23T11:39:13.838+0000] {dag.py:2941} INFO - Sync 1 DAGs
[2023-11-23T11:39:13.853+0000] {logging_mixin.py:154} INFO - [2023-11-23T11:39:13.853+0000] {dag.py:3722} INFO - Setting next_dagrun for first_dag to 2023-11-22T00:00:00+00:00, run_after=2023-11-23T00:00:00+00:00
[2023-11-23T11:39:13.865+0000] {processor.py:179} INFO - Processing /opt/airflow/dags/first_dag.py took 0.351 seconds
[2023-11-23T11:39:44.672+0000] {processor.py:157} INFO - Started process (PID=157) to work on /opt/airflow/dags/first_dag.py
[2023-11-23T11:39:44.672+0000] {processor.py:829} INFO - Processing file /opt/airflow/dags/first_dag.py for tasks to queue
[2023-11-23T11:39:44.673+0000] {logging_mixin.py:154} INFO - [2023-11-23T11:39:44.673+0000] {dagbag.py:536} INFO - Filling up the DagBag from /opt/airflow/dags/first_dag.py
[2023-11-23T11:39:44.977+0000] {logging_mixin.py:154} INFO - All Dag modules are ok ......
[2023-11-23T11:39:44.980+0000] {processor.py:839} INFO - DAG(s) dict_keys(['first_dag']) retrieved from /opt/airflow/dags/first_dag.py
[2023-11-23T11:39:44.991+0000] {logging_mixin.py:154} INFO - [2023-11-23T11:39:44.991+0000] {dag.py:2941} INFO - Sync 1 DAGs
[2023-11-23T11:39:45.006+0000] {logging_mixin.py:154} INFO - [2023-11-23T11:39:45.006+0000] {dag.py:3722} INFO - Setting next_dagrun for first_dag to 2023-11-22T00:00:00+00:00, run_after=2023-11-23T00:00:00+00:00
[2023-11-23T11:39:45.017+0000] {processor.py:179} INFO - Processing /opt/airflow/dags/first_dag.py took 0.347 seconds
[2023-11-23T11:40:15.883+0000] {processor.py:157} INFO - Started process (PID=213) to work on /opt/airflow/dags/first_dag.py
[2023-11-23T11:40:15.884+0000] {processor.py:829} INFO - Processing file /opt/airflow/dags/first_dag.py for tasks to queue
[2023-11-23T11:40:15.885+0000] {logging_mixin.py:154} INFO - [2023-11-23T11:40:15.885+0000] {dagbag.py:536} INFO - Filling up the DagBag from /opt/airflow/dags/first_dag.py
[2023-11-23T11:40:16.210+0000] {logging_mixin.py:154} INFO - All Dag modules are ok ......
[2023-11-23T11:40:16.213+0000] {processor.py:839} INFO - DAG(s) dict_keys(['first_dag']) retrieved from /opt/airflow/dags/first_dag.py
[2023-11-23T11:40:16.226+0000] {logging_mixin.py:154} INFO - [2023-11-23T11:40:16.225+0000] {dag.py:2941} INFO - Sync 1 DAGs
[2023-11-23T11:40:16.242+0000] {logging_mixin.py:154} INFO - [2023-11-23T11:40:16.242+0000] {dag.py:3722} INFO - Setting next_dagrun for first_dag to 2023-11-22T00:00:00+00:00, run_after=2023-11-23T00:00:00+00:00
[2023-11-23T11:40:16.255+0000] {processor.py:179} INFO - Processing /opt/airflow/dags/first_dag.py took 0.373 seconds
[2023-11-23T11:40:46.977+0000] {processor.py:157} INFO - Started process (PID=269) to work on /opt/airflow/dags/first_dag.py
[2023-11-23T11:40:46.978+0000] {processor.py:829} INFO - Processing file /opt/airflow/dags/first_dag.py for tasks to queue
[2023-11-23T11:40:46.979+0000] {logging_mixin.py:154} INFO - [2023-11-23T11:40:46.979+0000] {dagbag.py:536} INFO - Filling up the DagBag from /opt/airflow/dags/first_dag.py
[2023-11-23T11:40:47.284+0000] {logging_mixin.py:154} INFO - All Dag modules are ok ......
[2023-11-23T11:40:47.287+0000] {processor.py:839} INFO - DAG(s) dict_keys(['first_dag']) retrieved from /opt/airflow/dags/first_dag.py
[2023-11-23T11:40:47.299+0000] {logging_mixin.py:154} INFO - [2023-11-23T11:40:47.299+0000] {dag.py:2941} INFO - Sync 1 DAGs
[2023-11-23T11:40:47.314+0000] {logging_mixin.py:154} INFO - [2023-11-23T11:40:47.314+0000] {dag.py:3722} INFO - Setting next_dagrun for first_dag to 2023-11-22T00:00:00+00:00, run_after=2023-11-23T00:00:00+00:00
[2023-11-23T11:40:47.325+0000] {processor.py:179} INFO - Processing /opt/airflow/dags/first_dag.py took 0.350 seconds
[2023-11-23T11:41:18.166+0000] {processor.py:157} INFO - Started process (PID=325) to work on /opt/airflow/dags/first_dag.py
[2023-11-23T11:41:18.167+0000] {processor.py:829} INFO - Processing file /opt/airflow/dags/first_dag.py for tasks to queue
[2023-11-23T11:41:18.168+0000] {logging_mixin.py:154} INFO - [2023-11-23T11:41:18.168+0000] {dagbag.py:536} INFO - Filling up the DagBag from /opt/airflow/dags/first_dag.py
[2023-11-23T11:41:18.459+0000] {logging_mixin.py:154} INFO - All Dag modules are ok ......
[2023-11-23T11:41:18.462+0000] {processor.py:839} INFO - DAG(s) dict_keys(['first_dag']) retrieved from /opt/airflow/dags/first_dag.py
[2023-11-23T11:41:18.472+0000] {logging_mixin.py:154} INFO - [2023-11-23T11:41:18.472+0000] {dag.py:2941} INFO - Sync 1 DAGs
[2023-11-23T11:41:18.487+0000] {logging_mixin.py:154} INFO - [2023-11-23T11:41:18.487+0000] {dag.py:3722} INFO - Setting next_dagrun for first_dag to 2023-11-22T00:00:00+00:00, run_after=2023-11-23T00:00:00+00:00
[2023-11-23T11:41:18.499+0000] {processor.py:179} INFO - Processing /opt/airflow/dags/first_dag.py took 0.335 seconds
[2023-11-23T11:41:49.405+0000] {processor.py:157} INFO - Started process (PID=381) to work on /opt/airflow/dags/first_dag.py
[2023-11-23T11:41:49.405+0000] {processor.py:829} INFO - Processing file /opt/airflow/dags/first_dag.py for tasks to queue
[2023-11-23T11:41:49.406+0000] {logging_mixin.py:154} INFO - [2023-11-23T11:41:49.406+0000] {dagbag.py:536} INFO - Filling up the DagBag from /opt/airflow/dags/first_dag.py
[2023-11-23T11:41:49.727+0000] {logging_mixin.py:154} INFO - All Dag modules are ok ......
[2023-11-23T11:41:49.730+0000] {processor.py:839} INFO - DAG(s) dict_keys(['first_dag']) retrieved from /opt/airflow/dags/first_dag.py
[2023-11-23T11:41:49.741+0000] {logging_mixin.py:154} INFO - [2023-11-23T11:41:49.741+0000] {dag.py:2941} INFO - Sync 1 DAGs
[2023-11-23T11:41:49.758+0000] {logging_mixin.py:154} INFO - [2023-11-23T11:41:49.758+0000] {dag.py:3722} INFO - Setting next_dagrun for first_dag to 2023-11-22T00:00:00+00:00, run_after=2023-11-23T00:00:00+00:00
[2023-11-23T11:41:49.771+0000] {processor.py:179} INFO - Processing /opt/airflow/dags/first_dag.py took 0.368 seconds
[2023-11-23T11:42:20.559+0000] {processor.py:157} INFO - Started process (PID=437) to work on /opt/airflow/dags/first_dag.py
[2023-11-23T11:42:20.559+0000] {processor.py:829} INFO - Processing file /opt/airflow/dags/first_dag.py for tasks to queue
[2023-11-23T11:42:20.561+0000] {logging_mixin.py:154} INFO - [2023-11-23T11:42:20.560+0000] {dagbag.py:536} INFO - Filling up the DagBag from /opt/airflow/dags/first_dag.py
[2023-11-23T11:42:20.868+0000] {logging_mixin.py:154} INFO - All Dag modules are ok ......
[2023-11-23T11:42:20.871+0000] {processor.py:839} INFO - DAG(s) dict_keys(['first_dag']) retrieved from /opt/airflow/dags/first_dag.py
[2023-11-23T11:42:20.882+0000] {logging_mixin.py:154} INFO - [2023-11-23T11:42:20.881+0000] {dag.py:2941} INFO - Sync 1 DAGs
[2023-11-23T11:42:20.897+0000] {logging_mixin.py:154} INFO - [2023-11-23T11:42:20.897+0000] {dag.py:3722} INFO - Setting next_dagrun for first_dag to 2023-11-23T00:00:00+00:00, run_after=2023-11-24T00:00:00+00:00
[2023-11-23T11:42:20.908+0000] {processor.py:179} INFO - Processing /opt/airflow/dags/first_dag.py took 0.352 seconds
[2023-11-23T11:42:51.124+0000] {processor.py:157} INFO - Started process (PID=496) to work on /opt/airflow/dags/first_dag.py
[2023-11-23T11:42:51.124+0000] {processor.py:829} INFO - Processing file /opt/airflow/dags/first_dag.py for tasks to queue
[2023-11-23T11:42:51.125+0000] {logging_mixin.py:154} INFO - [2023-11-23T11:42:51.125+0000] {dagbag.py:536} INFO - Filling up the DagBag from /opt/airflow/dags/first_dag.py
[2023-11-23T11:42:51.422+0000] {logging_mixin.py:154} INFO - All Dag modules are ok ......
[2023-11-23T11:42:51.425+0000] {processor.py:839} INFO - DAG(s) dict_keys(['first_dag']) retrieved from /opt/airflow/dags/first_dag.py
[2023-11-23T11:42:51.435+0000] {logging_mixin.py:154} INFO - [2023-11-23T11:42:51.435+0000] {dag.py:2941} INFO - Sync 1 DAGs
[2023-11-23T11:42:51.449+0000] {logging_mixin.py:154} INFO - [2023-11-23T11:42:51.449+0000] {dag.py:3722} INFO - Setting next_dagrun for first_dag to 2023-11-23T00:00:00+00:00, run_after=2023-11-24T00:00:00+00:00
[2023-11-23T11:42:51.460+0000] {processor.py:179} INFO - Processing /opt/airflow/dags/first_dag.py took 0.339 seconds
[2023-11-23T11:43:21.520+0000] {processor.py:157} INFO - Started process (PID=556) to work on /opt/airflow/dags/first_dag.py
[2023-11-23T11:43:21.520+0000] {processor.py:829} INFO - Processing file /opt/airflow/dags/first_dag.py for tasks to queue
[2023-11-23T11:43:21.521+0000] {logging_mixin.py:154} INFO - [2023-11-23T11:43:21.521+0000] {dagbag.py:536} INFO - Filling up the DagBag from /opt/airflow/dags/first_dag.py
[2023-11-23T11:43:21.820+0000] {logging_mixin.py:154} INFO - All Dag modules are ok ......
[2023-11-23T11:43:21.823+0000] {processor.py:839} INFO - DAG(s) dict_keys(['first_dag']) retrieved from /opt/airflow/dags/first_dag.py
[2023-11-23T11:43:21.833+0000] {logging_mixin.py:154} INFO - [2023-11-23T11:43:21.833+0000] {dag.py:2941} INFO - Sync 1 DAGs
[2023-11-23T11:43:21.849+0000] {logging_mixin.py:154} INFO - [2023-11-23T11:43:21.849+0000] {dag.py:3722} INFO - Setting next_dagrun for first_dag to 2023-11-23T00:00:00+00:00, run_after=2023-11-24T00:00:00+00:00
[2023-11-23T11:43:21.860+0000] {processor.py:179} INFO - Processing /opt/airflow/dags/first_dag.py took 0.342 seconds
[2023-11-23T11:43:51.930+0000] {processor.py:157} INFO - Started process (PID=617) to work on /opt/airflow/dags/first_dag.py
[2023-11-23T11:43:51.931+0000] {processor.py:829} INFO - Processing file /opt/airflow/dags/first_dag.py for tasks to queue
[2023-11-23T11:43:51.932+0000] {logging_mixin.py:154} INFO - [2023-11-23T11:43:51.932+0000] {dagbag.py:536} INFO - Filling up the DagBag from /opt/airflow/dags/first_dag.py
[2023-11-23T11:43:52.227+0000] {logging_mixin.py:154} INFO - All Dag modules are ok ......
[2023-11-23T11:43:52.230+0000] {processor.py:839} INFO - DAG(s) dict_keys(['first_dag']) retrieved from /opt/airflow/dags/first_dag.py
[2023-11-23T11:43:52.240+0000] {logging_mixin.py:154} INFO - [2023-11-23T11:43:52.240+0000] {dag.py:2941} INFO - Sync 1 DAGs
[2023-11-23T11:43:52.255+0000] {logging_mixin.py:154} INFO - [2023-11-23T11:43:52.255+0000] {dag.py:3722} INFO - Setting next_dagrun for first_dag to 2023-11-23T00:00:00+00:00, run_after=2023-11-24T00:00:00+00:00
[2023-11-23T11:43:52.266+0000] {processor.py:179} INFO - Processing /opt/airflow/dags/first_dag.py took 0.338 seconds
[2023-11-23T11:44:22.471+0000] {processor.py:157} INFO - Started process (PID=665) to work on /opt/airflow/dags/first_dag.py
[2023-11-23T11:44:22.471+0000] {processor.py:829} INFO - Processing file /opt/airflow/dags/first_dag.py for tasks to queue
[2023-11-23T11:44:22.472+0000] {logging_mixin.py:154} INFO - [2023-11-23T11:44:22.472+0000] {dagbag.py:536} INFO - Filling up the DagBag from /opt/airflow/dags/first_dag.py
[2023-11-23T11:44:22.762+0000] {logging_mixin.py:154} INFO - All Dag modules are ok ......
[2023-11-23T11:44:22.765+0000] {processor.py:839} INFO - DAG(s) dict_keys(['first_dag']) retrieved from /opt/airflow/dags/first_dag.py
[2023-11-23T11:44:22.774+0000] {logging_mixin.py:154} INFO - [2023-11-23T11:44:22.774+0000] {dag.py:2941} INFO - Sync 1 DAGs
[2023-11-23T11:44:22.788+0000] {logging_mixin.py:154} INFO - [2023-11-23T11:44:22.788+0000] {dag.py:3722} INFO - Setting next_dagrun for first_dag to 2023-11-23T00:00:00+00:00, run_after=2023-11-24T00:00:00+00:00
[2023-11-23T11:44:22.800+0000] {processor.py:179} INFO - Processing /opt/airflow/dags/first_dag.py took 0.331 seconds
[2023-11-23T11:44:53.677+0000] {processor.py:157} INFO - Started process (PID=721) to work on /opt/airflow/dags/first_dag.py
[2023-11-23T11:44:53.678+0000] {processor.py:829} INFO - Processing file /opt/airflow/dags/first_dag.py for tasks to queue
[2023-11-23T11:44:53.679+0000] {logging_mixin.py:154} INFO - [2023-11-23T11:44:53.679+0000] {dagbag.py:536} INFO - Filling up the DagBag from /opt/airflow/dags/first_dag.py
[2023-11-23T11:44:53.972+0000] {logging_mixin.py:154} INFO - All Dag modules are ok ......
[2023-11-23T11:44:53.975+0000] {processor.py:839} INFO - DAG(s) dict_keys(['first_dag']) retrieved from /opt/airflow/dags/first_dag.py
[2023-11-23T11:44:53.985+0000] {logging_mixin.py:154} INFO - [2023-11-23T11:44:53.985+0000] {dag.py:2941} INFO - Sync 1 DAGs
[2023-11-23T11:44:53.999+0000] {logging_mixin.py:154} INFO - [2023-11-23T11:44:53.999+0000] {dag.py:3722} INFO - Setting next_dagrun for first_dag to 2023-11-23T00:00:00+00:00, run_after=2023-11-24T00:00:00+00:00
[2023-11-23T11:44:54.011+0000] {processor.py:179} INFO - Processing /opt/airflow/dags/first_dag.py took 0.335 seconds
[2023-11-23T11:45:24.800+0000] {processor.py:157} INFO - Started process (PID=777) to work on /opt/airflow/dags/first_dag.py
[2023-11-23T11:45:24.800+0000] {processor.py:829} INFO - Processing file /opt/airflow/dags/first_dag.py for tasks to queue
[2023-11-23T11:45:24.801+0000] {logging_mixin.py:154} INFO - [2023-11-23T11:45:24.801+0000] {dagbag.py:536} INFO - Filling up the DagBag from /opt/airflow/dags/first_dag.py
[2023-11-23T11:45:25.113+0000] {logging_mixin.py:154} INFO - All Dag modules are ok ......
[2023-11-23T11:45:25.116+0000] {processor.py:839} INFO - DAG(s) dict_keys(['first_dag']) retrieved from /opt/airflow/dags/first_dag.py
[2023-11-23T11:45:25.126+0000] {logging_mixin.py:154} INFO - [2023-11-23T11:45:25.126+0000] {dag.py:2941} INFO - Sync 1 DAGs
[2023-11-23T11:45:25.141+0000] {logging_mixin.py:154} INFO - [2023-11-23T11:45:25.141+0000] {dag.py:3722} INFO - Setting next_dagrun for first_dag to 2023-11-23T00:00:00+00:00, run_after=2023-11-24T00:00:00+00:00
[2023-11-23T11:45:25.153+0000] {processor.py:179} INFO - Processing /opt/airflow/dags/first_dag.py took 0.355 seconds
[2023-11-23T11:45:55.947+0000] {processor.py:157} INFO - Started process (PID=833) to work on /opt/airflow/dags/first_dag.py
[2023-11-23T11:45:55.948+0000] {processor.py:829} INFO - Processing file /opt/airflow/dags/first_dag.py for tasks to queue
[2023-11-23T11:45:55.949+0000] {logging_mixin.py:154} INFO - [2023-11-23T11:45:55.949+0000] {dagbag.py:536} INFO - Filling up the DagBag from /opt/airflow/dags/first_dag.py
[2023-11-23T11:45:56.251+0000] {logging_mixin.py:154} INFO - All Dag modules are ok ......
[2023-11-23T11:45:56.254+0000] {processor.py:839} INFO - DAG(s) dict_keys(['first_dag']) retrieved from /opt/airflow/dags/first_dag.py
[2023-11-23T11:45:56.264+0000] {logging_mixin.py:154} INFO - [2023-11-23T11:45:56.264+0000] {dag.py:2941} INFO - Sync 1 DAGs
[2023-11-23T11:45:56.279+0000] {logging_mixin.py:154} INFO - [2023-11-23T11:45:56.279+0000] {dag.py:3722} INFO - Setting next_dagrun for first_dag to 2023-11-23T00:00:00+00:00, run_after=2023-11-24T00:00:00+00:00
[2023-11-23T11:45:56.291+0000] {processor.py:179} INFO - Processing /opt/airflow/dags/first_dag.py took 0.346 seconds
[2023-11-23T11:46:27.078+0000] {processor.py:157} INFO - Started process (PID=889) to work on /opt/airflow/dags/first_dag.py
[2023-11-23T11:46:27.079+0000] {processor.py:829} INFO - Processing file /opt/airflow/dags/first_dag.py for tasks to queue
[2023-11-23T11:46:27.080+0000] {logging_mixin.py:154} INFO - [2023-11-23T11:46:27.080+0000] {dagbag.py:536} INFO - Filling up the DagBag from /opt/airflow/dags/first_dag.py
[2023-11-23T11:46:27.395+0000] {logging_mixin.py:154} INFO - All Dag modules are ok ......
[2023-11-23T11:46:27.398+0000] {processor.py:839} INFO - DAG(s) dict_keys(['first_dag']) retrieved from /opt/airflow/dags/first_dag.py
[2023-11-23T11:46:27.408+0000] {logging_mixin.py:154} INFO - [2023-11-23T11:46:27.407+0000] {dag.py:2941} INFO - Sync 1 DAGs
[2023-11-23T11:46:27.422+0000] {logging_mixin.py:154} INFO - [2023-11-23T11:46:27.422+0000] {dag.py:3722} INFO - Setting next_dagrun for first_dag to 2023-11-23T00:00:00+00:00, run_after=2023-11-24T00:00:00+00:00
[2023-11-23T11:46:27.433+0000] {processor.py:179} INFO - Processing /opt/airflow/dags/first_dag.py took 0.357 seconds
[2023-11-23T11:46:58.291+0000] {processor.py:157} INFO - Started process (PID=945) to work on /opt/airflow/dags/first_dag.py
[2023-11-23T11:46:58.292+0000] {processor.py:829} INFO - Processing file /opt/airflow/dags/first_dag.py for tasks to queue
[2023-11-23T11:46:58.293+0000] {logging_mixin.py:154} INFO - [2023-11-23T11:46:58.293+0000] {dagbag.py:536} INFO - Filling up the DagBag from /opt/airflow/dags/first_dag.py
[2023-11-23T11:46:58.591+0000] {logging_mixin.py:154} INFO - All Dag modules are ok ......
[2023-11-23T11:46:58.594+0000] {processor.py:839} INFO - DAG(s) dict_keys(['first_dag']) retrieved from /opt/airflow/dags/first_dag.py
[2023-11-23T11:46:58.605+0000] {logging_mixin.py:154} INFO - [2023-11-23T11:46:58.604+0000] {dag.py:2941} INFO - Sync 1 DAGs
[2023-11-23T11:46:58.620+0000] {logging_mixin.py:154} INFO - [2023-11-23T11:46:58.620+0000] {dag.py:3722} INFO - Setting next_dagrun for first_dag to 2023-11-23T00:00:00+00:00, run_after=2023-11-24T00:00:00+00:00
[2023-11-23T11:46:58.632+0000] {processor.py:179} INFO - Processing /opt/airflow/dags/first_dag.py took 0.343 seconds
[2023-11-23T15:27:48.364+0000] {processor.py:157} INFO - Started process (PID=42) to work on /opt/airflow/dags/first_dag.py
[2023-11-23T15:27:48.371+0000] {processor.py:829} INFO - Processing file /opt/airflow/dags/first_dag.py for tasks to queue
[2023-11-23T15:27:48.372+0000] {logging_mixin.py:154} INFO - [2023-11-23T15:27:48.372+0000] {dagbag.py:536} INFO - Filling up the DagBag from /opt/airflow/dags/first_dag.py
[2023-11-23T15:27:49.208+0000] {logging_mixin.py:154} INFO - All Dag modules are ok ......
[2023-11-23T15:27:49.213+0000] {processor.py:839} INFO - DAG(s) dict_keys(['first_dag']) retrieved from /opt/airflow/dags/first_dag.py
[2023-11-23T15:27:49.346+0000] {logging_mixin.py:154} INFO - [2023-11-23T15:27:49.346+0000] {dag.py:2941} INFO - Sync 1 DAGs
[2023-11-23T15:27:49.360+0000] {logging_mixin.py:154} INFO - [2023-11-23T15:27:49.360+0000] {dag.py:3722} INFO - Setting next_dagrun for first_dag to 2023-11-23T00:00:00+00:00, run_after=2023-11-24T00:00:00+00:00
[2023-11-23T15:27:49.376+0000] {processor.py:179} INFO - Processing /opt/airflow/dags/first_dag.py took 1.013 seconds
[2023-11-23T15:28:19.676+0000] {processor.py:157} INFO - Started process (PID=100) to work on /opt/airflow/dags/first_dag.py
[2023-11-23T15:28:19.677+0000] {processor.py:829} INFO - Processing file /opt/airflow/dags/first_dag.py for tasks to queue
[2023-11-23T15:28:19.678+0000] {logging_mixin.py:154} INFO - [2023-11-23T15:28:19.678+0000] {dagbag.py:536} INFO - Filling up the DagBag from /opt/airflow/dags/first_dag.py
[2023-11-23T15:28:19.961+0000] {logging_mixin.py:154} INFO - All Dag modules are ok ......
[2023-11-23T15:28:19.964+0000] {processor.py:839} INFO - DAG(s) dict_keys(['first_dag']) retrieved from /opt/airflow/dags/first_dag.py
[2023-11-23T15:28:19.973+0000] {logging_mixin.py:154} INFO - [2023-11-23T15:28:19.972+0000] {dag.py:2941} INFO - Sync 1 DAGs
[2023-11-23T15:28:19.986+0000] {logging_mixin.py:154} INFO - [2023-11-23T15:28:19.986+0000] {dag.py:3722} INFO - Setting next_dagrun for first_dag to 2023-11-23T00:00:00+00:00, run_after=2023-11-24T00:00:00+00:00
[2023-11-23T15:28:19.997+0000] {processor.py:179} INFO - Processing /opt/airflow/dags/first_dag.py took 0.323 seconds
[2023-11-23T15:28:50.119+0000] {processor.py:157} INFO - Started process (PID=157) to work on /opt/airflow/dags/first_dag.py
[2023-11-23T15:28:50.120+0000] {processor.py:829} INFO - Processing file /opt/airflow/dags/first_dag.py for tasks to queue
[2023-11-23T15:28:50.121+0000] {logging_mixin.py:154} INFO - [2023-11-23T15:28:50.121+0000] {dagbag.py:536} INFO - Filling up the DagBag from /opt/airflow/dags/first_dag.py
[2023-11-23T15:28:50.420+0000] {logging_mixin.py:154} INFO - All Dag modules are ok ......
[2023-11-23T15:28:50.424+0000] {processor.py:839} INFO - DAG(s) dict_keys(['first_dag']) retrieved from /opt/airflow/dags/first_dag.py
[2023-11-23T15:28:50.436+0000] {logging_mixin.py:154} INFO - [2023-11-23T15:28:50.435+0000] {dag.py:2941} INFO - Sync 1 DAGs
[2023-11-23T15:28:50.450+0000] {logging_mixin.py:154} INFO - [2023-11-23T15:28:50.450+0000] {dag.py:3722} INFO - Setting next_dagrun for first_dag to 2023-11-23T00:00:00+00:00, run_after=2023-11-24T00:00:00+00:00
[2023-11-23T15:28:50.461+0000] {processor.py:179} INFO - Processing /opt/airflow/dags/first_dag.py took 0.344 seconds
[2023-11-23T15:29:20.504+0000] {processor.py:157} INFO - Started process (PID=218) to work on /opt/airflow/dags/first_dag.py
[2023-11-23T15:29:20.504+0000] {processor.py:829} INFO - Processing file /opt/airflow/dags/first_dag.py for tasks to queue
[2023-11-23T15:29:20.505+0000] {logging_mixin.py:154} INFO - [2023-11-23T15:29:20.505+0000] {dagbag.py:536} INFO - Filling up the DagBag from /opt/airflow/dags/first_dag.py
[2023-11-23T15:29:20.808+0000] {logging_mixin.py:154} INFO - All Dag modules are ok ......
[2023-11-23T15:29:20.811+0000] {processor.py:839} INFO - DAG(s) dict_keys(['first_dag']) retrieved from /opt/airflow/dags/first_dag.py
[2023-11-23T15:29:20.821+0000] {logging_mixin.py:154} INFO - [2023-11-23T15:29:20.821+0000] {dag.py:2941} INFO - Sync 1 DAGs
[2023-11-23T15:29:20.836+0000] {logging_mixin.py:154} INFO - [2023-11-23T15:29:20.836+0000] {dag.py:3722} INFO - Setting next_dagrun for first_dag to 2023-11-23T00:00:00+00:00, run_after=2023-11-24T00:00:00+00:00
[2023-11-23T15:29:20.847+0000] {processor.py:179} INFO - Processing /opt/airflow/dags/first_dag.py took 0.345 seconds
[2023-11-23T15:29:50.894+0000] {processor.py:157} INFO - Started process (PID=279) to work on /opt/airflow/dags/first_dag.py
[2023-11-23T15:29:50.895+0000] {processor.py:829} INFO - Processing file /opt/airflow/dags/first_dag.py for tasks to queue
[2023-11-23T15:29:50.896+0000] {logging_mixin.py:154} INFO - [2023-11-23T15:29:50.896+0000] {dagbag.py:536} INFO - Filling up the DagBag from /opt/airflow/dags/first_dag.py
[2023-11-23T15:29:51.202+0000] {logging_mixin.py:154} INFO - All Dag modules are ok ......
[2023-11-23T15:29:51.204+0000] {processor.py:839} INFO - DAG(s) dict_keys(['first_dag']) retrieved from /opt/airflow/dags/first_dag.py
[2023-11-23T15:29:51.216+0000] {logging_mixin.py:154} INFO - [2023-11-23T15:29:51.215+0000] {dag.py:2941} INFO - Sync 1 DAGs
[2023-11-23T15:29:51.230+0000] {logging_mixin.py:154} INFO - [2023-11-23T15:29:51.230+0000] {dag.py:3722} INFO - Setting next_dagrun for first_dag to 2023-11-23T00:00:00+00:00, run_after=2023-11-24T00:00:00+00:00
[2023-11-23T15:29:51.242+0000] {processor.py:179} INFO - Processing /opt/airflow/dags/first_dag.py took 0.349 seconds
[2023-11-23T15:30:21.564+0000] {processor.py:157} INFO - Started process (PID=324) to work on /opt/airflow/dags/first_dag.py
[2023-11-23T15:30:21.564+0000] {processor.py:829} INFO - Processing file /opt/airflow/dags/first_dag.py for tasks to queue
[2023-11-23T15:30:21.565+0000] {logging_mixin.py:154} INFO - [2023-11-23T15:30:21.565+0000] {dagbag.py:536} INFO - Filling up the DagBag from /opt/airflow/dags/first_dag.py
[2023-11-23T15:30:21.842+0000] {logging_mixin.py:154} INFO - All Dag modules are ok ......
[2023-11-23T15:30:21.845+0000] {processor.py:839} INFO - DAG(s) dict_keys(['first_dag']) retrieved from /opt/airflow/dags/first_dag.py
[2023-11-23T15:30:21.855+0000] {logging_mixin.py:154} INFO - [2023-11-23T15:30:21.854+0000] {dag.py:2941} INFO - Sync 1 DAGs
[2023-11-23T15:30:21.870+0000] {logging_mixin.py:154} INFO - [2023-11-23T15:30:21.870+0000] {dag.py:3722} INFO - Setting next_dagrun for first_dag to 2023-11-23T00:00:00+00:00, run_after=2023-11-24T00:00:00+00:00
[2023-11-23T15:30:21.881+0000] {processor.py:179} INFO - Processing /opt/airflow/dags/first_dag.py took 0.318 seconds
[2023-11-23T15:30:52.238+0000] {processor.py:157} INFO - Started process (PID=380) to work on /opt/airflow/dags/first_dag.py
[2023-11-23T15:30:52.239+0000] {processor.py:829} INFO - Processing file /opt/airflow/dags/first_dag.py for tasks to queue
[2023-11-23T15:30:52.240+0000] {logging_mixin.py:154} INFO - [2023-11-23T15:30:52.240+0000] {dagbag.py:536} INFO - Filling up the DagBag from /opt/airflow/dags/first_dag.py
[2023-11-23T15:30:52.552+0000] {logging_mixin.py:154} INFO - All Dag modules are ok ......
[2023-11-23T15:30:52.555+0000] {processor.py:839} INFO - DAG(s) dict_keys(['first_dag']) retrieved from /opt/airflow/dags/first_dag.py
[2023-11-23T15:30:52.565+0000] {logging_mixin.py:154} INFO - [2023-11-23T15:30:52.565+0000] {dag.py:2941} INFO - Sync 1 DAGs
[2023-11-23T15:30:52.580+0000] {logging_mixin.py:154} INFO - [2023-11-23T15:30:52.580+0000] {dag.py:3722} INFO - Setting next_dagrun for first_dag to 2023-11-23T00:00:00+00:00, run_after=2023-11-24T00:00:00+00:00
[2023-11-23T15:30:52.591+0000] {processor.py:179} INFO - Processing /opt/airflow/dags/first_dag.py took 0.355 seconds
[2023-11-23T15:31:23.441+0000] {processor.py:157} INFO - Started process (PID=436) to work on /opt/airflow/dags/first_dag.py
[2023-11-23T15:31:23.442+0000] {processor.py:829} INFO - Processing file /opt/airflow/dags/first_dag.py for tasks to queue
[2023-11-23T15:31:23.443+0000] {logging_mixin.py:154} INFO - [2023-11-23T15:31:23.443+0000] {dagbag.py:536} INFO - Filling up the DagBag from /opt/airflow/dags/first_dag.py
[2023-11-23T15:31:23.747+0000] {logging_mixin.py:154} INFO - All Dag modules are ok ......
[2023-11-23T15:31:23.750+0000] {processor.py:839} INFO - DAG(s) dict_keys(['first_dag']) retrieved from /opt/airflow/dags/first_dag.py
[2023-11-23T15:31:23.760+0000] {logging_mixin.py:154} INFO - [2023-11-23T15:31:23.759+0000] {dag.py:2941} INFO - Sync 1 DAGs
[2023-11-23T15:31:23.773+0000] {logging_mixin.py:154} INFO - [2023-11-23T15:31:23.773+0000] {dag.py:3722} INFO - Setting next_dagrun for first_dag to 2023-11-23T00:00:00+00:00, run_after=2023-11-24T00:00:00+00:00
[2023-11-23T15:31:23.784+0000] {processor.py:179} INFO - Processing /opt/airflow/dags/first_dag.py took 0.344 seconds
[2023-11-23T15:31:54.586+0000] {processor.py:157} INFO - Started process (PID=492) to work on /opt/airflow/dags/first_dag.py
[2023-11-23T15:31:54.586+0000] {processor.py:829} INFO - Processing file /opt/airflow/dags/first_dag.py for tasks to queue
[2023-11-23T15:31:54.588+0000] {logging_mixin.py:154} INFO - [2023-11-23T15:31:54.587+0000] {dagbag.py:536} INFO - Filling up the DagBag from /opt/airflow/dags/first_dag.py
[2023-11-23T15:31:54.884+0000] {logging_mixin.py:154} INFO - All Dag modules are ok ......
[2023-11-23T15:31:54.887+0000] {processor.py:839} INFO - DAG(s) dict_keys(['first_dag']) retrieved from /opt/airflow/dags/first_dag.py
[2023-11-23T15:31:54.898+0000] {logging_mixin.py:154} INFO - [2023-11-23T15:31:54.897+0000] {dag.py:2941} INFO - Sync 1 DAGs
[2023-11-23T15:31:54.912+0000] {logging_mixin.py:154} INFO - [2023-11-23T15:31:54.911+0000] {dag.py:3722} INFO - Setting next_dagrun for first_dag to 2023-11-23T00:00:00+00:00, run_after=2023-11-24T00:00:00+00:00
[2023-11-23T15:31:54.922+0000] {processor.py:179} INFO - Processing /opt/airflow/dags/first_dag.py took 0.338 seconds
[2023-11-23T15:32:25.361+0000] {processor.py:157} INFO - Started process (PID=548) to work on /opt/airflow/dags/first_dag.py
[2023-11-23T15:32:25.362+0000] {processor.py:829} INFO - Processing file /opt/airflow/dags/first_dag.py for tasks to queue
[2023-11-23T15:32:25.363+0000] {logging_mixin.py:154} INFO - [2023-11-23T15:32:25.362+0000] {dagbag.py:536} INFO - Filling up the DagBag from /opt/airflow/dags/first_dag.py
[2023-11-23T15:32:25.668+0000] {logging_mixin.py:154} INFO - All Dag modules are ok ......
[2023-11-23T15:32:25.672+0000] {processor.py:839} INFO - DAG(s) dict_keys(['first_dag']) retrieved from /opt/airflow/dags/first_dag.py
[2023-11-23T15:32:25.684+0000] {logging_mixin.py:154} INFO - [2023-11-23T15:32:25.684+0000] {dag.py:2941} INFO - Sync 1 DAGs
[2023-11-23T15:32:25.702+0000] {logging_mixin.py:154} INFO - [2023-11-23T15:32:25.702+0000] {dag.py:3722} INFO - Setting next_dagrun for first_dag to 2023-11-23T00:00:00+00:00, run_after=2023-11-24T00:00:00+00:00
[2023-11-23T15:32:25.716+0000] {processor.py:179} INFO - Processing /opt/airflow/dags/first_dag.py took 0.357 seconds
[2023-11-23T15:32:56.565+0000] {processor.py:157} INFO - Started process (PID=604) to work on /opt/airflow/dags/first_dag.py
[2023-11-23T15:32:56.566+0000] {processor.py:829} INFO - Processing file /opt/airflow/dags/first_dag.py for tasks to queue
[2023-11-23T15:32:56.567+0000] {logging_mixin.py:154} INFO - [2023-11-23T15:32:56.567+0000] {dagbag.py:536} INFO - Filling up the DagBag from /opt/airflow/dags/first_dag.py
[2023-11-23T15:32:56.857+0000] {logging_mixin.py:154} INFO - All Dag modules are ok ......
[2023-11-23T15:32:56.860+0000] {processor.py:839} INFO - DAG(s) dict_keys(['first_dag']) retrieved from /opt/airflow/dags/first_dag.py
[2023-11-23T15:32:56.870+0000] {logging_mixin.py:154} INFO - [2023-11-23T15:32:56.870+0000] {dag.py:2941} INFO - Sync 1 DAGs
[2023-11-23T15:32:56.885+0000] {logging_mixin.py:154} INFO - [2023-11-23T15:32:56.885+0000] {dag.py:3722} INFO - Setting next_dagrun for first_dag to 2023-11-23T00:00:00+00:00, run_after=2023-11-24T00:00:00+00:00
[2023-11-23T15:32:56.897+0000] {processor.py:179} INFO - Processing /opt/airflow/dags/first_dag.py took 0.333 seconds
